--------------------------------------
File: /home/xx/CRYPTOREX/crypto-detectors-evaluation-artifacts/experiment/cryptorex-exp/CryptoREX/tmp/extract/mwe_mips.bin/_mwe_mips.bin.extracted/squashfs-root/crypt
Rule: Rule-1. Do not use constant salts for password-based encryption (PBE)
Function name: crypt (0x0)
Data: XX
Path: ['0x400730']
Count: 1
Call stack:
-> test_crypt (0x400730)
--------------------------------------
--------------------------------------
File: /home/xx/CRYPTOREX/crypto-detectors-evaluation-artifacts/experiment/cryptorex-exp/CryptoREX/tmp/extract/mwe_mips.bin/_mwe_mips.bin.extracted/squashfs-root/test_scenario
Rule: Rule-1. Do not use constant salts for password-based encryption (PBE)
Function name: EVP_BytesToKey (0x0)
Data: "salt"<0>
Path: ['0x400838']
Count: 1
Call stack:
--------------------------------------
--------------------------------------
File: /home/xx/CRYPTOREX/crypto-detectors-evaluation-artifacts/experiment/cryptorex-exp/CryptoREX/tmp/extract/mwe_arm.bin/_mwe_arm.bin.extracted/squashfs-root/crypt
Rule: Rule-1. Do not use constant salts for password-based encryption (PBE)
Function name: crypt (0x40054a)
Data: XX
Path: ['0x400543']
Count: 1
Call stack:
-> sub_400543 (0x400543)
--------------------------------------
--------------------------------------
File: /home/xx/CRYPTOREX/crypto-detectors-evaluation-artifacts/experiment/cryptorex-exp/CryptoREX/tmp/extract/mwe_arm.bin/_mwe_arm.bin.extracted/squashfs-root/crypt
Rule: Rule-1. Do not use constant salts for password-based encryption (PBE)
Function name: crypt (0x40054a)
Data: XX
Path: ['0x400545']
Count: 1
Call stack:
-> test_crypt (0x400545)
--------------------------------------
--------------------------------------
File: /home/xx/CRYPTOREX/crypto-detectors-evaluation-artifacts/experiment/cryptorex-exp/CryptoREX/tmp/extract/mwe_arm.bin/_mwe_arm.bin.extracted/squashfs-root/test_scenario
Rule: Rule-1. Do not use constant salts for password-based encryption (PBE)
Function name: EVP_BytesToKey (0x400656)
Data: "salt"
Path: ['0x40063f']
Count: 1
Call stack:
--------------------------------------
