0    [main] WARN  pes.access.impl.DeclaredTypeFactory  - --- xtext.common.types ---------------------------------------------------
1    [main] WARN  pes.access.impl.DeclaredTypeFactory  - ASM library is too old. Falling back to java.lang.reflect API.
1    [main] WARN  pes.access.impl.DeclaredTypeFactory  - Please note that no information about compile time constants is available.
1    [main] WARN  pes.access.impl.DeclaredTypeFactory  - It's recommended to use org.objectweb.asm 9.1.0 or better (Maven group id: org.ow2.asm).
1    [main] WARN  pes.access.impl.DeclaredTypeFactory  - --------------------------------------------------------------------------
Ruleset: 
	java.security.cert.TrustAnchor
	javax.crypto.spec.GCMParameterSpec
	javax.xml.crypto.dsig.spec.HMACParameterSpec
	java.security.KeyPair
	java.security.DigestOutputStream
	javax.net.ssl.KeyStoreBuilderParameters
	javax.crypto.spec.OAEPParameterSpec
	javax.net.ssl.SSLContext
	javax.crypto.spec.DHGenParameterSpec
	javax.crypto.CipherOutputStream
	java.security.Key
	javax.crypto.SecretKeyFactory
	java.security.cert.PKIXBuilderParameters
	java.security.KeyFactory
	javax.crypto.spec.PBEKeySpec
	java.security.spec.DSAGenParameterSpec
	java.security.KeyPairGenerator
	javax.crypto.CipherInputStream
	javax.net.ssl.CertPathTrustManagerParameters
	java.security.cert.CertificateFactory
	java.security.SecureRandom
	java.security.spec.MGF1ParameterSpec
	javax.net.ssl.SSLEngine
	javax.crypto.spec.DHParameterSpec
	java.security.spec.DSAParameterSpec
	java.security.spec.ECParameterSpec
	java.security.spec.RSAKeyGenParameterSpec
	javax.crypto.spec.IvParameterSpec
	javax.crypto.Cipher
	javax.crypto.spec.PBEParameterSpec
	java.security.AlgorithmParameterGenerator
	java.security.spec.X509EncodedKeySpec
	javax.net.ssl.TrustManagerFactory
	java.security.DigestInputStream
	void
	javax.net.ssl.KeyManagerFactory
	java.security.cert.PKIXParameters
	java.net.PasswordAuthentication
	java.security.AlgorithmParameters
	javax.crypto.KeyAgreement
	javax.crypto.spec.SecretKeySpec
	javax.net.ssl.SSLParameters
	java.security.MessageDigest
	javax.crypto.SecretKey
	javax.crypto.KeyGenerator
	java.security.KeyStore
	javax.crypto.Mac
	java.security.spec.ECGenParameterSpec
	java.security.Signature

Analyzed Objects: 
	Object:
		Variable: $r16
		Type: javax.net.ssl.TrustManager[]
		Statement: $r16 = virtualinvoke $r15.<javax.net.ssl.TrustManagerFactory: javax.net.ssl.TrustManager[] getTrustManagers()>()
		Method: <e.w: void <init>(e.w$b)>
		SHA-256: 952c515c3d38b0672e0c812925f29357289b164798b1c6c2f2d168fa2e47338c
		Secure: false
	Object:
		Variable: $r4
		Type: javax.net.ssl.SSLContext
		Statement: $r4 = staticinvoke <javax.net.ssl.SSLContext: javax.net.ssl.SSLContext getInstance(java.lang.String)>(varReplacer12916)
		Method: <e.h0.i.f: javax.net.ssl.SSLContext h()>
		SHA-256: 6175a5031aeb3ab104d5cd987c5d45c7ddfc6d0f958f27df9914b0d6f3e7dedc
		Secure: false
	Object:
		Variable: $r3
		Type: byte[]
		Statement: $r3 = virtualinvoke $r2.<java.security.MessageDigest: byte[] digest(byte[])>($r3)
		Method: <f.h: f.h e(java.lang.String)>
		SHA-256: 300139f5a2e4da5d94b2d2bb180cabc9f3d13f865a686cf9b8441d5a01cdd020
		Secure: false
	Object:
		Variable: $r3
		Type: javax.net.ssl.SSLContext
		Statement: $r3 = staticinvoke <javax.net.ssl.SSLContext: javax.net.ssl.SSLContext getInstance(java.lang.String)>(varReplacer12920)
		Method: <e.h0.i.a: javax.net.ssl.SSLContext h()>
		SHA-256: 210b61a936f1ae19dda40b3cde36ea489b05c2338737510f4b5fe5a868a5d78b
		Secure: false
	Object:
		Variable: $r4
		Type: javax.net.ssl.SSLContext
		Statement: $r4 = staticinvoke <javax.net.ssl.SSLContext: javax.net.ssl.SSLContext getInstance(java.lang.String)>(varReplacer12919)
		Method: <e.h0.i.f: javax.net.ssl.SSLContext h()>
		SHA-256: b07bc3f6a63452f5373a16a27eb20fcad6824734d7e99c80ce59e9c97df939d1
		Secure: false
	Object:
		Variable: $r7
		Type: byte[]
		Statement: $r7 = virtualinvoke $r5.<java.security.MessageDigest: byte[] digest()>()
		Method: <d.b.a.k$a: java.lang.String a(java.lang.String)>
		SHA-256: a733a78f0f29bbfed48755bf5f433cb2092ec27efca4202609373a601f9b0130
		Secure: false
	Object:
		Variable: $r3
		Type: javax.net.ssl.SSLContext
		Statement: $r3 = staticinvoke <javax.net.ssl.SSLContext: javax.net.ssl.SSLContext getInstance(java.lang.String,java.security.Provider)>(varReplacer12914, $r2)
		Method: <e.h0.i.b: javax.net.ssl.SSLContext h()>
		SHA-256: dc49be1382d07d968d0f37d9aa5b8be5b900d70b1dffa44640b8655c9377613e
		Secure: false
	Object:
		Variable: $r2
		Type: java.security.MessageDigest
		Statement: $r2 = staticinvoke <java.security.MessageDigest: java.security.MessageDigest getInstance(java.lang.String)>($r1)
		Method: <f.h: f.h e(java.lang.String)>
		SHA-256: 88f865924c4b01128fa65698b555476db3c8bf0708d7231c4ba86b772775ac36
		Secure: false
	Object:
		Variable: $r15
		Type: javax.net.ssl.TrustManagerFactory
		Statement: $r15 = staticinvoke <javax.net.ssl.TrustManagerFactory: javax.net.ssl.TrustManagerFactory getInstance(java.lang.String)>($r14)
		Method: <e.w: void <init>(e.w$b)>
		SHA-256: aadc5208f5997266d87284062d03581dd93aa32a5aa8715d8bfba23975794c9c
		Secure: false
	Object:
		Variable: $r3
		Type: javax.net.ssl.SSLContext
		Statement: $r3 = staticinvoke <javax.net.ssl.SSLContext: javax.net.ssl.SSLContext getInstance(java.lang.String,java.security.Provider)>(varReplacer12915, $r2)
		Method: <e.h0.i.b: javax.net.ssl.SSLContext h()>
		SHA-256: c912aa390529501d48793858b15219400486207da57834939b876810e722852c
		Secure: false
	Object:
		Variable: $r5
		Type: java.security.MessageDigest
		Statement: $r5 = staticinvoke <java.security.MessageDigest: java.security.MessageDigest getInstance(java.lang.String)>(varReplacer8294)
		Method: <d.b.a.k$a: java.lang.String a(java.lang.String)>
		SHA-256: ccc52df9d273cc96a8b3eef55316016642f3a339da0d87cc98f75859de4da450
		Secure: false
	Object:
		Variable: $r3
		Type: javax.net.ssl.SSLContext
		Statement: $r3 = staticinvoke <javax.net.ssl.SSLContext: javax.net.ssl.SSLContext getInstance(java.lang.String)>(varReplacer12921)
		Method: <e.h0.i.a: javax.net.ssl.SSLContext h()>
		SHA-256: 109c5e61eb168fda39b14df1904d6ca0c55cd982d30d67016e9163f8c1c7a91b
		Secure: false

Findings in Java Class: d.b.a.k$a

	 in Method: java.lang.String a(java.lang.String)
		ConstraintError violating CrySL rule for java.security.MessageDigest (on Object #ccc52df9d273cc96a8b3eef55316016642f3a339da0d87cc98f75859de4da450)
			First parameter (with value "MD5") should be any of {SHA-256, SHA-384, SHA-512}
			at statement: $r5 = staticinvoke <java.security.MessageDigest: java.security.MessageDigest getInstance(java.lang.String)>(varReplacer8294)

		TypestateError violating CrySL rule for java.security.MessageDigest (on Object #ccc52df9d273cc96a8b3eef55316016642f3a339da0d87cc98f75859de4da450)
			Unexpected call to method <java.security.MessageDigest: byte[] digest()> on object of type java.security.MessageDigest. Expect a call to one of the following methods java.security.MessageDigest: void update(byte[],int,int),java.security.MessageDigest: void update(java.nio.ByteBuffer),java.security.MessageDigest: byte[] digest(byte[]),java.security.MessageDigest: void update(byte),java.security.MessageDigest: void update(byte[])
			at statement: $r7 = virtualinvoke $r5.<java.security.MessageDigest: byte[] digest()>()


Findings in Java Class: e.h0.i.b

	 in Method: javax.net.ssl.SSLContext h()
		ConstraintError violating CrySL rule for javax.net.ssl.SSLContext (on Object #dc49be1382d07d968d0f37d9aa5b8be5b900d70b1dffa44640b8655c9377613e)
			First parameter (with value "TLS") should be any of {TLSv1.2, TLSv1.3}
			at statement: $r3 = staticinvoke <javax.net.ssl.SSLContext: javax.net.ssl.SSLContext getInstance(java.lang.String,java.security.Provider)>(varReplacer12914, $r2)


Findings in Java Class: e.h0.i.f

	 in Method: javax.net.ssl.SSLContext h()
		ConstraintError violating CrySL rule for javax.net.ssl.SSLContext (on Object #b07bc3f6a63452f5373a16a27eb20fcad6824734d7e99c80ce59e9c97df939d1)
			First parameter (with value "TLS") should be any of {TLSv1.2, TLSv1.3}
			at statement: $r4 = staticinvoke <javax.net.ssl.SSLContext: javax.net.ssl.SSLContext getInstance(java.lang.String)>(varReplacer12919)


Findings in Java Class: e.h0.i.a

	 in Method: javax.net.ssl.SSLContext h()
		ConstraintError violating CrySL rule for javax.net.ssl.SSLContext (on Object #109c5e61eb168fda39b14df1904d6ca0c55cd982d30d67016e9163f8c1c7a91b)
			First parameter (with value "TLS") should be any of {TLSv1.2, TLSv1.3}
			at statement: $r3 = staticinvoke <javax.net.ssl.SSLContext: javax.net.ssl.SSLContext getInstance(java.lang.String)>(varReplacer12921)


Findings in Java Class: f.h

	 in Method: f.h e(java.lang.String)
		ConstraintError violating CrySL rule for java.security.MessageDigest (on Object #88f865924c4b01128fa65698b555476db3c8bf0708d7231c4ba86b772775ac36)
			First parameter (with value "SHA-1") should be any of {SHA-256, SHA-384, SHA-512}
			at statement: $r2 = staticinvoke <java.security.MessageDigest: java.security.MessageDigest getInstance(java.lang.String)>($r1)


Findings in Java Class: e.w

	 in Method: void <init>(e.w$b)
		RequiredPredicateError violating CrySL rule for javax.net.ssl.SSLContext
			First parameter was not properly generated as generatedKeyManagers
			at statement: virtualinvoke $r20.<javax.net.ssl.SSLContext: void init(javax.net.ssl.KeyManager[],javax.net.ssl.TrustManager[],java.security.SecureRandom)>(varReplacer10242, $r16, varReplacer10242)

		RequiredPredicateError violating CrySL rule for javax.net.ssl.TrustManagerFactory
			First parameter was not properly generated as generatedKeyStore
			at statement: virtualinvoke $r15.<javax.net.ssl.TrustManagerFactory: void init(java.security.KeyStore)>(varReplacer10239)

		RequiredPredicateError violating CrySL rule for javax.net.ssl.SSLContext
			Second parameter was not properly generated as generatedTrustManagers
			at statement: virtualinvoke $r20.<javax.net.ssl.SSLContext: void init(javax.net.ssl.KeyManager[],javax.net.ssl.TrustManager[],java.security.SecureRandom)>(varReplacer10242, $r16, varReplacer10242)

		RequiredPredicateError violating CrySL rule for javax.net.ssl.SSLContext
			Third parameter was not properly generated as randomized
			at statement: virtualinvoke $r20.<javax.net.ssl.SSLContext: void init(javax.net.ssl.KeyManager[],javax.net.ssl.TrustManager[],java.security.SecureRandom)>(varReplacer10242, $r16, varReplacer10242)


======================= CryptoAnalysis Summary ==========================
	Number of CrySL rules: 49
	Number of Objects Analyzed: 12

	CryptoAnalysis found the following violations. For details see description above.
	RequiredPredicateError: 4
	ConstraintError: 5
	TypestateError: 1
=====================================================================
