0    [main] WARN  pes.access.impl.DeclaredTypeFactory  - --- xtext.common.types ---------------------------------------------------
1    [main] WARN  pes.access.impl.DeclaredTypeFactory  - ASM library is too old. Falling back to java.lang.reflect API.
1    [main] WARN  pes.access.impl.DeclaredTypeFactory  - Please note that no information about compile time constants is available.
1    [main] WARN  pes.access.impl.DeclaredTypeFactory  - It's recommended to use org.objectweb.asm 9.1.0 or better (Maven group id: org.ow2.asm).
1    [main] WARN  pes.access.impl.DeclaredTypeFactory  - --------------------------------------------------------------------------
Ruleset: 
	java.security.cert.TrustAnchor
	javax.crypto.spec.GCMParameterSpec
	javax.xml.crypto.dsig.spec.HMACParameterSpec
	java.security.KeyPair
	java.security.DigestOutputStream
	javax.net.ssl.KeyStoreBuilderParameters
	javax.crypto.spec.OAEPParameterSpec
	javax.net.ssl.SSLContext
	javax.crypto.spec.DHGenParameterSpec
	javax.crypto.CipherOutputStream
	java.security.Key
	javax.crypto.SecretKeyFactory
	java.security.cert.PKIXBuilderParameters
	java.security.KeyFactory
	javax.crypto.spec.PBEKeySpec
	java.security.spec.DSAGenParameterSpec
	java.security.KeyPairGenerator
	javax.crypto.CipherInputStream
	javax.net.ssl.CertPathTrustManagerParameters
	java.security.cert.CertificateFactory
	java.security.SecureRandom
	java.security.spec.MGF1ParameterSpec
	javax.net.ssl.SSLEngine
	javax.crypto.spec.DHParameterSpec
	java.security.spec.DSAParameterSpec
	java.security.spec.ECParameterSpec
	java.security.spec.RSAKeyGenParameterSpec
	javax.crypto.spec.IvParameterSpec
	javax.crypto.Cipher
	javax.crypto.spec.PBEParameterSpec
	java.security.AlgorithmParameterGenerator
	java.security.spec.X509EncodedKeySpec
	javax.net.ssl.TrustManagerFactory
	java.security.DigestInputStream
	void
	javax.net.ssl.KeyManagerFactory
	java.security.cert.PKIXParameters
	java.net.PasswordAuthentication
	java.security.AlgorithmParameters
	javax.crypto.KeyAgreement
	javax.crypto.spec.SecretKeySpec
	javax.net.ssl.SSLParameters
	java.security.MessageDigest
	javax.crypto.SecretKey
	javax.crypto.KeyGenerator
	java.security.KeyStore
	javax.crypto.Mac
	java.security.spec.ECGenParameterSpec
	java.security.Signature

Analyzed Objects: 
	Object:
		Variable: $r15
		Type: javax.net.ssl.TrustManager[]
		Statement: $r15 = virtualinvoke $r14.<javax.net.ssl.TrustManagerFactory: javax.net.ssl.TrustManager[] getTrustManagers()>()
		Method: <n.v: void <init>(n.v$b)>
		SHA-256: a44df960b77e920dae5374553134d1f35cd72dffccaff340a9af6d4b99e31409
		Secure: false
	Object:
		Variable: $r3
		Type: javax.net.ssl.SSLContext
		Statement: $r3 = staticinvoke <javax.net.ssl.SSLContext: javax.net.ssl.SSLContext getInstance(java.lang.String,java.security.Provider)>(varReplacer13154, $r2)
		Method: <n.g0.k.c: javax.net.ssl.SSLContext h()>
		SHA-256: ba74c756d37edcf3d2e31ac50d2c9ff6024c7b2d92bcf747d45cdf42ceda7128
		Secure: false
	Object:
		Variable: $r2
		Type: java.security.MessageDigest
		Statement: $r2 = staticinvoke <java.security.MessageDigest: java.security.MessageDigest getInstance(java.lang.String)>($r1)
		Method: <o.y: o.j d(java.lang.String)>
		SHA-256: 24718cc59b578818384be85e7dc27081ca21dc2d59361955e5e4e72ea467ca60
		Secure: false
	Object:
		Variable: $r1
		Type: java.security.MessageDigest
		Statement: $r1 = staticinvoke <java.security.MessageDigest: java.security.MessageDigest getInstance(java.lang.String)>(varReplacer29703)
		Method: <o.g: o.j p()>
		SHA-256: 2d6795f9de8c5da2610ed0b6749156553e2209f6b7cf26d1202eb468132bb078
		Secure: false
	Object:
		Variable: $r5
		Type: byte[]
		Statement: $r5 = virtualinvoke $r2.<java.security.MessageDigest: byte[] digest()>()
		Method: <o.y: o.j d(java.lang.String)>
		SHA-256: 8c033c222cdd100e5745184dd83352a596bd05bd2c86a673967ee58457c49cd2
		Secure: false
	Object:
		Variable: $r4
		Type: javax.net.ssl.SSLContext
		Statement: $r4 = staticinvoke <javax.net.ssl.SSLContext: javax.net.ssl.SSLContext getInstance(java.lang.String)>(varReplacer13146)
		Method: <n.g0.k.g: javax.net.ssl.SSLContext h()>
		SHA-256: e280596e47ef9b3079c86791f5f69031eaecbd9664fe1ac20c9906ac29c8a90d
		Secure: false
	Object:
		Variable: $r14
		Type: javax.net.ssl.TrustManagerFactory
		Statement: $r14 = staticinvoke <javax.net.ssl.TrustManagerFactory: javax.net.ssl.TrustManagerFactory getInstance(java.lang.String)>($r13)
		Method: <n.v: void <init>(n.v$b)>
		SHA-256: 9d5035f4201c9efe11985744f1349b73c3e20d14f13f1f5460b06461d43f9267
		Secure: false
	Object:
		Variable: $r2
		Type: java.security.MessageDigest
		Statement: $r2 = staticinvoke <java.security.MessageDigest: java.security.MessageDigest getInstance(java.lang.String)>($r1)
		Method: <o.j: o.j d(java.lang.String)>
		SHA-256: 4d27b5986152e13bbe93aa1ffdd8d63789195f5d951994726c6b735bb001e636
		Secure: false
	Object:
		Variable: $r3
		Type: byte[]
		Statement: $r3 = virtualinvoke $r2.<java.security.MessageDigest: byte[] digest()>()
		Method: <o.j: o.j d(java.lang.String)>
		SHA-256: f5b6e3732bb2e84bc1fd2f9501b4a97935ded60cc8aee582a2b21b2dbbe3f9ba
		Secure: false
	Object:
		Variable: $r3
		Type: javax.net.ssl.SSLContext
		Statement: $r3 = staticinvoke <javax.net.ssl.SSLContext: javax.net.ssl.SSLContext getInstance(java.lang.String)>(varReplacer13152)
		Method: <n.g0.k.b: javax.net.ssl.SSLContext h()>
		SHA-256: 2aee01a2ca7d386072d726ba74411c7d67d4784d1ee9c4254d3381a96e2ed5c
		Secure: false
	Object:
		Variable: $r3
		Type: javax.net.ssl.SSLContext
		Statement: $r3 = staticinvoke <javax.net.ssl.SSLContext: javax.net.ssl.SSLContext getInstance(java.lang.String)>(varReplacer13150)
		Method: <n.g0.k.b: javax.net.ssl.SSLContext h()>
		SHA-256: 439578a9654ff2b54e8d9d79182216083d290e566633e41ea9165ce5424a6b45
		Secure: false
	Object:
		Variable: $r4
		Type: javax.net.ssl.SSLContext
		Statement: $r4 = staticinvoke <javax.net.ssl.SSLContext: javax.net.ssl.SSLContext getInstance(java.lang.String)>(varReplacer13148)
		Method: <n.g0.k.g: javax.net.ssl.SSLContext h()>
		SHA-256: 91c9b2e7f4237f765bfafa3271b9af03159166eb80de7eaebe4523c949d750e0
		Secure: false
	Object:
		Variable: $r3
		Type: javax.net.ssl.SSLContext
		Statement: $r3 = staticinvoke <javax.net.ssl.SSLContext: javax.net.ssl.SSLContext getInstance(java.lang.String,java.security.Provider)>(varReplacer13153, $r2)
		Method: <n.g0.k.c: javax.net.ssl.SSLContext h()>
		SHA-256: f314bccc4950c02da13ef71f4227c1950f0a4be363b1efd11d238a072e00218c
		Secure: false
	Object:
		Variable: $r3
		Type: byte[]
		Statement: $r3 = virtualinvoke $r1.<java.security.MessageDigest: byte[] digest()>()
		Method: <o.g: o.j p()>
		SHA-256: 9e9f4f1789b7602e17ab470e6109ea1b04c3d72adc31e723eaa6bd866c2adbf8
		Secure: false
	Object:
		Variable: $r5
		Type: java.security.cert.CertificateFactory
		Statement: $r5 = staticinvoke <java.security.cert.CertificateFactory: java.security.cert.CertificateFactory getInstance(java.lang.String)>(varReplacer36023)
		Method: <n.c$d: java.util.List a(o.i)>
		SHA-256: 3deae0865116134cb5c3f267b5c75e85048275ba94100e6f7637f30546cefc67
		Secure: false

Findings in Java Class: n.g0.k.g

	 in Method: javax.net.ssl.SSLContext h()
		ConstraintError violating CrySL rule for javax.net.ssl.SSLContext (on Object #91c9b2e7f4237f765bfafa3271b9af03159166eb80de7eaebe4523c949d750e0)
			First parameter (with value "TLS") should be any of {TLSv1.2, TLSv1.3}
			at statement: $r4 = staticinvoke <javax.net.ssl.SSLContext: javax.net.ssl.SSLContext getInstance(java.lang.String)>(varReplacer13148)


Findings in Java Class: n.g0.k.b

	 in Method: javax.net.ssl.SSLContext h()
		ConstraintError violating CrySL rule for javax.net.ssl.SSLContext (on Object #439578a9654ff2b54e8d9d79182216083d290e566633e41ea9165ce5424a6b45)
			First parameter (with value "TLS") should be any of {TLSv1.2, TLSv1.3}
			at statement: $r3 = staticinvoke <javax.net.ssl.SSLContext: javax.net.ssl.SSLContext getInstance(java.lang.String)>(varReplacer13150)


Findings in Java Class: n.g0.k.c

	 in Method: javax.net.ssl.SSLContext h()
		ConstraintError violating CrySL rule for javax.net.ssl.SSLContext (on Object #ba74c756d37edcf3d2e31ac50d2c9ff6024c7b2d92bcf747d45cdf42ceda7128)
			First parameter (with value "TLS") should be any of {TLSv1.2, TLSv1.3}
			at statement: $r3 = staticinvoke <javax.net.ssl.SSLContext: javax.net.ssl.SSLContext getInstance(java.lang.String,java.security.Provider)>(varReplacer13154, $r2)


Findings in Java Class: o.g

	 in Method: o.j p()
		ConstraintError violating CrySL rule for java.security.MessageDigest (on Object #2d6795f9de8c5da2610ed0b6749156553e2209f6b7cf26d1202eb468132bb078)
			First parameter (with value "MD5") should be any of {SHA-256, SHA-384, SHA-512}
			at statement: $r1 = staticinvoke <java.security.MessageDigest: java.security.MessageDigest getInstance(java.lang.String)>(varReplacer29703)

		TypestateError violating CrySL rule for java.security.MessageDigest (on Object #2d6795f9de8c5da2610ed0b6749156553e2209f6b7cf26d1202eb468132bb078)
			Unexpected call to method <java.security.MessageDigest: byte[] digest()> on object of type java.security.MessageDigest. Expect a call to one of the following methods java.security.MessageDigest: void update(byte[],int,int),java.security.MessageDigest: void update(java.nio.ByteBuffer),java.security.MessageDigest: byte[] digest(byte[]),java.security.MessageDigest: void update(byte),java.security.MessageDigest: void update(byte[])
			at statement: $r3 = virtualinvoke $r1.<java.security.MessageDigest: byte[] digest()>()


Findings in Java Class: o.j

	 in Method: o.j d(java.lang.String)
		ConstraintError violating CrySL rule for java.security.MessageDigest (on Object #4d27b5986152e13bbe93aa1ffdd8d63789195f5d951994726c6b735bb001e636)
			First parameter (with value "MD5") should be any of {SHA-256, SHA-384, SHA-512}
			at statement: $r2 = staticinvoke <java.security.MessageDigest: java.security.MessageDigest getInstance(java.lang.String)>($r1)


Findings in Java Class: o.y

	 in Method: o.j d(java.lang.String)
		ConstraintError violating CrySL rule for java.security.MessageDigest (on Object #24718cc59b578818384be85e7dc27081ca21dc2d59361955e5e4e72ea467ca60)
			First parameter (with value "MD5") should be any of {SHA-256, SHA-384, SHA-512}
			at statement: $r2 = staticinvoke <java.security.MessageDigest: java.security.MessageDigest getInstance(java.lang.String)>($r1)

		TypestateError violating CrySL rule for java.security.MessageDigest (on Object #24718cc59b578818384be85e7dc27081ca21dc2d59361955e5e4e72ea467ca60)
			Unexpected call to method <java.security.MessageDigest: byte[] digest()> on object of type java.security.MessageDigest. Expect a call to one of the following methods java.security.MessageDigest: void update(byte[],int,int),java.security.MessageDigest: void update(java.nio.ByteBuffer),java.security.MessageDigest: byte[] digest(byte[]),java.security.MessageDigest: void update(byte),java.security.MessageDigest: void update(byte[])
			at statement: $r5 = virtualinvoke $r2.<java.security.MessageDigest: byte[] digest()>()


Findings in Java Class: n.c$d

	 in Method: java.util.List a(o.i)
		TypestateError violating CrySL rule for java.security.cert.CertificateFactory (on Object #3deae0865116134cb5c3f267b5c75e85048275ba94100e6f7637f30546cefc67)
			Unexpected call to method generateCertificate on object of type java.security.cert.CertificateFactory. Expect a call to one of the following methods generateCRL
			at statement: $r10 = virtualinvoke $r5.<java.security.cert.CertificateFactory: java.security.cert.Certificate generateCertificate(java.io.InputStream)>($r9)

		IncompleteOperationError violating CrySL rule for java.security.cert.CertificateFactory (on Object #3deae0865116134cb5c3f267b5c75e85048275ba94100e6f7637f30546cefc67)
			Operation on object of type java.security.cert.CertificateFactory object not completed. Expected call to generateCertPath, generateCRL, java.security.cert.CertificateFactory: java.security.cert.Certificate generateCertificate(java.io.InputStream)
			at statement: $r10 = virtualinvoke $r5.<java.security.cert.CertificateFactory: java.security.cert.Certificate generateCertificate(java.io.InputStream)>($r9)

		IncompleteOperationError violating CrySL rule for java.security.cert.CertificateFactory (on Object #3deae0865116134cb5c3f267b5c75e85048275ba94100e6f7637f30546cefc67)
			Operation on object of type java.security.cert.CertificateFactory object not completed. Expected call to generateCertificate, generateCertPath, generateCRL
			at statement: $r5 = staticinvoke <java.security.cert.CertificateFactory: java.security.cert.CertificateFactory getInstance(java.lang.String)>(varReplacer36023)


Findings in Java Class: n.v

	 in Method: void <init>(n.v$b)
		RequiredPredicateError violating CrySL rule for javax.net.ssl.SSLContext
			Second parameter was not properly generated as generatedTrustManagers
			at statement: virtualinvoke $r19.<javax.net.ssl.SSLContext: void init(javax.net.ssl.KeyManager[],javax.net.ssl.TrustManager[],java.security.SecureRandom)>(varReplacer7046, $r15, varReplacer7046)

		RequiredPredicateError violating CrySL rule for javax.net.ssl.SSLContext
			Third parameter was not properly generated as randomized
			at statement: virtualinvoke $r19.<javax.net.ssl.SSLContext: void init(javax.net.ssl.KeyManager[],javax.net.ssl.TrustManager[],java.security.SecureRandom)>(varReplacer7046, $r15, varReplacer7046)

		RequiredPredicateError violating CrySL rule for javax.net.ssl.SSLContext
			First parameter was not properly generated as generatedKeyManagers
			at statement: virtualinvoke $r19.<javax.net.ssl.SSLContext: void init(javax.net.ssl.KeyManager[],javax.net.ssl.TrustManager[],java.security.SecureRandom)>(varReplacer7046, $r15, varReplacer7046)

		RequiredPredicateError violating CrySL rule for javax.net.ssl.TrustManagerFactory
			First parameter was not properly generated as generatedKeyStore
			at statement: virtualinvoke $r14.<javax.net.ssl.TrustManagerFactory: void init(java.security.KeyStore)>(varReplacer7038)


======================= CryptoAnalysis Summary ==========================
	Number of CrySL rules: 49
	Number of Objects Analyzed: 15

	CryptoAnalysis found the following violations. For details see description above.
	ConstraintError: 6
	IncompleteOperationError: 2
	RequiredPredicateError: 4
	TypestateError: 3
=====================================================================
