0    [main] WARN  pes.access.impl.DeclaredTypeFactory  - --- xtext.common.types ---------------------------------------------------
1    [main] WARN  pes.access.impl.DeclaredTypeFactory  - ASM library is too old. Falling back to java.lang.reflect API.
1    [main] WARN  pes.access.impl.DeclaredTypeFactory  - Please note that no information about compile time constants is available.
1    [main] WARN  pes.access.impl.DeclaredTypeFactory  - It's recommended to use org.objectweb.asm 9.1.0 or better (Maven group id: org.ow2.asm).
1    [main] WARN  pes.access.impl.DeclaredTypeFactory  - --------------------------------------------------------------------------
Ruleset: 
	java.security.cert.TrustAnchor
	javax.crypto.spec.GCMParameterSpec
	javax.xml.crypto.dsig.spec.HMACParameterSpec
	java.security.KeyPair
	java.security.DigestOutputStream
	javax.net.ssl.KeyStoreBuilderParameters
	javax.crypto.spec.OAEPParameterSpec
	javax.net.ssl.SSLContext
	javax.crypto.spec.DHGenParameterSpec
	javax.crypto.CipherOutputStream
	java.security.Key
	javax.crypto.SecretKeyFactory
	java.security.cert.PKIXBuilderParameters
	java.security.KeyFactory
	javax.crypto.spec.PBEKeySpec
	java.security.spec.DSAGenParameterSpec
	java.security.KeyPairGenerator
	javax.crypto.CipherInputStream
	javax.net.ssl.CertPathTrustManagerParameters
	java.security.cert.CertificateFactory
	java.security.SecureRandom
	java.security.spec.MGF1ParameterSpec
	javax.net.ssl.SSLEngine
	javax.crypto.spec.DHParameterSpec
	java.security.spec.DSAParameterSpec
	java.security.spec.ECParameterSpec
	java.security.spec.RSAKeyGenParameterSpec
	javax.crypto.spec.IvParameterSpec
	javax.crypto.Cipher
	javax.crypto.spec.PBEParameterSpec
	java.security.AlgorithmParameterGenerator
	java.security.spec.X509EncodedKeySpec
	javax.net.ssl.TrustManagerFactory
	java.security.DigestInputStream
	void
	javax.net.ssl.KeyManagerFactory
	java.security.cert.PKIXParameters
	java.net.PasswordAuthentication
	java.security.AlgorithmParameters
	javax.crypto.KeyAgreement
	javax.crypto.spec.SecretKeySpec
	javax.net.ssl.SSLParameters
	java.security.MessageDigest
	javax.crypto.SecretKey
	javax.crypto.KeyGenerator
	java.security.KeyStore
	javax.crypto.Mac
	java.security.spec.ECGenParameterSpec
	java.security.Signature

Analyzed Objects: 
	Object:
		Variable: $r7
		Type: java.security.cert.CertificateFactory
		Statement: $r7 = staticinvoke <java.security.cert.CertificateFactory: java.security.cert.CertificateFactory getInstance(java.lang.String)>(varReplacer10368)
		Method: <ar.rulosoft.navegadores.Navigator: java.security.cert.Certificate loadCertificateFromRaw(int,android.content.Context)>
		SHA-256: bd3033a1544587c11bf09d4b6048c36ed3a813e8a5b57121ef758fab575c5f42
		Secure: false
	Object:
		Variable: $r5
		Type: java.security.MessageDigest
		Statement: $r5 = staticinvoke <java.security.MessageDigest: java.security.MessageDigest getInstance(java.lang.String)>(varReplacer19662)
		Method: <ar.rulosoft.mimanganu.MainFragment$10: void onClick(android.content.DialogInterface,int)>
		SHA-256: b80f713a672cdd32c4fb631c1457527782b673d86a5600b98e4fdfd9adf3dce0
		Secure: true
	Object:
		Variable: $r3
		Type: byte[]
		Statement: $r3 = virtualinvoke $r2.<java.security.MessageDigest: byte[] digest(byte[])>($r3)
		Method: <okio.ByteString: okio.ByteString digest(java.lang.String)>
		SHA-256: a79a1700ae9d8d44f13ea218f751e7024f8f1222b1b2ae17cdbab7b56d352181
		Secure: false
	Object:
		Variable: $r10
		Type: javax.net.ssl.TrustManager[]
		Statement: $r10 = virtualinvoke $r9.<javax.net.ssl.TrustManagerFactory: javax.net.ssl.TrustManager[] getTrustManagers()>()
		Method: <ar.rulosoft.navegadores.Navigator: javax.net.ssl.TrustManager[] getTrustManagers(android.content.Context)>
		SHA-256: ce23c3c93444a72f8acd1ff4a6d150742631a25b7a7771c550b204484e5a5d9f
		Secure: true
	Object:
		Variable: $r9
		Type: javax.net.ssl.TrustManagerFactory
		Statement: $r9 = staticinvoke <javax.net.ssl.TrustManagerFactory: javax.net.ssl.TrustManagerFactory getInstance(java.lang.String)>($r3)
		Method: <ar.rulosoft.navegadores.Navigator: javax.net.ssl.TrustManager[] getTrustManagers(android.content.Context)>
		SHA-256: 726c8d968257e8345263c404017e43c5365469c0cefaf5ef561822b572221b63
		Secure: true
	Object:
		Variable: $r2
		Type: java.security.MessageDigest
		Statement: $r2 = staticinvoke <java.security.MessageDigest: java.security.MessageDigest getInstance(java.lang.String)>($r1)
		Method: <okio.ByteString: okio.ByteString digest(java.lang.String)>
		SHA-256: b336d574501b28a5bd90db22472c23a68acb0c1b99c4f14746fdc2a23c69a24e
		Secure: false
	Object:
		Variable: $r5
		Type: javax.net.ssl.SSLContext
		Statement: $r5 = staticinvoke <javax.net.ssl.SSLContext: javax.net.ssl.SSLContext getInstance(java.lang.String)>(varReplacer2507)
		Method: <ar.rulosoft.navegadores.Navigator: void initClient(okhttp3.CookieJar,android.content.Context)>
		SHA-256: 3126d1acafc9fb430cc4790814629ea9d129b2dfcdde4a9db141b5639e91ebe8
		Secure: false
	Object:
		Variable: $r2
		Type: javax.net.ssl.TrustManagerFactory
		Statement: $r2 = staticinvoke <javax.net.ssl.TrustManagerFactory: javax.net.ssl.TrustManagerFactory getInstance(java.lang.String)>($r1)
		Method: <okhttp3.OkHttpClient: javax.net.ssl.X509TrustManager systemDefaultTrustManager()>
		SHA-256: 61965954da2703450175e336d331a8bc311810e943eebaeca9d739b64a0fdc1
		Secure: false
	Object:
		Variable: $r5
		Type: java.security.MessageDigest
		Statement: $r5 = staticinvoke <java.security.MessageDigest: java.security.MessageDigest getInstance(java.lang.String)>(varReplacer19672)
		Method: <ar.rulosoft.mimanganu.MainFragment$6: void onClick(android.content.DialogInterface,int)>
		SHA-256: f044499b944155533113e52213c887084679f40b617b9076858e874b4c1c011
		Secure: true
	Object:
		Variable: $r5
		Type: java.security.cert.CertificateFactory
		Statement: $r5 = staticinvoke <java.security.cert.CertificateFactory: java.security.cert.CertificateFactory getInstance(java.lang.String)>(varReplacer23076)
		Method: <okhttp3.Cache$Entry: java.util.List readCertificateList(okio.BufferedSource)>
		SHA-256: d151039b1272b4d336434bba4a29ef29147b5de3cc42061a5c1b53dc938b1a60
		Secure: false
	Object:
		Variable: $r3
		Type: javax.net.ssl.TrustManager[]
		Statement: $r3 = virtualinvoke $r2.<javax.net.ssl.TrustManagerFactory: javax.net.ssl.TrustManager[] getTrustManagers()>()
		Method: <okhttp3.OkHttpClient: javax.net.ssl.X509TrustManager systemDefaultTrustManager()>
		SHA-256: 4704c3ea9d50e304ebaa64f80abc0358b23fd9e2c75b25360e6595ec058a5c98
		Secure: false
	Object:
		Variable: $r6
		Type: byte[]
		Statement: $r6 = virtualinvoke $r5.<java.security.MessageDigest: byte[] digest(byte[])>($r6)
		Method: <ar.rulosoft.mimanganu.MainFragment$10: void onClick(android.content.DialogInterface,int)>
		SHA-256: d793fcf03b8649f68ad938695fb66bcfa73435e11d4bac1dc5b1c3293b968e6c
		Secure: true
	Object:
		Variable: $r2
		Type: javax.net.ssl.SSLContext
		Statement: $r2 = staticinvoke <javax.net.ssl.SSLContext: javax.net.ssl.SSLContext getInstance(java.lang.String)>(varReplacer11496)
		Method: <okhttp3.OkHttpClient: javax.net.ssl.SSLSocketFactory systemDefaultSslSocketFactory(javax.net.ssl.X509TrustManager)>
		SHA-256: 7f30255bb83a8b870f9f2afaab35d45b7412cc64012a240868c8d91eb62c645b
		Secure: false
	Object:
		Variable: $r4
		Type: java.security.KeyStore
		Statement: $r4 = staticinvoke <java.security.KeyStore: java.security.KeyStore getInstance(java.lang.String)>($r3)
		Method: <ar.rulosoft.navegadores.Navigator: javax.net.ssl.TrustManager[] getTrustManagers(android.content.Context)>
		SHA-256: 74dedd14b62ede249f59b931728db8cc5a0434bed0245c4571276289ae257636
		Secure: true
	Object:
		Variable: $r0
		Type: java.security.KeyStore
		Statement: $r0 = staticinvoke <java.security.KeyStore: java.security.KeyStore getInstance(java.lang.String)>(varReplacer6008)
		Method: <ar.rulosoft.navegadores.Navigator: java.security.KeyStore getSystemCAKeyStore()>
		SHA-256: 42168bf90806791b93da074d8ddf2e7bcda7b32df1fe0a0204ebed788cae9b39
		Secure: false
	Object:
		Variable: $r6
		Type: byte[]
		Statement: $r6 = virtualinvoke $r5.<java.security.MessageDigest: byte[] digest(byte[])>($r6)
		Method: <ar.rulosoft.mimanganu.MainFragment$6: void onClick(android.content.DialogInterface,int)>
		SHA-256: 971cc6b786bd644b93be9fd189f5993c5c8ba4b689cf3d10ecbea193143b92e2
		Secure: true

Findings in Java Class: ar.rulosoft.navegadores.Navigator

	 in Method: void initClient(okhttp3.CookieJar,android.content.Context)
		RequiredPredicateError violating CrySL rule for javax.net.ssl.SSLContext
			Third parameter was not properly generated as randomized
			at statement: virtualinvoke $r5.<javax.net.ssl.SSLContext: void init(javax.net.ssl.KeyManager[],javax.net.ssl.TrustManager[],java.security.SecureRandom)>(varReplacer2503, $r4, varReplacer2503)

		ConstraintError violating CrySL rule for javax.net.ssl.SSLContext (on Object #3126d1acafc9fb430cc4790814629ea9d129b2dfcdde4a9db141b5639e91ebe8)
			First parameter (with value "TLS") should be any of {TLSv1.2, TLSv1.3}
			at statement: $r5 = staticinvoke <javax.net.ssl.SSLContext: javax.net.ssl.SSLContext getInstance(java.lang.String)>(varReplacer2507)

		RequiredPredicateError violating CrySL rule for javax.net.ssl.SSLContext
			First parameter was not properly generated as generatedKeyManagers
			at statement: virtualinvoke $r5.<javax.net.ssl.SSLContext: void init(javax.net.ssl.KeyManager[],javax.net.ssl.TrustManager[],java.security.SecureRandom)>(varReplacer2503, $r4, varReplacer2503)


	 in Method: java.security.KeyStore getSystemCAKeyStore()
		ConstraintError violating CrySL rule for java.security.KeyStore (on Object #42168bf90806791b93da074d8ddf2e7bcda7b32df1fe0a0204ebed788cae9b39)
			First parameter (with value "AndroidCAStore") should be any of {JCEKS, JKS, DKS, PKCS11, PKCS12}
			at statement: $r0 = staticinvoke <java.security.KeyStore: java.security.KeyStore getInstance(java.lang.String)>(varReplacer6008)


	 in Method: java.security.cert.Certificate loadCertificateFromRaw(int,android.content.Context)
		IncompleteOperationError violating CrySL rule for java.security.cert.CertificateFactory (on Object #bd3033a1544587c11bf09d4b6048c36ed3a813e8a5b57121ef758fab575c5f42)
			Operation on object of type java.security.cert.CertificateFactory object not completed. Expected call to generateCRL
			at statement: $r11 = virtualinvoke $r7.<java.security.cert.CertificateFactory: java.security.cert.Certificate generateCertificate(java.io.InputStream)>($r8)


Findings in Java Class: okhttp3.OkHttpClient

	 in Method: javax.net.ssl.SSLSocketFactory systemDefaultSslSocketFactory(javax.net.ssl.X509TrustManager)
		ConstraintError violating CrySL rule for javax.net.ssl.SSLContext (on Object #7f30255bb83a8b870f9f2afaab35d45b7412cc64012a240868c8d91eb62c645b)
			First parameter (with value "TLS") should be any of {TLSv1.2, TLSv1.3}
			at statement: $r2 = staticinvoke <javax.net.ssl.SSLContext: javax.net.ssl.SSLContext getInstance(java.lang.String)>(varReplacer11496)

		RequiredPredicateError violating CrySL rule for javax.net.ssl.SSLContext
			Second parameter was not properly generated as generatedTrustManagers
			at statement: virtualinvoke $r2.<javax.net.ssl.SSLContext: void init(javax.net.ssl.KeyManager[],javax.net.ssl.TrustManager[],java.security.SecureRandom)>(varReplacer11497, $r7, varReplacer11497)

		RequiredPredicateError violating CrySL rule for javax.net.ssl.SSLContext
			First parameter was not properly generated as generatedKeyManagers
			at statement: virtualinvoke $r2.<javax.net.ssl.SSLContext: void init(javax.net.ssl.KeyManager[],javax.net.ssl.TrustManager[],java.security.SecureRandom)>(varReplacer11497, $r7, varReplacer11497)

		RequiredPredicateError violating CrySL rule for javax.net.ssl.SSLContext
			Third parameter was not properly generated as randomized
			at statement: virtualinvoke $r2.<javax.net.ssl.SSLContext: void init(javax.net.ssl.KeyManager[],javax.net.ssl.TrustManager[],java.security.SecureRandom)>(varReplacer11497, $r7, varReplacer11497)


	 in Method: javax.net.ssl.X509TrustManager systemDefaultTrustManager()
		RequiredPredicateError violating CrySL rule for javax.net.ssl.TrustManagerFactory
			First parameter was not properly generated as generatedKeyStore
			at statement: virtualinvoke $r2.<javax.net.ssl.TrustManagerFactory: void init(java.security.KeyStore)>(varReplacer11494)


Findings in Java Class: okio.ByteString

	 in Method: okio.ByteString digest(java.lang.String)
		ConstraintError violating CrySL rule for java.security.MessageDigest (on Object #b336d574501b28a5bd90db22472c23a68acb0c1b99c4f14746fdc2a23c69a24e)
			First parameter (with value "SHA-1") should be any of {SHA-256, SHA-384, SHA-512}
			at statement: $r2 = staticinvoke <java.security.MessageDigest: java.security.MessageDigest getInstance(java.lang.String)>($r1)

		ConstraintError violating CrySL rule for java.security.MessageDigest (on Object #b336d574501b28a5bd90db22472c23a68acb0c1b99c4f14746fdc2a23c69a24e)
			First parameter (with value "MD5") should be any of {SHA-256, SHA-384, SHA-512}
			at statement: $r2 = staticinvoke <java.security.MessageDigest: java.security.MessageDigest getInstance(java.lang.String)>($r1)


Findings in Java Class: okhttp3.Cache$Entry

	 in Method: java.util.List readCertificateList(okio.BufferedSource)
		IncompleteOperationError violating CrySL rule for java.security.cert.CertificateFactory (on Object #d151039b1272b4d336434bba4a29ef29147b5de3cc42061a5c1b53dc938b1a60)
			Operation on object of type java.security.cert.CertificateFactory object not completed. Expected call to generateCertPath, generateCertificate, generateCRL
			at statement: $r5 = staticinvoke <java.security.cert.CertificateFactory: java.security.cert.CertificateFactory getInstance(java.lang.String)>(varReplacer23076)

		TypestateError violating CrySL rule for java.security.cert.CertificateFactory (on Object #d151039b1272b4d336434bba4a29ef29147b5de3cc42061a5c1b53dc938b1a60)
			Unexpected call to method generateCertificate on object of type java.security.cert.CertificateFactory. Expect a call to one of the following methods generateCRL
			at statement: $r9 = virtualinvoke $r5.<java.security.cert.CertificateFactory: java.security.cert.Certificate generateCertificate(java.io.InputStream)>($r8)

		IncompleteOperationError violating CrySL rule for java.security.cert.CertificateFactory (on Object #d151039b1272b4d336434bba4a29ef29147b5de3cc42061a5c1b53dc938b1a60)
			Operation on object of type java.security.cert.CertificateFactory object not completed. Expected call to generateCertPath, generateCRL, java.security.cert.CertificateFactory: java.security.cert.Certificate generateCertificate(java.io.InputStream)
			at statement: $r9 = virtualinvoke $r5.<java.security.cert.CertificateFactory: java.security.cert.Certificate generateCertificate(java.io.InputStream)>($r8)


======================= CryptoAnalysis Summary ==========================
	Number of CrySL rules: 49
	Number of Objects Analyzed: 16

	CryptoAnalysis found the following violations. For details see description above.
	ConstraintError: 5
	IncompleteOperationError: 3
	TypestateError: 1
	RequiredPredicateError: 6
=====================================================================
