0    [main] WARN  pes.access.impl.DeclaredTypeFactory  - --- xtext.common.types ---------------------------------------------------
1    [main] WARN  pes.access.impl.DeclaredTypeFactory  - ASM library is too old. Falling back to java.lang.reflect API.
1    [main] WARN  pes.access.impl.DeclaredTypeFactory  - Please note that no information about compile time constants is available.
1    [main] WARN  pes.access.impl.DeclaredTypeFactory  - It's recommended to use org.objectweb.asm 9.1.0 or better (Maven group id: org.ow2.asm).
1    [main] WARN  pes.access.impl.DeclaredTypeFactory  - --------------------------------------------------------------------------
Ruleset: 
	java.security.cert.TrustAnchor
	javax.crypto.spec.GCMParameterSpec
	javax.xml.crypto.dsig.spec.HMACParameterSpec
	java.security.KeyPair
	java.security.DigestOutputStream
	javax.net.ssl.KeyStoreBuilderParameters
	javax.crypto.spec.OAEPParameterSpec
	javax.net.ssl.SSLContext
	javax.crypto.spec.DHGenParameterSpec
	javax.crypto.CipherOutputStream
	java.security.Key
	javax.crypto.SecretKeyFactory
	java.security.cert.PKIXBuilderParameters
	java.security.KeyFactory
	javax.crypto.spec.PBEKeySpec
	java.security.spec.DSAGenParameterSpec
	java.security.KeyPairGenerator
	javax.crypto.CipherInputStream
	javax.net.ssl.CertPathTrustManagerParameters
	java.security.cert.CertificateFactory
	java.security.SecureRandom
	java.security.spec.MGF1ParameterSpec
	javax.net.ssl.SSLEngine
	javax.crypto.spec.DHParameterSpec
	java.security.spec.DSAParameterSpec
	java.security.spec.ECParameterSpec
	java.security.spec.RSAKeyGenParameterSpec
	javax.crypto.spec.IvParameterSpec
	javax.crypto.Cipher
	javax.crypto.spec.PBEParameterSpec
	java.security.AlgorithmParameterGenerator
	java.security.spec.X509EncodedKeySpec
	javax.net.ssl.TrustManagerFactory
	java.security.DigestInputStream
	void
	javax.net.ssl.KeyManagerFactory
	java.security.cert.PKIXParameters
	java.net.PasswordAuthentication
	java.security.AlgorithmParameters
	javax.crypto.KeyAgreement
	javax.crypto.spec.SecretKeySpec
	javax.net.ssl.SSLParameters
	java.security.MessageDigest
	javax.crypto.SecretKey
	javax.crypto.KeyGenerator
	java.security.KeyStore
	javax.crypto.Mac
	java.security.spec.ECGenParameterSpec
	java.security.Signature

Analyzed Objects: 
	Object:
		Variable: $r1
		Type: javax.crypto.spec.SecretKeySpec
		Statement: specialinvoke $r1.<javax.crypto.spec.SecretKeySpec: void <init>(byte[],java.lang.String)>($r5, varReplacer13114)
		Method: <au.id.micolous.metrodroid.util.Aes: au.id.micolous.metrodroid.util.ImmutableByteArray aesOp(int,au.id.micolous.metrodroid.util.ImmutableByteArray,au.id.micolous.metrodroid.util.ImmutableByteArray,au.id.micolous.metrodroid.util.ImmutableByteArray)>
		SHA-256: e51b24e18980d6c2e442e75dbeaa3742247f8b9f4a95456560705c8ad216e940
		Secure: false
	Object:
		Variable: $r6
		Type: java.security.MessageDigest
		Statement: $r6 = staticinvoke <java.security.MessageDigest: java.security.MessageDigest getInstance(java.lang.String)>(varReplacer32416)
		Method: <au.id.micolous.metrodroid.util.ExportHelper: java.lang.String strongHash(android.database.Cursor)>
		SHA-256: 35d9e874f47fa4591c868cfd721a22c750d066264d7117f189c17657627cf60a
		Secure: true
	Object:
		Variable: $r6
		Type: javax.crypto.Cipher
		Statement: $r6 = staticinvoke <javax.crypto.Cipher: javax.crypto.Cipher getInstance(java.lang.String)>(varReplacer13112)
		Method: <au.id.micolous.metrodroid.util.Aes: au.id.micolous.metrodroid.util.ImmutableByteArray aesOp(int,au.id.micolous.metrodroid.util.ImmutableByteArray,au.id.micolous.metrodroid.util.ImmutableByteArray,au.id.micolous.metrodroid.util.ImmutableByteArray)>
		SHA-256: 40b8e1aa948f0c8ce750c195094949710a4645c25cd2ef5897809ccab27c490f
		Secure: false
	Object:
		Variable: $r7
		Type: javax.crypto.spec.IvParameterSpec
		Statement: specialinvoke $r7.<javax.crypto.spec.IvParameterSpec: void <init>(byte[])>($r5)
		Method: <au.id.micolous.metrodroid.util.Aes: au.id.micolous.metrodroid.util.ImmutableByteArray aesOp(int,au.id.micolous.metrodroid.util.ImmutableByteArray,au.id.micolous.metrodroid.util.ImmutableByteArray,au.id.micolous.metrodroid.util.ImmutableByteArray)>
		SHA-256: d008da34fc4c859eab08251a6f9f6bfedc0a256808e64bc264dd2fcc8a43af31
		Secure: false
	Object:
		Variable: $r10
		Type: byte[]
		Statement: $r10 = virtualinvoke $r6.<java.security.MessageDigest: byte[] digest()>()
		Method: <au.id.micolous.metrodroid.util.ExportHelper: java.lang.String strongHash(android.database.Cursor)>
		SHA-256: 680bf46bcae1aceefa82a50c32ba9e0bdc3673ebf6e7871030b3cc9047ae361c
		Secure: true
	Object:
		Variable: varReplacer13114
		Type: java.lang.String
		Statement: specialinvoke $r1.<javax.crypto.spec.SecretKeySpec: void <init>(byte[],java.lang.String)>($r5, varReplacer13114)
		Method: <au.id.micolous.metrodroid.util.Aes: au.id.micolous.metrodroid.util.ImmutableByteArray aesOp(int,au.id.micolous.metrodroid.util.ImmutableByteArray,au.id.micolous.metrodroid.util.ImmutableByteArray,au.id.micolous.metrodroid.util.ImmutableByteArray)>
		SHA-256: cacdd93f23bedc0599aad8279266854e8b133404e4a6abcb248f027de4076726
		Secure: false

Findings in Java Class: au.id.micolous.metrodroid.util.Aes

	 in Method: au.id.micolous.metrodroid.util.ImmutableByteArray aesOp(int,au.id.micolous.metrodroid.util.ImmutableByteArray,au.id.micolous.metrodroid.util.ImmutableByteArray,au.id.micolous.metrodroid.util.ImmutableByteArray)
		RequiredPredicateError violating CrySL rule for javax.crypto.Cipher
			Second parameter was not properly generated as generatedKey
			at statement: virtualinvoke $r6.<javax.crypto.Cipher: void init(int,java.security.Key,java.security.spec.AlgorithmParameterSpec)>($i0, $r1, $r7)

		ConstraintError violating CrySL rule for javax.crypto.Cipher (on Object #40b8e1aa948f0c8ce750c195094949710a4645c25cd2ef5897809ccab27c490f)
			First parameter (with value "AES/CBC/NoPadding") should be any of AES/CBC/{PKCS5Padding, ISO10126Padding}
			at statement: $r6 = staticinvoke <javax.crypto.Cipher: javax.crypto.Cipher getInstance(java.lang.String)>(varReplacer13112)

		RequiredPredicateError violating CrySL rule for javax.crypto.spec.SecretKeySpec
			First parameter was not properly generated as preparedKeyMaterial
			at statement: specialinvoke $r1.<javax.crypto.spec.SecretKeySpec: void <init>(byte[],java.lang.String)>($r5, varReplacer13114)

		TypestateError violating CrySL rule for javax.crypto.Cipher (on Object #40b8e1aa948f0c8ce750c195094949710a4645c25cd2ef5897809ccab27c490f)
			Unexpected call to method doFinal on object of type javax.crypto.Cipher. Expect a call to one of the following methods init,updateAAD
			at statement: $r5 = virtualinvoke $r6.<javax.crypto.Cipher: byte[] doFinal(byte[])>($r5)

		NeverTypeOfError violating CrySL rule for javax.crypto.spec.SecretKeySpec (on Object #e51b24e18980d6c2e442e75dbeaa3742247f8b9f4a95456560705c8ad216e940)
			First parameter should never be of type java.lang.String.
			at statement: specialinvoke $r1.<javax.crypto.spec.SecretKeySpec: void <init>(byte[],java.lang.String)>($r5, varReplacer13114)

		RequiredPredicateError violating CrySL rule for javax.crypto.spec.IvParameterSpec
			First parameter was not properly generated as randomized
			at statement: specialinvoke $r7.<javax.crypto.spec.IvParameterSpec: void <init>(byte[])>($r5)


Findings in Java Class: au.id.micolous.metrodroid.util.ExportHelper

	 in Method: java.lang.String strongHash(android.database.Cursor)
		IncompleteOperationError violating CrySL rule for java.security.MessageDigest (on Object #35d9e874f47fa4591c868cfd721a22c750d066264d7117f189c17657627cf60a)
			Operation on object of type java.security.MessageDigest object not completed. Expected call to digest
			at statement: virtualinvoke $r6.<java.security.MessageDigest: void update(byte[])>($r10)

		IncompleteOperationError violating CrySL rule for java.security.MessageDigest (on Object #35d9e874f47fa4591c868cfd721a22c750d066264d7117f189c17657627cf60a)
			Operation on object of type java.security.MessageDigest object not completed. Expected call to digest
			at statement: virtualinvoke $r6.<java.security.MessageDigest: void update(byte[])>($r10)

		IncompleteOperationError violating CrySL rule for java.security.MessageDigest (on Object #35d9e874f47fa4591c868cfd721a22c750d066264d7117f189c17657627cf60a)
			Operation on object of type java.security.MessageDigest object not completed. Expected call to digest, update
			at statement: $r6 = staticinvoke <java.security.MessageDigest: java.security.MessageDigest getInstance(java.lang.String)>(varReplacer32416)


======================= CryptoAnalysis Summary ==========================
	Number of CrySL rules: 49
	Number of Objects Analyzed: 6

	CryptoAnalysis found the following violations. For details see description above.
	TypestateError: 1
	NeverTypeOfError: 1
	RequiredPredicateError: 3
	ConstraintError: 1
	IncompleteOperationError: 3
=====================================================================
