0    [main] WARN  pes.access.impl.DeclaredTypeFactory  - --- xtext.common.types ---------------------------------------------------
1    [main] WARN  pes.access.impl.DeclaredTypeFactory  - ASM library is too old. Falling back to java.lang.reflect API.
1    [main] WARN  pes.access.impl.DeclaredTypeFactory  - Please note that no information about compile time constants is available.
1    [main] WARN  pes.access.impl.DeclaredTypeFactory  - It's recommended to use org.objectweb.asm 9.1.0 or better (Maven group id: org.ow2.asm).
1    [main] WARN  pes.access.impl.DeclaredTypeFactory  - --------------------------------------------------------------------------
Ruleset: 
	java.security.cert.TrustAnchor
	javax.crypto.spec.GCMParameterSpec
	javax.xml.crypto.dsig.spec.HMACParameterSpec
	java.security.KeyPair
	java.security.DigestOutputStream
	javax.net.ssl.KeyStoreBuilderParameters
	javax.crypto.spec.OAEPParameterSpec
	javax.net.ssl.SSLContext
	javax.crypto.spec.DHGenParameterSpec
	javax.crypto.CipherOutputStream
	java.security.Key
	javax.crypto.SecretKeyFactory
	java.security.cert.PKIXBuilderParameters
	java.security.KeyFactory
	javax.crypto.spec.PBEKeySpec
	java.security.spec.DSAGenParameterSpec
	java.security.KeyPairGenerator
	javax.crypto.CipherInputStream
	javax.net.ssl.CertPathTrustManagerParameters
	java.security.cert.CertificateFactory
	java.security.SecureRandom
	java.security.spec.MGF1ParameterSpec
	javax.net.ssl.SSLEngine
	javax.crypto.spec.DHParameterSpec
	java.security.spec.DSAParameterSpec
	java.security.spec.ECParameterSpec
	java.security.spec.RSAKeyGenParameterSpec
	javax.crypto.spec.IvParameterSpec
	javax.crypto.Cipher
	javax.crypto.spec.PBEParameterSpec
	java.security.AlgorithmParameterGenerator
	java.security.spec.X509EncodedKeySpec
	javax.net.ssl.TrustManagerFactory
	java.security.DigestInputStream
	void
	javax.net.ssl.KeyManagerFactory
	java.security.cert.PKIXParameters
	java.net.PasswordAuthentication
	java.security.AlgorithmParameters
	javax.crypto.KeyAgreement
	javax.crypto.spec.SecretKeySpec
	javax.net.ssl.SSLParameters
	java.security.MessageDigest
	javax.crypto.SecretKey
	javax.crypto.KeyGenerator
	java.security.KeyStore
	javax.crypto.Mac
	java.security.spec.ECGenParameterSpec
	java.security.Signature

Analyzed Objects: 
	Object:
		Variable: $r8
		Type: byte[]
		Statement: $r8 = virtualinvoke $r10.<java.security.MessageDigest: byte[] digest()>()
		Method: <o6.e$a: void <init>(o6.g,java.lang.String,java.lang.String,android.net.Uri)>
		SHA-256: 1a967d00535225624432a6a0a3e8a71b305756f1b115b458052b65a5ac0606a6
		Secure: true
	Object:
		Variable: $r2
		Type: java.security.MessageDigest
		Statement: $r2 = staticinvoke <java.security.MessageDigest: java.security.MessageDigest getInstance(java.lang.String)>($r1)
		Method: <d7.i: d7.i e(java.lang.String)>
		SHA-256: 92b64d1e390e57868b392dbe57fd78a85b04cdc5efd960a97603c16c177f6c1e
		Secure: false
	Object:
		Variable: $r18
		Type: javax.crypto.spec.IvParameterSpec
		Statement: specialinvoke $r18.<javax.crypto.spec.IvParameterSpec: void <init>(byte[])>($r17)
		Method: <k3.k$b: void a(java.util.HashMap,android.util.SparseArray)>
		SHA-256: 6b93b0e87c3b4bf92deb716d119741490edd333ff9df30ba2a453498c936f0ef
		Secure: false
	Object:
		Variable: $r2
		Type: java.security.SecureRandom
		Statement: specialinvoke $r2.<java.security.SecureRandom: void <init>()>()
		Method: <k3.r: long r(java.io.File)>
		SHA-256: 4b5ed628f57d075c4ce335eaf665a2d9a5003a62feff40bea89de500c82cce0
		Secure: true
	Object:
		Variable: $r8
		Type: byte[]
		Statement: virtualinvoke $r7.<java.security.SecureRandom: void nextBytes(byte[])>($r8)
		Method: <o6.e$a: void <init>(o6.g,java.lang.String,java.lang.String,android.net.Uri)>
		SHA-256: 677bebc7b199c9e5b3830f4ba6734eae8ea9d79b87056eb5c74fdc4d68f0ff8c
		Secure: true
	Object:
		Variable: $r3
		Type: byte[]
		Statement: $r3 = virtualinvoke $r2.<java.security.MessageDigest: byte[] digest(byte[])>($r3)
		Method: <d7.i: d7.i e(java.lang.String)>
		SHA-256: f90399a6afee1b7d0a096d96a80043c8b18e4986a99d7905c3c0e4ca171d49d9
		Secure: false
	Object:
		Variable: $r13
		Type: javax.crypto.CipherOutputStream
		Statement: specialinvoke $r13.<javax.crypto.CipherOutputStream: void <init>(java.io.OutputStream,javax.crypto.Cipher)>($r6, $r11)
		Method: <k3.k$b: void e(java.util.HashMap)>
		SHA-256: de9d7175184eadaab8c63d53a9a660e46cae427d107b9584bac2bae81ae4a9b5
		Secure: false
	Object:
		Variable: $r4
		Type: java.security.SecureRandom
		Statement: specialinvoke $r4.<java.security.SecureRandom: void <init>()>()
		Method: <k3.k$b: void <init>(java.io.File,byte[],boolean)>
		SHA-256: b1031fd98196e10629d9528a4c5337d6a26faed558c0a56f73b7339228fdd605
		Secure: true
	Object:
		Variable: $r5
		Type: java.security.cert.CertificateFactory
		Statement: $r5 = staticinvoke <java.security.cert.CertificateFactory: java.security.cert.CertificateFactory getInstance(java.lang.String)>(varReplacer33281)
		Method: <s6.c$d: java.util.List a(d7.h)>
		SHA-256: f4c83d74f5ea117507d8d96bd2e95f3627e6629dcc6e8d5eff69bc35306187a9
		Secure: false
	Object:
		Variable: $r14
		Type: javax.net.ssl.TrustManagerFactory
		Statement: $r14 = staticinvoke <javax.net.ssl.TrustManagerFactory: javax.net.ssl.TrustManagerFactory getInstance(java.lang.String)>($r13)
		Method: <s6.t: void <init>(s6.t$b)>
		SHA-256: e7419e74030781d10513cb1b183823fc36ca998dc30fd679c5d28df204de43f
		Secure: false
	Object:
		Variable: $r5
		Type: javax.crypto.Cipher
		Statement: $r5 = staticinvoke <javax.crypto.Cipher: javax.crypto.Cipher getInstance(java.lang.String)>(varReplacer27422)
		Method: <k3.k$b: void <init>(java.io.File,byte[],boolean)>
		SHA-256: 1b4083a8cb252a31658cc7fd7ed3885e4c8fa170431910aba1a31dbce1a6b25d
		Secure: false
	Object:
		Variable: $r7
		Type: java.security.SecureRandom
		Statement: specialinvoke $r7.<java.security.SecureRandom: void <init>()>()
		Method: <o6.e$a: void <init>(o6.g,java.lang.String,java.lang.String,android.net.Uri)>
		SHA-256: e9d584649a396388d12bcefd237b1b8427d66ab1e11e1bdbb0c39ea61827a258
		Secure: true
	Object:
		Variable: $r8
		Type: byte[]
		Statement: virtualinvoke $r7.<java.security.SecureRandom: void nextBytes(byte[])>($r8)
		Method: <o6.e$a: void <init>(o6.g,java.lang.String,java.lang.String,android.net.Uri)>
		SHA-256: 677bebc7b199c9e5b3830f4ba6734eae8ea9d79b87056eb5c74fdc4d68f0ff8c
		Secure: true
	Object:
		Variable: $r10
		Type: java.security.MessageDigest
		Statement: $r10 = staticinvoke <java.security.MessageDigest: java.security.MessageDigest getInstance(java.lang.String)>(varReplacer24100)
		Method: <o6.e$a: void <init>(o6.g,java.lang.String,java.lang.String,android.net.Uri)>
		SHA-256: 7c0c170d889eb39af7c88c0b9c0b82705d02e0a943a52260a563696aa213affb
		Secure: true
	Object:
		Variable: $r5
		Type: byte[]
		Statement: $r5 = virtualinvoke $r3.<java.security.MessageDigest: byte[] digest(byte[])>($r5)
		Method: <audio.funkwhale.ffa.utils.FFACache: java.lang.String key(java.lang.String)>
		SHA-256: 2e1457f3e572e91bbffb4ed7006c3081d76b0c340f932f997c4f6ec476de8031
		Secure: false
	Object:
		Variable: $r10
		Type: javax.crypto.spec.IvParameterSpec
		Statement: specialinvoke $r10.<javax.crypto.spec.IvParameterSpec: void <init>(byte[])>($r8)
		Method: <k3.k$b: void e(java.util.HashMap)>
		SHA-256: 50cf356ac3869ae1b289786bc15dacd06460d994ed0c04d84ae101e4c6660149
		Secure: false
	Object:
		Variable: varReplacer27421
		Type: java.lang.String
		Statement: specialinvoke $r6.<javax.crypto.spec.SecretKeySpec: void <init>(byte[],java.lang.String)>($r3, varReplacer27421)
		Method: <k3.k$b: void <init>(java.io.File,byte[],boolean)>
		SHA-256: 8793034add865d9798f458577a37fa85e82df88f1099e105f11d1acd50b9cdaf
		Secure: false
	Object:
		Variable: $r3
		Type: java.security.MessageDigest
		Statement: $r3 = staticinvoke <java.security.MessageDigest: java.security.MessageDigest getInstance(java.lang.String)>(varReplacer4342)
		Method: <audio.funkwhale.ffa.utils.FFACache: java.lang.String key(java.lang.String)>
		SHA-256: 1aa18250d75ffac9c3679212edfdc880c58e6eb8433e759dede2aaeb87496ee7
		Secure: false
	Object:
		Variable: $r7
		Type: java.security.SecureRandom
		Statement: specialinvoke $r7.<java.security.SecureRandom: void <init>()>()
		Method: <o6.e$a: void <init>(o6.g,java.lang.String,java.lang.String,android.net.Uri)>
		SHA-256: e9d584649a396388d12bcefd237b1b8427d66ab1e11e1bdbb0c39ea61827a258
		Secure: true
	Object:
		Variable: $r2
		Type: javax.net.ssl.SSLContext
		Statement: $r2 = staticinvoke <javax.net.ssl.SSLContext: javax.net.ssl.SSLContext getInstance(java.lang.String,java.security.Provider)>(varReplacer28483, $r1)
		Method: <a7.b: javax.net.ssl.SSLContext g()>
		SHA-256: 9c7810174c9a1bcf800873bf81730385baf11101ebbae8310335e9081776de63
		Secure: false
	Object:
		Variable: $r6
		Type: javax.crypto.spec.SecretKeySpec
		Statement: specialinvoke $r6.<javax.crypto.spec.SecretKeySpec: void <init>(byte[],java.lang.String)>($r3, varReplacer27421)
		Method: <k3.k$b: void <init>(java.io.File,byte[],boolean)>
		SHA-256: 6efdc564bb4e1ecf1708c6c8500dd7de458aebb5834098c0cd19847d91106076
		Secure: false
	Object:
		Variable: $r15
		Type: javax.net.ssl.TrustManager[]
		Statement: $r15 = virtualinvoke $r14.<javax.net.ssl.TrustManagerFactory: javax.net.ssl.TrustManager[] getTrustManagers()>()
		Method: <s6.t: void <init>(s6.t$b)>
		SHA-256: 5db05d2ce3f241923ded3f033936d14d5094025fce2c0a9c796f397d20f332d7
		Secure: false
	Object:
		Variable: $r5
		Type: javax.crypto.Cipher
		Statement: $r5 = staticinvoke <javax.crypto.Cipher: javax.crypto.Cipher getInstance(java.lang.String,java.lang.String)>(varReplacer27419, varReplacer27420)
		Method: <k3.k$b: void <init>(java.io.File,byte[],boolean)>
		SHA-256: 45613a3a3741ad4e650469c0b2cfd2bf20227231c1d3028abd8aef070c7da7ce
		Secure: false
	Object:
		Variable: $r7
		Type: java.security.SecureRandom
		Statement: specialinvoke $r7.<java.security.SecureRandom: void <init>()>()
		Method: <o6.e$a: void <init>(o6.g,java.lang.String,java.lang.String,android.net.Uri)>
		SHA-256: e9d584649a396388d12bcefd237b1b8427d66ab1e11e1bdbb0c39ea61827a258
		Secure: true
	Object:
		Variable: $r7
		Type: java.security.MessageDigest
		Statement: $r7 = staticinvoke <java.security.MessageDigest: java.security.MessageDigest getInstance(java.lang.String)>(varReplacer30345)
		Method: <p6.b: void <init>(android.content.pm.PackageInfo,boolean)>
		SHA-256: 249991ebcf91ceb49def7c5ea8fba1b85dbbb9b0d6e33d0dfb2cbef273691120
		Secure: true
	Object:
		Variable: $r2
		Type: javax.net.ssl.SSLContext
		Statement: $r2 = staticinvoke <javax.net.ssl.SSLContext: javax.net.ssl.SSLContext getInstance(java.lang.String)>(varReplacer28481)
		Method: <a7.e: javax.net.ssl.SSLContext g()>
		SHA-256: c251f5c58f08ddbfde2830af8347646dd71dea2effcd7b755bd2da8320550255
		Secure: false
	Object:
		Variable: $r8
		Type: byte[]
		Statement: $r8 = virtualinvoke $r7.<java.security.MessageDigest: byte[] digest(byte[])>($r8)
		Method: <p6.b: void <init>(android.content.pm.PackageInfo,boolean)>
		SHA-256: 36b4e38db33e8b2c8699cf6dc0ed0b74ce4680989f9e41a688afbbd2c4255a62
		Secure: true
	Object:
		Variable: $r8
		Type: byte[]
		Statement: virtualinvoke $r7.<java.security.SecureRandom: void nextBytes(byte[])>($r8)
		Method: <o6.e$a: void <init>(o6.g,java.lang.String,java.lang.String,android.net.Uri)>
		SHA-256: 677bebc7b199c9e5b3830f4ba6734eae8ea9d79b87056eb5c74fdc4d68f0ff8c
		Secure: true
	Object:
		Variable: $r20
		Type: javax.crypto.CipherInputStream
		Statement: specialinvoke $r20.<javax.crypto.CipherInputStream: void <init>(java.io.InputStream,javax.crypto.Cipher)>($r13, $r16)
		Method: <k3.k$b: void a(java.util.HashMap,android.util.SparseArray)>
		SHA-256: 36f30bbb882f16f8827d6132a781eb507d6ed167599a1a5aed9278400fde512c
		Secure: false

Findings in Java Class: audio.funkwhale.ffa.utils.FFACache

	 in Method: java.lang.String key(java.lang.String)
		ConstraintError violating CrySL rule for java.security.MessageDigest (on Object #1aa18250d75ffac9c3679212edfdc880c58e6eb8433e759dede2aaeb87496ee7)
			First parameter (with value "SHA-1") should be any of {SHA-256, SHA-384, SHA-512}
			at statement: $r3 = staticinvoke <java.security.MessageDigest: java.security.MessageDigest getInstance(java.lang.String)>(varReplacer4342)


Findings in Java Class: k3.k$b

	 in Method: void a(java.util.HashMap,android.util.SparseArray)
		RequiredPredicateError violating CrySL rule for javax.crypto.spec.IvParameterSpec
			First parameter was not properly generated as randomized
			at statement: specialinvoke $r18.<javax.crypto.spec.IvParameterSpec: void <init>(byte[])>($r17)

		IncompleteOperationError violating CrySL rule for javax.crypto.CipherInputStream (on Object #36f30bbb882f16f8827d6132a781eb507d6ed167599a1a5aed9278400fde512c)
			Operation on object of type javax.crypto.CipherInputStream object not completed. Expected call to read
			at statement: specialinvoke $r12.<java.io.DataInputStream: void <init>(java.io.InputStream)>($r20)


	 in Method: void e(java.util.HashMap)
		RequiredPredicateError violating CrySL rule for javax.crypto.spec.IvParameterSpec
			First parameter was not properly generated as randomized
			at statement: specialinvoke $r10.<javax.crypto.spec.IvParameterSpec: void <init>(byte[])>($r8)

		IncompleteOperationError violating CrySL rule for javax.crypto.CipherOutputStream (on Object #de9d7175184eadaab8c63d53a9a660e46cae427d107b9584bac2bae81ae4a9b5)
			Operation on object of type javax.crypto.CipherOutputStream object not completed. Expected call to write
			at statement: specialinvoke $r3.<java.io.DataOutputStream: void <init>(java.io.OutputStream)>($r13)


	 in Method: void <init>(java.io.File,byte[],boolean)
		RequiredPredicateError violating CrySL rule for javax.crypto.spec.SecretKeySpec
			First parameter was not properly generated as preparedKeyMaterial
			at statement: specialinvoke $r6.<javax.crypto.spec.SecretKeySpec: void <init>(byte[],java.lang.String)>($r3, varReplacer27421)


Findings in Java Class: g6.d1

	 in Method: boolean u(java.lang.Object)
		IncompleteOperationError violating CrySL rule for javax.crypto.Cipher (on Object #45613a3a3741ad4e650469c0b2cfd2bf20227231c1d3028abd8aef070c7da7ce)
			Operation on object of type javax.crypto.Cipher object not completed. Expected call to init
			at statement: virtualinvoke r0.<g6.d1: void t(java.lang.Object)>($r3)

		IncompleteOperationError violating CrySL rule for javax.crypto.Cipher (on Object #1b4083a8cb252a31658cc7fd7ed3885e4c8fa170431910aba1a31dbce1a6b25d)
			Operation on object of type javax.crypto.Cipher object not completed. Expected call to init
			at statement: virtualinvoke r0.<g6.d1: void t(java.lang.Object)>($r3)

		IncompleteOperationError violating CrySL rule for javax.crypto.Cipher (on Object #45613a3a3741ad4e650469c0b2cfd2bf20227231c1d3028abd8aef070c7da7ce)
			Operation on object of type javax.crypto.Cipher object not completed. Expected call to init
			at statement: $r3 = $r8

		IncompleteOperationError violating CrySL rule for javax.crypto.Cipher (on Object #45613a3a3741ad4e650469c0b2cfd2bf20227231c1d3028abd8aef070c7da7ce)
			Operation on object of type javax.crypto.Cipher object not completed. Expected call to init
			at statement: $r3 = $r7

		IncompleteOperationError violating CrySL rule for javax.crypto.Cipher (on Object #45613a3a3741ad4e650469c0b2cfd2bf20227231c1d3028abd8aef070c7da7ce)
			Operation on object of type javax.crypto.Cipher object not completed. Expected call to init
			at statement: $r3 = <g6.e1: l6.u a>

		IncompleteOperationError violating CrySL rule for javax.crypto.Cipher (on Object #45613a3a3741ad4e650469c0b2cfd2bf20227231c1d3028abd8aef070c7da7ce)
			Operation on object of type javax.crypto.Cipher object not completed. Expected call to init
			at statement: $r3 = <g6.e1: l6.u a>

		IncompleteOperationError violating CrySL rule for javax.crypto.Cipher (on Object #45613a3a3741ad4e650469c0b2cfd2bf20227231c1d3028abd8aef070c7da7ce)
			Operation on object of type javax.crypto.Cipher object not completed. Expected call to init
			at statement: $r3 = $r7

		IncompleteOperationError violating CrySL rule for javax.crypto.Cipher (on Object #1b4083a8cb252a31658cc7fd7ed3885e4c8fa170431910aba1a31dbce1a6b25d)
			Operation on object of type javax.crypto.Cipher object not completed. Expected call to init
			at statement: $r3 = $r8

		IncompleteOperationError violating CrySL rule for javax.crypto.Cipher (on Object #1b4083a8cb252a31658cc7fd7ed3885e4c8fa170431910aba1a31dbce1a6b25d)
			Operation on object of type javax.crypto.Cipher object not completed. Expected call to init
			at statement: $r3 = $r7

		IncompleteOperationError violating CrySL rule for javax.crypto.Cipher (on Object #1b4083a8cb252a31658cc7fd7ed3885e4c8fa170431910aba1a31dbce1a6b25d)
			Operation on object of type javax.crypto.Cipher object not completed. Expected call to init
			at statement: $r3 = <g6.e1: l6.u a>

		IncompleteOperationError violating CrySL rule for javax.crypto.Cipher (on Object #1b4083a8cb252a31658cc7fd7ed3885e4c8fa170431910aba1a31dbce1a6b25d)
			Operation on object of type javax.crypto.Cipher object not completed. Expected call to init
			at statement: $r3 = <g6.e1: l6.u a>

		IncompleteOperationError violating CrySL rule for javax.crypto.Cipher (on Object #1b4083a8cb252a31658cc7fd7ed3885e4c8fa170431910aba1a31dbce1a6b25d)
			Operation on object of type javax.crypto.Cipher object not completed. Expected call to init
			at statement: $r3 = $r7


	 in Method: java.lang.Object Q(java.lang.Object)
		IncompleteOperationError violating CrySL rule for javax.crypto.Cipher (on Object #45613a3a3741ad4e650469c0b2cfd2bf20227231c1d3028abd8aef070c7da7ce)
			Operation on object of type javax.crypto.Cipher object not completed. Expected call to init
			at statement: $r8 = null

		IncompleteOperationError violating CrySL rule for javax.crypto.Cipher (on Object #45613a3a3741ad4e650469c0b2cfd2bf20227231c1d3028abd8aef070c7da7ce)
			Operation on object of type javax.crypto.Cipher object not completed. Expected call to init
			at statement: $r8 = (g6.v) $r1

		IncompleteOperationError violating CrySL rule for javax.crypto.Cipher (on Object #1b4083a8cb252a31658cc7fd7ed3885e4c8fa170431910aba1a31dbce1a6b25d)
			Operation on object of type javax.crypto.Cipher object not completed. Expected call to init
			at statement: $r8 = null

		IncompleteOperationError violating CrySL rule for javax.crypto.Cipher (on Object #1b4083a8cb252a31658cc7fd7ed3885e4c8fa170431910aba1a31dbce1a6b25d)
			Operation on object of type javax.crypto.Cipher object not completed. Expected call to init
			at statement: $r8 = (g6.v) $r1


Findings in Java Class: u5.a

	 in Method: void m(w5.p,java.lang.Object,o5.d,w5.l,int)
		IncompleteOperationError violating CrySL rule for javax.crypto.Cipher (on Object #45613a3a3741ad4e650469c0b2cfd2bf20227231c1d3028abd8aef070c7da7ce)
			Operation on object of type javax.crypto.Cipher object not completed. Expected call to init
			at statement: staticinvoke <l6.h: void a(o5.d,java.lang.Object,w5.l)>($r4, $r5, varReplacer2840)

		IncompleteOperationError violating CrySL rule for javax.crypto.Cipher (on Object #1b4083a8cb252a31658cc7fd7ed3885e4c8fa170431910aba1a31dbce1a6b25d)
			Operation on object of type javax.crypto.Cipher object not completed. Expected call to init
			at statement: staticinvoke <l6.h: void a(o5.d,java.lang.Object,w5.l)>($r4, $r5, varReplacer2840)

		IncompleteOperationError violating CrySL rule for javax.crypto.Cipher (on Object #45613a3a3741ad4e650469c0b2cfd2bf20227231c1d3028abd8aef070c7da7ce)
			Operation on object of type javax.crypto.Cipher object not completed. Expected call to init
			at statement: interfaceinvoke $r0.<o5.d: void resumeWith(java.lang.Object)>($r2)

		IncompleteOperationError violating CrySL rule for javax.crypto.Cipher (on Object #1b4083a8cb252a31658cc7fd7ed3885e4c8fa170431910aba1a31dbce1a6b25d)
			Operation on object of type javax.crypto.Cipher object not completed. Expected call to init
			at statement: interfaceinvoke $r0.<o5.d: void resumeWith(java.lang.Object)>($r2)


Findings in Java Class: g6.f1

	 in Method: void V()
		IncompleteOperationError violating CrySL rule for javax.crypto.Cipher (on Object #45613a3a3741ad4e650469c0b2cfd2bf20227231c1d3028abd8aef070c7da7ce)
			Operation on object of type javax.crypto.Cipher object not completed. Expected call to init
			at statement: staticinvoke <l6.h: void b(o5.d,java.lang.Object,w5.l,int)>($r1, $r2, varReplacer23987, varReplacer23988)

		IncompleteOperationError violating CrySL rule for javax.crypto.Cipher (on Object #1b4083a8cb252a31658cc7fd7ed3885e4c8fa170431910aba1a31dbce1a6b25d)
			Operation on object of type javax.crypto.Cipher object not completed. Expected call to init
			at statement: staticinvoke <l6.h: void b(o5.d,java.lang.Object,w5.l,int)>($r1, $r2, varReplacer23987, varReplacer23988)

		IncompleteOperationError violating CrySL rule for javax.crypto.Cipher (on Object #45613a3a3741ad4e650469c0b2cfd2bf20227231c1d3028abd8aef070c7da7ce)
			Operation on object of type javax.crypto.Cipher object not completed. Expected call to init
			at statement: interfaceinvoke r0.<o5.d: void resumeWith(java.lang.Object)>($r4)

		IncompleteOperationError violating CrySL rule for javax.crypto.Cipher (on Object #1b4083a8cb252a31658cc7fd7ed3885e4c8fa170431910aba1a31dbce1a6b25d)
			Operation on object of type javax.crypto.Cipher object not completed. Expected call to init
			at statement: interfaceinvoke r0.<o5.d: void resumeWith(java.lang.Object)>($r4)


Findings in Java Class: g6.d1$b

	 in Method: void v(java.lang.Throwable)
		IncompleteOperationError violating CrySL rule for javax.crypto.Cipher (on Object #45613a3a3741ad4e650469c0b2cfd2bf20227231c1d3028abd8aef070c7da7ce)
			Operation on object of type javax.crypto.Cipher object not completed. Expected call to init
			at statement: virtualinvoke $r4.<g6.d1: void t(java.lang.Object)>($r1)

		IncompleteOperationError violating CrySL rule for javax.crypto.Cipher (on Object #1b4083a8cb252a31658cc7fd7ed3885e4c8fa170431910aba1a31dbce1a6b25d)
			Operation on object of type javax.crypto.Cipher object not completed. Expected call to init
			at statement: virtualinvoke $r4.<g6.d1: void t(java.lang.Object)>($r1)


Findings in Java Class: n1.g

	 in Method: java.lang.Object b(j1.s,o5.d)
		IncompleteOperationError violating CrySL rule for javax.crypto.Cipher (on Object #45613a3a3741ad4e650469c0b2cfd2bf20227231c1d3028abd8aef070c7da7ce)
			Operation on object of type javax.crypto.Cipher object not completed. Expected call to init
			at statement: virtualinvoke $r1.<o5.i: void resumeWith(java.lang.Object)>($r4)

		IncompleteOperationError violating CrySL rule for javax.crypto.Cipher (on Object #1b4083a8cb252a31658cc7fd7ed3885e4c8fa170431910aba1a31dbce1a6b25d)
			Operation on object of type javax.crypto.Cipher object not completed. Expected call to init
			at statement: virtualinvoke $r1.<o5.i: void resumeWith(java.lang.Object)>($r4)

		IncompleteOperationError violating CrySL rule for javax.crypto.Cipher (on Object #45613a3a3741ad4e650469c0b2cfd2bf20227231c1d3028abd8aef070c7da7ce)
			Operation on object of type javax.crypto.Cipher object not completed. Expected call to init
			at statement: $r9 = virtualinvoke $r6.<j1.k$a: j1.k a(java.lang.Throwable,j1.w)>($r5, $r4)

		IncompleteOperationError violating CrySL rule for javax.crypto.Cipher (on Object #1b4083a8cb252a31658cc7fd7ed3885e4c8fa170431910aba1a31dbce1a6b25d)
			Operation on object of type javax.crypto.Cipher object not completed. Expected call to init
			at statement: $r9 = virtualinvoke $r6.<j1.k$a: j1.k a(java.lang.Throwable,j1.w)>($r5, $r4)


Findings in Java Class: g6.a

	 in Method: void g0(int,java.lang.Object,w5.p)
		IncompleteOperationError violating CrySL rule for javax.crypto.Cipher (on Object #45613a3a3741ad4e650469c0b2cfd2bf20227231c1d3028abd8aef070c7da7ce)
			Operation on object of type javax.crypto.Cipher object not completed. Expected call to init
			at statement: interfaceinvoke $r11.<o5.d: void resumeWith(java.lang.Object)>($r12)

		IncompleteOperationError violating CrySL rule for javax.crypto.Cipher (on Object #1b4083a8cb252a31658cc7fd7ed3885e4c8fa170431910aba1a31dbce1a6b25d)
			Operation on object of type javax.crypto.Cipher object not completed. Expected call to init
			at statement: interfaceinvoke $r11.<o5.d: void resumeWith(java.lang.Object)>($r12)

		IncompleteOperationError violating CrySL rule for javax.crypto.Cipher (on Object #45613a3a3741ad4e650469c0b2cfd2bf20227231c1d3028abd8aef070c7da7ce)
			Operation on object of type javax.crypto.Cipher object not completed. Expected call to init
			at statement: virtualinvoke r0.<g6.a: void resumeWith(java.lang.Object)>($r5)

		IncompleteOperationError violating CrySL rule for javax.crypto.Cipher (on Object #1b4083a8cb252a31658cc7fd7ed3885e4c8fa170431910aba1a31dbce1a6b25d)
			Operation on object of type javax.crypto.Cipher object not completed. Expected call to init
			at statement: virtualinvoke r0.<g6.a: void resumeWith(java.lang.Object)>($r5)


Findings in Java Class: e6.i

	 in Method: java.lang.Object invoke(java.lang.Object,java.lang.Object)
		IncompleteOperationError violating CrySL rule for javax.crypto.Cipher (on Object #45613a3a3741ad4e650469c0b2cfd2bf20227231c1d3028abd8aef070c7da7ce)
			Operation on object of type javax.crypto.Cipher object not completed. Expected call to init
			at statement: $i0 = staticinvoke <e6.l: int V(java.lang.CharSequence,char[],int,boolean)>($r3, $r5, $i0, $z0)

		IncompleteOperationError violating CrySL rule for javax.crypto.Cipher (on Object #1b4083a8cb252a31658cc7fd7ed3885e4c8fa170431910aba1a31dbce1a6b25d)
			Operation on object of type javax.crypto.Cipher object not completed. Expected call to init
			at statement: $i0 = staticinvoke <e6.l: int V(java.lang.CharSequence,char[],int,boolean)>($r3, $r5, $i0, $z0)


Findings in Java Class: u5.b

	 in Method: java.lang.Object D(l6.s,java.lang.Object,w5.p)
		IncompleteOperationError violating CrySL rule for javax.crypto.Cipher (on Object #45613a3a3741ad4e650469c0b2cfd2bf20227231c1d3028abd8aef070c7da7ce)
			Operation on object of type javax.crypto.Cipher object not completed. Expected call to init
			at statement: $r5 = (g6.v) $r1

		IncompleteOperationError violating CrySL rule for javax.crypto.Cipher (on Object #1b4083a8cb252a31658cc7fd7ed3885e4c8fa170431910aba1a31dbce1a6b25d)
			Operation on object of type javax.crypto.Cipher object not completed. Expected call to init
			at statement: $r5 = (g6.v) $r1


	 in Method: void A(g6.h0,o5.d,boolean)
		IncompleteOperationError violating CrySL rule for javax.crypto.Cipher (on Object #45613a3a3741ad4e650469c0b2cfd2bf20227231c1d3028abd8aef070c7da7ce)
			Operation on object of type javax.crypto.Cipher object not completed. Expected call to init
			at statement: interfaceinvoke $r2.<o5.d: void resumeWith(java.lang.Object)>($r3)

		IncompleteOperationError violating CrySL rule for javax.crypto.Cipher (on Object #45613a3a3741ad4e650469c0b2cfd2bf20227231c1d3028abd8aef070c7da7ce)
			Operation on object of type javax.crypto.Cipher object not completed. Expected call to init
			at statement: interfaceinvoke $r2.<o5.d: void resumeWith(java.lang.Object)>($r3)

		IncompleteOperationError violating CrySL rule for javax.crypto.Cipher (on Object #1b4083a8cb252a31658cc7fd7ed3885e4c8fa170431910aba1a31dbce1a6b25d)
			Operation on object of type javax.crypto.Cipher object not completed. Expected call to init
			at statement: interfaceinvoke $r2.<o5.d: void resumeWith(java.lang.Object)>($r3)

		IncompleteOperationError violating CrySL rule for javax.crypto.Cipher (on Object #1b4083a8cb252a31658cc7fd7ed3885e4c8fa170431910aba1a31dbce1a6b25d)
			Operation on object of type javax.crypto.Cipher object not completed. Expected call to init
			at statement: interfaceinvoke $r2.<o5.d: void resumeWith(java.lang.Object)>($r3)


Findings in Java Class: audio.funkwhale.ffa.activities.DownloadsActivity

	 in Method: java.lang.Object refreshTrack(t2.c,o5.d)
		IncompleteOperationError violating CrySL rule for javax.crypto.Cipher (on Object #45613a3a3741ad4e650469c0b2cfd2bf20227231c1d3028abd8aef070c7da7ce)
			Operation on object of type javax.crypto.Cipher object not completed. Expected call to init
			at statement: $r4 = staticinvoke <u5.b: java.lang.Object I(o5.f,w5.p,o5.d)>($r25, $r26, $r3)

		IncompleteOperationError violating CrySL rule for javax.crypto.Cipher (on Object #45613a3a3741ad4e650469c0b2cfd2bf20227231c1d3028abd8aef070c7da7ce)
			Operation on object of type javax.crypto.Cipher object not completed. Expected call to init
			at statement: $r4 = staticinvoke <u5.b: java.lang.Object I(o5.f,w5.p,o5.d)>($r25, $r26, $r3)

		IncompleteOperationError violating CrySL rule for javax.crypto.Cipher (on Object #1b4083a8cb252a31658cc7fd7ed3885e4c8fa170431910aba1a31dbce1a6b25d)
			Operation on object of type javax.crypto.Cipher object not completed. Expected call to init
			at statement: $r4 = staticinvoke <u5.b: java.lang.Object I(o5.f,w5.p,o5.d)>($r25, $r26, $r3)

		IncompleteOperationError violating CrySL rule for javax.crypto.Cipher (on Object #1b4083a8cb252a31658cc7fd7ed3885e4c8fa170431910aba1a31dbce1a6b25d)
			Operation on object of type javax.crypto.Cipher object not completed. Expected call to init
			at statement: $r4 = staticinvoke <u5.b: java.lang.Object I(o5.f,w5.p,o5.d)>($r25, $r26, $r3)

		IncompleteOperationError violating CrySL rule for javax.crypto.Cipher (on Object #45613a3a3741ad4e650469c0b2cfd2bf20227231c1d3028abd8aef070c7da7ce)
			Operation on object of type javax.crypto.Cipher object not completed. Expected call to init
			at statement: $r3 = (audio.funkwhale.ffa.activities.DownloadsActivity$refreshTrack$1) $r2

		IncompleteOperationError violating CrySL rule for javax.crypto.Cipher (on Object #1b4083a8cb252a31658cc7fd7ed3885e4c8fa170431910aba1a31dbce1a6b25d)
			Operation on object of type javax.crypto.Cipher object not completed. Expected call to init
			at statement: $r3 = (audio.funkwhale.ffa.activities.DownloadsActivity$refreshTrack$1) $r2

		IncompleteOperationError violating CrySL rule for javax.crypto.Cipher (on Object #45613a3a3741ad4e650469c0b2cfd2bf20227231c1d3028abd8aef070c7da7ce)
			Operation on object of type javax.crypto.Cipher object not completed. Expected call to init
			at statement: staticinvoke <m1.k: void s(java.lang.Object)>($r4)

		IncompleteOperationError violating CrySL rule for javax.crypto.Cipher (on Object #45613a3a3741ad4e650469c0b2cfd2bf20227231c1d3028abd8aef070c7da7ce)
			Operation on object of type javax.crypto.Cipher object not completed. Expected call to init
			at statement: staticinvoke <m1.k: void s(java.lang.Object)>($r4)

		IncompleteOperationError violating CrySL rule for javax.crypto.Cipher (on Object #1b4083a8cb252a31658cc7fd7ed3885e4c8fa170431910aba1a31dbce1a6b25d)
			Operation on object of type javax.crypto.Cipher object not completed. Expected call to init
			at statement: staticinvoke <m1.k: void s(java.lang.Object)>($r4)

		IncompleteOperationError violating CrySL rule for javax.crypto.Cipher (on Object #1b4083a8cb252a31658cc7fd7ed3885e4c8fa170431910aba1a31dbce1a6b25d)
			Operation on object of type javax.crypto.Cipher object not completed. Expected call to init
			at statement: staticinvoke <m1.k: void s(java.lang.Object)>($r4)

		IncompleteOperationError violating CrySL rule for javax.crypto.Cipher (on Object #45613a3a3741ad4e650469c0b2cfd2bf20227231c1d3028abd8aef070c7da7ce)
			Operation on object of type javax.crypto.Cipher object not completed. Expected call to init
			at statement: $r4 = staticinvoke <m5.j: java.lang.Object F(java.util.List,int)>($r9, varReplacer17193)

		IncompleteOperationError violating CrySL rule for javax.crypto.Cipher (on Object #1b4083a8cb252a31658cc7fd7ed3885e4c8fa170431910aba1a31dbce1a6b25d)
			Operation on object of type javax.crypto.Cipher object not completed. Expected call to init
			at statement: $r4 = staticinvoke <m5.j: java.lang.Object F(java.util.List,int)>($r9, varReplacer17193)

		IncompleteOperationError violating CrySL rule for javax.crypto.Cipher (on Object #45613a3a3741ad4e650469c0b2cfd2bf20227231c1d3028abd8aef070c7da7ce)
			Operation on object of type javax.crypto.Cipher object not completed. Expected call to init
			at statement: specialinvoke $r3.<audio.funkwhale.ffa.activities.DownloadsActivity$refreshTrack$1: void <init>(audio.funkwhale.ffa.activities.DownloadsActivity,o5.d)>(r0, $r2)

		IncompleteOperationError violating CrySL rule for javax.crypto.Cipher (on Object #1b4083a8cb252a31658cc7fd7ed3885e4c8fa170431910aba1a31dbce1a6b25d)
			Operation on object of type javax.crypto.Cipher object not completed. Expected call to init
			at statement: specialinvoke $r3.<audio.funkwhale.ffa.activities.DownloadsActivity$refreshTrack$1: void <init>(audio.funkwhale.ffa.activities.DownloadsActivity,o5.d)>(r0, $r2)


Findings in Java Class: a7.e

	 in Method: javax.net.ssl.SSLContext g()
		ConstraintError violating CrySL rule for javax.net.ssl.SSLContext (on Object #c251f5c58f08ddbfde2830af8347646dd71dea2effcd7b755bd2da8320550255)
			First parameter (with value "TLS") should be any of {TLSv1.2, TLSv1.3}
			at statement: $r2 = staticinvoke <javax.net.ssl.SSLContext: javax.net.ssl.SSLContext getInstance(java.lang.String)>(varReplacer28481)


Findings in Java Class: a7.b

	 in Method: javax.net.ssl.SSLContext g()
		ConstraintError violating CrySL rule for javax.net.ssl.SSLContext (on Object #9c7810174c9a1bcf800873bf81730385baf11101ebbae8310335e9081776de63)
			First parameter (with value "TLS") should be any of {TLSv1.2, TLSv1.3}
			at statement: $r2 = staticinvoke <javax.net.ssl.SSLContext: javax.net.ssl.SSLContext getInstance(java.lang.String,java.security.Provider)>(varReplacer28483, $r1)


Findings in Java Class: d7.i

	 in Method: d7.i e(java.lang.String)
		ConstraintError violating CrySL rule for java.security.MessageDigest (on Object #92b64d1e390e57868b392dbe57fd78a85b04cdc5efd960a97603c16c177f6c1e)
			First parameter (with value "MD5") should be any of {SHA-256, SHA-384, SHA-512}
			at statement: $r2 = staticinvoke <java.security.MessageDigest: java.security.MessageDigest getInstance(java.lang.String)>($r1)


Findings in Java Class: s6.c$d

	 in Method: java.util.List a(d7.h)
		IncompleteOperationError violating CrySL rule for java.security.cert.CertificateFactory (on Object #f4c83d74f5ea117507d8d96bd2e95f3627e6629dcc6e8d5eff69bc35306187a9)
			Operation on object of type java.security.cert.CertificateFactory object not completed. Expected call to generateCertPath, generateCRL, java.security.cert.CertificateFactory: java.security.cert.Certificate generateCertificate(java.io.InputStream)
			at statement: $r10 = virtualinvoke $r5.<java.security.cert.CertificateFactory: java.security.cert.Certificate generateCertificate(java.io.InputStream)>($r9)

		IncompleteOperationError violating CrySL rule for java.security.cert.CertificateFactory (on Object #f4c83d74f5ea117507d8d96bd2e95f3627e6629dcc6e8d5eff69bc35306187a9)
			Operation on object of type java.security.cert.CertificateFactory object not completed. Expected call to generateCertificate, generateCertPath, generateCRL
			at statement: $r5 = staticinvoke <java.security.cert.CertificateFactory: java.security.cert.CertificateFactory getInstance(java.lang.String)>(varReplacer33281)

		TypestateError violating CrySL rule for java.security.cert.CertificateFactory (on Object #f4c83d74f5ea117507d8d96bd2e95f3627e6629dcc6e8d5eff69bc35306187a9)
			Unexpected call to method generateCertificate on object of type java.security.cert.CertificateFactory. Expect a call to one of the following methods generateCRL
			at statement: $r10 = virtualinvoke $r5.<java.security.cert.CertificateFactory: java.security.cert.Certificate generateCertificate(java.io.InputStream)>($r9)


Findings in Java Class: s6.t

	 in Method: void <init>(s6.t$b)
		RequiredPredicateError violating CrySL rule for javax.net.ssl.SSLContext
			First parameter was not properly generated as generatedKeyManagers
			at statement: virtualinvoke $r19.<javax.net.ssl.SSLContext: void init(javax.net.ssl.KeyManager[],javax.net.ssl.TrustManager[],java.security.SecureRandom)>(varReplacer24663, $r15, varReplacer24663)

		RequiredPredicateError violating CrySL rule for javax.net.ssl.SSLContext
			Third parameter was not properly generated as randomized
			at statement: virtualinvoke $r19.<javax.net.ssl.SSLContext: void init(javax.net.ssl.KeyManager[],javax.net.ssl.TrustManager[],java.security.SecureRandom)>(varReplacer24663, $r15, varReplacer24663)

		RequiredPredicateError violating CrySL rule for javax.net.ssl.SSLContext
			Second parameter was not properly generated as generatedTrustManagers
			at statement: virtualinvoke $r19.<javax.net.ssl.SSLContext: void init(javax.net.ssl.KeyManager[],javax.net.ssl.TrustManager[],java.security.SecureRandom)>(varReplacer24663, $r15, varReplacer24663)

		RequiredPredicateError violating CrySL rule for javax.net.ssl.TrustManagerFactory
			First parameter was not properly generated as generatedKeyStore
			at statement: virtualinvoke $r14.<javax.net.ssl.TrustManagerFactory: void init(java.security.KeyStore)>(varReplacer24660)


======================= CryptoAnalysis Summary ==========================
	Number of CrySL rules: 49
	Number of Objects Analyzed: 29

	CryptoAnalysis found the following violations. For details see description above.
	ConstraintError: 4
	IncompleteOperationError: 60
	RequiredPredicateError: 7
	TypestateError: 1
=====================================================================
