0    [main] WARN  pes.access.impl.DeclaredTypeFactory  - --- xtext.common.types ---------------------------------------------------
1    [main] WARN  pes.access.impl.DeclaredTypeFactory  - ASM library is too old. Falling back to java.lang.reflect API.
1    [main] WARN  pes.access.impl.DeclaredTypeFactory  - Please note that no information about compile time constants is available.
1    [main] WARN  pes.access.impl.DeclaredTypeFactory  - It's recommended to use org.objectweb.asm 9.1.0 or better (Maven group id: org.ow2.asm).
1    [main] WARN  pes.access.impl.DeclaredTypeFactory  - --------------------------------------------------------------------------
Ruleset: 
	java.security.cert.TrustAnchor
	javax.crypto.spec.GCMParameterSpec
	javax.xml.crypto.dsig.spec.HMACParameterSpec
	java.security.KeyPair
	java.security.DigestOutputStream
	javax.net.ssl.KeyStoreBuilderParameters
	javax.crypto.spec.OAEPParameterSpec
	javax.net.ssl.SSLContext
	javax.crypto.spec.DHGenParameterSpec
	javax.crypto.CipherOutputStream
	java.security.Key
	javax.crypto.SecretKeyFactory
	java.security.cert.PKIXBuilderParameters
	java.security.KeyFactory
	javax.crypto.spec.PBEKeySpec
	java.security.spec.DSAGenParameterSpec
	java.security.KeyPairGenerator
	javax.crypto.CipherInputStream
	javax.net.ssl.CertPathTrustManagerParameters
	java.security.cert.CertificateFactory
	java.security.SecureRandom
	java.security.spec.MGF1ParameterSpec
	javax.net.ssl.SSLEngine
	javax.crypto.spec.DHParameterSpec
	java.security.spec.DSAParameterSpec
	java.security.spec.ECParameterSpec
	java.security.spec.RSAKeyGenParameterSpec
	javax.crypto.spec.IvParameterSpec
	javax.crypto.Cipher
	javax.crypto.spec.PBEParameterSpec
	java.security.AlgorithmParameterGenerator
	java.security.spec.X509EncodedKeySpec
	javax.net.ssl.TrustManagerFactory
	java.security.DigestInputStream
	void
	javax.net.ssl.KeyManagerFactory
	java.security.cert.PKIXParameters
	java.net.PasswordAuthentication
	java.security.AlgorithmParameters
	javax.crypto.KeyAgreement
	javax.crypto.spec.SecretKeySpec
	javax.net.ssl.SSLParameters
	java.security.MessageDigest
	javax.crypto.SecretKey
	javax.crypto.KeyGenerator
	java.security.KeyStore
	javax.crypto.Mac
	java.security.spec.ECGenParameterSpec
	java.security.Signature

Analyzed Objects: 
	Object:
		Variable: $r3
		Type: javax.net.ssl.TrustManagerFactory
		Statement: $r3 = staticinvoke <javax.net.ssl.TrustManagerFactory: javax.net.ssl.TrustManagerFactory getInstance(java.lang.String)>($r2)
		Method: <okhttp3.OkHttpClient: javax.net.ssl.X509TrustManager systemDefaultTrustManager()>
		SHA-256: 131be75562789377964b01a1048670ba51f7fa7f9f94e1fbf399e843541d1155
		Secure: false
	Object:
		Variable: $r5
		Type: javax.net.ssl.SSLContext
		Statement: $r5 = staticinvoke <javax.net.ssl.SSLContext: javax.net.ssl.SSLContext getInstance(java.lang.String)>(varReplacer7246)
		Method: <com.github.kittinunf.fuel.core.FuelManager$socketFactory$2: javax.net.ssl.SSLSocketFactory invoke()>
		SHA-256: 1afcf8105e72569f3dcee1d10e1daa6c4fb672e5c133992a9e364bbb5d146a6a
		Secure: false
	Object:
		Variable: $r4
		Type: java.security.MessageDigest
		Statement: $r4 = staticinvoke <java.security.MessageDigest: java.security.MessageDigest getInstance(java.lang.String)>($r1)
		Method: <okio.ByteString: okio.ByteString digest(java.lang.String)>
		SHA-256: 6e045f7584747c327a9d5bb550347ce4daef9811052466088da0d8d5aee24032
		Secure: false
	Object:
		Variable: $r4
		Type: javax.net.ssl.TrustManager[]
		Statement: $r4 = virtualinvoke $r3.<javax.net.ssl.TrustManagerFactory: javax.net.ssl.TrustManager[] getTrustManagers()>()
		Method: <okhttp3.OkHttpClient: javax.net.ssl.X509TrustManager systemDefaultTrustManager()>
		SHA-256: 1a27914d4fa0cccd4258c31d2327789a4c4f86227090a14ea854b6b35086568
		Secure: false
	Object:
		Variable: $r3
		Type: byte[]
		Statement: $r3 = virtualinvoke $r4.<java.security.MessageDigest: byte[] digest(byte[])>($r3)
		Method: <okio.ByteString: okio.ByteString digest(java.lang.String)>
		SHA-256: 7b779354a7d31deee89324042f17da1ef594752c07a3354862823145813b961a
		Secure: false
	Object:
		Variable: $r6
		Type: javax.net.ssl.TrustManager[]
		Statement: $r6 = virtualinvoke $r4.<javax.net.ssl.TrustManagerFactory: javax.net.ssl.TrustManager[] getTrustManagers()>()
		Method: <com.github.kittinunf.fuel.core.FuelManager$socketFactory$2: javax.net.ssl.SSLSocketFactory invoke()>
		SHA-256: bd6ca2c2c99dab9af42ccf65c788dd3e33ad24c0f4c9f02b5def422342115f1d
		Secure: false
	Object:
		Variable: $r2
		Type: java.security.MessageDigest
		Statement: $r2 = staticinvoke <java.security.MessageDigest: java.security.MessageDigest getInstance(java.lang.String)>(varReplacer5285)
		Method: <com.facebook.common.util.SecureHashUtil: java.lang.String makeSHA1HashBase64(byte[])>
		SHA-256: 245568ccadad36b1bf3978d77230144bb5b4088ed4a83944911b3ee138f6a011
		Secure: false
	Object:
		Variable: $r2
		Type: java.security.MessageDigest
		Statement: $r2 = staticinvoke <java.security.MessageDigest: java.security.MessageDigest getInstance(java.lang.String)>(varReplacer19534)
		Method: <com.bumptech.glide.load.engine.cache.SafeKeyGenerator$1: com.bumptech.glide.load.engine.cache.SafeKeyGenerator$PoolableDigestContainer create()>
		SHA-256: 2b0b2df53bcfed0d1a0a22d8912d08ee55cc13f17d901406cec918bd51f6525c
		Secure: true
	Object:
		Variable: $r4
		Type: javax.net.ssl.TrustManagerFactory
		Statement: $r4 = staticinvoke <javax.net.ssl.TrustManagerFactory: javax.net.ssl.TrustManagerFactory getInstance(java.lang.String)>($r3)
		Method: <com.github.kittinunf.fuel.core.FuelManager$socketFactory$2: javax.net.ssl.SSLSocketFactory invoke()>
		SHA-256: fd82073dbb84cf16934867a67c05cb8d37ccb9f881d0fe2657626abbc1c940e1
		Secure: false
	Object:
		Variable: $r0
		Type: byte[]
		Statement: $r0 = virtualinvoke $r2.<java.security.MessageDigest: byte[] digest()>()
		Method: <com.facebook.common.util.SecureHashUtil: java.lang.String makeSHA1HashBase64(byte[])>
		SHA-256: 7d25e2f8cec37c5f773b09c19b1e43c84652d184f2b06183f98b76dd8adf6ccb
		Secure: false
	Object:
		Variable: $r3
		Type: javax.net.ssl.SSLContext
		Statement: $r3 = staticinvoke <javax.net.ssl.SSLContext: javax.net.ssl.SSLContext getInstance(java.lang.String)>(varReplacer7223)
		Method: <okhttp3.OkHttpClient: javax.net.ssl.SSLSocketFactory systemDefaultSslSocketFactory(javax.net.ssl.X509TrustManager)>
		SHA-256: ce4cc90311e03a84ea268a1660c1314476d0103987f7596b1946d11cdf2dfb94
		Secure: false
	Object:
		Variable: $r5
		Type: java.security.cert.CertificateFactory
		Statement: $r5 = staticinvoke <java.security.cert.CertificateFactory: java.security.cert.CertificateFactory getInstance(java.lang.String)>(varReplacer23852)
		Method: <okhttp3.Cache$Entry: java.util.List readCertificateList(okio.BufferedSource)>
		SHA-256: 74f1087302938af302be43fd39c494c649937469f5f8427da51addcfdafdf86c
		Secure: false

Findings in Java Class: com.facebook.common.util.SecureHashUtil

	 in Method: java.lang.String makeSHA1HashBase64(byte[])
		ConstraintError violating CrySL rule for java.security.MessageDigest (on Object #245568ccadad36b1bf3978d77230144bb5b4088ed4a83944911b3ee138f6a011)
			First parameter (with value "SHA-1") should be any of {SHA-256, SHA-384, SHA-512}
			at statement: $r2 = staticinvoke <java.security.MessageDigest: java.security.MessageDigest getInstance(java.lang.String)>(varReplacer5285)


Findings in Java Class: okhttp3.OkHttpClient

	 in Method: javax.net.ssl.SSLSocketFactory systemDefaultSslSocketFactory(javax.net.ssl.X509TrustManager)
		ConstraintError violating CrySL rule for javax.net.ssl.SSLContext (on Object #ce4cc90311e03a84ea268a1660c1314476d0103987f7596b1946d11cdf2dfb94)
			First parameter (with value "TLS") should be any of {TLSv1.2, TLSv1.3}
			at statement: $r3 = staticinvoke <javax.net.ssl.SSLContext: javax.net.ssl.SSLContext getInstance(java.lang.String)>(varReplacer7223)

		RequiredPredicateError violating CrySL rule for javax.net.ssl.SSLContext
			Second parameter was not properly generated as generatedTrustManagers
			at statement: virtualinvoke $r3.<javax.net.ssl.SSLContext: void init(javax.net.ssl.KeyManager[],javax.net.ssl.TrustManager[],java.security.SecureRandom)>(varReplacer7224, $r7, varReplacer7224)

		RequiredPredicateError violating CrySL rule for javax.net.ssl.SSLContext
			First parameter was not properly generated as generatedKeyManagers
			at statement: virtualinvoke $r3.<javax.net.ssl.SSLContext: void init(javax.net.ssl.KeyManager[],javax.net.ssl.TrustManager[],java.security.SecureRandom)>(varReplacer7224, $r7, varReplacer7224)

		RequiredPredicateError violating CrySL rule for javax.net.ssl.SSLContext
			Third parameter was not properly generated as randomized
			at statement: virtualinvoke $r3.<javax.net.ssl.SSLContext: void init(javax.net.ssl.KeyManager[],javax.net.ssl.TrustManager[],java.security.SecureRandom)>(varReplacer7224, $r7, varReplacer7224)


	 in Method: javax.net.ssl.X509TrustManager systemDefaultTrustManager()
		RequiredPredicateError violating CrySL rule for javax.net.ssl.TrustManagerFactory
			First parameter was not properly generated as generatedKeyStore
			at statement: virtualinvoke $r3.<javax.net.ssl.TrustManagerFactory: void init(java.security.KeyStore)>(varReplacer7222)


Findings in Java Class: com.github.kittinunf.fuel.core.FuelManager$socketFactory$2

	 in Method: javax.net.ssl.SSLSocketFactory invoke()
		RequiredPredicateError violating CrySL rule for javax.net.ssl.SSLContext
			Third parameter was not properly generated as randomized
			at statement: virtualinvoke $r5.<javax.net.ssl.SSLContext: void init(javax.net.ssl.KeyManager[],javax.net.ssl.TrustManager[],java.security.SecureRandom)>(varReplacer7247, $r6, varReplacer7247)

		RequiredPredicateError violating CrySL rule for javax.net.ssl.TrustManagerFactory
			First parameter was not properly generated as generatedKeyStore
			at statement: virtualinvoke $r4.<javax.net.ssl.TrustManagerFactory: void init(java.security.KeyStore)>($r2)

		RequiredPredicateError violating CrySL rule for javax.net.ssl.SSLContext
			First parameter was not properly generated as generatedKeyManagers
			at statement: virtualinvoke $r5.<javax.net.ssl.SSLContext: void init(javax.net.ssl.KeyManager[],javax.net.ssl.TrustManager[],java.security.SecureRandom)>(varReplacer7247, $r6, varReplacer7247)

		ConstraintError violating CrySL rule for javax.net.ssl.SSLContext (on Object #1afcf8105e72569f3dcee1d10e1daa6c4fb672e5c133992a9e364bbb5d146a6a)
			First parameter (with value "SSL") should be any of {TLSv1.2, TLSv1.3}
			at statement: $r5 = staticinvoke <javax.net.ssl.SSLContext: javax.net.ssl.SSLContext getInstance(java.lang.String)>(varReplacer7246)

		RequiredPredicateError violating CrySL rule for javax.net.ssl.SSLContext
			Second parameter was not properly generated as generatedTrustManagers
			at statement: virtualinvoke $r5.<javax.net.ssl.SSLContext: void init(javax.net.ssl.KeyManager[],javax.net.ssl.TrustManager[],java.security.SecureRandom)>(varReplacer7247, $r6, varReplacer7247)


Findings in Java Class: okio.ByteString

	 in Method: okio.ByteString digest(java.lang.String)
		ConstraintError violating CrySL rule for java.security.MessageDigest (on Object #6e045f7584747c327a9d5bb550347ce4daef9811052466088da0d8d5aee24032)
			First parameter (with value "SHA-1") should be any of {SHA-256, SHA-384, SHA-512}
			at statement: $r4 = staticinvoke <java.security.MessageDigest: java.security.MessageDigest getInstance(java.lang.String)>($r1)

		ConstraintError violating CrySL rule for java.security.MessageDigest (on Object #6e045f7584747c327a9d5bb550347ce4daef9811052466088da0d8d5aee24032)
			First parameter (with value "MD5") should be any of {SHA-256, SHA-384, SHA-512}
			at statement: $r4 = staticinvoke <java.security.MessageDigest: java.security.MessageDigest getInstance(java.lang.String)>($r1)


Findings in Java Class: com.bumptech.glide.load.engine.DecodePath

	 in Method: com.bumptech.glide.load.engine.Resource decodeResource(com.bumptech.glide.load.data.DataRewinder,int,int,com.bumptech.glide.load.Options)
		IncompleteOperationError violating CrySL rule for java.security.MessageDigest (on Object #2b0b2df53bcfed0d1a0a22d8912d08ee55cc13f17d901406cec918bd51f6525c)
			Operation on object of type java.security.MessageDigest object not completed. Expected call to digest, update
			at statement: interfaceinvoke $r3.<android.support.v4.util.Pools$Pool: boolean release(java.lang.Object)>(r5)


	 in Method: com.bumptech.glide.load.engine.Resource decodeResourceWithList(com.bumptech.glide.load.data.DataRewinder,int,int,com.bumptech.glide.load.Options,java.util.List)
		IncompleteOperationError violating CrySL rule for java.security.MessageDigest (on Object #2b0b2df53bcfed0d1a0a22d8912d08ee55cc13f17d901406cec918bd51f6525c)
			Operation on object of type java.security.MessageDigest object not completed. Expected call to digest, update
			at statement: specialinvoke $r12.<java.util.ArrayList: void <init>(java.util.Collection)>(r3)


Findings in Java Class: android.support.v4.util.Pools$SimplePool

	 in Method: boolean release(java.lang.Object)
		IncompleteOperationError violating CrySL rule for java.security.MessageDigest (on Object #2b0b2df53bcfed0d1a0a22d8912d08ee55cc13f17d901406cec918bd51f6525c)
			Operation on object of type java.security.MessageDigest object not completed. Expected call to digest, update
			at statement: $z0 = specialinvoke r0.<android.support.v4.util.Pools$SimplePool: boolean isInPool(java.lang.Object)>(r1)


Findings in Java Class: okhttp3.Cache$Entry

	 in Method: java.util.List readCertificateList(okio.BufferedSource)
		IncompleteOperationError violating CrySL rule for java.security.cert.CertificateFactory (on Object #74f1087302938af302be43fd39c494c649937469f5f8427da51addcfdafdf86c)
			Operation on object of type java.security.cert.CertificateFactory object not completed. Expected call to generateCertPath, generateCertificate, generateCRL
			at statement: $r5 = staticinvoke <java.security.cert.CertificateFactory: java.security.cert.CertificateFactory getInstance(java.lang.String)>(varReplacer23852)

		TypestateError violating CrySL rule for java.security.cert.CertificateFactory (on Object #74f1087302938af302be43fd39c494c649937469f5f8427da51addcfdafdf86c)
			Unexpected call to method generateCertificate on object of type java.security.cert.CertificateFactory. Expect a call to one of the following methods generateCRL
			at statement: $r10 = virtualinvoke $r5.<java.security.cert.CertificateFactory: java.security.cert.Certificate generateCertificate(java.io.InputStream)>($r9)

		IncompleteOperationError violating CrySL rule for java.security.cert.CertificateFactory (on Object #74f1087302938af302be43fd39c494c649937469f5f8427da51addcfdafdf86c)
			Operation on object of type java.security.cert.CertificateFactory object not completed. Expected call to generateCertPath, generateCRL, java.security.cert.CertificateFactory: java.security.cert.Certificate generateCertificate(java.io.InputStream)
			at statement: $r10 = virtualinvoke $r5.<java.security.cert.CertificateFactory: java.security.cert.Certificate generateCertificate(java.io.InputStream)>($r9)


======================= CryptoAnalysis Summary ==========================
	Number of CrySL rules: 49
	Number of Objects Analyzed: 12

	CryptoAnalysis found the following violations. For details see description above.
	ConstraintError: 5
	TypestateError: 1
	IncompleteOperationError: 5
	RequiredPredicateError: 8
=====================================================================
