0    [main] WARN  pes.access.impl.DeclaredTypeFactory  - --- xtext.common.types ---------------------------------------------------
1    [main] WARN  pes.access.impl.DeclaredTypeFactory  - ASM library is too old. Falling back to java.lang.reflect API.
1    [main] WARN  pes.access.impl.DeclaredTypeFactory  - Please note that no information about compile time constants is available.
1    [main] WARN  pes.access.impl.DeclaredTypeFactory  - It's recommended to use org.objectweb.asm 9.1.0 or better (Maven group id: org.ow2.asm).
1    [main] WARN  pes.access.impl.DeclaredTypeFactory  - --------------------------------------------------------------------------
Ruleset: 
	java.security.cert.TrustAnchor
	javax.crypto.spec.GCMParameterSpec
	javax.xml.crypto.dsig.spec.HMACParameterSpec
	java.security.KeyPair
	java.security.DigestOutputStream
	javax.net.ssl.KeyStoreBuilderParameters
	javax.crypto.spec.OAEPParameterSpec
	javax.net.ssl.SSLContext
	javax.crypto.spec.DHGenParameterSpec
	javax.crypto.CipherOutputStream
	java.security.Key
	javax.crypto.SecretKeyFactory
	java.security.cert.PKIXBuilderParameters
	java.security.KeyFactory
	javax.crypto.spec.PBEKeySpec
	java.security.spec.DSAGenParameterSpec
	java.security.KeyPairGenerator
	javax.crypto.CipherInputStream
	javax.net.ssl.CertPathTrustManagerParameters
	java.security.cert.CertificateFactory
	java.security.SecureRandom
	java.security.spec.MGF1ParameterSpec
	javax.net.ssl.SSLEngine
	javax.crypto.spec.DHParameterSpec
	java.security.spec.DSAParameterSpec
	java.security.spec.ECParameterSpec
	java.security.spec.RSAKeyGenParameterSpec
	javax.crypto.spec.IvParameterSpec
	javax.crypto.Cipher
	javax.crypto.spec.PBEParameterSpec
	java.security.AlgorithmParameterGenerator
	java.security.spec.X509EncodedKeySpec
	javax.net.ssl.TrustManagerFactory
	java.security.DigestInputStream
	void
	javax.net.ssl.KeyManagerFactory
	java.security.cert.PKIXParameters
	java.net.PasswordAuthentication
	java.security.AlgorithmParameters
	javax.crypto.KeyAgreement
	javax.crypto.spec.SecretKeySpec
	javax.net.ssl.SSLParameters
	java.security.MessageDigest
	javax.crypto.SecretKey
	javax.crypto.KeyGenerator
	java.security.KeyStore
	javax.crypto.Mac
	java.security.spec.ECGenParameterSpec
	java.security.Signature

Analyzed Objects: 
	Object:
		Variable: $r4
		Type: java.security.MessageDigest
		Statement: $r4 = staticinvoke <java.security.MessageDigest: java.security.MessageDigest getInstance(java.lang.String)>(varReplacer30685)
		Method: <h1.a: java.lang.String a(com.andrognito.patternlockview.PatternLockView,java.util.List)>
		SHA-256: e867c0214916e72cff491663340843ffd7f91ecf8726bb12808d36d20aa5a2d2
		Secure: false
	Object:
		Variable: $r6
		Type: byte[]
		Statement: $r6 = virtualinvoke $r4.<java.security.MessageDigest: byte[] digest()>()
		Method: <h1.a: java.lang.String a(com.andrognito.patternlockview.PatternLockView,java.util.List)>
		SHA-256: 5e168c09f8ee08fa3c0a10ab49cef9cfc2c9aa4193b884556bd94e9501f7cab8
		Secure: false
	Object:
		Variable: $r1
		Type: java.security.MessageDigest
		Statement: $r1 = staticinvoke <java.security.MessageDigest: java.security.MessageDigest getInstance(java.lang.String)>(varReplacer30410)
		Method: <com.simplemobiletools.commons.views.PinTab: java.lang.String getHashedPin()>
		SHA-256: 7b792a2b939534f3bdc3f4e8fc81a86f021b518337e8e4253954eae843752011
		Secure: false
	Object:
		Variable: $r4
		Type: byte[]
		Statement: $r4 = virtualinvoke $r1.<java.security.MessageDigest: byte[] digest()>()
		Method: <com.simplemobiletools.commons.views.PinTab: java.lang.String getHashedPin()>
		SHA-256: 40789e4ba1d2e58de40ffb3e941fa52c38265531d6a675bc1b1523f6573f7e0a
		Secure: false
	Object:
		Variable: $r6
		Type: javax.crypto.Cipher
		Statement: $r6 = staticinvoke <javax.crypto.Cipher: javax.crypto.Cipher getInstance(java.lang.String)>(varReplacer29110)
		Method: <androidx.biometric.h: androidx.biometric.BiometricPrompt$c a()>
		SHA-256: eccddc749af49ffaf44cae2be18fd260067264d954919c314f5bca4a79a771be
		Secure: false
	Object:
		Variable: $r2
		Type: javax.crypto.KeyGenerator
		Statement: $r2 = staticinvoke <javax.crypto.KeyGenerator: javax.crypto.KeyGenerator getInstance(java.lang.String,java.lang.String)>(varReplacer29102, varReplacer29103)
		Method: <androidx.biometric.h: androidx.biometric.BiometricPrompt$c a()>
		SHA-256: 6142f3b31a35bad00a7c906afb0b4420cc3f9cada854d1a254b59945504c63cd
		Secure: true
	Object:
		Variable: $r1
		Type: java.security.MessageDigest
		Statement: $r1 = staticinvoke <java.security.MessageDigest: java.security.MessageDigest getInstance(java.lang.String)>(varReplacer30035)
		Method: <o1.j$a: o1.j$b b()>
		SHA-256: 3529bfccbffb84cb378b46c956cc55e20a3b8a0cc67b582fdb5061e8cd33ed12
		Secure: true
	Object:
		Variable: $r0
		Type: java.security.KeyStore
		Statement: $r0 = staticinvoke <java.security.KeyStore: java.security.KeyStore getInstance(java.lang.String)>(varReplacer29106)
		Method: <androidx.biometric.h: androidx.biometric.BiometricPrompt$c a()>
		SHA-256: 8b891e09d37bc60cab6c3ae8ee0fcd15ab8e8eea4f4b91534dd6c26cdd991794
		Secure: false
	Object:
		Variable: $r4
		Type: java.security.Key
		Statement: $r4 = virtualinvoke $r0.<java.security.KeyStore: java.security.Key getKey(java.lang.String,char[])>(varReplacer29112, varReplacer29113)
		Method: <androidx.biometric.h: androidx.biometric.BiometricPrompt$c a()>
		SHA-256: 6969687e673b3e43b2f7b8b0fbc974e7000cd8ca19cab62a32670f2c7408e934
		Secure: false

Findings in Java Class: androidx.biometric.h

	 in Method: androidx.biometric.BiometricPrompt$c a()
		ConstraintError violating CrySL rule for javax.crypto.Cipher (on Object #eccddc749af49ffaf44cae2be18fd260067264d954919c314f5bca4a79a771be)
			First parameter (with value "AES/CBC/PKCS7Padding") should be any of AES/CBC/{PKCS5Padding, ISO10126Padding}
			at statement: $r6 = staticinvoke <javax.crypto.Cipher: javax.crypto.Cipher getInstance(java.lang.String)>(varReplacer29110)

		ConstraintError violating CrySL rule for java.security.KeyStore (on Object #8b891e09d37bc60cab6c3ae8ee0fcd15ab8e8eea4f4b91534dd6c26cdd991794)
			First parameter (with value "AndroidKeyStore") should be any of {JCEKS, JKS, DKS, PKCS11, PKCS12}
			at statement: $r0 = staticinvoke <java.security.KeyStore: java.security.KeyStore getInstance(java.lang.String)>(varReplacer29106)

		RequiredPredicateError violating CrySL rule for javax.crypto.Cipher
			Second parameter was not properly generated as generatedKey
			at statement: virtualinvoke $r6.<javax.crypto.Cipher: void init(int,java.security.Key)>(varReplacer29114, $r5)


Findings in Java Class: o1.j

	 in Method: java.lang.String a(k1.b)
		TypestateError violating CrySL rule for java.security.MessageDigest (on Object #3529bfccbffb84cb378b46c956cc55e20a3b8a0cc67b582fdb5061e8cd33ed12)
			Unexpected call to method <java.security.MessageDigest: byte[] digest()> on object of type java.security.MessageDigest. Expect a call to one of the following methods java.security.MessageDigest: void update(byte[],int,int),java.security.MessageDigest: void update(java.nio.ByteBuffer),java.security.MessageDigest: byte[] digest(byte[]),java.security.MessageDigest: void update(byte[]),java.security.MessageDigest: void update(byte)
			at statement: $r6 = virtualinvoke $r5.<java.security.MessageDigest: byte[] digest()>()


Findings in Java Class: com.simplemobiletools.commons.views.PinTab

	 in Method: java.lang.String getHashedPin()
		ConstraintError violating CrySL rule for java.security.MessageDigest (on Object #7b792a2b939534f3bdc3f4e8fc81a86f021b518337e8e4253954eae843752011)
			First parameter (with value "SHA-1") should be any of {SHA-256, SHA-384, SHA-512}
			at statement: $r1 = staticinvoke <java.security.MessageDigest: java.security.MessageDigest getInstance(java.lang.String)>(varReplacer30410)


Findings in Java Class: h1.a

	 in Method: java.lang.String a(com.andrognito.patternlockview.PatternLockView,java.util.List)
		ConstraintError violating CrySL rule for java.security.MessageDigest (on Object #e867c0214916e72cff491663340843ffd7f91ecf8726bb12808d36d20aa5a2d2)
			First parameter (with value "SHA-1") should be any of {SHA-256, SHA-384, SHA-512}
			at statement: $r4 = staticinvoke <java.security.MessageDigest: java.security.MessageDigest getInstance(java.lang.String)>(varReplacer30685)


======================= CryptoAnalysis Summary ==========================
	Number of CrySL rules: 49
	Number of Objects Analyzed: 9

	CryptoAnalysis found the following violations. For details see description above.
	TypestateError: 1
	RequiredPredicateError: 1
	ConstraintError: 4
=====================================================================
