0    [main] WARN  pes.access.impl.DeclaredTypeFactory  - --- xtext.common.types ---------------------------------------------------
1    [main] WARN  pes.access.impl.DeclaredTypeFactory  - ASM library is too old. Falling back to java.lang.reflect API.
1    [main] WARN  pes.access.impl.DeclaredTypeFactory  - Please note that no information about compile time constants is available.
1    [main] WARN  pes.access.impl.DeclaredTypeFactory  - It's recommended to use org.objectweb.asm 9.1.0 or better (Maven group id: org.ow2.asm).
1    [main] WARN  pes.access.impl.DeclaredTypeFactory  - --------------------------------------------------------------------------
Ruleset: 
	java.security.cert.TrustAnchor
	javax.crypto.spec.GCMParameterSpec
	javax.xml.crypto.dsig.spec.HMACParameterSpec
	java.security.KeyPair
	java.security.DigestOutputStream
	javax.net.ssl.KeyStoreBuilderParameters
	javax.crypto.spec.OAEPParameterSpec
	javax.net.ssl.SSLContext
	javax.crypto.spec.DHGenParameterSpec
	javax.crypto.CipherOutputStream
	java.security.Key
	javax.crypto.SecretKeyFactory
	java.security.cert.PKIXBuilderParameters
	java.security.KeyFactory
	javax.crypto.spec.PBEKeySpec
	java.security.spec.DSAGenParameterSpec
	java.security.KeyPairGenerator
	javax.crypto.CipherInputStream
	javax.net.ssl.CertPathTrustManagerParameters
	java.security.cert.CertificateFactory
	java.security.SecureRandom
	java.security.spec.MGF1ParameterSpec
	javax.net.ssl.SSLEngine
	javax.crypto.spec.DHParameterSpec
	java.security.spec.DSAParameterSpec
	java.security.spec.ECParameterSpec
	java.security.spec.RSAKeyGenParameterSpec
	javax.crypto.spec.IvParameterSpec
	javax.crypto.Cipher
	javax.crypto.spec.PBEParameterSpec
	java.security.AlgorithmParameterGenerator
	java.security.spec.X509EncodedKeySpec
	javax.net.ssl.TrustManagerFactory
	java.security.DigestInputStream
	void
	javax.net.ssl.KeyManagerFactory
	java.security.cert.PKIXParameters
	java.net.PasswordAuthentication
	java.security.AlgorithmParameters
	javax.crypto.KeyAgreement
	javax.crypto.spec.SecretKeySpec
	javax.net.ssl.SSLParameters
	java.security.MessageDigest
	javax.crypto.SecretKey
	javax.crypto.KeyGenerator
	java.security.KeyStore
	javax.crypto.Mac
	java.security.spec.ECGenParameterSpec
	java.security.Signature

Analyzed Objects: 
	Object:
		Variable: $r1
		Type: java.security.MessageDigest
		Statement: $r1 = staticinvoke <java.security.MessageDigest: java.security.MessageDigest getInstance(java.lang.String)>(varReplacer15891)
		Method: <com.simplemobiletools.commons.views.PinTab: java.lang.String getHashedPin()>
		SHA-256: e1f7ac6cde715a1b15d6e36e2337607fa6f2d685476c681c983c971e3f2bb925
		Secure: false
	Object:
		Variable: $r0
		Type: java.security.KeyStore
		Statement: $r0 = staticinvoke <java.security.KeyStore: java.security.KeyStore getInstance(java.lang.String)>(varReplacer18140)
		Method: <androidx.biometric.h: androidx.biometric.BiometricPrompt$c a()>
		SHA-256: f80d07c992b1436d73285530df041c468fa176d43ca2976c91195b76a72b22c3
		Secure: false
	Object:
		Variable: $r2
		Type: javax.crypto.KeyGenerator
		Statement: $r2 = staticinvoke <javax.crypto.KeyGenerator: javax.crypto.KeyGenerator getInstance(java.lang.String,java.lang.String)>(varReplacer18148, varReplacer18149)
		Method: <androidx.biometric.h: androidx.biometric.BiometricPrompt$c a()>
		SHA-256: 45f6dea5d060a6376204d56e4567a70e934ac6f0856695526ea11c2a06353cc6
		Secure: true
	Object:
		Variable: $r4
		Type: byte[]
		Statement: $r4 = virtualinvoke $r1.<java.security.MessageDigest: byte[] digest()>()
		Method: <com.simplemobiletools.commons.views.PinTab: java.lang.String getHashedPin()>
		SHA-256: 40789e4ba1d2e58de40ffb3e941fa52c38265531d6a675bc1b1523f6573f7e0a
		Secure: false
	Object:
		Variable: $r6
		Type: byte[]
		Statement: $r6 = virtualinvoke $r4.<java.security.MessageDigest: byte[] digest()>()
		Method: <e1.a: java.lang.String a(com.andrognito.patternlockview.PatternLockView,java.util.List)>
		SHA-256: 5e168c09f8ee08fa3c0a10ab49cef9cfc2c9aa4193b884556bd94e9501f7cab8
		Secure: false
	Object:
		Variable: $r4
		Type: java.security.Key
		Statement: $r4 = virtualinvoke $r0.<java.security.KeyStore: java.security.Key getKey(java.lang.String,char[])>(varReplacer18146, varReplacer18147)
		Method: <androidx.biometric.h: androidx.biometric.BiometricPrompt$c a()>
		SHA-256: ba8ad4d51f974d16528226e6816e357c26ef7694441e22d607e92a2a8607ef4b
		Secure: false
	Object:
		Variable: $r6
		Type: javax.crypto.Cipher
		Statement: $r6 = staticinvoke <javax.crypto.Cipher: javax.crypto.Cipher getInstance(java.lang.String)>(varReplacer18144)
		Method: <androidx.biometric.h: androidx.biometric.BiometricPrompt$c a()>
		SHA-256: 8b4c60268dde49222dc6d13ea2c2daeaf8d219b90e64640e7a1092ebe2dfe0bf
		Secure: false
	Object:
		Variable: $r4
		Type: java.security.MessageDigest
		Statement: $r4 = staticinvoke <java.security.MessageDigest: java.security.MessageDigest getInstance(java.lang.String)>(varReplacer16047)
		Method: <e1.a: java.lang.String a(com.andrognito.patternlockview.PatternLockView,java.util.List)>
		SHA-256: e39484dad2aa5f01e5788c95d395e42206b61c4d98ba20b45c584deec5f68c43
		Secure: false

Findings in Java Class: com.simplemobiletools.commons.views.PinTab

	 in Method: java.lang.String getHashedPin()
		ConstraintError violating CrySL rule for java.security.MessageDigest (on Object #e1f7ac6cde715a1b15d6e36e2337607fa6f2d685476c681c983c971e3f2bb925)
			First parameter (with value "SHA-1") should be any of {SHA-256, SHA-384, SHA-512}
			at statement: $r1 = staticinvoke <java.security.MessageDigest: java.security.MessageDigest getInstance(java.lang.String)>(varReplacer15891)


Findings in Java Class: e1.a

	 in Method: java.lang.String a(com.andrognito.patternlockview.PatternLockView,java.util.List)
		ConstraintError violating CrySL rule for java.security.MessageDigest (on Object #e39484dad2aa5f01e5788c95d395e42206b61c4d98ba20b45c584deec5f68c43)
			First parameter (with value "SHA-1") should be any of {SHA-256, SHA-384, SHA-512}
			at statement: $r4 = staticinvoke <java.security.MessageDigest: java.security.MessageDigest getInstance(java.lang.String)>(varReplacer16047)


Findings in Java Class: androidx.biometric.h

	 in Method: androidx.biometric.BiometricPrompt$c a()
		ConstraintError violating CrySL rule for javax.crypto.Cipher (on Object #8b4c60268dde49222dc6d13ea2c2daeaf8d219b90e64640e7a1092ebe2dfe0bf)
			First parameter (with value "AES/CBC/PKCS7Padding") should be any of AES/CBC/{PKCS5Padding, ISO10126Padding}
			at statement: $r6 = staticinvoke <javax.crypto.Cipher: javax.crypto.Cipher getInstance(java.lang.String)>(varReplacer18144)

		ConstraintError violating CrySL rule for java.security.KeyStore (on Object #f80d07c992b1436d73285530df041c468fa176d43ca2976c91195b76a72b22c3)
			First parameter (with value "AndroidKeyStore") should be any of {JCEKS, JKS, DKS, PKCS11, PKCS12}
			at statement: $r0 = staticinvoke <java.security.KeyStore: java.security.KeyStore getInstance(java.lang.String)>(varReplacer18140)

		RequiredPredicateError violating CrySL rule for javax.crypto.Cipher
			Second parameter was not properly generated as generatedKey
			at statement: virtualinvoke $r6.<javax.crypto.Cipher: void init(int,java.security.Key)>(varReplacer18150, $r5)


======================= CryptoAnalysis Summary ==========================
	Number of CrySL rules: 49
	Number of Objects Analyzed: 8

	CryptoAnalysis found the following violations. For details see description above.
	RequiredPredicateError: 1
	ConstraintError: 4
=====================================================================
