0    [main] WARN  pes.access.impl.DeclaredTypeFactory  - --- xtext.common.types ---------------------------------------------------
0    [main] WARN  pes.access.impl.DeclaredTypeFactory  - ASM library is too old. Falling back to java.lang.reflect API.
0    [main] WARN  pes.access.impl.DeclaredTypeFactory  - Please note that no information about compile time constants is available.
0    [main] WARN  pes.access.impl.DeclaredTypeFactory  - It's recommended to use org.objectweb.asm 9.1.0 or better (Maven group id: org.ow2.asm).
0    [main] WARN  pes.access.impl.DeclaredTypeFactory  - --------------------------------------------------------------------------
Ruleset: 
	java.security.cert.TrustAnchor
	javax.crypto.spec.GCMParameterSpec
	javax.xml.crypto.dsig.spec.HMACParameterSpec
	java.security.KeyPair
	java.security.DigestOutputStream
	javax.net.ssl.KeyStoreBuilderParameters
	javax.crypto.spec.OAEPParameterSpec
	javax.net.ssl.SSLContext
	javax.crypto.spec.DHGenParameterSpec
	javax.crypto.CipherOutputStream
	java.security.Key
	javax.crypto.SecretKeyFactory
	java.security.cert.PKIXBuilderParameters
	java.security.KeyFactory
	javax.crypto.spec.PBEKeySpec
	java.security.spec.DSAGenParameterSpec
	java.security.KeyPairGenerator
	javax.crypto.CipherInputStream
	javax.net.ssl.CertPathTrustManagerParameters
	java.security.cert.CertificateFactory
	java.security.SecureRandom
	java.security.spec.MGF1ParameterSpec
	javax.net.ssl.SSLEngine
	javax.crypto.spec.DHParameterSpec
	java.security.spec.DSAParameterSpec
	java.security.spec.ECParameterSpec
	java.security.spec.RSAKeyGenParameterSpec
	javax.crypto.spec.IvParameterSpec
	javax.crypto.Cipher
	javax.crypto.spec.PBEParameterSpec
	java.security.AlgorithmParameterGenerator
	java.security.spec.X509EncodedKeySpec
	javax.net.ssl.TrustManagerFactory
	java.security.DigestInputStream
	void
	javax.net.ssl.KeyManagerFactory
	java.security.cert.PKIXParameters
	java.net.PasswordAuthentication
	java.security.AlgorithmParameters
	javax.crypto.KeyAgreement
	javax.crypto.spec.SecretKeySpec
	javax.net.ssl.SSLParameters
	java.security.MessageDigest
	javax.crypto.SecretKey
	javax.crypto.KeyGenerator
	java.security.KeyStore
	javax.crypto.Mac
	java.security.spec.ECGenParameterSpec
	java.security.Signature

Analyzed Objects: 
	Object:
		Variable: $r3
		Type: javax.crypto.spec.IvParameterSpec
		Statement: specialinvoke $r3.<javax.crypto.spec.IvParameterSpec: void <init>(byte[],int,int)>($r1, $i1, $i0)
		Method: <e6.a: java.security.spec.AlgorithmParameterSpec c(byte[],int,int)>
		SHA-256: 6b325b9177ed6e8f086c7409ae87c603b02f0623f2948564e27566e39d3326e3
		Secure: false
	Object:
		Variable: $r7
		Type: javax.crypto.spec.GCMParameterSpec
		Statement: specialinvoke $r7.<javax.crypto.spec.GCMParameterSpec: void <init>(int,byte[],int,int)>(varReplacer7602, $r0, $i0, $i1)
		Method: <l6.c: java.security.spec.AlgorithmParameterSpec c(byte[],int,int)>
		SHA-256: e165163dddb106cd2b374d0d4c5bf2e20c5653af981706679f1f419aacdfb1f3
		Secure: false
	Object:
		Variable: varReplacer22268
		Type: java.lang.String
		Statement: specialinvoke $r2.<javax.crypto.spec.SecretKeySpec: void <init>(byte[],java.lang.String)>($r1, varReplacer22268)
		Method: <e6.a: void <init>(byte[])>
		SHA-256: f22c35124f3cf14a8bfb5cbabc2309fae7bd9976322b03f01f87787ffd32201e
		Secure: false
	Object:
		Variable: varReplacer12969
		Type: java.lang.String
		Statement: specialinvoke $r8.<javax.crypto.spec.SecretKeySpec: void <init>(byte[],java.lang.String)>($r9, varReplacer12969)
		Method: <l6.d: byte[] b(byte[],byte[])>
		SHA-256: 8d5ea4a9b662540e468fa755bef37b6e121a06d39a85db22bbbd52e2cceddb58
		Secure: false
	Object:
		Variable: $r2
		Type: java.security.Key
		Statement: $r4 = interfaceinvoke $r2.<java.security.Key: byte[] getEncoded()>()
		Method: <l6.o: void <init>(java.lang.String,java.security.Key)>
		SHA-256: 2e295a3793dfa8e9916b2ce4aae3b39ab6f308086bf73cf0beeb1657ccf0b238
		Secure: true
	Object:
		Variable: $r4
		Type: byte[]
		Statement: $r4 = interfaceinvoke $r2.<java.security.Key: byte[] getEncoded()>()
		Method: <l6.o: void <init>(java.lang.String,java.security.Key)>
		SHA-256: 9d14a9699d7d296eb8e8ad62d78a10b2f5cfe64bef3320fbd2a701792f305ca7
		Secure: true
	Object:
		Variable: $r2
		Type: javax.crypto.spec.GCMParameterSpec
		Statement: specialinvoke $r2.<javax.crypto.spec.GCMParameterSpec: void <init>(int,byte[],int,int)>(varReplacer7607, $r1, $i1, $i0)
		Method: <e6.a: java.security.spec.AlgorithmParameterSpec c(byte[],int,int)>
		SHA-256: c87ead5289b445f6a03c4c6f97c7d37e71fdfc2b2c3d1b1e6e6560ab5150c320
		Secure: false
	Object:
		Variable: $r3
		Type: javax.crypto.Cipher
		Statement: $r3 = staticinvoke <javax.crypto.Cipher: javax.crypto.Cipher getInstance(java.lang.String)>($r2)
		Method: <l6.l$a: java.lang.Object a(java.lang.String,java.security.Provider)>
		SHA-256: adba45cc74b0e3b0ab95bf652bc0f83f244618653909a4422cc4ab5edfa72736
		Secure: false
	Object:
		Variable: varReplacer22249
		Type: java.lang.String
		Statement: specialinvoke $r2.<javax.crypto.spec.SecretKeySpec: void <init>(byte[],java.lang.String)>($r1, varReplacer22249)
		Method: <l6.a: void <init>(byte[],int)>
		SHA-256: a5a82c69f9fb5c212c69847602e8c24f07b665a43377c9a3ff0ff9a3d28baf7a
		Secure: false
	Object:
		Variable: $r6
		Type: javax.crypto.Cipher
		Statement: $r6 = staticinvoke <javax.crypto.Cipher: javax.crypto.Cipher getInstance(java.lang.String)>(varReplacer21666)
		Method: <androidx.biometric.s: androidx.biometric.BiometricPrompt$c a()>
		SHA-256: 719e891b781d64b3711b388fd082abebd1fd29d54c2b119ba25bce7b38ecee94
		Secure: false
	Object:
		Variable: varReplacer19725
		Type: java.lang.String
		Statement: specialinvoke $r1.<javax.crypto.spec.SecretKeySpec: void <init>(byte[],java.lang.String)>($r7, varReplacer19725)
		Method: <h6.b$a: java.lang.Object a(java.lang.Object)>
		SHA-256: 1ae1ebc65b0cbb2c5fed622c6f95facff7e8a5a4499c0d5c5eeba9363eac4040
		Secure: false
	Object:
		Variable: $r117
		Type: byte[]
		Statement: $r117 = virtualinvoke $r116.<java.security.MessageDigest: byte[] digest()>()
		Method: <k2.a: void a(java.lang.Thread,java.lang.Throwable)>
		SHA-256: 770363d58d820a1d4ccad6d5f248b182a35ffa4c413198bd6070815a598428c3
		Secure: false
	Object:
		Variable: $r3
		Type: byte[]
		Statement: virtualinvoke $r4.<javax.crypto.Cipher: int doFinal(byte[],int,int,byte[],int)>($r1, varReplacer19642, $i0, $r3, varReplacer19643)
		Method: <g6.b: byte[] d(byte[],byte[])>
		SHA-256: ac294e393670823e1e735bc5f6b28ec3eb71aa8d71720d12caa9e970f033bc8d
		Secure: false
	Object:
		Variable: varReplacer22261
		Type: java.lang.String
		Statement: specialinvoke $r3.<javax.crypto.spec.SecretKeySpec: void <init>(byte[],java.lang.String)>($r1, varReplacer22261)
		Method: <l6.b: void <init>(byte[],int)>
		SHA-256: 390dc1771032e26fa4532e56a7f5a05b1473210c291ad8202e4bf73b3b9beff
		Secure: false
	Object:
		Variable: $r2
		Type: javax.crypto.KeyGenerator
		Statement: $r2 = staticinvoke <javax.crypto.KeyGenerator: javax.crypto.KeyGenerator getInstance(java.lang.String,java.lang.String)>(varReplacer13331, varReplacer13332)
		Method: <g6.c: void c(java.lang.String)>
		SHA-256: 88b7b0120f2772dccf520997f5875f6fbf0fd3e57682e6091605ad194a665da3
		Secure: true
	Object:
		Variable: $r4
		Type: java.security.Key
		Statement: $r4 = virtualinvoke $r0.<java.security.KeyStore: java.security.Key getKey(java.lang.String,char[])>(varReplacer21669, varReplacer21670)
		Method: <androidx.biometric.s: androidx.biometric.BiometricPrompt$c a()>
		SHA-256: a7d35695f276ea6b6f525f9b57a205c9bcc09eecb709525a441ee82e73306f2a
		Secure: false
	Object:
		Variable: varReplacer13382
		Type: java.lang.String
		Statement: specialinvoke $r8.<javax.crypto.spec.SecretKeySpec: void <init>(byte[],java.lang.String)>($r9, varReplacer13382)
		Method: <l6.d: byte[] a(byte[],byte[])>
		SHA-256: 4f3ed64a59715a3c42902b2f9e0c31489436b9ca7a70a646643313d78c0a556f
		Secure: false
	Object:
		Variable: $r0
		Type: java.security.KeyStore
		Statement: $r0 = staticinvoke <java.security.KeyStore: java.security.KeyStore getInstance(java.lang.String)>(varReplacer21665)
		Method: <androidx.biometric.s: androidx.biometric.BiometricPrompt$c a()>
		SHA-256: d78f04875ed2922598c156f693a049af0b049b580dc1887d4652392035a9d04b
		Secure: false
	Object:
		Variable: $r10
		Type: javax.crypto.spec.IvParameterSpec
		Statement: specialinvoke $r10.<javax.crypto.spec.IvParameterSpec: void <init>(byte[])>($r7)
		Method: <l6.d: byte[] a(byte[],byte[])>
		SHA-256: 5aca104b39535034b02e52b11abf1507cff421e4fa35d104288b7ab261451c71
		Secure: false
	Object:
		Variable: $r2
		Type: javax.crypto.KeyGenerator
		Statement: $r2 = staticinvoke <javax.crypto.KeyGenerator: javax.crypto.KeyGenerator getInstance(java.lang.String,java.lang.String)>(varReplacer21660, varReplacer21661)
		Method: <androidx.biometric.s: androidx.biometric.BiometricPrompt$c a()>
		SHA-256: 37e88325abbf1c3d9a7a2cb2d5e1aa2adbab5dccf6995426944966c199cd06de
		Secure: true
	Object:
		Variable: $r10
		Type: javax.crypto.spec.IvParameterSpec
		Statement: specialinvoke $r10.<javax.crypto.spec.IvParameterSpec: void <init>(byte[])>($r4)
		Method: <l6.b: byte[] a(byte[],byte[])>
		SHA-256: ca733fbff339bede4703e56b81ed9174c168a0f859dae759148c367160322f13
		Secure: false
	Object:
		Variable: $r3
		Type: javax.crypto.spec.SecretKeySpec
		Statement: specialinvoke $r3.<javax.crypto.spec.SecretKeySpec: void <init>(byte[],java.lang.String)>($r1, varReplacer22261)
		Method: <l6.b: void <init>(byte[],int)>
		SHA-256: b1eb28fede416424dd94e9796e65ee4078033f75170aeb8f2c44fd45ad29c0cd
		Secure: false
	Object:
		Variable: $r25
		Type: java.security.KeyStore
		Statement: $r25 = staticinvoke <java.security.KeyStore: java.security.KeyStore getInstance(java.lang.String)>(varReplacer3934)
		Method: <c3.b$i: java.lang.Object get()>
		SHA-256: 3c548a5e5c48ae421880a390d1ecd7b7db7b780378011412773c97573c3dcbdb
		Secure: false
	Object:
		Variable: $r5
		Type: javax.crypto.Cipher
		Statement: $r5 = staticinvoke <javax.crypto.Cipher: javax.crypto.Cipher getInstance(java.lang.String)>(varReplacer13384)
		Method: <g6.b: byte[] c(byte[],byte[])>
		SHA-256: 625250df87f3c71f7349f5d0c49960264470da1afbbe2a31037f47eb67ad4a7a
		Secure: false
	Object:
		Variable: $r2
		Type: javax.crypto.spec.SecretKeySpec
		Statement: specialinvoke $r2.<javax.crypto.spec.SecretKeySpec: void <init>(byte[],java.lang.String)>($r1, varReplacer22268)
		Method: <e6.a: void <init>(byte[])>
		SHA-256: e3240dddd398a8bce6b860b016304663e8f2e685e9f7eba61472166c9f1e415f
		Secure: false
	Object:
		Variable: $r4
		Type: javax.crypto.Cipher
		Statement: $r4 = staticinvoke <javax.crypto.Cipher: javax.crypto.Cipher getInstance(java.lang.String)>(varReplacer19644)
		Method: <g6.b: byte[] d(byte[],byte[])>
		SHA-256: c4ccea670ca2c4522e2fa349d966092b722536d033b6545d956d4bdd104465a9
		Secure: false
	Object:
		Variable: $r1
		Type: byte[]
		Statement: virtualinvoke $r0.<java.security.SecureRandom: void nextBytes(byte[])>($r1)
		Method: <c6.i: int e()>
		SHA-256: a577a5119016950e71a1074e887bdfaaf49bec470469d771a0ced5454aa9b1b4
		Secure: true
	Object:
		Variable: $r1
		Type: javax.crypto.spec.SecretKeySpec
		Statement: specialinvoke $r1.<javax.crypto.spec.SecretKeySpec: void <init>(byte[],java.lang.String)>($r7, varReplacer19725)
		Method: <h6.b$a: java.lang.Object a(java.lang.Object)>
		SHA-256: b861e2a08e3b5bc509c7611f4819aaa672085a7bb5a614ee111af3a7d7b8a6a1
		Secure: false
	Object:
		Variable: $r3
		Type: javax.crypto.Mac
		Statement: $r3 = staticinvoke <javax.crypto.Mac: javax.crypto.Mac getInstance(java.lang.String,java.security.Provider)>($r2, $r1)
		Method: <l6.l$b: java.lang.Object a(java.lang.String,java.security.Provider)>
		SHA-256: ac9ba5f9672ed43a09eee4f4935a5cfff2a8c6f951dbf33c603ca1820a60f05c
		Secure: false
	Object:
		Variable: $r8
		Type: java.security.SecureRandom
		Statement: specialinvoke $r8.<java.security.SecureRandom: void <init>()>()
		Method: <com.crazylegend.vigilante.otp.OneTimePasswordDialog: void z0(com.crazylegend.vigilante.otp.OneTimePasswordDialog,java.lang.Integer,int)>
		SHA-256: 2bfd2183fcf76f4864d310072fc5f144c976ea8b5dce0192c32e12bc693410a2
		Secure: true
	Object:
		Variable: $r3
		Type: javax.crypto.Mac
		Statement: $r3 = staticinvoke <javax.crypto.Mac: javax.crypto.Mac getInstance(java.lang.String)>($r2)
		Method: <l6.l$b: java.lang.Object a(java.lang.String,java.security.Provider)>
		SHA-256: 44e39627a201b862226d234744bcfbf4f66805006f092678c034410d647f6093
		Secure: false
	Object:
		Variable: $r8
		Type: javax.crypto.spec.SecretKeySpec
		Statement: specialinvoke $r8.<javax.crypto.spec.SecretKeySpec: void <init>(byte[],java.lang.String)>($r9, varReplacer13382)
		Method: <l6.d: byte[] a(byte[],byte[])>
		SHA-256: 6d75039828afa8b836d469df51188c879c989689a7ba5ae679ebd77494831250
		Secure: false
	Object:
		Variable: $r9
		Type: javax.crypto.spec.IvParameterSpec
		Statement: specialinvoke $r9.<javax.crypto.spec.IvParameterSpec: void <init>(byte[])>($r7)
		Method: <l6.b: byte[] b(byte[],byte[])>
		SHA-256: 54a406e68c5e5d26afa57cf55e2bd2381045257286f42e94150d14fa3b855852
		Secure: false
	Object:
		Variable: $r4
		Type: javax.crypto.spec.GCMParameterSpec
		Statement: specialinvoke $r4.<javax.crypto.spec.GCMParameterSpec: void <init>(int,byte[],int,int)>(varReplacer13387, $r2, varReplacer13388, varReplacer13389)
		Method: <g6.b: byte[] c(byte[],byte[])>
		SHA-256: 40881df3af611ca404c3e6cc39b9104d48ed16b5dbddd42572ace0bcfa15d957
		Secure: false
	Object:
		Variable: $r8
		Type: javax.crypto.spec.IvParameterSpec
		Statement: specialinvoke $r8.<javax.crypto.spec.IvParameterSpec: void <init>(byte[])>($r7)
		Method: <l6.a: void c(byte[],int,int,byte[],int,byte[],boolean)>
		SHA-256: 2e0d879cd6fa651bddf222dcd69161229ac1642012b9372a1361c3b7ad1efe60
		Secure: false
	Object:
		Variable: $r116
		Type: java.security.MessageDigest
		Statement: $r116 = staticinvoke <java.security.MessageDigest: java.security.MessageDigest getInstance(java.lang.String)>(varReplacer3439)
		Method: <k2.a: void a(java.lang.Thread,java.lang.Throwable)>
		SHA-256: 777ef6cf7c162d2323b75079622c8595f2221e9ad1b9429b47d96f5174ed62e6
		Secure: false
	Object:
		Variable: $r6
		Type: javax.crypto.spec.IvParameterSpec
		Statement: specialinvoke $r6.<javax.crypto.spec.IvParameterSpec: void <init>(byte[],int,int)>($r0, $i0, $i1)
		Method: <l6.c: java.security.spec.AlgorithmParameterSpec c(byte[],int,int)>
		SHA-256: f296041a48920b08dd157261c57ffba2865c2ceec378071f34608682d8e089c8
		Secure: false
	Object:
		Variable: $r1
		Type: byte[]
		Statement: virtualinvoke $r4.<javax.crypto.Cipher: int doFinal(byte[],int,int,byte[],int)>($r1, varReplacer19642, $i0, $r3, varReplacer19643)
		Method: <g6.b: byte[] d(byte[],byte[])>
		SHA-256: 560dc1eb0bdb7912dcb2f5301aeed8401f9ce7a31af487c7b4aa5f7f28ec2346
		Secure: false
	Object:
		Variable: $r2
		Type: javax.crypto.spec.SecretKeySpec
		Statement: specialinvoke $r2.<javax.crypto.spec.SecretKeySpec: void <init>(byte[],java.lang.String)>($r1, varReplacer22249)
		Method: <l6.a: void <init>(byte[],int)>
		SHA-256: e3d916405fb6f35f465f6b838606609c01f4a29b8c469ab27e00978d15906073
		Secure: false
	Object:
		Variable: $r26
		Type: javax.crypto.KeyGenerator
		Statement: $r26 = staticinvoke <javax.crypto.KeyGenerator: javax.crypto.KeyGenerator getInstance(java.lang.String,java.lang.String)>(varReplacer3946, varReplacer3947)
		Method: <c3.b$i: java.lang.Object get()>
		SHA-256: a2630ef1f0729c6f178940eb5bdbb25a1e7cfb99f867618c806af3f44c16d223
		Secure: true
	Object:
		Variable: $r2
		Type: byte[]
		Statement: $r2 = virtualinvoke $r5.<javax.crypto.Cipher: byte[] doFinal(byte[],int,int)>($r2, varReplacer13390, $i0)
		Method: <g6.b: byte[] c(byte[],byte[])>
		SHA-256: 228abd085c9aa8ae843b3b0aecb84c897f19e541d2212bb9660023366241b932
		Secure: false
	Object:
		Variable: $r2
		Type: javax.crypto.spec.SecretKeySpec
		Statement: specialinvoke $r2.<javax.crypto.spec.SecretKeySpec: void <init>(byte[],java.lang.String)>($r1, varReplacer22266)
		Method: <l6.n: void <init>(byte[])>
		SHA-256: 6a1bc4222ff38ae33dd8907fced00f573c34989979d310926fab56125b897d9a
		Secure: false
	Object:
		Variable: $r0
		Type: java.security.SecureRandom
		Statement: specialinvoke $r0.<java.security.SecureRandom: void <init>()>()
		Method: <c6.i: int e()>
		SHA-256: 453198fee903f2db0f4afb5ff95cecf3c593493a8a696f757d806f3b180e2926
		Secure: true
	Object:
		Variable: $r2
		Type: javax.crypto.spec.SecretKeySpec
		Statement: specialinvoke $r2.<javax.crypto.spec.SecretKeySpec: void <init>(byte[],java.lang.String)>($r1, varReplacer22258)
		Method: <l6.c: void <init>(byte[])>
		SHA-256: bfa8bf26d1a687daf80b09d2239b874888fde872f78cb0f4b24ef86f3b75d487
		Secure: false
	Object:
		Variable: $r3
		Type: javax.crypto.Cipher
		Statement: $r3 = staticinvoke <javax.crypto.Cipher: javax.crypto.Cipher getInstance(java.lang.String,java.security.Provider)>($r2, $r1)
		Method: <l6.l$a: java.lang.Object a(java.lang.String,java.security.Provider)>
		SHA-256: c23a6fcf5ef71915a2a79a56aabb5c0b4aff98d105945afbd43bdafe02a869e3
		Secure: false
	Object:
		Variable: $r8
		Type: javax.crypto.spec.SecretKeySpec
		Statement: specialinvoke $r8.<javax.crypto.spec.SecretKeySpec: void <init>(byte[],java.lang.String)>($r9, varReplacer12969)
		Method: <l6.d: byte[] b(byte[],byte[])>
		SHA-256: 8256a57b9b94954d2858e798d1b52c19992e621d4fa99f3e49837a744583cd84
		Secure: false
	Object:
		Variable: $r3
		Type: java.security.Key
		Statement: $r3 = virtualinvoke $r2.<java.security.KeyStore: java.security.Key getKey(java.lang.String,char[])>($r1, varReplacer19703)
		Method: <g6.b: void <init>(java.lang.String,java.security.KeyStore)>
		SHA-256: 766394a880032fc3b4e2ce03e531741318870fb354f3fd827e571426545eafae
		Secure: false
	Object:
		Variable: varReplacer22258
		Type: java.lang.String
		Statement: specialinvoke $r2.<javax.crypto.spec.SecretKeySpec: void <init>(byte[],java.lang.String)>($r1, varReplacer22258)
		Method: <l6.c: void <init>(byte[])>
		SHA-256: e9bb9fbf8cf90b83c9749f4d8cdc693627995003bb0338cbdb9d291b44e92c1b
		Secure: false
	Object:
		Variable: $r10
		Type: javax.crypto.spec.IvParameterSpec
		Statement: specialinvoke $r10.<javax.crypto.spec.IvParameterSpec: void <init>(byte[])>($r7)
		Method: <l6.d: byte[] b(byte[],byte[])>
		SHA-256: e6b736376d5c63a48c71b7f0cc70e54f269e5fe5ee81c5152995dd6ab948794c
		Secure: false
	Object:
		Variable: varReplacer22266
		Type: java.lang.String
		Statement: specialinvoke $r2.<javax.crypto.spec.SecretKeySpec: void <init>(byte[],java.lang.String)>($r1, varReplacer22266)
		Method: <l6.n: void <init>(byte[])>
		SHA-256: 1d506c3887dba8d1ee65e925b23af217b862c34a46c2e93bcf3a92ccc2dd9149
		Secure: false
	Object:
		Variable: $r1
		Type: java.security.KeyStore
		Statement: $r1 = staticinvoke <java.security.KeyStore: java.security.KeyStore getInstance(java.lang.String)>(varReplacer19699)
		Method: <g6.c$a: void <init>()>
		SHA-256: bf14853a13789a3780026804abf43fff101e3aebc9d899007f5747998674b473
		Secure: false
	Object:
		Variable: $r4
		Type: java.security.KeyStore
		Statement: $r4 = staticinvoke <java.security.KeyStore: java.security.KeyStore getInstance(java.lang.String)>(varReplacer16732)
		Method: <g6.c: boolean d(java.lang.String)>
		SHA-256: bbb90fbaa3641187ae98423ea2e67bca1b1a3fc46616a77bd844dd5895ec7e56
		Secure: false

Findings in Java Class: k2.a

	 in Method: void a(java.lang.Thread,java.lang.Throwable)
		ConstraintError violating CrySL rule for java.security.MessageDigest (on Object #777ef6cf7c162d2323b75079622c8595f2221e9ad1b9429b47d96f5174ed62e6)
			First parameter (with value "SHA") should be any of {SHA-256, SHA-384, SHA-512}
			at statement: $r116 = staticinvoke <java.security.MessageDigest: java.security.MessageDigest getInstance(java.lang.String)>(varReplacer3439)


Findings in Java Class: c3.b$i

	 in Method: java.lang.Object get()
		ConstraintError violating CrySL rule for java.security.KeyStore (on Object #3c548a5e5c48ae421880a390d1ecd7b7db7b780378011412773c97573c3dcbdb)
			First parameter (with value "AndroidKeyStore") should be any of {JCEKS, JKS, DKS, PKCS11, PKCS12}
			at statement: $r25 = staticinvoke <java.security.KeyStore: java.security.KeyStore getInstance(java.lang.String)>(varReplacer3934)


Findings in Java Class: g6.c

	 in Method: boolean d(java.lang.String)
		ConstraintError violating CrySL rule for java.security.KeyStore (on Object #bbb90fbaa3641187ae98423ea2e67bca1b1a3fc46616a77bd844dd5895ec7e56)
			First parameter (with value "AndroidKeyStore") should be any of {JCEKS, JKS, DKS, PKCS11, PKCS12}
			at statement: $r4 = staticinvoke <java.security.KeyStore: java.security.KeyStore getInstance(java.lang.String)>(varReplacer16732)


Findings in Java Class: l6.l$a

	 in Method: java.lang.Object a(java.lang.String,java.security.Provider)
		ConstraintError violating CrySL rule for javax.crypto.Cipher (on Object #adba45cc74b0e3b0ab95bf652bc0f83f244618653909a4422cc4ab5edfa72736)
			First parameter (with value "AES/ECB/NoPadding") should be any of AES/{CBC, GCM, PCBC, CTR, CTS, CFB, OFB}
			at statement: $r3 = staticinvoke <javax.crypto.Cipher: javax.crypto.Cipher getInstance(java.lang.String)>($r2)

		ConstraintError violating CrySL rule for javax.crypto.Cipher (on Object #c23a6fcf5ef71915a2a79a56aabb5c0b4aff98d105945afbd43bdafe02a869e3)
			First parameter (with value "AES/ECB/NoPadding") should be any of AES/{CBC, GCM, PCBC, CTR, CTS, CFB, OFB}
			at statement: $r3 = staticinvoke <javax.crypto.Cipher: javax.crypto.Cipher getInstance(java.lang.String,java.security.Provider)>($r2, $r1)


Findings in Java Class: l6.n

	 in Method: void <init>(byte[])
		RequiredPredicateError violating CrySL rule for javax.crypto.spec.SecretKeySpec
			First parameter was not properly generated as preparedKeyMaterial
			at statement: specialinvoke $r2.<javax.crypto.spec.SecretKeySpec: void <init>(byte[],java.lang.String)>($r1, varReplacer22266)

		IncompleteOperationError violating CrySL rule for javax.crypto.Mac (on Object #ac9ba5f9672ed43a09eee4f4935a5cfff2a8c6f951dbf33c603ca1820a60f05c)
			Operation on object of type javax.crypto.Mac object not completed. Expected call to init
			at statement: $r1 = virtualinvoke $r5.<javax.crypto.Cipher: byte[] doFinal(byte[])>($r1)

		IncompleteOperationError violating CrySL rule for javax.crypto.Mac (on Object #44e39627a201b862226d234744bcfbf4f66805006f092678c034410d647f6093)
			Operation on object of type javax.crypto.Mac object not completed. Expected call to init
			at statement: $r1 = virtualinvoke $r5.<javax.crypto.Cipher: byte[] doFinal(byte[])>($r1)

		TypestateError violating CrySL rule for javax.crypto.Cipher (on Object #c23a6fcf5ef71915a2a79a56aabb5c0b4aff98d105945afbd43bdafe02a869e3)
			Unexpected call to method doFinal on object of type javax.crypto.Cipher. Expect a call to one of the following methods init,updateAAD
			at statement: $r1 = virtualinvoke $r5.<javax.crypto.Cipher: byte[] doFinal(byte[])>($r1)

		TypestateError violating CrySL rule for javax.crypto.Cipher (on Object #adba45cc74b0e3b0ab95bf652bc0f83f244618653909a4422cc4ab5edfa72736)
			Unexpected call to method doFinal on object of type javax.crypto.Cipher. Expect a call to one of the following methods init,updateAAD
			at statement: $r1 = virtualinvoke $r5.<javax.crypto.Cipher: byte[] doFinal(byte[])>($r1)


	 in Method: byte[] a(byte[],int)
		IncompleteOperationError violating CrySL rule for javax.crypto.Mac (on Object #ac9ba5f9672ed43a09eee4f4935a5cfff2a8c6f951dbf33c603ca1820a60f05c)
			Operation on object of type javax.crypto.Mac object not completed. Expected call to init
			at statement: $r1 = virtualinvoke $r4.<javax.crypto.Cipher: byte[] doFinal(byte[])>($r1)

		IncompleteOperationError violating CrySL rule for javax.crypto.Mac (on Object #44e39627a201b862226d234744bcfbf4f66805006f092678c034410d647f6093)
			Operation on object of type javax.crypto.Mac object not completed. Expected call to init
			at statement: $r1 = virtualinvoke $r4.<javax.crypto.Cipher: byte[] doFinal(byte[])>($r1)

		TypestateError violating CrySL rule for javax.crypto.Cipher (on Object #c23a6fcf5ef71915a2a79a56aabb5c0b4aff98d105945afbd43bdafe02a869e3)
			Unexpected call to method doFinal on object of type javax.crypto.Cipher. Expect a call to one of the following methods init,updateAAD
			at statement: $r1 = virtualinvoke $r4.<javax.crypto.Cipher: byte[] doFinal(byte[])>($r1)

		TypestateError violating CrySL rule for javax.crypto.Cipher (on Object #c23a6fcf5ef71915a2a79a56aabb5c0b4aff98d105945afbd43bdafe02a869e3)
			Unexpected call to method doFinal on object of type javax.crypto.Cipher. Expect a call to one of the following methods init,updateAAD
			at statement: $r7 = virtualinvoke $r4.<javax.crypto.Cipher: byte[] doFinal(byte[])>($r7)

		TypestateError violating CrySL rule for javax.crypto.Cipher (on Object #adba45cc74b0e3b0ab95bf652bc0f83f244618653909a4422cc4ab5edfa72736)
			Unexpected call to method doFinal on object of type javax.crypto.Cipher. Expect a call to one of the following methods init,updateAAD
			at statement: $r1 = virtualinvoke $r4.<javax.crypto.Cipher: byte[] doFinal(byte[])>($r1)

		TypestateError violating CrySL rule for javax.crypto.Cipher (on Object #adba45cc74b0e3b0ab95bf652bc0f83f244618653909a4422cc4ab5edfa72736)
			Unexpected call to method doFinal on object of type javax.crypto.Cipher. Expect a call to one of the following methods init,updateAAD
			at statement: $r7 = virtualinvoke $r4.<javax.crypto.Cipher: byte[] doFinal(byte[])>($r7)


Findings in Java Class: l6.d

	 in Method: byte[] a(byte[],byte[])
		RequiredPredicateError violating CrySL rule for javax.crypto.spec.SecretKeySpec
			First parameter was not properly generated as preparedKeyMaterial
			at statement: specialinvoke $r8.<javax.crypto.spec.SecretKeySpec: void <init>(byte[],java.lang.String)>($r9, varReplacer13382)

		RequiredPredicateError violating CrySL rule for javax.crypto.Cipher
			Second parameter was not properly generated as generatedKey
			at statement: virtualinvoke $r5.<javax.crypto.Cipher: void init(int,java.security.Key,java.security.spec.AlgorithmParameterSpec)>(varReplacer13381, $r8, $r10)

		IncompleteOperationError violating CrySL rule for javax.crypto.Mac (on Object #ac9ba5f9672ed43a09eee4f4935a5cfff2a8c6f951dbf33c603ca1820a60f05c)
			Operation on object of type javax.crypto.Mac object not completed. Expected call to init
			at statement: $r1 = virtualinvoke $r5.<javax.crypto.Cipher: byte[] doFinal(byte[])>($r1)

		IncompleteOperationError violating CrySL rule for javax.crypto.Mac (on Object #44e39627a201b862226d234744bcfbf4f66805006f092678c034410d647f6093)
			Operation on object of type javax.crypto.Mac object not completed. Expected call to init
			at statement: $r1 = virtualinvoke $r5.<javax.crypto.Cipher: byte[] doFinal(byte[])>($r1)

		RequiredPredicateError violating CrySL rule for javax.crypto.spec.IvParameterSpec
			First parameter was not properly generated as randomized
			at statement: specialinvoke $r10.<javax.crypto.spec.IvParameterSpec: void <init>(byte[])>($r7)

		TypestateError violating CrySL rule for javax.crypto.Cipher (on Object #c23a6fcf5ef71915a2a79a56aabb5c0b4aff98d105945afbd43bdafe02a869e3)
			Unexpected call to method doFinal on object of type javax.crypto.Cipher. Expect a call to one of the following methods init,updateAAD
			at statement: $r1 = virtualinvoke $r5.<javax.crypto.Cipher: byte[] doFinal(byte[])>($r1)

		TypestateError violating CrySL rule for javax.crypto.Cipher (on Object #adba45cc74b0e3b0ab95bf652bc0f83f244618653909a4422cc4ab5edfa72736)
			Unexpected call to method doFinal on object of type javax.crypto.Cipher. Expect a call to one of the following methods init,updateAAD
			at statement: $r1 = virtualinvoke $r5.<javax.crypto.Cipher: byte[] doFinal(byte[])>($r1)


	 in Method: byte[] b(byte[],byte[])
		TypestateError violating CrySL rule for javax.crypto.Cipher (on Object #c23a6fcf5ef71915a2a79a56aabb5c0b4aff98d105945afbd43bdafe02a869e3)
			Unexpected call to method doFinal on object of type javax.crypto.Cipher. Expect a call to one of the following methods init,updateAAD
			at statement: $r9 = virtualinvoke $r5.<javax.crypto.Cipher: byte[] doFinal(byte[])>($r7)

		TypestateError violating CrySL rule for javax.crypto.Cipher (on Object #adba45cc74b0e3b0ab95bf652bc0f83f244618653909a4422cc4ab5edfa72736)
			Unexpected call to method doFinal on object of type javax.crypto.Cipher. Expect a call to one of the following methods init,updateAAD
			at statement: $r9 = virtualinvoke $r5.<javax.crypto.Cipher: byte[] doFinal(byte[])>($r7)

		RequiredPredicateError violating CrySL rule for javax.crypto.spec.SecretKeySpec
			First parameter was not properly generated as preparedKeyMaterial
			at statement: specialinvoke $r8.<javax.crypto.spec.SecretKeySpec: void <init>(byte[],java.lang.String)>($r9, varReplacer12969)

		IncompleteOperationError violating CrySL rule for javax.crypto.Mac (on Object #ac9ba5f9672ed43a09eee4f4935a5cfff2a8c6f951dbf33c603ca1820a60f05c)
			Operation on object of type javax.crypto.Mac object not completed. Expected call to init
			at statement: $r9 = virtualinvoke $r5.<javax.crypto.Cipher: byte[] doFinal(byte[])>($r7)

		IncompleteOperationError violating CrySL rule for javax.crypto.Mac (on Object #44e39627a201b862226d234744bcfbf4f66805006f092678c034410d647f6093)
			Operation on object of type javax.crypto.Mac object not completed. Expected call to init
			at statement: $r9 = virtualinvoke $r5.<javax.crypto.Cipher: byte[] doFinal(byte[])>($r7)

		RequiredPredicateError violating CrySL rule for javax.crypto.spec.IvParameterSpec
			First parameter was not properly generated as randomized
			at statement: specialinvoke $r10.<javax.crypto.spec.IvParameterSpec: void <init>(byte[])>($r7)


Findings in Java Class: l6.l$b

	 in Method: java.lang.Object a(java.lang.String,java.security.Provider)
		ConstraintError violating CrySL rule for javax.crypto.Mac (on Object #44e39627a201b862226d234744bcfbf4f66805006f092678c034410d647f6093)
			First parameter (with value "AES/ECB/NoPadding") should be any of {HmacSHA256, HmacSHA384, HmacSHA512, HmacPBESHA1, PBEWithHmacSHA1, PBEWithHmacSHA224, PBEWithHmacSHA256, PBEWithHmacSHA384, PBEWithHmacSHA512}
			at statement: $r3 = staticinvoke <javax.crypto.Mac: javax.crypto.Mac getInstance(java.lang.String)>($r2)

		ConstraintError violating CrySL rule for javax.crypto.Mac (on Object #44e39627a201b862226d234744bcfbf4f66805006f092678c034410d647f6093)
			First parameter (with value "AES/CTR/NoPadding") should be any of {HmacSHA256, HmacSHA384, HmacSHA512, HmacPBESHA1, PBEWithHmacSHA1, PBEWithHmacSHA224, PBEWithHmacSHA256, PBEWithHmacSHA384, PBEWithHmacSHA512}
			at statement: $r3 = staticinvoke <javax.crypto.Mac: javax.crypto.Mac getInstance(java.lang.String)>($r2)

		ConstraintError violating CrySL rule for javax.crypto.Mac (on Object #ac9ba5f9672ed43a09eee4f4935a5cfff2a8c6f951dbf33c603ca1820a60f05c)
			First parameter (with value "AES/CTR/NoPadding") should be any of {HmacSHA256, HmacSHA384, HmacSHA512, HmacPBESHA1, PBEWithHmacSHA1, PBEWithHmacSHA224, PBEWithHmacSHA256, PBEWithHmacSHA384, PBEWithHmacSHA512}
			at statement: $r3 = staticinvoke <javax.crypto.Mac: javax.crypto.Mac getInstance(java.lang.String,java.security.Provider)>($r2, $r1)

		ConstraintError violating CrySL rule for javax.crypto.Mac (on Object #ac9ba5f9672ed43a09eee4f4935a5cfff2a8c6f951dbf33c603ca1820a60f05c)
			First parameter (with value "AES/ECB/NoPadding") should be any of {HmacSHA256, HmacSHA384, HmacSHA512, HmacPBESHA1, PBEWithHmacSHA1, PBEWithHmacSHA224, PBEWithHmacSHA256, PBEWithHmacSHA384, PBEWithHmacSHA512}
			at statement: $r3 = staticinvoke <javax.crypto.Mac: javax.crypto.Mac getInstance(java.lang.String,java.security.Provider)>($r2, $r1)


Findings in Java Class: g6.c$a

	 in Method: void <init>()
		ConstraintError violating CrySL rule for java.security.KeyStore (on Object #bf14853a13789a3780026804abf43fff101e3aebc9d899007f5747998674b473)
			First parameter (with value "AndroidKeyStore") should be any of {JCEKS, JKS, DKS, PKCS11, PKCS12}
			at statement: $r1 = staticinvoke <java.security.KeyStore: java.security.KeyStore getInstance(java.lang.String)>(varReplacer19699)


Findings in Java Class: h6.b$a

	 in Method: java.lang.Object a(java.lang.Object)
		ConstraintError violating CrySL rule for javax.crypto.spec.SecretKeySpec (on Object #b861e2a08e3b5bc509c7611f4819aaa672085a7bb5a614ee111af3a7d7b8a6a1)
			Second parameter (with value "HMAC") should be any of {AES, HmacSHA256, HmacSHA384, HmacSHA512}
			at statement: specialinvoke $r1.<javax.crypto.spec.SecretKeySpec: void <init>(byte[],java.lang.String)>($r7, varReplacer19725)

		RequiredPredicateError violating CrySL rule for javax.crypto.spec.SecretKeySpec
			First parameter was not properly generated as preparedKeyMaterial
			at statement: specialinvoke $r1.<javax.crypto.spec.SecretKeySpec: void <init>(byte[],java.lang.String)>($r7, varReplacer19725)


Findings in Java Class: androidx.biometric.s

	 in Method: androidx.biometric.BiometricPrompt$c a()
		ConstraintError violating CrySL rule for javax.crypto.Cipher (on Object #719e891b781d64b3711b388fd082abebd1fd29d54c2b119ba25bce7b38ecee94)
			First parameter (with value "AES/CBC/PKCS7Padding") should be any of AES/CBC/{PKCS5Padding, ISO10126Padding}
			at statement: $r6 = staticinvoke <javax.crypto.Cipher: javax.crypto.Cipher getInstance(java.lang.String)>(varReplacer21666)

		RequiredPredicateError violating CrySL rule for javax.crypto.Cipher
			Second parameter was not properly generated as generatedKey
			at statement: virtualinvoke $r6.<javax.crypto.Cipher: void init(int,java.security.Key)>(varReplacer21671, $r5)

		ConstraintError violating CrySL rule for java.security.KeyStore (on Object #d78f04875ed2922598c156f693a049af0b049b580dc1887d4652392035a9d04b)
			First parameter (with value "AndroidKeyStore") should be any of {JCEKS, JKS, DKS, PKCS11, PKCS12}
			at statement: $r0 = staticinvoke <java.security.KeyStore: java.security.KeyStore getInstance(java.lang.String)>(varReplacer21665)


Findings in Java Class: e6.a

	 in Method: java.security.spec.AlgorithmParameterSpec c(byte[],int,int)
		RequiredPredicateError violating CrySL rule for javax.crypto.spec.IvParameterSpec
			First parameter was not properly generated as randomized
			at statement: specialinvoke $r3.<javax.crypto.spec.IvParameterSpec: void <init>(byte[],int,int)>($r1, $i1, $i0)

		RequiredPredicateError violating CrySL rule for javax.crypto.spec.GCMParameterSpec
			Second parameter was not properly generated as randomized
			at statement: specialinvoke $r2.<javax.crypto.spec.GCMParameterSpec: void <init>(int,byte[],int,int)>(varReplacer7607, $r1, $i1, $i0)


	 in Method: void <init>(byte[])
		RequiredPredicateError violating CrySL rule for javax.crypto.spec.SecretKeySpec
			First parameter was not properly generated as preparedKeyMaterial
			at statement: specialinvoke $r2.<javax.crypto.spec.SecretKeySpec: void <init>(byte[],java.lang.String)>($r1, varReplacer22268)


Findings in Java Class: l6.c

	 in Method: java.security.spec.AlgorithmParameterSpec c(byte[],int,int)
		RequiredPredicateError violating CrySL rule for javax.crypto.spec.IvParameterSpec
			First parameter was not properly generated as randomized
			at statement: specialinvoke $r6.<javax.crypto.spec.IvParameterSpec: void <init>(byte[],int,int)>($r0, $i0, $i1)

		RequiredPredicateError violating CrySL rule for javax.crypto.spec.GCMParameterSpec
			Second parameter was not properly generated as randomized
			at statement: specialinvoke $r7.<javax.crypto.spec.GCMParameterSpec: void <init>(int,byte[],int,int)>(varReplacer7602, $r0, $i0, $i1)


	 in Method: void <init>(byte[])
		RequiredPredicateError violating CrySL rule for javax.crypto.spec.SecretKeySpec
			First parameter was not properly generated as preparedKeyMaterial
			at statement: specialinvoke $r2.<javax.crypto.spec.SecretKeySpec: void <init>(byte[],java.lang.String)>($r1, varReplacer22258)


Findings in Java Class: l6.b

	 in Method: byte[] b(byte[],byte[])
		RequiredPredicateError violating CrySL rule for javax.crypto.spec.IvParameterSpec
			First parameter was not properly generated as randomized
			at statement: specialinvoke $r9.<javax.crypto.spec.IvParameterSpec: void <init>(byte[])>($r7)


	 in Method: byte[] a(byte[],byte[])
		RequiredPredicateError violating CrySL rule for javax.crypto.spec.IvParameterSpec
			First parameter was not properly generated as randomized
			at statement: specialinvoke $r10.<javax.crypto.spec.IvParameterSpec: void <init>(byte[])>($r4)


	 in Method: void <init>(byte[],int)
		RequiredPredicateError violating CrySL rule for javax.crypto.spec.SecretKeySpec
			First parameter was not properly generated as preparedKeyMaterial
			at statement: specialinvoke $r3.<javax.crypto.spec.SecretKeySpec: void <init>(byte[],java.lang.String)>($r1, varReplacer22261)


Findings in Java Class: g6.b

	 in Method: byte[] c(byte[],byte[])
		RequiredPredicateError violating CrySL rule for javax.crypto.Cipher
			Third parameter was not properly generated as preparedGCM
			at statement: virtualinvoke $r5.<javax.crypto.Cipher: void init(int,java.security.Key,java.security.spec.AlgorithmParameterSpec)>(varReplacer13386, $r1, $r4)

		RequiredPredicateError violating CrySL rule for javax.crypto.spec.GCMParameterSpec
			Second parameter was not properly generated as randomized
			at statement: specialinvoke $r4.<javax.crypto.spec.GCMParameterSpec: void <init>(int,byte[],int,int)>(varReplacer13387, $r2, varReplacer13388, varReplacer13389)

		RequiredPredicateError violating CrySL rule for javax.crypto.Cipher
			Second parameter was not properly generated as generatedKey
			at statement: virtualinvoke $r5.<javax.crypto.Cipher: void init(int,java.security.Key,java.security.spec.AlgorithmParameterSpec)>(varReplacer13386, $r1, $r4)


	 in Method: byte[] d(byte[],byte[])
		RequiredPredicateError violating CrySL rule for javax.crypto.Cipher
			Second parameter was not properly generated as generatedKey
			at statement: virtualinvoke $r4.<javax.crypto.Cipher: void init(int,java.security.Key)>(varReplacer19645, $r5)


Findings in Java Class: l6.a

	 in Method: void c(byte[],int,int,byte[],int,byte[],boolean)
		RequiredPredicateError violating CrySL rule for javax.crypto.spec.IvParameterSpec
			First parameter was not properly generated as randomized
			at statement: specialinvoke $r8.<javax.crypto.spec.IvParameterSpec: void <init>(byte[])>($r7)


	 in Method: void <init>(byte[],int)
		RequiredPredicateError violating CrySL rule for javax.crypto.spec.SecretKeySpec
			First parameter was not properly generated as preparedKeyMaterial
			at statement: specialinvoke $r2.<javax.crypto.spec.SecretKeySpec: void <init>(byte[],java.lang.String)>($r1, varReplacer22249)


======================= CryptoAnalysis Summary ==========================
	Number of CrySL rules: 49
	Number of Objects Analyzed: 52

	CryptoAnalysis found the following violations. For details see description above.
	TypestateError: 10
	IncompleteOperationError: 8
	RequiredPredicateError: 23
	ConstraintError: 13
=====================================================================
