0    [main] WARN  pes.access.impl.DeclaredTypeFactory  - --- xtext.common.types ---------------------------------------------------
1    [main] WARN  pes.access.impl.DeclaredTypeFactory  - ASM library is too old. Falling back to java.lang.reflect API.
1    [main] WARN  pes.access.impl.DeclaredTypeFactory  - Please note that no information about compile time constants is available.
1    [main] WARN  pes.access.impl.DeclaredTypeFactory  - It's recommended to use org.objectweb.asm 9.1.0 or better (Maven group id: org.ow2.asm).
1    [main] WARN  pes.access.impl.DeclaredTypeFactory  - --------------------------------------------------------------------------
Alive 15391  5000
Alive 28967  5000
Alive 47511  5000
Alive 16268  5000
Alive 32101  5000
Alive 29513  5000
Alive 28604  5000
Alive 39231  5000
Alive 44963  5000
Alive 22215  5000
Alive 40952  5000
Alive 29079  5000
Alive 25651  5000
Alive 65480  5000
Alive 46073  5000
Alive 54055  5000
Alive 55264  5000
Alive 52871  5000
Alive 54298  5000
Alive 51934  5000
Alive 40055  5000
Alive 35888  5000
Alive 49104  5000
Alive 50983  5000
Alive 40706  5000
Alive 51869  5000
Alive 51096  5000
Alive 50257  5000
