0    [main] WARN  pes.access.impl.DeclaredTypeFactory  - --- xtext.common.types ---------------------------------------------------
1    [main] WARN  pes.access.impl.DeclaredTypeFactory  - ASM library is too old. Falling back to java.lang.reflect API.
1    [main] WARN  pes.access.impl.DeclaredTypeFactory  - Please note that no information about compile time constants is available.
1    [main] WARN  pes.access.impl.DeclaredTypeFactory  - It's recommended to use org.objectweb.asm 9.1.0 or better (Maven group id: org.ow2.asm).
1    [main] WARN  pes.access.impl.DeclaredTypeFactory  - --------------------------------------------------------------------------
Ruleset: 
	java.security.cert.TrustAnchor
	javax.crypto.spec.GCMParameterSpec
	javax.xml.crypto.dsig.spec.HMACParameterSpec
	java.security.KeyPair
	java.security.DigestOutputStream
	javax.net.ssl.KeyStoreBuilderParameters
	javax.crypto.spec.OAEPParameterSpec
	javax.net.ssl.SSLContext
	javax.crypto.spec.DHGenParameterSpec
	javax.crypto.CipherOutputStream
	java.security.Key
	javax.crypto.SecretKeyFactory
	java.security.cert.PKIXBuilderParameters
	java.security.KeyFactory
	javax.crypto.spec.PBEKeySpec
	java.security.spec.DSAGenParameterSpec
	java.security.KeyPairGenerator
	javax.crypto.CipherInputStream
	javax.net.ssl.CertPathTrustManagerParameters
	java.security.cert.CertificateFactory
	java.security.SecureRandom
	java.security.spec.MGF1ParameterSpec
	javax.net.ssl.SSLEngine
	javax.crypto.spec.DHParameterSpec
	java.security.spec.DSAParameterSpec
	java.security.spec.ECParameterSpec
	java.security.spec.RSAKeyGenParameterSpec
	javax.crypto.spec.IvParameterSpec
	javax.crypto.Cipher
	javax.crypto.spec.PBEParameterSpec
	java.security.AlgorithmParameterGenerator
	java.security.spec.X509EncodedKeySpec
	javax.net.ssl.TrustManagerFactory
	java.security.DigestInputStream
	void
	javax.net.ssl.KeyManagerFactory
	java.security.cert.PKIXParameters
	java.net.PasswordAuthentication
	java.security.AlgorithmParameters
	javax.crypto.KeyAgreement
	javax.crypto.spec.SecretKeySpec
	javax.net.ssl.SSLParameters
	java.security.MessageDigest
	javax.crypto.SecretKey
	javax.crypto.KeyGenerator
	java.security.KeyStore
	javax.crypto.Mac
	java.security.spec.ECGenParameterSpec
	java.security.Signature

Analyzed Objects: 
	Object:
		Variable: $r7
		Type: javax.crypto.Cipher
		Statement: $r7 = staticinvoke <javax.crypto.Cipher: javax.crypto.Cipher getInstance(java.lang.String)>(varReplacer603)
		Method: <com.dalthed.tucan.helpers.EncryptionHelper: java.lang.String decrypt(java.lang.String)>
		SHA-256: a0e0f86cd5058b73d568d16dd5048621bf584def4a8e67a7ceb1ec35e81c5877
		Secure: false
	Object:
		Variable: $r8
		Type: javax.crypto.spec.PBEParameterSpec
		Statement: specialinvoke $r8.<javax.crypto.spec.PBEParameterSpec: void <init>(byte[],int)>($r9, varReplacer604)
		Method: <com.dalthed.tucan.helpers.EncryptionHelper: java.lang.String decrypt(java.lang.String)>
		SHA-256: f745e3dcfb89dfb80876c4f6aaf2429b0c154ff74486ed54b51d331eadba4057
		Secure: false
	Object:
		Variable: $r2
		Type: javax.crypto.SecretKeyFactory
		Statement: $r2 = staticinvoke <javax.crypto.SecretKeyFactory: javax.crypto.SecretKeyFactory getInstance(java.lang.String)>(varReplacer605)
		Method: <com.dalthed.tucan.helpers.EncryptionHelper: java.lang.String decrypt(java.lang.String)>
		SHA-256: e2a62a8405c971b11ece0ad13aa0203b182ad337ba6a43ffc8b0d1130b3babbe
		Secure: false
	Object:
		Variable: $r6
		Type: javax.crypto.SecretKey
		Statement: $r6 = virtualinvoke $r2.<javax.crypto.SecretKeyFactory: javax.crypto.SecretKey generateSecret(java.security.spec.KeySpec)>($r3)
		Method: <com.dalthed.tucan.helpers.EncryptionHelper: java.lang.String decrypt(java.lang.String)>
		SHA-256: 757db5364901c7aaa0f8686647d9be331c5a13dae201a9186d110c1faa94c590
		Secure: false

Findings in Java Class: com.dalthed.tucan.helpers.EncryptionHelper

	 in Method: java.lang.String decrypt(java.lang.String)
		RequiredPredicateError violating CrySL rule for javax.crypto.Cipher
			Second parameter was not properly generated as generatedKey
			at statement: virtualinvoke $r7.<javax.crypto.Cipher: void init(int,java.security.Key,java.security.spec.AlgorithmParameterSpec)>(varReplacer608, $r6, $r8)

		ConstraintError violating CrySL rule for javax.crypto.SecretKeyFactory (on Object #e2a62a8405c971b11ece0ad13aa0203b182ad337ba6a43ffc8b0d1130b3babbe)
			First parameter (with value "PBEWithMD5AndDES") should be any of {PBKDF2WithHmacSHA512, PBKDF2WithHmacSHA384, PBKDF2WithHmacSHA256, PBKDF2WithHmacSHA224, PBEWithHmacSHA512AndAES_128, PBEWithHmacSHA384AndAES_128, PBEWithHmacSHA384AndAES_128, PBEWithHmacSHA224AndAES_128, PBEWithHmacSHA256AndAES_128, PBEWithHmacSHA224AndAES_256, PBEWithHmacSHA256AndAES_256, PBEWithHmacSHA384AndAES_256, PBEWithHmacSHA512AndAES_256}
			at statement: $r2 = staticinvoke <javax.crypto.SecretKeyFactory: javax.crypto.SecretKeyFactory getInstance(java.lang.String)>(varReplacer605)

		ConstraintError violating CrySL rule for javax.crypto.spec.PBEParameterSpec (on Object #f745e3dcfb89dfb80876c4f6aaf2429b0c154ff74486ed54b51d331eadba4057)
			Second parameter (with value 20)Variable iterationCountmust be  at least 10000
			at statement: specialinvoke $r8.<javax.crypto.spec.PBEParameterSpec: void <init>(byte[],int)>($r9, varReplacer604)

		RequiredPredicateError violating CrySL rule for javax.crypto.SecretKeyFactory
			First parameter was not properly generated as speccedKey
			at statement: $r6 = virtualinvoke $r2.<javax.crypto.SecretKeyFactory: javax.crypto.SecretKey generateSecret(java.security.spec.KeySpec)>($r3)

		ConstraintError violating CrySL rule for javax.crypto.Cipher (on Object #a0e0f86cd5058b73d568d16dd5048621bf584def4a8e67a7ceb1ec35e81c5877)
			First parameter (with value "PBEWithMD5AndDES") should be any of {AES, PBEWithHmacSHA224AndAES_128, PBEWithHmacSHA256AndAES_128, PBEWithHmacSHA384AndAES_128, PBEWithHmacSHA512AndAES_128, PBEWithHmacSHA224AndAES_256, PBEWithHmacSHA256AndAES_256, PBEWithHmacSHA384AndAES_256, PBEWithHmacSHA512AndAES_256}
			at statement: $r7 = staticinvoke <javax.crypto.Cipher: javax.crypto.Cipher getInstance(java.lang.String)>(varReplacer603)

		RequiredPredicateError violating CrySL rule for javax.crypto.spec.PBEParameterSpec
			First parameter was not properly generated as randomized
			at statement: specialinvoke $r8.<javax.crypto.spec.PBEParameterSpec: void <init>(byte[],int)>($r9, varReplacer604)

		ForbiddenMethodError violating CrySL rule for javax.crypto.spec.PBEKeySpec
			Detected call to forbidden method void <init>(char[]) of class javax.crypto.spec.PBEKeySpec. Instead, call method <javax.crypto.spec.PBEKeySpec: void <init>(char[],byte[],int,int)>.
			at statement: specialinvoke $r3.<javax.crypto.spec.PBEKeySpec: void <init>(char[])>($r5)

		TypestateError violating CrySL rule for javax.crypto.Cipher (on Object #a0e0f86cd5058b73d568d16dd5048621bf584def4a8e67a7ceb1ec35e81c5877)
			Unexpected call to method doFinal on object of type javax.crypto.Cipher. Expect a call to one of the following methods init,updateAAD
			at statement: $r9 = virtualinvoke $r7.<javax.crypto.Cipher: byte[] doFinal(byte[])>($r9)


======================= CryptoAnalysis Summary ==========================
	Number of CrySL rules: 49
	Number of Objects Analyzed: 4

	CryptoAnalysis found the following violations. For details see description above.
	RequiredPredicateError: 3
	TypestateError: 1
	ConstraintError: 3
	ForbiddenMethodError: 1
=====================================================================
