0    [main] WARN  pes.access.impl.DeclaredTypeFactory  - --- xtext.common.types ---------------------------------------------------
1    [main] WARN  pes.access.impl.DeclaredTypeFactory  - ASM library is too old. Falling back to java.lang.reflect API.
1    [main] WARN  pes.access.impl.DeclaredTypeFactory  - Please note that no information about compile time constants is available.
1    [main] WARN  pes.access.impl.DeclaredTypeFactory  - It's recommended to use org.objectweb.asm 9.1.0 or better (Maven group id: org.ow2.asm).
1    [main] WARN  pes.access.impl.DeclaredTypeFactory  - --------------------------------------------------------------------------
Ruleset: 
	java.security.cert.TrustAnchor
	javax.crypto.spec.GCMParameterSpec
	javax.xml.crypto.dsig.spec.HMACParameterSpec
	java.security.KeyPair
	java.security.DigestOutputStream
	javax.net.ssl.KeyStoreBuilderParameters
	javax.crypto.spec.OAEPParameterSpec
	javax.net.ssl.SSLContext
	javax.crypto.spec.DHGenParameterSpec
	javax.crypto.CipherOutputStream
	java.security.Key
	javax.crypto.SecretKeyFactory
	java.security.cert.PKIXBuilderParameters
	java.security.KeyFactory
	javax.crypto.spec.PBEKeySpec
	java.security.spec.DSAGenParameterSpec
	java.security.KeyPairGenerator
	javax.crypto.CipherInputStream
	javax.net.ssl.CertPathTrustManagerParameters
	java.security.cert.CertificateFactory
	java.security.SecureRandom
	java.security.spec.MGF1ParameterSpec
	javax.net.ssl.SSLEngine
	javax.crypto.spec.DHParameterSpec
	java.security.spec.DSAParameterSpec
	java.security.spec.ECParameterSpec
	java.security.spec.RSAKeyGenParameterSpec
	javax.crypto.spec.IvParameterSpec
	javax.crypto.Cipher
	javax.crypto.spec.PBEParameterSpec
	java.security.AlgorithmParameterGenerator
	java.security.spec.X509EncodedKeySpec
	javax.net.ssl.TrustManagerFactory
	java.security.DigestInputStream
	void
	javax.net.ssl.KeyManagerFactory
	java.security.cert.PKIXParameters
	java.net.PasswordAuthentication
	java.security.AlgorithmParameters
	javax.crypto.KeyAgreement
	javax.crypto.spec.SecretKeySpec
	javax.net.ssl.SSLParameters
	java.security.MessageDigest
	javax.crypto.SecretKey
	javax.crypto.KeyGenerator
	java.security.KeyStore
	javax.crypto.Mac
	java.security.spec.ECGenParameterSpec
	java.security.Signature

Analyzed Objects: 
	Object:
		Variable: $r6
		Type: java.security.MessageDigest
		Statement: $r6 = staticinvoke <java.security.MessageDigest: java.security.MessageDigest getInstance(java.lang.String)>(varReplacer10783)
		Method: <com.bumptech.glide.load.engine.cache.SafeKeyGenerator: java.lang.String getSafeKey(com.bumptech.glide.load.Key)>
		SHA-256: 159096341a899242f1c034b49d22939f7d7fe18cc00d3526b97a4d84f7038ce
		Secure: true
	Object:
		Variable: $r1
		Type: java.security.MessageDigest
		Statement: $r1 = staticinvoke <java.security.MessageDigest: java.security.MessageDigest getInstance(java.lang.String)>(varReplacer12312)
		Method: <okhttp3.internal.Util: java.lang.String md5Hex(java.lang.String)>
		SHA-256: 6bfa967dd08e557833be8ececeb5dce6934102cd67ed384e5aeb81c3414adfd3
		Secure: false
	Object:
		Variable: $r5
		Type: java.security.cert.CertificateFactory
		Statement: $r5 = staticinvoke <java.security.cert.CertificateFactory: java.security.cert.CertificateFactory getInstance(java.lang.String)>(varReplacer14794)
		Method: <okhttp3.Cache$Entry: java.util.List readCertificateList(okio.BufferedSource)>
		SHA-256: 23da867bab200cf56750cdfd1c0cdc7066c70fba775440c04039f06aaa1679f6
		Secure: false
	Object:
		Variable: $r7
		Type: byte[]
		Statement: $r7 = virtualinvoke $r6.<java.security.MessageDigest: byte[] digest()>()
		Method: <com.bumptech.glide.load.engine.cache.SafeKeyGenerator: java.lang.String getSafeKey(com.bumptech.glide.load.Key)>
		SHA-256: 6763e0d09de34caa999df127c6d30dc02400c44c84c5c574d6dd222776edfb5c
		Secure: true
	Object:
		Variable: $r2
		Type: byte[]
		Statement: $r2 = virtualinvoke $r1.<java.security.MessageDigest: byte[] digest(byte[])>($r2)
		Method: <okhttp3.internal.Util: java.lang.String md5Hex(java.lang.String)>
		SHA-256: ff685f32e7a7f750cd456b35d0be518bacf6cdd5ba40802666534e9df3ec3217
		Secure: false
	Object:
		Variable: $r3
		Type: byte[]
		Statement: $r3 = virtualinvoke $r2.<java.security.MessageDigest: byte[] digest(byte[])>($r3)
		Method: <okhttp3.internal.Util: okio.ByteString sha1(okio.ByteString)>
		SHA-256: 779fa9e7d07fc58ac6fb0f677b3796756777647dae3e7e2e128e2e27e33a0c70
		Secure: false
	Object:
		Variable: $r2
		Type: java.security.MessageDigest
		Statement: $r2 = staticinvoke <java.security.MessageDigest: java.security.MessageDigest getInstance(java.lang.String)>(varReplacer15539)
		Method: <okhttp3.internal.Util: okio.ByteString sha1(okio.ByteString)>
		SHA-256: 448b6f24c16df8a58e3aa7b9822c43d848d070231f1e849901e8ca0123bca897
		Secure: false

Findings in Java Class: com.bumptech.glide.load.engine.cache.SafeKeyGenerator

	 in Method: java.lang.String getSafeKey(com.bumptech.glide.load.Key)
		TypestateError violating CrySL rule for java.security.MessageDigest (on Object #159096341a899242f1c034b49d22939f7d7fe18cc00d3526b97a4d84f7038ce)
			Unexpected call to method <java.security.MessageDigest: byte[] digest()> on object of type java.security.MessageDigest. Expect a call to one of the following methods java.security.MessageDigest: void update(byte[],int,int),java.security.MessageDigest: void update(java.nio.ByteBuffer),java.security.MessageDigest: byte[] digest(byte[]),java.security.MessageDigest: void update(byte),java.security.MessageDigest: void update(byte[])
			at statement: $r7 = virtualinvoke $r6.<java.security.MessageDigest: byte[] digest()>()


Findings in Java Class: okhttp3.internal.Util

	 in Method: java.lang.String md5Hex(java.lang.String)
		ConstraintError violating CrySL rule for java.security.MessageDigest (on Object #6bfa967dd08e557833be8ececeb5dce6934102cd67ed384e5aeb81c3414adfd3)
			First parameter (with value "MD5") should be any of {SHA-256, SHA-384, SHA-512}
			at statement: $r1 = staticinvoke <java.security.MessageDigest: java.security.MessageDigest getInstance(java.lang.String)>(varReplacer12312)


	 in Method: okio.ByteString sha1(okio.ByteString)
		ConstraintError violating CrySL rule for java.security.MessageDigest (on Object #448b6f24c16df8a58e3aa7b9822c43d848d070231f1e849901e8ca0123bca897)
			First parameter (with value "SHA-1") should be any of {SHA-256, SHA-384, SHA-512}
			at statement: $r2 = staticinvoke <java.security.MessageDigest: java.security.MessageDigest getInstance(java.lang.String)>(varReplacer15539)


Findings in Java Class: okhttp3.Cache$Entry

	 in Method: java.util.List readCertificateList(okio.BufferedSource)
		IncompleteOperationError violating CrySL rule for java.security.cert.CertificateFactory (on Object #23da867bab200cf56750cdfd1c0cdc7066c70fba775440c04039f06aaa1679f6)
			Operation on object of type java.security.cert.CertificateFactory object not completed. Expected call to generateCertPath, generateCertificate, generateCRL
			at statement: $r5 = staticinvoke <java.security.cert.CertificateFactory: java.security.cert.CertificateFactory getInstance(java.lang.String)>(varReplacer14794)

		TypestateError violating CrySL rule for java.security.cert.CertificateFactory (on Object #23da867bab200cf56750cdfd1c0cdc7066c70fba775440c04039f06aaa1679f6)
			Unexpected call to method generateCertificate on object of type java.security.cert.CertificateFactory. Expect a call to one of the following methods generateCRL
			at statement: $r10 = virtualinvoke $r5.<java.security.cert.CertificateFactory: java.security.cert.Certificate generateCertificate(java.io.InputStream)>($r9)

		IncompleteOperationError violating CrySL rule for java.security.cert.CertificateFactory (on Object #23da867bab200cf56750cdfd1c0cdc7066c70fba775440c04039f06aaa1679f6)
			Operation on object of type java.security.cert.CertificateFactory object not completed. Expected call to generateCertPath, generateCRL, java.security.cert.CertificateFactory: java.security.cert.Certificate generateCertificate(java.io.InputStream)
			at statement: $r10 = virtualinvoke $r5.<java.security.cert.CertificateFactory: java.security.cert.Certificate generateCertificate(java.io.InputStream)>($r9)


======================= CryptoAnalysis Summary ==========================
	Number of CrySL rules: 49
	Number of Objects Analyzed: 7

	CryptoAnalysis found the following violations. For details see description above.
	ConstraintError: 2
	TypestateError: 2
	IncompleteOperationError: 2
=====================================================================
