0    [main] WARN  pes.access.impl.DeclaredTypeFactory  - --- xtext.common.types ---------------------------------------------------
1    [main] WARN  pes.access.impl.DeclaredTypeFactory  - ASM library is too old. Falling back to java.lang.reflect API.
1    [main] WARN  pes.access.impl.DeclaredTypeFactory  - Please note that no information about compile time constants is available.
1    [main] WARN  pes.access.impl.DeclaredTypeFactory  - It's recommended to use org.objectweb.asm 9.1.0 or better (Maven group id: org.ow2.asm).
1    [main] WARN  pes.access.impl.DeclaredTypeFactory  - --------------------------------------------------------------------------
Ruleset: 
	java.security.cert.TrustAnchor
	javax.crypto.spec.GCMParameterSpec
	javax.xml.crypto.dsig.spec.HMACParameterSpec
	java.security.KeyPair
	java.security.DigestOutputStream
	javax.net.ssl.KeyStoreBuilderParameters
	javax.crypto.spec.OAEPParameterSpec
	javax.net.ssl.SSLContext
	javax.crypto.spec.DHGenParameterSpec
	javax.crypto.CipherOutputStream
	java.security.Key
	javax.crypto.SecretKeyFactory
	java.security.cert.PKIXBuilderParameters
	java.security.KeyFactory
	javax.crypto.spec.PBEKeySpec
	java.security.spec.DSAGenParameterSpec
	java.security.KeyPairGenerator
	javax.crypto.CipherInputStream
	javax.net.ssl.CertPathTrustManagerParameters
	java.security.cert.CertificateFactory
	java.security.SecureRandom
	java.security.spec.MGF1ParameterSpec
	javax.net.ssl.SSLEngine
	javax.crypto.spec.DHParameterSpec
	java.security.spec.DSAParameterSpec
	java.security.spec.ECParameterSpec
	java.security.spec.RSAKeyGenParameterSpec
	javax.crypto.spec.IvParameterSpec
	javax.crypto.Cipher
	javax.crypto.spec.PBEParameterSpec
	java.security.AlgorithmParameterGenerator
	java.security.spec.X509EncodedKeySpec
	javax.net.ssl.TrustManagerFactory
	java.security.DigestInputStream
	void
	javax.net.ssl.KeyManagerFactory
	java.security.cert.PKIXParameters
	java.net.PasswordAuthentication
	java.security.AlgorithmParameters
	javax.crypto.KeyAgreement
	javax.crypto.spec.SecretKeySpec
	javax.net.ssl.SSLParameters
	java.security.MessageDigest
	javax.crypto.SecretKey
	javax.crypto.KeyGenerator
	java.security.KeyStore
	javax.crypto.Mac
	java.security.spec.ECGenParameterSpec
	java.security.Signature

Analyzed Objects: 
	Object:
		Variable: $r4
		Type: java.security.KeyFactory
		Statement: $r4 = staticinvoke <java.security.KeyFactory: java.security.KeyFactory getInstance(java.lang.String)>(varReplacer3953)
		Method: <com.mitzuli.core.Package$Builder: void setPublicKey(byte[])>
		SHA-256: e18eb0d60f0d979c8b26241706a7a6700dae6313165c4233b9fc38e55a5ff504
		Secure: false
	Object:
		Variable: $r30
		Type: java.security.MessageDigest
		Statement: $r30 = staticinvoke <java.security.MessageDigest: java.security.MessageDigest getInstance(java.lang.String)>(varReplacer6704)
		Method: <com.mitzuli.core.Package$InstallTask: java.lang.Exception doInBackground(java.lang.Void[])>
		SHA-256: 9ad6ca55e75494f8761dd4f7025d4dc9b58aa1494f9957319913b3a11b29f0a5
		Secure: true
	Object:
		Variable: $r5
		Type: java.security.PublicKey
		Statement: $r5 = virtualinvoke $r4.<java.security.KeyFactory: java.security.PublicKey generatePublic(java.security.spec.KeySpec)>($r3)
		Method: <com.mitzuli.core.Package$Builder: void setPublicKey(byte[])>
		SHA-256: 13f5a8a58768f895eea47774be8f2a5a2dff231f443ecbcd82a5c82d6db17d15
		Secure: false
	Object:
		Variable: $r3
		Type: java.security.spec.X509EncodedKeySpec
		Statement: specialinvoke $r3.<java.security.spec.X509EncodedKeySpec: void <init>(byte[])>($r1)
		Method: <com.mitzuli.core.Package$Builder: void setPublicKey(byte[])>
		SHA-256: b3fe565afbb268c4b7d540a8a1a20f651ba02269ab08b7a9da20830280127d4b
		Secure: false
	Object:
		Variable: $r11
		Type: javax.net.ssl.SSLContext
		Statement: $r11 = staticinvoke <javax.net.ssl.SSLContext: javax.net.ssl.SSLContext getInstance(java.lang.String)>(r1)
		Method: <de.timroes.axmlrpc.XMLRPCClient$Caller: java.net.HttpURLConnection verifyConnection(java.net.URLConnection)>
		SHA-256: 3502b1507fbdeb3eef40b04e7d8510b5e399fe9102aa4bdcd15537a1198c07a
		Secure: false
	Object:
		Variable: $r5
		Type: java.security.MessageDigest
		Statement: $r5 = staticinvoke <java.security.MessageDigest: java.security.MessageDigest getInstance(java.lang.String)>(varReplacer9072)
		Method: <com.mitzuli.core.Package: boolean verifyFileIntegrity(java.io.File)>
		SHA-256: 8b71cb6a921b4099954d5d6899c8d20470bc071ac4e415acaa07a67eb2049c1d
		Secure: true
	Object:
		Variable: varReplacer3953
		Type: java.lang.String
		Statement: $r4 = staticinvoke <java.security.KeyFactory: java.security.KeyFactory getInstance(java.lang.String)>(varReplacer3953)
		Method: <com.mitzuli.core.Package$Builder: void setPublicKey(byte[])>
		SHA-256: 7f7d9ba1cf98e45811fbee8db990fed3f4777faa504943ee060db5c0b44e7c0
		Secure: false
	Object:
		Variable: $r4
		Type: java.security.SecureRandom
		Statement: specialinvoke $r4.<java.security.SecureRandom: void <init>()>()
		Method: <de.timroes.axmlrpc.XMLRPCClient$Caller: java.net.HttpURLConnection verifyConnection(java.net.URLConnection)>
		SHA-256: 666b5e2a3eb57e23b3f907bf8d21d523e032e40c010a2b1e805abe63cffdb7b3
		Secure: true
	Object:
		Variable: $r55
		Type: java.security.DigestOutputStream
		Statement: specialinvoke $r55.<java.security.DigestOutputStream: void <init>(java.io.OutputStream,java.security.MessageDigest)>($r31, $r30)
		Method: <com.mitzuli.core.Package$InstallTask: java.lang.Exception doInBackground(java.lang.Void[])>
		SHA-256: ceace8dc9d49d987ddc6923390d8cb5a2994899894f272f8c84c4e591ba4bf41
		Secure: false
	Object:
		Variable: $r5
		Type: java.security.Signature
		Statement: $r5 = staticinvoke <java.security.Signature: java.security.Signature getInstance(java.lang.String)>($r2)
		Method: <com.mitzuli.core.SignatureVerifierInputStream: void <init>(java.io.InputStream,java.lang.String,java.security.PublicKey,byte[])>
		SHA-256: 9b3fc38a3c1b8cf0c23ce2f89a21598aa086f266243c0c4e07fe316fcdd0b0fe
		Secure: false
	Object:
		Variable: r3
		Type: java.security.DigestInputStream
		Statement: specialinvoke r3.<java.security.DigestInputStream: void <init>(java.io.InputStream,java.security.MessageDigest)>($r6, $r5)
		Method: <com.mitzuli.core.Package: boolean verifyFileIntegrity(java.io.File)>
		SHA-256: 72e69a9006aeea127838b6c302d4eb50403e2e933c8b3753b3e016eb1c68cda7
		Secure: false

Findings in Java Class: com.mitzuli.core.Package$InstallTask

	 in Method: java.lang.Exception doInBackground(java.lang.Void[])
		IncompleteOperationError violating CrySL rule for java.security.DigestOutputStream (on Object #ceace8dc9d49d987ddc6923390d8cb5a2994899894f272f8c84c4e591ba4bf41)
			Operation on object of type java.security.DigestOutputStream object not completed. Expected call to write
			at statement: specialinvoke $r55.<java.security.DigestOutputStream: void <init>(java.io.OutputStream,java.security.MessageDigest)>($r31, $r30)

		IncompleteOperationError violating CrySL rule for java.security.Signature (on Object #9b3fc38a3c1b8cf0c23ce2f89a21598aa086f266243c0c4e07fe316fcdd0b0fe)
			Operation on object of type java.security.Signature object not completed. Expected call to update, verify
			at statement: specialinvoke $r51.<com.mitzuli.core.SignatureVerifierInputStream: void <init>(java.io.InputStream,java.lang.String,java.security.PublicKey,byte[])>($r22, varReplacer6699, $r23, $r27)

		TypestateError violating CrySL rule for java.security.MessageDigest (on Object #9ad6ca55e75494f8761dd4f7025d4dc9b58aa1494f9957319913b3a11b29f0a5)
			Unexpected call to method <java.security.MessageDigest: byte[] digest()> on object of type java.security.MessageDigest. Expect a call to one of the following methods java.security.MessageDigest: void update(byte[],int,int),java.security.MessageDigest: void update(java.nio.ByteBuffer),java.security.MessageDigest: byte[] digest(byte[]),java.security.MessageDigest: void update(byte[]),java.security.MessageDigest: void update(byte)
			at statement: $r27 = virtualinvoke $r30.<java.security.MessageDigest: byte[] digest()>()

		IncompleteOperationError violating CrySL rule for java.security.MessageDigest (on Object #9ad6ca55e75494f8761dd4f7025d4dc9b58aa1494f9957319913b3a11b29f0a5)
			Operation on object of type java.security.MessageDigest object not completed. Expected call to digest, update
			at statement: specialinvoke $r55.<java.security.DigestOutputStream: void <init>(java.io.OutputStream,java.security.MessageDigest)>($r31, $r30)


Findings in Java Class: com.mitzuli.core.Package

	 in Method: boolean verifyFileIntegrity(java.io.File)
		TypestateError violating CrySL rule for java.security.MessageDigest (on Object #8b71cb6a921b4099954d5d6899c8d20470bc071ac4e415acaa07a67eb2049c1d)
			Unexpected call to method <java.security.MessageDigest: byte[] digest()> on object of type java.security.MessageDigest. Expect a call to one of the following methods java.security.MessageDigest: void update(byte[],int,int),java.security.MessageDigest: void update(java.nio.ByteBuffer),java.security.MessageDigest: byte[] digest(byte[]),java.security.MessageDigest: void update(byte[]),java.security.MessageDigest: void update(byte)
			at statement: r2 = virtualinvoke $r5.<java.security.MessageDigest: byte[] digest()>()

		IncompleteOperationError violating CrySL rule for java.security.DigestInputStream (on Object #72e69a9006aeea127838b6c302d4eb50403e2e933c8b3753b3e016eb1c68cda7)
			Operation on object of type java.security.DigestInputStream object not completed. Expected call to java.security.DigestInputStream: int read(), java.io.InputStream: int read(byte[],int,int), java.security.DigestInputStream: int read(byte[],int,int), java.io.FilterInputStream: int read(byte[],int,int), java.io.InputStream: int read(), java.io.FilterInputStream: int read()
			at statement: $i0 = virtualinvoke r3.<java.security.DigestInputStream: int read(byte[])>(r2)


Findings in Java Class: com.mitzuli.core.Package$Builder

	 in Method: void setPublicKey(byte[])
		RequiredPredicateError violating CrySL rule for java.security.spec.X509EncodedKeySpec
			First parameter was not properly generated as preparedKeyMaterial
			at statement: specialinvoke $r3.<java.security.spec.X509EncodedKeySpec: void <init>(byte[])>($r1)

		RequiredPredicateError violating CrySL rule for java.security.KeyFactory
			First parameter was not properly generated as speccedKey
			at statement: $r5 = virtualinvoke $r4.<java.security.KeyFactory: java.security.PublicKey generatePublic(java.security.spec.KeySpec)>($r3)


Findings in Java Class: de.timroes.axmlrpc.XMLRPCClient$Caller

	 in Method: java.net.HttpURLConnection verifyConnection(java.net.URLConnection)
		RequiredPredicateError violating CrySL rule for javax.net.ssl.SSLContext
			First parameter was not properly generated as generatedKeyManagers
			at statement: virtualinvoke $r11.<javax.net.ssl.SSLContext: void init(javax.net.ssl.KeyManager[],javax.net.ssl.TrustManager[],java.security.SecureRandom)>($r12, $r10, $r4)

		RequiredPredicateError violating CrySL rule for javax.net.ssl.SSLContext
			Second parameter was not properly generated as generatedTrustManagers
			at statement: virtualinvoke $r11.<javax.net.ssl.SSLContext: void init(javax.net.ssl.KeyManager[],javax.net.ssl.TrustManager[],java.security.SecureRandom)>($r12, $r10, $r4)


======================= CryptoAnalysis Summary ==========================
	Number of CrySL rules: 49
	Number of Objects Analyzed: 11

	CryptoAnalysis found the following violations. For details see description above.
	IncompleteOperationError: 4
	RequiredPredicateError: 4
	TypestateError: 2
=====================================================================
