0    [main] WARN  pes.access.impl.DeclaredTypeFactory  - --- xtext.common.types ---------------------------------------------------
0    [main] WARN  pes.access.impl.DeclaredTypeFactory  - ASM library is too old. Falling back to java.lang.reflect API.
0    [main] WARN  pes.access.impl.DeclaredTypeFactory  - Please note that no information about compile time constants is available.
0    [main] WARN  pes.access.impl.DeclaredTypeFactory  - It's recommended to use org.objectweb.asm 9.1.0 or better (Maven group id: org.ow2.asm).
0    [main] WARN  pes.access.impl.DeclaredTypeFactory  - --------------------------------------------------------------------------
Ruleset: 
	java.security.cert.TrustAnchor
	javax.crypto.spec.GCMParameterSpec
	javax.xml.crypto.dsig.spec.HMACParameterSpec
	java.security.KeyPair
	java.security.DigestOutputStream
	javax.net.ssl.KeyStoreBuilderParameters
	javax.crypto.spec.OAEPParameterSpec
	javax.net.ssl.SSLContext
	javax.crypto.spec.DHGenParameterSpec
	javax.crypto.CipherOutputStream
	java.security.Key
	javax.crypto.SecretKeyFactory
	java.security.cert.PKIXBuilderParameters
	java.security.KeyFactory
	javax.crypto.spec.PBEKeySpec
	java.security.spec.DSAGenParameterSpec
	java.security.KeyPairGenerator
	javax.crypto.CipherInputStream
	javax.net.ssl.CertPathTrustManagerParameters
	java.security.cert.CertificateFactory
	java.security.SecureRandom
	java.security.spec.MGF1ParameterSpec
	javax.net.ssl.SSLEngine
	javax.crypto.spec.DHParameterSpec
	java.security.spec.DSAParameterSpec
	java.security.spec.ECParameterSpec
	java.security.spec.RSAKeyGenParameterSpec
	javax.crypto.spec.IvParameterSpec
	javax.crypto.Cipher
	javax.crypto.spec.PBEParameterSpec
	java.security.AlgorithmParameterGenerator
	java.security.spec.X509EncodedKeySpec
	javax.net.ssl.TrustManagerFactory
	java.security.DigestInputStream
	void
	javax.net.ssl.KeyManagerFactory
	java.security.cert.PKIXParameters
	java.net.PasswordAuthentication
	java.security.AlgorithmParameters
	javax.crypto.KeyAgreement
	javax.crypto.spec.SecretKeySpec
	javax.net.ssl.SSLParameters
	java.security.MessageDigest
	javax.crypto.SecretKey
	javax.crypto.KeyGenerator
	java.security.KeyStore
	javax.crypto.Mac
	java.security.spec.ECGenParameterSpec
	java.security.Signature

Analyzed Objects: 
	Object:
		Variable: $r4
		Type: byte[]
		Statement: $r4 = virtualinvoke $r3.<java.security.MessageDigest: byte[] digest(byte[])>($r4)
		Method: <okio.ByteString: okio.ByteString digest$okio(java.lang.String)>
		SHA-256: d4bf5cc88c644b9a20ac4aef1746c1f0c9ae862102406e7436b8866c875859ff
		Secure: false
	Object:
		Variable: $r2
		Type: java.security.MessageDigest
		Statement: $r2 = staticinvoke <java.security.MessageDigest: java.security.MessageDigest getInstance(java.lang.String)>(varReplacer9572)
		Method: <info.guardianproject.netcipher.proxy.SignatureUtils: java.lang.String getSignatureHash(android.content.Context,java.lang.String)>
		SHA-256: b5a56c63dde4ff6546337a765905e437e3006b071ebe29e6ab5b7364540cf163
		Secure: true
	Object:
		Variable: $r3
		Type: byte[]
		Statement: $r3 = virtualinvoke $r2.<java.security.MessageDigest: byte[] digest(byte[])>($r3)
		Method: <com.zoffcc.applications.trifa.HelperGeneric: java.lang.String get_uniq_tmp_filename(java.lang.String,long)>
		SHA-256: b574233cee3f7bd5a91e6cdfc8c58fcd935dda07235ffe176d9a9b508b2e7882
		Secure: false
	Object:
		Variable: $r1
		Type: javax.net.ssl.SSLContext
		Statement: $r1 = staticinvoke <javax.net.ssl.SSLContext: javax.net.ssl.SSLContext getInstance(java.lang.String,java.security.Provider)>(varReplacer54678, $r2)
		Method: <okhttp3.internal.platform.OpenJSSEPlatform: javax.net.ssl.SSLContext newSSLContext()>
		SHA-256: 520d085d5fd58dff83f98ed185e5df438125fef896c00789b3cc840970c90dfe
		Secure: false
	Object:
		Variable: $r2
		Type: java.security.MessageDigest
		Statement: $r2 = staticinvoke <java.security.MessageDigest: java.security.MessageDigest getInstance(java.lang.String)>($r1)
		Method: <okio.SegmentedByteString: okio.ByteString digest$okio(java.lang.String)>
		SHA-256: 6c960e488f21ae2f1d37981b7f790ff5823030d9f242d798118968e0f93ba357
		Secure: false
	Object:
		Variable: $r1
		Type: java.security.MessageDigest
		Statement: $r1 = staticinvoke <java.security.MessageDigest: java.security.MessageDigest getInstance(java.lang.String)>(varReplacer66841)
		Method: <com.bumptech.glide.load.engine.cache.SafeKeyGenerator$1: com.bumptech.glide.load.engine.cache.SafeKeyGenerator$PoolableDigestContainer create()>
		SHA-256: 2dd81cddcabfafc213d0bea27801ae81d79ec0d116c16cff5a0e92a013bcede0
		Secure: true
	Object:
		Variable: $r1
		Type: javax.net.ssl.SSLContext
		Statement: $r1 = staticinvoke <javax.net.ssl.SSLContext: javax.net.ssl.SSLContext getInstance(java.lang.String)>(varReplacer54675)
		Method: <okhttp3.internal.platform.Platform: javax.net.ssl.SSLContext newSSLContext()>
		SHA-256: ae7bf884bf10c78d3999470286f3c39a4fe6f216531a843824f591e2b43f47ab
		Secure: false
	Object:
		Variable: $r2
		Type: java.security.MessageDigest
		Statement: $r2 = staticinvoke <java.security.MessageDigest: java.security.MessageDigest getInstance(java.lang.String)>(varReplacer22215)
		Method: <com.zoffcc.applications.trifa.HelperGeneric: java.lang.String get_uniq_tmp_filename(java.lang.String,long)>
		SHA-256: 2a51c5eb3e39935d9be54ffef5684e2d893d48389015b4d4a5cc9283007a956e
		Secure: false
	Object:
		Variable: $r1
		Type: javax.net.ssl.TrustManagerFactory
		Statement: $r1 = staticinvoke <javax.net.ssl.TrustManagerFactory: javax.net.ssl.TrustManagerFactory getInstance(java.lang.String,java.lang.String)>(varReplacer47124, varReplacer47125)
		Method: <okhttp3.internal.platform.BouncyCastlePlatform: javax.net.ssl.X509TrustManager platformTrustManager()>
		SHA-256: 7b24b15c3159c80cc2650896d7b2fa5fd31909bb6202e850530455c83f503676
		Secure: false
	Object:
		Variable: $r3
		Type: javax.net.ssl.TrustManagerFactory
		Statement: $r3 = staticinvoke <javax.net.ssl.TrustManagerFactory: javax.net.ssl.TrustManagerFactory getInstance(java.lang.String,java.security.Provider)>($r1, $r2)
		Method: <okhttp3.internal.platform.OpenJSSEPlatform: javax.net.ssl.X509TrustManager platformTrustManager()>
		SHA-256: 1027fce20723454b26980f38c5edb26bcec19bffa5b6443c75459b577c51d460
		Secure: false
	Object:
		Variable: $r1
		Type: javax.net.ssl.SSLContext
		Statement: $r1 = staticinvoke <javax.net.ssl.SSLContext: javax.net.ssl.SSLContext getInstance(java.lang.String,java.security.Provider)>(varReplacer54680, $r2)
		Method: <okhttp3.internal.platform.ConscryptPlatform: javax.net.ssl.SSLContext newSSLContext()>
		SHA-256: ba27f1f8e25a5b36bdf4268d1682e1f1f1895aa35bf556f1d790a5a7c15258d1
		Secure: false
	Object:
		Variable: $r3
		Type: java.security.MessageDigest
		Statement: $r3 = staticinvoke <java.security.MessageDigest: java.security.MessageDigest getInstance(java.lang.String)>($r1)
		Method: <okio.ByteString: okio.ByteString digest$okio(java.lang.String)>
		SHA-256: ae39b036c5eeeba58d380660f68e23806935f12d2f5c9cefe65440425aa34f4a
		Secure: false
	Object:
		Variable: $r3
		Type: javax.net.ssl.TrustManager[]
		Statement: $r3 = virtualinvoke $r2.<javax.net.ssl.TrustManagerFactory: javax.net.ssl.TrustManager[] getTrustManagers()>()
		Method: <okhttp3.internal.platform.Platform: javax.net.ssl.X509TrustManager platformTrustManager()>
		SHA-256: c3dcfb07eabeaead2afa7b41e33d56187e303e14a7184c21b7bac99836f2c278
		Secure: false
	Object:
		Variable: $r3
		Type: javax.net.ssl.TrustManager[]
		Statement: $r3 = virtualinvoke $r2.<javax.net.ssl.TrustManagerFactory: javax.net.ssl.TrustManager[] getTrustManagers()>()
		Method: <okhttp3.internal.platform.ConscryptPlatform: javax.net.ssl.X509TrustManager platformTrustManager()>
		SHA-256: 15a76129680a3cd57380001c355c828c5afc3ba9ce32fff65b352ff3390bbd6
		Secure: false
	Object:
		Variable: $r7
		Type: byte[]
		Statement: $r7 = virtualinvoke $r2.<java.security.MessageDigest: byte[] digest(byte[])>($r7)
		Method: <info.guardianproject.netcipher.proxy.SignatureUtils: java.lang.String getSignatureHash(android.content.Context,java.lang.String)>
		SHA-256: b268f284ef37a82aee439abcbeee5e86b4de27575c338b6fffd214d8eecdf20a
		Secure: true
	Object:
		Variable: $r6
		Type: byte[]
		Statement: $r6 = virtualinvoke $r2.<java.security.MessageDigest: byte[] digest()>()
		Method: <okio.SegmentedByteString: okio.ByteString digest$okio(java.lang.String)>
		SHA-256: b189e83daa1cae39dacb5d56f8d20e560b21d5b6f8f0c6a35bc1a551d3d1c123
		Secure: false
	Object:
		Variable: $r2
		Type: javax.net.ssl.TrustManagerFactory
		Statement: $r2 = staticinvoke <javax.net.ssl.TrustManagerFactory: javax.net.ssl.TrustManagerFactory getInstance(java.lang.String)>($r1)
		Method: <okhttp3.internal.platform.Platform: javax.net.ssl.X509TrustManager platformTrustManager()>
		SHA-256: 5fb6984969c8c0f60ee84399ef18a49aa63648c889757c4080685ad119ecd903
		Secure: false
	Object:
		Variable: $r1
		Type: java.security.MessageDigest
		Statement: $r1 = staticinvoke <java.security.MessageDigest: java.security.MessageDigest getInstance(java.lang.String)>(varReplacer8809)
		Method: <com.zoffcc.applications.trifa.TrifaSetPatternActivity: byte[] sha256(byte[])>
		SHA-256: 9009f244adcdda5a385113c7ddf59ff348fed9662c126e19ab2c67f215b0eacd
		Secure: true
	Object:
		Variable: $r1
		Type: javax.net.ssl.SSLContext
		Statement: $r1 = staticinvoke <javax.net.ssl.SSLContext: javax.net.ssl.SSLContext getInstance(java.lang.String,java.security.Provider)>(varReplacer54681, $r2)
		Method: <okhttp3.internal.platform.BouncyCastlePlatform: javax.net.ssl.SSLContext newSSLContext()>
		SHA-256: dc72c625913254471e465425f4fefb230e84987a6cc0d4eefcdd31e9fc0eb0fc
		Secure: false
	Object:
		Variable: $r6
		Type: java.security.cert.CertificateFactory
		Statement: $r6 = staticinvoke <java.security.cert.CertificateFactory: java.security.cert.CertificateFactory getInstance(java.lang.String)>(varReplacer65173)
		Method: <okhttp3.Cache$Entry: java.util.List readCertificateList(okio.BufferedSource)>
		SHA-256: f84796513717f65323d0a204f5aa154b60b8ef7872add143b9b6baaa610fce80
		Secure: false
	Object:
		Variable: $r0
		Type: byte[]
		Statement: $r0 = virtualinvoke $r1.<java.security.MessageDigest: byte[] digest(byte[])>($r0)
		Method: <com.zoffcc.applications.trifa.TrifaSetPatternActivity: byte[] sha256(byte[])>
		SHA-256: 62077c86f24d3fb9a082dbe286504d2714eea74fd63eda0dcdcabcf771c59c8f
		Secure: true
	Object:
		Variable: $r4
		Type: javax.net.ssl.TrustManager[]
		Statement: $r4 = virtualinvoke $r3.<javax.net.ssl.TrustManagerFactory: javax.net.ssl.TrustManager[] getTrustManagers()>()
		Method: <okhttp3.internal.platform.OpenJSSEPlatform: javax.net.ssl.X509TrustManager platformTrustManager()>
		SHA-256: a729cfd5669df603070b7ba7d05b524b10a048ab1da974a5ccb1df973521b7d3
		Secure: false
	Object:
		Variable: $r2
		Type: javax.net.ssl.TrustManager[]
		Statement: $r2 = virtualinvoke $r1.<javax.net.ssl.TrustManagerFactory: javax.net.ssl.TrustManager[] getTrustManagers()>()
		Method: <okhttp3.internal.platform.BouncyCastlePlatform: javax.net.ssl.X509TrustManager platformTrustManager()>
		SHA-256: 84f17b7e3930c76e2b174d27b9668ee8d3209ae5512e2c539d541e6ef4265515
		Secure: false
	Object:
		Variable: $r2
		Type: javax.net.ssl.TrustManagerFactory
		Statement: $r2 = staticinvoke <javax.net.ssl.TrustManagerFactory: javax.net.ssl.TrustManagerFactory getInstance(java.lang.String)>($r1)
		Method: <okhttp3.internal.platform.ConscryptPlatform: javax.net.ssl.X509TrustManager platformTrustManager()>
		SHA-256: 316cbc86e080130334eaabd60025d96084375d0058312a103cd3255ba6f0aeb
		Secure: false

Findings in Java Class: com.zoffcc.applications.trifa.HelperGeneric

	 in Method: java.lang.String get_uniq_tmp_filename(java.lang.String,long)
		ConstraintError violating CrySL rule for java.security.MessageDigest (on Object #2a51c5eb3e39935d9be54ffef5684e2d893d48389015b4d4a5cc9283007a956e)
			First parameter (with value "MD5") should be any of {SHA-256, SHA-384, SHA-512}
			at statement: $r2 = staticinvoke <java.security.MessageDigest: java.security.MessageDigest getInstance(java.lang.String)>(varReplacer22215)


Findings in Java Class: okhttp3.internal.platform.Platform

	 in Method: javax.net.ssl.SSLContext newSSLContext()
		ConstraintError violating CrySL rule for javax.net.ssl.SSLContext (on Object #ae7bf884bf10c78d3999470286f3c39a4fe6f216531a843824f591e2b43f47ab)
			First parameter (with value "TLS") should be any of {TLSv1.2, TLSv1.3}
			at statement: $r1 = staticinvoke <javax.net.ssl.SSLContext: javax.net.ssl.SSLContext getInstance(java.lang.String)>(varReplacer54675)


	 in Method: javax.net.ssl.SSLSocketFactory newSslSocketFactory(javax.net.ssl.X509TrustManager)
		RequiredPredicateError violating CrySL rule for javax.net.ssl.SSLContext
			Second parameter was not properly generated as generatedTrustManagers
			at statement: virtualinvoke $r2.<javax.net.ssl.SSLContext: void init(javax.net.ssl.KeyManager[],javax.net.ssl.TrustManager[],java.security.SecureRandom)>(varReplacer47132, $r3, varReplacer47132)

		RequiredPredicateError violating CrySL rule for javax.net.ssl.SSLContext
			First parameter was not properly generated as generatedKeyManagers
			at statement: virtualinvoke $r2.<javax.net.ssl.SSLContext: void init(javax.net.ssl.KeyManager[],javax.net.ssl.TrustManager[],java.security.SecureRandom)>(varReplacer47132, $r3, varReplacer47132)

		RequiredPredicateError violating CrySL rule for javax.net.ssl.SSLContext
			Third parameter was not properly generated as randomized
			at statement: virtualinvoke $r2.<javax.net.ssl.SSLContext: void init(javax.net.ssl.KeyManager[],javax.net.ssl.TrustManager[],java.security.SecureRandom)>(varReplacer47132, $r3, varReplacer47132)


	 in Method: javax.net.ssl.X509TrustManager platformTrustManager()
		RequiredPredicateError violating CrySL rule for javax.net.ssl.TrustManagerFactory
			First parameter was not properly generated as generatedKeyStore
			at statement: virtualinvoke $r2.<javax.net.ssl.TrustManagerFactory: void init(java.security.KeyStore)>(varReplacer47110)


Findings in Java Class: okhttp3.internal.platform.ConscryptPlatform

	 in Method: javax.net.ssl.SSLContext newSSLContext()
		ConstraintError violating CrySL rule for javax.net.ssl.SSLContext (on Object #ba27f1f8e25a5b36bdf4268d1682e1f1f1895aa35bf556f1d790a5a7c15258d1)
			First parameter (with value "TLS") should be any of {TLSv1.2, TLSv1.3}
			at statement: $r1 = staticinvoke <javax.net.ssl.SSLContext: javax.net.ssl.SSLContext getInstance(java.lang.String,java.security.Provider)>(varReplacer54680, $r2)


	 in Method: javax.net.ssl.SSLSocketFactory newSslSocketFactory(javax.net.ssl.X509TrustManager)
		RequiredPredicateError violating CrySL rule for javax.net.ssl.SSLContext
			First parameter was not properly generated as generatedKeyManagers
			at statement: virtualinvoke $r2.<javax.net.ssl.SSLContext: void init(javax.net.ssl.KeyManager[],javax.net.ssl.TrustManager[],java.security.SecureRandom)>(varReplacer47135, $r3, varReplacer47135)

		RequiredPredicateError violating CrySL rule for javax.net.ssl.SSLContext
			Third parameter was not properly generated as randomized
			at statement: virtualinvoke $r2.<javax.net.ssl.SSLContext: void init(javax.net.ssl.KeyManager[],javax.net.ssl.TrustManager[],java.security.SecureRandom)>(varReplacer47135, $r3, varReplacer47135)

		RequiredPredicateError violating CrySL rule for javax.net.ssl.SSLContext
			Second parameter was not properly generated as generatedTrustManagers
			at statement: virtualinvoke $r2.<javax.net.ssl.SSLContext: void init(javax.net.ssl.KeyManager[],javax.net.ssl.TrustManager[],java.security.SecureRandom)>(varReplacer47135, $r3, varReplacer47135)


	 in Method: javax.net.ssl.X509TrustManager platformTrustManager()
		RequiredPredicateError violating CrySL rule for javax.net.ssl.TrustManagerFactory
			First parameter was not properly generated as generatedKeyStore
			at statement: virtualinvoke $r2.<javax.net.ssl.TrustManagerFactory: void init(java.security.KeyStore)>(varReplacer47119)


Findings in Java Class: okhttp3.internal.platform.BouncyCastlePlatform

	 in Method: javax.net.ssl.SSLContext newSSLContext()
		ConstraintError violating CrySL rule for javax.net.ssl.SSLContext (on Object #dc72c625913254471e465425f4fefb230e84987a6cc0d4eefcdd31e9fc0eb0fc)
			First parameter (with value "TLS") should be any of {TLSv1.2, TLSv1.3}
			at statement: $r1 = staticinvoke <javax.net.ssl.SSLContext: javax.net.ssl.SSLContext getInstance(java.lang.String,java.security.Provider)>(varReplacer54681, $r2)


	 in Method: javax.net.ssl.X509TrustManager platformTrustManager()
		RequiredPredicateError violating CrySL rule for javax.net.ssl.TrustManagerFactory
			First parameter was not properly generated as generatedKeyStore
			at statement: virtualinvoke $r1.<javax.net.ssl.TrustManagerFactory: void init(java.security.KeyStore)>(varReplacer47128)


Findings in Java Class: okio.ByteString

	 in Method: okio.ByteString digest$okio(java.lang.String)
		ConstraintError violating CrySL rule for java.security.MessageDigest (on Object #ae39b036c5eeeba58d380660f68e23806935f12d2f5c9cefe65440425aa34f4a)
			First parameter (with value "MD5") should be any of {SHA-256, SHA-384, SHA-512}
			at statement: $r3 = staticinvoke <java.security.MessageDigest: java.security.MessageDigest getInstance(java.lang.String)>($r1)

		ConstraintError violating CrySL rule for java.security.MessageDigest (on Object #ae39b036c5eeeba58d380660f68e23806935f12d2f5c9cefe65440425aa34f4a)
			First parameter (with value "SHA-1") should be any of {SHA-256, SHA-384, SHA-512}
			at statement: $r3 = staticinvoke <java.security.MessageDigest: java.security.MessageDigest getInstance(java.lang.String)>($r1)


Findings in Java Class: okio.SegmentedByteString

	 in Method: okio.ByteString digest$okio(java.lang.String)
		ConstraintError violating CrySL rule for java.security.MessageDigest (on Object #6c960e488f21ae2f1d37981b7f790ff5823030d9f242d798118968e0f93ba357)
			First parameter (with value "MD5") should be any of {SHA-256, SHA-384, SHA-512}
			at statement: $r2 = staticinvoke <java.security.MessageDigest: java.security.MessageDigest getInstance(java.lang.String)>($r1)

		TypestateError violating CrySL rule for java.security.MessageDigest (on Object #6c960e488f21ae2f1d37981b7f790ff5823030d9f242d798118968e0f93ba357)
			Unexpected call to method <java.security.MessageDigest: byte[] digest()> on object of type java.security.MessageDigest. Expect a call to one of the following methods java.security.MessageDigest: void update(byte[],int,int),java.security.MessageDigest: void update(java.nio.ByteBuffer),java.security.MessageDigest: byte[] digest(byte[]),java.security.MessageDigest: void update(byte),java.security.MessageDigest: void update(byte[])
			at statement: $r6 = virtualinvoke $r2.<java.security.MessageDigest: byte[] digest()>()

		ConstraintError violating CrySL rule for java.security.MessageDigest (on Object #6c960e488f21ae2f1d37981b7f790ff5823030d9f242d798118968e0f93ba357)
			First parameter (with value "SHA-1") should be any of {SHA-256, SHA-384, SHA-512}
			at statement: $r2 = staticinvoke <java.security.MessageDigest: java.security.MessageDigest getInstance(java.lang.String)>($r1)


Findings in Java Class: okhttp3.Cache$Entry

	 in Method: java.util.List readCertificateList(okio.BufferedSource)
		IncompleteOperationError violating CrySL rule for java.security.cert.CertificateFactory (on Object #f84796513717f65323d0a204f5aa154b60b8ef7872add143b9b6baaa610fce80)
			Operation on object of type java.security.cert.CertificateFactory object not completed. Expected call to generateCertPath, generateCertificate, generateCRL
			at statement: $r6 = staticinvoke <java.security.cert.CertificateFactory: java.security.cert.CertificateFactory getInstance(java.lang.String)>(varReplacer65173)

		TypestateError violating CrySL rule for java.security.cert.CertificateFactory (on Object #f84796513717f65323d0a204f5aa154b60b8ef7872add143b9b6baaa610fce80)
			Unexpected call to method generateCertificate on object of type java.security.cert.CertificateFactory. Expect a call to one of the following methods generateCRL
			at statement: $r11 = virtualinvoke $r6.<java.security.cert.CertificateFactory: java.security.cert.Certificate generateCertificate(java.io.InputStream)>($r10)

		IncompleteOperationError violating CrySL rule for java.security.cert.CertificateFactory (on Object #f84796513717f65323d0a204f5aa154b60b8ef7872add143b9b6baaa610fce80)
			Operation on object of type java.security.cert.CertificateFactory object not completed. Expected call to generateCertPath, generateCRL, java.security.cert.CertificateFactory: java.security.cert.Certificate generateCertificate(java.io.InputStream)
			at statement: $r11 = virtualinvoke $r6.<java.security.cert.CertificateFactory: java.security.cert.Certificate generateCertificate(java.io.InputStream)>($r10)


Findings in Java Class: okhttp3.internal.platform.OpenJSSEPlatform

	 in Method: javax.net.ssl.X509TrustManager platformTrustManager()
		RequiredPredicateError violating CrySL rule for javax.net.ssl.TrustManagerFactory
			First parameter was not properly generated as generatedKeyStore
			at statement: virtualinvoke $r3.<javax.net.ssl.TrustManagerFactory: void init(java.security.KeyStore)>(varReplacer47114)


======================= CryptoAnalysis Summary ==========================
	Number of CrySL rules: 49
	Number of Objects Analyzed: 24

	CryptoAnalysis found the following violations. For details see description above.
	RequiredPredicateError: 10
	IncompleteOperationError: 2
	TypestateError: 2
	ConstraintError: 8
=====================================================================
