0    [main] WARN  pes.access.impl.DeclaredTypeFactory  - --- xtext.common.types ---------------------------------------------------
1    [main] WARN  pes.access.impl.DeclaredTypeFactory  - ASM library is too old. Falling back to java.lang.reflect API.
1    [main] WARN  pes.access.impl.DeclaredTypeFactory  - Please note that no information about compile time constants is available.
1    [main] WARN  pes.access.impl.DeclaredTypeFactory  - It's recommended to use org.objectweb.asm 9.1.0 or better (Maven group id: org.ow2.asm).
1    [main] WARN  pes.access.impl.DeclaredTypeFactory  - --------------------------------------------------------------------------
Ruleset: 
	java.security.cert.TrustAnchor
	javax.crypto.spec.GCMParameterSpec
	javax.xml.crypto.dsig.spec.HMACParameterSpec
	java.security.KeyPair
	java.security.DigestOutputStream
	javax.net.ssl.KeyStoreBuilderParameters
	javax.crypto.spec.OAEPParameterSpec
	javax.net.ssl.SSLContext
	javax.crypto.spec.DHGenParameterSpec
	javax.crypto.CipherOutputStream
	java.security.Key
	javax.crypto.SecretKeyFactory
	java.security.cert.PKIXBuilderParameters
	java.security.KeyFactory
	javax.crypto.spec.PBEKeySpec
	java.security.spec.DSAGenParameterSpec
	java.security.KeyPairGenerator
	javax.crypto.CipherInputStream
	javax.net.ssl.CertPathTrustManagerParameters
	java.security.cert.CertificateFactory
	java.security.SecureRandom
	java.security.spec.MGF1ParameterSpec
	javax.net.ssl.SSLEngine
	javax.crypto.spec.DHParameterSpec
	java.security.spec.DSAParameterSpec
	java.security.spec.ECParameterSpec
	java.security.spec.RSAKeyGenParameterSpec
	javax.crypto.spec.IvParameterSpec
	javax.crypto.Cipher
	javax.crypto.spec.PBEParameterSpec
	java.security.AlgorithmParameterGenerator
	java.security.spec.X509EncodedKeySpec
	javax.net.ssl.TrustManagerFactory
	java.security.DigestInputStream
	void
	javax.net.ssl.KeyManagerFactory
	java.security.cert.PKIXParameters
	java.net.PasswordAuthentication
	java.security.AlgorithmParameters
	javax.crypto.KeyAgreement
	javax.crypto.spec.SecretKeySpec
	javax.net.ssl.SSLParameters
	java.security.MessageDigest
	javax.crypto.SecretKey
	javax.crypto.KeyGenerator
	java.security.KeyStore
	javax.crypto.Mac
	java.security.spec.ECGenParameterSpec
	java.security.Signature

Analyzed Objects: 
	Object:
		Variable: $r2
		Type: javax.net.ssl.TrustManagerFactory
		Statement: $r2 = staticinvoke <javax.net.ssl.TrustManagerFactory: javax.net.ssl.TrustManagerFactory getInstance(java.lang.String)>($r1)
		Method: <okhttp3.OkHttpClient: javax.net.ssl.X509TrustManager systemDefaultTrustManager()>
		SHA-256: 61965954da2703450175e336d331a8bc311810e943eebaeca9d739b64a0fdc1
		Secure: false
	Object:
		Variable: $r2
		Type: javax.net.ssl.SSLContext
		Statement: $r2 = staticinvoke <javax.net.ssl.SSLContext: javax.net.ssl.SSLContext getInstance(java.lang.String)>(varReplacer32541)
		Method: <okhttp3.internal.platform.Platform: javax.net.ssl.SSLContext getSSLContext()>
		SHA-256: 2b6eef7508309ea4a9a5be3b16f3a9950d2a9db7f87518b702be6be3670e068a
		Secure: false
	Object:
		Variable: $r4
		Type: byte[]
		Statement: $r4 = virtualinvoke $r5.<java.security.MessageDigest: byte[] digest()>()
		Method: <org.apache.commons.compress.archivers.sevenz.AES256SHA256Decoder$1: javax.crypto.CipherInputStream init()>
		SHA-256: 671980c38541e5f4635e5df9b14b3f2382c28342263daa27d76a6e21eb43fded
		Secure: true
	Object:
		Variable: $r7
		Type: javax.crypto.spec.SecretKeySpec
		Statement: specialinvoke $r7.<javax.crypto.spec.SecretKeySpec: void <init>(byte[],java.lang.String)>($r4, varReplacer18985)
		Method: <org.apache.commons.compress.archivers.sevenz.AES256SHA256Decoder$1: javax.crypto.CipherInputStream init()>
		SHA-256: cffcf3eabe83d8b7b0469d88c3e4040654d8a0609838debbef8a379b141a88e1
		Secure: false
	Object:
		Variable: $r1
		Type: java.security.MessageDigest
		Statement: $r1 = staticinvoke <java.security.MessageDigest: java.security.MessageDigest getInstance(java.lang.String)>(varReplacer26861)
		Method: <com.bumptech.glide.load.engine.cache.SafeKeyGenerator$1: com.bumptech.glide.load.engine.cache.SafeKeyGenerator$PoolableDigestContainer create()>
		SHA-256: 7fc28bb2d0546702a0bcc20aeb2a0d7b0de291d3d48d116acb85508811059d56
		Secure: true
	Object:
		Variable: $r8
		Type: javax.crypto.Cipher
		Statement: $r8 = staticinvoke <javax.crypto.Cipher: javax.crypto.Cipher getInstance(java.lang.String)>(varReplacer18981)
		Method: <org.apache.commons.compress.archivers.sevenz.AES256SHA256Decoder$1: javax.crypto.CipherInputStream init()>
		SHA-256: 6a84983fb2452a5752b03a1f5d8fe911c68b7fadc0a20c5c099f939d09b9722b
		Secure: false
	Object:
		Variable: $r5
		Type: java.security.cert.CertificateFactory
		Statement: $r5 = staticinvoke <java.security.cert.CertificateFactory: java.security.cert.CertificateFactory getInstance(java.lang.String)>(varReplacer31251)
		Method: <okhttp3.Cache$Entry: java.util.List readCertificateList(okio.BufferedSource)>
		SHA-256: 82bcc7c5a8fa8131fdd3d4f4ea146b22bae08c6f9ee0e655352582b424588605
		Secure: false
	Object:
		Variable: $r10
		Type: javax.crypto.CipherInputStream
		Statement: specialinvoke $r10.<javax.crypto.CipherInputStream: void <init>(java.io.InputStream,javax.crypto.Cipher)>($r11, $r8)
		Method: <org.apache.commons.compress.archivers.sevenz.AES256SHA256Decoder$1: javax.crypto.CipherInputStream init()>
		SHA-256: c45dba96a483e3e9ebfded9c6fc9988af7c1739a549f04c3576d99624449a7d1
		Secure: true
	Object:
		Variable: $r9
		Type: javax.crypto.spec.IvParameterSpec
		Statement: specialinvoke $r9.<javax.crypto.spec.IvParameterSpec: void <init>(byte[])>($r2)
		Method: <org.apache.commons.compress.archivers.sevenz.AES256SHA256Decoder$1: javax.crypto.CipherInputStream init()>
		SHA-256: c17421c9044aaad49761f9cd19147df7d237b870f86c00a4c3f759ad8875e0fe
		Secure: false
	Object:
		Variable: $r5
		Type: java.security.MessageDigest
		Statement: $r5 = staticinvoke <java.security.MessageDigest: java.security.MessageDigest getInstance(java.lang.String)>(varReplacer18980)
		Method: <org.apache.commons.compress.archivers.sevenz.AES256SHA256Decoder$1: javax.crypto.CipherInputStream init()>
		SHA-256: d4b9319c3887dd9a6fa8a9c07152feb0497de12d42af415260a851d29590deba
		Secure: true
	Object:
		Variable: varReplacer18985
		Type: java.lang.String
		Statement: specialinvoke $r7.<javax.crypto.spec.SecretKeySpec: void <init>(byte[],java.lang.String)>($r4, varReplacer18985)
		Method: <org.apache.commons.compress.archivers.sevenz.AES256SHA256Decoder$1: javax.crypto.CipherInputStream init()>
		SHA-256: 43499a938c83053f86c1f461d186a8b25a101095fd34f8821fca8765c4d58d98
		Secure: false
	Object:
		Variable: $r2
		Type: java.security.MessageDigest
		Statement: $r2 = staticinvoke <java.security.MessageDigest: java.security.MessageDigest getInstance(java.lang.String)>($r1)
		Method: <okio.ByteString: okio.ByteString digest(java.lang.String)>
		SHA-256: b336d574501b28a5bd90db22472c23a68acb0c1b99c4f14746fdc2a23c69a24e
		Secure: false
	Object:
		Variable: $r2
		Type: javax.net.ssl.SSLContext
		Statement: $r2 = staticinvoke <javax.net.ssl.SSLContext: javax.net.ssl.SSLContext getInstance(java.lang.String,java.security.Provider)>(varReplacer32542, $r1)
		Method: <okhttp3.internal.platform.ConscryptPlatform: javax.net.ssl.SSLContext getSSLContext()>
		SHA-256: 229461f73d8fb6cb523dd8b145b08556b24293d5b8d66bb1e8e8f569a7aa57cd
		Secure: false
	Object:
		Variable: $r3
		Type: byte[]
		Statement: $r3 = virtualinvoke $r2.<java.security.MessageDigest: byte[] digest(byte[])>($r3)
		Method: <okio.ByteString: okio.ByteString digest(java.lang.String)>
		SHA-256: a79a1700ae9d8d44f13ea218f751e7024f8f1222b1b2ae17cdbab7b56d352181
		Secure: false
	Object:
		Variable: $r3
		Type: javax.net.ssl.TrustManager[]
		Statement: $r3 = virtualinvoke $r2.<javax.net.ssl.TrustManagerFactory: javax.net.ssl.TrustManager[] getTrustManagers()>()
		Method: <okhttp3.OkHttpClient: javax.net.ssl.X509TrustManager systemDefaultTrustManager()>
		SHA-256: 4704c3ea9d50e304ebaa64f80abc0358b23fd9e2c75b25360e6595ec058a5c98
		Secure: false

Findings in Java Class: org.apache.commons.compress.archivers.sevenz.AES256SHA256Decoder$1

	 in Method: javax.crypto.CipherInputStream init()
		RequiredPredicateError violating CrySL rule for javax.crypto.Cipher
			Second parameter was not properly generated as generatedKey
			at statement: virtualinvoke $r8.<javax.crypto.Cipher: void init(int,java.security.Key,java.security.spec.AlgorithmParameterSpec)>(varReplacer18982, $r7, $r9)

		TypestateError violating CrySL rule for java.security.MessageDigest (on Object #d4b9319c3887dd9a6fa8a9c07152feb0497de12d42af415260a851d29590deba)
			Unexpected call to method <java.security.MessageDigest: byte[] digest()> on object of type java.security.MessageDigest. Expect a call to one of the following methods java.security.MessageDigest: void update(byte[],int,int),java.security.MessageDigest: void update(java.nio.ByteBuffer),java.security.MessageDigest: byte[] digest(byte[]),java.security.MessageDigest: void update(byte[]),java.security.MessageDigest: void update(byte)
			at statement: $r4 = virtualinvoke $r5.<java.security.MessageDigest: byte[] digest()>()

		RequiredPredicateError violating CrySL rule for javax.crypto.spec.SecretKeySpec
			First parameter was not properly generated as preparedKeyMaterial
			at statement: specialinvoke $r7.<javax.crypto.spec.SecretKeySpec: void <init>(byte[],java.lang.String)>($r4, varReplacer18985)

		RequiredPredicateError violating CrySL rule for javax.crypto.spec.IvParameterSpec
			First parameter was not properly generated as randomized
			at statement: specialinvoke $r9.<javax.crypto.spec.IvParameterSpec: void <init>(byte[])>($r2)

		ConstraintError violating CrySL rule for javax.crypto.Cipher (on Object #6a84983fb2452a5752b03a1f5d8fe911c68b7fadc0a20c5c099f939d09b9722b)
			First parameter (with value "AES/CBC/NoPadding") should be any of AES/CBC/{PKCS5Padding, ISO10126Padding}
			at statement: $r8 = staticinvoke <javax.crypto.Cipher: javax.crypto.Cipher getInstance(java.lang.String)>(varReplacer18981)


Findings in Java Class: okio.ByteString

	 in Method: okio.ByteString digest(java.lang.String)
		ConstraintError violating CrySL rule for java.security.MessageDigest (on Object #b336d574501b28a5bd90db22472c23a68acb0c1b99c4f14746fdc2a23c69a24e)
			First parameter (with value "SHA-1") should be any of {SHA-256, SHA-384, SHA-512}
			at statement: $r2 = staticinvoke <java.security.MessageDigest: java.security.MessageDigest getInstance(java.lang.String)>($r1)

		ConstraintError violating CrySL rule for java.security.MessageDigest (on Object #b336d574501b28a5bd90db22472c23a68acb0c1b99c4f14746fdc2a23c69a24e)
			First parameter (with value "MD5") should be any of {SHA-256, SHA-384, SHA-512}
			at statement: $r2 = staticinvoke <java.security.MessageDigest: java.security.MessageDigest getInstance(java.lang.String)>($r1)


Findings in Java Class: androidx.core.util.Pools$SimplePool

	 in Method: boolean release(java.lang.Object)
		IncompleteOperationError violating CrySL rule for java.security.MessageDigest (on Object #7fc28bb2d0546702a0bcc20aeb2a0d7b0de291d3d48d116acb85508811059d56)
			Operation on object of type java.security.MessageDigest object not completed. Expected call to digest, update
			at statement: $r1 = r0.<androidx.core.util.Pools$SimplePool: java.lang.Object[] mPool>


Findings in Java Class: okhttp3.Cache$Entry

	 in Method: java.util.List readCertificateList(okio.BufferedSource)
		IncompleteOperationError violating CrySL rule for java.security.cert.CertificateFactory (on Object #82bcc7c5a8fa8131fdd3d4f4ea146b22bae08c6f9ee0e655352582b424588605)
			Operation on object of type java.security.cert.CertificateFactory object not completed. Expected call to generateCertPath, generateCertificate, generateCRL
			at statement: $r5 = staticinvoke <java.security.cert.CertificateFactory: java.security.cert.CertificateFactory getInstance(java.lang.String)>(varReplacer31251)

		TypestateError violating CrySL rule for java.security.cert.CertificateFactory (on Object #82bcc7c5a8fa8131fdd3d4f4ea146b22bae08c6f9ee0e655352582b424588605)
			Unexpected call to method generateCertificate on object of type java.security.cert.CertificateFactory. Expect a call to one of the following methods generateCRL
			at statement: $r9 = virtualinvoke $r5.<java.security.cert.CertificateFactory: java.security.cert.Certificate generateCertificate(java.io.InputStream)>($r8)

		IncompleteOperationError violating CrySL rule for java.security.cert.CertificateFactory (on Object #82bcc7c5a8fa8131fdd3d4f4ea146b22bae08c6f9ee0e655352582b424588605)
			Operation on object of type java.security.cert.CertificateFactory object not completed. Expected call to generateCertPath, generateCRL, java.security.cert.CertificateFactory: java.security.cert.Certificate generateCertificate(java.io.InputStream)
			at statement: $r9 = virtualinvoke $r5.<java.security.cert.CertificateFactory: java.security.cert.Certificate generateCertificate(java.io.InputStream)>($r8)


Findings in Java Class: okhttp3.internal.platform.Platform

	 in Method: javax.net.ssl.SSLContext getSSLContext()
		ConstraintError violating CrySL rule for javax.net.ssl.SSLContext (on Object #2b6eef7508309ea4a9a5be3b16f3a9950d2a9db7f87518b702be6be3670e068a)
			First parameter (with value "TLS") should be any of {TLSv1.2, TLSv1.3}
			at statement: $r2 = staticinvoke <javax.net.ssl.SSLContext: javax.net.ssl.SSLContext getInstance(java.lang.String)>(varReplacer32541)


Findings in Java Class: okhttp3.internal.platform.ConscryptPlatform

	 in Method: javax.net.ssl.SSLContext getSSLContext()
		ConstraintError violating CrySL rule for javax.net.ssl.SSLContext (on Object #229461f73d8fb6cb523dd8b145b08556b24293d5b8d66bb1e8e8f569a7aa57cd)
			First parameter (with value "TLS") should be any of {TLSv1.2, TLSv1.3}
			at statement: $r2 = staticinvoke <javax.net.ssl.SSLContext: javax.net.ssl.SSLContext getInstance(java.lang.String,java.security.Provider)>(varReplacer32542, $r1)


Findings in Java Class: okhttp3.OkHttpClient

	 in Method: javax.net.ssl.X509TrustManager systemDefaultTrustManager()
		RequiredPredicateError violating CrySL rule for javax.net.ssl.TrustManagerFactory
			First parameter was not properly generated as generatedKeyStore
			at statement: virtualinvoke $r2.<javax.net.ssl.TrustManagerFactory: void init(java.security.KeyStore)>(varReplacer32141)


	 in Method: javax.net.ssl.SSLSocketFactory systemDefaultSslSocketFactory(javax.net.ssl.X509TrustManager)
		RequiredPredicateError violating CrySL rule for javax.net.ssl.SSLContext
			Second parameter was not properly generated as generatedTrustManagers
			at statement: virtualinvoke $r3.<javax.net.ssl.SSLContext: void init(javax.net.ssl.KeyManager[],javax.net.ssl.TrustManager[],java.security.SecureRandom)>(varReplacer32144, $r8, varReplacer32144)

		RequiredPredicateError violating CrySL rule for javax.net.ssl.SSLContext
			First parameter was not properly generated as generatedKeyManagers
			at statement: virtualinvoke $r3.<javax.net.ssl.SSLContext: void init(javax.net.ssl.KeyManager[],javax.net.ssl.TrustManager[],java.security.SecureRandom)>(varReplacer32144, $r8, varReplacer32144)

		RequiredPredicateError violating CrySL rule for javax.net.ssl.SSLContext
			Third parameter was not properly generated as randomized
			at statement: virtualinvoke $r3.<javax.net.ssl.SSLContext: void init(javax.net.ssl.KeyManager[],javax.net.ssl.TrustManager[],java.security.SecureRandom)>(varReplacer32144, $r8, varReplacer32144)


======================= CryptoAnalysis Summary ==========================
	Number of CrySL rules: 49
	Number of Objects Analyzed: 15

	CryptoAnalysis found the following violations. For details see description above.
	TypestateError: 2
	ConstraintError: 5
	IncompleteOperationError: 3
	RequiredPredicateError: 7
=====================================================================
