0    [main] WARN  pes.access.impl.DeclaredTypeFactory  - --- xtext.common.types ---------------------------------------------------
1    [main] WARN  pes.access.impl.DeclaredTypeFactory  - ASM library is too old. Falling back to java.lang.reflect API.
1    [main] WARN  pes.access.impl.DeclaredTypeFactory  - Please note that no information about compile time constants is available.
1    [main] WARN  pes.access.impl.DeclaredTypeFactory  - It's recommended to use org.objectweb.asm 9.1.0 or better (Maven group id: org.ow2.asm).
1    [main] WARN  pes.access.impl.DeclaredTypeFactory  - --------------------------------------------------------------------------
Ruleset: 
	java.security.cert.TrustAnchor
	javax.crypto.spec.GCMParameterSpec
	javax.xml.crypto.dsig.spec.HMACParameterSpec
	java.security.KeyPair
	java.security.DigestOutputStream
	javax.net.ssl.KeyStoreBuilderParameters
	javax.crypto.spec.OAEPParameterSpec
	javax.net.ssl.SSLContext
	javax.crypto.spec.DHGenParameterSpec
	javax.crypto.CipherOutputStream
	java.security.Key
	javax.crypto.SecretKeyFactory
	java.security.cert.PKIXBuilderParameters
	java.security.KeyFactory
	javax.crypto.spec.PBEKeySpec
	java.security.spec.DSAGenParameterSpec
	java.security.KeyPairGenerator
	javax.crypto.CipherInputStream
	javax.net.ssl.CertPathTrustManagerParameters
	java.security.cert.CertificateFactory
	java.security.SecureRandom
	java.security.spec.MGF1ParameterSpec
	javax.net.ssl.SSLEngine
	javax.crypto.spec.DHParameterSpec
	java.security.spec.DSAParameterSpec
	java.security.spec.ECParameterSpec
	java.security.spec.RSAKeyGenParameterSpec
	javax.crypto.spec.IvParameterSpec
	javax.crypto.Cipher
	javax.crypto.spec.PBEParameterSpec
	java.security.AlgorithmParameterGenerator
	java.security.spec.X509EncodedKeySpec
	javax.net.ssl.TrustManagerFactory
	java.security.DigestInputStream
	void
	javax.net.ssl.KeyManagerFactory
	java.security.cert.PKIXParameters
	java.net.PasswordAuthentication
	java.security.AlgorithmParameters
	javax.crypto.KeyAgreement
	javax.crypto.spec.SecretKeySpec
	javax.net.ssl.SSLParameters
	java.security.MessageDigest
	javax.crypto.SecretKey
	javax.crypto.KeyGenerator
	java.security.KeyStore
	javax.crypto.Mac
	java.security.spec.ECGenParameterSpec
	java.security.Signature

Analyzed Objects: 
	Object:
		Variable: $r2
		Type: byte[]
		Statement: $r2 = virtualinvoke $r1.<java.security.MessageDigest: byte[] digest()>()
		Method: <e.b.a.u.e: byte[] a()>
		SHA-256: 6a394221a5b451decf5c1fd69178d849f42ed2bdb1c2dcb640640736d103913c
		Secure: false
	Object:
		Variable: $r1
		Type: java.security.MessageDigest
		Statement: $r1 = staticinvoke <java.security.MessageDigest: java.security.MessageDigest getInstance(java.lang.String)>(varReplacer5741)
		Method: <e.b.a.u.e: void <init>()>
		SHA-256: 93c15bf7702170a9420274305b9b95f5fa18ac42b06d4b91e547a4afed3b14e6
		Secure: false

Findings in Java Class: e.b.a.u.e

	 in Method: void a(byte[],int,int)
		ConstraintError violating CrySL rule for java.security.MessageDigest (on Object #93c15bf7702170a9420274305b9b95f5fa18ac42b06d4b91e547a4afed3b14e6)
			Third parameter (with value 0)Variable preLenmust be  greater than 0
			at statement: virtualinvoke $r2.<java.security.MessageDigest: void update(byte[],int,int)>($r1, $i0, $i1)

		ConstraintError violating CrySL rule for java.security.MessageDigest (on Object #93c15bf7702170a9420274305b9b95f5fa18ac42b06d4b91e547a4afed3b14e6)
			Second parameter (with value -1)Variable preOffsetmust be  at least 0
			at statement: virtualinvoke $r2.<java.security.MessageDigest: void update(byte[],int,int)>($r1, $i0, $i1)


	 in Method: byte[] a()
		TypestateError violating CrySL rule for java.security.MessageDigest (on Object #93c15bf7702170a9420274305b9b95f5fa18ac42b06d4b91e547a4afed3b14e6)
			Unexpected call to method <java.security.MessageDigest: byte[] digest()> on object of type java.security.MessageDigest. Expect a call to one of the following methods java.security.MessageDigest: void update(byte[],int,int),java.security.MessageDigest: void update(java.nio.ByteBuffer),java.security.MessageDigest: byte[] digest(byte[]),java.security.MessageDigest: void update(byte[]),java.security.MessageDigest: void update(byte)
			at statement: $r2 = virtualinvoke $r1.<java.security.MessageDigest: byte[] digest()>()


Findings in Java Class: e.b.a.x.a

	 in Method: void a(long,long)
		IncompleteOperationError violating CrySL rule for java.security.MessageDigest (on Object #93c15bf7702170a9420274305b9b95f5fa18ac42b06d4b91e547a4afed3b14e6)
			Operation on object of type java.security.MessageDigest object not completed. Expected call to digest, update
			at statement: $l2 = virtualinvoke r0.<e.b.a.x.a: long a()>()

		IncompleteOperationError violating CrySL rule for java.security.MessageDigest (on Object #93c15bf7702170a9420274305b9b95f5fa18ac42b06d4b91e547a4afed3b14e6)
			Operation on object of type java.security.MessageDigest object not completed. Expected call to digest, update
			at statement: $l3 = virtualinvoke r0.<e.b.a.x.a: long a()>()


	 in Method: void a(java.io.InputStream)
		IncompleteOperationError violating CrySL rule for java.security.MessageDigest (on Object #93c15bf7702170a9420274305b9b95f5fa18ac42b06d4b91e547a4afed3b14e6)
			Operation on object of type java.security.MessageDigest object not completed. Expected call to digest, update
			at statement: specialinvoke $r5.<e.b.a.x.a: void <init>()>()

		IncompleteOperationError violating CrySL rule for java.security.MessageDigest (on Object #93c15bf7702170a9420274305b9b95f5fa18ac42b06d4b91e547a4afed3b14e6)
			Operation on object of type java.security.MessageDigest object not completed. Expected call to digest, update
			at statement: virtualinvoke $r5.<e.b.a.x.a: void a(long,long)>($l2, $l4)


======================= CryptoAnalysis Summary ==========================
	Number of CrySL rules: 49
	Number of Objects Analyzed: 2

	CryptoAnalysis found the following violations. For details see description above.
	ConstraintError: 2
	IncompleteOperationError: 4
	TypestateError: 1
=====================================================================
