0    [main] WARN  pes.access.impl.DeclaredTypeFactory  - --- xtext.common.types ---------------------------------------------------
1    [main] WARN  pes.access.impl.DeclaredTypeFactory  - ASM library is too old. Falling back to java.lang.reflect API.
1    [main] WARN  pes.access.impl.DeclaredTypeFactory  - Please note that no information about compile time constants is available.
1    [main] WARN  pes.access.impl.DeclaredTypeFactory  - It's recommended to use org.objectweb.asm 9.1.0 or better (Maven group id: org.ow2.asm).
1    [main] WARN  pes.access.impl.DeclaredTypeFactory  - --------------------------------------------------------------------------
Ruleset: 
	java.security.cert.TrustAnchor
	javax.crypto.spec.GCMParameterSpec
	javax.xml.crypto.dsig.spec.HMACParameterSpec
	java.security.KeyPair
	java.security.DigestOutputStream
	javax.net.ssl.KeyStoreBuilderParameters
	javax.crypto.spec.OAEPParameterSpec
	javax.net.ssl.SSLContext
	javax.crypto.spec.DHGenParameterSpec
	javax.crypto.CipherOutputStream
	java.security.Key
	javax.crypto.SecretKeyFactory
	java.security.cert.PKIXBuilderParameters
	java.security.KeyFactory
	javax.crypto.spec.PBEKeySpec
	java.security.spec.DSAGenParameterSpec
	java.security.KeyPairGenerator
	javax.crypto.CipherInputStream
	javax.net.ssl.CertPathTrustManagerParameters
	java.security.cert.CertificateFactory
	java.security.SecureRandom
	java.security.spec.MGF1ParameterSpec
	javax.net.ssl.SSLEngine
	javax.crypto.spec.DHParameterSpec
	java.security.spec.DSAParameterSpec
	java.security.spec.ECParameterSpec
	java.security.spec.RSAKeyGenParameterSpec
	javax.crypto.spec.IvParameterSpec
	javax.crypto.Cipher
	javax.crypto.spec.PBEParameterSpec
	java.security.AlgorithmParameterGenerator
	java.security.spec.X509EncodedKeySpec
	javax.net.ssl.TrustManagerFactory
	java.security.DigestInputStream
	void
	javax.net.ssl.KeyManagerFactory
	java.security.cert.PKIXParameters
	java.net.PasswordAuthentication
	java.security.AlgorithmParameters
	javax.crypto.KeyAgreement
	javax.crypto.spec.SecretKeySpec
	javax.net.ssl.SSLParameters
	java.security.MessageDigest
	javax.crypto.SecretKey
	javax.crypto.KeyGenerator
	java.security.KeyStore
	javax.crypto.Mac
	java.security.spec.ECGenParameterSpec
	java.security.Signature

Analyzed Objects: 
	Object:
		Variable: $r1
		Type: javax.crypto.spec.IvParameterSpec
		Statement: specialinvoke $r1.<javax.crypto.spec.IvParameterSpec: void <init>(byte[])>($r3)
		Method: <com.jens.automation2.AESCrypt: byte[] decrypt(javax.crypto.spec.SecretKeySpec,byte[],byte[])>
		SHA-256: 61f5b8a8670082c5705774d56a57288ad5d8132009743261e84e3355f7546e45
		Secure: false
	Object:
		Variable: $r4
		Type: javax.crypto.Cipher
		Statement: $r4 = staticinvoke <javax.crypto.Cipher: javax.crypto.Cipher getInstance(java.lang.String)>(varReplacer2480)
		Method: <com.jens.automation2.AESCrypt: byte[] encrypt(javax.crypto.spec.SecretKeySpec,byte[],byte[])>
		SHA-256: 4b9f600f352cbeb3b3c408393a6a8a07c774612dc09d899cacd9649981d00a6
		Secure: false
	Object:
		Variable: $r0
		Type: byte[]
		Statement: $i0 = virtualinvoke $r1.<java.security.MessageDigest: int digest(byte[],int,int)>($r0, varReplacer20741, varReplacer20742)
		Method: <com.android.dx.dex.file.DexFile: void calcSignature(byte[],int)>
		SHA-256: 88294c42911b771c051e5cd115c571f0c588a46a53a9e2cd1d27eee3822a101
		Secure: false
	Object:
		Variable: $r1
		Type: javax.net.ssl.SSLContext
		Statement: $r1 = staticinvoke <javax.net.ssl.SSLContext: javax.net.ssl.SSLContext getInstance(java.lang.String)>(varReplacer14998)
		Method: <com.jens.automation2.MySSLSocketFactoryInsecure: void <init>(java.security.KeyStore)>
		SHA-256: 5d11fccb2b05c80e16cbc53691b5d831d771bd3b40a235ada1f887efd6336442
		Secure: false
	Object:
		Variable: $r4
		Type: javax.crypto.Cipher
		Statement: $r4 = staticinvoke <javax.crypto.Cipher: javax.crypto.Cipher getInstance(java.lang.String)>(varReplacer1286)
		Method: <com.jens.automation2.AESCrypt: byte[] decrypt(javax.crypto.spec.SecretKeySpec,byte[],byte[])>
		SHA-256: f9e0be42f38d35539ecc8f071aaf91d2b62a8f005eaa91f45b964d4b56b036d7
		Secure: false
	Object:
		Variable: $r3
		Type: javax.crypto.spec.SecretKeySpec
		Statement: specialinvoke $r3.<javax.crypto.spec.SecretKeySpec: void <init>(byte[],java.lang.String)>($r2, varReplacer1291)
		Method: <com.jens.automation2.AESCrypt: javax.crypto.spec.SecretKeySpec generateKey(java.lang.String)>
		SHA-256: a66e26457f6a67f5b4237c9477873ad532b0c41478056ebbb5e030c9eb83ddc7
		Secure: false
	Object:
		Variable: $r1
		Type: javax.crypto.spec.IvParameterSpec
		Statement: specialinvoke $r1.<javax.crypto.spec.IvParameterSpec: void <init>(byte[])>($r3)
		Method: <com.jens.automation2.AESCrypt: byte[] encrypt(javax.crypto.spec.SecretKeySpec,byte[],byte[])>
		SHA-256: c628554405933368a5769dfe65ba77f9d98f849b14f39c05e102dfaaa590283b
		Secure: false
	Object:
		Variable: $r1
		Type: java.security.MessageDigest
		Statement: $r1 = staticinvoke <java.security.MessageDigest: java.security.MessageDigest getInstance(java.lang.String)>(varReplacer20739)
		Method: <com.android.dx.dex.file.DexFile: void calcSignature(byte[],int)>
		SHA-256: 8b3429f2a1b8c28213e75e21c074ac017e5b99147d89d010078cf458417c3b29
		Secure: false
	Object:
		Variable: $r2
		Type: byte[]
		Statement: $r2 = virtualinvoke $r1.<java.security.MessageDigest: byte[] digest()>()
		Method: <com.jens.automation2.AESCrypt: javax.crypto.spec.SecretKeySpec generateKey(java.lang.String)>
		SHA-256: f1f9ee73990edee1a683038b56a5ffa7cb2461e8b368c126aef62c05a74bfb05
		Secure: true
	Object:
		Variable: $r5
		Type: java.security.KeyStore
		Statement: $r5 = staticinvoke <java.security.KeyStore: java.security.KeyStore getInstance(java.lang.String)>($r4)
		Method: <com.jens.automation2.Actions: org.apache.http.client.HttpClient getInsecureSslClient(org.apache.http.client.HttpClient)>
		SHA-256: 1e6c668f89e4f5cf7f1e776cbcdf04a4dcc1754b29b6cd6b534c3600e938e96f
		Secure: true
	Object:
		Variable: varReplacer1291
		Type: java.lang.String
		Statement: specialinvoke $r3.<javax.crypto.spec.SecretKeySpec: void <init>(byte[],java.lang.String)>($r2, varReplacer1291)
		Method: <com.jens.automation2.AESCrypt: javax.crypto.spec.SecretKeySpec generateKey(java.lang.String)>
		SHA-256: 28ab65af7c247b4fd8b8f4fdb39903397fa2eb8b7db08def52f61214c7d8e788
		Secure: false
	Object:
		Variable: $r3
		Type: javax.net.ssl.SSLContext
		Statement: $r3 = staticinvoke <javax.net.ssl.SSLContext: javax.net.ssl.SSLContext getInstance(java.lang.String)>(varReplacer13014)
		Method: <com.jens.automation2.Actions: org.apache.http.client.HttpClient getInsecureSslClient(org.apache.http.client.HttpClient)>
		SHA-256: 4428de210772da4aa7654fb0c266bda103c373e8a2ae388ae5505456952fe7de
		Secure: false
	Object:
		Variable: $r1
		Type: java.security.MessageDigest
		Statement: $r1 = staticinvoke <java.security.MessageDigest: java.security.MessageDigest getInstance(java.lang.String)>(varReplacer1292)
		Method: <com.jens.automation2.AESCrypt: javax.crypto.spec.SecretKeySpec generateKey(java.lang.String)>
		SHA-256: a752a1008ec34f42a63a08326cb6ab3149fc0d3a8dbe1e94c38c1d1df5d6a4e3
		Secure: true

Findings in Java Class: com.jens.automation2.AESCrypt

	 in Method: byte[] decrypt(javax.crypto.spec.SecretKeySpec,byte[],byte[])
		RequiredPredicateError violating CrySL rule for javax.crypto.Cipher
			Second parameter was not properly generated as generatedKey
			at statement: virtualinvoke $r4.<javax.crypto.Cipher: void init(int,java.security.Key,java.security.spec.AlgorithmParameterSpec)>(varReplacer1287, $r2, $r1)

		TypestateError violating CrySL rule for javax.crypto.Cipher (on Object #f9e0be42f38d35539ecc8f071aaf91d2b62a8f005eaa91f45b964d4b56b036d7)
			Unexpected call to method doFinal on object of type javax.crypto.Cipher. Expect a call to one of the following methods init,updateAAD
			at statement: $r3 = virtualinvoke $r4.<javax.crypto.Cipher: byte[] doFinal(byte[])>($r0)

		ConstraintError violating CrySL rule for javax.crypto.Cipher (on Object #f9e0be42f38d35539ecc8f071aaf91d2b62a8f005eaa91f45b964d4b56b036d7)
			First parameter (with value "AES/CBC/PKCS7Padding") should be any of AES/CBC/{PKCS5Padding, ISO10126Padding}
			at statement: $r4 = staticinvoke <javax.crypto.Cipher: javax.crypto.Cipher getInstance(java.lang.String)>(varReplacer1286)

		RequiredPredicateError violating CrySL rule for javax.crypto.spec.IvParameterSpec
			First parameter was not properly generated as randomized
			at statement: specialinvoke $r1.<javax.crypto.spec.IvParameterSpec: void <init>(byte[])>($r3)


	 in Method: byte[] encrypt(javax.crypto.spec.SecretKeySpec,byte[],byte[])
		TypestateError violating CrySL rule for javax.crypto.Cipher (on Object #4b9f600f352cbeb3b3c408393a6a8a07c774612dc09d899cacd9649981d00a6)
			Unexpected call to method doFinal on object of type javax.crypto.Cipher. Expect a call to one of the following methods init,updateAAD
			at statement: $r3 = virtualinvoke $r4.<javax.crypto.Cipher: byte[] doFinal(byte[])>($r0)

		RequiredPredicateError violating CrySL rule for javax.crypto.spec.IvParameterSpec
			First parameter was not properly generated as randomized
			at statement: specialinvoke $r1.<javax.crypto.spec.IvParameterSpec: void <init>(byte[])>($r3)

		RequiredPredicateError violating CrySL rule for javax.crypto.Cipher
			Third parameter was not properly generated as preparedIV [ with CBC, It's required to use IVParameterSpec]
			at statement: virtualinvoke $r4.<javax.crypto.Cipher: void init(int,java.security.Key,java.security.spec.AlgorithmParameterSpec)>(varReplacer2478, $r2, $r1)

		RequiredPredicateError violating CrySL rule for javax.crypto.Cipher
			Second parameter was not properly generated as generatedKey
			at statement: virtualinvoke $r4.<javax.crypto.Cipher: void init(int,java.security.Key,java.security.spec.AlgorithmParameterSpec)>(varReplacer2478, $r2, $r1)

		ConstraintError violating CrySL rule for javax.crypto.Cipher (on Object #4b9f600f352cbeb3b3c408393a6a8a07c774612dc09d899cacd9649981d00a6)
			First parameter (with value "AES/CBC/PKCS7Padding") should be any of AES/CBC/{PKCS5Padding, ISO10126Padding}
			at statement: $r4 = staticinvoke <javax.crypto.Cipher: javax.crypto.Cipher getInstance(java.lang.String)>(varReplacer2480)


	 in Method: javax.crypto.spec.SecretKeySpec generateKey(java.lang.String)
		RequiredPredicateError violating CrySL rule for javax.crypto.spec.SecretKeySpec
			First parameter was not properly generated as preparedKeyMaterial
			at statement: specialinvoke $r3.<javax.crypto.spec.SecretKeySpec: void <init>(byte[],java.lang.String)>($r2, varReplacer1291)


Findings in Java Class: com.jens.automation2.Actions

	 in Method: org.apache.http.client.HttpClient getInsecureSslClient(org.apache.http.client.HttpClient)
		RequiredPredicateError violating CrySL rule for javax.net.ssl.SSLContext
			Second parameter was not properly generated as generatedTrustManagers
			at statement: virtualinvoke $r3.<javax.net.ssl.SSLContext: void init(javax.net.ssl.KeyManager[],javax.net.ssl.TrustManager[],java.security.SecureRandom)>(varReplacer13015, varReplacer13015, varReplacer13015)

		RequiredPredicateError violating CrySL rule for javax.net.ssl.SSLContext
			Third parameter was not properly generated as randomized
			at statement: virtualinvoke $r3.<javax.net.ssl.SSLContext: void init(javax.net.ssl.KeyManager[],javax.net.ssl.TrustManager[],java.security.SecureRandom)>(varReplacer13015, varReplacer13015, varReplacer13015)

		RequiredPredicateError violating CrySL rule for javax.net.ssl.SSLContext
			First parameter was not properly generated as generatedKeyManagers
			at statement: virtualinvoke $r3.<javax.net.ssl.SSLContext: void init(javax.net.ssl.KeyManager[],javax.net.ssl.TrustManager[],java.security.SecureRandom)>(varReplacer13015, varReplacer13015, varReplacer13015)

		ConstraintError violating CrySL rule for javax.net.ssl.SSLContext (on Object #4428de210772da4aa7654fb0c266bda103c373e8a2ae388ae5505456952fe7de)
			First parameter (with value "TLS") should be any of {TLSv1.2, TLSv1.3}
			at statement: $r3 = staticinvoke <javax.net.ssl.SSLContext: javax.net.ssl.SSLContext getInstance(java.lang.String)>(varReplacer13014)


Findings in Java Class: com.jens.automation2.MySSLSocketFactoryInsecure

	 in Method: void <init>(java.security.KeyStore)
		RequiredPredicateError violating CrySL rule for javax.net.ssl.SSLContext
			Third parameter was not properly generated as randomized
			at statement: virtualinvoke $r1.<javax.net.ssl.SSLContext: void init(javax.net.ssl.KeyManager[],javax.net.ssl.TrustManager[],java.security.SecureRandom)>(varReplacer14996, $r5, varReplacer14996)

		RequiredPredicateError violating CrySL rule for javax.net.ssl.SSLContext
			First parameter was not properly generated as generatedKeyManagers
			at statement: virtualinvoke $r1.<javax.net.ssl.SSLContext: void init(javax.net.ssl.KeyManager[],javax.net.ssl.TrustManager[],java.security.SecureRandom)>(varReplacer14996, $r5, varReplacer14996)

		ConstraintError violating CrySL rule for javax.net.ssl.SSLContext (on Object #5d11fccb2b05c80e16cbc53691b5d831d771bd3b40a235ada1f887efd6336442)
			First parameter (with value "TLS") should be any of {TLSv1.2, TLSv1.3}
			at statement: $r1 = staticinvoke <javax.net.ssl.SSLContext: javax.net.ssl.SSLContext getInstance(java.lang.String)>(varReplacer14998)

		RequiredPredicateError violating CrySL rule for javax.net.ssl.SSLContext
			Second parameter was not properly generated as generatedTrustManagers
			at statement: virtualinvoke $r1.<javax.net.ssl.SSLContext: void init(javax.net.ssl.KeyManager[],javax.net.ssl.TrustManager[],java.security.SecureRandom)>(varReplacer14996, $r5, varReplacer14996)


Findings in Java Class: com.android.dx.dex.file.DexFile

	 in Method: void calcSignature(byte[],int)
		ConstraintError violating CrySL rule for java.security.MessageDigest (on Object #8b3429f2a1b8c28213e75e21c074ac017e5b99147d89d010078cf458417c3b29)
			First parameter (with value "SHA-1") should be any of {SHA-256, SHA-384, SHA-512}
			at statement: $r1 = staticinvoke <java.security.MessageDigest: java.security.MessageDigest getInstance(java.lang.String)>(varReplacer20739)


======================= CryptoAnalysis Summary ==========================
	Number of CrySL rules: 49
	Number of Objects Analyzed: 13

	CryptoAnalysis found the following violations. For details see description above.
	RequiredPredicateError: 12
	ConstraintError: 5
	TypestateError: 2
=====================================================================
