0    [main] WARN  pes.access.impl.DeclaredTypeFactory  - --- xtext.common.types ---------------------------------------------------
1    [main] WARN  pes.access.impl.DeclaredTypeFactory  - ASM library is too old. Falling back to java.lang.reflect API.
1    [main] WARN  pes.access.impl.DeclaredTypeFactory  - Please note that no information about compile time constants is available.
1    [main] WARN  pes.access.impl.DeclaredTypeFactory  - It's recommended to use org.objectweb.asm 9.1.0 or better (Maven group id: org.ow2.asm).
1    [main] WARN  pes.access.impl.DeclaredTypeFactory  - --------------------------------------------------------------------------
Ruleset: 
	java.security.cert.TrustAnchor
	javax.crypto.spec.GCMParameterSpec
	javax.xml.crypto.dsig.spec.HMACParameterSpec
	java.security.KeyPair
	java.security.DigestOutputStream
	javax.net.ssl.KeyStoreBuilderParameters
	javax.crypto.spec.OAEPParameterSpec
	javax.net.ssl.SSLContext
	javax.crypto.spec.DHGenParameterSpec
	javax.crypto.CipherOutputStream
	java.security.Key
	javax.crypto.SecretKeyFactory
	java.security.cert.PKIXBuilderParameters
	java.security.KeyFactory
	javax.crypto.spec.PBEKeySpec
	java.security.spec.DSAGenParameterSpec
	java.security.KeyPairGenerator
	javax.crypto.CipherInputStream
	javax.net.ssl.CertPathTrustManagerParameters
	java.security.cert.CertificateFactory
	java.security.SecureRandom
	java.security.spec.MGF1ParameterSpec
	javax.net.ssl.SSLEngine
	javax.crypto.spec.DHParameterSpec
	java.security.spec.DSAParameterSpec
	java.security.spec.ECParameterSpec
	java.security.spec.RSAKeyGenParameterSpec
	javax.crypto.spec.IvParameterSpec
	javax.crypto.Cipher
	javax.crypto.spec.PBEParameterSpec
	java.security.AlgorithmParameterGenerator
	java.security.spec.X509EncodedKeySpec
	javax.net.ssl.TrustManagerFactory
	java.security.DigestInputStream
	void
	javax.net.ssl.KeyManagerFactory
	java.security.cert.PKIXParameters
	java.net.PasswordAuthentication
	java.security.AlgorithmParameters
	javax.crypto.KeyAgreement
	javax.crypto.spec.SecretKeySpec
	javax.net.ssl.SSLParameters
	java.security.MessageDigest
	javax.crypto.SecretKey
	javax.crypto.KeyGenerator
	java.security.KeyStore
	javax.crypto.Mac
	java.security.spec.ECGenParameterSpec
	java.security.Signature

Analyzed Objects: 
	Object:
		Variable: $r2
		Type: javax.crypto.KeyGenerator
		Statement: $r2 = staticinvoke <javax.crypto.KeyGenerator: javax.crypto.KeyGenerator getInstance(java.lang.String,java.lang.String)>(varReplacer8166, varReplacer8167)
		Method: <k2.c: void c(java.lang.String)>
		SHA-256: 520793ded10661313fd95955fd56f33ac776ac5a96340b28e6c11affe6b627e6
		Secure: true
	Object:
		Variable: $r2
		Type: java.security.Key
		Statement: $r4 = interfaceinvoke $r2.<java.security.Key: byte[] getEncoded()>()
		Method: <p2.p: void <init>(java.lang.String,java.security.Key)>
		SHA-256: fb445da84a226a5e8064d20b8d4bf2411e15d32c29157316e868cd766d06c9fc
		Secure: true
	Object:
		Variable: varReplacer14791
		Type: java.lang.String
		Statement: specialinvoke $r2.<javax.crypto.spec.SecretKeySpec: void <init>(byte[],java.lang.String)>($r1, varReplacer14791)
		Method: <p2.c: void <init>(byte[])>
		SHA-256: 57fa63d91498bbfedcbd354aee6aa44f921fb05a00ad99da343fa983dca4a0ef
		Secure: false
	Object:
		Variable: varReplacer10926
		Type: java.lang.String
		Statement: specialinvoke $r8.<javax.crypto.spec.SecretKeySpec: void <init>(byte[],java.lang.String)>($r9, varReplacer10926)
		Method: <p2.d: byte[] a(byte[],byte[])>
		SHA-256: 4e5f5c0090ec21d970f9679363aeb6d5054b76d22e1f200d35ce24ce3ad2af00
		Secure: false
	Object:
		Variable: $r2
		Type: byte[]
		Statement: $r2 = virtualinvoke $r5.<javax.crypto.Cipher: byte[] doFinal(byte[],int,int)>($r2, varReplacer10944, $i0)
		Method: <k2.b: byte[] c(byte[],byte[])>
		SHA-256: b99379267280c33dafb9707955e1cac0c99f3b380440c776830af3afd4368d6
		Secure: false
	Object:
		Variable: $r3
		Type: java.security.Key
		Statement: $r3 = virtualinvoke $r2.<java.security.KeyStore: java.security.Key getKey(java.lang.String,char[])>($r1, varReplacer13385)
		Method: <k2.b: void <init>(java.lang.String,java.security.KeyStore)>
		SHA-256: a874296c641529f7d7f89149df9cdc7d689abb3eec388c76b891e5f1b7a66cd1
		Secure: false
	Object:
		Variable: $r1
		Type: byte[]
		Statement: virtualinvoke $r0.<java.security.SecureRandom: void nextBytes(byte[])>($r1)
		Method: <g2.i: int e()>
		SHA-256: a577a5119016950e71a1074e887bdfaaf49bec470469d771a0ced5454aa9b1b4
		Secure: true
	Object:
		Variable: $r3
		Type: javax.crypto.Cipher
		Statement: $r3 = staticinvoke <javax.crypto.Cipher: javax.crypto.Cipher getInstance(java.lang.String)>($r2)
		Method: <p2.m$a: java.lang.Object a(java.lang.String,java.security.Provider)>
		SHA-256: f2083ae2554bf44bd410bae875764f593e2da6d4d57f2f190f80d31c8ca4d3b7
		Secure: false
	Object:
		Variable: $r7
		Type: javax.crypto.spec.GCMParameterSpec
		Statement: specialinvoke $r7.<javax.crypto.spec.GCMParameterSpec: void <init>(int,byte[],int,int)>(varReplacer8102, $r0, $i0, $i1)
		Method: <p2.c: java.security.spec.AlgorithmParameterSpec c(byte[],int,int)>
		SHA-256: b349d03db3c68c189435f80d2b5f81f09a509df5432c2906750cde82503c616a
		Secure: false
	Object:
		Variable: $r3
		Type: javax.crypto.spec.SecretKeySpec
		Statement: specialinvoke $r3.<javax.crypto.spec.SecretKeySpec: void <init>(byte[],java.lang.String)>($r1, varReplacer14799)
		Method: <p2.b: void <init>(byte[],int)>
		SHA-256: 657409b6e3f45b71d039452fab838194c7ddc8718ebceb93f1a08f0974c7b6b6
		Secure: false
	Object:
		Variable: $r1
		Type: byte[]
		Statement: virtualinvoke $r4.<javax.crypto.Cipher: int doFinal(byte[],int,int,byte[],int)>($r1, varReplacer11083, $i0, $r3, varReplacer11084)
		Method: <k2.b: byte[] d(byte[],byte[])>
		SHA-256: 6b2914245ae23b0a4a0f6a572ef6083f3e7a9b172bd918266b36ee46e021785c
		Secure: false
	Object:
		Variable: varReplacer14796
		Type: java.lang.String
		Statement: specialinvoke $r2.<javax.crypto.spec.SecretKeySpec: void <init>(byte[],java.lang.String)>($r1, varReplacer14796)
		Method: <p2.a: void <init>(byte[],int)>
		SHA-256: fbc7f2777aaa1c37769648085e7059cf13fc09a8c3920c7e41ceef730daf9c91
		Secure: false
	Object:
		Variable: varReplacer14799
		Type: java.lang.String
		Statement: specialinvoke $r3.<javax.crypto.spec.SecretKeySpec: void <init>(byte[],java.lang.String)>($r1, varReplacer14799)
		Method: <p2.b: void <init>(byte[],int)>
		SHA-256: f1b49f16b25a4c7a4a07d31a8f6669892439eec9730e10dd7a1be71f9751e48b
		Secure: false
	Object:
		Variable: $r2
		Type: javax.crypto.spec.SecretKeySpec
		Statement: specialinvoke $r2.<javax.crypto.spec.SecretKeySpec: void <init>(byte[],java.lang.String)>($r1, varReplacer14794)
		Method: <p2.o: void <init>(byte[])>
		SHA-256: c4ac65d77e288f9aa23512111be066fe9a0ef5ad03031b7aa0b57d4e834e8eb3
		Secure: false
	Object:
		Variable: $r10
		Type: javax.crypto.spec.IvParameterSpec
		Statement: specialinvoke $r10.<javax.crypto.spec.IvParameterSpec: void <init>(byte[])>($r7)
		Method: <p2.d: byte[] b(byte[],byte[])>
		SHA-256: e6b736376d5c63a48c71b7f0cc70e54f269e5fe5ee81c5152995dd6ab948794c
		Secure: false
	Object:
		Variable: $r0
		Type: java.security.SecureRandom
		Statement: specialinvoke $r0.<java.security.SecureRandom: void <init>()>()
		Method: <g2.i: int e()>
		SHA-256: 453198fee903f2db0f4afb5ff95cecf3c593493a8a696f757d806f3b180e2926
		Secure: true
	Object:
		Variable: $r8
		Type: javax.crypto.spec.SecretKeySpec
		Statement: specialinvoke $r8.<javax.crypto.spec.SecretKeySpec: void <init>(byte[],java.lang.String)>($r9, varReplacer10926)
		Method: <p2.d: byte[] a(byte[],byte[])>
		SHA-256: 1332100650ccf336d984fc10731d4ded1221140c51e51028560f38de79c4a7bf
		Secure: false
	Object:
		Variable: $r1
		Type: javax.crypto.spec.SecretKeySpec
		Statement: specialinvoke $r1.<javax.crypto.spec.SecretKeySpec: void <init>(byte[],java.lang.String)>($r7, varReplacer13403)
		Method: <l2.b$a: java.lang.Object a(java.lang.Object)>
		SHA-256: b7747dcfc9a638e20c4f09bbe353013095fd70a13547e917bf84214b451ff39a
		Secure: false
	Object:
		Variable: $r8
		Type: java.security.KeyStore
		Statement: $r8 = staticinvoke <java.security.KeyStore: java.security.KeyStore getInstance(java.lang.String)>(varReplacer5014)
		Method: <u0.b$a: u0.b a()>
		SHA-256: b565192cf7f81f6f798683177696ddb859a09dab8a2a3bfc00b9eda7f3002d51
		Secure: false
	Object:
		Variable: $r9
		Type: javax.crypto.spec.IvParameterSpec
		Statement: specialinvoke $r9.<javax.crypto.spec.IvParameterSpec: void <init>(byte[])>($r7)
		Method: <p2.b: byte[] b(byte[],byte[])>
		SHA-256: 54a406e68c5e5d26afa57cf55e2bd2381045257286f42e94150d14fa3b855852
		Secure: false
	Object:
		Variable: $r1
		Type: java.security.KeyStore
		Statement: $r1 = staticinvoke <java.security.KeyStore: java.security.KeyStore getInstance(java.lang.String)>(varReplacer13384)
		Method: <k2.c$a: void <init>()>
		SHA-256: 534c85ef916bbbbf7b2adec4cc3c7cbae170158346950b2f65a8104ba70446a
		Secure: false
	Object:
		Variable: $r10
		Type: javax.crypto.spec.IvParameterSpec
		Statement: specialinvoke $r10.<javax.crypto.spec.IvParameterSpec: void <init>(byte[])>($r7)
		Method: <p2.d: byte[] a(byte[],byte[])>
		SHA-256: 5aca104b39535034b02e52b11abf1507cff421e4fa35d104288b7ab261451c71
		Secure: false
	Object:
		Variable: $r2
		Type: javax.crypto.spec.SecretKeySpec
		Statement: specialinvoke $r2.<javax.crypto.spec.SecretKeySpec: void <init>(byte[],java.lang.String)>($r1, varReplacer14791)
		Method: <p2.c: void <init>(byte[])>
		SHA-256: 1601ee3b22f892ac854d6e777fab43f7e2ef6b3332e40adcc80e21e7249a9fd1
		Secure: false
	Object:
		Variable: $r2
		Type: javax.crypto.spec.GCMParameterSpec
		Statement: specialinvoke $r2.<javax.crypto.spec.GCMParameterSpec: void <init>(int,byte[],int,int)>(varReplacer8107, $r1, $i1, $i0)
		Method: <i2.a: java.security.spec.AlgorithmParameterSpec c(byte[],int,int)>
		SHA-256: 6c63ebcacfc3edcb8459da419148026d114844ad5244422fd9d8cdc907ad7d7d
		Secure: false
	Object:
		Variable: varReplacer14794
		Type: java.lang.String
		Statement: specialinvoke $r2.<javax.crypto.spec.SecretKeySpec: void <init>(byte[],java.lang.String)>($r1, varReplacer14794)
		Method: <p2.o: void <init>(byte[])>
		SHA-256: ed14d512bf867c4f8ec22d450f067ded5083fbde2513305b87e9ac8dbf1610a7
		Secure: false
	Object:
		Variable: $r9
		Type: javax.crypto.KeyGenerator
		Statement: $r9 = staticinvoke <javax.crypto.KeyGenerator: javax.crypto.KeyGenerator getInstance(java.lang.String,java.lang.String)>(varReplacer5021, varReplacer5022)
		Method: <u0.b$a: u0.b a()>
		SHA-256: c454102d138ea1ca010d5182944380b93b36e7f5db1b268a82d457ee4e297b52
		Secure: true
	Object:
		Variable: $r3
		Type: javax.crypto.spec.IvParameterSpec
		Statement: specialinvoke $r3.<javax.crypto.spec.IvParameterSpec: void <init>(byte[],int,int)>($r1, $i1, $i0)
		Method: <i2.a: java.security.spec.AlgorithmParameterSpec c(byte[],int,int)>
		SHA-256: 6b325b9177ed6e8f086c7409ae87c603b02f0623f2948564e27566e39d3326e3
		Secure: false
	Object:
		Variable: $r5
		Type: javax.crypto.Cipher
		Statement: $r5 = staticinvoke <javax.crypto.Cipher: javax.crypto.Cipher getInstance(java.lang.String)>(varReplacer10950)
		Method: <k2.b: byte[] c(byte[],byte[])>
		SHA-256: bcf26327080a427d9815e3905b95394f62d32a75d2ad61de044d652ad100698b
		Secure: false
	Object:
		Variable: $r3
		Type: javax.crypto.Cipher
		Statement: $r3 = staticinvoke <javax.crypto.Cipher: javax.crypto.Cipher getInstance(java.lang.String,java.security.Provider)>($r2, $r1)
		Method: <p2.m$a: java.lang.Object a(java.lang.String,java.security.Provider)>
		SHA-256: dd74d769b556daddc5bb1a7546f230fd7a4bf6af660a55fdec0380a751a48a6d
		Secure: false
	Object:
		Variable: varReplacer14795
		Type: java.lang.String
		Statement: specialinvoke $r2.<javax.crypto.spec.SecretKeySpec: void <init>(byte[],java.lang.String)>($r1, varReplacer14795)
		Method: <i2.a: void <init>(byte[])>
		SHA-256: fef35055c03f43f7e04e1499ee02f90ee620c45c96a8e532f28a5b2f4ae928fc
		Secure: false
	Object:
		Variable: varReplacer11109
		Type: java.lang.String
		Statement: specialinvoke $r8.<javax.crypto.spec.SecretKeySpec: void <init>(byte[],java.lang.String)>($r9, varReplacer11109)
		Method: <p2.d: byte[] b(byte[],byte[])>
		SHA-256: 69e0575abb582ce9d4e5fc31ea030bd214dbdbc3fe4d56b1ab7e99c463739ed7
		Secure: false
	Object:
		Variable: $r4
		Type: javax.crypto.spec.GCMParameterSpec
		Statement: specialinvoke $r4.<javax.crypto.spec.GCMParameterSpec: void <init>(int,byte[],int,int)>(varReplacer10947, $r2, varReplacer10948, varReplacer10949)
		Method: <k2.b: byte[] c(byte[],byte[])>
		SHA-256: 4e6ed54bdf10711492847bc25417a79159ea467bd5ab01f1e53d7806ab33710d
		Secure: false
	Object:
		Variable: $r8
		Type: javax.crypto.spec.IvParameterSpec
		Statement: specialinvoke $r8.<javax.crypto.spec.IvParameterSpec: void <init>(byte[])>($r7)
		Method: <p2.a: void c(byte[],int,int,byte[],int,byte[],boolean)>
		SHA-256: 2e0d879cd6fa651bddf222dcd69161229ac1642012b9372a1361c3b7ad1efe60
		Secure: false
	Object:
		Variable: $r6
		Type: javax.crypto.spec.IvParameterSpec
		Statement: specialinvoke $r6.<javax.crypto.spec.IvParameterSpec: void <init>(byte[],int,int)>($r0, $i0, $i1)
		Method: <p2.c: java.security.spec.AlgorithmParameterSpec c(byte[],int,int)>
		SHA-256: f296041a48920b08dd157261c57ffba2865c2ceec378071f34608682d8e089c8
		Secure: false
	Object:
		Variable: $r3
		Type: javax.crypto.Mac
		Statement: $r3 = staticinvoke <javax.crypto.Mac: javax.crypto.Mac getInstance(java.lang.String,java.security.Provider)>($r2, $r1)
		Method: <p2.m$b: java.lang.Object a(java.lang.String,java.security.Provider)>
		SHA-256: 63d9ba76af7a7f17b03e692defc9699261e835086b90c858f1727ec532a2dae0
		Secure: false
	Object:
		Variable: $r4
		Type: java.security.KeyStore
		Statement: $r4 = staticinvoke <java.security.KeyStore: java.security.KeyStore getInstance(java.lang.String)>(varReplacer10997)
		Method: <k2.c: boolean d(java.lang.String)>
		SHA-256: a56f132468a0527e32e4b68321eb2982cb53fd8a77db8a6b764bbe109457ac65
		Secure: false
	Object:
		Variable: $r2
		Type: javax.crypto.spec.SecretKeySpec
		Statement: specialinvoke $r2.<javax.crypto.spec.SecretKeySpec: void <init>(byte[],java.lang.String)>($r1, varReplacer14795)
		Method: <i2.a: void <init>(byte[])>
		SHA-256: df810966f0602324b70e768dbf23e10a2c7d49634b7bb30687bcb82bb4f00e4a
		Secure: false
	Object:
		Variable: $r4
		Type: byte[]
		Statement: $r4 = interfaceinvoke $r2.<java.security.Key: byte[] getEncoded()>()
		Method: <p2.p: void <init>(java.lang.String,java.security.Key)>
		SHA-256: 6bd32db623478f71ebed3708fb769a0ae7ab06a46d6bf3c17d39608121fa349a
		Secure: true
	Object:
		Variable: $r3
		Type: byte[]
		Statement: virtualinvoke $r4.<javax.crypto.Cipher: int doFinal(byte[],int,int,byte[],int)>($r1, varReplacer11083, $i0, $r3, varReplacer11084)
		Method: <k2.b: byte[] d(byte[],byte[])>
		SHA-256: 417e7d1bcb539026a2ac275d9b99e5354896aa9a239e35a96081977d65df953b
		Secure: false
	Object:
		Variable: $r8
		Type: javax.crypto.spec.SecretKeySpec
		Statement: specialinvoke $r8.<javax.crypto.spec.SecretKeySpec: void <init>(byte[],java.lang.String)>($r9, varReplacer11109)
		Method: <p2.d: byte[] b(byte[],byte[])>
		SHA-256: a690cc30a53eb00189f3ae4dd425ad79e1318a5fee4a6cc3154414bf04b004ae
		Secure: false
	Object:
		Variable: $r10
		Type: javax.crypto.spec.IvParameterSpec
		Statement: specialinvoke $r10.<javax.crypto.spec.IvParameterSpec: void <init>(byte[])>($r4)
		Method: <p2.b: byte[] a(byte[],byte[])>
		SHA-256: ca733fbff339bede4703e56b81ed9174c168a0f859dae759148c367160322f13
		Secure: false
	Object:
		Variable: $r2
		Type: javax.crypto.spec.SecretKeySpec
		Statement: specialinvoke $r2.<javax.crypto.spec.SecretKeySpec: void <init>(byte[],java.lang.String)>($r1, varReplacer14796)
		Method: <p2.a: void <init>(byte[],int)>
		SHA-256: c6442cf31235f0e30dc52ca86d73855637e834a18df13ed49266f17eebd7c8cd
		Secure: false
	Object:
		Variable: $r4
		Type: javax.crypto.Cipher
		Statement: $r4 = staticinvoke <javax.crypto.Cipher: javax.crypto.Cipher getInstance(java.lang.String)>(varReplacer11087)
		Method: <k2.b: byte[] d(byte[],byte[])>
		SHA-256: 380dd8822af5bb0bed124eb4a970fea3f3f8b0df464f29205ae89a65baa46e06
		Secure: false
	Object:
		Variable: $r3
		Type: javax.crypto.Mac
		Statement: $r3 = staticinvoke <javax.crypto.Mac: javax.crypto.Mac getInstance(java.lang.String)>($r2)
		Method: <p2.m$b: java.lang.Object a(java.lang.String,java.security.Provider)>
		SHA-256: 97823af27b9844efca49e71d01355cae90717942371f2220363f137d107b38ea
		Secure: false
	Object:
		Variable: varReplacer13403
		Type: java.lang.String
		Statement: specialinvoke $r1.<javax.crypto.spec.SecretKeySpec: void <init>(byte[],java.lang.String)>($r7, varReplacer13403)
		Method: <l2.b$a: java.lang.Object a(java.lang.Object)>
		SHA-256: da9486cd685bf7a3e8df316703417a177a7d5d59f0fe35f7f14be6a79f0528fa
		Secure: false

Findings in Java Class: u0.b$a

	 in Method: u0.b a()
		ConstraintError violating CrySL rule for java.security.KeyStore (on Object #b565192cf7f81f6f798683177696ddb859a09dab8a2a3bfc00b9eda7f3002d51)
			First parameter (with value "AndroidKeyStore") should be any of {JCEKS, JKS, DKS, PKCS11, PKCS12}
			at statement: $r8 = staticinvoke <java.security.KeyStore: java.security.KeyStore getInstance(java.lang.String)>(varReplacer5014)


Findings in Java Class: k2.c

	 in Method: boolean d(java.lang.String)
		ConstraintError violating CrySL rule for java.security.KeyStore (on Object #a56f132468a0527e32e4b68321eb2982cb53fd8a77db8a6b764bbe109457ac65)
			First parameter (with value "AndroidKeyStore") should be any of {JCEKS, JKS, DKS, PKCS11, PKCS12}
			at statement: $r4 = staticinvoke <java.security.KeyStore: java.security.KeyStore getInstance(java.lang.String)>(varReplacer10997)


Findings in Java Class: k2.c$a

	 in Method: void <init>()
		ConstraintError violating CrySL rule for java.security.KeyStore (on Object #534c85ef916bbbbf7b2adec4cc3c7cbae170158346950b2f65a8104ba70446a)
			First parameter (with value "AndroidKeyStore") should be any of {JCEKS, JKS, DKS, PKCS11, PKCS12}
			at statement: $r1 = staticinvoke <java.security.KeyStore: java.security.KeyStore getInstance(java.lang.String)>(varReplacer13384)


Findings in Java Class: l2.b$a

	 in Method: java.lang.Object a(java.lang.Object)
		ConstraintError violating CrySL rule for javax.crypto.spec.SecretKeySpec (on Object #b7747dcfc9a638e20c4f09bbe353013095fd70a13547e917bf84214b451ff39a)
			Second parameter (with value "HMAC") should be any of {AES, HmacSHA256, HmacSHA384, HmacSHA512}
			at statement: specialinvoke $r1.<javax.crypto.spec.SecretKeySpec: void <init>(byte[],java.lang.String)>($r7, varReplacer13403)

		RequiredPredicateError violating CrySL rule for javax.crypto.spec.SecretKeySpec
			First parameter was not properly generated as preparedKeyMaterial
			at statement: specialinvoke $r1.<javax.crypto.spec.SecretKeySpec: void <init>(byte[],java.lang.String)>($r7, varReplacer13403)


Findings in Java Class: u0.a$a

	 in Method: boolean commit()
		IncompleteOperationError violating CrySL rule for javax.crypto.spec.SecretKeySpec (on Object #b7747dcfc9a638e20c4f09bbe353013095fd70a13547e917bf84214b451ff39a)
			Operation on object of type javax.crypto.spec.SecretKeySpec object not completed. Expected call to init
			at statement: virtualinvoke r0.<u0.a$a: void b()>()

		IncompleteOperationError violating CrySL rule for javax.crypto.spec.SecretKeySpec (on Object #1601ee3b22f892ac854d6e777fab43f7e2ef6b3332e40adcc80e21e7249a9fd1)
			Operation on object of type javax.crypto.spec.SecretKeySpec object not completed. Expected call to init
			at statement: virtualinvoke r0.<u0.a$a: void b()>()

		IncompleteOperationError violating CrySL rule for javax.crypto.spec.SecretKeySpec (on Object #c4ac65d77e288f9aa23512111be066fe9a0ef5ad03031b7aa0b57d4e834e8eb3)
			Operation on object of type javax.crypto.spec.SecretKeySpec object not completed. Expected call to init
			at statement: virtualinvoke r0.<u0.a$a: void b()>()

		IncompleteOperationError violating CrySL rule for javax.crypto.spec.SecretKeySpec (on Object #df810966f0602324b70e768dbf23e10a2c7d49634b7bb30687bcb82bb4f00e4a)
			Operation on object of type javax.crypto.spec.SecretKeySpec object not completed. Expected call to init
			at statement: virtualinvoke r0.<u0.a$a: void b()>()

		IncompleteOperationError violating CrySL rule for javax.crypto.spec.SecretKeySpec (on Object #c6442cf31235f0e30dc52ca86d73855637e834a18df13ed49266f17eebd7c8cd)
			Operation on object of type javax.crypto.spec.SecretKeySpec object not completed. Expected call to init
			at statement: virtualinvoke r0.<u0.a$a: void b()>()

		IncompleteOperationError violating CrySL rule for javax.crypto.spec.SecretKeySpec (on Object #657409b6e3f45b71d039452fab838194c7ddc8718ebceb93f1a08f0974c7b6b6)
			Operation on object of type javax.crypto.spec.SecretKeySpec object not completed. Expected call to init
			at statement: virtualinvoke r0.<u0.a$a: void b()>()


	 in Method: void c(java.lang.String,byte[])
		IncompleteOperationError violating CrySL rule for javax.crypto.spec.SecretKeySpec (on Object #b7747dcfc9a638e20c4f09bbe353013095fd70a13547e917bf84214b451ff39a)
			Operation on object of type javax.crypto.spec.SecretKeySpec object not completed. Expected call to init
			at statement: $z0 = virtualinvoke $r3.<u0.a: boolean d(java.lang.String)>($r1)

		IncompleteOperationError violating CrySL rule for javax.crypto.spec.SecretKeySpec (on Object #1601ee3b22f892ac854d6e777fab43f7e2ef6b3332e40adcc80e21e7249a9fd1)
			Operation on object of type javax.crypto.spec.SecretKeySpec object not completed. Expected call to init
			at statement: $z0 = virtualinvoke $r3.<u0.a: boolean d(java.lang.String)>($r1)

		IncompleteOperationError violating CrySL rule for javax.crypto.spec.SecretKeySpec (on Object #c4ac65d77e288f9aa23512111be066fe9a0ef5ad03031b7aa0b57d4e834e8eb3)
			Operation on object of type javax.crypto.spec.SecretKeySpec object not completed. Expected call to init
			at statement: $z0 = virtualinvoke $r3.<u0.a: boolean d(java.lang.String)>($r1)

		IncompleteOperationError violating CrySL rule for javax.crypto.spec.SecretKeySpec (on Object #df810966f0602324b70e768dbf23e10a2c7d49634b7bb30687bcb82bb4f00e4a)
			Operation on object of type javax.crypto.spec.SecretKeySpec object not completed. Expected call to init
			at statement: $z0 = virtualinvoke $r3.<u0.a: boolean d(java.lang.String)>($r1)

		IncompleteOperationError violating CrySL rule for javax.crypto.spec.SecretKeySpec (on Object #c6442cf31235f0e30dc52ca86d73855637e834a18df13ed49266f17eebd7c8cd)
			Operation on object of type javax.crypto.spec.SecretKeySpec object not completed. Expected call to init
			at statement: $z0 = virtualinvoke $r3.<u0.a: boolean d(java.lang.String)>($r1)

		IncompleteOperationError violating CrySL rule for javax.crypto.spec.SecretKeySpec (on Object #657409b6e3f45b71d039452fab838194c7ddc8718ebceb93f1a08f0974c7b6b6)
			Operation on object of type javax.crypto.spec.SecretKeySpec object not completed. Expected call to init
			at statement: $z0 = virtualinvoke $r3.<u0.a: boolean d(java.lang.String)>($r1)


	 in Method: android.content.SharedPreferences$Editor remove(java.lang.String)
		IncompleteOperationError violating CrySL rule for javax.crypto.spec.SecretKeySpec (on Object #b7747dcfc9a638e20c4f09bbe353013095fd70a13547e917bf84214b451ff39a)
			Operation on object of type javax.crypto.spec.SecretKeySpec object not completed. Expected call to init
			at statement: $z0 = virtualinvoke $r2.<u0.a: boolean d(java.lang.String)>($r1)

		IncompleteOperationError violating CrySL rule for javax.crypto.spec.SecretKeySpec (on Object #1601ee3b22f892ac854d6e777fab43f7e2ef6b3332e40adcc80e21e7249a9fd1)
			Operation on object of type javax.crypto.spec.SecretKeySpec object not completed. Expected call to init
			at statement: $z0 = virtualinvoke $r2.<u0.a: boolean d(java.lang.String)>($r1)

		IncompleteOperationError violating CrySL rule for javax.crypto.spec.SecretKeySpec (on Object #c4ac65d77e288f9aa23512111be066fe9a0ef5ad03031b7aa0b57d4e834e8eb3)
			Operation on object of type javax.crypto.spec.SecretKeySpec object not completed. Expected call to init
			at statement: $z0 = virtualinvoke $r2.<u0.a: boolean d(java.lang.String)>($r1)

		IncompleteOperationError violating CrySL rule for javax.crypto.spec.SecretKeySpec (on Object #df810966f0602324b70e768dbf23e10a2c7d49634b7bb30687bcb82bb4f00e4a)
			Operation on object of type javax.crypto.spec.SecretKeySpec object not completed. Expected call to init
			at statement: $z0 = virtualinvoke $r2.<u0.a: boolean d(java.lang.String)>($r1)

		IncompleteOperationError violating CrySL rule for javax.crypto.spec.SecretKeySpec (on Object #c6442cf31235f0e30dc52ca86d73855637e834a18df13ed49266f17eebd7c8cd)
			Operation on object of type javax.crypto.spec.SecretKeySpec object not completed. Expected call to init
			at statement: $z0 = virtualinvoke $r2.<u0.a: boolean d(java.lang.String)>($r1)

		IncompleteOperationError violating CrySL rule for javax.crypto.spec.SecretKeySpec (on Object #657409b6e3f45b71d039452fab838194c7ddc8718ebceb93f1a08f0974c7b6b6)
			Operation on object of type javax.crypto.spec.SecretKeySpec object not completed. Expected call to init
			at statement: $z0 = virtualinvoke $r2.<u0.a: boolean d(java.lang.String)>($r1)


Findings in Java Class: h2.b$b

	 in Method: byte[] b(byte[],byte[])
		IncompleteOperationError violating CrySL rule for javax.crypto.spec.SecretKeySpec (on Object #b7747dcfc9a638e20c4f09bbe353013095fd70a13547e917bf84214b451ff39a)
			Operation on object of type javax.crypto.spec.SecretKeySpec object not completed. Expected call to init
			at statement: $r8 = virtualinvoke $r7.<g2.n: java.util.List b()>()

		IncompleteOperationError violating CrySL rule for javax.crypto.spec.SecretKeySpec (on Object #1601ee3b22f892ac854d6e777fab43f7e2ef6b3332e40adcc80e21e7249a9fd1)
			Operation on object of type javax.crypto.spec.SecretKeySpec object not completed. Expected call to init
			at statement: $r8 = virtualinvoke $r7.<g2.n: java.util.List b()>()

		IncompleteOperationError violating CrySL rule for javax.crypto.spec.SecretKeySpec (on Object #c4ac65d77e288f9aa23512111be066fe9a0ef5ad03031b7aa0b57d4e834e8eb3)
			Operation on object of type javax.crypto.spec.SecretKeySpec object not completed. Expected call to init
			at statement: $r8 = virtualinvoke $r7.<g2.n: java.util.List b()>()

		IncompleteOperationError violating CrySL rule for javax.crypto.spec.SecretKeySpec (on Object #df810966f0602324b70e768dbf23e10a2c7d49634b7bb30687bcb82bb4f00e4a)
			Operation on object of type javax.crypto.spec.SecretKeySpec object not completed. Expected call to init
			at statement: $r8 = virtualinvoke $r7.<g2.n: java.util.List b()>()

		IncompleteOperationError violating CrySL rule for javax.crypto.spec.SecretKeySpec (on Object #c6442cf31235f0e30dc52ca86d73855637e834a18df13ed49266f17eebd7c8cd)
			Operation on object of type javax.crypto.spec.SecretKeySpec object not completed. Expected call to init
			at statement: $r8 = virtualinvoke $r7.<g2.n: java.util.List b()>()

		IncompleteOperationError violating CrySL rule for javax.crypto.spec.SecretKeySpec (on Object #657409b6e3f45b71d039452fab838194c7ddc8718ebceb93f1a08f0974c7b6b6)
			Operation on object of type javax.crypto.spec.SecretKeySpec object not completed. Expected call to init
			at statement: $r8 = virtualinvoke $r7.<g2.n: java.util.List b()>()


Findings in Java Class: p2.d

	 in Method: byte[] b(byte[],byte[])
		IncompleteOperationError violating CrySL rule for javax.crypto.Mac (on Object #63d9ba76af7a7f17b03e692defc9699261e835086b90c858f1727ec532a2dae0)
			Operation on object of type javax.crypto.Mac object not completed. Expected call to init
			at statement: $r9 = virtualinvoke $r5.<javax.crypto.Cipher: byte[] doFinal(byte[])>($r7)

		IncompleteOperationError violating CrySL rule for javax.crypto.Mac (on Object #97823af27b9844efca49e71d01355cae90717942371f2220363f137d107b38ea)
			Operation on object of type javax.crypto.Mac object not completed. Expected call to init
			at statement: $r9 = virtualinvoke $r5.<javax.crypto.Cipher: byte[] doFinal(byte[])>($r7)

		TypestateError violating CrySL rule for javax.crypto.Cipher (on Object #f2083ae2554bf44bd410bae875764f593e2da6d4d57f2f190f80d31c8ca4d3b7)
			Unexpected call to method doFinal on object of type javax.crypto.Cipher. Expect a call to one of the following methods init,updateAAD
			at statement: $r9 = virtualinvoke $r5.<javax.crypto.Cipher: byte[] doFinal(byte[])>($r7)

		TypestateError violating CrySL rule for javax.crypto.Cipher (on Object #dd74d769b556daddc5bb1a7546f230fd7a4bf6af660a55fdec0380a751a48a6d)
			Unexpected call to method doFinal on object of type javax.crypto.Cipher. Expect a call to one of the following methods init,updateAAD
			at statement: $r9 = virtualinvoke $r5.<javax.crypto.Cipher: byte[] doFinal(byte[])>($r7)

		RequiredPredicateError violating CrySL rule for javax.crypto.spec.IvParameterSpec
			First parameter was not properly generated as randomized
			at statement: specialinvoke $r10.<javax.crypto.spec.IvParameterSpec: void <init>(byte[])>($r7)

		IncompleteOperationError violating CrySL rule for javax.crypto.spec.SecretKeySpec (on Object #b7747dcfc9a638e20c4f09bbe353013095fd70a13547e917bf84214b451ff39a)
			Operation on object of type javax.crypto.spec.SecretKeySpec object not completed. Expected call to init
			at statement: $r2 = virtualinvoke r0.<p2.d: byte[] c(byte[][])>($r11)

		IncompleteOperationError violating CrySL rule for javax.crypto.spec.SecretKeySpec (on Object #1601ee3b22f892ac854d6e777fab43f7e2ef6b3332e40adcc80e21e7249a9fd1)
			Operation on object of type javax.crypto.spec.SecretKeySpec object not completed. Expected call to init
			at statement: $r2 = virtualinvoke r0.<p2.d: byte[] c(byte[][])>($r11)

		IncompleteOperationError violating CrySL rule for javax.crypto.spec.SecretKeySpec (on Object #c4ac65d77e288f9aa23512111be066fe9a0ef5ad03031b7aa0b57d4e834e8eb3)
			Operation on object of type javax.crypto.spec.SecretKeySpec object not completed. Expected call to init
			at statement: $r2 = virtualinvoke r0.<p2.d: byte[] c(byte[][])>($r11)

		IncompleteOperationError violating CrySL rule for javax.crypto.spec.SecretKeySpec (on Object #df810966f0602324b70e768dbf23e10a2c7d49634b7bb30687bcb82bb4f00e4a)
			Operation on object of type javax.crypto.spec.SecretKeySpec object not completed. Expected call to init
			at statement: $r2 = virtualinvoke r0.<p2.d: byte[] c(byte[][])>($r11)

		IncompleteOperationError violating CrySL rule for javax.crypto.spec.SecretKeySpec (on Object #c6442cf31235f0e30dc52ca86d73855637e834a18df13ed49266f17eebd7c8cd)
			Operation on object of type javax.crypto.spec.SecretKeySpec object not completed. Expected call to init
			at statement: $r2 = virtualinvoke r0.<p2.d: byte[] c(byte[][])>($r11)

		IncompleteOperationError violating CrySL rule for javax.crypto.spec.SecretKeySpec (on Object #657409b6e3f45b71d039452fab838194c7ddc8718ebceb93f1a08f0974c7b6b6)
			Operation on object of type javax.crypto.spec.SecretKeySpec object not completed. Expected call to init
			at statement: $r2 = virtualinvoke r0.<p2.d: byte[] c(byte[][])>($r11)

		RequiredPredicateError violating CrySL rule for javax.crypto.spec.SecretKeySpec
			First parameter was not properly generated as preparedKeyMaterial
			at statement: specialinvoke $r8.<javax.crypto.spec.SecretKeySpec: void <init>(byte[],java.lang.String)>($r9, varReplacer11109)


	 in Method: byte[] a(byte[],byte[])
		RequiredPredicateError violating CrySL rule for javax.crypto.spec.IvParameterSpec
			First parameter was not properly generated as randomized
			at statement: specialinvoke $r10.<javax.crypto.spec.IvParameterSpec: void <init>(byte[])>($r7)

		TypestateError violating CrySL rule for javax.crypto.Cipher (on Object #f2083ae2554bf44bd410bae875764f593e2da6d4d57f2f190f80d31c8ca4d3b7)
			Unexpected call to method doFinal on object of type javax.crypto.Cipher. Expect a call to one of the following methods init,updateAAD
			at statement: $r1 = virtualinvoke $r5.<javax.crypto.Cipher: byte[] doFinal(byte[])>($r1)

		TypestateError violating CrySL rule for javax.crypto.Cipher (on Object #dd74d769b556daddc5bb1a7546f230fd7a4bf6af660a55fdec0380a751a48a6d)
			Unexpected call to method doFinal on object of type javax.crypto.Cipher. Expect a call to one of the following methods init,updateAAD
			at statement: $r1 = virtualinvoke $r5.<javax.crypto.Cipher: byte[] doFinal(byte[])>($r1)

		RequiredPredicateError violating CrySL rule for javax.crypto.spec.SecretKeySpec
			First parameter was not properly generated as preparedKeyMaterial
			at statement: specialinvoke $r8.<javax.crypto.spec.SecretKeySpec: void <init>(byte[],java.lang.String)>($r9, varReplacer10926)

		IncompleteOperationError violating CrySL rule for javax.crypto.Mac (on Object #63d9ba76af7a7f17b03e692defc9699261e835086b90c858f1727ec532a2dae0)
			Operation on object of type javax.crypto.Mac object not completed. Expected call to init
			at statement: $r1 = virtualinvoke $r5.<javax.crypto.Cipher: byte[] doFinal(byte[])>($r1)

		IncompleteOperationError violating CrySL rule for javax.crypto.Mac (on Object #97823af27b9844efca49e71d01355cae90717942371f2220363f137d107b38ea)
			Operation on object of type javax.crypto.Mac object not completed. Expected call to init
			at statement: $r1 = virtualinvoke $r5.<javax.crypto.Cipher: byte[] doFinal(byte[])>($r1)


	 in Method: byte[] c(byte[][])
		IncompleteOperationError violating CrySL rule for javax.crypto.spec.SecretKeySpec (on Object #c4ac65d77e288f9aa23512111be066fe9a0ef5ad03031b7aa0b57d4e834e8eb3)
			Operation on object of type javax.crypto.spec.SecretKeySpec object not completed. Expected call to init
			at statement: $r3 = virtualinvoke $r2.<p2.o: byte[] a(byte[],int)>($r3, varReplacer13346)

		IncompleteOperationError violating CrySL rule for javax.crypto.spec.SecretKeySpec (on Object #c4ac65d77e288f9aa23512111be066fe9a0ef5ad03031b7aa0b57d4e834e8eb3)
			Operation on object of type javax.crypto.spec.SecretKeySpec object not completed. Expected call to init
			at statement: $r4 = virtualinvoke $r2.<p2.o: byte[] a(byte[],int)>($r4, varReplacer13347)


Findings in Java Class: p2.q

	 in Method: void a(byte[],byte[])
		IncompleteOperationError violating CrySL rule for javax.crypto.spec.SecretKeySpec (on Object #b7747dcfc9a638e20c4f09bbe353013095fd70a13547e917bf84214b451ff39a)
			Operation on object of type javax.crypto.spec.SecretKeySpec object not completed. Expected call to init
			at statement: $r3 = interfaceinvoke $r1.<m2.a: byte[] a(byte[],int)>($r3, $i0)

		IncompleteOperationError violating CrySL rule for javax.crypto.spec.SecretKeySpec (on Object #c4ac65d77e288f9aa23512111be066fe9a0ef5ad03031b7aa0b57d4e834e8eb3)
			Operation on object of type javax.crypto.spec.SecretKeySpec object not completed. Expected call to init
			at statement: $r3 = interfaceinvoke $r1.<m2.a: byte[] a(byte[],int)>($r3, $i0)


Findings in Java Class: k2.a$b

	 in Method: g2.i b()
		IncompleteOperationError violating CrySL rule for javax.crypto.spec.SecretKeySpec (on Object #1601ee3b22f892ac854d6e777fab43f7e2ef6b3332e40adcc80e21e7249a9fd1)
			Operation on object of type javax.crypto.spec.SecretKeySpec object not completed. Expected call to init
			at statement: $z0 = interfaceinvoke $r28.<android.content.SharedPreferences$Editor: boolean commit()>()

		IncompleteOperationError violating CrySL rule for javax.crypto.spec.SecretKeySpec (on Object #b7747dcfc9a638e20c4f09bbe353013095fd70a13547e917bf84214b451ff39a)
			Operation on object of type javax.crypto.spec.SecretKeySpec object not completed. Expected call to init
			at statement: $z0 = interfaceinvoke $r28.<android.content.SharedPreferences$Editor: boolean commit()>()

		IncompleteOperationError violating CrySL rule for javax.crypto.spec.SecretKeySpec (on Object #657409b6e3f45b71d039452fab838194c7ddc8718ebceb93f1a08f0974c7b6b6)
			Operation on object of type javax.crypto.spec.SecretKeySpec object not completed. Expected call to init
			at statement: $z0 = interfaceinvoke $r28.<android.content.SharedPreferences$Editor: boolean commit()>()

		IncompleteOperationError violating CrySL rule for javax.crypto.spec.SecretKeySpec (on Object #b7747dcfc9a638e20c4f09bbe353013095fd70a13547e917bf84214b451ff39a)
			Operation on object of type javax.crypto.spec.SecretKeySpec object not completed. Expected call to init
			at statement: $z0 = interfaceinvoke $r28.<android.content.SharedPreferences$Editor: boolean commit()>()

		IncompleteOperationError violating CrySL rule for javax.crypto.spec.SecretKeySpec (on Object #1601ee3b22f892ac854d6e777fab43f7e2ef6b3332e40adcc80e21e7249a9fd1)
			Operation on object of type javax.crypto.spec.SecretKeySpec object not completed. Expected call to init
			at statement: $z0 = interfaceinvoke $r28.<android.content.SharedPreferences$Editor: boolean commit()>()

		IncompleteOperationError violating CrySL rule for javax.crypto.spec.SecretKeySpec (on Object #c4ac65d77e288f9aa23512111be066fe9a0ef5ad03031b7aa0b57d4e834e8eb3)
			Operation on object of type javax.crypto.spec.SecretKeySpec object not completed. Expected call to init
			at statement: $z0 = interfaceinvoke $r28.<android.content.SharedPreferences$Editor: boolean commit()>()

		IncompleteOperationError violating CrySL rule for javax.crypto.spec.SecretKeySpec (on Object #c4ac65d77e288f9aa23512111be066fe9a0ef5ad03031b7aa0b57d4e834e8eb3)
			Operation on object of type javax.crypto.spec.SecretKeySpec object not completed. Expected call to init
			at statement: $z0 = interfaceinvoke $r28.<android.content.SharedPreferences$Editor: boolean commit()>()

		IncompleteOperationError violating CrySL rule for javax.crypto.spec.SecretKeySpec (on Object #df810966f0602324b70e768dbf23e10a2c7d49634b7bb30687bcb82bb4f00e4a)
			Operation on object of type javax.crypto.spec.SecretKeySpec object not completed. Expected call to init
			at statement: $z0 = interfaceinvoke $r28.<android.content.SharedPreferences$Editor: boolean commit()>()

		IncompleteOperationError violating CrySL rule for javax.crypto.spec.SecretKeySpec (on Object #df810966f0602324b70e768dbf23e10a2c7d49634b7bb30687bcb82bb4f00e4a)
			Operation on object of type javax.crypto.spec.SecretKeySpec object not completed. Expected call to init
			at statement: $z0 = interfaceinvoke $r28.<android.content.SharedPreferences$Editor: boolean commit()>()

		IncompleteOperationError violating CrySL rule for javax.crypto.spec.SecretKeySpec (on Object #c6442cf31235f0e30dc52ca86d73855637e834a18df13ed49266f17eebd7c8cd)
			Operation on object of type javax.crypto.spec.SecretKeySpec object not completed. Expected call to init
			at statement: $z0 = interfaceinvoke $r28.<android.content.SharedPreferences$Editor: boolean commit()>()

		IncompleteOperationError violating CrySL rule for javax.crypto.spec.SecretKeySpec (on Object #c6442cf31235f0e30dc52ca86d73855637e834a18df13ed49266f17eebd7c8cd)
			Operation on object of type javax.crypto.spec.SecretKeySpec object not completed. Expected call to init
			at statement: $z0 = interfaceinvoke $r28.<android.content.SharedPreferences$Editor: boolean commit()>()

		IncompleteOperationError violating CrySL rule for javax.crypto.spec.SecretKeySpec (on Object #657409b6e3f45b71d039452fab838194c7ddc8718ebceb93f1a08f0974c7b6b6)
			Operation on object of type javax.crypto.spec.SecretKeySpec object not completed. Expected call to init
			at statement: $z0 = interfaceinvoke $r28.<android.content.SharedPreferences$Editor: boolean commit()>()

		IncompleteOperationError violating CrySL rule for javax.crypto.spec.SecretKeySpec (on Object #b7747dcfc9a638e20c4f09bbe353013095fd70a13547e917bf84214b451ff39a)
			Operation on object of type javax.crypto.spec.SecretKeySpec object not completed. Expected call to init
			at statement: $r6 = staticinvoke <g2.h: g2.h c(k2.d,g2.a)>($r5, $r4)

		IncompleteOperationError violating CrySL rule for javax.crypto.spec.SecretKeySpec (on Object #1601ee3b22f892ac854d6e777fab43f7e2ef6b3332e40adcc80e21e7249a9fd1)
			Operation on object of type javax.crypto.spec.SecretKeySpec object not completed. Expected call to init
			at statement: $r6 = staticinvoke <g2.h: g2.h c(k2.d,g2.a)>($r5, $r4)

		IncompleteOperationError violating CrySL rule for javax.crypto.spec.SecretKeySpec (on Object #c4ac65d77e288f9aa23512111be066fe9a0ef5ad03031b7aa0b57d4e834e8eb3)
			Operation on object of type javax.crypto.spec.SecretKeySpec object not completed. Expected call to init
			at statement: $r6 = staticinvoke <g2.h: g2.h c(k2.d,g2.a)>($r5, $r4)

		IncompleteOperationError violating CrySL rule for javax.crypto.spec.SecretKeySpec (on Object #df810966f0602324b70e768dbf23e10a2c7d49634b7bb30687bcb82bb4f00e4a)
			Operation on object of type javax.crypto.spec.SecretKeySpec object not completed. Expected call to init
			at statement: $r6 = staticinvoke <g2.h: g2.h c(k2.d,g2.a)>($r5, $r4)

		IncompleteOperationError violating CrySL rule for javax.crypto.spec.SecretKeySpec (on Object #c6442cf31235f0e30dc52ca86d73855637e834a18df13ed49266f17eebd7c8cd)
			Operation on object of type javax.crypto.spec.SecretKeySpec object not completed. Expected call to init
			at statement: $r6 = staticinvoke <g2.h: g2.h c(k2.d,g2.a)>($r5, $r4)

		IncompleteOperationError violating CrySL rule for javax.crypto.spec.SecretKeySpec (on Object #657409b6e3f45b71d039452fab838194c7ddc8718ebceb93f1a08f0974c7b6b6)
			Operation on object of type javax.crypto.spec.SecretKeySpec object not completed. Expected call to init
			at statement: $r6 = staticinvoke <g2.h: g2.h c(k2.d,g2.a)>($r5, $r4)

		IncompleteOperationError violating CrySL rule for javax.crypto.spec.SecretKeySpec (on Object #b7747dcfc9a638e20c4f09bbe353013095fd70a13547e917bf84214b451ff39a)
			Operation on object of type javax.crypto.spec.SecretKeySpec object not completed. Expected call to init
			at statement: $r22 = interfaceinvoke $r4.<g2.a: byte[] b(byte[],byte[])>($r1, $r22)

		IncompleteOperationError violating CrySL rule for javax.crypto.spec.SecretKeySpec (on Object #1601ee3b22f892ac854d6e777fab43f7e2ef6b3332e40adcc80e21e7249a9fd1)
			Operation on object of type javax.crypto.spec.SecretKeySpec object not completed. Expected call to init
			at statement: $r22 = interfaceinvoke $r4.<g2.a: byte[] b(byte[],byte[])>($r1, $r22)

		IncompleteOperationError violating CrySL rule for javax.crypto.spec.SecretKeySpec (on Object #c4ac65d77e288f9aa23512111be066fe9a0ef5ad03031b7aa0b57d4e834e8eb3)
			Operation on object of type javax.crypto.spec.SecretKeySpec object not completed. Expected call to init
			at statement: $r22 = interfaceinvoke $r4.<g2.a: byte[] b(byte[],byte[])>($r1, $r22)

		IncompleteOperationError violating CrySL rule for javax.crypto.spec.SecretKeySpec (on Object #df810966f0602324b70e768dbf23e10a2c7d49634b7bb30687bcb82bb4f00e4a)
			Operation on object of type javax.crypto.spec.SecretKeySpec object not completed. Expected call to init
			at statement: $r22 = interfaceinvoke $r4.<g2.a: byte[] b(byte[],byte[])>($r1, $r22)

		IncompleteOperationError violating CrySL rule for javax.crypto.spec.SecretKeySpec (on Object #c6442cf31235f0e30dc52ca86d73855637e834a18df13ed49266f17eebd7c8cd)
			Operation on object of type javax.crypto.spec.SecretKeySpec object not completed. Expected call to init
			at statement: $r22 = interfaceinvoke $r4.<g2.a: byte[] b(byte[],byte[])>($r1, $r22)

		IncompleteOperationError violating CrySL rule for javax.crypto.spec.SecretKeySpec (on Object #657409b6e3f45b71d039452fab838194c7ddc8718ebceb93f1a08f0974c7b6b6)
			Operation on object of type javax.crypto.spec.SecretKeySpec object not completed. Expected call to init
			at statement: $r22 = interfaceinvoke $r4.<g2.a: byte[] b(byte[],byte[])>($r1, $r22)


Findings in Java Class: g2.h

	 in Method: g2.h c(k2.d,g2.a)
		IncompleteOperationError violating CrySL rule for javax.crypto.spec.SecretKeySpec (on Object #b7747dcfc9a638e20c4f09bbe353013095fd70a13547e917bf84214b451ff39a)
			Operation on object of type javax.crypto.spec.SecretKeySpec object not completed. Expected call to init
			at statement: $r4 = interfaceinvoke $r3.<g2.a: byte[] b(byte[],byte[])>($r4, $r9)

		IncompleteOperationError violating CrySL rule for javax.crypto.spec.SecretKeySpec (on Object #1601ee3b22f892ac854d6e777fab43f7e2ef6b3332e40adcc80e21e7249a9fd1)
			Operation on object of type javax.crypto.spec.SecretKeySpec object not completed. Expected call to init
			at statement: $r4 = interfaceinvoke $r3.<g2.a: byte[] b(byte[],byte[])>($r4, $r9)

		IncompleteOperationError violating CrySL rule for javax.crypto.spec.SecretKeySpec (on Object #c4ac65d77e288f9aa23512111be066fe9a0ef5ad03031b7aa0b57d4e834e8eb3)
			Operation on object of type javax.crypto.spec.SecretKeySpec object not completed. Expected call to init
			at statement: $r4 = interfaceinvoke $r3.<g2.a: byte[] b(byte[],byte[])>($r4, $r9)

		IncompleteOperationError violating CrySL rule for javax.crypto.spec.SecretKeySpec (on Object #df810966f0602324b70e768dbf23e10a2c7d49634b7bb30687bcb82bb4f00e4a)
			Operation on object of type javax.crypto.spec.SecretKeySpec object not completed. Expected call to init
			at statement: $r4 = interfaceinvoke $r3.<g2.a: byte[] b(byte[],byte[])>($r4, $r9)

		IncompleteOperationError violating CrySL rule for javax.crypto.spec.SecretKeySpec (on Object #c6442cf31235f0e30dc52ca86d73855637e834a18df13ed49266f17eebd7c8cd)
			Operation on object of type javax.crypto.spec.SecretKeySpec object not completed. Expected call to init
			at statement: $r4 = interfaceinvoke $r3.<g2.a: byte[] b(byte[],byte[])>($r4, $r9)

		IncompleteOperationError violating CrySL rule for javax.crypto.spec.SecretKeySpec (on Object #657409b6e3f45b71d039452fab838194c7ddc8718ebceb93f1a08f0974c7b6b6)
			Operation on object of type javax.crypto.spec.SecretKeySpec object not completed. Expected call to init
			at statement: $r4 = interfaceinvoke $r3.<g2.a: byte[] b(byte[],byte[])>($r4, $r9)


Findings in Java Class: u0.a

	 in Method: java.lang.Object c(java.lang.String)
		IncompleteOperationError violating CrySL rule for javax.crypto.spec.SecretKeySpec (on Object #b7747dcfc9a638e20c4f09bbe353013095fd70a13547e917bf84214b451ff39a)
			Operation on object of type javax.crypto.spec.SecretKeySpec object not completed. Expected call to init
			at statement: $z0 = virtualinvoke r0.<u0.a: boolean d(java.lang.String)>($r1)

		IncompleteOperationError violating CrySL rule for javax.crypto.spec.SecretKeySpec (on Object #1601ee3b22f892ac854d6e777fab43f7e2ef6b3332e40adcc80e21e7249a9fd1)
			Operation on object of type javax.crypto.spec.SecretKeySpec object not completed. Expected call to init
			at statement: $z0 = virtualinvoke r0.<u0.a: boolean d(java.lang.String)>($r1)

		IncompleteOperationError violating CrySL rule for javax.crypto.spec.SecretKeySpec (on Object #c4ac65d77e288f9aa23512111be066fe9a0ef5ad03031b7aa0b57d4e834e8eb3)
			Operation on object of type javax.crypto.spec.SecretKeySpec object not completed. Expected call to init
			at statement: $z0 = virtualinvoke r0.<u0.a: boolean d(java.lang.String)>($r1)

		IncompleteOperationError violating CrySL rule for javax.crypto.spec.SecretKeySpec (on Object #df810966f0602324b70e768dbf23e10a2c7d49634b7bb30687bcb82bb4f00e4a)
			Operation on object of type javax.crypto.spec.SecretKeySpec object not completed. Expected call to init
			at statement: $z0 = virtualinvoke r0.<u0.a: boolean d(java.lang.String)>($r1)

		IncompleteOperationError violating CrySL rule for javax.crypto.spec.SecretKeySpec (on Object #c6442cf31235f0e30dc52ca86d73855637e834a18df13ed49266f17eebd7c8cd)
			Operation on object of type javax.crypto.spec.SecretKeySpec object not completed. Expected call to init
			at statement: $z0 = virtualinvoke r0.<u0.a: boolean d(java.lang.String)>($r1)

		IncompleteOperationError violating CrySL rule for javax.crypto.spec.SecretKeySpec (on Object #657409b6e3f45b71d039452fab838194c7ddc8718ebceb93f1a08f0974c7b6b6)
			Operation on object of type javax.crypto.spec.SecretKeySpec object not completed. Expected call to init
			at statement: $z0 = virtualinvoke r0.<u0.a: boolean d(java.lang.String)>($r1)


Findings in Java Class: k2.d

	 in Method: byte[] a()
		IncompleteOperationError violating CrySL rule for javax.crypto.spec.SecretKeySpec (on Object #b7747dcfc9a638e20c4f09bbe353013095fd70a13547e917bf84214b451ff39a)
			Operation on object of type javax.crypto.spec.SecretKeySpec object not completed. Expected call to init
			at statement: $r1 = interfaceinvoke $r4.<android.content.SharedPreferences: java.lang.String getString(java.lang.String,java.lang.String)>($r1, varReplacer11003)

		IncompleteOperationError violating CrySL rule for javax.crypto.spec.SecretKeySpec (on Object #1601ee3b22f892ac854d6e777fab43f7e2ef6b3332e40adcc80e21e7249a9fd1)
			Operation on object of type javax.crypto.spec.SecretKeySpec object not completed. Expected call to init
			at statement: $r1 = interfaceinvoke $r4.<android.content.SharedPreferences: java.lang.String getString(java.lang.String,java.lang.String)>($r1, varReplacer11003)

		IncompleteOperationError violating CrySL rule for javax.crypto.spec.SecretKeySpec (on Object #c4ac65d77e288f9aa23512111be066fe9a0ef5ad03031b7aa0b57d4e834e8eb3)
			Operation on object of type javax.crypto.spec.SecretKeySpec object not completed. Expected call to init
			at statement: $r1 = interfaceinvoke $r4.<android.content.SharedPreferences: java.lang.String getString(java.lang.String,java.lang.String)>($r1, varReplacer11003)

		IncompleteOperationError violating CrySL rule for javax.crypto.spec.SecretKeySpec (on Object #df810966f0602324b70e768dbf23e10a2c7d49634b7bb30687bcb82bb4f00e4a)
			Operation on object of type javax.crypto.spec.SecretKeySpec object not completed. Expected call to init
			at statement: $r1 = interfaceinvoke $r4.<android.content.SharedPreferences: java.lang.String getString(java.lang.String,java.lang.String)>($r1, varReplacer11003)

		IncompleteOperationError violating CrySL rule for javax.crypto.spec.SecretKeySpec (on Object #c6442cf31235f0e30dc52ca86d73855637e834a18df13ed49266f17eebd7c8cd)
			Operation on object of type javax.crypto.spec.SecretKeySpec object not completed. Expected call to init
			at statement: $r1 = interfaceinvoke $r4.<android.content.SharedPreferences: java.lang.String getString(java.lang.String,java.lang.String)>($r1, varReplacer11003)

		IncompleteOperationError violating CrySL rule for javax.crypto.spec.SecretKeySpec (on Object #657409b6e3f45b71d039452fab838194c7ddc8718ebceb93f1a08f0974c7b6b6)
			Operation on object of type javax.crypto.spec.SecretKeySpec object not completed. Expected call to init
			at statement: $r1 = interfaceinvoke $r4.<android.content.SharedPreferences: java.lang.String getString(java.lang.String,java.lang.String)>($r1, varReplacer11003)


Findings in Java Class: p2.b

	 in Method: byte[] b(byte[],byte[])
		RequiredPredicateError violating CrySL rule for javax.crypto.spec.IvParameterSpec
			First parameter was not properly generated as randomized
			at statement: specialinvoke $r9.<javax.crypto.spec.IvParameterSpec: void <init>(byte[])>($r7)

		IncompleteOperationError violating CrySL rule for javax.crypto.spec.SecretKeySpec (on Object #b7747dcfc9a638e20c4f09bbe353013095fd70a13547e917bf84214b451ff39a)
			Operation on object of type javax.crypto.spec.SecretKeySpec object not completed. Expected call to init
			at statement: $r8 = virtualinvoke r0.<p2.b: byte[] d(javax.crypto.Cipher,int,byte[],int,int)>($r5, varReplacer8064, $r1, $i2, $i0)

		IncompleteOperationError violating CrySL rule for javax.crypto.spec.SecretKeySpec (on Object #1601ee3b22f892ac854d6e777fab43f7e2ef6b3332e40adcc80e21e7249a9fd1)
			Operation on object of type javax.crypto.spec.SecretKeySpec object not completed. Expected call to init
			at statement: $r8 = virtualinvoke r0.<p2.b: byte[] d(javax.crypto.Cipher,int,byte[],int,int)>($r5, varReplacer8064, $r1, $i2, $i0)

		IncompleteOperationError violating CrySL rule for javax.crypto.spec.SecretKeySpec (on Object #c4ac65d77e288f9aa23512111be066fe9a0ef5ad03031b7aa0b57d4e834e8eb3)
			Operation on object of type javax.crypto.spec.SecretKeySpec object not completed. Expected call to init
			at statement: $r8 = virtualinvoke r0.<p2.b: byte[] d(javax.crypto.Cipher,int,byte[],int,int)>($r5, varReplacer8064, $r1, $i2, $i0)

		IncompleteOperationError violating CrySL rule for javax.crypto.spec.SecretKeySpec (on Object #df810966f0602324b70e768dbf23e10a2c7d49634b7bb30687bcb82bb4f00e4a)
			Operation on object of type javax.crypto.spec.SecretKeySpec object not completed. Expected call to init
			at statement: $r8 = virtualinvoke r0.<p2.b: byte[] d(javax.crypto.Cipher,int,byte[],int,int)>($r5, varReplacer8064, $r1, $i2, $i0)

		IncompleteOperationError violating CrySL rule for javax.crypto.spec.SecretKeySpec (on Object #c6442cf31235f0e30dc52ca86d73855637e834a18df13ed49266f17eebd7c8cd)
			Operation on object of type javax.crypto.spec.SecretKeySpec object not completed. Expected call to init
			at statement: $r8 = virtualinvoke r0.<p2.b: byte[] d(javax.crypto.Cipher,int,byte[],int,int)>($r5, varReplacer8064, $r1, $i2, $i0)

		IncompleteOperationError violating CrySL rule for javax.crypto.spec.SecretKeySpec (on Object #657409b6e3f45b71d039452fab838194c7ddc8718ebceb93f1a08f0974c7b6b6)
			Operation on object of type javax.crypto.spec.SecretKeySpec object not completed. Expected call to init
			at statement: $r8 = virtualinvoke r0.<p2.b: byte[] d(javax.crypto.Cipher,int,byte[],int,int)>($r5, varReplacer8064, $r1, $i2, $i0)


	 in Method: void <init>(byte[],int)
		RequiredPredicateError violating CrySL rule for javax.crypto.spec.SecretKeySpec
			First parameter was not properly generated as preparedKeyMaterial
			at statement: specialinvoke $r3.<javax.crypto.spec.SecretKeySpec: void <init>(byte[],java.lang.String)>($r1, varReplacer14799)


	 in Method: byte[] a(byte[],byte[])
		RequiredPredicateError violating CrySL rule for javax.crypto.spec.IvParameterSpec
			First parameter was not properly generated as randomized
			at statement: specialinvoke $r10.<javax.crypto.spec.IvParameterSpec: void <init>(byte[])>($r4)


Findings in Java Class: com.termux.gui.Settings

	 in Method: void load(android.content.Context)
		IncompleteOperationError violating CrySL rule for javax.crypto.spec.SecretKeySpec (on Object #b7747dcfc9a638e20c4f09bbe353013095fd70a13547e917bf84214b451ff39a)
			Operation on object of type javax.crypto.spec.SecretKeySpec object not completed. Expected call to init
			at statement: $r2 = specialinvoke r0.<com.termux.gui.Settings: u0.a settingsPreferences(android.content.Context)>($r1)

		IncompleteOperationError violating CrySL rule for javax.crypto.spec.SecretKeySpec (on Object #1601ee3b22f892ac854d6e777fab43f7e2ef6b3332e40adcc80e21e7249a9fd1)
			Operation on object of type javax.crypto.spec.SecretKeySpec object not completed. Expected call to init
			at statement: $r2 = specialinvoke r0.<com.termux.gui.Settings: u0.a settingsPreferences(android.content.Context)>($r1)

		IncompleteOperationError violating CrySL rule for javax.crypto.spec.SecretKeySpec (on Object #c4ac65d77e288f9aa23512111be066fe9a0ef5ad03031b7aa0b57d4e834e8eb3)
			Operation on object of type javax.crypto.spec.SecretKeySpec object not completed. Expected call to init
			at statement: $r2 = specialinvoke r0.<com.termux.gui.Settings: u0.a settingsPreferences(android.content.Context)>($r1)

		IncompleteOperationError violating CrySL rule for javax.crypto.spec.SecretKeySpec (on Object #df810966f0602324b70e768dbf23e10a2c7d49634b7bb30687bcb82bb4f00e4a)
			Operation on object of type javax.crypto.spec.SecretKeySpec object not completed. Expected call to init
			at statement: $r2 = specialinvoke r0.<com.termux.gui.Settings: u0.a settingsPreferences(android.content.Context)>($r1)

		IncompleteOperationError violating CrySL rule for javax.crypto.spec.SecretKeySpec (on Object #c6442cf31235f0e30dc52ca86d73855637e834a18df13ed49266f17eebd7c8cd)
			Operation on object of type javax.crypto.spec.SecretKeySpec object not completed. Expected call to init
			at statement: $r2 = specialinvoke r0.<com.termux.gui.Settings: u0.a settingsPreferences(android.content.Context)>($r1)

		IncompleteOperationError violating CrySL rule for javax.crypto.spec.SecretKeySpec (on Object #657409b6e3f45b71d039452fab838194c7ddc8718ebceb93f1a08f0974c7b6b6)
			Operation on object of type javax.crypto.spec.SecretKeySpec object not completed. Expected call to init
			at statement: $r2 = specialinvoke r0.<com.termux.gui.Settings: u0.a settingsPreferences(android.content.Context)>($r1)

		IncompleteOperationError violating CrySL rule for javax.crypto.spec.SecretKeySpec (on Object #b7747dcfc9a638e20c4f09bbe353013095fd70a13547e917bf84214b451ff39a)
			Operation on object of type javax.crypto.spec.SecretKeySpec object not completed. Expected call to init
			at statement: $z0 = virtualinvoke $r2.<u0.a: boolean getBoolean(java.lang.String,boolean)>(varReplacer805, varReplacer806)

		IncompleteOperationError violating CrySL rule for javax.crypto.spec.SecretKeySpec (on Object #1601ee3b22f892ac854d6e777fab43f7e2ef6b3332e40adcc80e21e7249a9fd1)
			Operation on object of type javax.crypto.spec.SecretKeySpec object not completed. Expected call to init
			at statement: $z0 = virtualinvoke $r2.<u0.a: boolean getBoolean(java.lang.String,boolean)>(varReplacer805, varReplacer806)

		IncompleteOperationError violating CrySL rule for javax.crypto.spec.SecretKeySpec (on Object #c4ac65d77e288f9aa23512111be066fe9a0ef5ad03031b7aa0b57d4e834e8eb3)
			Operation on object of type javax.crypto.spec.SecretKeySpec object not completed. Expected call to init
			at statement: $z0 = virtualinvoke $r2.<u0.a: boolean getBoolean(java.lang.String,boolean)>(varReplacer805, varReplacer806)

		IncompleteOperationError violating CrySL rule for javax.crypto.spec.SecretKeySpec (on Object #df810966f0602324b70e768dbf23e10a2c7d49634b7bb30687bcb82bb4f00e4a)
			Operation on object of type javax.crypto.spec.SecretKeySpec object not completed. Expected call to init
			at statement: $z0 = virtualinvoke $r2.<u0.a: boolean getBoolean(java.lang.String,boolean)>(varReplacer805, varReplacer806)

		IncompleteOperationError violating CrySL rule for javax.crypto.spec.SecretKeySpec (on Object #c6442cf31235f0e30dc52ca86d73855637e834a18df13ed49266f17eebd7c8cd)
			Operation on object of type javax.crypto.spec.SecretKeySpec object not completed. Expected call to init
			at statement: $z0 = virtualinvoke $r2.<u0.a: boolean getBoolean(java.lang.String,boolean)>(varReplacer805, varReplacer806)

		IncompleteOperationError violating CrySL rule for javax.crypto.spec.SecretKeySpec (on Object #657409b6e3f45b71d039452fab838194c7ddc8718ebceb93f1a08f0974c7b6b6)
			Operation on object of type javax.crypto.spec.SecretKeySpec object not completed. Expected call to init
			at statement: $z0 = virtualinvoke $r2.<u0.a: boolean getBoolean(java.lang.String,boolean)>(varReplacer805, varReplacer806)


Findings in Java Class: j2.c$a

	 in Method: byte[] b(byte[],byte[])
		IncompleteOperationError violating CrySL rule for javax.crypto.spec.SecretKeySpec (on Object #b7747dcfc9a638e20c4f09bbe353013095fd70a13547e917bf84214b451ff39a)
			Operation on object of type javax.crypto.spec.SecretKeySpec object not completed. Expected call to init
			at statement: $r8 = virtualinvoke $r7.<g2.n: java.util.List b()>()

		IncompleteOperationError violating CrySL rule for javax.crypto.spec.SecretKeySpec (on Object #1601ee3b22f892ac854d6e777fab43f7e2ef6b3332e40adcc80e21e7249a9fd1)
			Operation on object of type javax.crypto.spec.SecretKeySpec object not completed. Expected call to init
			at statement: $r8 = virtualinvoke $r7.<g2.n: java.util.List b()>()

		IncompleteOperationError violating CrySL rule for javax.crypto.spec.SecretKeySpec (on Object #c4ac65d77e288f9aa23512111be066fe9a0ef5ad03031b7aa0b57d4e834e8eb3)
			Operation on object of type javax.crypto.spec.SecretKeySpec object not completed. Expected call to init
			at statement: $r8 = virtualinvoke $r7.<g2.n: java.util.List b()>()

		IncompleteOperationError violating CrySL rule for javax.crypto.spec.SecretKeySpec (on Object #df810966f0602324b70e768dbf23e10a2c7d49634b7bb30687bcb82bb4f00e4a)
			Operation on object of type javax.crypto.spec.SecretKeySpec object not completed. Expected call to init
			at statement: $r8 = virtualinvoke $r7.<g2.n: java.util.List b()>()

		IncompleteOperationError violating CrySL rule for javax.crypto.spec.SecretKeySpec (on Object #c6442cf31235f0e30dc52ca86d73855637e834a18df13ed49266f17eebd7c8cd)
			Operation on object of type javax.crypto.spec.SecretKeySpec object not completed. Expected call to init
			at statement: $r8 = virtualinvoke $r7.<g2.n: java.util.List b()>()

		IncompleteOperationError violating CrySL rule for javax.crypto.spec.SecretKeySpec (on Object #657409b6e3f45b71d039452fab838194c7ddc8718ebceb93f1a08f0974c7b6b6)
			Operation on object of type javax.crypto.spec.SecretKeySpec object not completed. Expected call to init
			at statement: $r8 = virtualinvoke $r7.<g2.n: java.util.List b()>()


Findings in Java Class: p2.h

	 in Method: void f(java.nio.ByteBuffer,byte[])
		IncompleteOperationError violating CrySL rule for javax.crypto.spec.SecretKeySpec (on Object #b7747dcfc9a638e20c4f09bbe353013095fd70a13547e917bf84214b451ff39a)
			Operation on object of type javax.crypto.spec.SecretKeySpec object not completed. Expected call to init
			at statement: $i1 = virtualinvoke r0.<p2.h: int g()>()

		IncompleteOperationError violating CrySL rule for javax.crypto.spec.SecretKeySpec (on Object #1601ee3b22f892ac854d6e777fab43f7e2ef6b3332e40adcc80e21e7249a9fd1)
			Operation on object of type javax.crypto.spec.SecretKeySpec object not completed. Expected call to init
			at statement: $i1 = virtualinvoke r0.<p2.h: int g()>()

		IncompleteOperationError violating CrySL rule for javax.crypto.spec.SecretKeySpec (on Object #c4ac65d77e288f9aa23512111be066fe9a0ef5ad03031b7aa0b57d4e834e8eb3)
			Operation on object of type javax.crypto.spec.SecretKeySpec object not completed. Expected call to init
			at statement: $i1 = virtualinvoke r0.<p2.h: int g()>()

		IncompleteOperationError violating CrySL rule for javax.crypto.spec.SecretKeySpec (on Object #df810966f0602324b70e768dbf23e10a2c7d49634b7bb30687bcb82bb4f00e4a)
			Operation on object of type javax.crypto.spec.SecretKeySpec object not completed. Expected call to init
			at statement: $i1 = virtualinvoke r0.<p2.h: int g()>()

		IncompleteOperationError violating CrySL rule for javax.crypto.spec.SecretKeySpec (on Object #c6442cf31235f0e30dc52ca86d73855637e834a18df13ed49266f17eebd7c8cd)
			Operation on object of type javax.crypto.spec.SecretKeySpec object not completed. Expected call to init
			at statement: $i1 = virtualinvoke r0.<p2.h: int g()>()

		IncompleteOperationError violating CrySL rule for javax.crypto.spec.SecretKeySpec (on Object #657409b6e3f45b71d039452fab838194c7ddc8718ebceb93f1a08f0974c7b6b6)
			Operation on object of type javax.crypto.spec.SecretKeySpec object not completed. Expected call to init
			at statement: $i1 = virtualinvoke r0.<p2.h: int g()>()


	 in Method: byte[] e(java.nio.ByteBuffer)
		IncompleteOperationError violating CrySL rule for javax.crypto.spec.SecretKeySpec (on Object #b7747dcfc9a638e20c4f09bbe353013095fd70a13547e917bf84214b451ff39a)
			Operation on object of type javax.crypto.spec.SecretKeySpec object not completed. Expected call to init
			at statement: $i1 = virtualinvoke r0.<p2.h: int g()>()

		IncompleteOperationError violating CrySL rule for javax.crypto.spec.SecretKeySpec (on Object #1601ee3b22f892ac854d6e777fab43f7e2ef6b3332e40adcc80e21e7249a9fd1)
			Operation on object of type javax.crypto.spec.SecretKeySpec object not completed. Expected call to init
			at statement: $i1 = virtualinvoke r0.<p2.h: int g()>()

		IncompleteOperationError violating CrySL rule for javax.crypto.spec.SecretKeySpec (on Object #c4ac65d77e288f9aa23512111be066fe9a0ef5ad03031b7aa0b57d4e834e8eb3)
			Operation on object of type javax.crypto.spec.SecretKeySpec object not completed. Expected call to init
			at statement: $i1 = virtualinvoke r0.<p2.h: int g()>()

		IncompleteOperationError violating CrySL rule for javax.crypto.spec.SecretKeySpec (on Object #df810966f0602324b70e768dbf23e10a2c7d49634b7bb30687bcb82bb4f00e4a)
			Operation on object of type javax.crypto.spec.SecretKeySpec object not completed. Expected call to init
			at statement: $i1 = virtualinvoke r0.<p2.h: int g()>()

		IncompleteOperationError violating CrySL rule for javax.crypto.spec.SecretKeySpec (on Object #c6442cf31235f0e30dc52ca86d73855637e834a18df13ed49266f17eebd7c8cd)
			Operation on object of type javax.crypto.spec.SecretKeySpec object not completed. Expected call to init
			at statement: $i1 = virtualinvoke r0.<p2.h: int g()>()

		IncompleteOperationError violating CrySL rule for javax.crypto.spec.SecretKeySpec (on Object #657409b6e3f45b71d039452fab838194c7ddc8718ebceb93f1a08f0974c7b6b6)
			Operation on object of type javax.crypto.spec.SecretKeySpec object not completed. Expected call to init
			at statement: $i1 = virtualinvoke r0.<p2.h: int g()>()


	 in Method: byte[] a(byte[])
		IncompleteOperationError violating CrySL rule for javax.crypto.spec.SecretKeySpec (on Object #b7747dcfc9a638e20c4f09bbe353013095fd70a13547e917bf84214b451ff39a)
			Operation on object of type javax.crypto.spec.SecretKeySpec object not completed. Expected call to init
			at statement: $i1 = virtualinvoke r0.<p2.h: int g()>()

		IncompleteOperationError violating CrySL rule for javax.crypto.spec.SecretKeySpec (on Object #1601ee3b22f892ac854d6e777fab43f7e2ef6b3332e40adcc80e21e7249a9fd1)
			Operation on object of type javax.crypto.spec.SecretKeySpec object not completed. Expected call to init
			at statement: $i1 = virtualinvoke r0.<p2.h: int g()>()

		IncompleteOperationError violating CrySL rule for javax.crypto.spec.SecretKeySpec (on Object #c4ac65d77e288f9aa23512111be066fe9a0ef5ad03031b7aa0b57d4e834e8eb3)
			Operation on object of type javax.crypto.spec.SecretKeySpec object not completed. Expected call to init
			at statement: $i1 = virtualinvoke r0.<p2.h: int g()>()

		IncompleteOperationError violating CrySL rule for javax.crypto.spec.SecretKeySpec (on Object #df810966f0602324b70e768dbf23e10a2c7d49634b7bb30687bcb82bb4f00e4a)
			Operation on object of type javax.crypto.spec.SecretKeySpec object not completed. Expected call to init
			at statement: $i1 = virtualinvoke r0.<p2.h: int g()>()

		IncompleteOperationError violating CrySL rule for javax.crypto.spec.SecretKeySpec (on Object #c6442cf31235f0e30dc52ca86d73855637e834a18df13ed49266f17eebd7c8cd)
			Operation on object of type javax.crypto.spec.SecretKeySpec object not completed. Expected call to init
			at statement: $i1 = virtualinvoke r0.<p2.h: int g()>()

		IncompleteOperationError violating CrySL rule for javax.crypto.spec.SecretKeySpec (on Object #657409b6e3f45b71d039452fab838194c7ddc8718ebceb93f1a08f0974c7b6b6)
			Operation on object of type javax.crypto.spec.SecretKeySpec object not completed. Expected call to init
			at statement: $i1 = virtualinvoke r0.<p2.h: int g()>()


Findings in Java Class: p2.m$b

	 in Method: java.lang.Object a(java.lang.String,java.security.Provider)
		ConstraintError violating CrySL rule for javax.crypto.Mac (on Object #63d9ba76af7a7f17b03e692defc9699261e835086b90c858f1727ec532a2dae0)
			First parameter (with value "AES/ECB/NoPadding") should be any of {HmacSHA256, HmacSHA384, HmacSHA512, HmacPBESHA1, PBEWithHmacSHA1, PBEWithHmacSHA224, PBEWithHmacSHA256, PBEWithHmacSHA384, PBEWithHmacSHA512}
			at statement: $r3 = staticinvoke <javax.crypto.Mac: javax.crypto.Mac getInstance(java.lang.String,java.security.Provider)>($r2, $r1)

		ConstraintError violating CrySL rule for javax.crypto.Mac (on Object #97823af27b9844efca49e71d01355cae90717942371f2220363f137d107b38ea)
			First parameter (with value "AES/ECB/NoPadding") should be any of {HmacSHA256, HmacSHA384, HmacSHA512, HmacPBESHA1, PBEWithHmacSHA1, PBEWithHmacSHA224, PBEWithHmacSHA256, PBEWithHmacSHA384, PBEWithHmacSHA512}
			at statement: $r3 = staticinvoke <javax.crypto.Mac: javax.crypto.Mac getInstance(java.lang.String)>($r2)

		ConstraintError violating CrySL rule for javax.crypto.Mac (on Object #63d9ba76af7a7f17b03e692defc9699261e835086b90c858f1727ec532a2dae0)
			First parameter (with value "AES/CTR/NoPadding") should be any of {HmacSHA256, HmacSHA384, HmacSHA512, HmacPBESHA1, PBEWithHmacSHA1, PBEWithHmacSHA224, PBEWithHmacSHA256, PBEWithHmacSHA384, PBEWithHmacSHA512}
			at statement: $r3 = staticinvoke <javax.crypto.Mac: javax.crypto.Mac getInstance(java.lang.String,java.security.Provider)>($r2, $r1)

		ConstraintError violating CrySL rule for javax.crypto.Mac (on Object #97823af27b9844efca49e71d01355cae90717942371f2220363f137d107b38ea)
			First parameter (with value "AES/CTR/NoPadding") should be any of {HmacSHA256, HmacSHA384, HmacSHA512, HmacPBESHA1, PBEWithHmacSHA1, PBEWithHmacSHA224, PBEWithHmacSHA256, PBEWithHmacSHA384, PBEWithHmacSHA512}
			at statement: $r3 = staticinvoke <javax.crypto.Mac: javax.crypto.Mac getInstance(java.lang.String)>($r2)


Findings in Java Class: p2.o

	 in Method: byte[] a(byte[],int)
		TypestateError violating CrySL rule for javax.crypto.Cipher (on Object #f2083ae2554bf44bd410bae875764f593e2da6d4d57f2f190f80d31c8ca4d3b7)
			Unexpected call to method doFinal on object of type javax.crypto.Cipher. Expect a call to one of the following methods init,updateAAD
			at statement: $r1 = virtualinvoke $r4.<javax.crypto.Cipher: byte[] doFinal(byte[])>($r1)

		TypestateError violating CrySL rule for javax.crypto.Cipher (on Object #f2083ae2554bf44bd410bae875764f593e2da6d4d57f2f190f80d31c8ca4d3b7)
			Unexpected call to method doFinal on object of type javax.crypto.Cipher. Expect a call to one of the following methods init,updateAAD
			at statement: $r7 = virtualinvoke $r4.<javax.crypto.Cipher: byte[] doFinal(byte[])>($r7)

		TypestateError violating CrySL rule for javax.crypto.Cipher (on Object #dd74d769b556daddc5bb1a7546f230fd7a4bf6af660a55fdec0380a751a48a6d)
			Unexpected call to method doFinal on object of type javax.crypto.Cipher. Expect a call to one of the following methods init,updateAAD
			at statement: $r1 = virtualinvoke $r4.<javax.crypto.Cipher: byte[] doFinal(byte[])>($r1)

		TypestateError violating CrySL rule for javax.crypto.Cipher (on Object #dd74d769b556daddc5bb1a7546f230fd7a4bf6af660a55fdec0380a751a48a6d)
			Unexpected call to method doFinal on object of type javax.crypto.Cipher. Expect a call to one of the following methods init,updateAAD
			at statement: $r7 = virtualinvoke $r4.<javax.crypto.Cipher: byte[] doFinal(byte[])>($r7)

		IncompleteOperationError violating CrySL rule for javax.crypto.Mac (on Object #63d9ba76af7a7f17b03e692defc9699261e835086b90c858f1727ec532a2dae0)
			Operation on object of type javax.crypto.Mac object not completed. Expected call to init
			at statement: $r1 = virtualinvoke $r4.<javax.crypto.Cipher: byte[] doFinal(byte[])>($r1)

		IncompleteOperationError violating CrySL rule for javax.crypto.Mac (on Object #97823af27b9844efca49e71d01355cae90717942371f2220363f137d107b38ea)
			Operation on object of type javax.crypto.Mac object not completed. Expected call to init
			at statement: $r1 = virtualinvoke $r4.<javax.crypto.Cipher: byte[] doFinal(byte[])>($r1)


	 in Method: void <init>(byte[])
		RequiredPredicateError violating CrySL rule for javax.crypto.spec.SecretKeySpec
			First parameter was not properly generated as preparedKeyMaterial
			at statement: specialinvoke $r2.<javax.crypto.spec.SecretKeySpec: void <init>(byte[],java.lang.String)>($r1, varReplacer14794)

		TypestateError violating CrySL rule for javax.crypto.Cipher (on Object #f2083ae2554bf44bd410bae875764f593e2da6d4d57f2f190f80d31c8ca4d3b7)
			Unexpected call to method doFinal on object of type javax.crypto.Cipher. Expect a call to one of the following methods init,updateAAD
			at statement: $r1 = virtualinvoke $r5.<javax.crypto.Cipher: byte[] doFinal(byte[])>($r1)

		TypestateError violating CrySL rule for javax.crypto.Cipher (on Object #dd74d769b556daddc5bb1a7546f230fd7a4bf6af660a55fdec0380a751a48a6d)
			Unexpected call to method doFinal on object of type javax.crypto.Cipher. Expect a call to one of the following methods init,updateAAD
			at statement: $r1 = virtualinvoke $r5.<javax.crypto.Cipher: byte[] doFinal(byte[])>($r1)

		RequiredPredicateError violating CrySL rule for javax.crypto.Cipher
			Second parameter was not properly generated as generatedKey
			at statement: virtualinvoke $r5.<javax.crypto.Cipher: void init(int,java.security.Key)>(varReplacer14793, $r2)

		IncompleteOperationError violating CrySL rule for javax.crypto.Mac (on Object #63d9ba76af7a7f17b03e692defc9699261e835086b90c858f1727ec532a2dae0)
			Operation on object of type javax.crypto.Mac object not completed. Expected call to init
			at statement: $r1 = virtualinvoke $r5.<javax.crypto.Cipher: byte[] doFinal(byte[])>($r1)

		IncompleteOperationError violating CrySL rule for javax.crypto.Mac (on Object #97823af27b9844efca49e71d01355cae90717942371f2220363f137d107b38ea)
			Operation on object of type javax.crypto.Mac object not completed. Expected call to init
			at statement: $r1 = virtualinvoke $r5.<javax.crypto.Cipher: byte[] doFinal(byte[])>($r1)


Findings in Java Class: p2.m$a

	 in Method: java.lang.Object a(java.lang.String,java.security.Provider)
		ConstraintError violating CrySL rule for javax.crypto.Cipher (on Object #f2083ae2554bf44bd410bae875764f593e2da6d4d57f2f190f80d31c8ca4d3b7)
			First parameter (with value "AES/ECB/NoPadding") should be any of AES/{CBC, GCM, PCBC, CTR, CTS, CFB, OFB}
			at statement: $r3 = staticinvoke <javax.crypto.Cipher: javax.crypto.Cipher getInstance(java.lang.String)>($r2)

		ConstraintError violating CrySL rule for javax.crypto.Cipher (on Object #dd74d769b556daddc5bb1a7546f230fd7a4bf6af660a55fdec0380a751a48a6d)
			First parameter (with value "AES/ECB/NoPadding") should be any of AES/{CBC, GCM, PCBC, CTR, CTS, CFB, OFB}
			at statement: $r3 = staticinvoke <javax.crypto.Cipher: javax.crypto.Cipher getInstance(java.lang.String,java.security.Provider)>($r2, $r1)


Findings in Java Class: p2.c

	 in Method: byte[] a(byte[],byte[])
		IncompleteOperationError violating CrySL rule for javax.crypto.spec.SecretKeySpec (on Object #1601ee3b22f892ac854d6e777fab43f7e2ef6b3332e40adcc80e21e7249a9fd1)
			Operation on object of type javax.crypto.spec.SecretKeySpec object not completed. Expected call to init
			at statement: virtualinvoke $r8.<javax.crypto.Cipher: void init(int,java.security.Key,java.security.spec.AlgorithmParameterSpec)>(varReplacer8247, $r9, $r5)


	 in Method: java.security.spec.AlgorithmParameterSpec c(byte[],int,int)
		RequiredPredicateError violating CrySL rule for javax.crypto.spec.GCMParameterSpec
			Second parameter was not properly generated as randomized
			at statement: specialinvoke $r7.<javax.crypto.spec.GCMParameterSpec: void <init>(int,byte[],int,int)>(varReplacer8102, $r0, $i0, $i1)

		RequiredPredicateError violating CrySL rule for javax.crypto.spec.IvParameterSpec
			First parameter was not properly generated as randomized
			at statement: specialinvoke $r6.<javax.crypto.spec.IvParameterSpec: void <init>(byte[],int,int)>($r0, $i0, $i1)


	 in Method: void <init>(byte[])
		RequiredPredicateError violating CrySL rule for javax.crypto.spec.SecretKeySpec
			First parameter was not properly generated as preparedKeyMaterial
			at statement: specialinvoke $r2.<javax.crypto.spec.SecretKeySpec: void <init>(byte[],java.lang.String)>($r1, varReplacer14791)


Findings in Java Class: i2.a

	 in Method: byte[] a(byte[],byte[])
		IncompleteOperationError violating CrySL rule for javax.crypto.spec.SecretKeySpec (on Object #df810966f0602324b70e768dbf23e10a2c7d49634b7bb30687bcb82bb4f00e4a)
			Operation on object of type javax.crypto.spec.SecretKeySpec object not completed. Expected call to init
			at statement: virtualinvoke $r8.<javax.crypto.Cipher: void init(int,java.security.Key,java.security.spec.AlgorithmParameterSpec)>(varReplacer8271, $r9, $r5)


	 in Method: java.security.spec.AlgorithmParameterSpec c(byte[],int,int)
		RequiredPredicateError violating CrySL rule for javax.crypto.spec.IvParameterSpec
			First parameter was not properly generated as randomized
			at statement: specialinvoke $r3.<javax.crypto.spec.IvParameterSpec: void <init>(byte[],int,int)>($r1, $i1, $i0)

		RequiredPredicateError violating CrySL rule for javax.crypto.spec.GCMParameterSpec
			Second parameter was not properly generated as randomized
			at statement: specialinvoke $r2.<javax.crypto.spec.GCMParameterSpec: void <init>(int,byte[],int,int)>(varReplacer8107, $r1, $i1, $i0)


	 in Method: void <init>(byte[])
		RequiredPredicateError violating CrySL rule for javax.crypto.spec.SecretKeySpec
			First parameter was not properly generated as preparedKeyMaterial
			at statement: specialinvoke $r2.<javax.crypto.spec.SecretKeySpec: void <init>(byte[],java.lang.String)>($r1, varReplacer14795)


Findings in Java Class: p2.a

	 in Method: void c(byte[],int,int,byte[],int,byte[],boolean)
		IncompleteOperationError violating CrySL rule for javax.crypto.spec.SecretKeySpec (on Object #c6442cf31235f0e30dc52ca86d73855637e834a18df13ed49266f17eebd7c8cd)
			Operation on object of type javax.crypto.spec.SecretKeySpec object not completed. Expected call to init
			at statement: virtualinvoke $r6.<javax.crypto.Cipher: void init(int,java.security.Key,java.security.spec.AlgorithmParameterSpec)>($b4, $r9, $r8)

		RequiredPredicateError violating CrySL rule for javax.crypto.spec.IvParameterSpec
			First parameter was not properly generated as randomized
			at statement: specialinvoke $r8.<javax.crypto.spec.IvParameterSpec: void <init>(byte[])>($r7)


	 in Method: void <init>(byte[],int)
		RequiredPredicateError violating CrySL rule for javax.crypto.spec.SecretKeySpec
			First parameter was not properly generated as preparedKeyMaterial
			at statement: specialinvoke $r2.<javax.crypto.spec.SecretKeySpec: void <init>(byte[],java.lang.String)>($r1, varReplacer14796)


Findings in Java Class: k2.b

	 in Method: byte[] c(byte[],byte[])
		RequiredPredicateError violating CrySL rule for javax.crypto.spec.GCMParameterSpec
			Second parameter was not properly generated as randomized
			at statement: specialinvoke $r4.<javax.crypto.spec.GCMParameterSpec: void <init>(int,byte[],int,int)>(varReplacer10947, $r2, varReplacer10948, varReplacer10949)

		RequiredPredicateError violating CrySL rule for javax.crypto.Cipher
			Second parameter was not properly generated as generatedKey
			at statement: virtualinvoke $r5.<javax.crypto.Cipher: void init(int,java.security.Key,java.security.spec.AlgorithmParameterSpec)>(varReplacer10946, $r1, $r4)

		RequiredPredicateError violating CrySL rule for javax.crypto.Cipher
			Third parameter was not properly generated as preparedGCM
			at statement: virtualinvoke $r5.<javax.crypto.Cipher: void init(int,java.security.Key,java.security.spec.AlgorithmParameterSpec)>(varReplacer10946, $r1, $r4)


	 in Method: byte[] d(byte[],byte[])
		RequiredPredicateError violating CrySL rule for javax.crypto.Cipher
			Second parameter was not properly generated as generatedKey
			at statement: virtualinvoke $r4.<javax.crypto.Cipher: void init(int,java.security.Key)>(varReplacer11086, $r5)


======================= CryptoAnalysis Summary ==========================
	Number of CrySL rules: 49
	Number of Objects Analyzed: 45

	CryptoAnalysis found the following violations. For details see description above.
	ConstraintError: 10
	RequiredPredicateError: 22
	IncompleteOperationError: 129
	TypestateError: 10
=====================================================================
