0    [main] WARN  pes.access.impl.DeclaredTypeFactory  - --- xtext.common.types ---------------------------------------------------
0    [main] WARN  pes.access.impl.DeclaredTypeFactory  - ASM library is too old. Falling back to java.lang.reflect API.
0    [main] WARN  pes.access.impl.DeclaredTypeFactory  - Please note that no information about compile time constants is available.
0    [main] WARN  pes.access.impl.DeclaredTypeFactory  - It's recommended to use org.objectweb.asm 9.1.0 or better (Maven group id: org.ow2.asm).
0    [main] WARN  pes.access.impl.DeclaredTypeFactory  - --------------------------------------------------------------------------
Ruleset: 
	java.security.cert.TrustAnchor
	javax.crypto.spec.GCMParameterSpec
	javax.xml.crypto.dsig.spec.HMACParameterSpec
	java.security.KeyPair
	java.security.DigestOutputStream
	javax.net.ssl.KeyStoreBuilderParameters
	javax.crypto.spec.OAEPParameterSpec
	javax.net.ssl.SSLContext
	javax.crypto.spec.DHGenParameterSpec
	javax.crypto.CipherOutputStream
	java.security.Key
	javax.crypto.SecretKeyFactory
	java.security.cert.PKIXBuilderParameters
	java.security.KeyFactory
	javax.crypto.spec.PBEKeySpec
	java.security.spec.DSAGenParameterSpec
	java.security.KeyPairGenerator
	javax.crypto.CipherInputStream
	javax.net.ssl.CertPathTrustManagerParameters
	java.security.cert.CertificateFactory
	java.security.SecureRandom
	java.security.spec.MGF1ParameterSpec
	javax.net.ssl.SSLEngine
	javax.crypto.spec.DHParameterSpec
	java.security.spec.DSAParameterSpec
	java.security.spec.ECParameterSpec
	java.security.spec.RSAKeyGenParameterSpec
	javax.crypto.spec.IvParameterSpec
	javax.crypto.Cipher
	javax.crypto.spec.PBEParameterSpec
	java.security.AlgorithmParameterGenerator
	java.security.spec.X509EncodedKeySpec
	javax.net.ssl.TrustManagerFactory
	java.security.DigestInputStream
	void
	javax.net.ssl.KeyManagerFactory
	java.security.cert.PKIXParameters
	java.net.PasswordAuthentication
	java.security.AlgorithmParameters
	javax.crypto.KeyAgreement
	javax.crypto.spec.SecretKeySpec
	javax.net.ssl.SSLParameters
	java.security.MessageDigest
	javax.crypto.SecretKey
	javax.crypto.KeyGenerator
	java.security.KeyStore
	javax.crypto.Mac
	java.security.spec.ECGenParameterSpec
	java.security.Signature

Analyzed Objects: 
	Object:
		Variable: $r8
		Type: java.security.MessageDigest
		Statement: $r8 = staticinvoke <java.security.MessageDigest: java.security.MessageDigest getInstance(java.lang.String)>(varReplacer9855)
		Method: <org.tmatesoft.svn.core.internal.io.fs.FSInputStream: void <init>(org.tmatesoft.svn.core.internal.delta.SVNDeltaCombiner,org.tmatesoft.svn.core.internal.io.fs.FSRepresentation,org.tmatesoft.svn.core.internal.io.fs.FSFS)>
		SHA-256: a91e5fdff55d98bc1f0a89074eadbde957055a08131a85987a757865a5a39b0d
		Secure: false
	Object:
		Variable: $r5
		Type: java.security.MessageDigest
		Statement: $r5 = staticinvoke <java.security.MessageDigest: java.security.MessageDigest getInstance(java.lang.String)>(varReplacer12529)
		Method: <org.tmatesoft.svn.core.internal.io.fs.FSFS: java.lang.String getDigestFromRepositoryPath(java.lang.String)>
		SHA-256: a7e3d814c3f53dec472f3604dc484989d8e5321ebfe608f9e58e745af34e32f
		Secure: false
	Object:
		Variable: $r18
		Type: java.security.MessageDigest
		Statement: $r18 = staticinvoke <java.security.MessageDigest: java.security.MessageDigest getInstance(java.lang.String)>(varReplacer15026)
		Method: <org.tmatesoft.svn.core.internal.io.fs.FSTransactionRoot: org.tmatesoft.svn.core.internal.io.fs.FSID writeFinalRevision(org.tmatesoft.svn.core.internal.io.fs.FSID,org.tmatesoft.svn.core.internal.io.fs.CountingOutputStream,long,org.tmatesoft.svn.core.internal.io.fs.FSID,java.lang.String,java.lang.String)>
		SHA-256: c16f6260315741451ba17f3a479116f1fcc293aaaa0f9aa295c0586bc5d2ad87
		Secure: false
	Object:
		Variable: $r4
		Type: java.security.MessageDigest
		Statement: $r4 = staticinvoke <java.security.MessageDigest: java.security.MessageDigest getInstance(java.lang.String)>(varReplacer11403)
		Method: <org.tmatesoft.svn.core.io.diff.SVNDeltaProcessor: void applyTextDelta(java.io.InputStream,java.io.OutputStream,boolean)>
		SHA-256: 4029e73d8b9b069f65565ce13a0e271a934b7ef0534feb8c64ede61dd549a5e3
		Secure: false
	Object:
		Variable: $r3
		Type: byte[]
		Statement: $r3 = virtualinvoke $r1.<java.security.MessageDigest: byte[] digest(byte[])>($r3)
		Method: <org.tmatesoft.svn.core.internal.io.dav.http.HTTPDigestAuthentication: java.lang.String createCnonce()>
		SHA-256: ab7827e3a62b89e04541aef8dc21b02ea738c6664a2ae32637b9d6ab1696809b
		Secure: false
	Object:
		Variable: $r3
		Type: java.security.MessageDigest
		Statement: $r3 = staticinvoke <java.security.MessageDigest: java.security.MessageDigest getInstance(java.lang.String)>(varReplacer2252)
		Method: <org.tmatesoft.svn.core.internal.util.SVNUUIDGenerator: void getRandomInfo(byte[])>
		SHA-256: 514709868cae8b3c767a44c41ab05d33ae394a7dd7308c86cb38865dd8a42e9
		Secure: false
	Object:
		Variable: varReplacer17798
		Type: java.lang.String
		Statement: specialinvoke $r11.<javax.crypto.spec.SecretKeySpec: void <init>(byte[],java.lang.String)>($r1, varReplacer17798)
		Method: <org.tmatesoft.svn.core.internal.io.dav.http.HTTPNTLMAuthentication: javax.crypto.Cipher getCipher(byte[])>
		SHA-256: df4dcb6eaf9c5635f05fe73ec8f5deb5ec20d26011e7a374b8ec32b67712df88
		Secure: false
	Object:
		Variable: $r2
		Type: java.security.MessageDigest
		Statement: $r2 = staticinvoke <java.security.MessageDigest: java.security.MessageDigest getInstance(java.lang.String)>($r3)
		Method: <org.tmatesoft.svn.core.internal.wc.admin.SVNChecksumOutputStream: void <init>(java.io.OutputStream,java.lang.String,boolean)>
		SHA-256: 9b07c0ee0a038c86805cc997af08ffb4d7a7644789cf030d032025f36b05bb53
		Secure: false
	Object:
		Variable: $r7
		Type: java.security.MessageDigest
		Statement: $r7 = staticinvoke <java.security.MessageDigest: java.security.MessageDigest getInstance(java.lang.String)>(varReplacer13050)
		Method: <org.tmatesoft.svn.core.internal.io.fs.FSOutputStream: void <init>(org.tmatesoft.svn.core.internal.io.fs.FSRevisionNode,org.tmatesoft.svn.core.internal.io.fs.CountingOutputStream,java.io.File,java.io.InputStream,long,long,long,org.tmatesoft.svn.core.internal.io.fs.FSTransactionRoot,boolean,org.tmatesoft.svn.core.internal.io.fs.FSWriteLock)>
		SHA-256: 65822512e2fe99cac3e9d55e9b94c8ba612ffe386725645ec248ad8d206e7ac6
		Secure: false
	Object:
		Variable: $r1
		Type: byte[]
		Statement: $r1 = virtualinvoke $r7.<java.security.MessageDigest: byte[] digest()>()
		Method: <org.tmatesoft.svn.core.internal.io.svn.CramMD5: byte[] buildChallengeResponse(byte[])>
		SHA-256: cef742e40ae39047f8f753e537b7d7551ed5501f5756795f270e2beed30fe733
		Secure: false
	Object:
		Variable: $r3
		Type: java.security.MessageDigest
		Statement: $r3 = staticinvoke <java.security.MessageDigest: java.security.MessageDigest getInstance(java.lang.String)>($r2)
		Method: <org.tmatesoft.svn.core.internal.wc.admin.SVNChecksumInputStream: void <init>(java.io.InputStream,java.lang.String)>
		SHA-256: c2f1a46808f4b62bccf07172b81c0b1bb1893e9f5fdaca253b910e900315c8e9
		Secure: false
	Object:
		Variable: $r1
		Type: java.security.SecureRandom
		Statement: specialinvoke $r1.<java.security.SecureRandom: void <init>()>()
		Method: <com.trilead.ssh2.Connection: java.security.SecureRandom getOrCreateSecureRND()>
		SHA-256: a3bd533d934aba599d3678a1b8c115af963b773042e1d3657aa52d68270538da
		Secure: true
	Object:
		Variable: $r2
		Type: byte[]
		Statement: $r2 = virtualinvoke $r0.<java.security.MessageDigest: byte[] digest()>()
		Method: <org.tmatesoft.svn.core.internal.wc.SVNFileUtil: java.lang.String toHexDigest(java.security.MessageDigest)>
		SHA-256: 6da7eb9993497fe7b058e6465f6dd9d4d64ccee6b869bb2e651ef0df08326a1
		Secure: false
	Object:
		Variable: $r7
		Type: java.security.MessageDigest
		Statement: $r7 = staticinvoke <java.security.MessageDigest: java.security.MessageDigest getInstance(java.lang.String)>(varReplacer10040)
		Method: <org.tmatesoft.svn.core.internal.io.svn.CramMD5: byte[] buildChallengeResponse(byte[])>
		SHA-256: c39b077331bc5d2ddf7dd3b85d14b42419966b0a514af32ddb4b699dffb226a7
		Secure: false
	Object:
		Variable: r0
		Type: org.tmatesoft.svn.core.internal.wc.admin.SVNChecksumInputStream
		Statement: specialinvoke r0.<java.security.DigestInputStream: void <init>(java.io.InputStream,java.security.MessageDigest)>($r1, varReplacer11433)
		Method: <org.tmatesoft.svn.core.internal.wc.admin.SVNChecksumInputStream: void <init>(java.io.InputStream,java.lang.String)>
		SHA-256: 3b81ff90eb9bedaa3e97a8caf6a35e86de32c51f0d21fe7fd243312ae2659628
		Secure: false
	Object:
		Variable: $r12
		Type: byte[]
		Statement: $r12 = virtualinvoke $r11.<java.security.MessageDigest: byte[] digest(byte[])>($r12)
		Method: <org.tmatesoft.svn.core.internal.io.dav.http.HTTPDigestAuthentication: java.lang.String createDigest(java.lang.String,java.lang.String,java.lang.String)>
		SHA-256: dd7e4631fbd941b0960805e33f632b3c7f4fa805b4c6395e24f16d0038d1094c
		Secure: false
	Object:
		Variable: $r10
		Type: java.security.MessageDigest
		Statement: $r10 = staticinvoke <java.security.MessageDigest: java.security.MessageDigest getInstance(java.lang.String)>(varReplacer9226)
		Method: <org.tmatesoft.svn.core.internal.wc.admin.SVNXMLAdminArea: boolean hasTextModifications(java.lang.String,boolean)>
		SHA-256: f8c299fc671abb708ce110655ca61c6ea4b3a3b487720a04ba431c946276b00b
		Secure: false
	Object:
		Variable: $r12
		Type: byte[]
		Statement: $r12 = virtualinvoke $r11.<java.security.MessageDigest: byte[] digest(byte[])>($r12)
		Method: <org.tmatesoft.svn.core.internal.io.dav.http.HTTPDigestAuthentication: java.lang.String createDigest(java.lang.String,java.lang.String,java.lang.String)>
		SHA-256: dd7e4631fbd941b0960805e33f632b3c7f4fa805b4c6395e24f16d0038d1094c
		Secure: false
	Object:
		Variable: $r12
		Type: byte[]
		Statement: $r12 = virtualinvoke $r11.<java.security.MessageDigest: byte[] digest(byte[])>($r12)
		Method: <org.tmatesoft.svn.core.internal.io.dav.http.HTTPDigestAuthentication: java.lang.String createDigest(java.lang.String,java.lang.String,java.lang.String)>
		SHA-256: dd7e4631fbd941b0960805e33f632b3c7f4fa805b4c6395e24f16d0038d1094c
		Secure: false
	Object:
		Variable: $r1
		Type: byte[]
		Statement: $r1 = virtualinvoke $r7.<java.security.MessageDigest: byte[] digest()>()
		Method: <org.tmatesoft.svn.core.internal.io.svn.CramMD5: byte[] buildChallengeResponse(byte[])>
		SHA-256: cef742e40ae39047f8f753e537b7d7551ed5501f5756795f270e2beed30fe733
		Secure: false
	Object:
		Variable: $r2
		Type: javax.crypto.Cipher
		Statement: $r2 = staticinvoke <javax.crypto.Cipher: javax.crypto.Cipher getInstance(java.lang.String)>(varReplacer17797)
		Method: <org.tmatesoft.svn.core.internal.io.dav.http.HTTPNTLMAuthentication: javax.crypto.Cipher getCipher(byte[])>
		SHA-256: 565d3fb92aedc7912352186bf8b0d8acd9cacb01d3c4e134e269117f983c5ec0
		Secure: false
	Object:
		Variable: $r2
		Type: java.security.MessageDigest
		Statement: $r2 = staticinvoke <java.security.MessageDigest: java.security.MessageDigest getInstance(java.lang.String)>(varReplacer8834)
		Method: <org.tmatesoft.svn.core.internal.wc.SVNFileUtil: java.lang.String computeChecksum(java.io.File)>
		SHA-256: 7e77e371a893c8fb8a0f27cfefe43f0ec461b99e36137144983a5192da417a5d
		Secure: false
	Object:
		Variable: $r1
		Type: java.security.MessageDigest
		Statement: $r1 = staticinvoke <java.security.MessageDigest: java.security.MessageDigest getInstance(java.lang.String)>(varReplacer14403)
		Method: <org.tmatesoft.svn.core.internal.io.fs.FSFile: void resetDigest()>
		SHA-256: 777dca3ec2db7115b79a635864e556c9959f47ff31c57cefbcb13fc06f852baa
		Secure: false
	Object:
		Variable: $r3
		Type: javax.net.ssl.SSLContext
		Statement: $r3 = staticinvoke <javax.net.ssl.SSLContext: javax.net.ssl.SSLContext getInstance(java.lang.String)>(varReplacer13473)
		Method: <org.tmatesoft.svn.core.internal.util.SVNSocketFactory: javax.net.ssl.SSLContext createSSLContext(javax.net.ssl.KeyManager[],javax.net.ssl.TrustManager)>
		SHA-256: cd86a90b20953ebcce205eb0ffa6d02550b4aa703b827557965a3cfff8b3b20e
		Secure: false
	Object:
		Variable: $r12
		Type: byte[]
		Statement: $r12 = virtualinvoke $r11.<java.security.MessageDigest: byte[] digest(byte[])>($r12)
		Method: <org.tmatesoft.svn.core.internal.io.dav.http.HTTPDigestAuthentication: java.lang.String createDigest(java.lang.String,java.lang.String,java.lang.String)>
		SHA-256: dd7e4631fbd941b0960805e33f632b3c7f4fa805b4c6395e24f16d0038d1094c
		Secure: false
	Object:
		Variable: r7
		Type: java.security.MessageDigest
		Statement: r7 = staticinvoke <java.security.MessageDigest: java.security.MessageDigest getInstance(java.lang.String)>(varReplacer2505)
		Method: <org.tmatesoft.svn.core.io.diff.SVNDeltaGenerator: java.lang.String sendDelta(java.lang.String,java.io.InputStream,long,java.io.InputStream,org.tmatesoft.svn.core.io.ISVNDeltaConsumer,boolean)>
		SHA-256: 6ec8c6f8ed2148e63aa83fe22781f1c0bad78c5f8257db50a044d1cffb1d8281
		Secure: false
	Object:
		Variable: $r11
		Type: javax.crypto.spec.SecretKeySpec
		Statement: specialinvoke $r11.<javax.crypto.spec.SecretKeySpec: void <init>(byte[],java.lang.String)>($r1, varReplacer17798)
		Method: <org.tmatesoft.svn.core.internal.io.dav.http.HTTPNTLMAuthentication: javax.crypto.Cipher getCipher(byte[])>
		SHA-256: b26879d1648e3436d1297f0e1d569396be2be4e3bd05ab3fa4349ce3eb5513bf
		Secure: false
	Object:
		Variable: $r1
		Type: java.security.MessageDigest
		Statement: $r1 = staticinvoke <java.security.MessageDigest: java.security.MessageDigest getInstance(java.lang.String)>(varReplacer13562)
		Method: <org.tmatesoft.svn.core.internal.io.dav.http.HTTPDigestAuthentication: java.lang.String createCnonce()>
		SHA-256: 9f09afc67a054b8c027cc6c9eca68451e901a4ace45427850ed1ea0ddcbc031
		Secure: false
	Object:
		Variable: $r5
		Type: byte[]
		Statement: $r5 = virtualinvoke $r2.<java.security.MessageDigest: byte[] digest()>()
		Method: <org.tmatesoft.svn.core.internal.util.SVNUUIDGenerator: void getRandomInfo(byte[])>
		SHA-256: 7e55c282e8ed1708e9e6bfa206fe6bb3bb8cd969b22af3a652176cc79d981c45
		Secure: false
	Object:
		Variable: $r18
		Type: java.security.MessageDigest
		Statement: $r18 = staticinvoke <java.security.MessageDigest: java.security.MessageDigest getInstance(java.lang.String)>(varReplacer15032)
		Method: <org.tmatesoft.svn.core.internal.io.fs.FSTransactionRoot: org.tmatesoft.svn.core.internal.io.fs.FSID writeFinalRevision(org.tmatesoft.svn.core.internal.io.fs.FSID,org.tmatesoft.svn.core.internal.io.fs.CountingOutputStream,long,org.tmatesoft.svn.core.internal.io.fs.FSID,java.lang.String,java.lang.String)>
		SHA-256: ccb265a0a685f33ccbff7930dba0df3d977976fa3ca0f4e54512891e4e59d512
		Secure: false
	Object:
		Variable: $r11
		Type: java.security.MessageDigest
		Statement: $r11 = staticinvoke <java.security.MessageDigest: java.security.MessageDigest getInstance(java.lang.String)>(varReplacer15312)
		Method: <org.tmatesoft.svn.core.internal.io.dav.http.HTTPDigestAuthentication: java.lang.String createDigest(java.lang.String,java.lang.String,java.lang.String)>
		SHA-256: f12e9d37a2edf12596502e47bbc393f5b0dcbd6e9ed53a6734195d44ef072b05
		Secure: false
	Object:
		Variable: $r1
		Type: java.security.SecureRandom
		Statement: specialinvoke $r1.<java.security.SecureRandom: void <init>()>()
		Method: <org.tmatesoft.sqljet.core.internal.fs.SqlJetFileSystem: void <init>()>
		SHA-256: ab5f3b225a378a2af45c308656cce5ccab4d5154868caf685cf3609f4e3e07b9
		Secure: true
	Object:
		Variable: $r2
		Type: java.security.MessageDigest
		Statement: $r2 = staticinvoke <java.security.MessageDigest: java.security.MessageDigest getInstance(java.lang.String)>(varReplacer5755)
		Method: <org.tmatesoft.svn.core.internal.wc.SVNFileUtil: java.lang.String computeChecksum(java.lang.String)>
		SHA-256: 58f1e670fd17de7055c1143edb55c2a3b2f2d097c17f33688ccac86f3f4caabf
		Secure: false
	Object:
		Variable: $r7
		Type: java.security.MessageDigest
		Statement: $r7 = staticinvoke <java.security.MessageDigest: java.security.MessageDigest getInstance(java.lang.String)>(varReplacer13052)
		Method: <org.tmatesoft.svn.core.internal.io.fs.FSOutputStream: void <init>(org.tmatesoft.svn.core.internal.io.fs.FSRevisionNode,org.tmatesoft.svn.core.internal.io.fs.CountingOutputStream,java.io.File,java.io.InputStream,long,long,long,org.tmatesoft.svn.core.internal.io.fs.FSTransactionRoot,boolean,org.tmatesoft.svn.core.internal.io.fs.FSWriteLock)>
		SHA-256: 137f0518e4ac18a169357fe221afd97076ea2187a625571ada03dffe4f425f06
		Secure: false
	Object:
		Variable: $r10
		Type: java.security.MessageDigest
		Statement: $r10 = staticinvoke <java.security.MessageDigest: java.security.MessageDigest getInstance(java.lang.String)>(varReplacer6485)
		Method: <org.tmatesoft.svn.core.internal.io.svn.SVNRepositoryImpl: long getFile(java.lang.String,long,org.tmatesoft.svn.core.SVNProperties,java.io.OutputStream)>
		SHA-256: e64a54251fd0b41d1b7c39132301a64f2ca15779779902521f810c4a760f27a0
		Secure: false

Findings in Java Class: org.tmatesoft.svn.core.internal.wc.admin.SVNChecksumInputStream

	 in Method: void <init>(java.io.InputStream,java.lang.String)
		ConstraintError violating CrySL rule for java.security.MessageDigest (on Object #c2f1a46808f4b62bccf07172b81c0b1bb1893e9f5fdaca253b910e900315c8e9)
			First parameter (with value "MD5") should be any of {SHA-256, SHA-384, SHA-512}
			at statement: $r3 = staticinvoke <java.security.MessageDigest: java.security.MessageDigest getInstance(java.lang.String)>($r2)

		ForbiddenMethodError violating CrySL rule for java.security.DigestInputStream
			Detected call to forbidden method void on(boolean) of class java.security.DigestInputStream
			at statement: virtualinvoke r0.<org.tmatesoft.svn.core.internal.wc.admin.SVNChecksumInputStream: void on(boolean)>($z0)

		ConstraintError violating CrySL rule for java.security.MessageDigest (on Object #c2f1a46808f4b62bccf07172b81c0b1bb1893e9f5fdaca253b910e900315c8e9)
			First parameter (with value "SHA1") should be any of {SHA-256, SHA-384, SHA-512}
			at statement: $r3 = staticinvoke <java.security.MessageDigest: java.security.MessageDigest getInstance(java.lang.String)>($r2)


Findings in Java Class: org.tmatesoft.svn.core.internal.util.SVNUUIDGenerator

	 in Method: void getRandomInfo(byte[])
		ConstraintError violating CrySL rule for java.security.MessageDigest (on Object #514709868cae8b3c767a44c41ab05d33ae394a7dd7308c86cb38865dd8a42e9)
			First parameter (with value "MD5") should be any of {SHA-256, SHA-384, SHA-512}
			at statement: $r3 = staticinvoke <java.security.MessageDigest: java.security.MessageDigest getInstance(java.lang.String)>(varReplacer2252)


Findings in Java Class: org.tmatesoft.svn.core.io.diff.SVNDeltaGenerator

	 in Method: java.lang.String sendDelta(java.lang.String,java.io.InputStream,long,java.io.InputStream,org.tmatesoft.svn.core.io.ISVNDeltaConsumer,boolean)
		IncompleteOperationError violating CrySL rule for java.security.MessageDigest (on Object #6ec8c6f8ed2148e63aa83fe22781f1c0bad78c5f8257db50a044d1cffb1d8281)
			Operation on object of type java.security.MessageDigest object not completed. Expected call to digest, update
			at statement: $r1 = staticinvoke <org.tmatesoft.svn.core.internal.wc.SVNFileUtil: java.lang.String toHexDigest(java.security.MessageDigest)>(r7)

		ConstraintError violating CrySL rule for java.security.MessageDigest (on Object #6ec8c6f8ed2148e63aa83fe22781f1c0bad78c5f8257db50a044d1cffb1d8281)
			First parameter (with value "MD5") should be any of {SHA-256, SHA-384, SHA-512}
			at statement: r7 = staticinvoke <java.security.MessageDigest: java.security.MessageDigest getInstance(java.lang.String)>(varReplacer2505)


Findings in Java Class: org.tmatesoft.svn.core.internal.wc.SVNFileUtil

	 in Method: java.lang.String toHexDigest(java.security.MessageDigest)
		TypestateError violating CrySL rule for java.security.MessageDigest (on Object #6ec8c6f8ed2148e63aa83fe22781f1c0bad78c5f8257db50a044d1cffb1d8281)
			Unexpected call to method <java.security.MessageDigest: byte[] digest()> on object of type java.security.MessageDigest. Expect a call to one of the following methods java.security.MessageDigest: void update(byte[],int,int),java.security.MessageDigest: void update(java.nio.ByteBuffer),java.security.MessageDigest: byte[] digest(byte[]),java.security.MessageDigest: void update(byte),java.security.MessageDigest: void update(byte[])
			at statement: $r2 = virtualinvoke $r0.<java.security.MessageDigest: byte[] digest()>()

		TypestateError violating CrySL rule for java.security.MessageDigest (on Object #e64a54251fd0b41d1b7c39132301a64f2ca15779779902521f810c4a760f27a0)
			Unexpected call to method <java.security.MessageDigest: byte[] digest()> on object of type java.security.MessageDigest. Expect a call to one of the following methods java.security.MessageDigest: void update(byte[],int,int),java.security.MessageDigest: void update(java.nio.ByteBuffer),java.security.MessageDigest: byte[] digest(byte[]),java.security.MessageDigest: void update(byte),java.security.MessageDigest: void update(byte[])
			at statement: $r2 = virtualinvoke $r0.<java.security.MessageDigest: byte[] digest()>()

		TypestateError violating CrySL rule for java.security.MessageDigest (on Object #7e77e371a893c8fb8a0f27cfefe43f0ec461b99e36137144983a5192da417a5d)
			Unexpected call to method <java.security.MessageDigest: byte[] digest()> on object of type java.security.MessageDigest. Expect a call to one of the following methods java.security.MessageDigest: void update(byte[],int,int),java.security.MessageDigest: void update(java.nio.ByteBuffer),java.security.MessageDigest: byte[] digest(byte[]),java.security.MessageDigest: void update(byte),java.security.MessageDigest: void update(byte[])
			at statement: $r2 = virtualinvoke $r0.<java.security.MessageDigest: byte[] digest()>()

		TypestateError violating CrySL rule for java.security.MessageDigest (on Object #f8c299fc671abb708ce110655ca61c6ea4b3a3b487720a04ba431c946276b00b)
			Unexpected call to method <java.security.MessageDigest: byte[] digest()> on object of type java.security.MessageDigest. Expect a call to one of the following methods java.security.MessageDigest: void update(byte[],int,int),java.security.MessageDigest: void update(java.nio.ByteBuffer),java.security.MessageDigest: byte[] digest(byte[]),java.security.MessageDigest: void update(byte),java.security.MessageDigest: void update(byte[])
			at statement: $r2 = virtualinvoke $r0.<java.security.MessageDigest: byte[] digest()>()

		TypestateError violating CrySL rule for java.security.MessageDigest (on Object #ccb265a0a685f33ccbff7930dba0df3d977976fa3ca0f4e54512891e4e59d512)
			Unexpected call to method <java.security.MessageDigest: byte[] digest()> on object of type java.security.MessageDigest. Expect a call to one of the following methods java.security.MessageDigest: void update(byte[],int,int),java.security.MessageDigest: void update(java.nio.ByteBuffer),java.security.MessageDigest: byte[] digest(byte[]),java.security.MessageDigest: void update(byte),java.security.MessageDigest: void update(byte[])
			at statement: $r2 = virtualinvoke $r0.<java.security.MessageDigest: byte[] digest()>()

		TypestateError violating CrySL rule for java.security.MessageDigest (on Object #c16f6260315741451ba17f3a479116f1fcc293aaaa0f9aa295c0586bc5d2ad87)
			Unexpected call to method <java.security.MessageDigest: byte[] digest()> on object of type java.security.MessageDigest. Expect a call to one of the following methods java.security.MessageDigest: void update(byte[],int,int),java.security.MessageDigest: void update(java.nio.ByteBuffer),java.security.MessageDigest: byte[] digest(byte[]),java.security.MessageDigest: void update(byte),java.security.MessageDigest: void update(byte[])
			at statement: $r2 = virtualinvoke $r0.<java.security.MessageDigest: byte[] digest()>()


	 in Method: java.lang.String computeChecksum(java.lang.String)
		IncompleteOperationError violating CrySL rule for java.security.MessageDigest (on Object #58f1e670fd17de7055c1143edb55c2a3b2f2d097c17f33688ccac86f3f4caabf)
			Operation on object of type java.security.MessageDigest object not completed. Expected call to digest, update
			at statement: $r2 = staticinvoke <java.security.MessageDigest: java.security.MessageDigest getInstance(java.lang.String)>(varReplacer5755)

		IncompleteOperationError violating CrySL rule for java.security.MessageDigest (on Object #58f1e670fd17de7055c1143edb55c2a3b2f2d097c17f33688ccac86f3f4caabf)
			Operation on object of type java.security.MessageDigest object not completed. Expected call to digest
			at statement: $r0 = staticinvoke <org.tmatesoft.svn.core.internal.wc.SVNFileUtil: java.lang.String toHexDigest(java.security.MessageDigest)>($r2)

		ConstraintError violating CrySL rule for java.security.MessageDigest (on Object #58f1e670fd17de7055c1143edb55c2a3b2f2d097c17f33688ccac86f3f4caabf)
			First parameter (with value "MD5") should be any of {SHA-256, SHA-384, SHA-512}
			at statement: $r2 = staticinvoke <java.security.MessageDigest: java.security.MessageDigest getInstance(java.lang.String)>(varReplacer5755)


	 in Method: java.lang.String computeChecksum(java.io.File)
		IncompleteOperationError violating CrySL rule for java.security.MessageDigest (on Object #7e77e371a893c8fb8a0f27cfefe43f0ec461b99e36137144983a5192da417a5d)
			Operation on object of type java.security.MessageDigest object not completed. Expected call to digest, update
			at statement: $r5 = staticinvoke <org.tmatesoft.svn.core.internal.wc.SVNFileUtil: java.lang.String toHexDigest(java.security.MessageDigest)>($r2)

		ConstraintError violating CrySL rule for java.security.MessageDigest (on Object #7e77e371a893c8fb8a0f27cfefe43f0ec461b99e36137144983a5192da417a5d)
			First parameter (with value "MD5") should be any of {SHA-256, SHA-384, SHA-512}
			at statement: $r2 = staticinvoke <java.security.MessageDigest: java.security.MessageDigest getInstance(java.lang.String)>(varReplacer8834)


Findings in Java Class: org.tmatesoft.svn.core.internal.io.svn.SVNRepositoryImpl

	 in Method: long getFile(java.lang.String,long,org.tmatesoft.svn.core.SVNProperties,java.io.OutputStream)
		IncompleteOperationError violating CrySL rule for java.security.MessageDigest (on Object #e64a54251fd0b41d1b7c39132301a64f2ca15779779902521f810c4a760f27a0)
			Operation on object of type java.security.MessageDigest object not completed. Expected call to digest, update
			at statement: $r11 = staticinvoke <org.tmatesoft.svn.core.internal.wc.SVNFileUtil: java.lang.String toHexDigest(java.security.MessageDigest)>(r9)

		ConstraintError violating CrySL rule for java.security.MessageDigest (on Object #e64a54251fd0b41d1b7c39132301a64f2ca15779779902521f810c4a760f27a0)
			First parameter (with value "MD5") should be any of {SHA-256, SHA-384, SHA-512}
			at statement: $r10 = staticinvoke <java.security.MessageDigest: java.security.MessageDigest getInstance(java.lang.String)>(varReplacer6485)

		IncompleteOperationError violating CrySL rule for java.security.MessageDigest (on Object #e64a54251fd0b41d1b7c39132301a64f2ca15779779902521f810c4a760f27a0)
			Operation on object of type java.security.MessageDigest object not completed. Expected call to digest, update
			at statement: r9 = $r10

		IncompleteOperationError violating CrySL rule for java.security.MessageDigest (on Object #e64a54251fd0b41d1b7c39132301a64f2ca15779779902521f810c4a760f27a0)
			Operation on object of type java.security.MessageDigest object not completed. Expected call to java.security.MessageDigest: void update(byte[],int,int), digest, java.security.MessageDigest: void update(java.nio.ByteBuffer), java.security.MessageDigest: void update(byte), java.security.MessageDigest: void update(byte[])
			at statement: virtualinvoke r9.<java.security.MessageDigest: void update(byte[])>($r16)


Findings in Java Class: org.tmatesoft.svn.core.internal.wc.admin.SVNXMLAdminArea

	 in Method: boolean hasTextModifications(java.lang.String,boolean)
		IncompleteOperationError violating CrySL rule for java.security.MessageDigest (on Object #f8c299fc671abb708ce110655ca61c6ea4b3a3b487720a04ba431c946276b00b)
			Operation on object of type java.security.MessageDigest object not completed. Expected call to digest, update
			at statement: $r1 = staticinvoke <org.tmatesoft.svn.core.internal.wc.SVNFileUtil: java.lang.String toHexDigest(java.security.MessageDigest)>($r10)

		IncompleteOperationError violating CrySL rule for java.security.MessageDigest (on Object #f8c299fc671abb708ce110655ca61c6ea4b3a3b487720a04ba431c946276b00b)
			Operation on object of type java.security.MessageDigest object not completed. Expected call to digest, update
			at statement: $z2 = staticinvoke <org.tmatesoft.svn.core.internal.wc.SVNFileUtil: boolean compareFiles(java.io.File,java.io.File,java.security.MessageDigest)>($r3, $r8, $r10)

		ConstraintError violating CrySL rule for java.security.MessageDigest (on Object #f8c299fc671abb708ce110655ca61c6ea4b3a3b487720a04ba431c946276b00b)
			First parameter (with value "MD5") should be any of {SHA-256, SHA-384, SHA-512}
			at statement: $r10 = staticinvoke <java.security.MessageDigest: java.security.MessageDigest getInstance(java.lang.String)>(varReplacer9226)


Findings in Java Class: org.tmatesoft.svn.core.internal.io.fs.FSInputStream

	 in Method: void <init>(org.tmatesoft.svn.core.internal.delta.SVNDeltaCombiner,org.tmatesoft.svn.core.internal.io.fs.FSRepresentation,org.tmatesoft.svn.core.internal.io.fs.FSFS)
		ConstraintError violating CrySL rule for java.security.MessageDigest (on Object #a91e5fdff55d98bc1f0a89074eadbde957055a08131a85987a757865a5a39b0d)
			First parameter (with value "MD5") should be any of {SHA-256, SHA-384, SHA-512}
			at statement: $r8 = staticinvoke <java.security.MessageDigest: java.security.MessageDigest getInstance(java.lang.String)>(varReplacer9855)


Findings in Java Class: org.tmatesoft.svn.core.internal.io.fs.FSOutputStream

	 in Method: java.io.OutputStream createStream(org.tmatesoft.svn.core.internal.io.fs.FSRevisionNode,org.tmatesoft.svn.core.internal.io.fs.FSTransactionRoot,java.io.OutputStream,boolean)
		IncompleteOperationError violating CrySL rule for java.security.MessageDigest (on Object #a91e5fdff55d98bc1f0a89074eadbde957055a08131a85987a757865a5a39b0d)
			Operation on object of type java.security.MessageDigest object not completed. Expected call to digest, update
			at statement: specialinvoke $r3.<org.tmatesoft.svn.core.internal.io.fs.FSOutputStream: void reset(org.tmatesoft.svn.core.internal.io.fs.FSRevisionNode,org.tmatesoft.svn.core.internal.io.fs.CountingOutputStream,java.io.File,java.io.InputStream,long,long,long,org.tmatesoft.svn.core.internal.io.fs.FSTransactionRoot,org.tmatesoft.svn.core.internal.io.fs.FSWriteLock)>($r0, r2, $r19, $r23, $l1, varReplacer11420, $l0, $r1, $r18)

		IncompleteOperationError violating CrySL rule for java.security.MessageDigest (on Object #a91e5fdff55d98bc1f0a89074eadbde957055a08131a85987a757865a5a39b0d)
			Operation on object of type java.security.MessageDigest object not completed. Expected call to digest, update
			at statement: specialinvoke $r3.<org.tmatesoft.svn.core.internal.io.fs.FSOutputStream: void reset(org.tmatesoft.svn.core.internal.io.fs.FSRevisionNode,org.tmatesoft.svn.core.internal.io.fs.CountingOutputStream,java.io.File,java.io.InputStream,long,long,long,org.tmatesoft.svn.core.internal.io.fs.FSTransactionRoot,org.tmatesoft.svn.core.internal.io.fs.FSWriteLock)>($r0, r2, $r19, $r23, $l1, varReplacer11420, $l0, $r1, $r18)


	 in Method: void <init>(org.tmatesoft.svn.core.internal.io.fs.FSRevisionNode,org.tmatesoft.svn.core.internal.io.fs.CountingOutputStream,java.io.File,java.io.InputStream,long,long,long,org.tmatesoft.svn.core.internal.io.fs.FSTransactionRoot,boolean,org.tmatesoft.svn.core.internal.io.fs.FSWriteLock)
		ConstraintError violating CrySL rule for java.security.MessageDigest (on Object #137f0518e4ac18a169357fe221afd97076ea2187a625571ada03dffe4f425f06)
			First parameter (with value "SHA1") should be any of {SHA-256, SHA-384, SHA-512}
			at statement: $r7 = staticinvoke <java.security.MessageDigest: java.security.MessageDigest getInstance(java.lang.String)>(varReplacer13052)

		ConstraintError violating CrySL rule for java.security.MessageDigest (on Object #65822512e2fe99cac3e9d55e9b94c8ba612ffe386725645ec248ad8d206e7ac6)
			First parameter (with value "MD5") should be any of {SHA-256, SHA-384, SHA-512}
			at statement: $r7 = staticinvoke <java.security.MessageDigest: java.security.MessageDigest getInstance(java.lang.String)>(varReplacer13050)


Findings in Java Class: org.tmatesoft.svn.core.internal.io.fs.FSCommitEditor

	 in Method: void applyTextDelta(java.lang.String,java.lang.String)
		IncompleteOperationError violating CrySL rule for java.security.MessageDigest (on Object #a91e5fdff55d98bc1f0a89074eadbde957055a08131a85987a757865a5a39b0d)
			Operation on object of type java.security.MessageDigest object not completed. Expected call to digest, update
			at statement: interfaceinvoke $r3.<org.tmatesoft.svn.core.io.ISVNDeltaConsumer: void applyTextDelta(java.lang.String,java.lang.String)>($r1, $r2)

		IncompleteOperationError violating CrySL rule for java.security.MessageDigest (on Object #65822512e2fe99cac3e9d55e9b94c8ba612ffe386725645ec248ad8d206e7ac6)
			Operation on object of type java.security.MessageDigest object not completed. Expected call to digest, update
			at statement: interfaceinvoke $r3.<org.tmatesoft.svn.core.io.ISVNDeltaConsumer: void applyTextDelta(java.lang.String,java.lang.String)>($r1, $r2)


Findings in Java Class: org.tmatesoft.svn.core.internal.io.svn.CramMD5

	 in Method: byte[] buildChallengeResponse(byte[])
		ConstraintError violating CrySL rule for java.security.MessageDigest (on Object #c39b077331bc5d2ddf7dd3b85d14b42419966b0a514af32ddb4b699dffb226a7)
			First parameter (with value "MD5") should be any of {SHA-256, SHA-384, SHA-512}
			at statement: $r7 = staticinvoke <java.security.MessageDigest: java.security.MessageDigest getInstance(java.lang.String)>(varReplacer10040)


Findings in Java Class: org.tmatesoft.svn.core.io.diff.SVNDeltaProcessor

	 in Method: void applyTextDelta(java.io.InputStream,java.io.OutputStream,boolean)
		ConstraintError violating CrySL rule for java.security.MessageDigest (on Object #4029e73d8b9b069f65565ce13a0e271a934b7ef0534feb8c64ede61dd549a5e3)
			First parameter (with value "MD5") should be any of {SHA-256, SHA-384, SHA-512}
			at statement: $r4 = staticinvoke <java.security.MessageDigest: java.security.MessageDigest getInstance(java.lang.String)>(varReplacer11403)

		IncompleteOperationError violating CrySL rule for java.security.MessageDigest (on Object #4029e73d8b9b069f65565ce13a0e271a934b7ef0534feb8c64ede61dd549a5e3)
			Operation on object of type java.security.MessageDigest object not completed. Expected call to digest, update
			at statement: $r5 = staticinvoke <org.tmatesoft.svn.core.io.diff.SVNDiffWindowApplyBaton: org.tmatesoft.svn.core.io.diff.SVNDiffWindowApplyBaton create(java.io.InputStream,java.io.OutputStream,java.security.MessageDigest)>($r2, $r1, r3)


Findings in Java Class: org.tmatesoft.svn.core.internal.wc.SVNUpdateEditor

	 in Method: void applyTextDelta(java.lang.String,java.lang.String)
		IncompleteOperationError violating CrySL rule for java.security.DigestInputStream (on Object #3b81ff90eb9bedaa3e97a8caf6a35e86de32c51f0d21fe7fd243312ae2659628)
			Operation on object of type org.tmatesoft.svn.core.internal.wc.admin.SVNChecksumInputStream object not completed. Expected call to read
			at statement: specialinvoke $r17.<org.tmatesoft.svn.core.internal.wc.admin.SVNChecksumInputStream: void <init>(java.io.InputStream,java.lang.String)>($r13, varReplacer8760)


	 in Method: org.tmatesoft.svn.core.internal.wc.SVNUpdateEditor$SVNFileInfo addFileWithHistory(org.tmatesoft.svn.core.internal.wc.SVNUpdateEditor$SVNDirectoryInfo,org.tmatesoft.svn.core.internal.wc.SVNUpdateEditor$SVNFileInfo,java.lang.String,long)
		IncompleteOperationError violating CrySL rule for java.security.MessageDigest (on Object #9b07c0ee0a038c86805cc997af08ffb4d7a7644789cf030d032025f36b05bb53)
			Operation on object of type java.security.MessageDigest object not completed. Expected call to digest, update
			at statement: specialinvoke $r28.<org.tmatesoft.svn.core.internal.wc.admin.SVNChecksumOutputStream: void <init>(java.io.OutputStream,java.lang.String,boolean)>($r19, varReplacer12977, varReplacer12978)

		IncompleteOperationError violating CrySL rule for java.security.MessageDigest (on Object #9b07c0ee0a038c86805cc997af08ffb4d7a7644789cf030d032025f36b05bb53)
			Operation on object of type java.security.MessageDigest object not completed. Expected call to digest, update
			at statement: specialinvoke $r28.<org.tmatesoft.svn.core.internal.wc.admin.SVNChecksumOutputStream: void <init>(java.io.OutputStream,java.lang.String,boolean)>($r19, varReplacer12974, varReplacer12975)


Findings in Java Class: org.tmatesoft.svn.core.internal.wc.SVNDumpEditor

	 in Method: java.lang.String computeSHA1Checksum(org.tmatesoft.svn.core.internal.io.fs.FSRoot,java.lang.String)
		IncompleteOperationError violating CrySL rule for java.security.DigestInputStream (on Object #3b81ff90eb9bedaa3e97a8caf6a35e86de32c51f0d21fe7fd243312ae2659628)
			Operation on object of type org.tmatesoft.svn.core.internal.wc.admin.SVNChecksumInputStream object not completed. Expected call to read
			at statement: $r2 = virtualinvoke r3.<org.tmatesoft.svn.core.internal.wc.admin.SVNChecksumInputStream: java.lang.String getDigest()>()

		IncompleteOperationError violating CrySL rule for java.security.DigestInputStream (on Object #3b81ff90eb9bedaa3e97a8caf6a35e86de32c51f0d21fe7fd243312ae2659628)
			Operation on object of type org.tmatesoft.svn.core.internal.wc.admin.SVNChecksumInputStream object not completed. Expected call to read
			at statement: staticinvoke <org.tmatesoft.svn.core.internal.wc.SVNFileUtil: void closeFile(java.io.InputStream)>(r3)


Findings in Java Class: org.tmatesoft.svn.core.internal.io.fs.FSFS

	 in Method: java.lang.String getDigestFromRepositoryPath(java.lang.String)
		IncompleteOperationError violating CrySL rule for java.security.MessageDigest (on Object #a7e3d814c3f53dec472f3604dc484989d8e5321ebfe608f9e58e745af34e32f)
			Operation on object of type java.security.MessageDigest object not completed. Expected call to digest
			at statement: $r3 = staticinvoke <org.tmatesoft.svn.core.internal.wc.SVNFileUtil: java.lang.String toHexDigest(java.security.MessageDigest)>(r4)

		ConstraintError violating CrySL rule for java.security.MessageDigest (on Object #a7e3d814c3f53dec472f3604dc484989d8e5321ebfe608f9e58e745af34e32f)
			First parameter (with value "MD5") should be any of {SHA-256, SHA-384, SHA-512}
			at statement: $r5 = staticinvoke <java.security.MessageDigest: java.security.MessageDigest getInstance(java.lang.String)>(varReplacer12529)


Findings in Java Class: org.tmatesoft.svn.core.internal.util.SVNSocketFactory

	 in Method: javax.net.ssl.SSLContext createSSLContext(javax.net.ssl.KeyManager[],javax.net.ssl.TrustManager)
		RequiredPredicateError violating CrySL rule for javax.net.ssl.SSLContext
			Second parameter was not properly generated as generatedTrustManagers
			at statement: virtualinvoke $r3.<javax.net.ssl.SSLContext: void init(javax.net.ssl.KeyManager[],javax.net.ssl.TrustManager[],java.security.SecureRandom)>($r1, $r9, varReplacer13472)

		RequiredPredicateError violating CrySL rule for javax.net.ssl.SSLContext
			Third parameter was not properly generated as randomized
			at statement: virtualinvoke $r3.<javax.net.ssl.SSLContext: void init(javax.net.ssl.KeyManager[],javax.net.ssl.TrustManager[],java.security.SecureRandom)>($r1, $r9, varReplacer13472)

		RequiredPredicateError violating CrySL rule for javax.net.ssl.SSLContext
			First parameter was not properly generated as generatedKeyManagers
			at statement: virtualinvoke $r3.<javax.net.ssl.SSLContext: void init(javax.net.ssl.KeyManager[],javax.net.ssl.TrustManager[],java.security.SecureRandom)>($r1, $r9, varReplacer13472)

		ConstraintError violating CrySL rule for javax.net.ssl.SSLContext (on Object #cd86a90b20953ebcce205eb0ffa6d02550b4aa703b827557965a3cfff8b3b20e)
			First parameter (with value "SSLv3") should be any of {TLSv1.2, TLSv1.3}
			at statement: $r3 = staticinvoke <javax.net.ssl.SSLContext: javax.net.ssl.SSLContext getInstance(java.lang.String)>(varReplacer13473)


Findings in Java Class: org.tmatesoft.svn.core.internal.io.dav.http.HTTPDigestAuthentication

	 in Method: java.lang.String createCnonce()
		ConstraintError violating CrySL rule for java.security.MessageDigest (on Object #9f09afc67a054b8c027cc6c9eca68451e901a4ace45427850ed1ea0ddcbc031)
			First parameter (with value "MD5") should be any of {SHA-256, SHA-384, SHA-512}
			at statement: $r1 = staticinvoke <java.security.MessageDigest: java.security.MessageDigest getInstance(java.lang.String)>(varReplacer13562)


	 in Method: java.lang.String createDigest(java.lang.String,java.lang.String,java.lang.String)
		ConstraintError violating CrySL rule for java.security.MessageDigest (on Object #f12e9d37a2edf12596502e47bbc393f5b0dcbd6e9ed53a6734195d44ef072b05)
			First parameter (with value "MD5") should be any of {SHA-256, SHA-384, SHA-512}
			at statement: $r11 = staticinvoke <java.security.MessageDigest: java.security.MessageDigest getInstance(java.lang.String)>(varReplacer15312)


Findings in Java Class: org.tmatesoft.svn.core.internal.io.fs.FSFile

	 in Method: void resetDigest()
		ConstraintError violating CrySL rule for java.security.MessageDigest (on Object #777dca3ec2db7115b79a635864e556c9959f47ff31c57cefbcb13fc06f852baa)
			First parameter (with value "MD5") should be any of {SHA-256, SHA-384, SHA-512}
			at statement: $r1 = staticinvoke <java.security.MessageDigest: java.security.MessageDigest getInstance(java.lang.String)>(varReplacer14403)


Findings in Java Class: org.tmatesoft.svn.core.internal.wc.admin.SVNChecksumOutputStream

	 in Method: void <init>(java.io.OutputStream,java.lang.String,boolean)
		ConstraintError violating CrySL rule for java.security.MessageDigest (on Object #9b07c0ee0a038c86805cc997af08ffb4d7a7644789cf030d032025f36b05bb53)
			First parameter (with value "MD5") should be any of {SHA-256, SHA-384, SHA-512}
			at statement: $r2 = staticinvoke <java.security.MessageDigest: java.security.MessageDigest getInstance(java.lang.String)>($r3)


Findings in Java Class: org.tmatesoft.svn.core.internal.io.fs.FSTransactionRoot

	 in Method: org.tmatesoft.svn.core.internal.io.fs.FSID writeFinalRevision(org.tmatesoft.svn.core.internal.io.fs.FSID,org.tmatesoft.svn.core.internal.io.fs.CountingOutputStream,long,org.tmatesoft.svn.core.internal.io.fs.FSID,java.lang.String,java.lang.String)
		IncompleteOperationError violating CrySL rule for java.security.MessageDigest (on Object #ccb265a0a685f33ccbff7930dba0df3d977976fa3ca0f4e54512891e4e59d512)
			Operation on object of type java.security.MessageDigest object not completed. Expected call to digest, update
			at statement: $r19 = staticinvoke <org.tmatesoft.svn.core.internal.wc.SVNFileUtil: java.lang.String toHexDigest(java.security.MessageDigest)>($r18)

		IncompleteOperationError violating CrySL rule for java.security.MessageDigest (on Object #ccb265a0a685f33ccbff7930dba0df3d977976fa3ca0f4e54512891e4e59d512)
			Operation on object of type java.security.MessageDigest object not completed. Expected call to digest, update
			at statement: $r19 = staticinvoke <org.tmatesoft.svn.core.internal.wc.SVNFileUtil: java.lang.String toHexDigest(java.security.MessageDigest)>($r18)

		IncompleteOperationError violating CrySL rule for java.security.MessageDigest (on Object #c16f6260315741451ba17f3a479116f1fcc293aaaa0f9aa295c0586bc5d2ad87)
			Operation on object of type java.security.MessageDigest object not completed. Expected call to digest, update
			at statement: $r19 = staticinvoke <org.tmatesoft.svn.core.internal.wc.SVNFileUtil: java.lang.String toHexDigest(java.security.MessageDigest)>($r18)

		IncompleteOperationError violating CrySL rule for java.security.MessageDigest (on Object #c16f6260315741451ba17f3a479116f1fcc293aaaa0f9aa295c0586bc5d2ad87)
			Operation on object of type java.security.MessageDigest object not completed. Expected call to digest, update
			at statement: $r19 = staticinvoke <org.tmatesoft.svn.core.internal.wc.SVNFileUtil: java.lang.String toHexDigest(java.security.MessageDigest)>($r18)

		ConstraintError violating CrySL rule for java.security.MessageDigest (on Object #ccb265a0a685f33ccbff7930dba0df3d977976fa3ca0f4e54512891e4e59d512)
			First parameter (with value "MD5") should be any of {SHA-256, SHA-384, SHA-512}
			at statement: $r18 = staticinvoke <java.security.MessageDigest: java.security.MessageDigest getInstance(java.lang.String)>(varReplacer15032)


Findings in Java Class: org.tmatesoft.svn.core.internal.io.dav.http.HTTPNTLMAuthentication

	 in Method: javax.crypto.Cipher getCipher(byte[])
		ConstraintError violating CrySL rule for javax.crypto.Cipher (on Object #565d3fb92aedc7912352186bf8b0d8acd9cacb01d3c4e134e269117f983c5ec0)
			First parameter (with value "DES/ECB/NoPadding") should be any of {AES, PBEWithHmacSHA224AndAES_128, PBEWithHmacSHA256AndAES_128, PBEWithHmacSHA384AndAES_128, PBEWithHmacSHA512AndAES_128, PBEWithHmacSHA224AndAES_256, PBEWithHmacSHA256AndAES_256, PBEWithHmacSHA384AndAES_256, PBEWithHmacSHA512AndAES_256}
			at statement: $r2 = staticinvoke <javax.crypto.Cipher: javax.crypto.Cipher getInstance(java.lang.String)>(varReplacer17797)

		ConstraintError violating CrySL rule for javax.crypto.spec.SecretKeySpec (on Object #b26879d1648e3436d1297f0e1d569396be2be4e3bd05ab3fa4349ce3eb5513bf)
			Second parameter (with value "DES") should be any of {AES, HmacSHA256, HmacSHA384, HmacSHA512}
			at statement: specialinvoke $r11.<javax.crypto.spec.SecretKeySpec: void <init>(byte[],java.lang.String)>($r1, varReplacer17798)

		RequiredPredicateError violating CrySL rule for javax.crypto.Cipher
			Second parameter was not properly generated as generatedKey
			at statement: virtualinvoke $r2.<javax.crypto.Cipher: void init(int,java.security.Key)>(varReplacer17801, $r3)

		RequiredPredicateError violating CrySL rule for javax.crypto.spec.SecretKeySpec
			First parameter was not properly generated as preparedKeyMaterial
			at statement: specialinvoke $r11.<javax.crypto.spec.SecretKeySpec: void <init>(byte[],java.lang.String)>($r1, varReplacer17798)


	 in Method: byte[] encrypt(byte[],byte[])
		TypestateError violating CrySL rule for javax.crypto.Cipher (on Object #565d3fb92aedc7912352186bf8b0d8acd9cacb01d3c4e134e269117f983c5ec0)
			Unexpected call to method doFinal on object of type javax.crypto.Cipher. Expect a call to one of the following methods init,updateAAD
			at statement: $r1 = virtualinvoke $r3.<javax.crypto.Cipher: byte[] doFinal(byte[])>($r2)


======================= CryptoAnalysis Summary ==========================
	Number of CrySL rules: 49
	Number of Objects Analyzed: 35

	CryptoAnalysis found the following violations. For details see description above.
	TypestateError: 7
	ForbiddenMethodError: 1
	IncompleteOperationError: 24
	RequiredPredicateError: 5
	ConstraintError: 22
=====================================================================
