0    [main] WARN  pes.access.impl.DeclaredTypeFactory  - --- xtext.common.types ---------------------------------------------------
1    [main] WARN  pes.access.impl.DeclaredTypeFactory  - ASM library is too old. Falling back to java.lang.reflect API.
1    [main] WARN  pes.access.impl.DeclaredTypeFactory  - Please note that no information about compile time constants is available.
1    [main] WARN  pes.access.impl.DeclaredTypeFactory  - It's recommended to use org.objectweb.asm 9.1.0 or better (Maven group id: org.ow2.asm).
1    [main] WARN  pes.access.impl.DeclaredTypeFactory  - --------------------------------------------------------------------------
Alive 19561  5000
Alive 15245  5000
Alive 27226  5000
Alive 20669  5000
Alive 25328  5000
Alive 21181  5000
Alive 24132  5000
Alive 22869  5000
Alive 26114  5000
Alive 24383  5000
Alive 28013  5000
Alive 26352  5000
Alive 26615  5000
Alive 25379  5000
Alive 28311  5000
Alive 36400  5000
Alive 28344  5000
Alive 28729  5000
Alive 28082  5000
Alive 39798  5000
Alive 47609  5000
Alive 39044  5000
Alive 46025  5000
Alive 26478  5000
Alive 41017  5000
Alive 28307  5000
Alive 25236  5000
Alive 26167  5000
Alive 28056  5000
