0    [main] WARN  pes.access.impl.DeclaredTypeFactory  - --- xtext.common.types ---------------------------------------------------
1    [main] WARN  pes.access.impl.DeclaredTypeFactory  - ASM library is too old. Falling back to java.lang.reflect API.
1    [main] WARN  pes.access.impl.DeclaredTypeFactory  - Please note that no information about compile time constants is available.
1    [main] WARN  pes.access.impl.DeclaredTypeFactory  - It's recommended to use org.objectweb.asm 9.1.0 or better (Maven group id: org.ow2.asm).
1    [main] WARN  pes.access.impl.DeclaredTypeFactory  - --------------------------------------------------------------------------
Ruleset: 
	java.security.cert.TrustAnchor
	javax.crypto.spec.GCMParameterSpec
	javax.xml.crypto.dsig.spec.HMACParameterSpec
	java.security.KeyPair
	java.security.DigestOutputStream
	javax.net.ssl.KeyStoreBuilderParameters
	javax.crypto.spec.OAEPParameterSpec
	javax.net.ssl.SSLContext
	javax.crypto.spec.DHGenParameterSpec
	javax.crypto.CipherOutputStream
	java.security.Key
	javax.crypto.SecretKeyFactory
	java.security.cert.PKIXBuilderParameters
	java.security.KeyFactory
	javax.crypto.spec.PBEKeySpec
	java.security.spec.DSAGenParameterSpec
	java.security.KeyPairGenerator
	javax.crypto.CipherInputStream
	javax.net.ssl.CertPathTrustManagerParameters
	java.security.cert.CertificateFactory
	java.security.SecureRandom
	java.security.spec.MGF1ParameterSpec
	javax.net.ssl.SSLEngine
	javax.crypto.spec.DHParameterSpec
	java.security.spec.DSAParameterSpec
	java.security.spec.ECParameterSpec
	java.security.spec.RSAKeyGenParameterSpec
	javax.crypto.spec.IvParameterSpec
	javax.crypto.Cipher
	javax.crypto.spec.PBEParameterSpec
	java.security.AlgorithmParameterGenerator
	java.security.spec.X509EncodedKeySpec
	javax.net.ssl.TrustManagerFactory
	java.security.DigestInputStream
	void
	javax.net.ssl.KeyManagerFactory
	java.security.cert.PKIXParameters
	java.net.PasswordAuthentication
	java.security.AlgorithmParameters
	javax.crypto.KeyAgreement
	javax.crypto.spec.SecretKeySpec
	javax.net.ssl.SSLParameters
	java.security.MessageDigest
	javax.crypto.SecretKey
	javax.crypto.KeyGenerator
	java.security.KeyStore
	javax.crypto.Mac
	java.security.spec.ECGenParameterSpec
	java.security.Signature

Analyzed Objects: 
	Object:
		Variable: $r11
		Type: javax.crypto.CipherOutputStream
		Statement: specialinvoke $r11.<javax.crypto.CipherOutputStream: void <init>(java.io.OutputStream,javax.crypto.Cipher)>($r3, $r8)
		Method: <com.google.android.exoplayer2.upstream.cache.CachedContentIndex: void writeFile()>
		SHA-256: d7613a9144ef79339b5b95fe19aff64129d70ca506d660c65d1dfc7f9ad0e1c8
		Secure: false
	Object:
		Variable: $r1
		Type: java.security.MessageDigest
		Statement: $r1 = staticinvoke <java.security.MessageDigest: java.security.MessageDigest getInstance(java.lang.String)>(varReplacer14465)
		Method: <com.facebook.common.util.SecureHashUtil: java.lang.String makeSHA1HashBase64(byte[])>
		SHA-256: 5d696c4d0e019a55082e5f057c74c7809447694c5a82e7fc247ecabb9c6b1291
		Secure: false
	Object:
		Variable: $r15
		Type: javax.crypto.CipherInputStream
		Statement: specialinvoke $r15.<javax.crypto.CipherInputStream: void <init>(java.io.InputStream,javax.crypto.Cipher)>($r7, $r11)
		Method: <com.google.android.exoplayer2.upstream.cache.CachedContentIndex: boolean readFile()>
		SHA-256: d42fc4ed9d6fdd9175b1603dcdc287af3ac37d060ad047fd1c7ac36427de5206
		Secure: false
	Object:
		Variable: $r6
		Type: java.security.MessageDigest
		Statement: $r6 = staticinvoke <java.security.MessageDigest: java.security.MessageDigest getInstance(java.lang.String)>(varReplacer8577)
		Method: <com.tonyodev.fetch2core.FetchCoreUtils: java.lang.String getFileMd5String(java.lang.String)>
		SHA-256: 83d4b75c944147e26c180b72ef6b6d989bef79ae2b06cf241950e829803adb6e
		Secure: false
	Object:
		Variable: $r8
		Type: javax.crypto.spec.IvParameterSpec
		Statement: specialinvoke $r8.<javax.crypto.spec.IvParameterSpec: void <init>(byte[])>($r1)
		Method: <com.google.android.exoplayer2.upstream.crypto.AesFlushingCipher: void <init>(int,byte[],long,long)>
		SHA-256: 686d309bb207690559ee1f5862c78db550601d8d47b5b0746d05b9ba47775cde
		Secure: false
	Object:
		Variable: $r0
		Type: byte[]
		Statement: $r0 = virtualinvoke $r1.<java.security.MessageDigest: byte[] digest()>()
		Method: <com.facebook.common.util.SecureHashUtil: java.lang.String makeSHA1HashBase64(byte[])>
		SHA-256: c6bb4832d15267321b64294e36949b1fc4731b855443ce4eba77a8ad3eaece90
		Secure: false
	Object:
		Variable: $r13
		Type: javax.crypto.spec.IvParameterSpec
		Statement: specialinvoke $r13.<javax.crypto.spec.IvParameterSpec: void <init>(byte[])>($r12)
		Method: <com.google.android.exoplayer2.upstream.cache.CachedContentIndex: boolean readFile()>
		SHA-256: a6bb44e469f795c17b8da53fb45e576d580af82cd5abcd930f4e627dfb9e39ce
		Secure: false
	Object:
		Variable: $r3
		Type: javax.net.ssl.SSLContext
		Statement: $r3 = staticinvoke <javax.net.ssl.SSLContext: javax.net.ssl.SSLContext getInstance(java.lang.String)>(varReplacer20322)
		Method: <okhttp3.internal.platform.AndroidPlatform: javax.net.ssl.SSLContext getSSLContext()>
		SHA-256: 4a7e13f5aaec056a9fdcc21a89fcb2f926300f986b21700c4ba391b31aadae4e
		Secure: false
	Object:
		Variable: $r7
		Type: java.security.DigestInputStream
		Statement: specialinvoke $r7.<java.security.DigestInputStream: void <init>(java.io.InputStream,java.security.MessageDigest)>($r9, $r6)
		Method: <com.tonyodev.fetch2core.FetchCoreUtils: java.lang.String getFileMd5String(java.lang.String)>
		SHA-256: e1646eaf8fb918b57a226b40db87d9e50cbe687a133ad45bd78a139d584f8b2d
		Secure: false
	Object:
		Variable: $r1
		Type: javax.crypto.Cipher
		Statement: $r1 = staticinvoke <javax.crypto.Cipher: javax.crypto.Cipher getInstance(java.lang.String,java.lang.String)>(varReplacer27865, varReplacer27866)
		Method: <com.google.android.exoplayer2.upstream.cache.CachedContentIndex: javax.crypto.Cipher getCipher()>
		SHA-256: 84f300bad032fa7bfe9e89a524d6b77edd240046441c1d06da50f113f0c2e812
		Secure: true
	Object:
		Variable: $r3
		Type: javax.net.ssl.SSLContext
		Statement: $r3 = staticinvoke <javax.net.ssl.SSLContext: javax.net.ssl.SSLContext getInstance(java.lang.String,java.security.Provider)>(varReplacer20318, $r2)
		Method: <okhttp3.internal.platform.ConscryptPlatform: javax.net.ssl.SSLContext getSSLContext()>
		SHA-256: 54085f3049102c91acc8eb31d8af60e0a97ab88989097f14fc61389725d8e04d
		Secure: false
	Object:
		Variable: $r1
		Type: java.security.MessageDigest
		Statement: $r1 = staticinvoke <java.security.MessageDigest: java.security.MessageDigest getInstance(java.lang.String)>(varReplacer26533)
		Method: <com.bumptech.glide.load.engine.cache.SafeKeyGenerator$1: com.bumptech.glide.load.engine.cache.SafeKeyGenerator$PoolableDigestContainer create()>
		SHA-256: 861c711145971bd08941c52230ae749ae67221ff08349c3b572da4deacfffab5
		Secure: true
	Object:
		Variable: $r4
		Type: javax.net.ssl.SSLContext
		Statement: $r4 = staticinvoke <javax.net.ssl.SSLContext: javax.net.ssl.SSLContext getInstance(java.lang.String)>(varReplacer20317)
		Method: <okhttp3.internal.platform.Platform: javax.net.ssl.SSLContext getSSLContext()>
		SHA-256: 150266fbdf9832ab8fb1597615509eb85e1f1b61215d4ac07494f9c730260f0a
		Secure: false
	Object:
		Variable: $r1
		Type: javax.net.ssl.SSLContext
		Statement: $r1 = staticinvoke <javax.net.ssl.SSLContext: javax.net.ssl.SSLContext getInstance(java.lang.String)>(varReplacer15562)
		Method: <com.facebook.react.modules.network.TLSSocketFactory: void <init>()>
		SHA-256: 5f5e18659d08bd49c6a0886988bcb441acc30ae72577dede4402b69caadef6b3
		Secure: false
	Object:
		Variable: $r4
		Type: javax.crypto.spec.SecretKeySpec
		Statement: specialinvoke $r4.<javax.crypto.spec.SecretKeySpec: void <init>(byte[],java.lang.String)>($r1, $r6)
		Method: <com.google.android.exoplayer2.upstream.crypto.AesFlushingCipher: void <init>(int,byte[],long,long)>
		SHA-256: b74537962b350a4177adbbed9f7a3ed5332f6f2e5f83a3f91cd4cb1ffac981e2
		Secure: false
	Object:
		Variable: $r2
		Type: java.security.MessageDigest
		Statement: $r2 = staticinvoke <java.security.MessageDigest: java.security.MessageDigest getInstance(java.lang.String)>($r1)
		Method: <okio.ByteString: okio.ByteString digest(java.lang.String)>
		SHA-256: b336d574501b28a5bd90db22472c23a68acb0c1b99c4f14746fdc2a23c69a24e
		Secure: false
	Object:
		Variable: $r4
		Type: javax.net.ssl.SSLContext
		Statement: $r4 = staticinvoke <javax.net.ssl.SSLContext: javax.net.ssl.SSLContext getInstance(java.lang.String)>(varReplacer20316)
		Method: <okhttp3.internal.platform.Platform: javax.net.ssl.SSLContext getSSLContext()>
		SHA-256: 6492411d2dd8de7a01bb405b3fb118a3cd787d39f3a15291c0611d8df0b348bb
		Secure: false
	Object:
		Variable: $r7
		Type: javax.crypto.spec.IvParameterSpec
		Statement: specialinvoke $r7.<javax.crypto.spec.IvParameterSpec: void <init>(byte[])>($r5)
		Method: <com.google.android.exoplayer2.upstream.cache.CachedContentIndex: void writeFile()>
		SHA-256: e69bd9743e285afb3ba0e8f91fff4fbc2d2a0a72cdf7ff76708f202dde0a689c
		Secure: false
	Object:
		Variable: $r1
		Type: javax.net.ssl.TrustManagerFactory
		Statement: $r1 = staticinvoke <javax.net.ssl.TrustManagerFactory: javax.net.ssl.TrustManagerFactory getInstance(java.lang.String)>($r0)
		Method: <okhttp3.internal.Util: javax.net.ssl.X509TrustManager platformTrustManager()>
		SHA-256: a8764d384e0e6acd4407dba0e4c2025660362892494036c03c4b52a40e75c66b
		Secure: false
	Object:
		Variable: $r1
		Type: javax.crypto.Cipher
		Statement: $r1 = staticinvoke <javax.crypto.Cipher: javax.crypto.Cipher getInstance(java.lang.String)>(varReplacer27867)
		Method: <com.google.android.exoplayer2.upstream.cache.CachedContentIndex: javax.crypto.Cipher getCipher()>
		SHA-256: f0b83d23aedd97e7232587bcdd2d693051715e4b3c04b38b3eef1a4e0224cf7f
		Secure: true
	Object:
		Variable: $r2
		Type: javax.net.ssl.TrustManager[]
		Statement: $r2 = virtualinvoke $r1.<javax.net.ssl.TrustManagerFactory: javax.net.ssl.TrustManager[] getTrustManagers()>()
		Method: <okhttp3.internal.Util: javax.net.ssl.X509TrustManager platformTrustManager()>
		SHA-256: dea0af93b06734ae35228a014521e6e031131dd2b357359826afa61f9a6de1b
		Secure: false
	Object:
		Variable: varReplacer27862
		Type: java.lang.String
		Statement: specialinvoke $r4.<javax.crypto.spec.SecretKeySpec: void <init>(byte[],java.lang.String)>($r3, varReplacer27862)
		Method: <com.google.android.exoplayer2.upstream.cache.CachedContentIndex: void <init>(java.io.File,byte[],boolean)>
		SHA-256: ca12fcc58aec51d54bdef1df6a505639ffefaeefbc628003997ffaf066dc75e0
		Secure: false
	Object:
		Variable: $r3
		Type: javax.net.ssl.SSLContext
		Statement: $r3 = staticinvoke <javax.net.ssl.SSLContext: javax.net.ssl.SSLContext getInstance(java.lang.String)>(varReplacer20323)
		Method: <okhttp3.internal.platform.AndroidPlatform: javax.net.ssl.SSLContext getSSLContext()>
		SHA-256: d9b71674c61285617a3d0f85ff60e2f640bb2c0173c4d4cff877a275b20ae2f8
		Secure: false
	Object:
		Variable: $r2
		Type: javax.crypto.Cipher
		Statement: $r2 = staticinvoke <javax.crypto.Cipher: javax.crypto.Cipher getInstance(java.lang.String)>(varReplacer16318)
		Method: <com.google.android.exoplayer2.upstream.crypto.AesFlushingCipher: void <init>(int,byte[],long,long)>
		SHA-256: ad9656c930924577ea062ff7c2d4a44f80931bc0b7e26fd1da4bf0d3ddd82867
		Secure: false
	Object:
		Variable: $r3
		Type: javax.net.ssl.SSLContext
		Statement: $r3 = staticinvoke <javax.net.ssl.SSLContext: javax.net.ssl.SSLContext getInstance(java.lang.String,java.security.Provider)>(varReplacer20319, $r2)
		Method: <okhttp3.internal.platform.ConscryptPlatform: javax.net.ssl.SSLContext getSSLContext()>
		SHA-256: 36ea0be739c1722acaf4e2f976d1cf5824de0fbe15a555fb5591898d7b68e4a
		Secure: false
	Object:
		Variable: $r8
		Type: byte[]
		Statement: $r8 = virtualinvoke $r7.<java.security.MessageDigest: byte[] digest()>()
		Method: <com.facebook.soloader.SoLoader$1: java.lang.String getLibHash(java.lang.String)>
		SHA-256: 26d49b7832ffb1f396fefaaad1e0cc9b7179d3333b93d2d7f5e518586883a188
		Secure: false
	Object:
		Variable: $r5
		Type: java.security.cert.CertificateFactory
		Statement: $r5 = staticinvoke <java.security.cert.CertificateFactory: java.security.cert.CertificateFactory getInstance(java.lang.String)>(varReplacer32711)
		Method: <okhttp3.Cache$Entry: java.util.List readCertificateList(okio.BufferedSource)>
		SHA-256: 4f5119bb21ce898c9bb778ee5a9deb9685f824dbb13d8fb6d80c8d8fee440054
		Secure: false
	Object:
		Variable: $r6
		Type: java.lang.String
		Statement: specialinvoke $r4.<javax.crypto.spec.SecretKeySpec: void <init>(byte[],java.lang.String)>($r1, $r6)
		Method: <com.google.android.exoplayer2.upstream.crypto.AesFlushingCipher: void <init>(int,byte[],long,long)>
		SHA-256: ea528036834a1e40eb394c6eb8c7d116894bcce83d428f4b94cf4fd8a57f0235
		Secure: false
	Object:
		Variable: $r7
		Type: java.security.MessageDigest
		Statement: $r7 = staticinvoke <java.security.MessageDigest: java.security.MessageDigest getInstance(java.lang.String)>(varReplacer15261)
		Method: <com.facebook.soloader.SoLoader$1: java.lang.String getLibHash(java.lang.String)>
		SHA-256: 1d6fd498c3864e68849623b4b9fa22eebd4f0b0ff69e388940ac30e6272940e0
		Secure: false
	Object:
		Variable: $r4
		Type: javax.crypto.spec.SecretKeySpec
		Statement: specialinvoke $r4.<javax.crypto.spec.SecretKeySpec: void <init>(byte[],java.lang.String)>($r3, varReplacer27862)
		Method: <com.google.android.exoplayer2.upstream.cache.CachedContentIndex: void <init>(java.io.File,byte[],boolean)>
		SHA-256: 73f5fafa7f34493105df6b938b5914a87701628ef06e4c9754ff71977b0b9577
		Secure: false
	Object:
		Variable: $r3
		Type: byte[]
		Statement: $r3 = virtualinvoke $r2.<java.security.MessageDigest: byte[] digest(byte[])>($r3)
		Method: <okio.ByteString: okio.ByteString digest(java.lang.String)>
		SHA-256: a79a1700ae9d8d44f13ea218f751e7024f8f1222b1b2ae17cdbab7b56d352181
		Secure: false

Findings in Java Class: com.facebook.common.memory.PooledByteArrayBufferedInputStream

	 in Method: void close()
		TypestateError violating CrySL rule for java.security.DigestInputStream (on Object #e1646eaf8fb918b57a226b40db87d9e50cbe687a133ad45bd78a139d584f8b2d)
			Unexpected call to method close on object of type java.security.DigestInputStream. Expect a call to one of the following methods read
			at statement: specialinvoke r0.<java.io.InputStream: void close()>()


Findings in Java Class: kotlin.io.CloseableKt

	 in Method: void closeFinally(java.io.Closeable,java.lang.Throwable)
		TypestateError violating CrySL rule for java.security.DigestInputStream (on Object #e1646eaf8fb918b57a226b40db87d9e50cbe687a133ad45bd78a139d584f8b2d)
			Unexpected call to method close on object of type java.security.DigestInputStream. Expect a call to one of the following methods read
			at statement: interfaceinvoke $r1.<java.io.Closeable: void close()>()

		TypestateError violating CrySL rule for java.security.DigestInputStream (on Object #e1646eaf8fb918b57a226b40db87d9e50cbe687a133ad45bd78a139d584f8b2d)
			Unexpected call to method close on object of type java.security.DigestInputStream. Expect a call to one of the following methods read
			at statement: interfaceinvoke $r1.<java.io.Closeable: void close()>()


Findings in Java Class: okio.GzipSource

	 in Method: void consumeHeader()
		IncompleteOperationError violating CrySL rule for java.security.DigestInputStream (on Object #e1646eaf8fb918b57a226b40db87d9e50cbe687a133ad45bd78a139d584f8b2d)
			Operation on object of type java.security.DigestInputStream object not completed. Expected call to read
			at statement: specialinvoke r0.<okio.GzipSource: void checkEqual(java.lang.String,int,int)>(varReplacer11739, varReplacer11740, $s2)

		IncompleteOperationError violating CrySL rule for java.security.DigestInputStream (on Object #e1646eaf8fb918b57a226b40db87d9e50cbe687a133ad45bd78a139d584f8b2d)
			Operation on object of type java.security.DigestInputStream object not completed. Expected call to read
			at statement: specialinvoke r0.<okio.GzipSource: void updateCrc(okio.Buffer,long,long)>($r2, varReplacer11751, $l3)

		IncompleteOperationError violating CrySL rule for java.security.DigestInputStream (on Object #e1646eaf8fb918b57a226b40db87d9e50cbe687a133ad45bd78a139d584f8b2d)
			Operation on object of type java.security.DigestInputStream object not completed. Expected call to read
			at statement: specialinvoke r0.<okio.GzipSource: void updateCrc(okio.Buffer,long,long)>($r2, varReplacer11743, varReplacer11744)

		IncompleteOperationError violating CrySL rule for java.security.DigestInputStream (on Object #e1646eaf8fb918b57a226b40db87d9e50cbe687a133ad45bd78a139d584f8b2d)
			Operation on object of type java.security.DigestInputStream object not completed. Expected call to read
			at statement: specialinvoke r0.<okio.GzipSource: void updateCrc(okio.Buffer,long,long)>($r2, varReplacer11737, $l5)


	 in Method: long read(okio.Buffer,long)
		IncompleteOperationError violating CrySL rule for java.security.DigestInputStream (on Object #e1646eaf8fb918b57a226b40db87d9e50cbe687a133ad45bd78a139d584f8b2d)
			Operation on object of type java.security.DigestInputStream object not completed. Expected call to read
			at statement: specialinvoke r0.<okio.GzipSource: void consumeTrailer()>()


Findings in Java Class: com.tonyodev.fetch2core.FetchCoreUtils

	 in Method: java.lang.String getFileMd5String(java.lang.String)
		ConstraintError violating CrySL rule for java.security.MessageDigest (on Object #83d4b75c944147e26c180b72ef6b6d989bef79ae2b06cf241950e829803adb6e)
			First parameter (with value "MD5") should be any of {SHA-256, SHA-384, SHA-512}
			at statement: $r6 = staticinvoke <java.security.MessageDigest: java.security.MessageDigest getInstance(java.lang.String)>(varReplacer8577)

		IncompleteOperationError violating CrySL rule for java.security.DigestInputStream (on Object #e1646eaf8fb918b57a226b40db87d9e50cbe687a133ad45bd78a139d584f8b2d)
			Operation on object of type java.security.DigestInputStream object not completed. Expected call to read
			at statement: staticinvoke <kotlin.io.CloseableKt: void closeFinally(java.io.Closeable,java.lang.Throwable)>($r10, varReplacer8576)

		TypestateError violating CrySL rule for java.security.MessageDigest (on Object #83d4b75c944147e26c180b72ef6b6d989bef79ae2b06cf241950e829803adb6e)
			Unexpected call to method <java.security.MessageDigest: byte[] digest()> on object of type java.security.MessageDigest. Expect a call to one of the following methods java.security.MessageDigest: void update(byte[],int,int),java.security.MessageDigest: void update(java.nio.ByteBuffer),java.security.MessageDigest: byte[] digest(byte[]),java.security.MessageDigest: void update(byte),java.security.MessageDigest: void update(byte[])
			at statement: $r5 = virtualinvoke $r6.<java.security.MessageDigest: byte[] digest()>()


Findings in Java Class: okhttp3.internal.http1.Http1Codec$AbstractSource

	 in Method: long read(okio.Buffer,long)
		IncompleteOperationError violating CrySL rule for java.security.DigestInputStream (on Object #e1646eaf8fb918b57a226b40db87d9e50cbe687a133ad45bd78a139d584f8b2d)
			Operation on object of type java.security.DigestInputStream object not completed. Expected call to read
			at statement: virtualinvoke r0.<okhttp3.internal.http1.Http1Codec$AbstractSource: void endOfInput(boolean,java.io.IOException)>(varReplacer11599, $r5)


Findings in Java Class: okhttp3.internal.http2.Http2Codec$StreamFinishingSource

	 in Method: long read(okio.Buffer,long)
		IncompleteOperationError violating CrySL rule for java.security.DigestInputStream (on Object #e1646eaf8fb918b57a226b40db87d9e50cbe687a133ad45bd78a139d584f8b2d)
			Operation on object of type java.security.DigestInputStream object not completed. Expected call to read
			at statement: specialinvoke r0.<okhttp3.internal.http2.Http2Codec$StreamFinishingSource: void endOfInput(java.io.IOException)>($r4)


Findings in Java Class: okio.InflaterSource

	 in Method: long read(okio.Buffer,long)
		IncompleteOperationError violating CrySL rule for java.security.DigestInputStream (on Object #e1646eaf8fb918b57a226b40db87d9e50cbe687a133ad45bd78a139d584f8b2d)
			Operation on object of type java.security.DigestInputStream object not completed. Expected call to read
			at statement: $z0 = virtualinvoke r0.<okio.InflaterSource: boolean refill()>()


	 in Method: boolean refill()
		IncompleteOperationError violating CrySL rule for java.security.DigestInputStream (on Object #e1646eaf8fb918b57a226b40db87d9e50cbe687a133ad45bd78a139d584f8b2d)
			Operation on object of type java.security.DigestInputStream object not completed. Expected call to read
			at statement: specialinvoke r0.<okio.InflaterSource: void releaseInflatedBytes()>()


Findings in Java Class: okhttp3.internal.http1.Http1Codec$ChunkedSource

	 in Method: long read(okio.Buffer,long)
		IncompleteOperationError violating CrySL rule for java.security.DigestInputStream (on Object #e1646eaf8fb918b57a226b40db87d9e50cbe687a133ad45bd78a139d584f8b2d)
			Operation on object of type java.security.DigestInputStream object not completed. Expected call to read
			at statement: virtualinvoke r0.<okhttp3.internal.http1.Http1Codec$ChunkedSource: void endOfInput(boolean,java.io.IOException)>(varReplacer8262, $r2)


Findings in Java Class: com.bumptech.glide.disklrucache.DiskLruCache

	 in Method: boolean remove(java.lang.String)
		IncompleteOperationError violating CrySL rule for java.security.DigestInputStream (on Object #e1646eaf8fb918b57a226b40db87d9e50cbe687a133ad45bd78a139d584f8b2d)
			Operation on object of type java.security.DigestInputStream object not completed. Expected call to read
			at statement: specialinvoke r0.<com.bumptech.glide.disklrucache.DiskLruCache: void checkNotClosed()>()


Findings in Java Class: okhttp3.internal.http1.Http1Codec$FixedLengthSource

	 in Method: long read(okio.Buffer,long)
		IncompleteOperationError violating CrySL rule for java.security.DigestInputStream (on Object #e1646eaf8fb918b57a226b40db87d9e50cbe687a133ad45bd78a139d584f8b2d)
			Operation on object of type java.security.DigestInputStream object not completed. Expected call to read
			at statement: virtualinvoke r0.<okhttp3.internal.http1.Http1Codec$FixedLengthSource: void endOfInput(boolean,java.io.IOException)>(varReplacer8282, $r2)


Findings in Java Class: okhttp3.internal.Util

	 in Method: boolean skipAll(okio.Source,int,java.util.concurrent.TimeUnit)
		IncompleteOperationError violating CrySL rule for java.security.DigestInputStream (on Object #e1646eaf8fb918b57a226b40db87d9e50cbe687a133ad45bd78a139d584f8b2d)
			Operation on object of type java.security.DigestInputStream object not completed. Expected call to read
			at statement: $r3 = interfaceinvoke $r1.<okio.Source: okio.Timeout timeout()>()

		IncompleteOperationError violating CrySL rule for java.security.DigestInputStream (on Object #e1646eaf8fb918b57a226b40db87d9e50cbe687a133ad45bd78a139d584f8b2d)
			Operation on object of type java.security.DigestInputStream object not completed. Expected call to read
			at statement: $r3 = interfaceinvoke $r1.<okio.Source: okio.Timeout timeout()>()


	 in Method: javax.net.ssl.X509TrustManager platformTrustManager()
		RequiredPredicateError violating CrySL rule for javax.net.ssl.TrustManagerFactory
			First parameter was not properly generated as generatedKeyStore
			at statement: virtualinvoke $r1.<javax.net.ssl.TrustManagerFactory: void init(java.security.KeyStore)>(varReplacer16465)


Findings in Java Class: okhttp3.internal.http2.Http2Connection

	 in Method: void close(okhttp3.internal.http2.ErrorCode,okhttp3.internal.http2.ErrorCode)
		IncompleteOperationError violating CrySL rule for java.security.DigestInputStream (on Object #e1646eaf8fb918b57a226b40db87d9e50cbe687a133ad45bd78a139d584f8b2d)
			Operation on object of type java.security.DigestInputStream object not completed. Expected call to read
			at statement: virtualinvoke r0.<okhttp3.internal.http2.Http2Connection: void shutdown(okhttp3.internal.http2.ErrorCode)>($r1)


Findings in Java Class: com.facebook.common.util.SecureHashUtil

	 in Method: java.lang.String makeSHA1HashBase64(byte[])
		ConstraintError violating CrySL rule for java.security.MessageDigest (on Object #5d696c4d0e019a55082e5f057c74c7809447694c5a82e7fc247ecabb9c6b1291)
			First parameter (with value "SHA-1") should be any of {SHA-256, SHA-384, SHA-512}
			at statement: $r1 = staticinvoke <java.security.MessageDigest: java.security.MessageDigest getInstance(java.lang.String)>(varReplacer14465)


Findings in Java Class: com.google.android.exoplayer2.upstream.cache.CachedContentIndex

	 in Method: boolean readFile()
		RequiredPredicateError violating CrySL rule for javax.crypto.spec.IvParameterSpec
			First parameter was not properly generated as randomized
			at statement: specialinvoke $r13.<javax.crypto.spec.IvParameterSpec: void <init>(byte[])>($r12)

		IncompleteOperationError violating CrySL rule for javax.crypto.CipherInputStream (on Object #d42fc4ed9d6fdd9175b1603dcdc287af3ac37d060ad047fd1c7ac36427de5206)
			Operation on object of type javax.crypto.CipherInputStream object not completed. Expected call to read
			at statement: specialinvoke $r14.<java.io.DataInputStream: void <init>(java.io.InputStream)>($r15)


	 in Method: void writeFile()
		RequiredPredicateError violating CrySL rule for javax.crypto.spec.IvParameterSpec
			First parameter was not properly generated as randomized
			at statement: specialinvoke $r7.<javax.crypto.spec.IvParameterSpec: void <init>(byte[])>($r5)

		IncompleteOperationError violating CrySL rule for javax.crypto.CipherOutputStream (on Object #d7613a9144ef79339b5b95fe19aff64129d70ca506d660c65d1dfc7f9ad0e1c8)
			Operation on object of type javax.crypto.CipherOutputStream object not completed. Expected call to write
			at statement: specialinvoke $r10.<java.io.DataOutputStream: void <init>(java.io.OutputStream)>($r11)


	 in Method: void <init>(java.io.File,byte[],boolean)
		RequiredPredicateError violating CrySL rule for javax.crypto.spec.SecretKeySpec
			First parameter was not properly generated as preparedKeyMaterial
			at statement: specialinvoke $r4.<javax.crypto.spec.SecretKeySpec: void <init>(byte[],java.lang.String)>($r3, varReplacer27862)


Findings in Java Class: com.facebook.soloader.SoLoader$1

	 in Method: java.lang.String getLibHash(java.lang.String)
		TypestateError violating CrySL rule for java.security.MessageDigest (on Object #1d6fd498c3864e68849623b4b9fa22eebd4f0b0ff69e388940ac30e6272940e0)
			Unexpected call to method <java.security.MessageDigest: byte[] digest()> on object of type java.security.MessageDigest. Expect a call to one of the following methods java.security.MessageDigest: void update(byte[],int,int),java.security.MessageDigest: void update(java.nio.ByteBuffer),java.security.MessageDigest: byte[] digest(byte[]),java.security.MessageDigest: void update(byte),java.security.MessageDigest: void update(byte[])
			at statement: $r8 = virtualinvoke $r7.<java.security.MessageDigest: byte[] digest()>()

		ConstraintError violating CrySL rule for java.security.MessageDigest (on Object #1d6fd498c3864e68849623b4b9fa22eebd4f0b0ff69e388940ac30e6272940e0)
			First parameter (with value "MD5") should be any of {SHA-256, SHA-384, SHA-512}
			at statement: $r7 = staticinvoke <java.security.MessageDigest: java.security.MessageDigest getInstance(java.lang.String)>(varReplacer15261)


Findings in Java Class: com.facebook.react.modules.network.TLSSocketFactory

	 in Method: void <init>()
		RequiredPredicateError violating CrySL rule for javax.net.ssl.SSLContext
			Second parameter was not properly generated as generatedTrustManagers
			at statement: virtualinvoke $r1.<javax.net.ssl.SSLContext: void init(javax.net.ssl.KeyManager[],javax.net.ssl.TrustManager[],java.security.SecureRandom)>(varReplacer15559, varReplacer15559, varReplacer15559)

		ConstraintError violating CrySL rule for javax.net.ssl.SSLContext (on Object #5f5e18659d08bd49c6a0886988bcb441acc30ae72577dede4402b69caadef6b3)
			First parameter (with value "TLS") should be any of {TLSv1.2, TLSv1.3}
			at statement: $r1 = staticinvoke <javax.net.ssl.SSLContext: javax.net.ssl.SSLContext getInstance(java.lang.String)>(varReplacer15562)

		RequiredPredicateError violating CrySL rule for javax.net.ssl.SSLContext
			Third parameter was not properly generated as randomized
			at statement: virtualinvoke $r1.<javax.net.ssl.SSLContext: void init(javax.net.ssl.KeyManager[],javax.net.ssl.TrustManager[],java.security.SecureRandom)>(varReplacer15559, varReplacer15559, varReplacer15559)

		RequiredPredicateError violating CrySL rule for javax.net.ssl.SSLContext
			First parameter was not properly generated as generatedKeyManagers
			at statement: virtualinvoke $r1.<javax.net.ssl.SSLContext: void init(javax.net.ssl.KeyManager[],javax.net.ssl.TrustManager[],java.security.SecureRandom)>(varReplacer15559, varReplacer15559, varReplacer15559)


Findings in Java Class: com.google.android.exoplayer2.upstream.crypto.AesFlushingCipher

	 in Method: int nonFlushingUpdate(byte[],int,int,byte[],int)
		ConstraintError violating CrySL rule for javax.crypto.Cipher (on Object #ad9656c930924577ea062ff7c2d4a44f80931bc0b7e26fd1da4bf0d3ddd82867)
			Third parameter (with value 0)Variable prePlainTextLenmust be  greater than 0
			at statement: $i2 = virtualinvoke $r2.<javax.crypto.Cipher: int update(byte[],int,int,byte[],int)>($r3, $i2, $i0, $r1, $i1)


	 in Method: void <init>(int,byte[],long,long)
		RequiredPredicateError violating CrySL rule for javax.crypto.spec.SecretKeySpec
			First parameter was not properly generated as preparedKeyMaterial
			at statement: specialinvoke $r4.<javax.crypto.spec.SecretKeySpec: void <init>(byte[],java.lang.String)>($r1, $r6)

		RequiredPredicateError violating CrySL rule for javax.crypto.spec.IvParameterSpec
			First parameter was not properly generated as randomized
			at statement: specialinvoke $r8.<javax.crypto.spec.IvParameterSpec: void <init>(byte[])>($r1)


Findings in Java Class: com.google.android.exoplayer2.upstream.cache.CacheUtil

	 in Method: long readAndDiscard(com.google.android.exoplayer2.upstream.DataSpec,long,long,com.google.android.exoplayer2.upstream.DataSource,byte[],com.google.android.exoplayer2.util.PriorityTaskManager,int,com.google.android.exoplayer2.upstream.cache.CacheUtil$CachingCounters,java.util.concurrent.atomic.AtomicBoolean)
		IncompleteOperationError violating CrySL rule for javax.crypto.Cipher (on Object #ad9656c930924577ea062ff7c2d4a44f80931bc0b7e26fd1da4bf0d3ddd82867)
			Operation on object of type javax.crypto.Cipher object not completed. Expected call to init
			at statement: staticinvoke <com.google.android.exoplayer2.util.Util: void closeQuietly(com.google.android.exoplayer2.upstream.DataSource)>($r0)


	 in Method: void cache(com.google.android.exoplayer2.upstream.DataSpec,com.google.android.exoplayer2.upstream.cache.Cache,com.google.android.exoplayer2.upstream.cache.CacheDataSource,byte[],com.google.android.exoplayer2.util.PriorityTaskManager,int,com.google.android.exoplayer2.upstream.cache.CacheUtil$CachingCounters,java.util.concurrent.atomic.AtomicBoolean,boolean)
		IncompleteOperationError violating CrySL rule for javax.crypto.Cipher (on Object #ad9656c930924577ea062ff7c2d4a44f80931bc0b7e26fd1da4bf0d3ddd82867)
			Operation on object of type javax.crypto.Cipher object not completed. Expected call to init
			at statement: $l6 = staticinvoke <com.google.android.exoplayer2.upstream.cache.CacheUtil: long readAndDiscard(com.google.android.exoplayer2.upstream.DataSpec,long,long,com.google.android.exoplayer2.upstream.DataSource,byte[],com.google.android.exoplayer2.util.PriorityTaskManager,int,com.google.android.exoplayer2.upstream.cache.CacheUtil$CachingCounters,java.util.concurrent.atomic.AtomicBoolean)>($r0, $l1, $l5, $r2, $r3, $r4, $i0, $r5, $r6)


Findings in Java Class: com.google.android.exoplayer2.upstream.ByteArrayDataSource

	 in Method: long open(com.google.android.exoplayer2.upstream.DataSpec)
		IncompleteOperationError violating CrySL rule for javax.crypto.Cipher (on Object #ad9656c930924577ea062ff7c2d4a44f80931bc0b7e26fd1da4bf0d3ddd82867)
			Operation on object of type javax.crypto.Cipher object not completed. Expected call to init
			at statement: virtualinvoke r0.<com.google.android.exoplayer2.upstream.ByteArrayDataSource: void transferInitializing(com.google.android.exoplayer2.upstream.DataSpec)>($r2)


Findings in Java Class: com.google.android.exoplayer2.upstream.cache.CacheDataSource

	 in Method: long open(com.google.android.exoplayer2.upstream.DataSpec)
		IncompleteOperationError violating CrySL rule for javax.crypto.Cipher (on Object #ad9656c930924577ea062ff7c2d4a44f80931bc0b7e26fd1da4bf0d3ddd82867)
			Operation on object of type javax.crypto.Cipher object not completed. Expected call to init
			at statement: specialinvoke r0.<com.google.android.exoplayer2.upstream.cache.CacheDataSource: void notifyCacheIgnored(int)>($i0)

		IncompleteOperationError violating CrySL rule for javax.crypto.Cipher (on Object #ad9656c930924577ea062ff7c2d4a44f80931bc0b7e26fd1da4bf0d3ddd82867)
			Operation on object of type javax.crypto.Cipher object not completed. Expected call to init
			at statement: specialinvoke r0.<com.google.android.exoplayer2.upstream.cache.CacheDataSource: void handleBeforeThrow(java.io.IOException)>($r9)

		IncompleteOperationError violating CrySL rule for javax.crypto.Cipher (on Object #ad9656c930924577ea062ff7c2d4a44f80931bc0b7e26fd1da4bf0d3ddd82867)
			Operation on object of type javax.crypto.Cipher object not completed. Expected call to init
			at statement: $i0 = specialinvoke r0.<com.google.android.exoplayer2.upstream.cache.CacheDataSource: int shouldIgnoreCacheForRequest(com.google.android.exoplayer2.upstream.DataSpec)>($r1)


	 in Method: void close()
		IncompleteOperationError violating CrySL rule for javax.crypto.Cipher (on Object #ad9656c930924577ea062ff7c2d4a44f80931bc0b7e26fd1da4bf0d3ddd82867)
			Operation on object of type javax.crypto.Cipher object not completed. Expected call to init
			at statement: specialinvoke r0.<com.google.android.exoplayer2.upstream.cache.CacheDataSource: void handleBeforeThrow(java.io.IOException)>($r2)


	 in Method: int read(byte[],int,int)
		IncompleteOperationError violating CrySL rule for javax.crypto.Cipher (on Object #ad9656c930924577ea062ff7c2d4a44f80931bc0b7e26fd1da4bf0d3ddd82867)
			Operation on object of type javax.crypto.Cipher object not completed. Expected call to init
			at statement: specialinvoke r0.<com.google.android.exoplayer2.upstream.cache.CacheDataSource: void handleBeforeThrow(java.io.IOException)>($r4)


Findings in Java Class: com.google.android.exoplayer2.upstream.AssetDataSource

	 in Method: void close()
		IncompleteOperationError violating CrySL rule for javax.crypto.Cipher (on Object #ad9656c930924577ea062ff7c2d4a44f80931bc0b7e26fd1da4bf0d3ddd82867)
			Operation on object of type javax.crypto.Cipher object not completed. Expected call to init
			at statement: virtualinvoke r0.<com.google.android.exoplayer2.upstream.AssetDataSource: void transferEnded()>()


	 in Method: long open(com.google.android.exoplayer2.upstream.DataSpec)
		IncompleteOperationError violating CrySL rule for javax.crypto.Cipher (on Object #ad9656c930924577ea062ff7c2d4a44f80931bc0b7e26fd1da4bf0d3ddd82867)
			Operation on object of type javax.crypto.Cipher object not completed. Expected call to init
			at statement: virtualinvoke r0.<com.google.android.exoplayer2.upstream.AssetDataSource: void transferInitializing(com.google.android.exoplayer2.upstream.DataSpec)>($r1)


Findings in Java Class: com.google.android.exoplayer2.upstream.DefaultHttpDataSource

	 in Method: void skipInternal()
		IncompleteOperationError violating CrySL rule for javax.crypto.Cipher (on Object #ad9656c930924577ea062ff7c2d4a44f80931bc0b7e26fd1da4bf0d3ddd82867)
			Operation on object of type javax.crypto.Cipher object not completed. Expected call to init
			at statement: virtualinvoke r0.<com.google.android.exoplayer2.upstream.DefaultHttpDataSource: void bytesTransferred(int)>($i3)


	 in Method: void close()
		IncompleteOperationError violating CrySL rule for javax.crypto.Cipher (on Object #ad9656c930924577ea062ff7c2d4a44f80931bc0b7e26fd1da4bf0d3ddd82867)
			Operation on object of type javax.crypto.Cipher object not completed. Expected call to init
			at statement: specialinvoke r0.<com.google.android.exoplayer2.upstream.DefaultHttpDataSource: void closeConnectionQuietly()>()

		IncompleteOperationError violating CrySL rule for javax.crypto.Cipher (on Object #ad9656c930924577ea062ff7c2d4a44f80931bc0b7e26fd1da4bf0d3ddd82867)
			Operation on object of type javax.crypto.Cipher object not completed. Expected call to init
			at statement: virtualinvoke r0.<com.google.android.exoplayer2.upstream.DefaultHttpDataSource: void transferEnded()>()


	 in Method: long open(com.google.android.exoplayer2.upstream.DataSpec)
		IncompleteOperationError violating CrySL rule for javax.crypto.Cipher (on Object #ad9656c930924577ea062ff7c2d4a44f80931bc0b7e26fd1da4bf0d3ddd82867)
			Operation on object of type javax.crypto.Cipher object not completed. Expected call to init
			at statement: specialinvoke r0.<com.google.android.exoplayer2.upstream.DefaultHttpDataSource: void closeConnectionQuietly()>()

		IncompleteOperationError violating CrySL rule for javax.crypto.Cipher (on Object #ad9656c930924577ea062ff7c2d4a44f80931bc0b7e26fd1da4bf0d3ddd82867)
			Operation on object of type javax.crypto.Cipher object not completed. Expected call to init
			at statement: specialinvoke r0.<com.google.android.exoplayer2.upstream.DefaultHttpDataSource: void closeConnectionQuietly()>()

		IncompleteOperationError violating CrySL rule for javax.crypto.Cipher (on Object #ad9656c930924577ea062ff7c2d4a44f80931bc0b7e26fd1da4bf0d3ddd82867)
			Operation on object of type javax.crypto.Cipher object not completed. Expected call to init
			at statement: specialinvoke r0.<com.google.android.exoplayer2.upstream.DefaultHttpDataSource: void closeConnectionQuietly()>()

		IncompleteOperationError violating CrySL rule for javax.crypto.Cipher (on Object #ad9656c930924577ea062ff7c2d4a44f80931bc0b7e26fd1da4bf0d3ddd82867)
			Operation on object of type javax.crypto.Cipher object not completed. Expected call to init
			at statement: specialinvoke r0.<com.google.android.exoplayer2.upstream.DefaultHttpDataSource: void closeConnectionQuietly()>()


	 in Method: java.net.HttpURLConnection makeConnection(com.google.android.exoplayer2.upstream.DataSpec)
		IncompleteOperationError violating CrySL rule for javax.crypto.Cipher (on Object #ad9656c930924577ea062ff7c2d4a44f80931bc0b7e26fd1da4bf0d3ddd82867)
			Operation on object of type javax.crypto.Cipher object not completed. Expected call to init
			at statement: $r6 = specialinvoke r0.<com.google.android.exoplayer2.upstream.DefaultHttpDataSource: java.net.HttpURLConnection makeConnection(java.net.URL,int,byte[],long,long,boolean,boolean)>($r2, $i2, $r5, $l0, $l3, $z0, varReplacer16324)


Findings in Java Class: com.google.android.exoplayer2.upstream.DataSourceInputStream

	 in Method: void checkOpened()
		IncompleteOperationError violating CrySL rule for javax.crypto.Cipher (on Object #ad9656c930924577ea062ff7c2d4a44f80931bc0b7e26fd1da4bf0d3ddd82867)
			Operation on object of type javax.crypto.Cipher object not completed. Expected call to init
			at statement: interfaceinvoke $r2.<com.google.android.exoplayer2.upstream.DataSource: long open(com.google.android.exoplayer2.upstream.DataSpec)>($r1)


Findings in Java Class: com.google.android.exoplayer2.offline.ProgressiveDownloader

	 in Method: void download()
		IncompleteOperationError violating CrySL rule for javax.crypto.Cipher (on Object #ad9656c930924577ea062ff7c2d4a44f80931bc0b7e26fd1da4bf0d3ddd82867)
			Operation on object of type javax.crypto.Cipher object not completed. Expected call to init
			at statement: staticinvoke <com.google.android.exoplayer2.upstream.cache.CacheUtil: void cache(com.google.android.exoplayer2.upstream.DataSpec,com.google.android.exoplayer2.upstream.cache.Cache,com.google.android.exoplayer2.upstream.cache.CacheDataSource,byte[],com.google.android.exoplayer2.util.PriorityTaskManager,int,com.google.android.exoplayer2.upstream.cache.CacheUtil$CachingCounters,java.util.concurrent.atomic.AtomicBoolean,boolean)>($r7, $r1, $r2, $r3, $r4, varReplacer8936, $r5, $r6, varReplacer8937)


Findings in Java Class: com.google.android.exoplayer2.upstream.ContentDataSource

	 in Method: long open(com.google.android.exoplayer2.upstream.DataSpec)
		IncompleteOperationError violating CrySL rule for javax.crypto.Cipher (on Object #ad9656c930924577ea062ff7c2d4a44f80931bc0b7e26fd1da4bf0d3ddd82867)
			Operation on object of type javax.crypto.Cipher object not completed. Expected call to init
			at statement: virtualinvoke r0.<com.google.android.exoplayer2.upstream.ContentDataSource: void transferInitializing(com.google.android.exoplayer2.upstream.DataSpec)>($r1)


	 in Method: void close()
		IncompleteOperationError violating CrySL rule for javax.crypto.Cipher (on Object #ad9656c930924577ea062ff7c2d4a44f80931bc0b7e26fd1da4bf0d3ddd82867)
			Operation on object of type javax.crypto.Cipher object not completed. Expected call to init
			at statement: virtualinvoke r0.<com.google.android.exoplayer2.upstream.ContentDataSource: void transferEnded()>()

		IncompleteOperationError violating CrySL rule for javax.crypto.Cipher (on Object #ad9656c930924577ea062ff7c2d4a44f80931bc0b7e26fd1da4bf0d3ddd82867)
			Operation on object of type javax.crypto.Cipher object not completed. Expected call to init
			at statement: virtualinvoke r0.<com.google.android.exoplayer2.upstream.ContentDataSource: void transferEnded()>()

		IncompleteOperationError violating CrySL rule for javax.crypto.Cipher (on Object #ad9656c930924577ea062ff7c2d4a44f80931bc0b7e26fd1da4bf0d3ddd82867)
			Operation on object of type javax.crypto.Cipher object not completed. Expected call to init
			at statement: virtualinvoke r0.<com.google.android.exoplayer2.upstream.ContentDataSource: void transferEnded()>()


Findings in Java Class: com.google.android.exoplayer2.upstream.FileDataSource

	 in Method: long open(com.google.android.exoplayer2.upstream.DataSpec)
		IncompleteOperationError violating CrySL rule for javax.crypto.Cipher (on Object #ad9656c930924577ea062ff7c2d4a44f80931bc0b7e26fd1da4bf0d3ddd82867)
			Operation on object of type javax.crypto.Cipher object not completed. Expected call to init
			at statement: virtualinvoke r0.<com.google.android.exoplayer2.upstream.FileDataSource: void transferInitializing(com.google.android.exoplayer2.upstream.DataSpec)>($r1)


	 in Method: void close()
		IncompleteOperationError violating CrySL rule for javax.crypto.Cipher (on Object #ad9656c930924577ea062ff7c2d4a44f80931bc0b7e26fd1da4bf0d3ddd82867)
			Operation on object of type javax.crypto.Cipher object not completed. Expected call to init
			at statement: virtualinvoke r0.<com.google.android.exoplayer2.upstream.FileDataSource: void transferEnded()>()


Findings in Java Class: com.google.android.exoplayer2.upstream.RawResourceDataSource

	 in Method: long open(com.google.android.exoplayer2.upstream.DataSpec)
		IncompleteOperationError violating CrySL rule for javax.crypto.Cipher (on Object #ad9656c930924577ea062ff7c2d4a44f80931bc0b7e26fd1da4bf0d3ddd82867)
			Operation on object of type javax.crypto.Cipher object not completed. Expected call to init
			at statement: virtualinvoke r0.<com.google.android.exoplayer2.upstream.RawResourceDataSource: void transferInitializing(com.google.android.exoplayer2.upstream.DataSpec)>($r2)


	 in Method: void close()
		IncompleteOperationError violating CrySL rule for javax.crypto.Cipher (on Object #ad9656c930924577ea062ff7c2d4a44f80931bc0b7e26fd1da4bf0d3ddd82867)
			Operation on object of type javax.crypto.Cipher object not completed. Expected call to init
			at statement: virtualinvoke r0.<com.google.android.exoplayer2.upstream.RawResourceDataSource: void transferEnded()>()

		IncompleteOperationError violating CrySL rule for javax.crypto.Cipher (on Object #ad9656c930924577ea062ff7c2d4a44f80931bc0b7e26fd1da4bf0d3ddd82867)
			Operation on object of type javax.crypto.Cipher object not completed. Expected call to init
			at statement: virtualinvoke r0.<com.google.android.exoplayer2.upstream.RawResourceDataSource: void transferEnded()>()

		IncompleteOperationError violating CrySL rule for javax.crypto.Cipher (on Object #ad9656c930924577ea062ff7c2d4a44f80931bc0b7e26fd1da4bf0d3ddd82867)
			Operation on object of type javax.crypto.Cipher object not completed. Expected call to init
			at statement: virtualinvoke r0.<com.google.android.exoplayer2.upstream.RawResourceDataSource: void transferEnded()>()


Findings in Java Class: com.google.android.exoplayer2.upstream.DataSchemeDataSource

	 in Method: long open(com.google.android.exoplayer2.upstream.DataSpec)
		IncompleteOperationError violating CrySL rule for javax.crypto.Cipher (on Object #ad9656c930924577ea062ff7c2d4a44f80931bc0b7e26fd1da4bf0d3ddd82867)
			Operation on object of type javax.crypto.Cipher object not completed. Expected call to init
			at statement: virtualinvoke r0.<com.google.android.exoplayer2.upstream.DataSchemeDataSource: void transferInitializing(com.google.android.exoplayer2.upstream.DataSpec)>($r1)


Findings in Java Class: okhttp3.internal.platform.Platform

	 in Method: javax.net.ssl.SSLContext getSSLContext()
		ConstraintError violating CrySL rule for javax.net.ssl.SSLContext (on Object #6492411d2dd8de7a01bb405b3fb118a3cd787d39f3a15291c0611d8df0b348bb)
			First parameter (with value "TLS") should be any of {TLSv1.2, TLSv1.3}
			at statement: $r4 = staticinvoke <javax.net.ssl.SSLContext: javax.net.ssl.SSLContext getInstance(java.lang.String)>(varReplacer20316)


Findings in Java Class: okhttp3.internal.platform.ConscryptPlatform

	 in Method: javax.net.ssl.SSLContext getSSLContext()
		ConstraintError violating CrySL rule for javax.net.ssl.SSLContext (on Object #54085f3049102c91acc8eb31d8af60e0a97ab88989097f14fc61389725d8e04d)
			First parameter (with value "TLS") should be any of {TLSv1.2, TLSv1.3}
			at statement: $r3 = staticinvoke <javax.net.ssl.SSLContext: javax.net.ssl.SSLContext getInstance(java.lang.String,java.security.Provider)>(varReplacer20318, $r2)


Findings in Java Class: okhttp3.internal.platform.AndroidPlatform

	 in Method: javax.net.ssl.SSLContext getSSLContext()
		ConstraintError violating CrySL rule for javax.net.ssl.SSLContext (on Object #d9b71674c61285617a3d0f85ff60e2f640bb2c0173c4d4cff877a275b20ae2f8)
			First parameter (with value "TLS") should be any of {TLSv1.2, TLSv1.3}
			at statement: $r3 = staticinvoke <javax.net.ssl.SSLContext: javax.net.ssl.SSLContext getInstance(java.lang.String)>(varReplacer20323)


Findings in Java Class: okio.ByteString

	 in Method: okio.ByteString digest(java.lang.String)
		ConstraintError violating CrySL rule for java.security.MessageDigest (on Object #b336d574501b28a5bd90db22472c23a68acb0c1b99c4f14746fdc2a23c69a24e)
			First parameter (with value "SHA-1") should be any of {SHA-256, SHA-384, SHA-512}
			at statement: $r2 = staticinvoke <java.security.MessageDigest: java.security.MessageDigest getInstance(java.lang.String)>($r1)

		ConstraintError violating CrySL rule for java.security.MessageDigest (on Object #b336d574501b28a5bd90db22472c23a68acb0c1b99c4f14746fdc2a23c69a24e)
			First parameter (with value "MD5") should be any of {SHA-256, SHA-384, SHA-512}
			at statement: $r2 = staticinvoke <java.security.MessageDigest: java.security.MessageDigest getInstance(java.lang.String)>($r1)


Findings in Java Class: okhttp3.Cache$Entry

	 in Method: java.util.List readCertificateList(okio.BufferedSource)
		IncompleteOperationError violating CrySL rule for java.security.cert.CertificateFactory (on Object #4f5119bb21ce898c9bb778ee5a9deb9685f824dbb13d8fb6d80c8d8fee440054)
			Operation on object of type java.security.cert.CertificateFactory object not completed. Expected call to generateCertPath, generateCertificate, generateCRL
			at statement: $r5 = staticinvoke <java.security.cert.CertificateFactory: java.security.cert.CertificateFactory getInstance(java.lang.String)>(varReplacer32711)

		TypestateError violating CrySL rule for java.security.cert.CertificateFactory (on Object #4f5119bb21ce898c9bb778ee5a9deb9685f824dbb13d8fb6d80c8d8fee440054)
			Unexpected call to method generateCertificate on object of type java.security.cert.CertificateFactory. Expect a call to one of the following methods generateCRL
			at statement: $r9 = virtualinvoke $r5.<java.security.cert.CertificateFactory: java.security.cert.Certificate generateCertificate(java.io.InputStream)>($r8)

		IncompleteOperationError violating CrySL rule for java.security.cert.CertificateFactory (on Object #4f5119bb21ce898c9bb778ee5a9deb9685f824dbb13d8fb6d80c8d8fee440054)
			Operation on object of type java.security.cert.CertificateFactory object not completed. Expected call to generateCertPath, generateCRL, java.security.cert.CertificateFactory: java.security.cert.Certificate generateCertificate(java.io.InputStream)
			at statement: $r9 = virtualinvoke $r5.<java.security.cert.CertificateFactory: java.security.cert.Certificate generateCertificate(java.io.InputStream)>($r8)


Findings in Java Class: okhttp3.OkHttpClient

	 in Method: javax.net.ssl.SSLSocketFactory newSslSocketFactory(javax.net.ssl.X509TrustManager)
		RequiredPredicateError violating CrySL rule for javax.net.ssl.SSLContext
			Second parameter was not properly generated as generatedTrustManagers
			at statement: virtualinvoke $r2.<javax.net.ssl.SSLContext: void init(javax.net.ssl.KeyManager[],javax.net.ssl.TrustManager[],java.security.SecureRandom)>(varReplacer16463, $r7, varReplacer16463)

		RequiredPredicateError violating CrySL rule for javax.net.ssl.SSLContext
			Third parameter was not properly generated as randomized
			at statement: virtualinvoke $r2.<javax.net.ssl.SSLContext: void init(javax.net.ssl.KeyManager[],javax.net.ssl.TrustManager[],java.security.SecureRandom)>(varReplacer16463, $r7, varReplacer16463)

		RequiredPredicateError violating CrySL rule for javax.net.ssl.SSLContext
			First parameter was not properly generated as generatedKeyManagers
			at statement: virtualinvoke $r2.<javax.net.ssl.SSLContext: void init(javax.net.ssl.KeyManager[],javax.net.ssl.TrustManager[],java.security.SecureRandom)>(varReplacer16463, $r7, varReplacer16463)


======================= CryptoAnalysis Summary ==========================
	Number of CrySL rules: 49
	Number of Objects Analyzed: 31

	CryptoAnalysis found the following violations. For details see description above.
	ConstraintError: 10
	TypestateError: 6
	IncompleteOperationError: 51
	RequiredPredicateError: 12
=====================================================================
