0    [main] WARN  pes.access.impl.DeclaredTypeFactory  - --- xtext.common.types ---------------------------------------------------
1    [main] WARN  pes.access.impl.DeclaredTypeFactory  - ASM library is too old. Falling back to java.lang.reflect API.
1    [main] WARN  pes.access.impl.DeclaredTypeFactory  - Please note that no information about compile time constants is available.
1    [main] WARN  pes.access.impl.DeclaredTypeFactory  - It's recommended to use org.objectweb.asm 9.1.0 or better (Maven group id: org.ow2.asm).
1    [main] WARN  pes.access.impl.DeclaredTypeFactory  - --------------------------------------------------------------------------
Alive 24241  5000
Alive 39977  5000
Alive 39806  5000
Alive 38904  5000
Alive 45742  5000
Alive 45111  5000
Alive 49613  5000
Alive 49608  5000
Alive 46307  5000
Alive 42148  5000
Alive 51137  5000
Alive 45045  5000
Alive 50405  5000
Alive 44489  5000
Alive 46840  5000
Alive 44104  5000
Alive 44579  5000
Alive 37190  5000
Alive 29093  5000
Alive 30411  5000
Alive 36611  5000
Alive 45718  5000
Alive 39863  5000
Alive 39971  5000
Alive 42624  5000
