0    [main] WARN  pes.access.impl.DeclaredTypeFactory  - --- xtext.common.types ---------------------------------------------------
1    [main] WARN  pes.access.impl.DeclaredTypeFactory  - ASM library is too old. Falling back to java.lang.reflect API.
1    [main] WARN  pes.access.impl.DeclaredTypeFactory  - Please note that no information about compile time constants is available.
1    [main] WARN  pes.access.impl.DeclaredTypeFactory  - It's recommended to use org.objectweb.asm 9.1.0 or better (Maven group id: org.ow2.asm).
1    [main] WARN  pes.access.impl.DeclaredTypeFactory  - --------------------------------------------------------------------------
Alive 15608  5000
Alive 24799  5000
Alive 25522  5000
Alive 35879  5000
Alive 28364  5000
Alive 32791  5000
Alive 26555  5000
Alive 30740  5000
Alive 31765  5000
Alive 25581  5000
Alive 25740  5000
Alive 25754  5000
Alive 25841  5000
Alive 24577  5000
Alive 27765  5000
Alive 25329  5000
Alive 25003  5000
Alive 24889  5000
Alive 25959  5000
Alive 23545  5000
Alive 29180  5000
Alive 22572  5000
Alive 27587  5000
Alive 22625  5000
Alive 21438  5000
Alive 23186  5000
Alive 23146  5000
Alive 23214  5000
Alive 51269  5000
Alive 36288  5000
Alive 32205  5000
Alive 28705  5000
Alive 32317  5000
Alive 24575  5000
Alive 25464  5000
Alive 25397  5000
Alive 34738  5000
Alive 24321  5000
Alive 22507  5000
