0    [main] WARN  pes.access.impl.DeclaredTypeFactory  - --- xtext.common.types ---------------------------------------------------
1    [main] WARN  pes.access.impl.DeclaredTypeFactory  - ASM library is too old. Falling back to java.lang.reflect API.
1    [main] WARN  pes.access.impl.DeclaredTypeFactory  - Please note that no information about compile time constants is available.
1    [main] WARN  pes.access.impl.DeclaredTypeFactory  - It's recommended to use org.objectweb.asm 9.1.0 or better (Maven group id: org.ow2.asm).
1    [main] WARN  pes.access.impl.DeclaredTypeFactory  - --------------------------------------------------------------------------
Ruleset: 
	java.security.cert.TrustAnchor
	javax.crypto.spec.GCMParameterSpec
	javax.xml.crypto.dsig.spec.HMACParameterSpec
	java.security.KeyPair
	java.security.DigestOutputStream
	javax.net.ssl.KeyStoreBuilderParameters
	javax.crypto.spec.OAEPParameterSpec
	javax.net.ssl.SSLContext
	javax.crypto.spec.DHGenParameterSpec
	javax.crypto.CipherOutputStream
	java.security.Key
	javax.crypto.SecretKeyFactory
	java.security.cert.PKIXBuilderParameters
	java.security.KeyFactory
	javax.crypto.spec.PBEKeySpec
	java.security.spec.DSAGenParameterSpec
	java.security.KeyPairGenerator
	javax.crypto.CipherInputStream
	javax.net.ssl.CertPathTrustManagerParameters
	java.security.cert.CertificateFactory
	java.security.SecureRandom
	java.security.spec.MGF1ParameterSpec
	javax.net.ssl.SSLEngine
	javax.crypto.spec.DHParameterSpec
	java.security.spec.DSAParameterSpec
	java.security.spec.ECParameterSpec
	java.security.spec.RSAKeyGenParameterSpec
	javax.crypto.spec.IvParameterSpec
	javax.crypto.Cipher
	javax.crypto.spec.PBEParameterSpec
	java.security.AlgorithmParameterGenerator
	java.security.spec.X509EncodedKeySpec
	javax.net.ssl.TrustManagerFactory
	java.security.DigestInputStream
	void
	javax.net.ssl.KeyManagerFactory
	java.security.cert.PKIXParameters
	java.net.PasswordAuthentication
	java.security.AlgorithmParameters
	javax.crypto.KeyAgreement
	javax.crypto.spec.SecretKeySpec
	javax.net.ssl.SSLParameters
	java.security.MessageDigest
	javax.crypto.SecretKey
	javax.crypto.KeyGenerator
	java.security.KeyStore
	javax.crypto.Mac
	java.security.spec.ECGenParameterSpec
	java.security.Signature

Analyzed Objects: 
	Object:
		Variable: $r4
		Type: byte[]
		Statement: $r4 = virtualinvoke $r3.<java.security.MessageDigest: byte[] digest(byte[])>($r4)
		Method: <m.j: m.j e(java.lang.String)>
		SHA-256: 7dae77e5566e3bb88a6c7747f0fa2e4d804068c8ee970c7167455519eeb09843
		Secure: false
	Object:
		Variable: $r1
		Type: javax.net.ssl.TrustManagerFactory
		Statement: $r1 = staticinvoke <javax.net.ssl.TrustManagerFactory: javax.net.ssl.TrustManagerFactory getInstance(java.lang.String,java.lang.String)>(varReplacer26262, varReplacer26263)
		Method: <l.o0.l.c: javax.net.ssl.X509TrustManager n()>
		SHA-256: 1b9d6f3efa8a93a3083bb8ab16d4eb1b8737f4a54d6e8a14056839d7a9528736
		Secure: false
	Object:
		Variable: $r1
		Type: javax.net.ssl.SSLContext
		Statement: $r1 = staticinvoke <javax.net.ssl.SSLContext: javax.net.ssl.SSLContext getInstance(java.lang.String,java.security.Provider)>(varReplacer29196, $r2)
		Method: <l.o0.l.d: javax.net.ssl.SSLContext l()>
		SHA-256: c919b27c40bc8a924980889f41fef45d21f69358e58c192f9ad399f4275b3544
		Secure: false
	Object:
		Variable: $r3
		Type: javax.net.ssl.TrustManagerFactory
		Statement: $r3 = staticinvoke <javax.net.ssl.TrustManagerFactory: javax.net.ssl.TrustManagerFactory getInstance(java.lang.String,java.security.Provider)>($r1, $r2)
		Method: <l.o0.l.g: javax.net.ssl.X509TrustManager n()>
		SHA-256: 87b81b483151d336e88af40798ae6eafe46adf12b6d13d93bfa76095184b1d96
		Secure: false
	Object:
		Variable: $r6
		Type: java.security.cert.CertificateFactory
		Statement: $r6 = staticinvoke <java.security.cert.CertificateFactory: java.security.cert.CertificateFactory getInstance(java.lang.String)>(varReplacer31787)
		Method: <l.d$b: java.util.List a(m.i)>
		SHA-256: 1b6172b45eae4dbd179fa1dde738788a87837cef72f136c6f260dea809f125e1
		Secure: false
	Object:
		Variable: $r2
		Type: javax.net.ssl.TrustManagerFactory
		Statement: $r2 = staticinvoke <javax.net.ssl.TrustManagerFactory: javax.net.ssl.TrustManagerFactory getInstance(java.lang.String)>($r1)
		Method: <l.o0.l.d: javax.net.ssl.X509TrustManager n()>
		SHA-256: ecc19ff0fec1a975d82fe0bde3b33e1e87c3d8d266649df9526784037e1751e3
		Secure: false
	Object:
		Variable: $r3
		Type: javax.net.ssl.TrustManager[]
		Statement: $r3 = virtualinvoke $r2.<javax.net.ssl.TrustManagerFactory: javax.net.ssl.TrustManager[] getTrustManagers()>()
		Method: <l.o0.l.h: javax.net.ssl.X509TrustManager n()>
		SHA-256: fa8efaa709169a1debb60b5d666124f668f083d671d462f58199fc5bc48e35a6
		Secure: false
	Object:
		Variable: $r2
		Type: java.security.MessageDigest
		Statement: $r2 = staticinvoke <java.security.MessageDigest: java.security.MessageDigest getInstance(java.lang.String)>($r1)
		Method: <m.x: m.j e(java.lang.String)>
		SHA-256: 450a2ccac88ed1a3b9372769665e38df26087c1cc9484449d2861cefdd1a7a59
		Secure: false
	Object:
		Variable: $r1
		Type: javax.net.ssl.SSLContext
		Statement: $r1 = staticinvoke <javax.net.ssl.SSLContext: javax.net.ssl.SSLContext getInstance(java.lang.String)>(varReplacer29197)
		Method: <l.o0.l.h: javax.net.ssl.SSLContext l()>
		SHA-256: cce9bce7d1a012691b0911e40c5659ab80ecde996811150228d465d46b99c67
		Secure: false
	Object:
		Variable: $r3
		Type: java.security.MessageDigest
		Statement: $r3 = staticinvoke <java.security.MessageDigest: java.security.MessageDigest getInstance(java.lang.String)>($r1)
		Method: <m.j: m.j e(java.lang.String)>
		SHA-256: 66556e419c8488c04af1cade4a67da7b86e88d0f64088f1fbced291634b26a82
		Secure: false
	Object:
		Variable: $r2
		Type: javax.net.ssl.TrustManagerFactory
		Statement: $r2 = staticinvoke <javax.net.ssl.TrustManagerFactory: javax.net.ssl.TrustManagerFactory getInstance(java.lang.String)>($r1)
		Method: <l.o0.l.h: javax.net.ssl.X509TrustManager n()>
		SHA-256: c180547faa36e648e7c8c3c296d52765e42b8a21e4f86f3efe5030fdfa87b655
		Secure: false
	Object:
		Variable: $r4
		Type: javax.net.ssl.TrustManager[]
		Statement: $r4 = virtualinvoke $r3.<javax.net.ssl.TrustManagerFactory: javax.net.ssl.TrustManager[] getTrustManagers()>()
		Method: <l.o0.l.g: javax.net.ssl.X509TrustManager n()>
		SHA-256: c46441860ffe4c189dd537a2511173f61360c7baa17e3be41803ef763b36f821
		Secure: false
	Object:
		Variable: $r2
		Type: javax.net.ssl.TrustManager[]
		Statement: $r2 = virtualinvoke $r1.<javax.net.ssl.TrustManagerFactory: javax.net.ssl.TrustManager[] getTrustManagers()>()
		Method: <l.o0.l.c: javax.net.ssl.X509TrustManager n()>
		SHA-256: dc3a86eafd13c758a63011e26df9c84907fb163756e08e23102ad1f795f9669a
		Secure: false
	Object:
		Variable: $r5
		Type: byte[]
		Statement: $r5 = virtualinvoke $r2.<java.security.MessageDigest: byte[] digest()>()
		Method: <m.x: m.j e(java.lang.String)>
		SHA-256: e50aa2f7e037eccfd6a052ac97a9b765d0a74104f4fab9c782657443233bfb69
		Secure: false
	Object:
		Variable: $r1
		Type: javax.net.ssl.SSLContext
		Statement: $r1 = staticinvoke <javax.net.ssl.SSLContext: javax.net.ssl.SSLContext getInstance(java.lang.String,java.security.Provider)>(varReplacer29193, $r2)
		Method: <l.o0.l.c: javax.net.ssl.SSLContext l()>
		SHA-256: dde01980250cc0fa913506e210ff0918a19c3a21b8374848cb2a0abb9b2bb19
		Secure: false
	Object:
		Variable: $r3
		Type: javax.net.ssl.TrustManager[]
		Statement: $r3 = virtualinvoke $r2.<javax.net.ssl.TrustManagerFactory: javax.net.ssl.TrustManager[] getTrustManagers()>()
		Method: <l.o0.l.d: javax.net.ssl.X509TrustManager n()>
		SHA-256: c0fb4072786944a7edfd8a23b7f5429f6796a990fd729cc019d35773310a60fc
		Secure: false
	Object:
		Variable: $r4
		Type: javax.net.ssl.SSLContext
		Statement: $r4 = staticinvoke <javax.net.ssl.SSLContext: javax.net.ssl.SSLContext getInstance(java.lang.String,java.security.Provider)>(varReplacer26289, $r3)
		Method: <l.o0.l.d: javax.net.ssl.SSLSocketFactory m(javax.net.ssl.X509TrustManager)>
		SHA-256: a59fc68e045562f76c45ae08a6a910e068bb40e676ba462f33751abf7a9c1b96
		Secure: false
	Object:
		Variable: $r1
		Type: javax.net.ssl.SSLContext
		Statement: $r1 = staticinvoke <javax.net.ssl.SSLContext: javax.net.ssl.SSLContext getInstance(java.lang.String,java.security.Provider)>(varReplacer29199, $r2)
		Method: <l.o0.l.g: javax.net.ssl.SSLContext l()>
		SHA-256: 286db3b1ccaf7ba128b3a1ddc80cd31c1f7393c363ee16a6810ad8af3a5a60a7
		Secure: false

Findings in Java Class: l.o0.l.d

	 in Method: javax.net.ssl.SSLSocketFactory m(javax.net.ssl.X509TrustManager)
		RequiredPredicateError violating CrySL rule for javax.net.ssl.SSLContext
			First parameter was not properly generated as generatedKeyManagers
			at statement: virtualinvoke $r4.<javax.net.ssl.SSLContext: void init(javax.net.ssl.KeyManager[],javax.net.ssl.TrustManager[],java.security.SecureRandom)>(varReplacer26293, $r6, varReplacer26293)

		RequiredPredicateError violating CrySL rule for javax.net.ssl.SSLContext
			Second parameter was not properly generated as generatedTrustManagers
			at statement: virtualinvoke $r4.<javax.net.ssl.SSLContext: void init(javax.net.ssl.KeyManager[],javax.net.ssl.TrustManager[],java.security.SecureRandom)>(varReplacer26293, $r6, varReplacer26293)

		RequiredPredicateError violating CrySL rule for javax.net.ssl.SSLContext
			Third parameter was not properly generated as randomized
			at statement: virtualinvoke $r4.<javax.net.ssl.SSLContext: void init(javax.net.ssl.KeyManager[],javax.net.ssl.TrustManager[],java.security.SecureRandom)>(varReplacer26293, $r6, varReplacer26293)

		ConstraintError violating CrySL rule for javax.net.ssl.SSLContext (on Object #a59fc68e045562f76c45ae08a6a910e068bb40e676ba462f33751abf7a9c1b96)
			First parameter (with value "TLS") should be any of {TLSv1.2, TLSv1.3}
			at statement: $r4 = staticinvoke <javax.net.ssl.SSLContext: javax.net.ssl.SSLContext getInstance(java.lang.String,java.security.Provider)>(varReplacer26289, $r3)


	 in Method: javax.net.ssl.SSLContext l()
		ConstraintError violating CrySL rule for javax.net.ssl.SSLContext (on Object #c919b27c40bc8a924980889f41fef45d21f69358e58c192f9ad399f4275b3544)
			First parameter (with value "TLS") should be any of {TLSv1.2, TLSv1.3}
			at statement: $r1 = staticinvoke <javax.net.ssl.SSLContext: javax.net.ssl.SSLContext getInstance(java.lang.String,java.security.Provider)>(varReplacer29196, $r2)


	 in Method: javax.net.ssl.X509TrustManager n()
		RequiredPredicateError violating CrySL rule for javax.net.ssl.TrustManagerFactory
			First parameter was not properly generated as generatedKeyStore
			at statement: virtualinvoke $r2.<javax.net.ssl.TrustManagerFactory: void init(java.security.KeyStore)>(varReplacer26265)


Findings in Java Class: l.o0.l.c

	 in Method: javax.net.ssl.SSLContext l()
		ConstraintError violating CrySL rule for javax.net.ssl.SSLContext (on Object #dde01980250cc0fa913506e210ff0918a19c3a21b8374848cb2a0abb9b2bb19)
			First parameter (with value "TLS") should be any of {TLSv1.2, TLSv1.3}
			at statement: $r1 = staticinvoke <javax.net.ssl.SSLContext: javax.net.ssl.SSLContext getInstance(java.lang.String,java.security.Provider)>(varReplacer29193, $r2)


	 in Method: javax.net.ssl.X509TrustManager n()
		RequiredPredicateError violating CrySL rule for javax.net.ssl.TrustManagerFactory
			First parameter was not properly generated as generatedKeyStore
			at statement: virtualinvoke $r1.<javax.net.ssl.TrustManagerFactory: void init(java.security.KeyStore)>(varReplacer26257)


Findings in Java Class: l.o0.l.h

	 in Method: javax.net.ssl.SSLContext l()
		ConstraintError violating CrySL rule for javax.net.ssl.SSLContext (on Object #cce9bce7d1a012691b0911e40c5659ab80ecde996811150228d465d46b99c67)
			First parameter (with value "TLS") should be any of {TLSv1.2, TLSv1.3}
			at statement: $r1 = staticinvoke <javax.net.ssl.SSLContext: javax.net.ssl.SSLContext getInstance(java.lang.String)>(varReplacer29197)


	 in Method: javax.net.ssl.SSLSocketFactory m(javax.net.ssl.X509TrustManager)
		RequiredPredicateError violating CrySL rule for javax.net.ssl.SSLContext
			Second parameter was not properly generated as generatedTrustManagers
			at statement: virtualinvoke $r2.<javax.net.ssl.SSLContext: void init(javax.net.ssl.KeyManager[],javax.net.ssl.TrustManager[],java.security.SecureRandom)>(varReplacer26286, $r10, varReplacer26286)

		RequiredPredicateError violating CrySL rule for javax.net.ssl.SSLContext
			Third parameter was not properly generated as randomized
			at statement: virtualinvoke $r2.<javax.net.ssl.SSLContext: void init(javax.net.ssl.KeyManager[],javax.net.ssl.TrustManager[],java.security.SecureRandom)>(varReplacer26286, $r10, varReplacer26286)

		RequiredPredicateError violating CrySL rule for javax.net.ssl.SSLContext
			First parameter was not properly generated as generatedKeyManagers
			at statement: virtualinvoke $r2.<javax.net.ssl.SSLContext: void init(javax.net.ssl.KeyManager[],javax.net.ssl.TrustManager[],java.security.SecureRandom)>(varReplacer26286, $r10, varReplacer26286)


	 in Method: javax.net.ssl.X509TrustManager n()
		RequiredPredicateError violating CrySL rule for javax.net.ssl.TrustManagerFactory
			First parameter was not properly generated as generatedKeyStore
			at statement: virtualinvoke $r2.<javax.net.ssl.TrustManagerFactory: void init(java.security.KeyStore)>(varReplacer26273)


Findings in Java Class: m.j

	 in Method: m.j e(java.lang.String)
		ConstraintError violating CrySL rule for java.security.MessageDigest (on Object #66556e419c8488c04af1cade4a67da7b86e88d0f64088f1fbced291634b26a82)
			First parameter (with value "MD5") should be any of {SHA-256, SHA-384, SHA-512}
			at statement: $r3 = staticinvoke <java.security.MessageDigest: java.security.MessageDigest getInstance(java.lang.String)>($r1)


Findings in Java Class: m.x

	 in Method: m.j e(java.lang.String)
		TypestateError violating CrySL rule for java.security.MessageDigest (on Object #450a2ccac88ed1a3b9372769665e38df26087c1cc9484449d2861cefdd1a7a59)
			Unexpected call to method <java.security.MessageDigest: byte[] digest()> on object of type java.security.MessageDigest. Expect a call to one of the following methods java.security.MessageDigest: void update(byte[],int,int),java.security.MessageDigest: void update(java.nio.ByteBuffer),java.security.MessageDigest: byte[] digest(byte[]),java.security.MessageDigest: void update(byte),java.security.MessageDigest: void update(byte[])
			at statement: $r5 = virtualinvoke $r2.<java.security.MessageDigest: byte[] digest()>()

		ConstraintError violating CrySL rule for java.security.MessageDigest (on Object #450a2ccac88ed1a3b9372769665e38df26087c1cc9484449d2861cefdd1a7a59)
			First parameter (with value "MD5") should be any of {SHA-256, SHA-384, SHA-512}
			at statement: $r2 = staticinvoke <java.security.MessageDigest: java.security.MessageDigest getInstance(java.lang.String)>($r1)


Findings in Java Class: l.d$b

	 in Method: java.util.List a(m.i)
		TypestateError violating CrySL rule for java.security.cert.CertificateFactory (on Object #1b6172b45eae4dbd179fa1dde738788a87837cef72f136c6f260dea809f125e1)
			Unexpected call to method generateCertificate on object of type java.security.cert.CertificateFactory. Expect a call to one of the following methods generateCRL
			at statement: $r10 = virtualinvoke $r6.<java.security.cert.CertificateFactory: java.security.cert.Certificate generateCertificate(java.io.InputStream)>($r9)

		IncompleteOperationError violating CrySL rule for java.security.cert.CertificateFactory (on Object #1b6172b45eae4dbd179fa1dde738788a87837cef72f136c6f260dea809f125e1)
			Operation on object of type java.security.cert.CertificateFactory object not completed. Expected call to generateCertPath, generateCRL, java.security.cert.CertificateFactory: java.security.cert.Certificate generateCertificate(java.io.InputStream)
			at statement: $r10 = virtualinvoke $r6.<java.security.cert.CertificateFactory: java.security.cert.Certificate generateCertificate(java.io.InputStream)>($r9)

		IncompleteOperationError violating CrySL rule for java.security.cert.CertificateFactory (on Object #1b6172b45eae4dbd179fa1dde738788a87837cef72f136c6f260dea809f125e1)
			Operation on object of type java.security.cert.CertificateFactory object not completed. Expected call to generateCertPath, generateCertificate, generateCRL
			at statement: $r6 = staticinvoke <java.security.cert.CertificateFactory: java.security.cert.CertificateFactory getInstance(java.lang.String)>(varReplacer31787)


Findings in Java Class: l.o0.l.g

	 in Method: javax.net.ssl.X509TrustManager n()
		RequiredPredicateError violating CrySL rule for javax.net.ssl.TrustManagerFactory
			First parameter was not properly generated as generatedKeyStore
			at statement: virtualinvoke $r3.<javax.net.ssl.TrustManagerFactory: void init(java.security.KeyStore)>(varReplacer26282)


======================= CryptoAnalysis Summary ==========================
	Number of CrySL rules: 49
	Number of Objects Analyzed: 18

	CryptoAnalysis found the following violations. For details see description above.
	RequiredPredicateError: 10
	ConstraintError: 6
	IncompleteOperationError: 2
	TypestateError: 2
=====================================================================
