0    [main] WARN  pes.access.impl.DeclaredTypeFactory  - --- xtext.common.types ---------------------------------------------------
1    [main] WARN  pes.access.impl.DeclaredTypeFactory  - ASM library is too old. Falling back to java.lang.reflect API.
1    [main] WARN  pes.access.impl.DeclaredTypeFactory  - Please note that no information about compile time constants is available.
1    [main] WARN  pes.access.impl.DeclaredTypeFactory  - It's recommended to use org.objectweb.asm 9.1.0 or better (Maven group id: org.ow2.asm).
1    [main] WARN  pes.access.impl.DeclaredTypeFactory  - --------------------------------------------------------------------------
Ruleset: 
	java.security.cert.TrustAnchor
	javax.crypto.spec.GCMParameterSpec
	javax.xml.crypto.dsig.spec.HMACParameterSpec
	java.security.KeyPair
	java.security.DigestOutputStream
	javax.net.ssl.KeyStoreBuilderParameters
	javax.crypto.spec.OAEPParameterSpec
	javax.net.ssl.SSLContext
	javax.crypto.spec.DHGenParameterSpec
	javax.crypto.CipherOutputStream
	java.security.Key
	javax.crypto.SecretKeyFactory
	java.security.cert.PKIXBuilderParameters
	java.security.KeyFactory
	javax.crypto.spec.PBEKeySpec
	java.security.spec.DSAGenParameterSpec
	java.security.KeyPairGenerator
	javax.crypto.CipherInputStream
	javax.net.ssl.CertPathTrustManagerParameters
	java.security.cert.CertificateFactory
	java.security.SecureRandom
	java.security.spec.MGF1ParameterSpec
	javax.net.ssl.SSLEngine
	javax.crypto.spec.DHParameterSpec
	java.security.spec.DSAParameterSpec
	java.security.spec.ECParameterSpec
	java.security.spec.RSAKeyGenParameterSpec
	javax.crypto.spec.IvParameterSpec
	javax.crypto.Cipher
	javax.crypto.spec.PBEParameterSpec
	java.security.AlgorithmParameterGenerator
	java.security.spec.X509EncodedKeySpec
	javax.net.ssl.TrustManagerFactory
	java.security.DigestInputStream
	void
	javax.net.ssl.KeyManagerFactory
	java.security.cert.PKIXParameters
	java.net.PasswordAuthentication
	java.security.AlgorithmParameters
	javax.crypto.KeyAgreement
	javax.crypto.spec.SecretKeySpec
	javax.net.ssl.SSLParameters
	java.security.MessageDigest
	javax.crypto.SecretKey
	javax.crypto.KeyGenerator
	java.security.KeyStore
	javax.crypto.Mac
	java.security.spec.ECGenParameterSpec
	java.security.Signature

Analyzed Objects: 
	Object:
		Variable: $r3
		Type: java.security.spec.X509EncodedKeySpec
		Statement: specialinvoke $r3.<java.security.spec.X509EncodedKeySpec: void <init>(byte[])>($r1)
		Method: <com.sagar.screenshift2.util.Security: java.security.PublicKey generatePublicKey(java.lang.String)>
		SHA-256: c34d110a9ada0e5385616cc373adba247df7b1b41374ae05753e19b0ebba5d65
		Secure: false
	Object:
		Variable: $r3
		Type: java.security.Signature
		Statement: $r3 = staticinvoke <java.security.Signature: java.security.Signature getInstance(java.lang.String)>(varReplacer3150)
		Method: <com.sagar.screenshift2.util.Security: boolean verify(java.security.PublicKey,java.lang.String,java.lang.String)>
		SHA-256: c927a9d8cbf24aa2081f69879fcdf944ea5613ae4fd91572f7d371cb9af0db72
		Secure: false
	Object:
		Variable: $r2
		Type: java.security.KeyFactory
		Statement: $r2 = staticinvoke <java.security.KeyFactory: java.security.KeyFactory getInstance(java.lang.String)>(varReplacer3161)
		Method: <com.sagar.screenshift2.util.Security: java.security.PublicKey generatePublicKey(java.lang.String)>
		SHA-256: 2d02851ea17314811f0cb82c4c2e90ebad7f2917b8985864fc290ca6653a9af9
		Secure: false
	Object:
		Variable: $z0
		Type: boolean
		Statement: $z0 = virtualinvoke $r3.<java.security.Signature: boolean verify(byte[])>($r4)
		Method: <com.sagar.screenshift2.util.Security: boolean verify(java.security.PublicKey,java.lang.String,java.lang.String)>
		SHA-256: b45de1df5a6ef65d6a93f76d37a129d11b6576f9c0d743b1efef99b83d7300f
		Secure: false
	Object:
		Variable: varReplacer3161
		Type: java.lang.String
		Statement: $r2 = staticinvoke <java.security.KeyFactory: java.security.KeyFactory getInstance(java.lang.String)>(varReplacer3161)
		Method: <com.sagar.screenshift2.util.Security: java.security.PublicKey generatePublicKey(java.lang.String)>
		SHA-256: 6ea2e36321fac8f001bc991cef2aa965bc02c9df16ec02a369f6bc03be0316dc
		Secure: false
	Object:
		Variable: $r4
		Type: java.security.PublicKey
		Statement: $r4 = virtualinvoke $r2.<java.security.KeyFactory: java.security.PublicKey generatePublic(java.security.spec.KeySpec)>($r3)
		Method: <com.sagar.screenshift2.util.Security: java.security.PublicKey generatePublicKey(java.lang.String)>
		SHA-256: 7ffcd25aa26a3a933694198f24c2dc310a72ab049bc17b4d0a88d58881786df
		Secure: false
	Object:
		Variable: $r4
		Type: byte[]
		Statement: $z0 = virtualinvoke $r3.<java.security.Signature: boolean verify(byte[])>($r4)
		Method: <com.sagar.screenshift2.util.Security: boolean verify(java.security.PublicKey,java.lang.String,java.lang.String)>
		SHA-256: 50d20e0d863bf9aaaccbe6d5f71c736bbbd4ab16c1ca9b261b70d21b96f5b665
		Secure: false

Findings in Java Class: com.sagar.screenshift2.util.Security

	 in Method: boolean verify(java.security.PublicKey,java.lang.String,java.lang.String)
		ConstraintError violating CrySL rule for java.security.Signature (on Object #c927a9d8cbf24aa2081f69879fcdf944ea5613ae4fd91572f7d371cb9af0db72)
			First parameter (with value "SHA1withRSA") should be any of {SHA256withRSA, SHA256withECDSA, SHA256withDSA, SHA384withRSA, SHA512withRSA, SHA384withECDSA, SHA512withECDSA}
			at statement: $r3 = staticinvoke <java.security.Signature: java.security.Signature getInstance(java.lang.String)>(varReplacer3150)

		RequiredPredicateError violating CrySL rule for java.security.Signature
			First parameter was not properly generated as generatedPubkey
			at statement: virtualinvoke $r3.<java.security.Signature: void initVerify(java.security.PublicKey)>($r0)


	 in Method: java.security.PublicKey generatePublicKey(java.lang.String)
		RequiredPredicateError violating CrySL rule for java.security.KeyFactory
			First parameter was not properly generated as speccedKey
			at statement: $r4 = virtualinvoke $r2.<java.security.KeyFactory: java.security.PublicKey generatePublic(java.security.spec.KeySpec)>($r3)

		RequiredPredicateError violating CrySL rule for java.security.spec.X509EncodedKeySpec
			First parameter was not properly generated as preparedKeyMaterial
			at statement: specialinvoke $r3.<java.security.spec.X509EncodedKeySpec: void <init>(byte[])>($r1)


======================= CryptoAnalysis Summary ==========================
	Number of CrySL rules: 49
	Number of Objects Analyzed: 7

	CryptoAnalysis found the following violations. For details see description above.
	ConstraintError: 1
	RequiredPredicateError: 3
=====================================================================
