0    [main] WARN  pes.access.impl.DeclaredTypeFactory  - --- xtext.common.types ---------------------------------------------------
1    [main] WARN  pes.access.impl.DeclaredTypeFactory  - ASM library is too old. Falling back to java.lang.reflect API.
1    [main] WARN  pes.access.impl.DeclaredTypeFactory  - Please note that no information about compile time constants is available.
1    [main] WARN  pes.access.impl.DeclaredTypeFactory  - It's recommended to use org.objectweb.asm 9.1.0 or better (Maven group id: org.ow2.asm).
1    [main] WARN  pes.access.impl.DeclaredTypeFactory  - --------------------------------------------------------------------------
Ruleset: 
	java.security.cert.TrustAnchor
	javax.crypto.spec.GCMParameterSpec
	javax.xml.crypto.dsig.spec.HMACParameterSpec
	java.security.KeyPair
	java.security.DigestOutputStream
	javax.net.ssl.KeyStoreBuilderParameters
	javax.crypto.spec.OAEPParameterSpec
	javax.net.ssl.SSLContext
	javax.crypto.spec.DHGenParameterSpec
	javax.crypto.CipherOutputStream
	java.security.Key
	javax.crypto.SecretKeyFactory
	java.security.cert.PKIXBuilderParameters
	java.security.KeyFactory
	javax.crypto.spec.PBEKeySpec
	java.security.spec.DSAGenParameterSpec
	java.security.KeyPairGenerator
	javax.crypto.CipherInputStream
	javax.net.ssl.CertPathTrustManagerParameters
	java.security.cert.CertificateFactory
	java.security.SecureRandom
	java.security.spec.MGF1ParameterSpec
	javax.net.ssl.SSLEngine
	javax.crypto.spec.DHParameterSpec
	java.security.spec.DSAParameterSpec
	java.security.spec.ECParameterSpec
	java.security.spec.RSAKeyGenParameterSpec
	javax.crypto.spec.IvParameterSpec
	javax.crypto.Cipher
	javax.crypto.spec.PBEParameterSpec
	java.security.AlgorithmParameterGenerator
	java.security.spec.X509EncodedKeySpec
	javax.net.ssl.TrustManagerFactory
	java.security.DigestInputStream
	void
	javax.net.ssl.KeyManagerFactory
	java.security.cert.PKIXParameters
	java.net.PasswordAuthentication
	java.security.AlgorithmParameters
	javax.crypto.KeyAgreement
	javax.crypto.spec.SecretKeySpec
	javax.net.ssl.SSLParameters
	java.security.MessageDigest
	javax.crypto.SecretKey
	javax.crypto.KeyGenerator
	java.security.KeyStore
	javax.crypto.Mac
	java.security.spec.ECGenParameterSpec
	java.security.Signature

Analyzed Objects: 
	Object:
		Variable: $r9
		Type: javax.crypto.KeyGenerator
		Statement: $r9 = staticinvoke <javax.crypto.KeyGenerator: javax.crypto.KeyGenerator getInstance(java.lang.String,java.lang.String)>(varReplacer12732, varReplacer12733)
		Method: <com.multidots.fingerprintauth.FingerPrintAuthHelper: boolean generateKey()>
		SHA-256: f5e747ab0a1c715dc011f9a5098329b27d7ae964c12a0324d53c669b1243ec19
		Secure: true
	Object:
		Variable: $r1
		Type: java.security.MessageDigest
		Statement: $r1 = staticinvoke <java.security.MessageDigest: java.security.MessageDigest getInstance(java.lang.String)>(varReplacer30135)
		Method: <com.bumptech.glide.load.engine.cache.SafeKeyGenerator$1: com.bumptech.glide.load.engine.cache.SafeKeyGenerator$PoolableDigestContainer create()>
		SHA-256: 31ec1e6aea07db3f52dfcda51cd655c7d48668fffa2afd7306da6261b6c21cb8
		Secure: true
	Object:
		Variable: $r1
		Type: byte[]
		Statement: $r1 = virtualinvoke $r2.<javax.crypto.Mac: byte[] doFinal()>()
		Method: <net.lingala.zip4j.crypto.PBKDF2.MacBasedPRF: byte[] doFinal()>
		SHA-256: 23eb6bc332ca789bcf27299e70f0704eed45b5662a070781c9eade8f4b4d6994
		Secure: false
	Object:
		Variable: $r8
		Type: java.security.KeyStore
		Statement: $r8 = staticinvoke <java.security.KeyStore: java.security.KeyStore getInstance(java.lang.String)>(varReplacer12735)
		Method: <com.multidots.fingerprintauth.FingerPrintAuthHelper: boolean generateKey()>
		SHA-256: df25d2a68eb8e5899f286382be5c2d45931f419f1f3c7b67e0570003d4ffd2e6
		Secure: false
	Object:
		Variable: $r3
		Type: javax.crypto.Mac
		Statement: $r3 = staticinvoke <javax.crypto.Mac: javax.crypto.Mac getInstance(java.lang.String)>($r2)
		Method: <net.lingala.zip4j.crypto.PBKDF2.MacBasedPRF: void <init>(java.lang.String)>
		SHA-256: fe86d6df4f79d1062ebbc1599317d6572713990c2d231593223a215eef0fe89e
		Secure: false
	Object:
		Variable: $r2
		Type: byte[]
		Statement: $r2 = virtualinvoke $r1.<javax.crypto.Mac: byte[] doFinal(byte[])>($r2)
		Method: <net.lingala.zip4j.crypto.PBKDF2.MacBasedPRF: byte[] doFinal(byte[])>
		SHA-256: 1d6d7521ca30973fba926ddd40a80c0789b657f0d2fe66908725c8ffdc37c7cf
		Secure: false
	Object:
		Variable: $r1
		Type: javax.crypto.spec.SecretKeySpec
		Statement: specialinvoke $r1.<javax.crypto.spec.SecretKeySpec: void <init>(byte[],java.lang.String)>($r3, $r2)
		Method: <net.lingala.zip4j.crypto.PBKDF2.MacBasedPRF: void init(byte[])>
		SHA-256: 2c8b6542a35e929698f4560c93b5cf68fb53e0b3268e298dc399955f0bfa617b
		Secure: false
	Object:
		Variable: $r2
		Type: java.lang.String
		Statement: specialinvoke $r1.<javax.crypto.spec.SecretKeySpec: void <init>(byte[],java.lang.String)>($r3, $r2)
		Method: <net.lingala.zip4j.crypto.PBKDF2.MacBasedPRF: void init(byte[])>
		SHA-256: 1af3e375106d10b26ea6034ef73b9c61e751ef18cab8bd19d427ede96b1bf3f8
		Secure: false
	Object:
		Variable: $r11
		Type: javax.crypto.Cipher
		Statement: $r11 = staticinvoke <javax.crypto.Cipher: javax.crypto.Cipher getInstance(java.lang.String)>(varReplacer10521)
		Method: <com.multidots.fingerprintauth.FingerPrintAuthHelper: boolean cipherInit()>
		SHA-256: 7f229aa4436dbad80f0a4712ee4684ae5f4bc1b71da219ecea4bade900ff6129
		Secure: false

Findings in Java Class: com.multidots.fingerprintauth.FingerPrintAuthHelper

	 in Method: boolean cipherInit()
		TypestateError violating CrySL rule for java.security.KeyStore (on Object #df25d2a68eb8e5899f286382be5c2d45931f419f1f3c7b67e0570003d4ffd2e6)
			Unexpected call to method load on object of type java.security.KeyStore. Expect a call to one of the following methods getKey,getEntry,setEntry
			at statement: virtualinvoke $r12.<java.security.KeyStore: void load(java.security.KeyStore$LoadStoreParameter)>(varReplacer10515)

		ConstraintError violating CrySL rule for javax.crypto.Cipher (on Object #7f229aa4436dbad80f0a4712ee4684ae5f4bc1b71da219ecea4bade900ff6129)
			First parameter (with value "AES/CBC/PKCS7Padding") should be any of AES/CBC/{PKCS5Padding, ISO10126Padding}
			at statement: $r11 = staticinvoke <javax.crypto.Cipher: javax.crypto.Cipher getInstance(java.lang.String)>(varReplacer10521)

		RequiredPredicateError violating CrySL rule for javax.crypto.Cipher
			Second parameter was not properly generated as generatedKey
			at statement: virtualinvoke $r11.<javax.crypto.Cipher: void init(int,java.security.Key)>(varReplacer10512, $r15)


	 in Method: boolean generateKey()
		ConstraintError violating CrySL rule for java.security.KeyStore (on Object #df25d2a68eb8e5899f286382be5c2d45931f419f1f3c7b67e0570003d4ffd2e6)
			First parameter (with value "AndroidKeyStore") should be any of {JCEKS, JKS, DKS, PKCS11, PKCS12}
			at statement: $r8 = staticinvoke <java.security.KeyStore: java.security.KeyStore getInstance(java.lang.String)>(varReplacer12735)


Findings in Java Class: net.lingala.zip4j.crypto.PBKDF2.MacBasedPRF

	 in Method: void <init>(java.lang.String)
		ConstraintError violating CrySL rule for javax.crypto.Mac (on Object #fe86d6df4f79d1062ebbc1599317d6572713990c2d231593223a215eef0fe89e)
			First parameter (with value "HmacSHA1") should be any of {HmacSHA256, HmacSHA384, HmacSHA512, HmacPBESHA1, PBEWithHmacSHA1, PBEWithHmacSHA224, PBEWithHmacSHA256, PBEWithHmacSHA384, PBEWithHmacSHA512}
			at statement: $r3 = staticinvoke <javax.crypto.Mac: javax.crypto.Mac getInstance(java.lang.String)>($r2)


	 in Method: byte[] doFinal(byte[])
		TypestateError violating CrySL rule for javax.crypto.Mac (on Object #fe86d6df4f79d1062ebbc1599317d6572713990c2d231593223a215eef0fe89e)
			Unexpected call to method doFinal on object of type javax.crypto.Mac.
			at statement: $r2 = virtualinvoke $r1.<javax.crypto.Mac: byte[] doFinal(byte[])>($r2)


	 in Method: byte[] doFinal()
		TypestateError violating CrySL rule for javax.crypto.Mac (on Object #fe86d6df4f79d1062ebbc1599317d6572713990c2d231593223a215eef0fe89e)
			Unexpected call to method <javax.crypto.Mac: byte[] doFinal()> on object of type javax.crypto.Mac. Expect a call to one of the following methods javax.crypto.Mac: void update(byte[]),javax.crypto.Mac: byte[] doFinal(byte[]),javax.crypto.Mac: void update(java.nio.ByteBuffer),javax.crypto.Mac: void update(byte),javax.crypto.Mac: void update(byte[],int,int)
			at statement: $r1 = virtualinvoke $r2.<javax.crypto.Mac: byte[] doFinal()>()


	 in Method: void init(byte[])
		RequiredPredicateError violating CrySL rule for javax.crypto.Mac
			First parameter was not properly generated as generatedKey
			at statement: virtualinvoke $r4.<javax.crypto.Mac: void init(java.security.Key)>($r1)

		ConstraintError violating CrySL rule for javax.crypto.spec.SecretKeySpec (on Object #2c8b6542a35e929698f4560c93b5cf68fb53e0b3268e298dc399955f0bfa617b)
			Second parameter (with value "HmacSHA1") should be any of {AES, HmacSHA256, HmacSHA384, HmacSHA512}
			at statement: specialinvoke $r1.<javax.crypto.spec.SecretKeySpec: void <init>(byte[],java.lang.String)>($r3, $r2)

		RequiredPredicateError violating CrySL rule for javax.crypto.spec.SecretKeySpec
			First parameter was not properly generated as preparedKeyMaterial
			at statement: specialinvoke $r1.<javax.crypto.spec.SecretKeySpec: void <init>(byte[],java.lang.String)>($r3, $r2)


Findings in Java Class: net.lingala.zip4j.unzip.UnzipEngine

	 in Method: net.lingala.zip4j.io.ZipInputStream getInputStream()
		IncompleteOperationError violating CrySL rule for javax.crypto.Mac (on Object #fe86d6df4f79d1062ebbc1599317d6572713990c2d231593223a215eef0fe89e)
			Operation on object of type javax.crypto.Mac object not completed. Expected call to update, doFinal
			at statement: $r7 = r0.<net.lingala.zip4j.unzip.UnzipEngine: net.lingala.zip4j.crypto.IDecrypter decrypter>

		IncompleteOperationError violating CrySL rule for javax.crypto.Mac (on Object #fe86d6df4f79d1062ebbc1599317d6572713990c2d231593223a215eef0fe89e)
			Operation on object of type javax.crypto.Mac object not completed. Expected call to update, doFinal
			at statement: $i5 = virtualinvoke $r8.<net.lingala.zip4j.crypto.AESDecrypter: int getPasswordVerifierLength()>()

		IncompleteOperationError violating CrySL rule for javax.crypto.Mac (on Object #fe86d6df4f79d1062ebbc1599317d6572713990c2d231593223a215eef0fe89e)
			Operation on object of type javax.crypto.Mac object not completed. Expected call to update, doFinal
			at statement: specialinvoke r0.<net.lingala.zip4j.unzip.UnzipEngine: void init(java.io.RandomAccessFile)>($r5)


Findings in Java Class: net.lingala.zip4j.io.InflaterInputStream

	 in Method: int read(byte[],int,int)
		IncompleteOperationError violating CrySL rule for javax.crypto.Mac (on Object #fe86d6df4f79d1062ebbc1599317d6572713990c2d231593223a215eef0fe89e)
			Operation on object of type javax.crypto.Mac object not completed. Expected call to update, doFinal
			at statement: $r5 = r0.<net.lingala.zip4j.io.InflaterInputStream: net.lingala.zip4j.unzip.UnzipEngine unzipEngine>

		IncompleteOperationError violating CrySL rule for javax.crypto.Mac (on Object #fe86d6df4f79d1062ebbc1599317d6572713990c2d231593223a215eef0fe89e)
			Operation on object of type javax.crypto.Mac object not completed. Expected call to update, doFinal
			at statement: $r6 = virtualinvoke $r5.<net.lingala.zip4j.unzip.UnzipEngine: net.lingala.zip4j.model.LocalFileHeader getLocalFileHeader()>()

		IncompleteOperationError violating CrySL rule for javax.crypto.Mac (on Object #fe86d6df4f79d1062ebbc1599317d6572713990c2d231593223a215eef0fe89e)
			Operation on object of type javax.crypto.Mac object not completed. Expected call to update, doFinal
			at statement: $r6 = virtualinvoke $r5.<net.lingala.zip4j.unzip.UnzipEngine: net.lingala.zip4j.model.LocalFileHeader getLocalFileHeader()>()


	 in Method: void fill()
		IncompleteOperationError violating CrySL rule for javax.crypto.Mac (on Object #fe86d6df4f79d1062ebbc1599317d6572713990c2d231593223a215eef0fe89e)
			Operation on object of type javax.crypto.Mac object not completed. Expected call to update, doFinal
			at statement: $i0 = specialinvoke r0.<net.lingala.zip4j.io.PartInputStream: int read(byte[],int,int)>($r1, varReplacer28412, $i0)


Findings in Java Class: net.lingala.zip4j.crypto.AESEncrpyter

	 in Method: byte[] deriveKey(byte[],char[])
		IncompleteOperationError violating CrySL rule for javax.crypto.Mac (on Object #fe86d6df4f79d1062ebbc1599317d6572713990c2d231593223a215eef0fe89e)
			Operation on object of type javax.crypto.Mac object not completed. Expected call to update, doFinal
			at statement: $r1 = virtualinvoke $r4.<net.lingala.zip4j.crypto.PBKDF2.PBKDF2Engine: byte[] deriveKey(char[],int)>($r2, $i0)


Findings in Java Class: net.lingala.zip4j.io.DeflaterOutputStream

	 in Method: void putNextEntry(java.io.File,net.lingala.zip4j.model.ZipParameters)
		IncompleteOperationError violating CrySL rule for javax.crypto.Mac (on Object #fe86d6df4f79d1062ebbc1599317d6572713990c2d231593223a215eef0fe89e)
			Operation on object of type javax.crypto.Mac object not completed. Expected call to update, doFinal
			at statement: specialinvoke r0.<net.lingala.zip4j.io.CipherOutputStream: void putNextEntry(java.io.File,net.lingala.zip4j.model.ZipParameters)>($r1, $r2)


Findings in Java Class: net.lingala.zip4j.crypto.AESDecrypter

	 in Method: byte[] deriveKey(byte[],char[])
		IncompleteOperationError violating CrySL rule for javax.crypto.Mac (on Object #fe86d6df4f79d1062ebbc1599317d6572713990c2d231593223a215eef0fe89e)
			Operation on object of type javax.crypto.Mac object not completed. Expected call to update, doFinal
			at statement: $r1 = virtualinvoke $r4.<net.lingala.zip4j.crypto.PBKDF2.PBKDF2Engine: byte[] deriveKey(char[],int)>($r2, $i0)


Findings in Java Class: net.lingala.zip4j.io.PartInputStream

	 in Method: void checkAndReadAESMacBytes()
		IncompleteOperationError violating CrySL rule for javax.crypto.Mac (on Object #fe86d6df4f79d1062ebbc1599317d6572713990c2d231593223a215eef0fe89e)
			Operation on object of type javax.crypto.Mac object not completed. Expected call to update, doFinal
			at statement: $r6 = virtualinvoke $r5.<net.lingala.zip4j.unzip.UnzipEngine: net.lingala.zip4j.model.ZipModel getZipModel()>()


Findings in Java Class: net.lingala.zip4j.unzip.Unzip

	 in Method: void initExtractFile(net.lingala.zip4j.model.FileHeader,java.lang.String,net.lingala.zip4j.model.UnzipParameters,java.lang.String,net.lingala.zip4j.progress.ProgressMonitor)
		IncompleteOperationError violating CrySL rule for javax.crypto.Mac (on Object #fe86d6df4f79d1062ebbc1599317d6572713990c2d231593223a215eef0fe89e)
			Operation on object of type javax.crypto.Mac object not completed. Expected call to update, doFinal
			at statement: virtualinvoke $r12.<net.lingala.zip4j.unzip.UnzipEngine: void unzipFile(net.lingala.zip4j.progress.ProgressMonitor,java.lang.String,java.lang.String,net.lingala.zip4j.model.UnzipParameters)>($r2, $r5, $r1, $r6)


======================= CryptoAnalysis Summary ==========================
	Number of CrySL rules: 49
	Number of Objects Analyzed: 9

	CryptoAnalysis found the following violations. For details see description above.
	RequiredPredicateError: 3
	IncompleteOperationError: 12
	TypestateError: 3
	ConstraintError: 4
=====================================================================
