0    [main] WARN  pes.access.impl.DeclaredTypeFactory  - --- xtext.common.types ---------------------------------------------------
1    [main] WARN  pes.access.impl.DeclaredTypeFactory  - ASM library is too old. Falling back to java.lang.reflect API.
1    [main] WARN  pes.access.impl.DeclaredTypeFactory  - Please note that no information about compile time constants is available.
1    [main] WARN  pes.access.impl.DeclaredTypeFactory  - It's recommended to use org.objectweb.asm 9.1.0 or better (Maven group id: org.ow2.asm).
1    [main] WARN  pes.access.impl.DeclaredTypeFactory  - --------------------------------------------------------------------------
Ruleset: 
	java.security.cert.TrustAnchor
	javax.crypto.spec.GCMParameterSpec
	javax.xml.crypto.dsig.spec.HMACParameterSpec
	java.security.KeyPair
	java.security.DigestOutputStream
	javax.net.ssl.KeyStoreBuilderParameters
	javax.crypto.spec.OAEPParameterSpec
	javax.net.ssl.SSLContext
	javax.crypto.spec.DHGenParameterSpec
	javax.crypto.CipherOutputStream
	java.security.Key
	javax.crypto.SecretKeyFactory
	java.security.cert.PKIXBuilderParameters
	java.security.KeyFactory
	javax.crypto.spec.PBEKeySpec
	java.security.spec.DSAGenParameterSpec
	java.security.KeyPairGenerator
	javax.crypto.CipherInputStream
	javax.net.ssl.CertPathTrustManagerParameters
	java.security.cert.CertificateFactory
	java.security.SecureRandom
	java.security.spec.MGF1ParameterSpec
	javax.net.ssl.SSLEngine
	javax.crypto.spec.DHParameterSpec
	java.security.spec.DSAParameterSpec
	java.security.spec.ECParameterSpec
	java.security.spec.RSAKeyGenParameterSpec
	javax.crypto.spec.IvParameterSpec
	javax.crypto.Cipher
	javax.crypto.spec.PBEParameterSpec
	java.security.AlgorithmParameterGenerator
	java.security.spec.X509EncodedKeySpec
	javax.net.ssl.TrustManagerFactory
	java.security.DigestInputStream
	void
	javax.net.ssl.KeyManagerFactory
	java.security.cert.PKIXParameters
	java.net.PasswordAuthentication
	java.security.AlgorithmParameters
	javax.crypto.KeyAgreement
	javax.crypto.spec.SecretKeySpec
	javax.net.ssl.SSLParameters
	java.security.MessageDigest
	javax.crypto.SecretKey
	javax.crypto.KeyGenerator
	java.security.KeyStore
	javax.crypto.Mac
	java.security.spec.ECGenParameterSpec
	java.security.Signature

Analyzed Objects: 
	Object:
		Variable: $r2
		Type: java.security.MessageDigest
		Statement: $r2 = staticinvoke <java.security.MessageDigest: java.security.MessageDigest getInstance(java.lang.String)>($r1)
		Method: <j.w: j.j b(java.lang.String)>
		SHA-256: 4684d722c445c526b89de03be28f87b20622ff783b74ce7d5359616fafcc667b
		Secure: false
	Object:
		Variable: $r3
		Type: javax.net.ssl.TrustManagerFactory
		Statement: $r3 = staticinvoke <javax.net.ssl.TrustManagerFactory: javax.net.ssl.TrustManagerFactory getInstance(java.lang.String,java.security.Provider)>($r1, $r2)
		Method: <i.m0.k.g: javax.net.ssl.X509TrustManager o()>
		SHA-256: 26635e1f6e50977ea9036fab1d7ea4d8fc4844fa478d9179411a32fe3c0a34e7
		Secure: false
	Object:
		Variable: $r1
		Type: javax.net.ssl.SSLContext
		Statement: $r1 = staticinvoke <javax.net.ssl.SSLContext: javax.net.ssl.SSLContext getInstance(java.lang.String,java.security.Provider)>(varReplacer29538, $r2)
		Method: <i.m0.k.c: javax.net.ssl.SSLContext n()>
		SHA-256: 6db6aad3a237379897851908967faeec56875bab5649eb83a226519ea8400f1e
		Secure: false
	Object:
		Variable: $r1
		Type: javax.net.ssl.SSLContext
		Statement: $r1 = staticinvoke <javax.net.ssl.SSLContext: javax.net.ssl.SSLContext getInstance(java.lang.String)>(varReplacer29532)
		Method: <i.m0.k.h: javax.net.ssl.SSLContext n()>
		SHA-256: fdd3b1ceb924ba048f11d1c0441caf666214d7ae30960af02305c07117d42bf6
		Secure: false
	Object:
		Variable: $r1
		Type: javax.net.ssl.SSLContext
		Statement: $r1 = staticinvoke <javax.net.ssl.SSLContext: javax.net.ssl.SSLContext getInstance(java.lang.String,java.security.Provider)>(varReplacer29536, $r2)
		Method: <i.m0.k.d: javax.net.ssl.SSLContext n()>
		SHA-256: fc305c85794df0729670b1b00f244437b3e13c5f5ccdfb8ea55c44bdd67607ca
		Secure: false
	Object:
		Variable: $r3
		Type: java.security.MessageDigest
		Statement: $r3 = staticinvoke <java.security.MessageDigest: java.security.MessageDigest getInstance(java.lang.String)>($r2)
		Method: <j.j: j.j b(java.lang.String)>
		SHA-256: eb0664c0d19c2b9bb08672e9df79a521af2fcfbea5c0b58bf8a4cd898efe8953
		Secure: false
	Object:
		Variable: $r4
		Type: javax.net.ssl.TrustManager[]
		Statement: $r4 = virtualinvoke $r3.<javax.net.ssl.TrustManagerFactory: javax.net.ssl.TrustManager[] getTrustManagers()>()
		Method: <i.m0.k.g: javax.net.ssl.X509TrustManager o()>
		SHA-256: d5902af5b12cbea8d29b04e4ea1cbe171ede53e2df358f38e0e53e0bb63d0f5c
		Secure: false
	Object:
		Variable: $r2
		Type: javax.net.ssl.TrustManagerFactory
		Statement: $r2 = staticinvoke <javax.net.ssl.TrustManagerFactory: javax.net.ssl.TrustManagerFactory getInstance(java.lang.String)>($r1)
		Method: <i.m0.k.h: javax.net.ssl.X509TrustManager o()>
		SHA-256: 89c519fb5c53040abfd451f8c76e1cb4b3d66a265ddb8a64853e6d503f2cb4b7
		Secure: false
	Object:
		Variable: $r1
		Type: javax.net.ssl.TrustManagerFactory
		Statement: $r1 = staticinvoke <javax.net.ssl.TrustManagerFactory: javax.net.ssl.TrustManagerFactory getInstance(java.lang.String,java.lang.String)>(varReplacer29529, varReplacer29530)
		Method: <i.m0.k.c: javax.net.ssl.X509TrustManager o()>
		SHA-256: 32a1ad6abb376b9a70c7e65b76c9397cdb4d755d467db76c97b021e6bfcada11
		Secure: false
	Object:
		Variable: $r1
		Type: javax.net.ssl.SSLContext
		Statement: $r1 = staticinvoke <javax.net.ssl.SSLContext: javax.net.ssl.SSLContext getInstance(java.lang.String,java.security.Provider)>(varReplacer29534, $r2)
		Method: <i.m0.k.g: javax.net.ssl.SSLContext n()>
		SHA-256: adb644f86c7bfccb0ddb8fb24d032dc6e82300750ef9c085237794878fce21d1
		Secure: false
	Object:
		Variable: $r4
		Type: byte[]
		Statement: $r4 = virtualinvoke $r3.<java.security.MessageDigest: byte[] digest(byte[])>($r4)
		Method: <j.j: j.j b(java.lang.String)>
		SHA-256: 247c9087ea7fddb112f7ab28ea14c3fe88ad46eaabad0693397b6743985f4341
		Secure: false
	Object:
		Variable: $r3
		Type: javax.net.ssl.TrustManager[]
		Statement: $r3 = virtualinvoke $r2.<javax.net.ssl.TrustManagerFactory: javax.net.ssl.TrustManager[] getTrustManagers()>()
		Method: <i.m0.k.h: javax.net.ssl.X509TrustManager o()>
		SHA-256: e96f48aec6cc97f7532bcbe531c167aa82c80310434b106dfa2f0748e41ce496
		Secure: false
	Object:
		Variable: $r2
		Type: javax.net.ssl.TrustManagerFactory
		Statement: $r2 = staticinvoke <javax.net.ssl.TrustManagerFactory: javax.net.ssl.TrustManagerFactory getInstance(java.lang.String)>($r1)
		Method: <ru.terrakok.gitlabclient.model.data.server.client.Tls12SocketFactory$Companion$trustManager$2: javax.net.ssl.X509TrustManager invoke()>
		SHA-256: 10813b232fd9bc144363224bce0c5d5a7f6bbdbe969855574e0fba74dc016684
		Secure: false
	Object:
		Variable: $r1
		Type: java.security.MessageDigest
		Statement: $r1 = staticinvoke <java.security.MessageDigest: java.security.MessageDigest getInstance(java.lang.String)>(varReplacer22815)
		Method: <d.d.a.o.v.d0.k$a: java.lang.Object a()>
		SHA-256: b06d3dfa2e5f34cbc586e7cb9d8ad8cd5093f78a580a383326406680a6deb3c6
		Secure: true
	Object:
		Variable: $r3
		Type: java.security.cert.CertificateFactory
		Statement: $r3 = staticinvoke <java.security.cert.CertificateFactory: java.security.cert.CertificateFactory getInstance(java.lang.String)>(varReplacer24488)
		Method: <i.d$b: java.util.List a(j.i)>
		SHA-256: 6c66ce4c95a8857ccfdc38268a51abb2ebf0d8c4faa39063955032066645f9e
		Secure: false
	Object:
		Variable: $r2
		Type: javax.net.ssl.TrustManager[]
		Statement: $r2 = virtualinvoke $r1.<javax.net.ssl.TrustManagerFactory: javax.net.ssl.TrustManager[] getTrustManagers()>()
		Method: <i.m0.k.c: javax.net.ssl.X509TrustManager o()>
		SHA-256: 5b3ac97e809537d5c0508fcc4ad2f3a133ee2cbf70757bb86fa788a0dc8ad012
		Secure: false
	Object:
		Variable: $r1
		Type: javax.net.ssl.SSLContext
		Statement: $r1 = staticinvoke <javax.net.ssl.SSLContext: javax.net.ssl.SSLContext getInstance(java.lang.String)>(varReplacer29502)
		Method: <ru.terrakok.gitlabclient.model.data.server.client.Tls12SocketFactory$Companion: ru.terrakok.gitlabclient.model.data.server.client.Tls12SocketFactory getTlsSocketFactory()>
		SHA-256: c2aa40ff61efab66b52efe084d123da58572819aa06ec327f6d2c0ba9ac1cd55
		Secure: false
	Object:
		Variable: $r5
		Type: byte[]
		Statement: $r5 = virtualinvoke $r2.<java.security.MessageDigest: byte[] digest()>()
		Method: <j.w: j.j b(java.lang.String)>
		SHA-256: e1445b89330e3a378a3c477161dd8789ed7d4ba9ad8488a767cd24afb8f77cb3
		Secure: false
	Object:
		Variable: $r3
		Type: javax.net.ssl.TrustManager[]
		Statement: $r3 = virtualinvoke $r2.<javax.net.ssl.TrustManagerFactory: javax.net.ssl.TrustManager[] getTrustManagers()>()
		Method: <ru.terrakok.gitlabclient.model.data.server.client.Tls12SocketFactory$Companion$trustManager$2: javax.net.ssl.X509TrustManager invoke()>
		SHA-256: 32a3654477448d58aa49a9334aac793d531b3cd4e6961c48f6261c5dacafdd4c
		Secure: false

Findings in Java Class: j.w

	 in Method: j.j b(java.lang.String)
		TypestateError violating CrySL rule for java.security.MessageDigest (on Object #4684d722c445c526b89de03be28f87b20622ff783b74ce7d5359616fafcc667b)
			Unexpected call to method <java.security.MessageDigest: byte[] digest()> on object of type java.security.MessageDigest. Expect a call to one of the following methods java.security.MessageDigest: void update(byte[],int,int),java.security.MessageDigest: void update(java.nio.ByteBuffer),java.security.MessageDigest: byte[] digest(byte[]),java.security.MessageDigest: void update(byte[]),java.security.MessageDigest: void update(byte)
			at statement: $r5 = virtualinvoke $r2.<java.security.MessageDigest: byte[] digest()>()

		ConstraintError violating CrySL rule for java.security.MessageDigest (on Object #4684d722c445c526b89de03be28f87b20622ff783b74ce7d5359616fafcc667b)
			First parameter (with value "MD5") should be any of {SHA-256, SHA-384, SHA-512}
			at statement: $r2 = staticinvoke <java.security.MessageDigest: java.security.MessageDigest getInstance(java.lang.String)>($r1)


Findings in Java Class: j.j

	 in Method: j.j b(java.lang.String)
		ConstraintError violating CrySL rule for java.security.MessageDigest (on Object #eb0664c0d19c2b9bb08672e9df79a521af2fcfbea5c0b58bf8a4cd898efe8953)
			First parameter (with value "MD5") should be any of {SHA-256, SHA-384, SHA-512}
			at statement: $r3 = staticinvoke <java.security.MessageDigest: java.security.MessageDigest getInstance(java.lang.String)>($r2)


Findings in Java Class: i.d$b

	 in Method: java.util.List a(j.i)
		IncompleteOperationError violating CrySL rule for java.security.cert.CertificateFactory (on Object #6c66ce4c95a8857ccfdc38268a51abb2ebf0d8c4faa39063955032066645f9e)
			Operation on object of type java.security.cert.CertificateFactory object not completed. Expected call to generateCertPath, generateCRL, java.security.cert.CertificateFactory: java.security.cert.Certificate generateCertificate(java.io.InputStream)
			at statement: $r10 = virtualinvoke $r3.<java.security.cert.CertificateFactory: java.security.cert.Certificate generateCertificate(java.io.InputStream)>($r9)

		IncompleteOperationError violating CrySL rule for java.security.cert.CertificateFactory (on Object #6c66ce4c95a8857ccfdc38268a51abb2ebf0d8c4faa39063955032066645f9e)
			Operation on object of type java.security.cert.CertificateFactory object not completed. Expected call to generateCertificate, generateCertPath, generateCRL
			at statement: $r3 = staticinvoke <java.security.cert.CertificateFactory: java.security.cert.CertificateFactory getInstance(java.lang.String)>(varReplacer24488)

		TypestateError violating CrySL rule for java.security.cert.CertificateFactory (on Object #6c66ce4c95a8857ccfdc38268a51abb2ebf0d8c4faa39063955032066645f9e)
			Unexpected call to method generateCertificate on object of type java.security.cert.CertificateFactory. Expect a call to one of the following methods generateCRL
			at statement: $r10 = virtualinvoke $r3.<java.security.cert.CertificateFactory: java.security.cert.Certificate generateCertificate(java.io.InputStream)>($r9)


Findings in Java Class: i.m0.k.h

	 in Method: javax.net.ssl.SSLContext n()
		ConstraintError violating CrySL rule for javax.net.ssl.SSLContext (on Object #fdd3b1ceb924ba048f11d1c0441caf666214d7ae30960af02305c07117d42bf6)
			First parameter (with value "TLS") should be any of {TLSv1.2, TLSv1.3}
			at statement: $r1 = staticinvoke <javax.net.ssl.SSLContext: javax.net.ssl.SSLContext getInstance(java.lang.String)>(varReplacer29532)


	 in Method: javax.net.ssl.X509TrustManager o()
		RequiredPredicateError violating CrySL rule for javax.net.ssl.TrustManagerFactory
			First parameter was not properly generated as generatedKeyStore
			at statement: virtualinvoke $r2.<javax.net.ssl.TrustManagerFactory: void init(java.security.KeyStore)>(varReplacer29514)


Findings in Java Class: i.m0.k.d

	 in Method: javax.net.ssl.SSLContext n()
		ConstraintError violating CrySL rule for javax.net.ssl.SSLContext (on Object #fc305c85794df0729670b1b00f244437b3e13c5f5ccdfb8ea55c44bdd67607ca)
			First parameter (with value "TLS") should be any of {TLSv1.2, TLSv1.3}
			at statement: $r1 = staticinvoke <javax.net.ssl.SSLContext: javax.net.ssl.SSLContext getInstance(java.lang.String,java.security.Provider)>(varReplacer29536, $r2)


Findings in Java Class: i.m0.k.c

	 in Method: javax.net.ssl.SSLContext n()
		ConstraintError violating CrySL rule for javax.net.ssl.SSLContext (on Object #6db6aad3a237379897851908967faeec56875bab5649eb83a226519ea8400f1e)
			First parameter (with value "TLS") should be any of {TLSv1.2, TLSv1.3}
			at statement: $r1 = staticinvoke <javax.net.ssl.SSLContext: javax.net.ssl.SSLContext getInstance(java.lang.String,java.security.Provider)>(varReplacer29538, $r2)


	 in Method: javax.net.ssl.X509TrustManager o()
		RequiredPredicateError violating CrySL rule for javax.net.ssl.TrustManagerFactory
			First parameter was not properly generated as generatedKeyStore
			at statement: virtualinvoke $r1.<javax.net.ssl.TrustManagerFactory: void init(java.security.KeyStore)>(varReplacer29524)


Findings in Java Class: i.m0.k.g

	 in Method: javax.net.ssl.X509TrustManager o()
		RequiredPredicateError violating CrySL rule for javax.net.ssl.TrustManagerFactory
			First parameter was not properly generated as generatedKeyStore
			at statement: virtualinvoke $r3.<javax.net.ssl.TrustManagerFactory: void init(java.security.KeyStore)>(varReplacer29517)


Findings in Java Class: i.b0

	 in Method: void <init>(i.b0$a)
		RequiredPredicateError violating CrySL rule for javax.net.ssl.SSLContext
			Second parameter was not properly generated as generatedTrustManagers
			at statement: virtualinvoke $r21.<javax.net.ssl.SSLContext: void init(javax.net.ssl.KeyManager[],javax.net.ssl.TrustManager[],java.security.SecureRandom)>(varReplacer27440, $r35, varReplacer27440)

		RequiredPredicateError violating CrySL rule for javax.net.ssl.SSLContext
			First parameter was not properly generated as generatedKeyManagers
			at statement: virtualinvoke $r21.<javax.net.ssl.SSLContext: void init(javax.net.ssl.KeyManager[],javax.net.ssl.TrustManager[],java.security.SecureRandom)>(varReplacer27440, $r35, varReplacer27440)

		RequiredPredicateError violating CrySL rule for javax.net.ssl.SSLContext
			Third parameter was not properly generated as randomized
			at statement: virtualinvoke $r21.<javax.net.ssl.SSLContext: void init(javax.net.ssl.KeyManager[],javax.net.ssl.TrustManager[],java.security.SecureRandom)>(varReplacer27440, $r35, varReplacer27440)


Findings in Java Class: ru.terrakok.gitlabclient.model.data.server.client.Tls12SocketFactory$Companion$trustManager$2

	 in Method: javax.net.ssl.X509TrustManager invoke()
		RequiredPredicateError violating CrySL rule for javax.net.ssl.TrustManagerFactory
			First parameter was not properly generated as generatedKeyStore
			at statement: virtualinvoke $r2.<javax.net.ssl.TrustManagerFactory: void init(java.security.KeyStore)>(varReplacer8941)


Findings in Java Class: ru.terrakok.gitlabclient.model.data.server.client.Tls12SocketFactory$Companion

	 in Method: ru.terrakok.gitlabclient.model.data.server.client.Tls12SocketFactory getTlsSocketFactory()
		RequiredPredicateError violating CrySL rule for javax.net.ssl.SSLContext
			Third parameter was not properly generated as randomized
			at statement: virtualinvoke $r1.<javax.net.ssl.SSLContext: void init(javax.net.ssl.KeyManager[],javax.net.ssl.TrustManager[],java.security.SecureRandom)>(varReplacer29499, $r2, varReplacer29499)

		RequiredPredicateError violating CrySL rule for javax.net.ssl.SSLContext
			First parameter was not properly generated as generatedKeyManagers
			at statement: virtualinvoke $r1.<javax.net.ssl.SSLContext: void init(javax.net.ssl.KeyManager[],javax.net.ssl.TrustManager[],java.security.SecureRandom)>(varReplacer29499, $r2, varReplacer29499)

		RequiredPredicateError violating CrySL rule for javax.net.ssl.SSLContext
			Second parameter was not properly generated as generatedTrustManagers
			at statement: virtualinvoke $r1.<javax.net.ssl.SSLContext: void init(javax.net.ssl.KeyManager[],javax.net.ssl.TrustManager[],java.security.SecureRandom)>(varReplacer29499, $r2, varReplacer29499)


======================= CryptoAnalysis Summary ==========================
	Number of CrySL rules: 49
	Number of Objects Analyzed: 19

	CryptoAnalysis found the following violations. For details see description above.
	RequiredPredicateError: 10
	ConstraintError: 5
	TypestateError: 2
	IncompleteOperationError: 2
=====================================================================
