0    [main] WARN  pes.access.impl.DeclaredTypeFactory  - --- xtext.common.types ---------------------------------------------------
1    [main] WARN  pes.access.impl.DeclaredTypeFactory  - ASM library is too old. Falling back to java.lang.reflect API.
1    [main] WARN  pes.access.impl.DeclaredTypeFactory  - Please note that no information about compile time constants is available.
1    [main] WARN  pes.access.impl.DeclaredTypeFactory  - It's recommended to use org.objectweb.asm 9.1.0 or better (Maven group id: org.ow2.asm).
1    [main] WARN  pes.access.impl.DeclaredTypeFactory  - --------------------------------------------------------------------------
Ruleset: 
	java.security.cert.TrustAnchor
	javax.crypto.spec.GCMParameterSpec
	javax.xml.crypto.dsig.spec.HMACParameterSpec
	java.security.KeyPair
	java.security.DigestOutputStream
	javax.net.ssl.KeyStoreBuilderParameters
	javax.crypto.spec.OAEPParameterSpec
	javax.net.ssl.SSLContext
	javax.crypto.spec.DHGenParameterSpec
	javax.crypto.CipherOutputStream
	java.security.Key
	javax.crypto.SecretKeyFactory
	java.security.cert.PKIXBuilderParameters
	java.security.KeyFactory
	javax.crypto.spec.PBEKeySpec
	java.security.spec.DSAGenParameterSpec
	java.security.KeyPairGenerator
	javax.crypto.CipherInputStream
	javax.net.ssl.CertPathTrustManagerParameters
	java.security.cert.CertificateFactory
	java.security.SecureRandom
	java.security.spec.MGF1ParameterSpec
	javax.net.ssl.SSLEngine
	javax.crypto.spec.DHParameterSpec
	java.security.spec.DSAParameterSpec
	java.security.spec.ECParameterSpec
	java.security.spec.RSAKeyGenParameterSpec
	javax.crypto.spec.IvParameterSpec
	javax.crypto.Cipher
	javax.crypto.spec.PBEParameterSpec
	java.security.AlgorithmParameterGenerator
	java.security.spec.X509EncodedKeySpec
	javax.net.ssl.TrustManagerFactory
	java.security.DigestInputStream
	void
	javax.net.ssl.KeyManagerFactory
	java.security.cert.PKIXParameters
	java.net.PasswordAuthentication
	java.security.AlgorithmParameters
	javax.crypto.KeyAgreement
	javax.crypto.spec.SecretKeySpec
	javax.net.ssl.SSLParameters
	java.security.MessageDigest
	javax.crypto.SecretKey
	javax.crypto.KeyGenerator
	java.security.KeyStore
	javax.crypto.Mac
	java.security.spec.ECGenParameterSpec
	java.security.Signature

Analyzed Objects: 
	Object:
		Variable: $r13
		Type: byte[]
		Statement: $r13 = virtualinvoke $r12.<java.security.MessageDigest: byte[] digest()>()
		Method: <org.spongycastle.x509.AttributeCertificateHolder: boolean match(java.security.cert.Certificate)>
		SHA-256: b3bf32afcadffcf8422143c5f8a5f40373f96a93f93048b9fdc49acebcadad73
		Secure: true
	Object:
		Variable: $r3
		Type: byte[]
		Statement: $r1 = virtualinvoke $r2.<java.security.MessageDigest: byte[] digest(byte[])>($r3)
		Method: <cz.msebera.android.httpclient.impl.auth.NTLMEngineImpl$HMACMD5: byte[] getOutput()>
		SHA-256: f6730166425cdde60c0ca0f7f01862a2b9705ad5b213be5cd1a19bc89976254d
		Secure: false
	Object:
		Variable: $r14
		Type: java.security.spec.ECParameterSpec
		Statement: specialinvoke $r14.<java.security.spec.ECParameterSpec: void <init>(java.security.spec.EllipticCurve,java.security.spec.ECPoint,java.math.BigInteger,int)>($r6, $r9, $r12, $i0)
		Method: <org.spongycastle.jcajce.provider.asymmetric.util.EC5Util: java.security.spec.ECParameterSpec convertToSpec(org.spongycastle.asn1.x9.X962Parameters,org.spongycastle.math.ec.ECCurve)>
		SHA-256: eae7cb7d971997057a48792448370f78d1706f18019ad2946026fc5f5aabb9b2
		Secure: true
	Object:
		Variable: $r3
		Type: byte[]
		Statement: $r3 = virtualinvoke $r2.<java.security.MessageDigest: byte[] digest()>()
		Method: <cz.msebera.android.httpclient.impl.auth.NTLMEngineImpl$HMACMD5: void <init>(byte[])>
		SHA-256: d5cf1f8de9a5f17cad5006e43f64e63b02f8f56706a9e139ea0baeb6f7532b60
		Secure: false
	Object:
		Variable: $r3
		Type: java.security.SecureRandom
		Statement: specialinvoke $r3.<java.security.SecureRandom: void <init>()>()
		Method: <org.spongycastle.crypto.generators.ECKeyPairGenerator: void init(org.spongycastle.crypto.KeyGenerationParameters)>
		SHA-256: b9c970d7ca75c43cb7258988e82963e870aab49d0877fadda916613732dffc1d
		Secure: true
	Object:
		Variable: varReplacer43324
		Type: java.lang.String
		Statement: specialinvoke $r2.<javax.crypto.spec.SecretKeySpec: void <init>(byte[],java.lang.String)>($r0, varReplacer43324)
		Method: <cz.msebera.android.httpclient.impl.auth.NTLMEngineImpl: java.security.Key createDESKey(byte[],int)>
		SHA-256: ebaf41446a51fbee040b7e2e9aa3859307ed24e8f47b2dfabd3d4efeb24ae2d3
		Secure: false
	Object:
		Variable: $r1
		Type: javax.crypto.spec.DHParameterSpec
		Statement: specialinvoke $r1.<javax.crypto.spec.DHParameterSpec: void <init>(java.math.BigInteger,java.math.BigInteger)>($r3, $r4)
		Method: <org.spongycastle.jce.provider.JCEElGamalPublicKey: javax.crypto.spec.DHParameterSpec getParams()>
		SHA-256: 2f96be90287037dd5aa521a81412c6567fe97ad3bdc0a3e0dd37cb2855cfb876
		Secure: true
	Object:
		Variable: $r4
		Type: java.security.cert.CertificateFactory
		Statement: $r4 = staticinvoke <java.security.cert.CertificateFactory: java.security.cert.CertificateFactory getInstance(java.lang.String)>(varReplacer43724)
		Method: <okhttp3.Cache$Entry: java.util.List readCertificateList(okio.BufferedSource)>
		SHA-256: c18a7674ee5c0890abb8d9ef2193b35bc2226ffcb4977247aef3cb302ee7c06d
		Secure: false
	Object:
		Variable: $r4
		Type: javax.crypto.Mac
		Statement: $r4 = staticinvoke <javax.crypto.Mac: javax.crypto.Mac getInstance(java.lang.String)>(varReplacer13536)
		Method: <com.lambdaworks.crypto.SCrypt: byte[] scryptJ(byte[],byte[],int,int,int,int)>
		SHA-256: 93b5398eba24651a2f439189c20e9adc3ae66a989d94bd9e7c6713d6a984254d
		Secure: false
	Object:
		Variable: $r2
		Type: javax.net.ssl.SSLContext
		Statement: $r2 = staticinvoke <javax.net.ssl.SSLContext: javax.net.ssl.SSLContext getInstance(java.lang.String)>(varReplacer36027)
		Method: <okhttp3.internal.platform.Platform: javax.net.ssl.SSLContext getSSLContext()>
		SHA-256: 9d507c6052ae704e616ccdc51c16b8c79a602ff5b53093f12f9718a189d5ce0f
		Secure: false
	Object:
		Variable: $r3
		Type: javax.crypto.spec.SecretKeySpec
		Statement: specialinvoke $r3.<javax.crypto.spec.SecretKeySpec: void <init>(byte[],java.lang.String)>($r1, varReplacer41701)
		Method: <cz.msebera.android.httpclient.impl.auth.NTLMEngineImpl: byte[] RC4(byte[],byte[])>
		SHA-256: 4fe5484b81997fe4bc8c990b925c6a9a404f155e150aa21ad06895f77972dd17
		Secure: false
	Object:
		Variable: $z0
		Type: boolean
		Statement: $z0 = virtualinvoke $r2.<java.security.Signature: boolean verify(byte[])>($r9)
		Method: <org.spongycastle.jce.provider.X509CertificateObject: void checkSignature(java.security.PublicKey,java.security.Signature)>
		SHA-256: 7217ea96643c477c380752e209e21ed79eacbac5847136479da018a451c81a7a
		Secure: false
	Object:
		Variable: $r3
		Type: java.security.SecureRandom
		Statement: specialinvoke $r3.<java.security.SecureRandom: void <init>()>()
		Method: <org.spongycastle.crypto.signers.GOST3410Signer: void init(boolean,org.spongycastle.crypto.CipherParameters)>
		SHA-256: 61b7887e2cfe6269c9dc5ed1565a2d9c81d2ae6237d2a5bf20c73d26a54cd85c
		Secure: true
	Object:
		Variable: $r2
		Type: java.security.SecureRandom
		Statement: specialinvoke $r2.<java.security.SecureRandom: void <init>()>()
		Method: <org.spongycastle.pqc.crypto.ntru.NTRUSigningKeyPairGenerator: org.spongycastle.pqc.crypto.ntru.NTRUSigningKeyPairGenerator$FGBasis generateBasis()>
		SHA-256: bcb54d56dec785f765303fde3896b946639b8597c070f0bc991c1546f044b396
		Secure: true
	Object:
		Variable: r0
		Type: org.spongycastle.jce.spec.ECNamedCurveSpec
		Statement: specialinvoke r0.<java.security.spec.ECParameterSpec: void <init>(java.security.spec.EllipticCurve,java.security.spec.ECPoint,java.math.BigInteger,int)>($r2, $r3, $r4, $i0)
		Method: <org.spongycastle.jce.spec.ECNamedCurveSpec: void <init>(java.lang.String,java.security.spec.EllipticCurve,java.security.spec.ECPoint,java.math.BigInteger,java.math.BigInteger)>
		SHA-256: b36d50207c12d926e435b859cb9848007d52f50b2e62c847e597de1f84f657c6
		Secure: true
	Object:
		Variable: $r2
		Type: java.security.Signature
		Statement: $r2 = staticinvoke <java.security.Signature: java.security.Signature getInstance(java.lang.String,java.security.Provider)>($r1, $r3)
		Method: <org.spongycastle.jcajce.util.ProviderJcaJceHelper: java.security.Signature createSignature(java.lang.String)>
		SHA-256: 7a9bb93967f663bfc977d3e5ba42816dc58a7f9fbce65b4a6c0b4aa05adf45a1
		Secure: false
	Object:
		Variable: $r6
		Type: javax.crypto.spec.SecretKeySpec
		Statement: specialinvoke $r6.<javax.crypto.spec.SecretKeySpec: void <init>(byte[],java.lang.String)>($r0, varReplacer13535)
		Method: <com.lambdaworks.crypto.SCrypt: byte[] scryptJ(byte[],byte[],int,int,int,int)>
		SHA-256: f1cd49c44638555880ffc860108f19fa1e037239dfffa759ce94e1921a558726
		Secure: false
	Object:
		Variable: $r5
		Type: java.security.SecureRandom
		Statement: specialinvoke $r5.<java.security.SecureRandom: void <init>()>()
		Method: <org.spongycastle.crypto.engines.RSABlindedEngine: void init(boolean,org.spongycastle.crypto.CipherParameters)>
		SHA-256: 94642bb44c85c75f78f22ec3372247e7bdbb1cf02676b4bfb5838a813a31c51a
		Secure: true
	Object:
		Variable: $r13
		Type: javax.crypto.spec.SecretKeySpec
		Statement: specialinvoke $r13.<javax.crypto.spec.SecretKeySpec: void <init>(byte[],java.lang.String)>($r1, varReplacer13491)
		Method: <org.web3j.crypto.Wallet: byte[] performCipherOperation(int,byte[],byte[],byte[])>
		SHA-256: 793cfd9cab5dbc1a8d3779a545bcbffc3afd09e330b20b61a88439a47cf797
		Secure: false
	Object:
		Variable: $r4
		Type: java.security.SecureRandom
		Statement: specialinvoke $r4.<java.security.SecureRandom: void <init>()>()
		Method: <org.spongycastle.crypto.signers.ISO9796d2PSSSigner: void init(boolean,org.spongycastle.crypto.CipherParameters)>
		SHA-256: 6dae500fa4127477f702f7c8db5b65ac00e8420fed109375c053548083b8d090
		Secure: true
	Object:
		Variable: $r1
		Type: java.security.SecureRandom
		Statement: specialinvoke $r1.<java.security.SecureRandom: void <init>()>()
		Method: <cz.msebera.android.httpclient.impl.auth.DigestScheme: java.lang.String createCnonce()>
		SHA-256: 51809b40f955da1fb4b3dcfeefebf59f1dd607b449e09656926351c68b1d5de6
		Secure: true
	Object:
		Variable: $r12
		Type: javax.crypto.spec.IvParameterSpec
		Statement: specialinvoke $r12.<javax.crypto.spec.IvParameterSpec: void <init>(byte[])>($r0)
		Method: <org.web3j.crypto.Wallet: byte[] performCipherOperation(int,byte[],byte[],byte[])>
		SHA-256: e7784cba5f75d5d245bd6783437aabbf27d4aedd7ca09eb09998c7c60275d839
		Secure: false
	Object:
		Variable: $r14
		Type: java.security.spec.ECParameterSpec
		Statement: specialinvoke $r14.<java.security.spec.ECParameterSpec: void <init>(java.security.spec.EllipticCurve,java.security.spec.ECPoint,java.math.BigInteger,int)>($r6, $r9, $r12, varReplacer34863)
		Method: <org.spongycastle.jcajce.provider.asymmetric.util.EC5Util: java.security.spec.ECParameterSpec convertToSpec(org.spongycastle.asn1.x9.X962Parameters,org.spongycastle.math.ec.ECCurve)>
		SHA-256: a044d407bd1f060401ef3944347b6b305be4d4f56468aaf988c38a99544ed5d3
		Secure: true
	Object:
		Variable: $r5
		Type: javax.crypto.Cipher
		Statement: $r5 = staticinvoke <javax.crypto.Cipher: javax.crypto.Cipher getInstance(java.lang.String)>(varReplacer43286)
		Method: <cz.msebera.android.httpclient.impl.auth.NTLMEngineImpl$CipherGen: byte[] getLanManagerSessionKey()>
		SHA-256: b4e073e565b5a544ca8a7804d673a7fe775e0e7bfe15820b44519b494f5cff15
		Secure: false
	Object:
		Variable: $r2
		Type: java.security.SecureRandom
		Statement: specialinvoke $r2.<java.security.SecureRandom: void <init>()>()
		Method: <org.spongycastle.pqc.crypto.ntru.NTRUSigningKeyGenerationParameters: void <init>(int,int,int,int,int,int,int,double,double,double,boolean,boolean,int,org.spongycastle.crypto.Digest)>
		SHA-256: 7da588f6ba11daef0648e917469639d98b077179b329759419eb3ea4368bb37f
		Secure: true
	Object:
		Variable: $r2
		Type: javax.crypto.Cipher
		Statement: $r2 = staticinvoke <javax.crypto.Cipher: javax.crypto.Cipher getInstance(java.lang.String)>(varReplacer41699)
		Method: <cz.msebera.android.httpclient.impl.auth.NTLMEngineImpl: byte[] RC4(byte[],byte[])>
		SHA-256: 195ba9e7dc789a934ae2f0043d4fc1a9867c6ff43ddb251c9facc465a1e99d7d
		Secure: false
	Object:
		Variable: $r5
		Type: java.security.AlgorithmParameters
		Statement: $r5 = staticinvoke <java.security.AlgorithmParameters: java.security.AlgorithmParameters getInstance(java.lang.String,java.security.Provider)>($r3, $r4)
		Method: <org.spongycastle.jce.provider.X509SignatureUtil: void setSignatureParameters(java.security.Signature,org.spongycastle.asn1.ASN1Encodable)>
		SHA-256: 5542b69dc5336cc3d00547288fa7f3d8d3237d121f2ce57576e26391c36e1a8d
		Secure: false
	Object:
		Variable: $r6
		Type: javax.crypto.Cipher
		Statement: $r6 = staticinvoke <javax.crypto.Cipher: javax.crypto.Cipher getInstance(java.lang.String)>(varReplacer43327)
		Method: <cz.msebera.android.httpclient.impl.auth.NTLMEngineImpl: byte[] lmResponse(byte[],byte[])>
		SHA-256: cfd95c1448df9b6416af856c132e0d8c65c37de966e03280e1c5348809fe020f
		Secure: false
	Object:
		Variable: $r6
		Type: java.security.Signature
		Statement: $r6 = staticinvoke <java.security.Signature: java.security.Signature getInstance(java.lang.String)>($r4)
		Method: <org.spongycastle.jcajce.provider.asymmetric.x509.X509CertificateObject: void verify(java.security.PublicKey)>
		SHA-256: d0d812c9900058294d220b5e13a627717a0203a51aca5f61e73dac5a23a52231
		Secure: false
	Object:
		Variable: $r2
		Type: java.security.SecureRandom
		Statement: specialinvoke $r2.<java.security.SecureRandom: void <init>()>()
		Method: <org.spongycastle.pqc.crypto.ntru.NTRUSigningKeyPairGenerator: org.spongycastle.pqc.crypto.ntru.NTRUSigningKeyPairGenerator$FGBasis generateBasis()>
		SHA-256: bcb54d56dec785f765303fde3896b946639b8597c070f0bc991c1546f044b396
		Secure: true
	Object:
		Variable: $r2
		Type: java.security.MessageDigest
		Statement: $r2 = staticinvoke <java.security.MessageDigest: java.security.MessageDigest getInstance(java.lang.String)>(varReplacer37892)
		Method: <me.zhanghai.android.patternlock.PatternUtils: byte[] sha1(byte[])>
		SHA-256: d40b0cb1d44f76cd7e17af12f56994b9aa48a5263369823ffeadc07f1155eb43
		Secure: false
	Object:
		Variable: $r9
		Type: byte[]
		Statement: $z0 = virtualinvoke $r2.<java.security.Signature: boolean verify(byte[])>($r9)
		Method: <org.spongycastle.jcajce.provider.asymmetric.x509.X509CertificateObject: void checkSignature(java.security.PublicKey,java.security.Signature)>
		SHA-256: 6d0e34b31c098ad22fffb781f78583f94b3d4bee138171448d36c63190192a88
		Secure: false
	Object:
		Variable: $r3
		Type: javax.net.ssl.TrustManager[]
		Statement: $r3 = virtualinvoke $r2.<javax.net.ssl.TrustManagerFactory: javax.net.ssl.TrustManager[] getTrustManagers()>()
		Method: <okhttp3.OkHttpClient: javax.net.ssl.X509TrustManager systemDefaultTrustManager()>
		SHA-256: 4704c3ea9d50e304ebaa64f80abc0358b23fd9e2c75b25360e6595ec058a5c98
		Secure: false
	Object:
		Variable: $r2
		Type: javax.crypto.KeyGenerator
		Statement: $r2 = staticinvoke <javax.crypto.KeyGenerator: javax.crypto.KeyGenerator getInstance(java.lang.String,java.lang.String)>(varReplacer843, varReplacer844)
		Method: <rehanced.com.simpleetherwallet.activities.AppLockActivity: void generateKey()>
		SHA-256: 10d0180e4173756245c4fa54b58d79ffa24999b41e120e845e66c29e4cfdd9d7
		Secure: true
	Object:
		Variable: $r0
		Type: javax.net.ssl.SSLContext
		Statement: $r0 = staticinvoke <javax.net.ssl.SSLContext: javax.net.ssl.SSLContext getInstance(java.lang.String)>(varReplacer25732)
		Method: <cz.msebera.android.httpclient.conn.ssl.SSLContexts: javax.net.ssl.SSLContext createDefault()>
		SHA-256: ed4a09cb13132690cee4a37776dce7282b53ff8b1a2c69b32619dcdc048b9525
		Secure: false
	Object:
		Variable: $r5
		Type: java.security.AlgorithmParameters
		Statement: $r5 = staticinvoke <java.security.AlgorithmParameters: java.security.AlgorithmParameters getInstance(java.lang.String,java.security.Provider)>($r3, $r4)
		Method: <org.spongycastle.jcajce.provider.asymmetric.x509.X509SignatureUtil: void setSignatureParameters(java.security.Signature,org.spongycastle.asn1.ASN1Encodable)>
		SHA-256: 5542b69dc5336cc3d00547288fa7f3d8d3237d121f2ce57576e26391c36e1a8d
		Secure: false
	Object:
		Variable: $r3
		Type: java.security.SecureRandom
		Statement: specialinvoke $r3.<java.security.SecureRandom: void <init>()>()
		Method: <org.spongycastle.pqc.crypto.rainbow.RainbowSigner: void init(boolean,org.spongycastle.crypto.CipherParameters)>
		SHA-256: b0d1ba3da8064ca082b6ab923adae7a1f903b06296e62e14fc3b962758995d3f
		Secure: true
	Object:
		Variable: $z0
		Type: boolean
		Statement: $z0 = virtualinvoke $r2.<java.security.Signature: boolean verify(byte[])>($r9)
		Method: <org.spongycastle.jcajce.provider.asymmetric.x509.X509CertificateObject: void checkSignature(java.security.PublicKey,java.security.Signature)>
		SHA-256: 7217ea96643c477c380752e209e21ed79eacbac5847136479da018a451c81a7a
		Secure: false
	Object:
		Variable: $r7
		Type: javax.crypto.Cipher
		Statement: $r7 = staticinvoke <javax.crypto.Cipher: javax.crypto.Cipher getInstance(java.lang.String)>(varReplacer44806)
		Method: <cz.msebera.android.httpclient.impl.auth.NTLMEngineImpl: byte[] lmHash(java.lang.String)>
		SHA-256: 73491ded5b58d079635e844c79edf707dc877cbf2aff52c2ac7dc50635c11da6
		Secure: false
	Object:
		Variable: $r1
		Type: byte[]
		Statement: $r1 = virtualinvoke $r2.<java.security.MessageDigest: byte[] digest(byte[])>($r3)
		Method: <cz.msebera.android.httpclient.impl.auth.NTLMEngineImpl$HMACMD5: byte[] getOutput()>
		SHA-256: 3bcbf4d912455255294e9bee4d91f33f3fa55dd4a67dc970c48252366cf97c1f
		Secure: false
	Object:
		Variable: $r11
		Type: javax.crypto.spec.DHParameterSpec
		Statement: specialinvoke $r11.<javax.crypto.spec.DHParameterSpec: void <init>(java.math.BigInteger,java.math.BigInteger,int)>($r4, $r12, $i0)
		Method: <org.spongycastle.jcajce.provider.asymmetric.dh.BCDHPublicKey: void <init>(org.spongycastle.asn1.x509.SubjectPublicKeyInfo)>
		SHA-256: 17b4b930a4015277dc38236ece3f2b178712edf44398dea6b7f560110b300af0
		Secure: true
	Object:
		Variable: $r1
		Type: java.security.MessageDigest
		Statement: $r1 = staticinvoke <java.security.MessageDigest: java.security.MessageDigest getInstance(java.lang.String)>($r0)
		Method: <cz.msebera.android.httpclient.impl.auth.DigestScheme: java.security.MessageDigest createMessageDigest(java.lang.String)>
		SHA-256: 321d839d42824fa1094f41a57e7723f33794d954c501086e44290f04ccf89c3d
		Secure: false
	Object:
		Variable: $r2
		Type: java.security.SecureRandom
		Statement: specialinvoke $r2.<java.security.SecureRandom: void <init>()>()
		Method: <org.spongycastle.pqc.crypto.ntru.NTRUSigningKeyPairGenerator: org.spongycastle.pqc.crypto.ntru.NTRUSigningKeyPairGenerator$FGBasis generateBasis()>
		SHA-256: bcb54d56dec785f765303fde3896b946639b8597c070f0bc991c1546f044b396
		Secure: true
	Object:
		Variable: $r3
		Type: java.security.MessageDigest
		Statement: $r3 = staticinvoke <java.security.MessageDigest: java.security.MessageDigest getInstance(java.lang.String)>(varReplacer43315)
		Method: <cz.msebera.android.httpclient.impl.auth.NTLMEngineImpl: byte[] ntlm2SessionResponse(byte[],byte[],byte[])>
		SHA-256: 34bd1613b3d2d55dd5523afe905a066e6d2d1067ce1c426eb187c2d75629d8c2
		Secure: false
	Object:
		Variable: $r25
		Type: byte[]
		Statement: $r25 = virtualinvoke $r17.<java.security.MessageDigest: byte[] digest(byte[])>($r25)
		Method: <cz.msebera.android.httpclient.impl.auth.DigestScheme: cz.msebera.android.httpclient.Header createDigestHeader(cz.msebera.android.httpclient.auth.Credentials,cz.msebera.android.httpclient.HttpRequest)>
		SHA-256: be2f0dd83ea450ffbde509a5fd3d60bb5248997ea4701702ceb4ecb07461cae
		Secure: false
	Object:
		Variable: $r0
		Type: byte[]
		Statement: $r0 = virtualinvoke $r2.<java.security.MessageDigest: byte[] digest(byte[])>($r0)
		Method: <me.zhanghai.android.patternlock.PatternUtils: byte[] sha1(byte[])>
		SHA-256: b5743698c94ee44920686a2b89c36733d443b86aab553b247eafe95f42c9cda4
		Secure: false
	Object:
		Variable: $r9
		Type: byte[]
		Statement: $z0 = virtualinvoke $r2.<java.security.Signature: boolean verify(byte[])>($r9)
		Method: <org.spongycastle.jce.provider.X509CertificateObject: void checkSignature(java.security.PublicKey,java.security.Signature)>
		SHA-256: 6d0e34b31c098ad22fffb781f78583f94b3d4bee138171448d36c63190192a88
		Secure: false
	Object:
		Variable: varReplacer41701
		Type: java.lang.String
		Statement: specialinvoke $r3.<javax.crypto.spec.SecretKeySpec: void <init>(byte[],java.lang.String)>($r1, varReplacer41701)
		Method: <cz.msebera.android.httpclient.impl.auth.NTLMEngineImpl: byte[] RC4(byte[],byte[])>
		SHA-256: 21d40bf39caa07e2c2106e66dd44aca1824b363d2fa74ee16d63869549db6fb0
		Secure: false
	Object:
		Variable: $r3
		Type: byte[]
		Statement: $r3 = virtualinvoke $r2.<java.security.MessageDigest: byte[] digest()>()
		Method: <cz.msebera.android.httpclient.impl.auth.NTLMEngineImpl$HMACMD5: byte[] getOutput()>
		SHA-256: 8dda2f10cd4911a51ea6f84d756034bbd2b170b00e8eb73d84894dc35d4275e0
		Secure: false
	Object:
		Variable: $r1
		Type: javax.crypto.Cipher
		Statement: $r1 = staticinvoke <javax.crypto.Cipher: javax.crypto.Cipher getInstance(java.lang.String)>(varReplacer851)
		Method: <rehanced.com.simpleetherwallet.activities.AppLockActivity: boolean cipherInit()>
		SHA-256: 5e6c41d0d0cbbe9ef90a3284a436ee152cd15b27f25c97352a24e029f74cbd15
		Secure: false
	Object:
		Variable: $r1
		Type: byte[]
		Statement: $r1 = virtualinvoke $r3.<java.security.MessageDigest: byte[] digest()>()
		Method: <cz.msebera.android.httpclient.impl.auth.NTLMEngineImpl: byte[] ntlm2SessionResponse(byte[],byte[],byte[])>
		SHA-256: 87142a8c4369ab14d23fa8690b807f0d900b1807831c8c0f8e6b4de4b8735e3b
		Secure: false
	Object:
		Variable: $r2
		Type: javax.net.ssl.TrustManagerFactory
		Statement: $r2 = staticinvoke <javax.net.ssl.TrustManagerFactory: javax.net.ssl.TrustManagerFactory getInstance(java.lang.String)>($r1)
		Method: <okhttp3.OkHttpClient: javax.net.ssl.X509TrustManager systemDefaultTrustManager()>
		SHA-256: 61965954da2703450175e336d331a8bc311810e943eebaeca9d739b64a0fdc1
		Secure: false
	Object:
		Variable: $r2
		Type: java.security.SecureRandom
		Statement: $r2 = staticinvoke <java.security.SecureRandom: java.security.SecureRandom getInstance(java.lang.String)>(varReplacer40202)
		Method: <cz.msebera.android.httpclient.impl.auth.NTLMEngineImpl: void <clinit>()>
		SHA-256: 880a25cd544527f89e16566e13759e39ba5fb84c8a1de331d47b7bd48dd1d652
		Secure: true
	Object:
		Variable: $r3
		Type: java.security.SecureRandom
		Statement: specialinvoke $r3.<java.security.SecureRandom: void <init>()>()
		Method: <org.spongycastle.crypto.signers.DSTU4145Signer: void init(boolean,org.spongycastle.crypto.CipherParameters)>
		SHA-256: bb98eee2eb82fb2c71e59ff99dcc6ac412ba5d86e67e379f475f490796e58a35
		Secure: true
	Object:
		Variable: $r4
		Type: byte[]
		Statement: virtualinvoke $r5.<java.security.SecureRandom: void nextBytes(byte[])>($r4)
		Method: <org.spongycastle.crypto.encodings.PKCS1Encoding: byte[] encodeBlock(byte[],int,int)>
		SHA-256: 4819013ec02a19f964ac367c7eb8af224b504304e06aab9fd319e9eae6e83037
		Secure: true
	Object:
		Variable: $r11
		Type: javax.crypto.spec.DHParameterSpec
		Statement: specialinvoke $r11.<javax.crypto.spec.DHParameterSpec: void <init>(java.math.BigInteger,java.math.BigInteger)>($r4, $r12)
		Method: <org.spongycastle.jcajce.provider.asymmetric.dh.BCDHPublicKey: void <init>(org.spongycastle.asn1.x509.SubjectPublicKeyInfo)>
		SHA-256: b6232ab4455b096bbc380e67e425400f639b173f62099cca0f8288ab688f0200
		Secure: true
	Object:
		Variable: $r3
		Type: byte[]
		Statement: virtualinvoke $r0.<javax.crypto.Mac: void doFinal(byte[],int)>($r3, varReplacer13539)
		Method: <com.lambdaworks.crypto.PBKDF: void pbkdf2(javax.crypto.Mac,byte[],int,byte[],int)>
		SHA-256: a12511a4c923143c8c5ea8e6f1f7cd1c5dad44ee966700eefb0f53c24dee21a1
		Secure: false
	Object:
		Variable: varReplacer13491
		Type: java.lang.String
		Statement: specialinvoke $r13.<javax.crypto.spec.SecretKeySpec: void <init>(byte[],java.lang.String)>($r1, varReplacer13491)
		Method: <org.web3j.crypto.Wallet: byte[] performCipherOperation(int,byte[],byte[],byte[])>
		SHA-256: 72a2da4a80b67fed6da22b9440f363d43ae0998632ada1d500012c77343aa9b9
		Secure: false
	Object:
		Variable: $r3
		Type: java.security.SecureRandom
		Statement: specialinvoke $r3.<java.security.SecureRandom: void <init>()>()
		Method: <org.spongycastle.pqc.crypto.ntru.NTRUEncryptionKeyGenerationParameters: void <init>(int,int,int,int,int,int,int,int,boolean,byte[],boolean,boolean,org.spongycastle.crypto.Digest)>
		SHA-256: 8804dfbcedc43de8915d1844bd637bb3574c76388648172f6a7135bf1a8c7524
		Secure: true
	Object:
		Variable: $r2
		Type: java.security.MessageDigest
		Statement: $r2 = staticinvoke <java.security.MessageDigest: java.security.MessageDigest getInstance(java.lang.String)>($r1)
		Method: <okio.ByteString: okio.ByteString digest(java.lang.String)>
		SHA-256: b336d574501b28a5bd90db22472c23a68acb0c1b99c4f14746fdc2a23c69a24e
		Secure: false
	Object:
		Variable: $r1
		Type: javax.crypto.spec.DHParameterSpec
		Statement: specialinvoke $r1.<javax.crypto.spec.DHParameterSpec: void <init>(java.math.BigInteger,java.math.BigInteger)>($r3, $r4)
		Method: <org.spongycastle.jcajce.provider.asymmetric.elgamal.BCElGamalPublicKey: javax.crypto.spec.DHParameterSpec getParams()>
		SHA-256: a9c19b12994234db6ec00ed5b541d5738b556e23d3870b731ea4245dbf932de7
		Secure: true
	Object:
		Variable: $r1
		Type: java.security.KeyStore
		Statement: $r1 = staticinvoke <java.security.KeyStore: java.security.KeyStore getInstance(java.lang.String)>(varReplacer841)
		Method: <rehanced.com.simpleetherwallet.activities.AppLockActivity: void generateKey()>
		SHA-256: 1d823d1b68b8f43840579ce75b11761aa0c4989a8bf8708a8a200541fb61e89f
		Secure: false
	Object:
		Variable: $r2
		Type: java.security.SecureRandom
		Statement: specialinvoke $r2.<java.security.SecureRandom: void <init>()>()
		Method: <org.spongycastle.crypto.encodings.OAEPEncoding: void init(boolean,org.spongycastle.crypto.CipherParameters)>
		SHA-256: 2927d56a192959dc3453ff63fb3830152d4c89781cce727cc1398f859f78edbf
		Secure: true
	Object:
		Variable: r0
		Type: org.spongycastle.x509.ExtendedPKIXParameters
		Statement: specialinvoke r0.<java.security.cert.PKIXParameters: void <init>(java.util.Set)>($r1)
		Method: <org.spongycastle.x509.ExtendedPKIXParameters: void <init>(java.util.Set)>
		SHA-256: bc4db4edf85d5095c872f763083d4cdd57eaf413157a98ff957c0439448eaca6
		Secure: true
	Object:
		Variable: $r1
		Type: javax.crypto.spec.DHParameterSpec
		Statement: specialinvoke $r1.<javax.crypto.spec.DHParameterSpec: void <init>(java.math.BigInteger,java.math.BigInteger)>($r3, $r4)
		Method: <org.spongycastle.jcajce.provider.asymmetric.elgamal.BCElGamalPrivateKey: javax.crypto.spec.DHParameterSpec getParams()>
		SHA-256: c908257ebef1e44e27421c3dc6127a4c79990e1515e273132ea2c2cb020fcdee
		Secure: true
	Object:
		Variable: $r12
		Type: java.security.MessageDigest
		Statement: $r12 = staticinvoke <java.security.MessageDigest: java.security.MessageDigest getInstance(java.lang.String,java.lang.String)>($r11, varReplacer38830)
		Method: <org.spongycastle.x509.AttributeCertificateHolder: boolean match(java.security.cert.Certificate)>
		SHA-256: 6598433d60db167c4bfd828a458ab9aeec9e021128fe4596bd2f888346c9740c
		Secure: true
	Object:
		Variable: $r5
		Type: javax.crypto.Cipher
		Statement: $r5 = staticinvoke <javax.crypto.Cipher: javax.crypto.Cipher getInstance(java.lang.String)>(varReplacer43285)
		Method: <cz.msebera.android.httpclient.impl.auth.NTLMEngineImpl$CipherGen: byte[] getLanManagerSessionKey()>
		SHA-256: fd11f973e8d0c9052e8f22ed4908bd02b96b0d1819a2f3623b32209eefd36543
		Secure: false
	Object:
		Variable: $r5
		Type: byte[]
		Statement: virtualinvoke $r6.<java.security.SecureRandom: void nextBytes(byte[])>($r5)
		Method: <org.spongycastle.crypto.encodings.PKCS1Encoding: byte[] decodeBlockOrRandom(byte[],int,int)>
		SHA-256: 9cf40f8a936ef70cb499066f635da308784e97c5cbb26ff54eea0a07700e8b06
		Secure: true
	Object:
		Variable: $r25
		Type: byte[]
		Statement: $r25 = virtualinvoke $r17.<java.security.MessageDigest: byte[] digest(byte[])>($r25)
		Method: <cz.msebera.android.httpclient.impl.auth.DigestScheme: cz.msebera.android.httpclient.Header createDigestHeader(cz.msebera.android.httpclient.auth.Credentials,cz.msebera.android.httpclient.HttpRequest)>
		SHA-256: be2f0dd83ea450ffbde509a5fd3d60bb5248997ea4701702ceb4ecb07461cae
		Secure: false
	Object:
		Variable: $r3
		Type: byte[]
		Statement: $r3 = virtualinvoke $r2.<java.security.MessageDigest: byte[] digest(byte[])>($r3)
		Method: <okio.ByteString: okio.ByteString digest(java.lang.String)>
		SHA-256: a79a1700ae9d8d44f13ea218f751e7024f8f1222b1b2ae17cdbab7b56d352181
		Secure: false
	Object:
		Variable: $r1
		Type: byte[]
		Statement: $r1 = virtualinvoke $r2.<java.security.MessageDigest: byte[] digest()>()
		Method: <cz.msebera.android.httpclient.impl.auth.HttpEntityDigester: void close()>
		SHA-256: 6e2f49082bf8a753b36c08d597efa7282d12c9a9b9a86cb704dfeec77e918e7c
		Secure: false
	Object:
		Variable: $r2
		Type: java.security.SecureRandom
		Statement: specialinvoke $r2.<java.security.SecureRandom: void <init>()>()
		Method: <org.spongycastle.pqc.crypto.ntru.NTRUSigningKeyGenerationParameters: void <init>(int,int,int,int,int,double,double,double,boolean,boolean,int,org.spongycastle.crypto.Digest)>
		SHA-256: 7da588f6ba11daef0648e917469639d98b077179b329759419eb3ea4368bb37f
		Secure: true
	Object:
		Variable: $r2
		Type: javax.crypto.spec.SecretKeySpec
		Statement: specialinvoke $r2.<javax.crypto.spec.SecretKeySpec: void <init>(byte[],java.lang.String)>($r0, varReplacer43324)
		Method: <cz.msebera.android.httpclient.impl.auth.NTLMEngineImpl: java.security.Key createDESKey(byte[],int)>
		SHA-256: 44f97b09e96ce3327ee819e2530f9faec68221f4cb2863f8a13b3e2638aaae79
		Secure: false
	Object:
		Variable: $r3
		Type: java.security.SecureRandom
		Statement: specialinvoke $r3.<java.security.SecureRandom: void <init>()>()
		Method: <org.spongycastle.pqc.crypto.gmss.GMSSSigner: void init(boolean,org.spongycastle.crypto.CipherParameters)>
		SHA-256: 2dc8cd1c1fa7979cada7be8f8320f93342af2ff1963c7c499a3420b2b9545bfa
		Secure: true
	Object:
		Variable: $i3
		Type: int
		Statement: $i3 = virtualinvoke $r5.<java.security.SecureRandom: int nextInt()>()
		Method: <org.spongycastle.crypto.encodings.PKCS1Encoding: byte[] encodeBlock(byte[],int,int)>
		SHA-256: acc48556d482f8fa815d958f1dbc228fad1134f560109aebc24a8c079260f746
		Secure: true
	Object:
		Variable: $r11
		Type: javax.crypto.spec.DHParameterSpec
		Statement: specialinvoke $r11.<javax.crypto.spec.DHParameterSpec: void <init>(java.math.BigInteger,java.math.BigInteger)>($r4, $r12)
		Method: <org.spongycastle.jcajce.provider.asymmetric.dh.BCDHPublicKey: void <init>(org.spongycastle.asn1.x509.SubjectPublicKeyInfo)>
		SHA-256: b6232ab4455b096bbc380e67e425400f639b173f62099cca0f8288ab688f0200
		Secure: true
	Object:
		Variable: $r3
		Type: java.security.SecureRandom
		Statement: specialinvoke $r3.<java.security.SecureRandom: void <init>()>()
		Method: <org.spongycastle.pqc.crypto.ntru.NTRUEngine: void init(boolean,org.spongycastle.crypto.CipherParameters)>
		SHA-256: 4bd6151add7d31cc4c6c1b467a5fcba26d1274b4e5b8f364b9492ad636053fa7
		Secure: true
	Object:
		Variable: varReplacer13535
		Type: java.lang.String
		Statement: specialinvoke $r6.<javax.crypto.spec.SecretKeySpec: void <init>(byte[],java.lang.String)>($r0, varReplacer13535)
		Method: <com.lambdaworks.crypto.SCrypt: byte[] scryptJ(byte[],byte[],int,int,int,int)>
		SHA-256: a637bce683abc3dcd7f3fdcc5d81496373d5bc296a77342066e38be3d9a374c6
		Secure: false
	Object:
		Variable: $r4
		Type: java.security.SecureRandom
		Statement: specialinvoke $r4.<java.security.SecureRandom: void <init>()>()
		Method: <org.spongycastle.crypto.signers.PSSSigner: void init(boolean,org.spongycastle.crypto.CipherParameters)>
		SHA-256: 7331639808f0d8733f5df0230ac3a48eecf3cff3ed703c4c0022f9cd7cd80756
		Secure: true
	Object:
		Variable: $r5
		Type: java.security.Signature
		Statement: $r5 = staticinvoke <java.security.Signature: java.security.Signature getInstance(java.lang.String,java.lang.String)>($r4, varReplacer48347)
		Method: <org.spongycastle.jce.provider.X509CertificateObject: void verify(java.security.PublicKey)>
		SHA-256: 97ad44ec7ccc01ba5f0170d98401cdd90a5e29c6a6e88353a7239ff343b1a704
		Secure: false
	Object:
		Variable: $r2
		Type: java.security.Signature
		Statement: $r2 = staticinvoke <java.security.Signature: java.security.Signature getInstance(java.lang.String)>($r1)
		Method: <org.spongycastle.jcajce.util.DefaultJcaJceHelper: java.security.Signature createSignature(java.lang.String)>
		SHA-256: 8caf8271a8908cf100fb50ebb959a744eaecb0d7c40ec964bca39ee361a143df
		Secure: false
	Object:
		Variable: $r2
		Type: java.security.Signature
		Statement: $r2 = staticinvoke <java.security.Signature: java.security.Signature getInstance(java.lang.String,java.lang.String)>($r1, $r3)
		Method: <org.spongycastle.jcajce.util.NamedJcaJceHelper: java.security.Signature createSignature(java.lang.String)>
		SHA-256: 850c46e7855969e5dcd18e947012938d509712566774b043a6a1d444280a94b7
		Secure: false
	Object:
		Variable: $r25
		Type: byte[]
		Statement: $r25 = virtualinvoke $r17.<java.security.MessageDigest: byte[] digest(byte[])>($r25)
		Method: <cz.msebera.android.httpclient.impl.auth.DigestScheme: cz.msebera.android.httpclient.Header createDigestHeader(cz.msebera.android.httpclient.auth.Credentials,cz.msebera.android.httpclient.HttpRequest)>
		SHA-256: be2f0dd83ea450ffbde509a5fd3d60bb5248997ea4701702ceb4ecb07461cae
		Secure: false
	Object:
		Variable: $r30
		Type: java.security.spec.ECParameterSpec
		Statement: specialinvoke $r30.<java.security.spec.ECParameterSpec: void <init>(java.security.spec.EllipticCurve,java.security.spec.ECPoint,java.math.BigInteger,int)>($r21, $r23, $r17, $i0)
		Method: <org.spongycastle.jcajce.provider.asymmetric.dstu.BCDSTU4145PublicKey: void populateFromPubKeyInfo(org.spongycastle.asn1.x509.SubjectPublicKeyInfo)>
		SHA-256: fc5a46123419e9f79ead9c9fb083c0a1f80416372d9d7e25e5cd2ec7ec14cedc
		Secure: true
	Object:
		Variable: $r4
		Type: java.security.SecureRandom
		Statement: specialinvoke $r4.<java.security.SecureRandom: void <init>()>()
		Method: <org.spongycastle.crypto.engines.ElGamalEngine: void init(boolean,org.spongycastle.crypto.CipherParameters)>
		SHA-256: cc0b332bb2ddc847ca308294e1c87841df1bdcc2359c6b4559abe498d8131c20
		Secure: true
	Object:
		Variable: $r2
		Type: byte[]
		Statement: virtualinvoke $r1.<java.security.SecureRandom: void nextBytes(byte[])>($r2)
		Method: <cz.msebera.android.httpclient.impl.auth.DigestScheme: java.lang.String createCnonce()>
		SHA-256: bbd35c0b9cc04d0eef73b2ad76dd3b0c8a90eec8bc1cf0e85b5f6d07c31b38bf
		Secure: true
	Object:
		Variable: $r2
		Type: byte[]
		Statement: virtualinvoke $r4.<java.security.SecureRandom: void nextBytes(byte[])>($r2)
		Method: <org.spongycastle.crypto.signers.PSSSigner: byte[] generateSignature()>
		SHA-256: 7bb46be8410927887679833b3436133d228350583bc65057a371d925a6056b6c
		Secure: true
	Object:
		Variable: $r1
		Type: javax.crypto.spec.DHParameterSpec
		Statement: specialinvoke $r1.<javax.crypto.spec.DHParameterSpec: void <init>(java.math.BigInteger,java.math.BigInteger)>($r3, $r4)
		Method: <org.spongycastle.jce.provider.JCEElGamalPrivateKey: javax.crypto.spec.DHParameterSpec getParams()>
		SHA-256: 6b8822e70d4604e23c0ea07692bf2c9c1daaa36d64fb48b6df14aae465189041
		Secure: true
	Object:
		Variable: $r2
		Type: java.security.MessageDigest
		Statement: $r2 = staticinvoke <java.security.MessageDigest: java.security.MessageDigest getInstance(java.lang.String)>(varReplacer44823)
		Method: <cz.msebera.android.httpclient.impl.auth.NTLMEngineImpl$HMACMD5: void <init>(byte[])>
		SHA-256: 4202945973232ac4d7cc936fc797cc0003b5abf5250b9e7bf9cd806ba9daac42
		Secure: false
	Object:
		Variable: $r3
		Type: java.security.SecureRandom
		Statement: specialinvoke $r3.<java.security.SecureRandom: void <init>()>()
		Method: <org.spongycastle.pqc.crypto.ntru.NTRUEncryptionKeyGenerationParameters: void <init>(int,int,int,int,int,int,int,int,int,int,boolean,byte[],boolean,boolean,org.spongycastle.crypto.Digest)>
		SHA-256: 8804dfbcedc43de8915d1844bd637bb3574c76388648172f6a7135bf1a8c7524
		Secure: true
	Object:
		Variable: $r0
		Type: java.security.SecureRandom
		Statement: specialinvoke $r0.<java.security.SecureRandom: void <init>()>()
		Method: <org.web3j.crypto.Wallet: void <clinit>()>
		SHA-256: e3a0f65a23b9b5e6ce031b015948ef77db56cf588e4c4b65a9fe176b55383d20
		Secure: true
	Object:
		Variable: $r3
		Type: byte[]
		Statement: virtualinvoke $r6.<java.security.SecureRandom: void nextBytes(byte[])>($r3)
		Method: <org.spongycastle.crypto.signers.ISO9796d2PSSSigner: byte[] generateSignature()>
		SHA-256: 4592a1112efe016717f1a082fb533912b14b56e7c526ed1d8074464b5c6b3921
		Secure: true
	Object:
		Variable: $r3
		Type: java.security.SecureRandom
		Statement: specialinvoke $r3.<java.security.SecureRandom: void <init>()>()
		Method: <org.spongycastle.crypto.signers.ECGOST3410Signer: void init(boolean,org.spongycastle.crypto.CipherParameters)>
		SHA-256: caabe0390e3d2386e10c04d6d72b0b44e335e1623efc6992e7ef060aaafe4388
		Secure: true
	Object:
		Variable: $r8
		Type: java.security.spec.DSAParameterSpec
		Statement: specialinvoke $r8.<java.security.spec.DSAParameterSpec: void <init>(java.math.BigInteger,java.math.BigInteger,java.math.BigInteger)>($r4, $r9, $r10)
		Method: <org.spongycastle.jcajce.provider.asymmetric.dsa.BCDSAPublicKey: void <init>(org.spongycastle.asn1.x509.SubjectPublicKeyInfo)>
		SHA-256: 780d8ed9245b878b95919a3d1d9f5b30065a116907fca525e3b9b6fb3db32c2e
		Secure: true
	Object:
		Variable: $r25
		Type: byte[]
		Statement: $r25 = virtualinvoke $r17.<java.security.MessageDigest: byte[] digest(byte[])>($r25)
		Method: <cz.msebera.android.httpclient.impl.auth.DigestScheme: cz.msebera.android.httpclient.Header createDigestHeader(cz.msebera.android.httpclient.auth.Credentials,cz.msebera.android.httpclient.HttpRequest)>
		SHA-256: be2f0dd83ea450ffbde509a5fd3d60bb5248997ea4701702ceb4ecb07461cae
		Secure: false
	Object:
		Variable: r1
		Type: java.security.SecureRandom
		Statement: specialinvoke r1.<java.security.SecureRandom: void <init>()>()
		Method: <org.spongycastle.crypto.signers.ECDSASigner: java.security.SecureRandom initSecureRandom(boolean,java.security.SecureRandom)>
		SHA-256: 907e1f5c07beb4945875e3d9df0753f4b7e3c9cbc7e6d6fca061334ed85525ba
		Secure: true
	Object:
		Variable: $r2
		Type: javax.net.ssl.SSLContext
		Statement: $r2 = staticinvoke <javax.net.ssl.SSLContext: javax.net.ssl.SSLContext getInstance(java.lang.String,java.security.Provider)>(varReplacer36028, $r1)
		Method: <okhttp3.internal.platform.ConscryptPlatform: javax.net.ssl.SSLContext getSSLContext()>
		SHA-256: d56048ea75a3386eae18a600a8f6f28a20e5d7b192af775bf4a17ca5400a9ed4
		Secure: false
	Object:
		Variable: $r3
		Type: java.security.SecureRandom
		Statement: specialinvoke $r3.<java.security.SecureRandom: void <init>()>()
		Method: <org.spongycastle.crypto.signers.ECNRSigner: void init(boolean,org.spongycastle.crypto.CipherParameters)>
		SHA-256: 9280f6752b6e6221628d06f9d60b4341d2a16061cd2ae2c26b66d065728b8af7
		Secure: true
	Object:
		Variable: $r2
		Type: java.security.SecureRandom
		Statement: specialinvoke $r2.<java.security.SecureRandom: void <init>()>()
		Method: <org.spongycastle.pqc.crypto.ntru.NTRUSigningKeyPairGenerator: org.spongycastle.pqc.crypto.ntru.NTRUSigningKeyPairGenerator$FGBasis generateBasis()>
		SHA-256: bcb54d56dec785f765303fde3896b946639b8597c070f0bc991c1546f044b396
		Secure: true
	Object:
		Variable: $r3
		Type: java.security.SecureRandom
		Statement: specialinvoke $r3.<java.security.SecureRandom: void <init>()>()
		Method: <org.spongycastle.crypto.encodings.PKCS1Encoding: void init(boolean,org.spongycastle.crypto.CipherParameters)>
		SHA-256: d60d93481dd6262546132fe8ec2f6f2c42eb3a0a1bfa20b033056f89fc2c0c59
		Secure: true
	Object:
		Variable: $r5
		Type: java.security.Signature
		Statement: $r5 = staticinvoke <java.security.Signature: java.security.Signature getInstance(java.lang.String)>($r4)
		Method: <org.spongycastle.jce.provider.X509CertificateObject: void verify(java.security.PublicKey)>
		SHA-256: 997fdae8dab25f148989f284f7244edda4b513c7544559103baf8ddcfb7ba1cb
		Secure: false
	Object:
		Variable: r1
		Type: java.security.SecureRandom
		Statement: specialinvoke r1.<java.security.SecureRandom: void <init>()>()
		Method: <org.spongycastle.crypto.signers.DSASigner: java.security.SecureRandom initSecureRandom(boolean,java.security.SecureRandom)>
		SHA-256: 976278d7f7d95a4f24d6a4dcfd009558740370f422ea3303d5b2e3b2b8b2b87e
		Secure: true
	Object:
		Variable: $r5
		Type: javax.crypto.Cipher
		Statement: $r5 = staticinvoke <javax.crypto.Cipher: javax.crypto.Cipher getInstance(java.lang.String)>(varReplacer13490)
		Method: <org.web3j.crypto.Wallet: byte[] performCipherOperation(int,byte[],byte[],byte[])>
		SHA-256: 193dee2f4e94ba0a85e87301459cffe3c133de74cb86ce71310205893bbe42e9
		Secure: false

Findings in Java Class: rehanced.com.simpleetherwallet.activities.AppLockActivity

	 in Method: void generateKey()
		ConstraintError violating CrySL rule for java.security.KeyStore (on Object #1d823d1b68b8f43840579ce75b11761aa0c4989a8bf8708a8a200541fb61e89f)
			First parameter (with value "AndroidKeyStore") should be any of {JCEKS, JKS, DKS, PKCS11, PKCS12}
			at statement: $r1 = staticinvoke <java.security.KeyStore: java.security.KeyStore getInstance(java.lang.String)>(varReplacer841)


	 in Method: boolean cipherInit()
		RequiredPredicateError violating CrySL rule for javax.crypto.Cipher
			Second parameter was not properly generated as generatedKey
			at statement: virtualinvoke $r1.<javax.crypto.Cipher: void init(int,java.security.Key)>(varReplacer849, $r4)

		ConstraintError violating CrySL rule for javax.crypto.Cipher (on Object #5e6c41d0d0cbbe9ef90a3284a436ee152cd15b27f25c97352a24e029f74cbd15)
			First parameter (with value "AES/CBC/PKCS7Padding") should be any of AES/CBC/{PKCS5Padding, ISO10126Padding}
			at statement: $r1 = staticinvoke <javax.crypto.Cipher: javax.crypto.Cipher getInstance(java.lang.String)>(varReplacer851)

		TypestateError violating CrySL rule for java.security.KeyStore (on Object #1d823d1b68b8f43840579ce75b11761aa0c4989a8bf8708a8a200541fb61e89f)
			Unexpected call to method load on object of type java.security.KeyStore. Expect a call to one of the following methods getKey,getEntry,setEntry
			at statement: virtualinvoke $r2.<java.security.KeyStore: void load(java.security.KeyStore$LoadStoreParameter)>(varReplacer848)


Findings in Java Class: org.web3j.crypto.Wallet

	 in Method: byte[] performCipherOperation(int,byte[],byte[],byte[])
		RequiredPredicateError violating CrySL rule for javax.crypto.spec.IvParameterSpec
			First parameter was not properly generated as randomized
			at statement: specialinvoke $r12.<javax.crypto.spec.IvParameterSpec: void <init>(byte[])>($r0)

		TypestateError violating CrySL rule for javax.crypto.Cipher (on Object #193dee2f4e94ba0a85e87301459cffe3c133de74cb86ce71310205893bbe42e9)
			Unexpected call to method doFinal on object of type javax.crypto.Cipher. Expect a call to one of the following methods init,updateAAD
			at statement: $r0 = virtualinvoke $r5.<javax.crypto.Cipher: byte[] doFinal(byte[])>($r2)

		RequiredPredicateError violating CrySL rule for javax.crypto.spec.SecretKeySpec
			First parameter was not properly generated as preparedKeyMaterial
			at statement: specialinvoke $r13.<javax.crypto.spec.SecretKeySpec: void <init>(byte[],java.lang.String)>($r1, varReplacer13491)

		RequiredPredicateError violating CrySL rule for javax.crypto.Cipher
			Second parameter was not properly generated as generatedKey
			at statement: virtualinvoke $r5.<javax.crypto.Cipher: void init(int,java.security.Key,java.security.spec.AlgorithmParameterSpec)>($i0, $r3, $r4)


Findings in Java Class: com.lambdaworks.crypto.PBKDF

	 in Method: void pbkdf2(javax.crypto.Mac,byte[],int,byte[],int)
		TypestateError violating CrySL rule for javax.crypto.Mac (on Object #93b5398eba24651a2f439189c20e9adc3ae66a989d94bd9e7c6713d6a984254d)
			Unexpected call to method update on object of type javax.crypto.Mac.
			at statement: virtualinvoke $r0.<javax.crypto.Mac: void update(byte[])>($r3)

		TypestateError violating CrySL rule for javax.crypto.Mac (on Object #93b5398eba24651a2f439189c20e9adc3ae66a989d94bd9e7c6713d6a984254d)
			Unexpected call to method update on object of type javax.crypto.Mac.
			at statement: virtualinvoke $r0.<javax.crypto.Mac: void update(byte[])>($r4)

		IncompleteOperationError violating CrySL rule for javax.crypto.Mac (on Object #93b5398eba24651a2f439189c20e9adc3ae66a989d94bd9e7c6713d6a984254d)
			Operation on object of type javax.crypto.Mac object not completed. Expected call to update, doFinal
			at statement: $i3 = virtualinvoke $r0.<javax.crypto.Mac: int getMacLength()>()


Findings in Java Class: com.lambdaworks.crypto.SCrypt

	 in Method: byte[] scryptJ(byte[],byte[],int,int,int,int)
		IncompleteOperationError violating CrySL rule for javax.crypto.Mac (on Object #93b5398eba24651a2f439189c20e9adc3ae66a989d94bd9e7c6713d6a984254d)
			Operation on object of type javax.crypto.Mac object not completed. Expected call to update, doFinal
			at statement: staticinvoke <com.lambdaworks.crypto.PBKDF: void pbkdf2(javax.crypto.Mac,byte[],int,byte[],int)>($r4, $r7, varReplacer13537, $r3, $i3)

		RequiredPredicateError violating CrySL rule for javax.crypto.spec.SecretKeySpec
			First parameter was not properly generated as preparedKeyMaterial
			at statement: specialinvoke $r6.<javax.crypto.spec.SecretKeySpec: void <init>(byte[],java.lang.String)>($r0, varReplacer13535)

		RequiredPredicateError violating CrySL rule for javax.crypto.Mac
			First parameter was not properly generated as generatedKey
			at statement: virtualinvoke $r4.<javax.crypto.Mac: void init(java.security.Key)>($r6)


Findings in Java Class: cz.msebera.android.httpclient.conn.ssl.SSLContexts

	 in Method: javax.net.ssl.SSLContext createDefault()
		RequiredPredicateError violating CrySL rule for javax.net.ssl.SSLContext
			First parameter was not properly generated as generatedKeyManagers
			at statement: virtualinvoke $r0.<javax.net.ssl.SSLContext: void init(javax.net.ssl.KeyManager[],javax.net.ssl.TrustManager[],java.security.SecureRandom)>(varReplacer25733, varReplacer25733, varReplacer25733)

		ConstraintError violating CrySL rule for javax.net.ssl.SSLContext (on Object #ed4a09cb13132690cee4a37776dce7282b53ff8b1a2c69b32619dcdc048b9525)
			First parameter (with value "TLS") should be any of {TLSv1.2, TLSv1.3}
			at statement: $r0 = staticinvoke <javax.net.ssl.SSLContext: javax.net.ssl.SSLContext getInstance(java.lang.String)>(varReplacer25732)

		RequiredPredicateError violating CrySL rule for javax.net.ssl.SSLContext
			Third parameter was not properly generated as randomized
			at statement: virtualinvoke $r0.<javax.net.ssl.SSLContext: void init(javax.net.ssl.KeyManager[],javax.net.ssl.TrustManager[],java.security.SecureRandom)>(varReplacer25733, varReplacer25733, varReplacer25733)

		RequiredPredicateError violating CrySL rule for javax.net.ssl.SSLContext
			Second parameter was not properly generated as generatedTrustManagers
			at statement: virtualinvoke $r0.<javax.net.ssl.SSLContext: void init(javax.net.ssl.KeyManager[],javax.net.ssl.TrustManager[],java.security.SecureRandom)>(varReplacer25733, varReplacer25733, varReplacer25733)


Findings in Java Class: okio.ByteString

	 in Method: okio.ByteString digest(java.lang.String)
		ConstraintError violating CrySL rule for java.security.MessageDigest (on Object #b336d574501b28a5bd90db22472c23a68acb0c1b99c4f14746fdc2a23c69a24e)
			First parameter (with value "SHA-1") should be any of {SHA-256, SHA-384, SHA-512}
			at statement: $r2 = staticinvoke <java.security.MessageDigest: java.security.MessageDigest getInstance(java.lang.String)>($r1)

		ConstraintError violating CrySL rule for java.security.MessageDigest (on Object #b336d574501b28a5bd90db22472c23a68acb0c1b99c4f14746fdc2a23c69a24e)
			First parameter (with value "MD5") should be any of {SHA-256, SHA-384, SHA-512}
			at statement: $r2 = staticinvoke <java.security.MessageDigest: java.security.MessageDigest getInstance(java.lang.String)>($r1)


Findings in Java Class: okhttp3.internal.platform.Platform

	 in Method: javax.net.ssl.SSLContext getSSLContext()
		ConstraintError violating CrySL rule for javax.net.ssl.SSLContext (on Object #9d507c6052ae704e616ccdc51c16b8c79a602ff5b53093f12f9718a189d5ce0f)
			First parameter (with value "TLS") should be any of {TLSv1.2, TLSv1.3}
			at statement: $r2 = staticinvoke <javax.net.ssl.SSLContext: javax.net.ssl.SSLContext getInstance(java.lang.String)>(varReplacer36027)


Findings in Java Class: okhttp3.internal.platform.ConscryptPlatform

	 in Method: javax.net.ssl.SSLContext getSSLContext()
		ConstraintError violating CrySL rule for javax.net.ssl.SSLContext (on Object #d56048ea75a3386eae18a600a8f6f28a20e5d7b192af775bf4a17ca5400a9ed4)
			First parameter (with value "TLS") should be any of {TLSv1.2, TLSv1.3}
			at statement: $r2 = staticinvoke <javax.net.ssl.SSLContext: javax.net.ssl.SSLContext getInstance(java.lang.String,java.security.Provider)>(varReplacer36028, $r1)


Findings in Java Class: me.zhanghai.android.patternlock.PatternUtils

	 in Method: byte[] sha1(byte[])
		ConstraintError violating CrySL rule for java.security.MessageDigest (on Object #d40b0cb1d44f76cd7e17af12f56994b9aa48a5263369823ffeadc07f1155eb43)
			First parameter (with value "SHA-1") should be any of {SHA-256, SHA-384, SHA-512}
			at statement: $r2 = staticinvoke <java.security.MessageDigest: java.security.MessageDigest getInstance(java.lang.String)>(varReplacer37892)


Findings in Java Class: org.spongycastle.x509.AttributeCertificateHolder

	 in Method: boolean match(java.security.cert.Certificate)
		TypestateError violating CrySL rule for java.security.MessageDigest (on Object #6598433d60db167c4bfd828a458ab9aeec9e021128fe4596bd2f888346c9740c)
			Unexpected call to method <java.security.MessageDigest: byte[] digest()> on object of type java.security.MessageDigest. Expect a call to one of the following methods java.security.MessageDigest: void update(byte[],int,int),java.security.MessageDigest: void update(java.nio.ByteBuffer),java.security.MessageDigest: byte[] digest(byte[]),java.security.MessageDigest: void update(byte),java.security.MessageDigest: void update(byte[])
			at statement: $r13 = virtualinvoke $r12.<java.security.MessageDigest: byte[] digest()>()


Findings in Java Class: cz.msebera.android.httpclient.impl.auth.DigestScheme

	 in Method: java.security.MessageDigest createMessageDigest(java.lang.String)
		ConstraintError violating CrySL rule for java.security.MessageDigest (on Object #321d839d42824fa1094f41a57e7723f33794d954c501086e44290f04ccf89c3d)
			First parameter (with value "MD5") should be any of {SHA-256, SHA-384, SHA-512}
			at statement: $r1 = staticinvoke <java.security.MessageDigest: java.security.MessageDigest getInstance(java.lang.String)>($r0)


Findings in Java Class: cz.msebera.android.httpclient.impl.auth.HttpEntityDigester

	 in Method: void close()
		TypestateError violating CrySL rule for java.security.MessageDigest (on Object #321d839d42824fa1094f41a57e7723f33794d954c501086e44290f04ccf89c3d)
			Unexpected call to method <java.security.MessageDigest: byte[] digest()> on object of type java.security.MessageDigest. Expect a call to one of the following methods java.security.MessageDigest: void update(byte[],int,int),java.security.MessageDigest: void update(java.nio.ByteBuffer),java.security.MessageDigest: byte[] digest(byte[]),java.security.MessageDigest: void update(byte),java.security.MessageDigest: void update(byte[])
			at statement: $r1 = virtualinvoke $r2.<java.security.MessageDigest: byte[] digest()>()


Findings in Java Class: cz.msebera.android.httpclient.impl.auth.NTLMEngineImpl

	 in Method: byte[] RC4(byte[],byte[])
		RequiredPredicateError violating CrySL rule for javax.crypto.Cipher
			Second parameter was not properly generated as generatedKey
			at statement: virtualinvoke $r2.<javax.crypto.Cipher: void init(int,java.security.Key)>(varReplacer41700, $r3)

		TypestateError violating CrySL rule for javax.crypto.Cipher (on Object #195ba9e7dc789a934ae2f0043d4fc1a9867c6ff43ddb251c9facc465a1e99d7d)
			Unexpected call to method doFinal on object of type javax.crypto.Cipher. Expect a call to one of the following methods init,updateAAD
			at statement: $r0 = virtualinvoke $r2.<javax.crypto.Cipher: byte[] doFinal(byte[])>($r0)

		ConstraintError violating CrySL rule for javax.crypto.spec.SecretKeySpec (on Object #4fe5484b81997fe4bc8c990b925c6a9a404f155e150aa21ad06895f77972dd17)
			Second parameter (with value "RC4") should be any of {AES, HmacSHA256, HmacSHA384, HmacSHA512}
			at statement: specialinvoke $r3.<javax.crypto.spec.SecretKeySpec: void <init>(byte[],java.lang.String)>($r1, varReplacer41701)

		NeverTypeOfError violating CrySL rule for javax.crypto.spec.SecretKeySpec (on Object #4fe5484b81997fe4bc8c990b925c6a9a404f155e150aa21ad06895f77972dd17)
			First parameter should never be of type java.lang.String.
			at statement: specialinvoke $r3.<javax.crypto.spec.SecretKeySpec: void <init>(byte[],java.lang.String)>($r1, varReplacer41701)

		NeverTypeOfError violating CrySL rule for javax.crypto.spec.SecretKeySpec (on Object #4fe5484b81997fe4bc8c990b925c6a9a404f155e150aa21ad06895f77972dd17)
			First parameter should never be of type java.lang.String.
			at statement: specialinvoke $r3.<javax.crypto.spec.SecretKeySpec: void <init>(byte[],java.lang.String)>($r1, varReplacer41701)

		RequiredPredicateError violating CrySL rule for javax.crypto.spec.SecretKeySpec
			First parameter was not properly generated as preparedKeyMaterial
			at statement: specialinvoke $r3.<javax.crypto.spec.SecretKeySpec: void <init>(byte[],java.lang.String)>($r1, varReplacer41701)

		NeverTypeOfError violating CrySL rule for javax.crypto.spec.SecretKeySpec (on Object #4fe5484b81997fe4bc8c990b925c6a9a404f155e150aa21ad06895f77972dd17)
			First parameter should never be of type java.lang.String.
			at statement: specialinvoke $r3.<javax.crypto.spec.SecretKeySpec: void <init>(byte[],java.lang.String)>($r1, varReplacer41701)

		ConstraintError violating CrySL rule for javax.crypto.Cipher (on Object #195ba9e7dc789a934ae2f0043d4fc1a9867c6ff43ddb251c9facc465a1e99d7d)
			First parameter (with value "RC4") should be any of {AES, PBEWithHmacSHA224AndAES_128, PBEWithHmacSHA256AndAES_128, PBEWithHmacSHA384AndAES_128, PBEWithHmacSHA512AndAES_128, PBEWithHmacSHA224AndAES_256, PBEWithHmacSHA256AndAES_256, PBEWithHmacSHA384AndAES_256, PBEWithHmacSHA512AndAES_256}
			at statement: $r2 = staticinvoke <javax.crypto.Cipher: javax.crypto.Cipher getInstance(java.lang.String)>(varReplacer41699)

		NeverTypeOfError violating CrySL rule for javax.crypto.spec.SecretKeySpec (on Object #4fe5484b81997fe4bc8c990b925c6a9a404f155e150aa21ad06895f77972dd17)
			First parameter should never be of type java.lang.String.
			at statement: specialinvoke $r3.<javax.crypto.spec.SecretKeySpec: void <init>(byte[],java.lang.String)>($r1, varReplacer41701)

		NeverTypeOfError violating CrySL rule for javax.crypto.spec.SecretKeySpec (on Object #4fe5484b81997fe4bc8c990b925c6a9a404f155e150aa21ad06895f77972dd17)
			First parameter should never be of type java.lang.String.
			at statement: specialinvoke $r3.<javax.crypto.spec.SecretKeySpec: void <init>(byte[],java.lang.String)>($r1, varReplacer41701)


	 in Method: byte[] ntlm2SessionResponse(byte[],byte[],byte[])
		ConstraintError violating CrySL rule for java.security.MessageDigest (on Object #34bd1613b3d2d55dd5523afe905a066e6d2d1067ce1c426eb187c2d75629d8c2)
			First parameter (with value "MD5") should be any of {SHA-256, SHA-384, SHA-512}
			at statement: $r3 = staticinvoke <java.security.MessageDigest: java.security.MessageDigest getInstance(java.lang.String)>(varReplacer43315)


	 in Method: java.security.Key createDESKey(byte[],int)
		ConstraintError violating CrySL rule for javax.crypto.spec.SecretKeySpec (on Object #44f97b09e96ce3327ee819e2530f9faec68221f4cb2863f8a13b3e2638aaae79)
			Second parameter (with value "DES") should be any of {AES, HmacSHA256, HmacSHA384, HmacSHA512}
			at statement: specialinvoke $r2.<javax.crypto.spec.SecretKeySpec: void <init>(byte[],java.lang.String)>($r0, varReplacer43324)

		RequiredPredicateError violating CrySL rule for javax.crypto.spec.SecretKeySpec
			First parameter was not properly generated as preparedKeyMaterial
			at statement: specialinvoke $r2.<javax.crypto.spec.SecretKeySpec: void <init>(byte[],java.lang.String)>($r0, varReplacer43324)


	 in Method: byte[] lmResponse(byte[],byte[])
		ConstraintError violating CrySL rule for javax.crypto.Cipher (on Object #cfd95c1448df9b6416af856c132e0d8c65c37de966e03280e1c5348809fe020f)
			First parameter (with value "DES/ECB/NoPadding") should be any of {AES, PBEWithHmacSHA224AndAES_128, PBEWithHmacSHA256AndAES_128, PBEWithHmacSHA384AndAES_128, PBEWithHmacSHA512AndAES_128, PBEWithHmacSHA224AndAES_256, PBEWithHmacSHA256AndAES_256, PBEWithHmacSHA384AndAES_256, PBEWithHmacSHA512AndAES_256}
			at statement: $r6 = staticinvoke <javax.crypto.Cipher: javax.crypto.Cipher getInstance(java.lang.String)>(varReplacer43327)

		RequiredPredicateError violating CrySL rule for javax.crypto.Cipher
			Second parameter was not properly generated as generatedKey
			at statement: virtualinvoke $r6.<javax.crypto.Cipher: void init(int,java.security.Key)>(varReplacer43328, $r4)

		TypestateError violating CrySL rule for javax.crypto.Cipher (on Object #cfd95c1448df9b6416af856c132e0d8c65c37de966e03280e1c5348809fe020f)
			Unexpected call to method doFinal on object of type javax.crypto.Cipher. Expect a call to one of the following methods init,updateAAD
			at statement: $r0 = virtualinvoke $r6.<javax.crypto.Cipher: byte[] doFinal(byte[])>($r1)


	 in Method: byte[] lmHash(java.lang.String)
		RequiredPredicateError violating CrySL rule for javax.crypto.Cipher
			Second parameter was not properly generated as generatedKey
			at statement: virtualinvoke $r7.<javax.crypto.Cipher: void init(int,java.security.Key)>(varReplacer44812, $r6)

		TypestateError violating CrySL rule for javax.crypto.Cipher (on Object #73491ded5b58d079635e844c79edf707dc877cbf2aff52c2ac7dc50635c11da6)
			Unexpected call to method doFinal on object of type javax.crypto.Cipher. Expect a call to one of the following methods init,updateAAD
			at statement: $r3 = virtualinvoke $r7.<javax.crypto.Cipher: byte[] doFinal(byte[])>($r4)

		ConstraintError violating CrySL rule for javax.crypto.Cipher (on Object #73491ded5b58d079635e844c79edf707dc877cbf2aff52c2ac7dc50635c11da6)
			First parameter (with value "DES/ECB/NoPadding") should be any of {AES, PBEWithHmacSHA224AndAES_128, PBEWithHmacSHA256AndAES_128, PBEWithHmacSHA384AndAES_128, PBEWithHmacSHA512AndAES_128, PBEWithHmacSHA224AndAES_256, PBEWithHmacSHA256AndAES_256, PBEWithHmacSHA384AndAES_256, PBEWithHmacSHA512AndAES_256}
			at statement: $r7 = staticinvoke <javax.crypto.Cipher: javax.crypto.Cipher getInstance(java.lang.String)>(varReplacer44806)


Findings in Java Class: cz.msebera.android.httpclient.impl.auth.NTLMEngineImpl$CipherGen

	 in Method: byte[] getLanManagerSessionKey()
		ConstraintError violating CrySL rule for javax.crypto.Cipher (on Object #b4e073e565b5a544ca8a7804d673a7fe775e0e7bfe15820b44519b494f5cff15)
			First parameter (with value "DES/ECB/NoPadding") should be any of {AES, PBEWithHmacSHA224AndAES_128, PBEWithHmacSHA256AndAES_128, PBEWithHmacSHA384AndAES_128, PBEWithHmacSHA512AndAES_128, PBEWithHmacSHA224AndAES_256, PBEWithHmacSHA256AndAES_256, PBEWithHmacSHA384AndAES_256, PBEWithHmacSHA512AndAES_256}
			at statement: $r5 = staticinvoke <javax.crypto.Cipher: javax.crypto.Cipher getInstance(java.lang.String)>(varReplacer43286)

		RequiredPredicateError violating CrySL rule for javax.crypto.Cipher
			Second parameter was not properly generated as generatedKey
			at statement: virtualinvoke $r5.<javax.crypto.Cipher: void init(int,java.security.Key)>(varReplacer43284, $r4)

		TypestateError violating CrySL rule for javax.crypto.Cipher (on Object #b4e073e565b5a544ca8a7804d673a7fe775e0e7bfe15820b44519b494f5cff15)
			Unexpected call to method doFinal on object of type javax.crypto.Cipher. Expect a call to one of the following methods init,updateAAD
			at statement: $r1 = virtualinvoke $r5.<javax.crypto.Cipher: byte[] doFinal(byte[])>($r2)

		TypestateError violating CrySL rule for javax.crypto.Cipher (on Object #fd11f973e8d0c9052e8f22ed4908bd02b96b0d1819a2f3623b32209eefd36543)
			Unexpected call to method doFinal on object of type javax.crypto.Cipher. Expect a call to one of the following methods init,updateAAD
			at statement: $r2 = virtualinvoke $r5.<javax.crypto.Cipher: byte[] doFinal(byte[])>($r2)


Findings in Java Class: okhttp3.Cache$Entry

	 in Method: java.util.List readCertificateList(okio.BufferedSource)
		IncompleteOperationError violating CrySL rule for java.security.cert.CertificateFactory (on Object #c18a7674ee5c0890abb8d9ef2193b35bc2226ffcb4977247aef3cb302ee7c06d)
			Operation on object of type java.security.cert.CertificateFactory object not completed. Expected call to generateCertPath, generateCertificate, generateCRL
			at statement: $r4 = staticinvoke <java.security.cert.CertificateFactory: java.security.cert.CertificateFactory getInstance(java.lang.String)>(varReplacer43724)

		TypestateError violating CrySL rule for java.security.cert.CertificateFactory (on Object #c18a7674ee5c0890abb8d9ef2193b35bc2226ffcb4977247aef3cb302ee7c06d)
			Unexpected call to method generateCertificate on object of type java.security.cert.CertificateFactory. Expect a call to one of the following methods generateCRL
			at statement: $r9 = virtualinvoke $r4.<java.security.cert.CertificateFactory: java.security.cert.Certificate generateCertificate(java.io.InputStream)>($r8)

		IncompleteOperationError violating CrySL rule for java.security.cert.CertificateFactory (on Object #c18a7674ee5c0890abb8d9ef2193b35bc2226ffcb4977247aef3cb302ee7c06d)
			Operation on object of type java.security.cert.CertificateFactory object not completed. Expected call to generateCertPath, generateCRL, java.security.cert.CertificateFactory: java.security.cert.Certificate generateCertificate(java.io.InputStream)
			at statement: $r9 = virtualinvoke $r4.<java.security.cert.CertificateFactory: java.security.cert.Certificate generateCertificate(java.io.InputStream)>($r8)


Findings in Java Class: cz.msebera.android.httpclient.impl.auth.NTLMEngineImpl$HMACMD5

	 in Method: void <init>(byte[])
		ConstraintError violating CrySL rule for java.security.MessageDigest (on Object #4202945973232ac4d7cc936fc797cc0003b5abf5250b9e7bf9cd806ba9daac42)
			First parameter (with value "MD5") should be any of {SHA-256, SHA-384, SHA-512}
			at statement: $r2 = staticinvoke <java.security.MessageDigest: java.security.MessageDigest getInstance(java.lang.String)>(varReplacer44823)


Findings in Java Class: org.spongycastle.crypto.encodings.PKCS1Encoding

	 in Method: byte[] encodeBlock(byte[],int,int)
		TypestateError violating CrySL rule for java.security.SecureRandom (on Object #d60d93481dd6262546132fe8ec2f6f2c42eb3a0a1bfa20b033056f89fc2c0c59)
			Unexpected call to method nextBytes on object of type java.security.SecureRandom. Expect a call to one of the following methods init,getInstanceStrong,getInstance
			at statement: virtualinvoke $r5.<java.security.SecureRandom: void nextBytes(byte[])>($r4)

		IncompleteOperationError violating CrySL rule for java.security.SecureRandom (on Object #d60d93481dd6262546132fe8ec2f6f2c42eb3a0a1bfa20b033056f89fc2c0c59)
			Operation on object of type java.security.SecureRandom object not completed. Expected call to init, getInstanceStrong, getInstance
			at statement: $i3 = virtualinvoke r0.<org.spongycastle.crypto.encodings.PKCS1Encoding: int getInputBlockSize()>()

		IncompleteOperationError violating CrySL rule for java.security.SecureRandom (on Object #94642bb44c85c75f78f22ec3372247e7bdbb1cf02676b4bfb5838a813a31c51a)
			Operation on object of type java.security.SecureRandom object not completed. Expected call to init, getInstanceStrong, getInstance
			at statement: $i3 = virtualinvoke r0.<org.spongycastle.crypto.encodings.PKCS1Encoding: int getInputBlockSize()>()

		TypestateError violating CrySL rule for java.security.SecureRandom (on Object #d60d93481dd6262546132fe8ec2f6f2c42eb3a0a1bfa20b033056f89fc2c0c59)
			Unexpected call to method nextInt on object of type java.security.SecureRandom. Expect a call to one of the following methods init,getInstanceStrong,getInstance
			at statement: $i3 = virtualinvoke $r5.<java.security.SecureRandom: int nextInt()>()


	 in Method: byte[] decodeBlockOrRandom(byte[],int,int)
		TypestateError violating CrySL rule for java.security.SecureRandom (on Object #d60d93481dd6262546132fe8ec2f6f2c42eb3a0a1bfa20b033056f89fc2c0c59)
			Unexpected call to method nextBytes on object of type java.security.SecureRandom. Expect a call to one of the following methods init,getInstanceStrong,getInstance
			at statement: virtualinvoke $r6.<java.security.SecureRandom: void nextBytes(byte[])>($r5)

		IncompleteOperationError violating CrySL rule for java.security.SecureRandom (on Object #94642bb44c85c75f78f22ec3372247e7bdbb1cf02676b4bfb5838a813a31c51a)
			Operation on object of type java.security.SecureRandom object not completed. Expected call to init, getInstanceStrong, getInstance
			at statement: $i1 = interfaceinvoke $r4.<org.spongycastle.crypto.AsymmetricBlockCipher: int getOutputBlockSize()>()

		IncompleteOperationError violating CrySL rule for java.security.SecureRandom (on Object #d60d93481dd6262546132fe8ec2f6f2c42eb3a0a1bfa20b033056f89fc2c0c59)
			Operation on object of type java.security.SecureRandom object not completed. Expected call to init, getInstanceStrong, getInstance
			at statement: $i1 = virtualinvoke r0.<org.spongycastle.crypto.encodings.PKCS1Encoding: int getOutputBlockSize()>()

		IncompleteOperationError violating CrySL rule for java.security.SecureRandom (on Object #94642bb44c85c75f78f22ec3372247e7bdbb1cf02676b4bfb5838a813a31c51a)
			Operation on object of type java.security.SecureRandom object not completed. Expected call to init, getInstanceStrong, getInstance
			at statement: $i1 = virtualinvoke r0.<org.spongycastle.crypto.encodings.PKCS1Encoding: int getOutputBlockSize()>()


	 in Method: byte[] decodeBlock(byte[],int,int)
		IncompleteOperationError violating CrySL rule for java.security.SecureRandom (on Object #d60d93481dd6262546132fe8ec2f6f2c42eb3a0a1bfa20b033056f89fc2c0c59)
			Operation on object of type java.security.SecureRandom object not completed. Expected call to init, getInstanceStrong, getInstance
			at statement: $i1 = virtualinvoke r0.<org.spongycastle.crypto.encodings.PKCS1Encoding: int getOutputBlockSize()>()

		IncompleteOperationError violating CrySL rule for java.security.SecureRandom (on Object #94642bb44c85c75f78f22ec3372247e7bdbb1cf02676b4bfb5838a813a31c51a)
			Operation on object of type java.security.SecureRandom object not completed. Expected call to init, getInstanceStrong, getInstance
			at statement: $i1 = virtualinvoke r0.<org.spongycastle.crypto.encodings.PKCS1Encoding: int getOutputBlockSize()>()

		IncompleteOperationError violating CrySL rule for java.security.SecureRandom (on Object #94642bb44c85c75f78f22ec3372247e7bdbb1cf02676b4bfb5838a813a31c51a)
			Operation on object of type java.security.SecureRandom object not completed. Expected call to init, getInstanceStrong, getInstance
			at statement: $i1 = interfaceinvoke $r2.<org.spongycastle.crypto.AsymmetricBlockCipher: int getOutputBlockSize()>()


Findings in Java Class: org.spongycastle.crypto.signers.GenericSigner

	 in Method: void init(boolean,org.spongycastle.crypto.CipherParameters)
		IncompleteOperationError violating CrySL rule for java.security.SecureRandom (on Object #d60d93481dd6262546132fe8ec2f6f2c42eb3a0a1bfa20b033056f89fc2c0c59)
			Operation on object of type java.security.SecureRandom object not completed. Expected call to init, getInstanceStrong, getInstance
			at statement: interfaceinvoke $r6.<org.spongycastle.crypto.AsymmetricBlockCipher: void init(boolean,org.spongycastle.crypto.CipherParameters)>($z0, $r1)

		IncompleteOperationError violating CrySL rule for java.security.SecureRandom (on Object #94642bb44c85c75f78f22ec3372247e7bdbb1cf02676b4bfb5838a813a31c51a)
			Operation on object of type java.security.SecureRandom object not completed. Expected call to init, getInstanceStrong, getInstance
			at statement: interfaceinvoke $r6.<org.spongycastle.crypto.AsymmetricBlockCipher: void init(boolean,org.spongycastle.crypto.CipherParameters)>($z0, $r1)


Findings in Java Class: org.spongycastle.crypto.encodings.ISO9796d1Encoding

	 in Method: void init(boolean,org.spongycastle.crypto.CipherParameters)
		IncompleteOperationError violating CrySL rule for java.security.SecureRandom (on Object #d60d93481dd6262546132fe8ec2f6f2c42eb3a0a1bfa20b033056f89fc2c0c59)
			Operation on object of type java.security.SecureRandom object not completed. Expected call to init, getInstanceStrong, getInstance
			at statement: interfaceinvoke $r2.<org.spongycastle.crypto.AsymmetricBlockCipher: void init(boolean,org.spongycastle.crypto.CipherParameters)>($z0, $r1)

		IncompleteOperationError violating CrySL rule for java.security.SecureRandom (on Object #94642bb44c85c75f78f22ec3372247e7bdbb1cf02676b4bfb5838a813a31c51a)
			Operation on object of type java.security.SecureRandom object not completed. Expected call to init, getInstanceStrong, getInstance
			at statement: interfaceinvoke $r2.<org.spongycastle.crypto.AsymmetricBlockCipher: void init(boolean,org.spongycastle.crypto.CipherParameters)>($z0, $r1)


Findings in Java Class: org.spongycastle.crypto.signers.X931Signer

	 in Method: void init(boolean,org.spongycastle.crypto.CipherParameters)
		IncompleteOperationError violating CrySL rule for java.security.SecureRandom (on Object #d60d93481dd6262546132fe8ec2f6f2c42eb3a0a1bfa20b033056f89fc2c0c59)
			Operation on object of type java.security.SecureRandom object not completed. Expected call to init, getInstanceStrong, getInstance
			at statement: interfaceinvoke $r3.<org.spongycastle.crypto.AsymmetricBlockCipher: void init(boolean,org.spongycastle.crypto.CipherParameters)>($z0, $r1)

		IncompleteOperationError violating CrySL rule for java.security.SecureRandom (on Object #94642bb44c85c75f78f22ec3372247e7bdbb1cf02676b4bfb5838a813a31c51a)
			Operation on object of type java.security.SecureRandom object not completed. Expected call to init, getInstanceStrong, getInstance
			at statement: interfaceinvoke $r3.<org.spongycastle.crypto.AsymmetricBlockCipher: void init(boolean,org.spongycastle.crypto.CipherParameters)>($z0, $r1)


Findings in Java Class: org.spongycastle.crypto.tls.TlsRSAUtils

	 in Method: byte[] safeDecryptPreMasterSecret(org.spongycastle.crypto.tls.TlsContext,org.spongycastle.crypto.params.RSAKeyParameters,byte[])
		IncompleteOperationError violating CrySL rule for java.security.SecureRandom (on Object #d60d93481dd6262546132fe8ec2f6f2c42eb3a0a1bfa20b033056f89fc2c0c59)
			Operation on object of type java.security.SecureRandom object not completed. Expected call to init, getInstanceStrong, getInstance
			at statement: $r2 = virtualinvoke $r7.<org.spongycastle.crypto.encodings.PKCS1Encoding: byte[] processBlock(byte[],int,int)>($r2, varReplacer46557, $i1)

		IncompleteOperationError violating CrySL rule for java.security.SecureRandom (on Object #94642bb44c85c75f78f22ec3372247e7bdbb1cf02676b4bfb5838a813a31c51a)
			Operation on object of type java.security.SecureRandom object not completed. Expected call to init, getInstanceStrong, getInstance
			at statement: $r2 = virtualinvoke $r7.<org.spongycastle.crypto.encodings.PKCS1Encoding: byte[] processBlock(byte[],int,int)>($r2, varReplacer46557, $i1)


	 in Method: byte[] generateEncryptedPreMasterSecret(org.spongycastle.crypto.tls.TlsContext,org.spongycastle.crypto.params.RSAKeyParameters,java.io.OutputStream)
		IncompleteOperationError violating CrySL rule for java.security.SecureRandom (on Object #d60d93481dd6262546132fe8ec2f6f2c42eb3a0a1bfa20b033056f89fc2c0c59)
			Operation on object of type java.security.SecureRandom object not completed. Expected call to init, getInstanceStrong, getInstance
			at statement: $r9 = virtualinvoke $r6.<org.spongycastle.crypto.encodings.PKCS1Encoding: byte[] processBlock(byte[],int,int)>($r3, varReplacer45506, $i0)

		IncompleteOperationError violating CrySL rule for java.security.SecureRandom (on Object #94642bb44c85c75f78f22ec3372247e7bdbb1cf02676b4bfb5838a813a31c51a)
			Operation on object of type java.security.SecureRandom object not completed. Expected call to init, getInstanceStrong, getInstance
			at statement: $r9 = virtualinvoke $r6.<org.spongycastle.crypto.encodings.PKCS1Encoding: byte[] processBlock(byte[],int,int)>($r3, varReplacer45506, $i0)


Findings in Java Class: org.spongycastle.crypto.signers.RSADigestSigner

	 in Method: void init(boolean,org.spongycastle.crypto.CipherParameters)
		IncompleteOperationError violating CrySL rule for java.security.SecureRandom (on Object #d60d93481dd6262546132fe8ec2f6f2c42eb3a0a1bfa20b033056f89fc2c0c59)
			Operation on object of type java.security.SecureRandom object not completed. Expected call to init, getInstanceStrong, getInstance
			at statement: interfaceinvoke $r6.<org.spongycastle.crypto.AsymmetricBlockCipher: void init(boolean,org.spongycastle.crypto.CipherParameters)>($z0, $r1)

		IncompleteOperationError violating CrySL rule for java.security.SecureRandom (on Object #94642bb44c85c75f78f22ec3372247e7bdbb1cf02676b4bfb5838a813a31c51a)
			Operation on object of type java.security.SecureRandom object not completed. Expected call to init, getInstanceStrong, getInstance
			at statement: interfaceinvoke $r6.<org.spongycastle.crypto.AsymmetricBlockCipher: void init(boolean,org.spongycastle.crypto.CipherParameters)>($z0, $r1)


Findings in Java Class: org.spongycastle.crypto.signers.ISO9796d2PSSSigner

	 in Method: void init(boolean,org.spongycastle.crypto.CipherParameters)
		IncompleteOperationError violating CrySL rule for java.security.SecureRandom (on Object #d60d93481dd6262546132fe8ec2f6f2c42eb3a0a1bfa20b033056f89fc2c0c59)
			Operation on object of type java.security.SecureRandom object not completed. Expected call to init, getInstanceStrong, getInstance
			at statement: interfaceinvoke $r5.<org.spongycastle.crypto.AsymmetricBlockCipher: void init(boolean,org.spongycastle.crypto.CipherParameters)>($z0, $r3)

		IncompleteOperationError violating CrySL rule for java.security.SecureRandom (on Object #94642bb44c85c75f78f22ec3372247e7bdbb1cf02676b4bfb5838a813a31c51a)
			Operation on object of type java.security.SecureRandom object not completed. Expected call to init, getInstanceStrong, getInstance
			at statement: interfaceinvoke $r5.<org.spongycastle.crypto.AsymmetricBlockCipher: void init(boolean,org.spongycastle.crypto.CipherParameters)>($z0, $r3)


Findings in Java Class: org.spongycastle.crypto.signers.PSSSigner

	 in Method: void init(boolean,org.spongycastle.crypto.CipherParameters)
		IncompleteOperationError violating CrySL rule for java.security.SecureRandom (on Object #d60d93481dd6262546132fe8ec2f6f2c42eb3a0a1bfa20b033056f89fc2c0c59)
			Operation on object of type java.security.SecureRandom object not completed. Expected call to init, getInstanceStrong, getInstance
			at statement: interfaceinvoke $r7.<org.spongycastle.crypto.AsymmetricBlockCipher: void init(boolean,org.spongycastle.crypto.CipherParameters)>($z0, $r1)

		IncompleteOperationError violating CrySL rule for java.security.SecureRandom (on Object #d60d93481dd6262546132fe8ec2f6f2c42eb3a0a1bfa20b033056f89fc2c0c59)
			Operation on object of type java.security.SecureRandom object not completed. Expected call to init, getInstanceStrong, getInstance
			at statement: interfaceinvoke $r7.<org.spongycastle.crypto.AsymmetricBlockCipher: void init(boolean,org.spongycastle.crypto.CipherParameters)>($z0, $r3)

		IncompleteOperationError violating CrySL rule for java.security.SecureRandom (on Object #94642bb44c85c75f78f22ec3372247e7bdbb1cf02676b4bfb5838a813a31c51a)
			Operation on object of type java.security.SecureRandom object not completed. Expected call to init, getInstanceStrong, getInstance
			at statement: interfaceinvoke $r7.<org.spongycastle.crypto.AsymmetricBlockCipher: void init(boolean,org.spongycastle.crypto.CipherParameters)>($z0, $r1)

		IncompleteOperationError violating CrySL rule for java.security.SecureRandom (on Object #94642bb44c85c75f78f22ec3372247e7bdbb1cf02676b4bfb5838a813a31c51a)
			Operation on object of type java.security.SecureRandom object not completed. Expected call to init, getInstanceStrong, getInstance
			at statement: interfaceinvoke $r7.<org.spongycastle.crypto.AsymmetricBlockCipher: void init(boolean,org.spongycastle.crypto.CipherParameters)>($z0, $r3)


Findings in Java Class: org.spongycastle.crypto.signers.ISO9796d2Signer

	 in Method: void init(boolean,org.spongycastle.crypto.CipherParameters)
		IncompleteOperationError violating CrySL rule for java.security.SecureRandom (on Object #d60d93481dd6262546132fe8ec2f6f2c42eb3a0a1bfa20b033056f89fc2c0c59)
			Operation on object of type java.security.SecureRandom object not completed. Expected call to init, getInstanceStrong, getInstance
			at statement: interfaceinvoke $r3.<org.spongycastle.crypto.AsymmetricBlockCipher: void init(boolean,org.spongycastle.crypto.CipherParameters)>($z0, $r2)

		IncompleteOperationError violating CrySL rule for java.security.SecureRandom (on Object #94642bb44c85c75f78f22ec3372247e7bdbb1cf02676b4bfb5838a813a31c51a)
			Operation on object of type java.security.SecureRandom object not completed. Expected call to init, getInstanceStrong, getInstance
			at statement: interfaceinvoke $r3.<org.spongycastle.crypto.AsymmetricBlockCipher: void init(boolean,org.spongycastle.crypto.CipherParameters)>($z0, $r2)


Findings in Java Class: org.spongycastle.crypto.encodings.OAEPEncoding

	 in Method: void init(boolean,org.spongycastle.crypto.CipherParameters)
		IncompleteOperationError violating CrySL rule for java.security.SecureRandom (on Object #d60d93481dd6262546132fe8ec2f6f2c42eb3a0a1bfa20b033056f89fc2c0c59)
			Operation on object of type java.security.SecureRandom object not completed. Expected call to init, getInstanceStrong, getInstance
			at statement: interfaceinvoke $r4.<org.spongycastle.crypto.AsymmetricBlockCipher: void init(boolean,org.spongycastle.crypto.CipherParameters)>($z0, $r1)

		IncompleteOperationError violating CrySL rule for java.security.SecureRandom (on Object #94642bb44c85c75f78f22ec3372247e7bdbb1cf02676b4bfb5838a813a31c51a)
			Operation on object of type java.security.SecureRandom object not completed. Expected call to init, getInstanceStrong, getInstance
			at statement: interfaceinvoke $r4.<org.spongycastle.crypto.AsymmetricBlockCipher: void init(boolean,org.spongycastle.crypto.CipherParameters)>($z0, $r1)


	 in Method: byte[] decodeBlock(byte[],int,int)
		IncompleteOperationError violating CrySL rule for java.security.SecureRandom (on Object #94642bb44c85c75f78f22ec3372247e7bdbb1cf02676b4bfb5838a813a31c51a)
			Operation on object of type java.security.SecureRandom object not completed. Expected call to init, getInstanceStrong, getInstance
			at statement: $r3 = specialinvoke r0.<org.spongycastle.crypto.encodings.OAEPEncoding: byte[] maskGeneratorFunction1(byte[],int,int,int)>($r1, varReplacer47333, $i0, $i1)


Findings in Java Class: org.spongycastle.crypto.engines.RSABlindedEngine

	 in Method: byte[] processBlock(byte[],int,int)
		IncompleteOperationError violating CrySL rule for java.security.SecureRandom (on Object #94642bb44c85c75f78f22ec3372247e7bdbb1cf02676b4bfb5838a813a31c51a)
			Operation on object of type java.security.SecureRandom object not completed. Expected call to init, getInstanceStrong, getInstance
			at statement: $r9 = staticinvoke <org.spongycastle.util.BigIntegers: java.math.BigInteger createRandomInRange(java.math.BigInteger,java.math.BigInteger,java.security.SecureRandom)>($r9, $r10, $r11)


Findings in Java Class: org.spongycastle.crypto.engines.NaccacheSternEngine

	 in Method: byte[] processBlock(byte[],int,int)
		IncompleteOperationError violating CrySL rule for java.security.SecureRandom (on Object #94642bb44c85c75f78f22ec3372247e7bdbb1cf02676b4bfb5838a813a31c51a)
			Operation on object of type java.security.SecureRandom object not completed. Expected call to init, getInstanceStrong, getInstance
			at statement: $i3 = virtualinvoke r0.<org.spongycastle.crypto.engines.NaccacheSternEngine: int getInputBlockSize()>()

		IncompleteOperationError violating CrySL rule for java.security.SecureRandom (on Object #94642bb44c85c75f78f22ec3372247e7bdbb1cf02676b4bfb5838a813a31c51a)
			Operation on object of type java.security.SecureRandom object not completed. Expected call to init, getInstanceStrong, getInstance
			at statement: $i3 = virtualinvoke r0.<org.spongycastle.crypto.engines.NaccacheSternEngine: int getInputBlockSize()>()


Findings in Java Class: org.spongycastle.pqc.crypto.ntru.NTRUEngine

	 in Method: byte[] decrypt(byte[],org.spongycastle.pqc.crypto.ntru.NTRUEncryptionPrivateKeyParameters)
		IncompleteOperationError violating CrySL rule for java.security.SecureRandom (on Object #94642bb44c85c75f78f22ec3372247e7bdbb1cf02676b4bfb5838a813a31c51a)
			Operation on object of type java.security.SecureRandom object not completed. Expected call to init, getInstanceStrong, getInstance
			at statement: $r4 = specialinvoke r0.<org.spongycastle.pqc.crypto.ntru.NTRUEngine: org.spongycastle.pqc.math.ntru.polynomial.Polynomial generateBlindingPoly(byte[],byte[])>($r7, $r1)

		IncompleteOperationError violating CrySL rule for java.security.SecureRandom (on Object #94642bb44c85c75f78f22ec3372247e7bdbb1cf02676b4bfb5838a813a31c51a)
			Operation on object of type java.security.SecureRandom object not completed. Expected call to init, getInstanceStrong, getInstance
			at statement: $r5 = virtualinvoke r0.<org.spongycastle.pqc.crypto.ntru.NTRUEngine: org.spongycastle.pqc.math.ntru.polynomial.IntegerPolynomial decrypt(org.spongycastle.pqc.math.ntru.polynomial.IntegerPolynomial,org.spongycastle.pqc.math.ntru.polynomial.Polynomial,org.spongycastle.pqc.math.ntru.polynomial.IntegerPolynomial)>($r9, $r4, $r5)

		IncompleteOperationError violating CrySL rule for java.security.SecureRandom (on Object #94642bb44c85c75f78f22ec3372247e7bdbb1cf02676b4bfb5838a813a31c51a)
			Operation on object of type java.security.SecureRandom object not completed. Expected call to init, getInstanceStrong, getInstance
			at statement: $r12 = specialinvoke r0.<org.spongycastle.pqc.crypto.ntru.NTRUEngine: org.spongycastle.pqc.math.ntru.polynomial.IntegerPolynomial MGF(byte[],int,int,boolean)>($r1, $i2, $i6, $z0)


Findings in Java Class: org.spongycastle.crypto.engines.ElGamalEngine

	 in Method: byte[] processBlock(byte[],int,int)
		IncompleteOperationError violating CrySL rule for java.security.SecureRandom (on Object #94642bb44c85c75f78f22ec3372247e7bdbb1cf02676b4bfb5838a813a31c51a)
			Operation on object of type java.security.SecureRandom object not completed. Expected call to init, getInstanceStrong, getInstance
			at statement: $i2 = virtualinvoke r0.<org.spongycastle.crypto.engines.ElGamalEngine: int getInputBlockSize()>()


Findings in Java Class: okhttp3.OkHttpClient

	 in Method: javax.net.ssl.SSLSocketFactory systemDefaultSslSocketFactory(javax.net.ssl.X509TrustManager)
		RequiredPredicateError violating CrySL rule for javax.net.ssl.SSLContext
			Second parameter was not properly generated as generatedTrustManagers
			at statement: virtualinvoke $r3.<javax.net.ssl.SSLContext: void init(javax.net.ssl.KeyManager[],javax.net.ssl.TrustManager[],java.security.SecureRandom)>(varReplacer30136, $r8, varReplacer30136)

		RequiredPredicateError violating CrySL rule for javax.net.ssl.SSLContext
			First parameter was not properly generated as generatedKeyManagers
			at statement: virtualinvoke $r3.<javax.net.ssl.SSLContext: void init(javax.net.ssl.KeyManager[],javax.net.ssl.TrustManager[],java.security.SecureRandom)>(varReplacer30136, $r8, varReplacer30136)

		RequiredPredicateError violating CrySL rule for javax.net.ssl.SSLContext
			Third parameter was not properly generated as randomized
			at statement: virtualinvoke $r3.<javax.net.ssl.SSLContext: void init(javax.net.ssl.KeyManager[],javax.net.ssl.TrustManager[],java.security.SecureRandom)>(varReplacer30136, $r8, varReplacer30136)


	 in Method: javax.net.ssl.X509TrustManager systemDefaultTrustManager()
		RequiredPredicateError violating CrySL rule for javax.net.ssl.TrustManagerFactory
			First parameter was not properly generated as generatedKeyStore
			at statement: virtualinvoke $r2.<javax.net.ssl.TrustManagerFactory: void init(java.security.KeyStore)>(varReplacer30135)


Findings in Java Class: org.spongycastle.jcajce.provider.asymmetric.x509.X509CertificateObject

	 in Method: void checkSignature(java.security.PublicKey,java.security.Signature)
		RequiredPredicateError violating CrySL rule for java.security.Signature
			First parameter was not properly generated as generatedPubkey
			at statement: virtualinvoke $r2.<java.security.Signature: void initVerify(java.security.PublicKey)>($r1)


Findings in Java Class: org.spongycastle.jce.provider.X509CertificateObject

	 in Method: void checkSignature(java.security.PublicKey,java.security.Signature)
		RequiredPredicateError violating CrySL rule for java.security.Signature
			First parameter was not properly generated as generatedPubkey
			at statement: virtualinvoke $r2.<java.security.Signature: void initVerify(java.security.PublicKey)>($r1)


Findings in Java Class: org.spongycastle.jce.provider.X509SignatureUtil

	 in Method: void setSignatureParameters(java.security.Signature,org.spongycastle.asn1.ASN1Encodable)
		RequiredPredicateError violating CrySL rule for java.security.AlgorithmParameters
			First parameter was not properly generated as preparedAlg
			at statement: $r5 = staticinvoke <java.security.AlgorithmParameters: java.security.AlgorithmParameters getInstance(java.lang.String,java.security.Provider)>($r3, $r4)


Findings in Java Class: org.spongycastle.jcajce.provider.asymmetric.x509.X509SignatureUtil

	 in Method: void setSignatureParameters(java.security.Signature,org.spongycastle.asn1.ASN1Encodable)
		RequiredPredicateError violating CrySL rule for java.security.AlgorithmParameters
			First parameter was not properly generated as preparedAlg
			at statement: virtualinvoke $r5.<java.security.AlgorithmParameters: void init(byte[])>($r7)


======================= CryptoAnalysis Summary ==========================
	Number of CrySL rules: 49
	Number of Objects Analyzed: 103

	CryptoAnalysis found the following violations. For details see description above.
	IncompleteOperationError: 42
	RequiredPredicateError: 23
	ConstraintError: 17
	NeverTypeOfError: 5
	TypestateError: 15
=====================================================================
