0    [main] WARN  pes.access.impl.DeclaredTypeFactory  - --- xtext.common.types ---------------------------------------------------
1    [main] WARN  pes.access.impl.DeclaredTypeFactory  - ASM library is too old. Falling back to java.lang.reflect API.
1    [main] WARN  pes.access.impl.DeclaredTypeFactory  - Please note that no information about compile time constants is available.
1    [main] WARN  pes.access.impl.DeclaredTypeFactory  - It's recommended to use org.objectweb.asm 9.1.0 or better (Maven group id: org.ow2.asm).
1    [main] WARN  pes.access.impl.DeclaredTypeFactory  - --------------------------------------------------------------------------
Ruleset: 
	java.security.cert.TrustAnchor
	javax.crypto.spec.GCMParameterSpec
	javax.xml.crypto.dsig.spec.HMACParameterSpec
	java.security.KeyPair
	java.security.DigestOutputStream
	javax.net.ssl.KeyStoreBuilderParameters
	javax.crypto.spec.OAEPParameterSpec
	javax.net.ssl.SSLContext
	javax.crypto.spec.DHGenParameterSpec
	javax.crypto.CipherOutputStream
	java.security.Key
	javax.crypto.SecretKeyFactory
	java.security.cert.PKIXBuilderParameters
	java.security.KeyFactory
	javax.crypto.spec.PBEKeySpec
	java.security.spec.DSAGenParameterSpec
	java.security.KeyPairGenerator
	javax.crypto.CipherInputStream
	javax.net.ssl.CertPathTrustManagerParameters
	java.security.cert.CertificateFactory
	java.security.SecureRandom
	java.security.spec.MGF1ParameterSpec
	javax.net.ssl.SSLEngine
	javax.crypto.spec.DHParameterSpec
	java.security.spec.DSAParameterSpec
	java.security.spec.ECParameterSpec
	java.security.spec.RSAKeyGenParameterSpec
	javax.crypto.spec.IvParameterSpec
	javax.crypto.Cipher
	javax.crypto.spec.PBEParameterSpec
	java.security.AlgorithmParameterGenerator
	java.security.spec.X509EncodedKeySpec
	javax.net.ssl.TrustManagerFactory
	java.security.DigestInputStream
	void
	javax.net.ssl.KeyManagerFactory
	java.security.cert.PKIXParameters
	java.net.PasswordAuthentication
	java.security.AlgorithmParameters
	javax.crypto.KeyAgreement
	javax.crypto.spec.SecretKeySpec
	javax.net.ssl.SSLParameters
	java.security.MessageDigest
	javax.crypto.SecretKey
	javax.crypto.KeyGenerator
	java.security.KeyStore
	javax.crypto.Mac
	java.security.spec.ECGenParameterSpec
	java.security.Signature

Analyzed Objects: 
	Object:
		Variable: $r4
		Type: byte[]
		Statement: $r4 = virtualinvoke $r3.<java.security.MessageDigest: byte[] digest()>()
		Method: <o4.f: void f(androidx.fragment.app.h)>
		SHA-256: 685d990fb32b9866d909e0256ee42f6e3e53413c4c2b0ee825ef82b780c8591d
		Secure: false
	Object:
		Variable: $r5
		Type: java.security.PrivateKey
		Statement: $r5 = virtualinvoke $r4.<java.security.KeyFactory: java.security.PrivateKey generatePrivate(java.security.spec.KeySpec)>($r1)
		Method: <androidx.appcompat.widget.u: java.security.interfaces.RSAPrivateKey f(java.io.File)>
		SHA-256: 945cecbe62ca61d6e44fc83236341aff1c1e5e8723428eccfeeb7400c0cb6b62
		Secure: false
	Object:
		Variable: $r8
		Type: byte[]
		Statement: $r8 = virtualinvoke $r7.<javax.crypto.Mac: byte[] doFinal(byte[])>($r5)
		Method: <f2.a: byte[] d(byte[],char[],int)>
		SHA-256: 8a29c3e295ed1ea0bad394d186a219572e1eb97eaf9c5acec28197918eb971ed
		Secure: false
	Object:
		Variable: $r5
		Type: java.lang.String
		Statement: specialinvoke $r1.<javax.crypto.spec.SecretKeySpec: void <init>(byte[],java.lang.String)>($r2, $r5)
		Method: <t2.a: void d(byte[])>
		SHA-256: 6ae1a0f10bf9323322bcf6918e942a535aa89dbd3cf423ca31ef87b9ab9009f1
		Secure: false
	Object:
		Variable: $r5
		Type: java.security.MessageDigest
		Statement: $r5 = staticinvoke <java.security.MessageDigest: java.security.MessageDigest getInstance(java.lang.String)>($r4)
		Method: <h2.a: java.lang.String b(java.security.cert.X509Certificate,java.lang.String)>
		SHA-256: 1f8355c68ab0fc557bd20ab2d326515276de83e045c6ada7157ba0a119a139f7
		Secure: false
	Object:
		Variable: $r9
		Type: byte[]
		Statement: $r9 = virtualinvoke $r10.<java.security.MessageDigest: byte[] digest()>()
		Method: <w0.b: java.lang.String a()>
		SHA-256: 938d300735d89d1d47a5434abe0d6b64ca0ef54bbb7686d23567677fa8e543d2
		Secure: false
	Object:
		Variable: $r5
		Type: java.security.SecureRandom
		Statement: specialinvoke $r5.<java.security.SecureRandom: void <init>()>()
		Method: <androidx.appcompat.widget.u: void d(char[],long)>
		SHA-256: b5ddd962703d3e250706373626a7f80dfc29fc3941943284399ac81a97adc02f
		Secure: true
	Object:
		Variable: $r6
		Type: byte[]
		Statement: $r6 = virtualinvoke $r5.<java.security.MessageDigest: byte[] digest(byte[])>($r6)
		Method: <h2.a: java.lang.String b(java.security.cert.X509Certificate,java.lang.String)>
		SHA-256: 61aaf8c6339789eda546da92a2b59ac39bcb7c7192bad75001337dd1c06af2d9
		Secure: false
	Object:
		Variable: varReplacer12283
		Type: java.lang.String
		Statement: $r4 = staticinvoke <java.security.KeyFactory: java.security.KeyFactory getInstance(java.lang.String)>(varReplacer12283)
		Method: <androidx.appcompat.widget.u: java.security.interfaces.RSAPrivateKey f(java.io.File)>
		SHA-256: 54adc231ec8c060217379b2404b476bc69ddf06532bbc726184ad015a0821a4d
		Secure: false
	Object:
		Variable: $r8
		Type: java.security.cert.CertificateFactory
		Statement: $r8 = staticinvoke <java.security.cert.CertificateFactory: java.security.cert.CertificateFactory getInstance(java.lang.String)>(varReplacer8992)
		Method: <h2.a: java.lang.String a()>
		SHA-256: 40b994a60fb1281fa244281452d023f439e972ef3ca4c9515f4c8d79f59f3727
		Secure: false
	Object:
		Variable: $r10
		Type: java.security.MessageDigest
		Statement: $r10 = staticinvoke <java.security.MessageDigest: java.security.MessageDigest getInstance(java.lang.String)>($r7)
		Method: <w0.b: java.lang.String a()>
		SHA-256: 7b96f3217c4a5e7ce4b85e9bfdcc70b96ad234d6445aee93d0e94b1819b51a34
		Secure: false
	Object:
		Variable: $r9
		Type: byte[]
		Statement: $r9 = virtualinvoke $r10.<java.security.MessageDigest: byte[] digest()>()
		Method: <w0.b: java.lang.String a()>
		SHA-256: 938d300735d89d1d47a5434abe0d6b64ca0ef54bbb7686d23567677fa8e543d2
		Secure: false
	Object:
		Variable: $r3
		Type: java.security.Signature
		Statement: $r3 = staticinvoke <java.security.Signature: java.security.Signature getInstance(java.lang.String)>(varReplacer12311)
		Method: <androidx.appcompat.widget.u: byte[] h(java.security.PrivateKey,byte[])>
		SHA-256: 411a109eff5ecfd1d91a305ac327f1bb9613e9d34dd68df8f69d51a67a65d893
		Secure: false
	Object:
		Variable: $r4
		Type: java.security.KeyFactory
		Statement: $r4 = staticinvoke <java.security.KeyFactory: java.security.KeyFactory getInstance(java.lang.String)>(varReplacer12283)
		Method: <androidx.appcompat.widget.u: java.security.interfaces.RSAPrivateKey f(java.io.File)>
		SHA-256: 9c3536e3232977aec15453afaac118ab2adbef3feec1e637d8b596d98d189c9c
		Secure: false
	Object:
		Variable: $r10
		Type: java.security.MessageDigest
		Statement: $r10 = staticinvoke <java.security.MessageDigest: java.security.MessageDigest getInstance(java.lang.String)>($r7)
		Method: <w0.b: java.lang.String a()>
		SHA-256: 7b96f3217c4a5e7ce4b85e9bfdcc70b96ad234d6445aee93d0e94b1819b51a34
		Secure: false
	Object:
		Variable: $r12
		Type: byte[]
		Statement: $r12 = virtualinvoke $r11.<java.security.MessageDigest: byte[] digest()>()
		Method: <w0.a: java.lang.String a()>
		SHA-256: 4398e562918acdfdfd13f3aee968766fbb9ec10dfb2349cf3cf5266b8cdcafef
		Secure: false
	Object:
		Variable: $r1
		Type: byte[]
		Statement: $r1 = virtualinvoke $r3.<java.security.Signature: byte[] sign()>()
		Method: <androidx.appcompat.widget.u: byte[] h(java.security.PrivateKey,byte[])>
		SHA-256: 931ef95ce997ffd4db960b1ce8fdd9f7fffd5ab7cb009690af8a94ac2fafff68
		Secure: false
	Object:
		Variable: $r2
		Type: java.security.SecureRandom
		Statement: specialinvoke $r2.<java.security.SecureRandom: void <init>()>()
		Method: <s2.b: void <init>(char[],int)>
		SHA-256: 7c77020d704cc9ecdac7aff80e584f31ad2298ee1d6285c74596da164f704558
		Secure: true
	Object:
		Variable: $r3
		Type: javax.crypto.Mac
		Statement: $r3 = staticinvoke <javax.crypto.Mac: javax.crypto.Mac getInstance(java.lang.String)>($r2)
		Method: <t2.a: void <init>(java.lang.String)>
		SHA-256: 1777524bc2fa3af1ca80c4679c0b2d6b8af24c32b5624eb03233e336cabc72c4
		Secure: false
	Object:
		Variable: $r1
		Type: javax.crypto.spec.SecretKeySpec
		Statement: specialinvoke $r1.<javax.crypto.spec.SecretKeySpec: void <init>(byte[],java.lang.String)>($r2, $r5)
		Method: <t2.a: void d(byte[])>
		SHA-256: 1af75041d323997db4af17b828c73c21446094ea790ef4997ad92337979f0c05
		Secure: false
	Object:
		Variable: $r11
		Type: java.security.MessageDigest
		Statement: $r11 = staticinvoke <java.security.MessageDigest: java.security.MessageDigest getInstance(java.lang.String)>(varReplacer12293)
		Method: <w0.a: java.lang.String a()>
		SHA-256: d22840451c5d071972e3e819908ef03cacc4a84bc6a414306503d259b384c646
		Secure: false
	Object:
		Variable: $r3
		Type: java.security.MessageDigest
		Statement: $r3 = staticinvoke <java.security.MessageDigest: java.security.MessageDigest getInstance(java.lang.String)>(varReplacer12185)
		Method: <o4.f: void f(androidx.fragment.app.h)>
		SHA-256: f9d6ea3880361f8c840e47cb1e3db7f12512b33e27652906337d253203278ef3
		Secure: false
	Object:
		Variable: $r5
		Type: byte[]
		Statement: $r8 = virtualinvoke $r7.<javax.crypto.Mac: byte[] doFinal(byte[])>($r5)
		Method: <f2.a: byte[] d(byte[],char[],int)>
		SHA-256: f3ba6e8b34f6dde9404b30189050d47fa58e582a23a9fe49f652a0f294edde32
		Secure: false
	Object:
		Variable: $i2
		Type: int
		Statement: $i2 = virtualinvoke $r5.<java.security.SecureRandom: int nextInt(int)>(varReplacer21940)
		Method: <androidx.appcompat.widget.u: void d(char[],long)>
		SHA-256: af42cedd19d9a284d503ff61b926d354987cab40a095c862a561992efe2817bf
		Secure: true

Findings in Java Class: h2.a

	 in Method: java.lang.String a()
		TypestateError violating CrySL rule for java.security.cert.CertificateFactory (on Object #40b994a60fb1281fa244281452d023f439e972ef3ca4c9515f4c8d79f59f3727)
			Unexpected call to method generateCertificate on object of type java.security.cert.CertificateFactory. Expect a call to one of the following methods generateCRL
			at statement: $r18 = virtualinvoke $r8.<java.security.cert.CertificateFactory: java.security.cert.Certificate generateCertificate(java.io.InputStream)>($r2)

		IncompleteOperationError violating CrySL rule for java.security.cert.CertificateFactory (on Object #40b994a60fb1281fa244281452d023f439e972ef3ca4c9515f4c8d79f59f3727)
			Operation on object of type java.security.cert.CertificateFactory object not completed. Expected call to generateCertPath, generateCertificate, generateCRL
			at statement: $r8 = staticinvoke <java.security.cert.CertificateFactory: java.security.cert.CertificateFactory getInstance(java.lang.String)>(varReplacer8992)

		IncompleteOperationError violating CrySL rule for java.security.cert.CertificateFactory (on Object #40b994a60fb1281fa244281452d023f439e972ef3ca4c9515f4c8d79f59f3727)
			Operation on object of type java.security.cert.CertificateFactory object not completed. Expected call to generateCertPath, generateCRL, java.security.cert.CertificateFactory: java.security.cert.Certificate generateCertificate(java.io.InputStream)
			at statement: $r18 = virtualinvoke $r8.<java.security.cert.CertificateFactory: java.security.cert.Certificate generateCertificate(java.io.InputStream)>($r2)


	 in Method: java.lang.String b(java.security.cert.X509Certificate,java.lang.String)
		ConstraintError violating CrySL rule for java.security.MessageDigest (on Object #1f8355c68ab0fc557bd20ab2d326515276de83e045c6ada7157ba0a119a139f7)
			First parameter (with value "MD5") should be any of {SHA-256, SHA-384, SHA-512}
			at statement: $r5 = staticinvoke <java.security.MessageDigest: java.security.MessageDigest getInstance(java.lang.String)>($r4)

		ConstraintError violating CrySL rule for java.security.MessageDigest (on Object #1f8355c68ab0fc557bd20ab2d326515276de83e045c6ada7157ba0a119a139f7)
			First parameter (with value "SHA1") should be any of {SHA-256, SHA-384, SHA-512}
			at statement: $r5 = staticinvoke <java.security.MessageDigest: java.security.MessageDigest getInstance(java.lang.String)>($r4)


Findings in Java Class: o4.f

	 in Method: void f(androidx.fragment.app.h)
		ConstraintError violating CrySL rule for java.security.MessageDigest (on Object #f9d6ea3880361f8c840e47cb1e3db7f12512b33e27652906337d253203278ef3)
			Third parameter (with value 0)Variable preLenmust be  greater than 0
			at statement: virtualinvoke $r3.<java.security.MessageDigest: void update(byte[],int,int)>($r4, varReplacer12181, $i0)

		TypestateError violating CrySL rule for java.security.MessageDigest (on Object #f9d6ea3880361f8c840e47cb1e3db7f12512b33e27652906337d253203278ef3)
			Unexpected call to method <java.security.MessageDigest: byte[] digest()> on object of type java.security.MessageDigest. Expect a call to one of the following methods java.security.MessageDigest: void update(byte[],int,int),java.security.MessageDigest: void update(java.nio.ByteBuffer),java.security.MessageDigest: byte[] digest(byte[]),java.security.MessageDigest: void update(byte),java.security.MessageDigest: void update(byte[])
			at statement: $r4 = virtualinvoke $r3.<java.security.MessageDigest: byte[] digest()>()

		ConstraintError violating CrySL rule for java.security.MessageDigest (on Object #f9d6ea3880361f8c840e47cb1e3db7f12512b33e27652906337d253203278ef3)
			First parameter (with value "SHA-1") should be any of {SHA-256, SHA-384, SHA-512}
			at statement: $r3 = staticinvoke <java.security.MessageDigest: java.security.MessageDigest getInstance(java.lang.String)>(varReplacer12185)


Findings in Java Class: w0.a

	 in Method: java.lang.String a()
		TypestateError violating CrySL rule for java.security.MessageDigest (on Object #d22840451c5d071972e3e819908ef03cacc4a84bc6a414306503d259b384c646)
			Unexpected call to method <java.security.MessageDigest: byte[] digest()> on object of type java.security.MessageDigest. Expect a call to one of the following methods java.security.MessageDigest: void update(byte[],int,int),java.security.MessageDigest: void update(java.nio.ByteBuffer),java.security.MessageDigest: byte[] digest(byte[]),java.security.MessageDigest: void update(byte),java.security.MessageDigest: void update(byte[])
			at statement: $r12 = virtualinvoke $r11.<java.security.MessageDigest: byte[] digest()>()

		ConstraintError violating CrySL rule for java.security.MessageDigest (on Object #d22840451c5d071972e3e819908ef03cacc4a84bc6a414306503d259b384c646)
			First parameter (with value "SHA1") should be any of {SHA-256, SHA-384, SHA-512}
			at statement: $r11 = staticinvoke <java.security.MessageDigest: java.security.MessageDigest getInstance(java.lang.String)>(varReplacer12293)

		ConstraintError violating CrySL rule for java.security.MessageDigest (on Object #d22840451c5d071972e3e819908ef03cacc4a84bc6a414306503d259b384c646)
			Third parameter (with value 0)Variable preLenmust be  greater than 0
			at statement: virtualinvoke $r11.<java.security.MessageDigest: void update(byte[],int,int)>($r12, varReplacer12286, $i3)


Findings in Java Class: w0.b

	 in Method: java.lang.String a()
		ConstraintError violating CrySL rule for java.security.MessageDigest (on Object #7b96f3217c4a5e7ce4b85e9bfdcc70b96ad234d6445aee93d0e94b1819b51a34)
			First parameter (with value "SHA1") should be any of {SHA-256, SHA-384, SHA-512}
			at statement: $r10 = staticinvoke <java.security.MessageDigest: java.security.MessageDigest getInstance(java.lang.String)>($r7)


Findings in Java Class: androidx.appcompat.widget.u

	 in Method: byte[] h(java.security.PrivateKey,byte[])
		ConstraintError violating CrySL rule for java.security.Signature (on Object #411a109eff5ecfd1d91a305ac327f1bb9613e9d34dd68df8f69d51a67a65d893)
			First parameter (with value "SHA1withRSA") should be any of {SHA256withRSA, SHA256withECDSA, SHA256withDSA, SHA384withRSA, SHA512withRSA, SHA384withECDSA, SHA512withECDSA}
			at statement: $r3 = staticinvoke <java.security.Signature: java.security.Signature getInstance(java.lang.String)>(varReplacer12311)

		RequiredPredicateError violating CrySL rule for java.security.Signature
			First parameter was not properly generated as generatedPrivkey
			at statement: virtualinvoke $r3.<java.security.Signature: void initSign(java.security.PrivateKey)>($r2)


	 in Method: java.security.interfaces.RSAPrivateKey f(java.io.File)
		RequiredPredicateError violating CrySL rule for java.security.KeyFactory
			First parameter was not properly generated as speccedKey
			at statement: $r5 = virtualinvoke $r4.<java.security.KeyFactory: java.security.PrivateKey generatePrivate(java.security.spec.KeySpec)>($r1)


Findings in Java Class: t2.a

	 in Method: void <init>(java.lang.String)
		ConstraintError violating CrySL rule for javax.crypto.Mac (on Object #1777524bc2fa3af1ca80c4679c0b2d6b8af24c32b5624eb03233e336cabc72c4)
			First parameter (with value "HmacSHA1") should be any of {HmacSHA256, HmacSHA384, HmacSHA512, HmacPBESHA1, PBEWithHmacSHA1, PBEWithHmacSHA224, PBEWithHmacSHA256, PBEWithHmacSHA384, PBEWithHmacSHA512}
			at statement: $r3 = staticinvoke <javax.crypto.Mac: javax.crypto.Mac getInstance(java.lang.String)>($r2)


	 in Method: void d(byte[])
		RequiredPredicateError violating CrySL rule for javax.crypto.spec.SecretKeySpec
			First parameter was not properly generated as preparedKeyMaterial
			at statement: specialinvoke $r1.<javax.crypto.spec.SecretKeySpec: void <init>(byte[],java.lang.String)>($r2, $r5)

		ConstraintError violating CrySL rule for javax.crypto.spec.SecretKeySpec (on Object #1af75041d323997db4af17b828c73c21446094ea790ef4997ad92337979f0c05)
			Second parameter (with value "HmacSHA1") should be any of {AES, HmacSHA256, HmacSHA384, HmacSHA512}
			at statement: specialinvoke $r1.<javax.crypto.spec.SecretKeySpec: void <init>(byte[],java.lang.String)>($r2, $r5)

		RequiredPredicateError violating CrySL rule for javax.crypto.Mac
			First parameter was not properly generated as generatedKey
			at statement: virtualinvoke $r4.<javax.crypto.Mac: void init(java.security.Key)>($r1)


Findings in Java Class: f2.a

	 in Method: byte[] d(byte[],char[],int)
		TypestateError violating CrySL rule for javax.crypto.Mac (on Object #1777524bc2fa3af1ca80c4679c0b2d6b8af24c32b5624eb03233e336cabc72c4)
			Unexpected call to method doFinal on object of type javax.crypto.Mac.
			at statement: $r8 = virtualinvoke $r7.<javax.crypto.Mac: byte[] doFinal(byte[])>($r5)

		IncompleteOperationError violating CrySL rule for javax.crypto.Mac (on Object #1777524bc2fa3af1ca80c4679c0b2d6b8af24c32b5624eb03233e336cabc72c4)
			Operation on object of type javax.crypto.Mac object not completed. Expected call to update, doFinal
			at statement: virtualinvoke $r4.<t2.a: void d(byte[])>($r1)


Findings in Java Class: c3.b

	 in Method: void f(x2.k,z2.g,java.lang.String,java.lang.String,b3.a,byte[])
		IncompleteOperationError violating CrySL rule for javax.crypto.Mac (on Object #1777524bc2fa3af1ca80c4679c0b2d6b8af24c32b5624eb03233e336cabc72c4)
			Operation on object of type javax.crypto.Mac object not completed. Expected call to update, doFinal
			at statement: specialinvoke $r59.<x2.l: void <init>(x2.j,z2.h,char[],int)>($r33, $r20, $r35, $i2)

		IncompleteOperationError violating CrySL rule for javax.crypto.Mac (on Object #1777524bc2fa3af1ca80c4679c0b2d6b8af24c32b5624eb03233e336cabc72c4)
			Operation on object of type javax.crypto.Mac object not completed. Expected call to update, doFinal
			at statement: specialinvoke $r58.<x2.a: void <init>(x2.j,z2.h,char[],int)>($r33, $r20, $r35, $i2)

		IncompleteOperationError violating CrySL rule for javax.crypto.Mac (on Object #1777524bc2fa3af1ca80c4679c0b2d6b8af24c32b5624eb03233e336cabc72c4)
			Operation on object of type javax.crypto.Mac object not completed. Expected call to update, doFinal
			at statement: specialinvoke $r57.<x2.e: void <init>(x2.j,z2.h,char[],int)>($r33, $r20, $r35, $i2)


Findings in Java Class: y2.k

	 in Method: void b(z2.o)
		IncompleteOperationError violating CrySL rule for javax.crypto.Mac (on Object #1777524bc2fa3af1ca80c4679c0b2d6b8af24c32b5624eb03233e336cabc72c4)
			Operation on object of type javax.crypto.Mac object not completed. Expected call to update, doFinal
			at statement: specialinvoke $r37.<y2.f: void <init>(y2.j,z2.o,char[])>($r24, $r1, varReplacer18771)

		IncompleteOperationError violating CrySL rule for javax.crypto.Mac (on Object #1777524bc2fa3af1ca80c4679c0b2d6b8af24c32b5624eb03233e336cabc72c4)
			Operation on object of type javax.crypto.Mac object not completed. Expected call to update, doFinal
			at statement: specialinvoke $r38.<y2.a: void <init>(y2.j,z2.o,char[])>($r24, $r1, $r25)

		IncompleteOperationError violating CrySL rule for javax.crypto.Mac (on Object #1777524bc2fa3af1ca80c4679c0b2d6b8af24c32b5624eb03233e336cabc72c4)
			Operation on object of type javax.crypto.Mac object not completed. Expected call to update, doFinal
			at statement: specialinvoke $r39.<y2.l: void <init>(y2.j,z2.o,char[])>($r24, $r1, $r25)


======================= CryptoAnalysis Summary ==========================
	Number of CrySL rules: 49
	Number of Objects Analyzed: 24

	CryptoAnalysis found the following violations. For details see description above.
	RequiredPredicateError: 4
	IncompleteOperationError: 9
	TypestateError: 4
	ConstraintError: 10
=====================================================================
