0    [main] WARN  pes.access.impl.DeclaredTypeFactory  - --- xtext.common.types ---------------------------------------------------
1    [main] WARN  pes.access.impl.DeclaredTypeFactory  - ASM library is too old. Falling back to java.lang.reflect API.
1    [main] WARN  pes.access.impl.DeclaredTypeFactory  - Please note that no information about compile time constants is available.
1    [main] WARN  pes.access.impl.DeclaredTypeFactory  - It's recommended to use org.objectweb.asm 9.1.0 or better (Maven group id: org.ow2.asm).
1    [main] WARN  pes.access.impl.DeclaredTypeFactory  - --------------------------------------------------------------------------
Ruleset: 
	java.security.cert.TrustAnchor
	javax.crypto.spec.GCMParameterSpec
	javax.xml.crypto.dsig.spec.HMACParameterSpec
	java.security.KeyPair
	java.security.DigestOutputStream
	javax.net.ssl.KeyStoreBuilderParameters
	javax.crypto.spec.OAEPParameterSpec
	javax.net.ssl.SSLContext
	javax.crypto.spec.DHGenParameterSpec
	javax.crypto.CipherOutputStream
	java.security.Key
	javax.crypto.SecretKeyFactory
	java.security.cert.PKIXBuilderParameters
	java.security.KeyFactory
	javax.crypto.spec.PBEKeySpec
	java.security.spec.DSAGenParameterSpec
	java.security.KeyPairGenerator
	javax.crypto.CipherInputStream
	javax.net.ssl.CertPathTrustManagerParameters
	java.security.cert.CertificateFactory
	java.security.SecureRandom
	java.security.spec.MGF1ParameterSpec
	javax.net.ssl.SSLEngine
	javax.crypto.spec.DHParameterSpec
	java.security.spec.DSAParameterSpec
	java.security.spec.ECParameterSpec
	java.security.spec.RSAKeyGenParameterSpec
	javax.crypto.spec.IvParameterSpec
	javax.crypto.Cipher
	javax.crypto.spec.PBEParameterSpec
	java.security.AlgorithmParameterGenerator
	java.security.spec.X509EncodedKeySpec
	javax.net.ssl.TrustManagerFactory
	java.security.DigestInputStream
	void
	javax.net.ssl.KeyManagerFactory
	java.security.cert.PKIXParameters
	java.net.PasswordAuthentication
	java.security.AlgorithmParameters
	javax.crypto.KeyAgreement
	javax.crypto.spec.SecretKeySpec
	javax.net.ssl.SSLParameters
	java.security.MessageDigest
	javax.crypto.SecretKey
	javax.crypto.KeyGenerator
	java.security.KeyStore
	javax.crypto.Mac
	java.security.spec.ECGenParameterSpec
	java.security.Signature

Analyzed Objects: 
	Object:
		Variable: $r1
		Type: javax.net.ssl.SSLContext
		Statement: $r1 = staticinvoke <javax.net.ssl.SSLContext: javax.net.ssl.SSLContext getInstance(java.lang.String,java.security.Provider)>(varReplacer22147, $r2)
		Method: <u2.t1.l.o: javax.net.ssl.SSLContext l()>
		SHA-256: 2de4d6e2b2d8d6df07227d1bb551aeafae0674fd2df3d0f8fbf1b71350faecb1
		Secure: false
	Object:
		Variable: $r3
		Type: javax.net.ssl.TrustManager[]
		Statement: $r3 = virtualinvoke $r2.<javax.net.ssl.TrustManagerFactory: javax.net.ssl.TrustManager[] getTrustManagers()>()
		Method: <u2.t1.l.i: javax.net.ssl.X509TrustManager n()>
		SHA-256: ce87d770092ecc1568f480a28a99461c8a74e6cb3c1284ce9f8a952363f6682e
		Secure: false
	Object:
		Variable: $r2
		Type: javax.net.ssl.TrustManagerFactory
		Statement: $r2 = staticinvoke <javax.net.ssl.TrustManagerFactory: javax.net.ssl.TrustManagerFactory getInstance(java.lang.String)>($r1)
		Method: <u2.t1.l.i: javax.net.ssl.X509TrustManager n()>
		SHA-256: 17455c73fc830ebc41e99d58a1b9683175acbffa9b5c1990e0c046cc63793c37
		Secure: false
	Object:
		Variable: $r3
		Type: javax.net.ssl.SSLContext
		Statement: $r3 = staticinvoke <javax.net.ssl.SSLContext: javax.net.ssl.SSLContext getInstance(java.lang.String,java.security.Provider)>(varReplacer16076, $r2)
		Method: <u2.t1.l.i: javax.net.ssl.SSLSocketFactory m(javax.net.ssl.X509TrustManager)>
		SHA-256: 4c2c24b81e3a450f89374b42d02086b11743f9728945785a4f7cc9c5ab508425
		Secure: false
	Object:
		Variable: $r3
		Type: javax.net.ssl.TrustManager[]
		Statement: $r3 = virtualinvoke $r2.<javax.net.ssl.TrustManagerFactory: javax.net.ssl.TrustManager[] getTrustManagers()>()
		Method: <u2.t1.l.q: javax.net.ssl.X509TrustManager n()>
		SHA-256: cced37495665192227dca8a3fe5c204b2a648b59473eeca61bbb6ed40a6c72da
		Secure: false
	Object:
		Variable: $r2
		Type: javax.net.ssl.TrustManagerFactory
		Statement: $r2 = staticinvoke <javax.net.ssl.TrustManagerFactory: javax.net.ssl.TrustManagerFactory getInstance(java.lang.String)>($r1)
		Method: <u2.t1.l.q: javax.net.ssl.X509TrustManager n()>
		SHA-256: c52f69eeb483478c34af250336de6958820a8629e3da92160296778290802d05
		Secure: false
	Object:
		Variable: $r10
		Type: java.security.KeyFactory
		Statement: $r10 = staticinvoke <java.security.KeyFactory: java.security.KeyFactory getInstance(java.lang.String)>($r8)
		Method: <org.conscrypt.OpenSSLX509Certificate: java.security.PublicKey getPublicKey()>
		SHA-256: 6635af12fb8498a7bf018ada279831a6e3024bb07fe12c7daed2b6fbc372e6bb
		Secure: false
	Object:
		Variable: $r3
		Type: javax.net.ssl.TrustManagerFactory
		Statement: $r3 = staticinvoke <javax.net.ssl.TrustManagerFactory: javax.net.ssl.TrustManagerFactory getInstance(java.lang.String,java.security.Provider)>($r1, $r2)
		Method: <u2.t1.l.o: javax.net.ssl.X509TrustManager n()>
		SHA-256: 7698f1637082f8bbf2cefcf351fc0819405acb987d52101f1cfe277688aa4bf1
		Secure: false
	Object:
		Variable: $z0
		Type: boolean
		Statement: $z0 = virtualinvoke $r3.<java.security.Signature: boolean verify(byte[])>($r5)
		Method: <org.conscrypt.OpenSSLX509Certificate: void verifyInternal(java.security.PublicKey,java.lang.String)>
		SHA-256: d02affd279e8743b6fd64cdf0e2dd47c30a5603be2e61d5718cf63d25b2d1a15
		Secure: false
	Object:
		Variable: $r0
		Type: java.security.cert.CertificateFactory
		Statement: $r0 = staticinvoke <java.security.cert.CertificateFactory: java.security.cert.CertificateFactory getInstance(java.lang.String)>(varReplacer40849)
		Method: <org.conscrypt.SSLUtils: java.security.cert.CertificateFactory getCertificateFactory()>
		SHA-256: ceef1e63a745f7ee890c93cd08f0d6532419c02f3b1e67d8e75720efba0c21d
		Secure: false
	Object:
		Variable: $r8
		Type: java.lang.String
		Statement: $r10 = staticinvoke <java.security.KeyFactory: java.security.KeyFactory getInstance(java.lang.String)>($r8)
		Method: <org.conscrypt.OpenSSLX509Certificate: java.security.PublicKey getPublicKey()>
		SHA-256: fb24971f565cb4681c3c1e192adc31a35b4a987353817f6def6d3d265ac75389
		Secure: false
	Object:
		Variable: $r3
		Type: java.security.Signature
		Statement: $r3 = staticinvoke <java.security.Signature: java.security.Signature getInstance(java.lang.String,java.lang.String)>($r4, $r2)
		Method: <org.conscrypt.OpenSSLX509Certificate: void verifyInternal(java.security.PublicKey,java.lang.String)>
		SHA-256: 4b73d9ea47b70e095beb17e2b4e8c62bcb1a3b70cdd913b654094befd6fbd016
		Secure: false
	Object:
		Variable: $r5
		Type: java.security.cert.CertificateFactory
		Statement: $r5 = staticinvoke <java.security.cert.CertificateFactory: java.security.cert.CertificateFactory getInstance(java.lang.String)>(varReplacer39161)
		Method: <u2.f: java.util.List a(v2.l)>
		SHA-256: 312442505c59e49434a27404eefae5db99a9a5fdc2687f20c2b834dc45188e2c
		Secure: false
	Object:
		Variable: $r5
		Type: byte[]
		Statement: $r5 = virtualinvoke $r2.<java.security.MessageDigest: byte[] digest()>()
		Method: <v2.d0: v2.n b(java.lang.String)>
		SHA-256: c7ac3d47870af8cdc04b6ba19c33d4fe9b3554c9e4f12c43c5397ba0eb6ad878
		Secure: false
	Object:
		Variable: $r2
		Type: javax.net.ssl.TrustManager[]
		Statement: $r2 = virtualinvoke $r1.<javax.net.ssl.TrustManagerFactory: javax.net.ssl.TrustManager[] getTrustManagers()>()
		Method: <u2.t1.l.f: javax.net.ssl.X509TrustManager n()>
		SHA-256: f02688b061b5f41b076ec22d7557c3209eef3d48824721ed240b338736c5cf86
		Secure: false
	Object:
		Variable: $r1
		Type: javax.net.ssl.TrustManagerFactory
		Statement: $r1 = staticinvoke <javax.net.ssl.TrustManagerFactory: javax.net.ssl.TrustManagerFactory getInstance(java.lang.String,java.lang.String)>(varReplacer16060, varReplacer16061)
		Method: <u2.t1.l.f: javax.net.ssl.X509TrustManager n()>
		SHA-256: b1d213d79f3b3d8ea491f942f9dd11054dcacdb73cfdb5653aaae6795087a294
		Secure: false
	Object:
		Variable: $r4
		Type: javax.net.ssl.TrustManager[]
		Statement: $r4 = virtualinvoke $r3.<javax.net.ssl.TrustManagerFactory: javax.net.ssl.TrustManager[] getTrustManagers()>()
		Method: <u2.t1.l.o: javax.net.ssl.X509TrustManager n()>
		SHA-256: d67623eb95d8102d7592186f8ee8bf1acee4b58ad0397711702b737e36d4e7e7
		Secure: false
	Object:
		Variable: $r2
		Type: java.security.MessageDigest
		Statement: $r2 = staticinvoke <java.security.MessageDigest: java.security.MessageDigest getInstance(java.lang.String)>($r1)
		Method: <v2.d0: v2.n b(java.lang.String)>
		SHA-256: fbeb3a94bf97f0818433cdcc2dc6fef006eaabe9d035d64b8c47229e4a050d43
		Secure: false
	Object:
		Variable: $r1
		Type: java.security.spec.X509EncodedKeySpec
		Statement: specialinvoke $r1.<java.security.spec.X509EncodedKeySpec: void <init>(byte[])>($r9)
		Method: <org.conscrypt.OpenSSLX509Certificate: java.security.PublicKey getPublicKey()>
		SHA-256: 7ac05a324707752a8fcdd9787a5fcda4e6af85c295ea6bb9f2ffcf779c41a30d
		Secure: false
	Object:
		Variable: $r5
		Type: byte[]
		Statement: $z0 = virtualinvoke $r3.<java.security.Signature: boolean verify(byte[])>($r5)
		Method: <org.conscrypt.OpenSSLX509Certificate: void verifyInternal(java.security.PublicKey,java.lang.String)>
		SHA-256: e75571d33abb1b5e330ac5b78fcc009ac5fa3b4053acda20dad8234c0598d879
		Secure: false
	Object:
		Variable: $r4
		Type: byte[]
		Statement: $r4 = virtualinvoke $r3.<java.security.MessageDigest: byte[] digest(byte[])>($r4)
		Method: <v2.n: v2.n b(java.lang.String)>
		SHA-256: d2254d61d59adb707efbf4fa28eb6580599d5aba96ad5b43ea0beeae084dbd26
		Secure: false
	Object:
		Variable: $r13
		Type: java.security.spec.ECParameterSpec
		Statement: specialinvoke $r13.<java.security.spec.ECParameterSpec: void <init>(java.security.spec.EllipticCurve,java.security.spec.ECPoint,java.math.BigInteger,int)>($r9, $r12, $r4, $i1)
		Method: <org.conscrypt.OpenSSLECGroupContext: java.security.spec.ECParameterSpec getECParameterSpec()>
		SHA-256: 7223ae8f08ed0dba3dafb06f8e07e30310aca7c9be856d88494b5d1bd531fdf8
		Secure: true
	Object:
		Variable: $r7
		Type: java.security.PublicKey
		Statement: $r7 = virtualinvoke $r10.<java.security.KeyFactory: java.security.PublicKey generatePublic(java.security.spec.KeySpec)>($r1)
		Method: <org.conscrypt.OpenSSLX509Certificate: java.security.PublicKey getPublicKey()>
		SHA-256: 9d110d3f3943f5f1538d33e3d18932b71ca7accf2f86c174ab417a2b10712fb0
		Secure: false
	Object:
		Variable: $r1
		Type: javax.net.ssl.SSLContext
		Statement: $r1 = staticinvoke <javax.net.ssl.SSLContext: javax.net.ssl.SSLContext getInstance(java.lang.String,java.security.Provider)>(varReplacer22149, $r2)
		Method: <u2.t1.l.i: javax.net.ssl.SSLContext l()>
		SHA-256: 5e3c13a091bbc8d25a808e5e56dd1ea0f3ef4d14856295358b640b0acdbce21c
		Secure: false
	Object:
		Variable: $r1
		Type: javax.net.ssl.SSLContext
		Statement: $r1 = staticinvoke <javax.net.ssl.SSLContext: javax.net.ssl.SSLContext getInstance(java.lang.String,java.security.Provider)>(varReplacer22150, $r2)
		Method: <u2.t1.l.f: javax.net.ssl.SSLContext l()>
		SHA-256: a180df4e08c9ef446383855839dd9556a46541da7b3f36ff68510b98d78f9a9c
		Secure: false
	Object:
		Variable: $r1
		Type: javax.net.ssl.SSLContext
		Statement: $r1 = staticinvoke <javax.net.ssl.SSLContext: javax.net.ssl.SSLContext getInstance(java.lang.String)>(varReplacer22145)
		Method: <u2.t1.l.q: javax.net.ssl.SSLContext l()>
		SHA-256: 32c614963ffe658dd5a50abdebae294b48c3af9b83ac97db4c78ee44571110af
		Secure: false
	Object:
		Variable: $r3
		Type: java.security.Signature
		Statement: $r3 = staticinvoke <java.security.Signature: java.security.Signature getInstance(java.lang.String)>($r2)
		Method: <org.conscrypt.OpenSSLX509Certificate: void verifyInternal(java.security.PublicKey,java.lang.String)>
		SHA-256: f325059ee6f08c9776202e677308b0f19ca0767a6821e36b4f64a531d072fa45
		Secure: false
	Object:
		Variable: $r3
		Type: java.security.MessageDigest
		Statement: $r3 = staticinvoke <java.security.MessageDigest: java.security.MessageDigest getInstance(java.lang.String)>($r1)
		Method: <v2.n: v2.n b(java.lang.String)>
		SHA-256: 3e0b6c08f00ea442cabb28bdf2fab293469164cdf871a6c504ce06eeb0935b99
		Secure: false
	Object:
		Variable: $r1
		Type: java.security.MessageDigest
		Statement: $r1 = staticinvoke <java.security.MessageDigest: java.security.MessageDigest getInstance(java.lang.String)>(varReplacer26818)
		Method: <n2.b.a.u.x.d1.o: java.lang.Object a()>
		SHA-256: 69c4748d1028e8b6d4c21d8307355d170034b959a8b7bca08e778074e8e48831
		Secure: true

Findings in Java Class: u2.t1.l.i

	 in Method: javax.net.ssl.SSLSocketFactory m(javax.net.ssl.X509TrustManager)
		ConstraintError violating CrySL rule for javax.net.ssl.SSLContext (on Object #4c2c24b81e3a450f89374b42d02086b11743f9728945785a4f7cc9c5ab508425)
			First parameter (with value "TLS") should be any of {TLSv1.2, TLSv1.3}
			at statement: $r3 = staticinvoke <javax.net.ssl.SSLContext: javax.net.ssl.SSLContext getInstance(java.lang.String,java.security.Provider)>(varReplacer16076, $r2)

		RequiredPredicateError violating CrySL rule for javax.net.ssl.SSLContext
			First parameter was not properly generated as generatedKeyManagers
			at statement: virtualinvoke $r3.<javax.net.ssl.SSLContext: void init(javax.net.ssl.KeyManager[],javax.net.ssl.TrustManager[],java.security.SecureRandom)>(varReplacer16077, $r6, varReplacer16077)

		RequiredPredicateError violating CrySL rule for javax.net.ssl.SSLContext
			Third parameter was not properly generated as randomized
			at statement: virtualinvoke $r3.<javax.net.ssl.SSLContext: void init(javax.net.ssl.KeyManager[],javax.net.ssl.TrustManager[],java.security.SecureRandom)>(varReplacer16077, $r6, varReplacer16077)

		RequiredPredicateError violating CrySL rule for javax.net.ssl.SSLContext
			Second parameter was not properly generated as generatedTrustManagers
			at statement: virtualinvoke $r3.<javax.net.ssl.SSLContext: void init(javax.net.ssl.KeyManager[],javax.net.ssl.TrustManager[],java.security.SecureRandom)>(varReplacer16077, $r6, varReplacer16077)


	 in Method: javax.net.ssl.SSLContext l()
		ConstraintError violating CrySL rule for javax.net.ssl.SSLContext (on Object #5e3c13a091bbc8d25a808e5e56dd1ea0f3ef4d14856295358b640b0acdbce21c)
			First parameter (with value "TLS") should be any of {TLSv1.2, TLSv1.3}
			at statement: $r1 = staticinvoke <javax.net.ssl.SSLContext: javax.net.ssl.SSLContext getInstance(java.lang.String,java.security.Provider)>(varReplacer22149, $r2)


	 in Method: javax.net.ssl.X509TrustManager n()
		RequiredPredicateError violating CrySL rule for javax.net.ssl.TrustManagerFactory
			First parameter was not properly generated as generatedKeyStore
			at statement: virtualinvoke $r2.<javax.net.ssl.TrustManagerFactory: void init(java.security.KeyStore)>(varReplacer16054)


Findings in Java Class: u2.t1.l.q

	 in Method: javax.net.ssl.SSLContext l()
		ConstraintError violating CrySL rule for javax.net.ssl.SSLContext (on Object #32c614963ffe658dd5a50abdebae294b48c3af9b83ac97db4c78ee44571110af)
			First parameter (with value "TLS") should be any of {TLSv1.2, TLSv1.3}
			at statement: $r1 = staticinvoke <javax.net.ssl.SSLContext: javax.net.ssl.SSLContext getInstance(java.lang.String)>(varReplacer22145)


	 in Method: javax.net.ssl.SSLSocketFactory m(javax.net.ssl.X509TrustManager)
		RequiredPredicateError violating CrySL rule for javax.net.ssl.SSLContext
			Second parameter was not properly generated as generatedTrustManagers
			at statement: virtualinvoke $r2.<javax.net.ssl.SSLContext: void init(javax.net.ssl.KeyManager[],javax.net.ssl.TrustManager[],java.security.SecureRandom)>(varReplacer16074, $r10, varReplacer16074)

		RequiredPredicateError violating CrySL rule for javax.net.ssl.SSLContext
			Third parameter was not properly generated as randomized
			at statement: virtualinvoke $r2.<javax.net.ssl.SSLContext: void init(javax.net.ssl.KeyManager[],javax.net.ssl.TrustManager[],java.security.SecureRandom)>(varReplacer16074, $r10, varReplacer16074)

		RequiredPredicateError violating CrySL rule for javax.net.ssl.SSLContext
			First parameter was not properly generated as generatedKeyManagers
			at statement: virtualinvoke $r2.<javax.net.ssl.SSLContext: void init(javax.net.ssl.KeyManager[],javax.net.ssl.TrustManager[],java.security.SecureRandom)>(varReplacer16074, $r10, varReplacer16074)


	 in Method: javax.net.ssl.X509TrustManager n()
		RequiredPredicateError violating CrySL rule for javax.net.ssl.TrustManagerFactory
			First parameter was not properly generated as generatedKeyStore
			at statement: virtualinvoke $r2.<javax.net.ssl.TrustManagerFactory: void init(java.security.KeyStore)>(varReplacer16052)


Findings in Java Class: u2.t1.l.f

	 in Method: javax.net.ssl.SSLContext l()
		ConstraintError violating CrySL rule for javax.net.ssl.SSLContext (on Object #a180df4e08c9ef446383855839dd9556a46541da7b3f36ff68510b98d78f9a9c)
			First parameter (with value "TLS") should be any of {TLSv1.2, TLSv1.3}
			at statement: $r1 = staticinvoke <javax.net.ssl.SSLContext: javax.net.ssl.SSLContext getInstance(java.lang.String,java.security.Provider)>(varReplacer22150, $r2)


	 in Method: javax.net.ssl.X509TrustManager n()
		RequiredPredicateError violating CrySL rule for javax.net.ssl.TrustManagerFactory
			First parameter was not properly generated as generatedKeyStore
			at statement: virtualinvoke $r1.<javax.net.ssl.TrustManagerFactory: void init(java.security.KeyStore)>(varReplacer16062)


Findings in Java Class: v2.d0

	 in Method: v2.n b(java.lang.String)
		TypestateError violating CrySL rule for java.security.MessageDigest (on Object #fbeb3a94bf97f0818433cdcc2dc6fef006eaabe9d035d64b8c47229e4a050d43)
			Unexpected call to method <java.security.MessageDigest: byte[] digest()> on object of type java.security.MessageDigest. Expect a call to one of the following methods java.security.MessageDigest: void update(byte[],int,int),java.security.MessageDigest: void update(java.nio.ByteBuffer),java.security.MessageDigest: byte[] digest(byte[]),java.security.MessageDigest: void update(byte[]),java.security.MessageDigest: void update(byte)
			at statement: $r5 = virtualinvoke $r2.<java.security.MessageDigest: byte[] digest()>()

		ConstraintError violating CrySL rule for java.security.MessageDigest (on Object #fbeb3a94bf97f0818433cdcc2dc6fef006eaabe9d035d64b8c47229e4a050d43)
			First parameter (with value "MD5") should be any of {SHA-256, SHA-384, SHA-512}
			at statement: $r2 = staticinvoke <java.security.MessageDigest: java.security.MessageDigest getInstance(java.lang.String)>($r1)


Findings in Java Class: v2.n

	 in Method: v2.n b(java.lang.String)
		ConstraintError violating CrySL rule for java.security.MessageDigest (on Object #3e0b6c08f00ea442cabb28bdf2fab293469164cdf871a6c504ce06eeb0935b99)
			First parameter (with value "MD5") should be any of {SHA-256, SHA-384, SHA-512}
			at statement: $r3 = staticinvoke <java.security.MessageDigest: java.security.MessageDigest getInstance(java.lang.String)>($r1)


Findings in Java Class: u2.f

	 in Method: java.util.List a(v2.l)
		IncompleteOperationError violating CrySL rule for java.security.cert.CertificateFactory (on Object #312442505c59e49434a27404eefae5db99a9a5fdc2687f20c2b834dc45188e2c)
			Operation on object of type java.security.cert.CertificateFactory object not completed. Expected call to generateCertPath, generateCRL, java.security.cert.CertificateFactory: java.security.cert.Certificate generateCertificate(java.io.InputStream)
			at statement: $r10 = virtualinvoke $r5.<java.security.cert.CertificateFactory: java.security.cert.Certificate generateCertificate(java.io.InputStream)>($r9)

		IncompleteOperationError violating CrySL rule for java.security.cert.CertificateFactory (on Object #312442505c59e49434a27404eefae5db99a9a5fdc2687f20c2b834dc45188e2c)
			Operation on object of type java.security.cert.CertificateFactory object not completed. Expected call to generateCertPath, generateCertificate, generateCRL
			at statement: $r5 = staticinvoke <java.security.cert.CertificateFactory: java.security.cert.CertificateFactory getInstance(java.lang.String)>(varReplacer39161)

		TypestateError violating CrySL rule for java.security.cert.CertificateFactory (on Object #312442505c59e49434a27404eefae5db99a9a5fdc2687f20c2b834dc45188e2c)
			Unexpected call to method generateCertificate on object of type java.security.cert.CertificateFactory. Expect a call to one of the following methods generateCRL
			at statement: $r10 = virtualinvoke $r5.<java.security.cert.CertificateFactory: java.security.cert.Certificate generateCertificate(java.io.InputStream)>($r9)


Findings in Java Class: org.conscrypt.SSLUtils

	 in Method: java.security.cert.X509Certificate decodeX509Certificate(java.security.cert.CertificateFactory,byte[])
		TypestateError violating CrySL rule for java.security.cert.CertificateFactory (on Object #ceef1e63a745f7ee890c93cd08f0d6532419c02f3b1e67d8e75720efba0c21d)
			Unexpected call to method generateCertificate on object of type java.security.cert.CertificateFactory. Expect a call to one of the following methods generateCRL
			at statement: $r3 = virtualinvoke $r2.<java.security.cert.CertificateFactory: java.security.cert.Certificate generateCertificate(java.io.InputStream)>($r1)


	 in Method: java.security.cert.X509Certificate[] decodeX509CertificateChain(byte[][])
		IncompleteOperationError violating CrySL rule for java.security.cert.CertificateFactory (on Object #ceef1e63a745f7ee890c93cd08f0d6532419c02f3b1e67d8e75720efba0c21d)
			Operation on object of type java.security.cert.CertificateFactory object not completed. Expected call to generateCertPath, generateCertificate, generateCRL
			at statement: $r4 = staticinvoke <org.conscrypt.SSLUtils: java.security.cert.X509Certificate decodeX509Certificate(java.security.cert.CertificateFactory,byte[])>($r2, $r3)

		IncompleteOperationError violating CrySL rule for java.security.cert.CertificateFactory (on Object #ceef1e63a745f7ee890c93cd08f0d6532419c02f3b1e67d8e75720efba0c21d)
			Operation on object of type java.security.cert.CertificateFactory object not completed. Expected call to generateCertPath, generateCertificate, generateCRL
			at statement: $r2 = staticinvoke <org.conscrypt.SSLUtils: java.security.cert.CertificateFactory getCertificateFactory()>()


Findings in Java Class: org.conscrypt.OpenSSLX509Certificate

	 in Method: java.security.PublicKey getPublicKey()
		RequiredPredicateError violating CrySL rule for java.security.KeyFactory
			First parameter was not properly generated as speccedKey
			at statement: $r7 = virtualinvoke $r10.<java.security.KeyFactory: java.security.PublicKey generatePublic(java.security.spec.KeySpec)>($r1)

		RequiredPredicateError violating CrySL rule for java.security.spec.X509EncodedKeySpec
			First parameter was not properly generated as preparedKeyMaterial
			at statement: specialinvoke $r1.<java.security.spec.X509EncodedKeySpec: void <init>(byte[])>($r9)


	 in Method: void verifyInternal(java.security.PublicKey,java.lang.String)
		RequiredPredicateError violating CrySL rule for java.security.Signature
			First parameter was not properly generated as generatedPubkey
			at statement: virtualinvoke $r3.<java.security.Signature: void initVerify(java.security.PublicKey)>($r1)


Findings in Java Class: u2.t1.l.o

	 in Method: javax.net.ssl.X509TrustManager n()
		RequiredPredicateError violating CrySL rule for javax.net.ssl.TrustManagerFactory
			First parameter was not properly generated as generatedKeyStore
			at statement: virtualinvoke $r3.<javax.net.ssl.TrustManagerFactory: void init(java.security.KeyStore)>(varReplacer16067)


======================= CryptoAnalysis Summary ==========================
	Number of CrySL rules: 49
	Number of Objects Analyzed: 29

	CryptoAnalysis found the following violations. For details see description above.
	IncompleteOperationError: 4
	ConstraintError: 6
	TypestateError: 3
	RequiredPredicateError: 13
=====================================================================
