0    [main] WARN  pes.access.impl.DeclaredTypeFactory  - --- xtext.common.types ---------------------------------------------------
0    [main] WARN  pes.access.impl.DeclaredTypeFactory  - ASM library is too old. Falling back to java.lang.reflect API.
0    [main] WARN  pes.access.impl.DeclaredTypeFactory  - Please note that no information about compile time constants is available.
0    [main] WARN  pes.access.impl.DeclaredTypeFactory  - It's recommended to use org.objectweb.asm 9.1.0 or better (Maven group id: org.ow2.asm).
1    [main] WARN  pes.access.impl.DeclaredTypeFactory  - --------------------------------------------------------------------------
Ruleset: 
	java.security.cert.TrustAnchor
	javax.crypto.spec.GCMParameterSpec
	javax.xml.crypto.dsig.spec.HMACParameterSpec
	java.security.KeyPair
	java.security.DigestOutputStream
	javax.net.ssl.KeyStoreBuilderParameters
	javax.crypto.spec.OAEPParameterSpec
	javax.net.ssl.SSLContext
	javax.crypto.spec.DHGenParameterSpec
	javax.crypto.CipherOutputStream
	java.security.Key
	javax.crypto.SecretKeyFactory
	java.security.cert.PKIXBuilderParameters
	java.security.KeyFactory
	javax.crypto.spec.PBEKeySpec
	java.security.spec.DSAGenParameterSpec
	java.security.KeyPairGenerator
	javax.crypto.CipherInputStream
	javax.net.ssl.CertPathTrustManagerParameters
	java.security.cert.CertificateFactory
	java.security.SecureRandom
	java.security.spec.MGF1ParameterSpec
	javax.net.ssl.SSLEngine
	javax.crypto.spec.DHParameterSpec
	java.security.spec.DSAParameterSpec
	java.security.spec.ECParameterSpec
	java.security.spec.RSAKeyGenParameterSpec
	javax.crypto.spec.IvParameterSpec
	javax.crypto.Cipher
	javax.crypto.spec.PBEParameterSpec
	java.security.AlgorithmParameterGenerator
	java.security.spec.X509EncodedKeySpec
	javax.net.ssl.TrustManagerFactory
	java.security.DigestInputStream
	void
	javax.net.ssl.KeyManagerFactory
	java.security.cert.PKIXParameters
	java.net.PasswordAuthentication
	java.security.AlgorithmParameters
	javax.crypto.KeyAgreement
	javax.crypto.spec.SecretKeySpec
	javax.net.ssl.SSLParameters
	java.security.MessageDigest
	javax.crypto.SecretKey
	javax.crypto.KeyGenerator
	java.security.KeyStore
	javax.crypto.Mac
	java.security.spec.ECGenParameterSpec
	java.security.Signature

Analyzed Objects: 
	Object:
		Variable: $r2
		Type: javax.net.ssl.SSLContext
		Statement: $r2 = staticinvoke <javax.net.ssl.SSLContext: javax.net.ssl.SSLContext getInstance(java.lang.String,java.security.Provider)>(varReplacer35031, $r1)
		Method: <okhttp3.internal.g.b: javax.net.ssl.SSLContext q_()>
		SHA-256: 475bbd7e02fdb26bcca6ba6d66fac6d31bf031027a0129ae8efc8d25249c09cc
		Secure: false
	Object:
		Variable: $r7
		Type: byte[]
		Statement: $r7 = virtualinvoke $r6.<java.security.MessageDigest: byte[] digest()>()
		Method: <com.bumptech.glide.load.b.b.j: java.lang.String a(com.bumptech.glide.load.c)>
		SHA-256: bfb7c381a65d51b4e1c9446beed40cdc2bd3873c847fa79474db3d32d4878ec1
		Secure: true
	Object:
		Variable: $r3
		Type: byte[]
		Statement: $r3 = virtualinvoke $r2.<java.security.MessageDigest: byte[] digest(byte[])>($r3)
		Method: <e.f: e.f c(java.lang.String)>
		SHA-256: f3cc4ddae93e93290d3bfa1a2a25c87d80146fe4b2db0fb306fba4638d2b1d53
		Secure: false
	Object:
		Variable: $r6
		Type: java.security.MessageDigest
		Statement: $r6 = staticinvoke <java.security.MessageDigest: java.security.MessageDigest getInstance(java.lang.String)>(varReplacer33711)
		Method: <com.bumptech.glide.load.b.b.j: java.lang.String a(com.bumptech.glide.load.c)>
		SHA-256: f76bfe05c9179e8e8be88b85e85e957d4e7f799912fb38bbae546c46f23f95a8
		Secure: true
	Object:
		Variable: $r2
		Type: java.security.MessageDigest
		Statement: $r2 = staticinvoke <java.security.MessageDigest: java.security.MessageDigest getInstance(java.lang.String)>($r1)
		Method: <e.f: e.f c(java.lang.String)>
		SHA-256: 6eb0ea69edfcba6baaf83ddd152f45fcc913cbe164179fdfaecfd677578e7bf8
		Secure: false
	Object:
		Variable: $r2
		Type: javax.net.ssl.TrustManagerFactory
		Statement: $r2 = staticinvoke <javax.net.ssl.TrustManagerFactory: javax.net.ssl.TrustManagerFactory getInstance(java.lang.String)>($r1)
		Method: <okhttp3.x: javax.net.ssl.X509TrustManager z()>
		SHA-256: 2de17fc7a28e5a1d2c6d98acfc5d8addf88548a837f3d6ef3af4ade960aeb54d
		Secure: false
	Object:
		Variable: $r2
		Type: javax.net.ssl.SSLContext
		Statement: $r2 = staticinvoke <javax.net.ssl.SSLContext: javax.net.ssl.SSLContext getInstance(java.lang.String)>(varReplacer35028)
		Method: <okhttp3.internal.g.f: javax.net.ssl.SSLContext q_()>
		SHA-256: 4869ca5333296fbadac963f4a58570596de772c6ccf3eee229622fc4502681fa
		Secure: false
	Object:
		Variable: $r3
		Type: javax.net.ssl.TrustManager[]
		Statement: $r3 = virtualinvoke $r2.<javax.net.ssl.TrustManagerFactory: javax.net.ssl.TrustManager[] getTrustManagers()>()
		Method: <okhttp3.x: javax.net.ssl.X509TrustManager z()>
		SHA-256: d6b3d0ed91a1538a3a3ccc8b83762854529f5c2edff013bd72c4d009d3e49955
		Secure: false

Findings in Java Class: com.bumptech.glide.load.b.b.j

	 in Method: java.lang.String a(com.bumptech.glide.load.c)
		TypestateError violating CrySL rule for java.security.MessageDigest (on Object #f76bfe05c9179e8e8be88b85e85e957d4e7f799912fb38bbae546c46f23f95a8)
			Unexpected call to method <java.security.MessageDigest: byte[] digest()> on object of type java.security.MessageDigest. Expect a call to one of the following methods java.security.MessageDigest: void update(byte[],int,int),java.security.MessageDigest: void update(java.nio.ByteBuffer),java.security.MessageDigest: byte[] digest(byte[]),java.security.MessageDigest: void update(byte[]),java.security.MessageDigest: void update(byte)
			at statement: $r7 = virtualinvoke $r6.<java.security.MessageDigest: byte[] digest()>()


Findings in Java Class: okhttp3.internal.g.f

	 in Method: javax.net.ssl.SSLContext q_()
		ConstraintError violating CrySL rule for javax.net.ssl.SSLContext (on Object #4869ca5333296fbadac963f4a58570596de772c6ccf3eee229622fc4502681fa)
			First parameter (with value "TLS") should be any of {TLSv1.2, TLSv1.3}
			at statement: $r2 = staticinvoke <javax.net.ssl.SSLContext: javax.net.ssl.SSLContext getInstance(java.lang.String)>(varReplacer35028)


Findings in Java Class: okhttp3.internal.g.b

	 in Method: javax.net.ssl.SSLContext q_()
		ConstraintError violating CrySL rule for javax.net.ssl.SSLContext (on Object #475bbd7e02fdb26bcca6ba6d66fac6d31bf031027a0129ae8efc8d25249c09cc)
			First parameter (with value "TLS") should be any of {TLSv1.2, TLSv1.3}
			at statement: $r2 = staticinvoke <javax.net.ssl.SSLContext: javax.net.ssl.SSLContext getInstance(java.lang.String,java.security.Provider)>(varReplacer35031, $r1)


Findings in Java Class: e.f

	 in Method: e.f c(java.lang.String)
		ConstraintError violating CrySL rule for java.security.MessageDigest (on Object #6eb0ea69edfcba6baaf83ddd152f45fcc913cbe164179fdfaecfd677578e7bf8)
			First parameter (with value "SHA-1") should be any of {SHA-256, SHA-384, SHA-512}
			at statement: $r2 = staticinvoke <java.security.MessageDigest: java.security.MessageDigest getInstance(java.lang.String)>($r1)


Findings in Java Class: okhttp3.x

	 in Method: javax.net.ssl.SSLSocketFactory a(javax.net.ssl.X509TrustManager)
		RequiredPredicateError violating CrySL rule for javax.net.ssl.SSLContext
			First parameter was not properly generated as generatedKeyManagers
			at statement: virtualinvoke $r3.<javax.net.ssl.SSLContext: void init(javax.net.ssl.KeyManager[],javax.net.ssl.TrustManager[],java.security.SecureRandom)>(varReplacer32765, $r8, varReplacer32765)

		RequiredPredicateError violating CrySL rule for javax.net.ssl.SSLContext
			Third parameter was not properly generated as randomized
			at statement: virtualinvoke $r3.<javax.net.ssl.SSLContext: void init(javax.net.ssl.KeyManager[],javax.net.ssl.TrustManager[],java.security.SecureRandom)>(varReplacer32765, $r8, varReplacer32765)

		RequiredPredicateError violating CrySL rule for javax.net.ssl.SSLContext
			Second parameter was not properly generated as generatedTrustManagers
			at statement: virtualinvoke $r3.<javax.net.ssl.SSLContext: void init(javax.net.ssl.KeyManager[],javax.net.ssl.TrustManager[],java.security.SecureRandom)>(varReplacer32765, $r8, varReplacer32765)


	 in Method: javax.net.ssl.X509TrustManager z()
		RequiredPredicateError violating CrySL rule for javax.net.ssl.TrustManagerFactory
			First parameter was not properly generated as generatedKeyStore
			at statement: virtualinvoke $r2.<javax.net.ssl.TrustManagerFactory: void init(java.security.KeyStore)>(varReplacer32763)


======================= CryptoAnalysis Summary ==========================
	Number of CrySL rules: 49
	Number of Objects Analyzed: 8

	CryptoAnalysis found the following violations. For details see description above.
	TypestateError: 1
	ConstraintError: 3
	RequiredPredicateError: 4
=====================================================================
