0    [main] WARN  pes.access.impl.DeclaredTypeFactory  - --- xtext.common.types ---------------------------------------------------
1    [main] WARN  pes.access.impl.DeclaredTypeFactory  - ASM library is too old. Falling back to java.lang.reflect API.
1    [main] WARN  pes.access.impl.DeclaredTypeFactory  - Please note that no information about compile time constants is available.
1    [main] WARN  pes.access.impl.DeclaredTypeFactory  - It's recommended to use org.objectweb.asm 9.1.0 or better (Maven group id: org.ow2.asm).
1    [main] WARN  pes.access.impl.DeclaredTypeFactory  - --------------------------------------------------------------------------
Ruleset: 
	java.security.cert.TrustAnchor
	javax.crypto.spec.GCMParameterSpec
	javax.xml.crypto.dsig.spec.HMACParameterSpec
	java.security.KeyPair
	java.security.DigestOutputStream
	javax.net.ssl.KeyStoreBuilderParameters
	javax.crypto.spec.OAEPParameterSpec
	javax.net.ssl.SSLContext
	javax.crypto.spec.DHGenParameterSpec
	javax.crypto.CipherOutputStream
	java.security.Key
	javax.crypto.SecretKeyFactory
	java.security.cert.PKIXBuilderParameters
	java.security.KeyFactory
	javax.crypto.spec.PBEKeySpec
	java.security.spec.DSAGenParameterSpec
	java.security.KeyPairGenerator
	javax.crypto.CipherInputStream
	javax.net.ssl.CertPathTrustManagerParameters
	java.security.cert.CertificateFactory
	java.security.SecureRandom
	java.security.spec.MGF1ParameterSpec
	javax.net.ssl.SSLEngine
	javax.crypto.spec.DHParameterSpec
	java.security.spec.DSAParameterSpec
	java.security.spec.ECParameterSpec
	java.security.spec.RSAKeyGenParameterSpec
	javax.crypto.spec.IvParameterSpec
	javax.crypto.Cipher
	javax.crypto.spec.PBEParameterSpec
	java.security.AlgorithmParameterGenerator
	java.security.spec.X509EncodedKeySpec
	javax.net.ssl.TrustManagerFactory
	java.security.DigestInputStream
	void
	javax.net.ssl.KeyManagerFactory
	java.security.cert.PKIXParameters
	java.net.PasswordAuthentication
	java.security.AlgorithmParameters
	javax.crypto.KeyAgreement
	javax.crypto.spec.SecretKeySpec
	javax.net.ssl.SSLParameters
	java.security.MessageDigest
	javax.crypto.SecretKey
	javax.crypto.KeyGenerator
	java.security.KeyStore
	javax.crypto.Mac
	java.security.spec.ECGenParameterSpec
	java.security.Signature

Analyzed Objects: 
	Object:
		Variable: $r8
		Type: byte[]
		Statement: $r8 = virtualinvoke $r10.<java.security.MessageDigest: byte[] digest()>()
		Method: <com.mishiranu.dashchan.content.async.ReadFileTask: java.lang.Boolean run(chan.http.HttpHolder)>
		SHA-256: 44049b18a9c3f1505c3ac59707d37e6dfa40f8508bca3f94ba0457eee6f05158
		Secure: true
	Object:
		Variable: $r10
		Type: java.security.MessageDigest
		Statement: $r10 = staticinvoke <java.security.MessageDigest: java.security.MessageDigest getInstance(java.lang.String)>(varReplacer10664)
		Method: <com.mishiranu.dashchan.content.async.ReadFileTask: java.lang.Boolean run(chan.http.HttpHolder)>
		SHA-256: 52234c3dc30e27e2b95f8a0576e6b0432ad071f31e357d676000c51c4824cb1e
		Secure: true
	Object:
		Variable: $r6
		Type: javax.net.ssl.SSLContext
		Statement: $r6 = staticinvoke <javax.net.ssl.SSLContext: javax.net.ssl.SSLContext getInstance(java.lang.String)>(varReplacer16711)
		Method: <chan.http.HttpClient: javax.net.ssl.SSLSocketFactory getSSLSocketFactory(boolean)>
		SHA-256: ac059fddeeb7f270951cd10d3f3d7d30f34da708d7979be63067cd791e06f43d
		Secure: false

Findings in Java Class: com.mishiranu.dashchan.content.async.ReadFileTask

	 in Method: java.lang.Boolean run(chan.http.HttpHolder)
		IncompleteOperationError violating CrySL rule for java.security.MessageDigest (on Object #52234c3dc30e27e2b95f8a0576e6b0432ad071f31e357d676000c51c4824cb1e)
			Operation on object of type java.security.MessageDigest object not completed. Expected call to java.security.MessageDigest: int digest(byte[],int,int), update, java.security.MessageDigest: byte[] digest(), java.security.MessageDigest: byte[] digest(byte[])
			at statement: $r8 = virtualinvoke $r10.<java.security.MessageDigest: byte[] digest()>()

		IncompleteOperationError violating CrySL rule for java.security.MessageDigest (on Object #52234c3dc30e27e2b95f8a0576e6b0432ad071f31e357d676000c51c4824cb1e)
			Operation on object of type java.security.MessageDigest object not completed. Expected call to digest, update
			at statement: $r10 = staticinvoke <java.security.MessageDigest: java.security.MessageDigest getInstance(java.lang.String)>(varReplacer10664)

		IncompleteOperationError violating CrySL rule for java.security.MessageDigest (on Object #52234c3dc30e27e2b95f8a0576e6b0432ad071f31e357d676000c51c4824cb1e)
			Operation on object of type java.security.MessageDigest object not completed. Expected call to digest, update
			at statement: staticinvoke <com.mishiranu.dashchan.content.async.ReadFileTask: void copyStream(java.io.InputStream,java.io.OutputStream,com.mishiranu.dashchan.content.async.TimedProgressHandler,java.security.MessageDigest)>($r16, $r17, $r15, $r10)

		IncompleteOperationError violating CrySL rule for java.security.MessageDigest (on Object #52234c3dc30e27e2b95f8a0576e6b0432ad071f31e357d676000c51c4824cb1e)
			Operation on object of type java.security.MessageDigest object not completed. Expected call to digest, update
			at statement: staticinvoke <com.mishiranu.dashchan.content.async.ReadFileTask: void copyStream(java.io.InputStream,java.io.OutputStream,com.mishiranu.dashchan.content.async.TimedProgressHandler,java.security.MessageDigest)>($r43, $r17, $r15, $r10)

		IncompleteOperationError violating CrySL rule for java.security.MessageDigest (on Object #52234c3dc30e27e2b95f8a0576e6b0432ad071f31e357d676000c51c4824cb1e)
			Operation on object of type java.security.MessageDigest object not completed. Expected call to digest, update
			at statement: $r10 = null

		TypestateError violating CrySL rule for java.security.MessageDigest (on Object #52234c3dc30e27e2b95f8a0576e6b0432ad071f31e357d676000c51c4824cb1e)
			Unexpected call to method <java.security.MessageDigest: byte[] digest()> on object of type java.security.MessageDigest. Expect a call to one of the following methods java.security.MessageDigest: void update(byte[],int,int),java.security.MessageDigest: void update(java.nio.ByteBuffer),java.security.MessageDigest: byte[] digest(byte[]),java.security.MessageDigest: void update(byte),java.security.MessageDigest: void update(byte[])
			at statement: $r8 = virtualinvoke $r10.<java.security.MessageDigest: byte[] digest()>()


Findings in Java Class: chan.http.HttpClient

	 in Method: javax.net.ssl.SSLSocketFactory getSSLSocketFactory(boolean)
		RequiredPredicateError violating CrySL rule for javax.net.ssl.SSLContext
			First parameter was not properly generated as generatedKeyManagers
			at statement: virtualinvoke $r6.<javax.net.ssl.SSLContext: void init(javax.net.ssl.KeyManager[],javax.net.ssl.TrustManager[],java.security.SecureRandom)>(varReplacer16709, $r7, varReplacer16709)

		RequiredPredicateError violating CrySL rule for javax.net.ssl.SSLContext
			Third parameter was not properly generated as randomized
			at statement: virtualinvoke $r6.<javax.net.ssl.SSLContext: void init(javax.net.ssl.KeyManager[],javax.net.ssl.TrustManager[],java.security.SecureRandom)>(varReplacer16709, $r7, varReplacer16709)

		RequiredPredicateError violating CrySL rule for javax.net.ssl.SSLContext
			Second parameter was not properly generated as generatedTrustManagers
			at statement: virtualinvoke $r6.<javax.net.ssl.SSLContext: void init(javax.net.ssl.KeyManager[],javax.net.ssl.TrustManager[],java.security.SecureRandom)>(varReplacer16709, $r7, varReplacer16709)

		ConstraintError violating CrySL rule for javax.net.ssl.SSLContext (on Object #ac059fddeeb7f270951cd10d3f3d7d30f34da708d7979be63067cd791e06f43d)
			First parameter (with value "TLS") should be any of {TLSv1.2, TLSv1.3}
			at statement: $r6 = staticinvoke <javax.net.ssl.SSLContext: javax.net.ssl.SSLContext getInstance(java.lang.String)>(varReplacer16711)


======================= CryptoAnalysis Summary ==========================
	Number of CrySL rules: 49
	Number of Objects Analyzed: 3

	CryptoAnalysis found the following violations. For details see description above.
	RequiredPredicateError: 3
	ConstraintError: 1
	TypestateError: 1
	IncompleteOperationError: 5
=====================================================================
