0    [main] WARN  pes.access.impl.DeclaredTypeFactory  - --- xtext.common.types ---------------------------------------------------
1    [main] WARN  pes.access.impl.DeclaredTypeFactory  - ASM library is too old. Falling back to java.lang.reflect API.
1    [main] WARN  pes.access.impl.DeclaredTypeFactory  - Please note that no information about compile time constants is available.
1    [main] WARN  pes.access.impl.DeclaredTypeFactory  - It's recommended to use org.objectweb.asm 9.1.0 or better (Maven group id: org.ow2.asm).
1    [main] WARN  pes.access.impl.DeclaredTypeFactory  - --------------------------------------------------------------------------
Ruleset: 
	java.security.cert.TrustAnchor
	javax.crypto.spec.GCMParameterSpec
	javax.xml.crypto.dsig.spec.HMACParameterSpec
	java.security.KeyPair
	java.security.DigestOutputStream
	javax.net.ssl.KeyStoreBuilderParameters
	javax.crypto.spec.OAEPParameterSpec
	javax.net.ssl.SSLContext
	javax.crypto.spec.DHGenParameterSpec
	javax.crypto.CipherOutputStream
	java.security.Key
	javax.crypto.SecretKeyFactory
	java.security.cert.PKIXBuilderParameters
	java.security.KeyFactory
	javax.crypto.spec.PBEKeySpec
	java.security.spec.DSAGenParameterSpec
	java.security.KeyPairGenerator
	javax.crypto.CipherInputStream
	javax.net.ssl.CertPathTrustManagerParameters
	java.security.cert.CertificateFactory
	java.security.SecureRandom
	java.security.spec.MGF1ParameterSpec
	javax.net.ssl.SSLEngine
	javax.crypto.spec.DHParameterSpec
	java.security.spec.DSAParameterSpec
	java.security.spec.ECParameterSpec
	java.security.spec.RSAKeyGenParameterSpec
	javax.crypto.spec.IvParameterSpec
	javax.crypto.Cipher
	javax.crypto.spec.PBEParameterSpec
	java.security.AlgorithmParameterGenerator
	java.security.spec.X509EncodedKeySpec
	javax.net.ssl.TrustManagerFactory
	java.security.DigestInputStream
	void
	javax.net.ssl.KeyManagerFactory
	java.security.cert.PKIXParameters
	java.net.PasswordAuthentication
	java.security.AlgorithmParameters
	javax.crypto.KeyAgreement
	javax.crypto.spec.SecretKeySpec
	javax.net.ssl.SSLParameters
	java.security.MessageDigest
	javax.crypto.SecretKey
	javax.crypto.KeyGenerator
	java.security.KeyStore
	javax.crypto.Mac
	java.security.spec.ECGenParameterSpec
	java.security.Signature

Analyzed Objects: 
	Object:
		Variable: $r0
		Type: java.security.cert.CertificateFactory
		Statement: $r0 = staticinvoke <java.security.cert.CertificateFactory: java.security.cert.CertificateFactory getInstance(java.lang.String)>(varReplacer10517)
		Method: <org.conscrypt.SSLUtils: java.security.cert.CertificateFactory getCertificateFactory()>
		SHA-256: 83a8b4879a477e9a9063447f8830a731d3e0aee82dd2f9a1bbef769c20a5fcf8
		Secure: false
	Object:
		Variable: $r13
		Type: java.security.spec.ECParameterSpec
		Statement: specialinvoke $r13.<java.security.spec.ECParameterSpec: void <init>(java.security.spec.EllipticCurve,java.security.spec.ECPoint,java.math.BigInteger,int)>($r9, $r12, $r4, $i1)
		Method: <org.conscrypt.OpenSSLECGroupContext: java.security.spec.ECParameterSpec getECParameterSpec()>
		SHA-256: 7223ae8f08ed0dba3dafb06f8e07e30310aca7c9be856d88494b5d1bd531fdf8
		Secure: true
	Object:
		Variable: $r3
		Type: byte[]
		Statement: $r3 = virtualinvoke $r4.<java.security.MessageDigest: byte[] digest()>()
		Method: <com.github.olga_yakovleva.rhvoice.android.DataPack: void verifyFile(java.io.File)>
		SHA-256: dde832e5ee297415c884519ec81606f0b4078f563c8764ed79718343cd577228
		Secure: false
	Object:
		Variable: $r4
		Type: java.security.MessageDigest
		Statement: $r4 = staticinvoke <java.security.MessageDigest: java.security.MessageDigest getInstance(java.lang.String)>(varReplacer11298)
		Method: <com.github.olga_yakovleva.rhvoice.android.DataPack: void verifyFile(java.io.File)>
		SHA-256: 97721bd684e57c0644175dfab9b10ba2be291e64050fe8e87d4175dfa52ac3a9
		Secure: false
	Object:
		Variable: $r3
		Type: javax.net.ssl.SSLContext
		Statement: $r3 = staticinvoke <javax.net.ssl.SSLContext: javax.net.ssl.SSLContext getInstance(java.lang.String,java.security.Provider)>(varReplacer59, $r2)
		Method: <com.github.olga_yakovleva.rhvoice.android.MyApplication: void onCreate()>
		SHA-256: ec89bfa704f48e85c6a022dd6ed2b0a5b142e6a3837358d244e0fc3b41365085
		Secure: false

Findings in Java Class: com.github.olga_yakovleva.rhvoice.android.MyApplication

	 in Method: void onCreate()
		RequiredPredicateError violating CrySL rule for javax.net.ssl.SSLContext
			Third parameter was not properly generated as randomized
			at statement: virtualinvoke $r3.<javax.net.ssl.SSLContext: void init(javax.net.ssl.KeyManager[],javax.net.ssl.TrustManager[],java.security.SecureRandom)>(varReplacer60, varReplacer60, varReplacer60)

		RequiredPredicateError violating CrySL rule for javax.net.ssl.SSLContext
			First parameter was not properly generated as generatedKeyManagers
			at statement: virtualinvoke $r3.<javax.net.ssl.SSLContext: void init(javax.net.ssl.KeyManager[],javax.net.ssl.TrustManager[],java.security.SecureRandom)>(varReplacer60, varReplacer60, varReplacer60)

		ConstraintError violating CrySL rule for javax.net.ssl.SSLContext (on Object #ec89bfa704f48e85c6a022dd6ed2b0a5b142e6a3837358d244e0fc3b41365085)
			First parameter (with value "TLS") should be any of {TLSv1.2, TLSv1.3}
			at statement: $r3 = staticinvoke <javax.net.ssl.SSLContext: javax.net.ssl.SSLContext getInstance(java.lang.String,java.security.Provider)>(varReplacer59, $r2)

		RequiredPredicateError violating CrySL rule for javax.net.ssl.SSLContext
			Second parameter was not properly generated as generatedTrustManagers
			at statement: virtualinvoke $r3.<javax.net.ssl.SSLContext: void init(javax.net.ssl.KeyManager[],javax.net.ssl.TrustManager[],java.security.SecureRandom)>(varReplacer60, varReplacer60, varReplacer60)


Findings in Java Class: org.conscrypt.SSLUtils

	 in Method: java.security.cert.X509Certificate decodeX509Certificate(java.security.cert.CertificateFactory,byte[])
		TypestateError violating CrySL rule for java.security.cert.CertificateFactory (on Object #83a8b4879a477e9a9063447f8830a731d3e0aee82dd2f9a1bbef769c20a5fcf8)
			Unexpected call to method generateCertificate on object of type java.security.cert.CertificateFactory. Expect a call to one of the following methods generateCRL
			at statement: $r3 = virtualinvoke $r2.<java.security.cert.CertificateFactory: java.security.cert.Certificate generateCertificate(java.io.InputStream)>($r1)


	 in Method: java.security.cert.X509Certificate[] decodeX509CertificateChain(byte[][])
		IncompleteOperationError violating CrySL rule for java.security.cert.CertificateFactory (on Object #83a8b4879a477e9a9063447f8830a731d3e0aee82dd2f9a1bbef769c20a5fcf8)
			Operation on object of type java.security.cert.CertificateFactory object not completed. Expected call to generateCertPath, generateCertificate, generateCRL
			at statement: $r4 = staticinvoke <org.conscrypt.SSLUtils: java.security.cert.X509Certificate decodeX509Certificate(java.security.cert.CertificateFactory,byte[])>($r2, $r3)

		IncompleteOperationError violating CrySL rule for java.security.cert.CertificateFactory (on Object #83a8b4879a477e9a9063447f8830a731d3e0aee82dd2f9a1bbef769c20a5fcf8)
			Operation on object of type java.security.cert.CertificateFactory object not completed. Expected call to generateCertPath, generateCertificate, generateCRL
			at statement: $r2 = staticinvoke <org.conscrypt.SSLUtils: java.security.cert.CertificateFactory getCertificateFactory()>()


Findings in Java Class: com.github.olga_yakovleva.rhvoice.android.DataPack

	 in Method: void verifyFile(java.io.File)
		TypestateError violating CrySL rule for java.security.MessageDigest (on Object #97721bd684e57c0644175dfab9b10ba2be291e64050fe8e87d4175dfa52ac3a9)
			Unexpected call to method <java.security.MessageDigest: byte[] digest()> on object of type java.security.MessageDigest. Expect a call to one of the following methods java.security.MessageDigest: void update(byte[],int,int),java.security.MessageDigest: void update(java.nio.ByteBuffer),java.security.MessageDigest: byte[] digest(byte[]),java.security.MessageDigest: void update(byte[]),java.security.MessageDigest: void update(byte)
			at statement: $r3 = virtualinvoke $r4.<java.security.MessageDigest: byte[] digest()>()

		ConstraintError violating CrySL rule for java.security.MessageDigest (on Object #97721bd684e57c0644175dfab9b10ba2be291e64050fe8e87d4175dfa52ac3a9)
			First parameter (with value "MD5") should be any of {SHA-256, SHA-384, SHA-512}
			at statement: $r4 = staticinvoke <java.security.MessageDigest: java.security.MessageDigest getInstance(java.lang.String)>(varReplacer11298)


======================= CryptoAnalysis Summary ==========================
	Number of CrySL rules: 49
	Number of Objects Analyzed: 5

	CryptoAnalysis found the following violations. For details see description above.
	ConstraintError: 2
	IncompleteOperationError: 2
	TypestateError: 2
	RequiredPredicateError: 3
=====================================================================
