0    [main] WARN  pes.access.impl.DeclaredTypeFactory  - --- xtext.common.types ---------------------------------------------------
1    [main] WARN  pes.access.impl.DeclaredTypeFactory  - ASM library is too old. Falling back to java.lang.reflect API.
1    [main] WARN  pes.access.impl.DeclaredTypeFactory  - Please note that no information about compile time constants is available.
1    [main] WARN  pes.access.impl.DeclaredTypeFactory  - It's recommended to use org.objectweb.asm 9.1.0 or better (Maven group id: org.ow2.asm).
1    [main] WARN  pes.access.impl.DeclaredTypeFactory  - --------------------------------------------------------------------------
Ruleset: 
	java.security.cert.TrustAnchor
	javax.crypto.spec.GCMParameterSpec
	javax.xml.crypto.dsig.spec.HMACParameterSpec
	java.security.KeyPair
	java.security.DigestOutputStream
	javax.net.ssl.KeyStoreBuilderParameters
	javax.crypto.spec.OAEPParameterSpec
	javax.net.ssl.SSLContext
	javax.crypto.spec.DHGenParameterSpec
	javax.crypto.CipherOutputStream
	java.security.Key
	javax.crypto.SecretKeyFactory
	java.security.cert.PKIXBuilderParameters
	java.security.KeyFactory
	javax.crypto.spec.PBEKeySpec
	java.security.spec.DSAGenParameterSpec
	java.security.KeyPairGenerator
	javax.crypto.CipherInputStream
	javax.net.ssl.CertPathTrustManagerParameters
	java.security.cert.CertificateFactory
	java.security.SecureRandom
	java.security.spec.MGF1ParameterSpec
	javax.net.ssl.SSLEngine
	javax.crypto.spec.DHParameterSpec
	java.security.spec.DSAParameterSpec
	java.security.spec.ECParameterSpec
	java.security.spec.RSAKeyGenParameterSpec
	javax.crypto.spec.IvParameterSpec
	javax.crypto.Cipher
	javax.crypto.spec.PBEParameterSpec
	java.security.AlgorithmParameterGenerator
	java.security.spec.X509EncodedKeySpec
	javax.net.ssl.TrustManagerFactory
	java.security.DigestInputStream
	void
	javax.net.ssl.KeyManagerFactory
	java.security.cert.PKIXParameters
	java.net.PasswordAuthentication
	java.security.AlgorithmParameters
	javax.crypto.KeyAgreement
	javax.crypto.spec.SecretKeySpec
	javax.net.ssl.SSLParameters
	java.security.MessageDigest
	javax.crypto.SecretKey
	javax.crypto.KeyGenerator
	java.security.KeyStore
	javax.crypto.Mac
	java.security.spec.ECGenParameterSpec
	java.security.Signature

Analyzed Objects: 
	Object:
		Variable: r2
		Type: byte[]
		Statement: r2 = virtualinvoke $r6.<java.security.MessageDigest: byte[] digest()>()
		Method: <com.cyanogenmod.filemanager.ics.commands.java.ChecksumCommand: void calculateDigest(com.cyanogenmod.filemanager.ics.commands.ChecksumExecutable$CHECKSUMS)>
		SHA-256: 75177df6ff9abc8c18d3f39b34554c380db6b50bde18478dfadfab3f9658ddb1
		Secure: true
	Object:
		Variable: $r6
		Type: java.security.MessageDigest
		Statement: $r6 = staticinvoke <java.security.MessageDigest: java.security.MessageDigest getInstance(java.lang.String)>($r5)
		Method: <com.cyanogenmod.filemanager.ics.commands.java.ChecksumCommand: void calculateDigest(com.cyanogenmod.filemanager.ics.commands.ChecksumExecutable$CHECKSUMS)>
		SHA-256: d561f760a61a49deb9915d5b823d0f57a80954fb87210adb898ddfc40928058d
		Secure: true
	Object:
		Variable: $r3
		Type: java.security.SecureRandom
		Statement: $r3 = staticinvoke <java.security.SecureRandom: java.security.SecureRandom getInstance(java.lang.String)>(varReplacer1494)
		Method: <com.cyanogenmod.filemanager.ics.console.shell.ShellConsole: void <init>(com.cyanogenmod.filemanager.ics.commands.shell.Shell)>
		SHA-256: 173d044cb889299aad0891d336eed5aa515603093fe5d767ccc8c2c23ae47e7c
		Secure: true

Findings in Java Class: com.cyanogenmod.filemanager.ics.commands.java.ChecksumCommand

	 in Method: void calculateDigest(com.cyanogenmod.filemanager.ics.commands.ChecksumExecutable$CHECKSUMS)
		TypestateError violating CrySL rule for java.security.MessageDigest (on Object #d561f760a61a49deb9915d5b823d0f57a80954fb87210adb898ddfc40928058d)
			Unexpected call to method <java.security.MessageDigest: byte[] digest()> on object of type java.security.MessageDigest. Expect a call to one of the following methods java.security.MessageDigest: void update(byte[],int,int),java.security.MessageDigest: void update(java.nio.ByteBuffer),java.security.MessageDigest: byte[] digest(byte[]),java.security.MessageDigest: void update(byte),java.security.MessageDigest: void update(byte[])
			at statement: r2 = virtualinvoke $r6.<java.security.MessageDigest: byte[] digest()>()


======================= CryptoAnalysis Summary ==========================
	Number of CrySL rules: 49
	Number of Objects Analyzed: 3

	CryptoAnalysis found the following violations. For details see description above.
	TypestateError: 1
=====================================================================
