0    [main] WARN  pes.access.impl.DeclaredTypeFactory  - --- xtext.common.types ---------------------------------------------------
3    [main] WARN  pes.access.impl.DeclaredTypeFactory  - ASM library is too old. Falling back to java.lang.reflect API.
3    [main] WARN  pes.access.impl.DeclaredTypeFactory  - Please note that no information about compile time constants is available.
3    [main] WARN  pes.access.impl.DeclaredTypeFactory  - It's recommended to use org.objectweb.asm 9.1.0 or better (Maven group id: org.ow2.asm).
3    [main] WARN  pes.access.impl.DeclaredTypeFactory  - --------------------------------------------------------------------------
Alive 15243  5000
Ruleset: 
	java.security.cert.TrustAnchor
	javax.crypto.spec.GCMParameterSpec
	javax.xml.crypto.dsig.spec.HMACParameterSpec
	java.security.KeyPair
	java.security.DigestOutputStream
	javax.net.ssl.KeyStoreBuilderParameters
	javax.crypto.spec.OAEPParameterSpec
	javax.net.ssl.SSLContext
	javax.crypto.spec.DHGenParameterSpec
	javax.crypto.CipherOutputStream
	java.security.Key
	javax.crypto.SecretKeyFactory
	java.security.cert.PKIXBuilderParameters
	java.security.KeyFactory
	javax.crypto.spec.PBEKeySpec
	java.security.spec.DSAGenParameterSpec
	java.security.KeyPairGenerator
	javax.crypto.CipherInputStream
	javax.net.ssl.CertPathTrustManagerParameters
	java.security.cert.CertificateFactory
	java.security.SecureRandom
	java.security.spec.MGF1ParameterSpec
	javax.net.ssl.SSLEngine
	javax.crypto.spec.DHParameterSpec
	java.security.spec.DSAParameterSpec
	java.security.spec.ECParameterSpec
	java.security.spec.RSAKeyGenParameterSpec
	javax.crypto.spec.IvParameterSpec
	javax.crypto.Cipher
	javax.crypto.spec.PBEParameterSpec
	java.security.AlgorithmParameterGenerator
	java.security.spec.X509EncodedKeySpec
	javax.net.ssl.TrustManagerFactory
	java.security.DigestInputStream
	void
	javax.net.ssl.KeyManagerFactory
	java.security.cert.PKIXParameters
	java.net.PasswordAuthentication
	java.security.AlgorithmParameters
	javax.crypto.KeyAgreement
	javax.crypto.spec.SecretKeySpec
	javax.net.ssl.SSLParameters
	java.security.MessageDigest
	javax.crypto.SecretKey
	javax.crypto.KeyGenerator
	java.security.KeyStore
	javax.crypto.Mac
	java.security.spec.ECGenParameterSpec
	java.security.Signature

Analyzed Objects: 
	Object:
		Variable: r0
		Type: org.bouncycastle.jce.spec.ECNamedCurveSpec
		Statement: specialinvoke r0.<java.security.spec.ECParameterSpec: void <init>(java.security.spec.EllipticCurve,java.security.spec.ECPoint,java.math.BigInteger,int)>($r2, $r3, $r4, $i0)
		Method: <org.bouncycastle.jce.spec.ECNamedCurveSpec: void <init>(java.lang.String,java.security.spec.EllipticCurve,java.security.spec.ECPoint,java.math.BigInteger,java.math.BigInteger)>
		SHA-256: b36d50207c12d926e435b859cb9848007d52f50b2e62c847e597de1f84f657c6
		Secure: true
	Object:
		Variable: $r1
		Type: java.security.MessageDigest
		Statement: $r1 = staticinvoke <java.security.MessageDigest: java.security.MessageDigest getInstance(java.lang.String)>(varReplacer8776)
		Method: <org.matomo.sdk.tools.Checksum: java.lang.String getMD5Checksum(java.lang.String)>
		SHA-256: eb640230ac11a95b3f9de5c4153a76f8cc7de881492ee35b09f20e3f0d2a9ab2
		Secure: false
	Object:
		Variable: $r1
		Type: javax.crypto.spec.DHParameterSpec
		Statement: specialinvoke $r1.<javax.crypto.spec.DHParameterSpec: void <init>(java.math.BigInteger,java.math.BigInteger)>($r3, $r4)
		Method: <org.bouncycastle.jce.provider.JCEElGamalPublicKey: javax.crypto.spec.DHParameterSpec getParams()>
		SHA-256: 2f96be90287037dd5aa521a81412c6567fe97ad3bdc0a3e0dd37cb2855cfb876
		Secure: true
	Object:
		Variable: r0
		Type: org.bouncycastle.x509.ExtendedPKIXParameters
		Statement: specialinvoke r0.<java.security.cert.PKIXParameters: void <init>(java.util.Set)>($r1)
		Method: <org.bouncycastle.x509.ExtendedPKIXParameters: void <init>(java.util.Set)>
		SHA-256: bc4db4edf85d5095c872f763083d4cdd57eaf413157a98ff957c0439448eaca6
		Secure: true
	Object:
		Variable: $r9
		Type: java.security.spec.DSAParameterSpec
		Statement: specialinvoke $r9.<java.security.spec.DSAParameterSpec: void <init>(java.math.BigInteger,java.math.BigInteger,java.math.BigInteger)>($r5, $r10, $r11)
		Method: <org.bouncycastle.jcajce.provider.asymmetric.dsa.BCDSAPublicKey: void <init>(org.bouncycastle.asn1.x509.SubjectPublicKeyInfo)>
		SHA-256: ca8c57f00e636666523b3803cf2d449c7668aea2653306a5d436a81914fd7df0
		Secure: true
	Object:
		Variable: r0
		Type: org.bouncycastle.jcajce.spec.DHDomainParameterSpec
		Statement: specialinvoke r0.<javax.crypto.spec.DHParameterSpec: void <init>(java.math.BigInteger,java.math.BigInteger,int)>($r1, $r3, $i1)
		Method: <org.bouncycastle.jcajce.spec.DHDomainParameterSpec: void <init>(java.math.BigInteger,java.math.BigInteger,java.math.BigInteger,java.math.BigInteger,int,int)>
		SHA-256: 9cdde17292729ed12e67e00ef32f20bc0ba0a50cc823d5bcab3268462fa45fcd
		Secure: true
	Object:
		Variable: $r2
		Type: java.security.MessageDigest
		Statement: $r2 = staticinvoke <java.security.MessageDigest: java.security.MessageDigest getInstance(java.lang.String,java.security.Provider)>($r3, $r1)
		Method: <org.bouncycastle.jcajce.util.ProviderJcaJceHelper: java.security.MessageDigest createMessageDigest(java.lang.String)>
		SHA-256: 4426af26dc3fc58a067c5a58b3c0542c3dfa1bc92e57d2921b3ab11f647f0193
		Secure: true
	Object:
		Variable: $r2
		Type: byte[]
		Statement: $r2 = virtualinvoke $r3.<java.security.MessageDigest: byte[] digest()>()
		Method: <org.matomo.sdk.tools.Checksum: java.lang.String getMD5Checksum(java.io.File)>
		SHA-256: 1d9d3a193882f50e016adca7908cc6e9e6742bb9a72fe9e968e414a3f0a4ba1a
		Secure: false
	Object:
		Variable: $r1
		Type: javax.crypto.spec.DHParameterSpec
		Statement: specialinvoke $r1.<javax.crypto.spec.DHParameterSpec: void <init>(java.math.BigInteger,java.math.BigInteger)>($r3, $r4)
		Method: <org.bouncycastle.jcajce.provider.asymmetric.elgamal.BCElGamalPrivateKey: javax.crypto.spec.DHParameterSpec getParams()>
		SHA-256: c908257ebef1e44e27421c3dc6127a4c79990e1515e273132ea2c2cb020fcdee
		Secure: true
	Object:
		Variable: $r2
		Type: java.security.MessageDigest
		Statement: $r2 = staticinvoke <java.security.MessageDigest: java.security.MessageDigest getInstance(java.lang.String)>(varReplacer23059)
		Method: <com.nostra13.universalimageloader.cache.disc.naming.Md5FileNameGenerator: byte[] getMD5(byte[])>
		SHA-256: 5ea1ac6fdb019e8d7201e770e9baca0069f7874f5f8a24bf52cf9546f102b7ee
		Secure: false
	Object:
		Variable: $r14
		Type: java.security.MessageDigest
		Statement: $r14 = staticinvoke <java.security.MessageDigest: java.security.MessageDigest getInstance(java.lang.String,java.lang.String)>($r13, varReplacer34716)
		Method: <org.bouncycastle.x509.AttributeCertificateHolder: boolean match(java.security.cert.Certificate)>
		SHA-256: 83fb7360c0f06aff899696e5a7107deb200c2e01623a97350487cd08e41a6d45
		Secure: true
	Object:
		Variable: $r27
		Type: javax.crypto.spec.DHParameterSpec
		Statement: specialinvoke $r27.<javax.crypto.spec.DHParameterSpec: void <init>(java.math.BigInteger,java.math.BigInteger,int)>($r6, $r15, $i0)
		Method: <org.bouncycastle.jcajce.provider.asymmetric.dh.BCDHPublicKey: void <init>(org.bouncycastle.asn1.x509.SubjectPublicKeyInfo)>
		SHA-256: c67a58db466f44792924e383c9800713831ce853e3ca81f3580a8d50f581e617
		Secure: true
	Object:
		Variable: $r9
		Type: javax.crypto.spec.SecretKeySpec
		Statement: specialinvoke $r9.<javax.crypto.spec.SecretKeySpec: void <init>(byte[],java.lang.String)>($r1, $r6)
		Method: <org.bouncycastle.cert.crmf.jcajce.JcePKMACValuesCalculator: byte[] calculateMac(byte[],byte[])>
		SHA-256: 55eb535ec698f1bdaa9b9339c4f90a63f5a7b71223f9954d433aa3fd06fab83
		Secure: false
	Object:
		Variable: $r1
		Type: javax.crypto.spec.DHParameterSpec
		Statement: specialinvoke $r1.<javax.crypto.spec.DHParameterSpec: void <init>(java.math.BigInteger,java.math.BigInteger)>($r3, $r4)
		Method: <org.bouncycastle.jcajce.provider.asymmetric.elgamal.BCElGamalPublicKey: javax.crypto.spec.DHParameterSpec getParams()>
		SHA-256: a9c19b12994234db6ec00ed5b541d5738b556e23d3870b731ea4245dbf932de7
		Secure: true
	Object:
		Variable: $r29
		Type: java.security.spec.ECParameterSpec
		Statement: specialinvoke $r29.<java.security.spec.ECParameterSpec: void <init>(java.security.spec.EllipticCurve,java.security.spec.ECPoint,java.math.BigInteger,int)>($r26, $r27, $r1, $i0)
		Method: <org.bouncycastle.jcajce.provider.asymmetric.dstu.BCDSTU4145PublicKey: void populateFromPubKeyInfo(org.bouncycastle.asn1.x509.SubjectPublicKeyInfo)>
		SHA-256: 69d36116f62acb406343ba2a4bd3c5dfb318c67056454f8adafd51a6e6f7e175
		Secure: true
	Object:
		Variable: $r2
		Type: java.security.MessageDigest
		Statement: $r2 = staticinvoke <java.security.MessageDigest: java.security.MessageDigest getInstance(java.lang.String,java.lang.String)>($r3, $r1)
		Method: <org.bouncycastle.jcajce.util.NamedJcaJceHelper: java.security.MessageDigest createMessageDigest(java.lang.String)>
		SHA-256: b0d5cd113028009cca34a566f603cb63613569a1586081066100dacfc7c80673
		Secure: true
	Object:
		Variable: $r17
		Type: java.security.spec.ECParameterSpec
		Statement: specialinvoke $r17.<java.security.spec.ECParameterSpec: void <init>(java.security.spec.EllipticCurve,java.security.spec.ECPoint,java.math.BigInteger,int)>($r10, $r14, $r15, $i0)
		Method: <org.bouncycastle.jcajce.provider.asymmetric.util.EC5Util: java.security.spec.ECParameterSpec convertToSpec(org.bouncycastle.asn1.x9.X962Parameters,org.bouncycastle.math.ec.ECCurve)>
		SHA-256: 586465352ab9af4baa8bd6b84d1dc9d3dd1da757db32b3c2f23070a01ae1e9c0
		Secure: true
	Object:
		Variable: $r2
		Type: java.security.SecureRandom
		Statement: specialinvoke $r2.<java.security.SecureRandom: void <init>()>()
		Method: <org.bouncycastle.crypto.CryptoServicesRegistrar: java.security.SecureRandom getSecureRandom()>
		SHA-256: 375867338a8d572664475cac25bcfa294db8f2af8faff8d50836d5d6dcf8ab15
		Secure: true
	Object:
		Variable: $r17
		Type: java.security.spec.ECParameterSpec
		Statement: specialinvoke $r17.<java.security.spec.ECParameterSpec: void <init>(java.security.spec.EllipticCurve,java.security.spec.ECPoint,java.math.BigInteger,int)>($r10, $r14, $r15, varReplacer19127)
		Method: <org.bouncycastle.jcajce.provider.asymmetric.util.EC5Util: java.security.spec.ECParameterSpec convertToSpec(org.bouncycastle.asn1.x9.X962Parameters,org.bouncycastle.math.ec.ECCurve)>
		SHA-256: b2838f17ec9fddfba6ed452a42bd4fed84f67675a73d97097412dd91e80fe802
		Secure: true
	Object:
		Variable: $r1
		Type: javax.crypto.spec.DHParameterSpec
		Statement: specialinvoke $r1.<javax.crypto.spec.DHParameterSpec: void <init>(java.math.BigInteger,java.math.BigInteger)>($r3, $r4)
		Method: <org.bouncycastle.jce.provider.JCEElGamalPrivateKey: javax.crypto.spec.DHParameterSpec getParams()>
		SHA-256: 6b8822e70d4604e23c0ea07692bf2c9c1daaa36d64fb48b6df14aae465189041
		Secure: true
	Object:
		Variable: $r15
		Type: byte[]
		Statement: $r15 = virtualinvoke $r14.<java.security.MessageDigest: byte[] digest()>()
		Method: <org.bouncycastle.x509.AttributeCertificateHolder: boolean match(java.security.cert.Certificate)>
		SHA-256: e7db0241527fc7f51059b6cf44875cdfb7ec12450eceba80c4767b3d6fe41b20
		Secure: true
	Object:
		Variable: $r2
		Type: byte[]
		Statement: $r2 = virtualinvoke $r1.<java.security.MessageDigest: byte[] digest()>()
		Method: <org.matomo.sdk.tools.Checksum: java.lang.String getMD5Checksum(java.lang.String)>
		SHA-256: 24228fb0dfbd102145b769186ccf2ab393a74df03c784f11ad5c57102d378f56
		Secure: false
	Object:
		Variable: $r6
		Type: java.lang.String
		Statement: specialinvoke $r9.<javax.crypto.spec.SecretKeySpec: void <init>(byte[],java.lang.String)>($r1, $r6)
		Method: <org.bouncycastle.cert.crmf.jcajce.JcePKMACValuesCalculator: byte[] calculateMac(byte[],byte[])>
		SHA-256: 4285b0b336ff13a2ca84a5fdd03ee2fb749bcf650a7075e378932054b1c6d205
		Secure: false
	Object:
		Variable: $r27
		Type: javax.crypto.spec.DHParameterSpec
		Statement: specialinvoke $r27.<javax.crypto.spec.DHParameterSpec: void <init>(java.math.BigInteger,java.math.BigInteger)>($r6, $r15)
		Method: <org.bouncycastle.jcajce.provider.asymmetric.dh.BCDHPublicKey: void <init>(org.bouncycastle.asn1.x509.SubjectPublicKeyInfo)>
		SHA-256: 17ea506228f5dc57471137e0b695352a3774e9c7e597031eeeb9157ef0e2b937
		Secure: true
	Object:
		Variable: $r3
		Type: java.security.MessageDigest
		Statement: $r3 = staticinvoke <java.security.MessageDigest: java.security.MessageDigest getInstance(java.lang.String)>(varReplacer18199)
		Method: <org.matomo.sdk.tools.Checksum: java.lang.String getMD5Checksum(java.io.File)>
		SHA-256: 3a426454cd29e75eb34c988f9220674b9f31a3999b489dd43c4baad96d65e298
		Secure: false
	Object:
		Variable: $r1
		Type: java.security.MessageDigest
		Statement: $r1 = staticinvoke <java.security.MessageDigest: java.security.MessageDigest getInstance(java.lang.String)>($r2)
		Method: <org.bouncycastle.jcajce.util.DefaultJcaJceHelper: java.security.MessageDigest createMessageDigest(java.lang.String)>
		SHA-256: d5732c60dfdd260fa2584e01723a020872061316c1136df9f421e4c02f29b5db
		Secure: true
	Object:
		Variable: $r1
		Type: byte[]
		Statement: $r1 = virtualinvoke $r2.<java.security.MessageDigest: byte[] digest()>()
		Method: <com.nostra13.universalimageloader.cache.disc.naming.Md5FileNameGenerator: byte[] getMD5(byte[])>
		SHA-256: c1be9d0b01edb148a5a898d4a6573aa27b3652d619c42f0bac0506e26dd1e5b2
		Secure: false
	Object:
		Variable: $r0
		Type: java.security.spec.ECParameterSpec
		Statement: specialinvoke $r0.<java.security.spec.ECParameterSpec: void <init>(java.security.spec.EllipticCurve,java.security.spec.ECPoint,java.math.BigInteger,int)>($r3, $r5, $r6, $i0)
		Method: <org.bouncycastle.jcajce.provider.asymmetric.util.EC5Util: java.security.spec.ECParameterSpec convertToSpec(org.bouncycastle.asn1.x9.X9ECParameters)>
		SHA-256: a4b7a5874d7ddc91e3fe1c6f80927286981244105f50c9286ac1b1cb27893d7d
		Secure: true

Findings in Java Class: org.matomo.sdk.tools.Checksum

	 in Method: java.lang.String getMD5Checksum(java.lang.String)
		ConstraintError violating CrySL rule for java.security.MessageDigest (on Object #eb640230ac11a95b3f9de5c4153a76f8cc7de881492ee35b09f20e3f0d2a9ab2)
			First parameter (with value "MD5") should be any of {SHA-256, SHA-384, SHA-512}
			at statement: $r1 = staticinvoke <java.security.MessageDigest: java.security.MessageDigest getInstance(java.lang.String)>(varReplacer8776)


	 in Method: java.lang.String getMD5Checksum(java.io.File)
		TypestateError violating CrySL rule for java.security.MessageDigest (on Object #3a426454cd29e75eb34c988f9220674b9f31a3999b489dd43c4baad96d65e298)
			Unexpected call to method <java.security.MessageDigest: byte[] digest()> on object of type java.security.MessageDigest. Expect a call to one of the following methods java.security.MessageDigest: void update(byte[],int,int),java.security.MessageDigest: void update(java.nio.ByteBuffer),java.security.MessageDigest: byte[] digest(byte[]),java.security.MessageDigest: void update(byte[]),java.security.MessageDigest: void update(byte)
			at statement: $r2 = virtualinvoke $r3.<java.security.MessageDigest: byte[] digest()>()

		ConstraintError violating CrySL rule for java.security.MessageDigest (on Object #3a426454cd29e75eb34c988f9220674b9f31a3999b489dd43c4baad96d65e298)
			First parameter (with value "MD5") should be any of {SHA-256, SHA-384, SHA-512}
			at statement: $r3 = staticinvoke <java.security.MessageDigest: java.security.MessageDigest getInstance(java.lang.String)>(varReplacer18199)


Findings in Java Class: com.itextpdf.io.font.cmap.CMapContentParser

	 in Method: com.itextpdf.io.font.cmap.CMapObject readDictionary()
		IncompleteOperationError violating CrySL rule for javax.crypto.spec.DHParameterSpec (on Object #17ea506228f5dc57471137e0b695352a3774e9c7e597031eeeb9157ef0e2b937)
			Operation on object of type javax.crypto.spec.DHParameterSpec object not completed. Expected call to init
			at statement: interfaceinvoke $r1.<java.util.Map: java.lang.Object put(java.lang.Object,java.lang.Object)>($r6, $r5)

		IncompleteOperationError violating CrySL rule for javax.crypto.spec.DHParameterSpec (on Object #c67a58db466f44792924e383c9800713831ce853e3ca81f3580a8d50f581e617)
			Operation on object of type javax.crypto.spec.DHParameterSpec object not completed. Expected call to init
			at statement: interfaceinvoke $r1.<java.util.Map: java.lang.Object put(java.lang.Object,java.lang.Object)>($r6, $r5)

		IncompleteOperationError violating CrySL rule for javax.crypto.spec.DHParameterSpec (on Object #9cdde17292729ed12e67e00ef32f20bc0ba0a50cc823d5bcab3268462fa45fcd)
			Operation on object of type org.bouncycastle.jcajce.spec.DHDomainParameterSpec object not completed. Expected call to init
			at statement: interfaceinvoke $r1.<java.util.Map: java.lang.Object put(java.lang.Object,java.lang.Object)>($r6, $r5)


Findings in Java Class: com.itextpdf.io.font.cmap.CMapParser

	 in Method: void parseCid(java.lang.String,com.itextpdf.io.font.cmap.AbstractCMap,com.itextpdf.io.font.cmap.ICMapLocation,int)
		IncompleteOperationError violating CrySL rule for javax.crypto.spec.DHParameterSpec (on Object #17ea506228f5dc57471137e0b695352a3774e9c7e597031eeeb9157ef0e2b937)
			Operation on object of type javax.crypto.spec.DHParameterSpec object not completed. Expected call to init
			at statement: $r11 = virtualinvoke $r12.<com.itextpdf.io.font.cmap.CMapObject: java.lang.Object getValue()>()

		IncompleteOperationError violating CrySL rule for javax.crypto.spec.DHParameterSpec (on Object #c67a58db466f44792924e383c9800713831ce853e3ca81f3580a8d50f581e617)
			Operation on object of type javax.crypto.spec.DHParameterSpec object not completed. Expected call to init
			at statement: $r11 = virtualinvoke $r12.<com.itextpdf.io.font.cmap.CMapObject: java.lang.Object getValue()>()

		IncompleteOperationError violating CrySL rule for javax.crypto.spec.DHParameterSpec (on Object #9cdde17292729ed12e67e00ef32f20bc0ba0a50cc823d5bcab3268462fa45fcd)
			Operation on object of type org.bouncycastle.jcajce.spec.DHDomainParameterSpec object not completed. Expected call to init
			at statement: $r11 = virtualinvoke $r12.<com.itextpdf.io.font.cmap.CMapObject: java.lang.Object getValue()>()

		IncompleteOperationError violating CrySL rule for javax.crypto.spec.DHParameterSpec (on Object #17ea506228f5dc57471137e0b695352a3774e9c7e597031eeeb9157ef0e2b937)
			Operation on object of type javax.crypto.spec.DHParameterSpec object not completed. Expected call to init
			at statement: $z0 = virtualinvoke $r12.<com.itextpdf.io.font.cmap.CMapObject: boolean isString()>()

		IncompleteOperationError violating CrySL rule for javax.crypto.spec.DHParameterSpec (on Object #17ea506228f5dc57471137e0b695352a3774e9c7e597031eeeb9157ef0e2b937)
			Operation on object of type javax.crypto.spec.DHParameterSpec object not completed. Expected call to init
			at statement: virtualinvoke $r7.<com.itextpdf.io.font.cmap.AbstractCMap: void addRange(java.lang.String,java.lang.String,com.itextpdf.io.font.cmap.CMapObject)>($r6, $r13, $r12)

		IncompleteOperationError violating CrySL rule for javax.crypto.spec.DHParameterSpec (on Object #9cdde17292729ed12e67e00ef32f20bc0ba0a50cc823d5bcab3268462fa45fcd)
			Operation on object of type org.bouncycastle.jcajce.spec.DHDomainParameterSpec object not completed. Expected call to init
			at statement: virtualinvoke $r7.<com.itextpdf.io.font.cmap.AbstractCMap: void addRange(java.lang.String,java.lang.String,com.itextpdf.io.font.cmap.CMapObject)>($r6, $r13, $r12)

		IncompleteOperationError violating CrySL rule for javax.crypto.spec.DHParameterSpec (on Object #17ea506228f5dc57471137e0b695352a3774e9c7e597031eeeb9157ef0e2b937)
			Operation on object of type javax.crypto.spec.DHParameterSpec object not completed. Expected call to init
			at statement: $z0 = virtualinvoke $r12.<com.itextpdf.io.font.cmap.CMapObject: boolean isString()>()

		IncompleteOperationError violating CrySL rule for javax.crypto.spec.DHParameterSpec (on Object #17ea506228f5dc57471137e0b695352a3774e9c7e597031eeeb9157ef0e2b937)
			Operation on object of type javax.crypto.spec.DHParameterSpec object not completed. Expected call to init
			at statement: $z0 = virtualinvoke $r12.<com.itextpdf.io.font.cmap.CMapObject: boolean isString()>()

		IncompleteOperationError violating CrySL rule for javax.crypto.spec.DHParameterSpec (on Object #9cdde17292729ed12e67e00ef32f20bc0ba0a50cc823d5bcab3268462fa45fcd)
			Operation on object of type org.bouncycastle.jcajce.spec.DHDomainParameterSpec object not completed. Expected call to init
			at statement: $z0 = virtualinvoke $r12.<com.itextpdf.io.font.cmap.CMapObject: boolean isString()>()

		IncompleteOperationError violating CrySL rule for javax.crypto.spec.DHParameterSpec (on Object #17ea506228f5dc57471137e0b695352a3774e9c7e597031eeeb9157ef0e2b937)
			Operation on object of type javax.crypto.spec.DHParameterSpec object not completed. Expected call to init
			at statement: $z0 = virtualinvoke $r12.<com.itextpdf.io.font.cmap.CMapObject: boolean isHexString()>()

		IncompleteOperationError violating CrySL rule for javax.crypto.spec.DHParameterSpec (on Object #17ea506228f5dc57471137e0b695352a3774e9c7e597031eeeb9157ef0e2b937)
			Operation on object of type javax.crypto.spec.DHParameterSpec object not completed. Expected call to init
			at statement: $z0 = virtualinvoke $r12.<com.itextpdf.io.font.cmap.CMapObject: boolean isHexString()>()

		IncompleteOperationError violating CrySL rule for javax.crypto.spec.DHParameterSpec (on Object #9cdde17292729ed12e67e00ef32f20bc0ba0a50cc823d5bcab3268462fa45fcd)
			Operation on object of type org.bouncycastle.jcajce.spec.DHDomainParameterSpec object not completed. Expected call to init
			at statement: $z0 = virtualinvoke $r12.<com.itextpdf.io.font.cmap.CMapObject: boolean isHexString()>()

		IncompleteOperationError violating CrySL rule for javax.crypto.spec.DHParameterSpec (on Object #c67a58db466f44792924e383c9800713831ce853e3ca81f3580a8d50f581e617)
			Operation on object of type javax.crypto.spec.DHParameterSpec object not completed. Expected call to init
			at statement: $z0 = virtualinvoke $r12.<com.itextpdf.io.font.cmap.CMapObject: boolean isHexString()>()

		IncompleteOperationError violating CrySL rule for javax.crypto.spec.DHParameterSpec (on Object #9cdde17292729ed12e67e00ef32f20bc0ba0a50cc823d5bcab3268462fa45fcd)
			Operation on object of type org.bouncycastle.jcajce.spec.DHDomainParameterSpec object not completed. Expected call to init
			at statement: $z0 = virtualinvoke $r12.<com.itextpdf.io.font.cmap.CMapObject: boolean isHexString()>()

		IncompleteOperationError violating CrySL rule for javax.crypto.spec.DHParameterSpec (on Object #c67a58db466f44792924e383c9800713831ce853e3ca81f3580a8d50f581e617)
			Operation on object of type javax.crypto.spec.DHParameterSpec object not completed. Expected call to init
			at statement: $z0 = virtualinvoke $r12.<com.itextpdf.io.font.cmap.CMapObject: boolean isHexString()>()

		IncompleteOperationError violating CrySL rule for javax.crypto.spec.DHParameterSpec (on Object #c67a58db466f44792924e383c9800713831ce853e3ca81f3580a8d50f581e617)
			Operation on object of type javax.crypto.spec.DHParameterSpec object not completed. Expected call to init
			at statement: virtualinvoke $r7.<com.itextpdf.io.font.cmap.AbstractCMap: void addRange(java.lang.String,java.lang.String,com.itextpdf.io.font.cmap.CMapObject)>($r6, $r13, $r12)

		IncompleteOperationError violating CrySL rule for javax.crypto.spec.DHParameterSpec (on Object #9cdde17292729ed12e67e00ef32f20bc0ba0a50cc823d5bcab3268462fa45fcd)
			Operation on object of type org.bouncycastle.jcajce.spec.DHDomainParameterSpec object not completed. Expected call to init
			at statement: $z0 = virtualinvoke $r12.<com.itextpdf.io.font.cmap.CMapObject: boolean isString()>()

		IncompleteOperationError violating CrySL rule for javax.crypto.spec.DHParameterSpec (on Object #c67a58db466f44792924e383c9800713831ce853e3ca81f3580a8d50f581e617)
			Operation on object of type javax.crypto.spec.DHParameterSpec object not completed. Expected call to init
			at statement: $z0 = virtualinvoke $r12.<com.itextpdf.io.font.cmap.CMapObject: boolean isString()>()

		IncompleteOperationError violating CrySL rule for javax.crypto.spec.DHParameterSpec (on Object #c67a58db466f44792924e383c9800713831ce853e3ca81f3580a8d50f581e617)
			Operation on object of type javax.crypto.spec.DHParameterSpec object not completed. Expected call to init
			at statement: $z0 = virtualinvoke $r12.<com.itextpdf.io.font.cmap.CMapObject: boolean isString()>()

		IncompleteOperationError violating CrySL rule for javax.crypto.spec.DHParameterSpec (on Object #c67a58db466f44792924e383c9800713831ce853e3ca81f3580a8d50f581e617)
			Operation on object of type javax.crypto.spec.DHParameterSpec object not completed. Expected call to init
			at statement: $z0 = virtualinvoke $r12.<com.itextpdf.io.font.cmap.CMapObject: boolean isString()>()

		IncompleteOperationError violating CrySL rule for javax.crypto.spec.DHParameterSpec (on Object #9cdde17292729ed12e67e00ef32f20bc0ba0a50cc823d5bcab3268462fa45fcd)
			Operation on object of type org.bouncycastle.jcajce.spec.DHDomainParameterSpec object not completed. Expected call to init
			at statement: $z0 = virtualinvoke $r12.<com.itextpdf.io.font.cmap.CMapObject: boolean isString()>()

		IncompleteOperationError violating CrySL rule for javax.crypto.spec.DHParameterSpec (on Object #17ea506228f5dc57471137e0b695352a3774e9c7e597031eeeb9157ef0e2b937)
			Operation on object of type javax.crypto.spec.DHParameterSpec object not completed. Expected call to init
			at statement: virtualinvoke $r7.<com.itextpdf.io.font.cmap.AbstractCMap: void addChar(java.lang.String,com.itextpdf.io.font.cmap.CMapObject)>($r6, $r12)

		IncompleteOperationError violating CrySL rule for javax.crypto.spec.DHParameterSpec (on Object #c67a58db466f44792924e383c9800713831ce853e3ca81f3580a8d50f581e617)
			Operation on object of type javax.crypto.spec.DHParameterSpec object not completed. Expected call to init
			at statement: virtualinvoke $r7.<com.itextpdf.io.font.cmap.AbstractCMap: void addChar(java.lang.String,com.itextpdf.io.font.cmap.CMapObject)>($r6, $r12)

		IncompleteOperationError violating CrySL rule for javax.crypto.spec.DHParameterSpec (on Object #9cdde17292729ed12e67e00ef32f20bc0ba0a50cc823d5bcab3268462fa45fcd)
			Operation on object of type org.bouncycastle.jcajce.spec.DHDomainParameterSpec object not completed. Expected call to init
			at statement: virtualinvoke $r7.<com.itextpdf.io.font.cmap.AbstractCMap: void addChar(java.lang.String,com.itextpdf.io.font.cmap.CMapObject)>($r6, $r12)

		IncompleteOperationError violating CrySL rule for javax.crypto.spec.DHParameterSpec (on Object #c67a58db466f44792924e383c9800713831ce853e3ca81f3580a8d50f581e617)
			Operation on object of type javax.crypto.spec.DHParameterSpec object not completed. Expected call to init
			at statement: $r6 = virtualinvoke $r12.<com.itextpdf.io.font.cmap.CMapObject: java.lang.String toString()>()

		IncompleteOperationError violating CrySL rule for javax.crypto.spec.DHParameterSpec (on Object #17ea506228f5dc57471137e0b695352a3774e9c7e597031eeeb9157ef0e2b937)
			Operation on object of type javax.crypto.spec.DHParameterSpec object not completed. Expected call to init
			at statement: $r6 = virtualinvoke $r12.<com.itextpdf.io.font.cmap.CMapObject: java.lang.String toString()>()

		IncompleteOperationError violating CrySL rule for javax.crypto.spec.DHParameterSpec (on Object #9cdde17292729ed12e67e00ef32f20bc0ba0a50cc823d5bcab3268462fa45fcd)
			Operation on object of type org.bouncycastle.jcajce.spec.DHDomainParameterSpec object not completed. Expected call to init
			at statement: $r6 = virtualinvoke $r12.<com.itextpdf.io.font.cmap.CMapObject: java.lang.String toString()>()

		IncompleteOperationError violating CrySL rule for javax.crypto.spec.DHParameterSpec (on Object #17ea506228f5dc57471137e0b695352a3774e9c7e597031eeeb9157ef0e2b937)
			Operation on object of type javax.crypto.spec.DHParameterSpec object not completed. Expected call to init
			at statement: $r6 = virtualinvoke $r12.<com.itextpdf.io.font.cmap.CMapObject: java.lang.String toString()>()

		IncompleteOperationError violating CrySL rule for javax.crypto.spec.DHParameterSpec (on Object #17ea506228f5dc57471137e0b695352a3774e9c7e597031eeeb9157ef0e2b937)
			Operation on object of type javax.crypto.spec.DHParameterSpec object not completed. Expected call to init
			at statement: $r6 = virtualinvoke $r12.<com.itextpdf.io.font.cmap.CMapObject: java.lang.String toString()>()

		IncompleteOperationError violating CrySL rule for javax.crypto.spec.DHParameterSpec (on Object #17ea506228f5dc57471137e0b695352a3774e9c7e597031eeeb9157ef0e2b937)
			Operation on object of type javax.crypto.spec.DHParameterSpec object not completed. Expected call to init
			at statement: $r13 = virtualinvoke $r12.<com.itextpdf.io.font.cmap.CMapObject: java.lang.String toString()>()

		IncompleteOperationError violating CrySL rule for javax.crypto.spec.DHParameterSpec (on Object #9cdde17292729ed12e67e00ef32f20bc0ba0a50cc823d5bcab3268462fa45fcd)
			Operation on object of type org.bouncycastle.jcajce.spec.DHDomainParameterSpec object not completed. Expected call to init
			at statement: $r6 = virtualinvoke $r12.<com.itextpdf.io.font.cmap.CMapObject: java.lang.String toString()>()

		IncompleteOperationError violating CrySL rule for javax.crypto.spec.DHParameterSpec (on Object #17ea506228f5dc57471137e0b695352a3774e9c7e597031eeeb9157ef0e2b937)
			Operation on object of type javax.crypto.spec.DHParameterSpec object not completed. Expected call to init
			at statement: $r6 = virtualinvoke $r12.<com.itextpdf.io.font.cmap.CMapObject: java.lang.String toString()>()

		IncompleteOperationError violating CrySL rule for javax.crypto.spec.DHParameterSpec (on Object #17ea506228f5dc57471137e0b695352a3774e9c7e597031eeeb9157ef0e2b937)
			Operation on object of type javax.crypto.spec.DHParameterSpec object not completed. Expected call to init
			at statement: $r6 = virtualinvoke $r12.<com.itextpdf.io.font.cmap.CMapObject: java.lang.String toString()>()

		IncompleteOperationError violating CrySL rule for javax.crypto.spec.DHParameterSpec (on Object #c67a58db466f44792924e383c9800713831ce853e3ca81f3580a8d50f581e617)
			Operation on object of type javax.crypto.spec.DHParameterSpec object not completed. Expected call to init
			at statement: $r6 = virtualinvoke $r12.<com.itextpdf.io.font.cmap.CMapObject: java.lang.String toString()>()

		IncompleteOperationError violating CrySL rule for javax.crypto.spec.DHParameterSpec (on Object #9cdde17292729ed12e67e00ef32f20bc0ba0a50cc823d5bcab3268462fa45fcd)
			Operation on object of type org.bouncycastle.jcajce.spec.DHDomainParameterSpec object not completed. Expected call to init
			at statement: $r13 = virtualinvoke $r12.<com.itextpdf.io.font.cmap.CMapObject: java.lang.String toString()>()

		IncompleteOperationError violating CrySL rule for javax.crypto.spec.DHParameterSpec (on Object #9cdde17292729ed12e67e00ef32f20bc0ba0a50cc823d5bcab3268462fa45fcd)
			Operation on object of type org.bouncycastle.jcajce.spec.DHDomainParameterSpec object not completed. Expected call to init
			at statement: $r6 = virtualinvoke $r12.<com.itextpdf.io.font.cmap.CMapObject: java.lang.String toString()>()

		IncompleteOperationError violating CrySL rule for javax.crypto.spec.DHParameterSpec (on Object #c67a58db466f44792924e383c9800713831ce853e3ca81f3580a8d50f581e617)
			Operation on object of type javax.crypto.spec.DHParameterSpec object not completed. Expected call to init
			at statement: $r6 = virtualinvoke $r12.<com.itextpdf.io.font.cmap.CMapObject: java.lang.String toString()>()

		IncompleteOperationError violating CrySL rule for javax.crypto.spec.DHParameterSpec (on Object #c67a58db466f44792924e383c9800713831ce853e3ca81f3580a8d50f581e617)
			Operation on object of type javax.crypto.spec.DHParameterSpec object not completed. Expected call to init
			at statement: $r6 = virtualinvoke $r12.<com.itextpdf.io.font.cmap.CMapObject: java.lang.String toString()>()

		IncompleteOperationError violating CrySL rule for javax.crypto.spec.DHParameterSpec (on Object #c67a58db466f44792924e383c9800713831ce853e3ca81f3580a8d50f581e617)
			Operation on object of type javax.crypto.spec.DHParameterSpec object not completed. Expected call to init
			at statement: $r6 = virtualinvoke $r12.<com.itextpdf.io.font.cmap.CMapObject: java.lang.String toString()>()

		IncompleteOperationError violating CrySL rule for javax.crypto.spec.DHParameterSpec (on Object #9cdde17292729ed12e67e00ef32f20bc0ba0a50cc823d5bcab3268462fa45fcd)
			Operation on object of type org.bouncycastle.jcajce.spec.DHDomainParameterSpec object not completed. Expected call to init
			at statement: $r6 = virtualinvoke $r12.<com.itextpdf.io.font.cmap.CMapObject: java.lang.String toString()>()

		IncompleteOperationError violating CrySL rule for javax.crypto.spec.DHParameterSpec (on Object #c67a58db466f44792924e383c9800713831ce853e3ca81f3580a8d50f581e617)
			Operation on object of type javax.crypto.spec.DHParameterSpec object not completed. Expected call to init
			at statement: $r13 = virtualinvoke $r12.<com.itextpdf.io.font.cmap.CMapObject: java.lang.String toString()>()

		IncompleteOperationError violating CrySL rule for javax.crypto.spec.DHParameterSpec (on Object #9cdde17292729ed12e67e00ef32f20bc0ba0a50cc823d5bcab3268462fa45fcd)
			Operation on object of type org.bouncycastle.jcajce.spec.DHDomainParameterSpec object not completed. Expected call to init
			at statement: $r6 = virtualinvoke $r12.<com.itextpdf.io.font.cmap.CMapObject: java.lang.String toString()>()

		IncompleteOperationError violating CrySL rule for javax.crypto.spec.DHParameterSpec (on Object #17ea506228f5dc57471137e0b695352a3774e9c7e597031eeeb9157ef0e2b937)
			Operation on object of type javax.crypto.spec.DHParameterSpec object not completed. Expected call to init
			at statement: $z0 = virtualinvoke $r12.<com.itextpdf.io.font.cmap.CMapObject: boolean isName()>()

		IncompleteOperationError violating CrySL rule for javax.crypto.spec.DHParameterSpec (on Object #c67a58db466f44792924e383c9800713831ce853e3ca81f3580a8d50f581e617)
			Operation on object of type javax.crypto.spec.DHParameterSpec object not completed. Expected call to init
			at statement: $z0 = virtualinvoke $r12.<com.itextpdf.io.font.cmap.CMapObject: boolean isName()>()

		IncompleteOperationError violating CrySL rule for javax.crypto.spec.DHParameterSpec (on Object #9cdde17292729ed12e67e00ef32f20bc0ba0a50cc823d5bcab3268462fa45fcd)
			Operation on object of type org.bouncycastle.jcajce.spec.DHDomainParameterSpec object not completed. Expected call to init
			at statement: $z0 = virtualinvoke $r12.<com.itextpdf.io.font.cmap.CMapObject: boolean isName()>()

		IncompleteOperationError violating CrySL rule for javax.crypto.spec.DHParameterSpec (on Object #17ea506228f5dc57471137e0b695352a3774e9c7e597031eeeb9157ef0e2b937)
			Operation on object of type javax.crypto.spec.DHParameterSpec object not completed. Expected call to init
			at statement: $r16 = virtualinvoke $r12.<com.itextpdf.io.font.cmap.CMapObject: byte[] toHexByteArray()>()

		IncompleteOperationError violating CrySL rule for javax.crypto.spec.DHParameterSpec (on Object #c67a58db466f44792924e383c9800713831ce853e3ca81f3580a8d50f581e617)
			Operation on object of type javax.crypto.spec.DHParameterSpec object not completed. Expected call to init
			at statement: $r16 = virtualinvoke $r12.<com.itextpdf.io.font.cmap.CMapObject: byte[] toHexByteArray()>()

		IncompleteOperationError violating CrySL rule for javax.crypto.spec.DHParameterSpec (on Object #9cdde17292729ed12e67e00ef32f20bc0ba0a50cc823d5bcab3268462fa45fcd)
			Operation on object of type org.bouncycastle.jcajce.spec.DHDomainParameterSpec object not completed. Expected call to init
			at statement: $r16 = virtualinvoke $r12.<com.itextpdf.io.font.cmap.CMapObject: byte[] toHexByteArray()>()


Findings in Java Class: com.todobom.opennotescanner.ImageProcessor

	 in Method: void handleMessage(android.os.Message)
		IncompleteOperationError violating CrySL rule for javax.crypto.spec.DHParameterSpec (on Object #17ea506228f5dc57471137e0b695352a3774e9c7e597031eeeb9157ef0e2b937)
			Operation on object of type javax.crypto.spec.DHParameterSpec object not completed. Expected call to init
			at statement: $r3 = virtualinvoke $r2.<java.lang.Object: java.lang.Class getClass()>()

		IncompleteOperationError violating CrySL rule for javax.crypto.spec.DHParameterSpec (on Object #c67a58db466f44792924e383c9800713831ce853e3ca81f3580a8d50f581e617)
			Operation on object of type javax.crypto.spec.DHParameterSpec object not completed. Expected call to init
			at statement: $r3 = virtualinvoke $r2.<java.lang.Object: java.lang.Class getClass()>()

		IncompleteOperationError violating CrySL rule for javax.crypto.spec.DHParameterSpec (on Object #9cdde17292729ed12e67e00ef32f20bc0ba0a50cc823d5bcab3268462fa45fcd)
			Operation on object of type org.bouncycastle.jcajce.spec.DHDomainParameterSpec object not completed. Expected call to init
			at statement: $r3 = virtualinvoke $r2.<java.lang.Object: java.lang.Class getClass()>()

		IncompleteOperationError violating CrySL rule for javax.crypto.spec.DHParameterSpec (on Object #17ea506228f5dc57471137e0b695352a3774e9c7e597031eeeb9157ef0e2b937)
			Operation on object of type javax.crypto.spec.DHParameterSpec object not completed. Expected call to init
			at statement: $r7 = virtualinvoke $r2.<java.lang.Object: java.lang.String toString()>()

		IncompleteOperationError violating CrySL rule for javax.crypto.spec.DHParameterSpec (on Object #c67a58db466f44792924e383c9800713831ce853e3ca81f3580a8d50f581e617)
			Operation on object of type javax.crypto.spec.DHParameterSpec object not completed. Expected call to init
			at statement: $r7 = virtualinvoke $r2.<java.lang.Object: java.lang.String toString()>()

		IncompleteOperationError violating CrySL rule for javax.crypto.spec.DHParameterSpec (on Object #9cdde17292729ed12e67e00ef32f20bc0ba0a50cc823d5bcab3268462fa45fcd)
			Operation on object of type org.bouncycastle.jcajce.spec.DHDomainParameterSpec object not completed. Expected call to init
			at statement: $r7 = virtualinvoke $r2.<java.lang.Object: java.lang.String toString()>()

		IncompleteOperationError violating CrySL rule for javax.crypto.spec.DHParameterSpec (on Object #17ea506228f5dc57471137e0b695352a3774e9c7e597031eeeb9157ef0e2b937)
			Operation on object of type javax.crypto.spec.DHParameterSpec object not completed. Expected call to init
			at statement: $r2 = virtualinvoke $r4.<com.todobom.opennotescanner.helpers.OpenNoteMessage: java.lang.Object getObj()>()

		IncompleteOperationError violating CrySL rule for javax.crypto.spec.DHParameterSpec (on Object #c67a58db466f44792924e383c9800713831ce853e3ca81f3580a8d50f581e617)
			Operation on object of type javax.crypto.spec.DHParameterSpec object not completed. Expected call to init
			at statement: $r2 = virtualinvoke $r4.<com.todobom.opennotescanner.helpers.OpenNoteMessage: java.lang.Object getObj()>()

		IncompleteOperationError violating CrySL rule for javax.crypto.spec.DHParameterSpec (on Object #9cdde17292729ed12e67e00ef32f20bc0ba0a50cc823d5bcab3268462fa45fcd)
			Operation on object of type org.bouncycastle.jcajce.spec.DHDomainParameterSpec object not completed. Expected call to init
			at statement: $r2 = virtualinvoke $r4.<com.todobom.opennotescanner.helpers.OpenNoteMessage: java.lang.Object getObj()>()


Findings in Java Class: com.itextpdf.kernel.xmp.impl.XMPMetaImpl

	 in Method: void setProperty(java.lang.String,java.lang.String,java.lang.Object,com.itextpdf.kernel.xmp.options.PropertyOptions)
		IncompleteOperationError violating CrySL rule for javax.crypto.spec.DHParameterSpec (on Object #17ea506228f5dc57471137e0b695352a3774e9c7e597031eeeb9157ef0e2b937)
			Operation on object of type javax.crypto.spec.DHParameterSpec object not completed. Expected call to init
			at statement: $r4 = staticinvoke <com.itextpdf.kernel.xmp.impl.XMPNodeUtils: com.itextpdf.kernel.xmp.options.PropertyOptions verifySetOptions(com.itextpdf.kernel.xmp.options.PropertyOptions,java.lang.Object)>($r4, $r3)

		IncompleteOperationError violating CrySL rule for javax.crypto.spec.DHParameterSpec (on Object #c67a58db466f44792924e383c9800713831ce853e3ca81f3580a8d50f581e617)
			Operation on object of type javax.crypto.spec.DHParameterSpec object not completed. Expected call to init
			at statement: $r4 = staticinvoke <com.itextpdf.kernel.xmp.impl.XMPNodeUtils: com.itextpdf.kernel.xmp.options.PropertyOptions verifySetOptions(com.itextpdf.kernel.xmp.options.PropertyOptions,java.lang.Object)>($r4, $r3)

		IncompleteOperationError violating CrySL rule for javax.crypto.spec.DHParameterSpec (on Object #9cdde17292729ed12e67e00ef32f20bc0ba0a50cc823d5bcab3268462fa45fcd)
			Operation on object of type org.bouncycastle.jcajce.spec.DHDomainParameterSpec object not completed. Expected call to init
			at statement: $r4 = staticinvoke <com.itextpdf.kernel.xmp.impl.XMPNodeUtils: com.itextpdf.kernel.xmp.options.PropertyOptions verifySetOptions(com.itextpdf.kernel.xmp.options.PropertyOptions,java.lang.Object)>($r4, $r3)


	 in Method: void doSetArrayItem(com.itextpdf.kernel.xmp.impl.XMPNode,int,java.lang.String,com.itextpdf.kernel.xmp.options.PropertyOptions,boolean)
		IncompleteOperationError violating CrySL rule for javax.crypto.spec.DHParameterSpec (on Object #17ea506228f5dc57471137e0b695352a3774e9c7e597031eeeb9157ef0e2b937)
			Operation on object of type javax.crypto.spec.DHParameterSpec object not completed. Expected call to init
			at statement: $r4 = staticinvoke <com.itextpdf.kernel.xmp.impl.XMPNodeUtils: com.itextpdf.kernel.xmp.options.PropertyOptions verifySetOptions(com.itextpdf.kernel.xmp.options.PropertyOptions,java.lang.Object)>($r4, $r3)

		IncompleteOperationError violating CrySL rule for javax.crypto.spec.DHParameterSpec (on Object #c67a58db466f44792924e383c9800713831ce853e3ca81f3580a8d50f581e617)
			Operation on object of type javax.crypto.spec.DHParameterSpec object not completed. Expected call to init
			at statement: $r4 = staticinvoke <com.itextpdf.kernel.xmp.impl.XMPNodeUtils: com.itextpdf.kernel.xmp.options.PropertyOptions verifySetOptions(com.itextpdf.kernel.xmp.options.PropertyOptions,java.lang.Object)>($r4, $r3)

		IncompleteOperationError violating CrySL rule for javax.crypto.spec.DHParameterSpec (on Object #9cdde17292729ed12e67e00ef32f20bc0ba0a50cc823d5bcab3268462fa45fcd)
			Operation on object of type org.bouncycastle.jcajce.spec.DHDomainParameterSpec object not completed. Expected call to init
			at statement: $r4 = staticinvoke <com.itextpdf.kernel.xmp.impl.XMPNodeUtils: com.itextpdf.kernel.xmp.options.PropertyOptions verifySetOptions(com.itextpdf.kernel.xmp.options.PropertyOptions,java.lang.Object)>($r4, $r3)


	 in Method: void setNode(com.itextpdf.kernel.xmp.impl.XMPNode,java.lang.Object,com.itextpdf.kernel.xmp.options.PropertyOptions,boolean)
		IncompleteOperationError violating CrySL rule for javax.crypto.spec.DHParameterSpec (on Object #17ea506228f5dc57471137e0b695352a3774e9c7e597031eeeb9157ef0e2b937)
			Operation on object of type javax.crypto.spec.DHParameterSpec object not completed. Expected call to init
			at statement: $r5 = virtualinvoke $r2.<java.lang.Object: java.lang.String toString()>()

		IncompleteOperationError violating CrySL rule for javax.crypto.spec.DHParameterSpec (on Object #c67a58db466f44792924e383c9800713831ce853e3ca81f3580a8d50f581e617)
			Operation on object of type javax.crypto.spec.DHParameterSpec object not completed. Expected call to init
			at statement: $r5 = virtualinvoke $r2.<java.lang.Object: java.lang.String toString()>()

		IncompleteOperationError violating CrySL rule for javax.crypto.spec.DHParameterSpec (on Object #9cdde17292729ed12e67e00ef32f20bc0ba0a50cc823d5bcab3268462fa45fcd)
			Operation on object of type org.bouncycastle.jcajce.spec.DHDomainParameterSpec object not completed. Expected call to init
			at statement: $r5 = virtualinvoke $r2.<java.lang.Object: java.lang.String toString()>()


	 in Method: void setPropertyInteger(java.lang.String,java.lang.String,int,com.itextpdf.kernel.xmp.options.PropertyOptions)
		IncompleteOperationError violating CrySL rule for javax.crypto.spec.DHParameterSpec (on Object #17ea506228f5dc57471137e0b695352a3774e9c7e597031eeeb9157ef0e2b937)
			Operation on object of type javax.crypto.spec.DHParameterSpec object not completed. Expected call to init
			at statement: virtualinvoke r0.<com.itextpdf.kernel.xmp.impl.XMPMetaImpl: void setProperty(java.lang.String,java.lang.String,java.lang.Object,com.itextpdf.kernel.xmp.options.PropertyOptions)>($r1, $r2, $r4, $r3)

		IncompleteOperationError violating CrySL rule for javax.crypto.spec.DHParameterSpec (on Object #c67a58db466f44792924e383c9800713831ce853e3ca81f3580a8d50f581e617)
			Operation on object of type javax.crypto.spec.DHParameterSpec object not completed. Expected call to init
			at statement: virtualinvoke r0.<com.itextpdf.kernel.xmp.impl.XMPMetaImpl: void setProperty(java.lang.String,java.lang.String,java.lang.Object,com.itextpdf.kernel.xmp.options.PropertyOptions)>($r1, $r2, $r4, $r3)

		IncompleteOperationError violating CrySL rule for javax.crypto.spec.DHParameterSpec (on Object #9cdde17292729ed12e67e00ef32f20bc0ba0a50cc823d5bcab3268462fa45fcd)
			Operation on object of type org.bouncycastle.jcajce.spec.DHDomainParameterSpec object not completed. Expected call to init
			at statement: virtualinvoke r0.<com.itextpdf.kernel.xmp.impl.XMPMetaImpl: void setProperty(java.lang.String,java.lang.String,java.lang.Object,com.itextpdf.kernel.xmp.options.PropertyOptions)>($r1, $r2, $r4, $r3)


	 in Method: void appendArrayItem(java.lang.String,java.lang.String,com.itextpdf.kernel.xmp.options.PropertyOptions,java.lang.String,com.itextpdf.kernel.xmp.options.PropertyOptions)
		IncompleteOperationError violating CrySL rule for javax.crypto.spec.DHParameterSpec (on Object #17ea506228f5dc57471137e0b695352a3774e9c7e597031eeeb9157ef0e2b937)
			Operation on object of type javax.crypto.spec.DHParameterSpec object not completed. Expected call to init
			at statement: $r5 = staticinvoke <com.itextpdf.kernel.xmp.impl.XMPNodeUtils: com.itextpdf.kernel.xmp.options.PropertyOptions verifySetOptions(com.itextpdf.kernel.xmp.options.PropertyOptions,java.lang.Object)>($r5, varReplacer28909)

		IncompleteOperationError violating CrySL rule for javax.crypto.spec.DHParameterSpec (on Object #c67a58db466f44792924e383c9800713831ce853e3ca81f3580a8d50f581e617)
			Operation on object of type javax.crypto.spec.DHParameterSpec object not completed. Expected call to init
			at statement: $r5 = staticinvoke <com.itextpdf.kernel.xmp.impl.XMPNodeUtils: com.itextpdf.kernel.xmp.options.PropertyOptions verifySetOptions(com.itextpdf.kernel.xmp.options.PropertyOptions,java.lang.Object)>($r5, varReplacer28909)

		IncompleteOperationError violating CrySL rule for javax.crypto.spec.DHParameterSpec (on Object #9cdde17292729ed12e67e00ef32f20bc0ba0a50cc823d5bcab3268462fa45fcd)
			Operation on object of type org.bouncycastle.jcajce.spec.DHDomainParameterSpec object not completed. Expected call to init
			at statement: $r5 = staticinvoke <com.itextpdf.kernel.xmp.impl.XMPNodeUtils: com.itextpdf.kernel.xmp.options.PropertyOptions verifySetOptions(com.itextpdf.kernel.xmp.options.PropertyOptions,java.lang.Object)>($r5, varReplacer28909)


Findings in Java Class: com.itextpdf.kernel.xmp.impl.XMPNodeUtils

	 in Method: com.itextpdf.kernel.xmp.options.PropertyOptions verifySetOptions(com.itextpdf.kernel.xmp.options.PropertyOptions,java.lang.Object)
		IncompleteOperationError violating CrySL rule for javax.crypto.spec.DHParameterSpec (on Object #17ea506228f5dc57471137e0b695352a3774e9c7e597031eeeb9157ef0e2b937)
			Operation on object of type javax.crypto.spec.DHParameterSpec object not completed. Expected call to init
			at statement: $r2 = virtualinvoke $r1.<java.lang.Object: java.lang.String toString()>()

		IncompleteOperationError violating CrySL rule for javax.crypto.spec.DHParameterSpec (on Object #c67a58db466f44792924e383c9800713831ce853e3ca81f3580a8d50f581e617)
			Operation on object of type javax.crypto.spec.DHParameterSpec object not completed. Expected call to init
			at statement: $r2 = virtualinvoke $r1.<java.lang.Object: java.lang.String toString()>()

		IncompleteOperationError violating CrySL rule for javax.crypto.spec.DHParameterSpec (on Object #9cdde17292729ed12e67e00ef32f20bc0ba0a50cc823d5bcab3268462fa45fcd)
			Operation on object of type org.bouncycastle.jcajce.spec.DHDomainParameterSpec object not completed. Expected call to init
			at statement: $r2 = virtualinvoke $r1.<java.lang.Object: java.lang.String toString()>()


Findings in Java Class: com.itextpdf.kernel.xmp.impl.XMPSchemaRegistryImpl

	 in Method: void registerAlias(java.lang.String,java.lang.String,java.lang.String,java.lang.String,com.itextpdf.kernel.xmp.options.AliasOptions)
		IncompleteOperationError violating CrySL rule for javax.crypto.spec.DHParameterSpec (on Object #17ea506228f5dc57471137e0b695352a3774e9c7e597031eeeb9157ef0e2b937)
			Operation on object of type javax.crypto.spec.DHParameterSpec object not completed. Expected call to init
			at statement: $r7 = staticinvoke <com.itextpdf.kernel.xmp.impl.XMPNodeUtils: com.itextpdf.kernel.xmp.options.PropertyOptions verifySetOptions(com.itextpdf.kernel.xmp.options.PropertyOptions,java.lang.Object)>($r7, varReplacer36218)

		IncompleteOperationError violating CrySL rule for javax.crypto.spec.DHParameterSpec (on Object #c67a58db466f44792924e383c9800713831ce853e3ca81f3580a8d50f581e617)
			Operation on object of type javax.crypto.spec.DHParameterSpec object not completed. Expected call to init
			at statement: $r7 = staticinvoke <com.itextpdf.kernel.xmp.impl.XMPNodeUtils: com.itextpdf.kernel.xmp.options.PropertyOptions verifySetOptions(com.itextpdf.kernel.xmp.options.PropertyOptions,java.lang.Object)>($r7, varReplacer36218)

		IncompleteOperationError violating CrySL rule for javax.crypto.spec.DHParameterSpec (on Object #9cdde17292729ed12e67e00ef32f20bc0ba0a50cc823d5bcab3268462fa45fcd)
			Operation on object of type org.bouncycastle.jcajce.spec.DHDomainParameterSpec object not completed. Expected call to init
			at statement: $r7 = staticinvoke <com.itextpdf.kernel.xmp.impl.XMPNodeUtils: com.itextpdf.kernel.xmp.options.PropertyOptions verifySetOptions(com.itextpdf.kernel.xmp.options.PropertyOptions,java.lang.Object)>($r7, varReplacer36218)


Findings in Java Class: androidx.core.graphics.drawable.IconCompat

	 in Method: int getResId()
		IncompleteOperationError violating CrySL rule for javax.crypto.spec.DHParameterSpec (on Object #17ea506228f5dc57471137e0b695352a3774e9c7e597031eeeb9157ef0e2b937)
			Operation on object of type javax.crypto.spec.DHParameterSpec object not completed. Expected call to init
			at statement: virtualinvoke $r4.<java.lang.StringBuilder: java.lang.StringBuilder append(java.lang.Object)>(r0)

		IncompleteOperationError violating CrySL rule for javax.crypto.spec.DHParameterSpec (on Object #c67a58db466f44792924e383c9800713831ce853e3ca81f3580a8d50f581e617)
			Operation on object of type javax.crypto.spec.DHParameterSpec object not completed. Expected call to init
			at statement: virtualinvoke $r4.<java.lang.StringBuilder: java.lang.StringBuilder append(java.lang.Object)>(r0)

		IncompleteOperationError violating CrySL rule for javax.crypto.spec.DHParameterSpec (on Object #9cdde17292729ed12e67e00ef32f20bc0ba0a50cc823d5bcab3268462fa45fcd)
			Operation on object of type org.bouncycastle.jcajce.spec.DHDomainParameterSpec object not completed. Expected call to init
			at statement: virtualinvoke $r4.<java.lang.StringBuilder: java.lang.StringBuilder append(java.lang.Object)>(r0)


	 in Method: java.lang.String getResPackage()
		IncompleteOperationError violating CrySL rule for javax.crypto.spec.DHParameterSpec (on Object #17ea506228f5dc57471137e0b695352a3774e9c7e597031eeeb9157ef0e2b937)
			Operation on object of type javax.crypto.spec.DHParameterSpec object not completed. Expected call to init
			at statement: virtualinvoke $r6.<java.lang.StringBuilder: java.lang.StringBuilder append(java.lang.Object)>(r0)

		IncompleteOperationError violating CrySL rule for javax.crypto.spec.DHParameterSpec (on Object #c67a58db466f44792924e383c9800713831ce853e3ca81f3580a8d50f581e617)
			Operation on object of type javax.crypto.spec.DHParameterSpec object not completed. Expected call to init
			at statement: virtualinvoke $r6.<java.lang.StringBuilder: java.lang.StringBuilder append(java.lang.Object)>(r0)

		IncompleteOperationError violating CrySL rule for javax.crypto.spec.DHParameterSpec (on Object #9cdde17292729ed12e67e00ef32f20bc0ba0a50cc823d5bcab3268462fa45fcd)
			Operation on object of type org.bouncycastle.jcajce.spec.DHDomainParameterSpec object not completed. Expected call to init
			at statement: virtualinvoke $r6.<java.lang.StringBuilder: java.lang.StringBuilder append(java.lang.Object)>(r0)


Findings in Java Class: com.itextpdf.kernel.xmp.impl.XMPMetaImpl$2

	 in Method: java.lang.String getValue()
		IncompleteOperationError violating CrySL rule for javax.crypto.spec.DHParameterSpec (on Object #17ea506228f5dc57471137e0b695352a3774e9c7e597031eeeb9157ef0e2b937)
			Operation on object of type javax.crypto.spec.DHParameterSpec object not completed. Expected call to init
			at statement: $r1 = virtualinvoke $r2.<java.lang.Object: java.lang.String toString()>()

		IncompleteOperationError violating CrySL rule for javax.crypto.spec.DHParameterSpec (on Object #c67a58db466f44792924e383c9800713831ce853e3ca81f3580a8d50f581e617)
			Operation on object of type javax.crypto.spec.DHParameterSpec object not completed. Expected call to init
			at statement: $r1 = virtualinvoke $r2.<java.lang.Object: java.lang.String toString()>()

		IncompleteOperationError violating CrySL rule for javax.crypto.spec.DHParameterSpec (on Object #9cdde17292729ed12e67e00ef32f20bc0ba0a50cc823d5bcab3268462fa45fcd)
			Operation on object of type org.bouncycastle.jcajce.spec.DHDomainParameterSpec object not completed. Expected call to init
			at statement: $r1 = virtualinvoke $r2.<java.lang.Object: java.lang.String toString()>()


Findings in Java Class: com.todobom.opennotescanner.OpenNoteScannerActivity

	 in Method: void issueProcessingOfTakenPicture()
		IncompleteOperationError violating CrySL rule for javax.crypto.spec.DHParameterSpec (on Object #17ea506228f5dc57471137e0b695352a3774e9c7e597031eeeb9157ef0e2b937)
			Operation on object of type javax.crypto.spec.DHParameterSpec object not completed. Expected call to init
			at statement: virtualinvoke r0.<com.todobom.opennotescanner.OpenNoteScannerActivity: void sendImageProcessorMessage(java.lang.String,java.lang.Object)>(varReplacer10802, $r1)

		IncompleteOperationError violating CrySL rule for javax.crypto.spec.DHParameterSpec (on Object #c67a58db466f44792924e383c9800713831ce853e3ca81f3580a8d50f581e617)
			Operation on object of type javax.crypto.spec.DHParameterSpec object not completed. Expected call to init
			at statement: virtualinvoke r0.<com.todobom.opennotescanner.OpenNoteScannerActivity: void sendImageProcessorMessage(java.lang.String,java.lang.Object)>(varReplacer10802, $r1)

		IncompleteOperationError violating CrySL rule for javax.crypto.spec.DHParameterSpec (on Object #9cdde17292729ed12e67e00ef32f20bc0ba0a50cc823d5bcab3268462fa45fcd)
			Operation on object of type org.bouncycastle.jcajce.spec.DHDomainParameterSpec object not completed. Expected call to init
			at statement: virtualinvoke r0.<com.todobom.opennotescanner.OpenNoteScannerActivity: void sendImageProcessorMessage(java.lang.String,java.lang.Object)>(varReplacer10802, $r1)


Findings in Java Class: com.itextpdf.kernel.pdf.PdfDocument

	 in Method: byte[] getXmpMetadata(boolean)
		IncompleteOperationError violating CrySL rule for javax.crypto.spec.DHParameterSpec (on Object #17ea506228f5dc57471137e0b695352a3774e9c7e597031eeeb9157ef0e2b937)
			Operation on object of type javax.crypto.spec.DHParameterSpec object not completed. Expected call to init
			at statement: interfaceinvoke $r3.<com.itextpdf.kernel.xmp.XMPMeta: void setProperty(java.lang.String,java.lang.String,java.lang.Object)>(varReplacer24661, varReplacer24662, $r5)

		IncompleteOperationError violating CrySL rule for javax.crypto.spec.DHParameterSpec (on Object #c67a58db466f44792924e383c9800713831ce853e3ca81f3580a8d50f581e617)
			Operation on object of type javax.crypto.spec.DHParameterSpec object not completed. Expected call to init
			at statement: interfaceinvoke $r3.<com.itextpdf.kernel.xmp.XMPMeta: void setProperty(java.lang.String,java.lang.String,java.lang.Object)>(varReplacer24661, varReplacer24662, $r5)

		IncompleteOperationError violating CrySL rule for javax.crypto.spec.DHParameterSpec (on Object #9cdde17292729ed12e67e00ef32f20bc0ba0a50cc823d5bcab3268462fa45fcd)
			Operation on object of type org.bouncycastle.jcajce.spec.DHDomainParameterSpec object not completed. Expected call to init
			at statement: interfaceinvoke $r3.<com.itextpdf.kernel.xmp.XMPMeta: void setProperty(java.lang.String,java.lang.String,java.lang.Object)>(varReplacer24661, varReplacer24662, $r5)


Findings in Java Class: com.google.zxing.RGBLuminanceSource

	 in Method: byte[] getRow(int,byte[])
		IncompleteOperationError violating CrySL rule for javax.crypto.spec.DHParameterSpec (on Object #17ea506228f5dc57471137e0b695352a3774e9c7e597031eeeb9157ef0e2b937)
			Operation on object of type javax.crypto.spec.DHParameterSpec object not completed. Expected call to init
			at statement: $i1 = virtualinvoke r0.<com.google.zxing.RGBLuminanceSource: int getHeight()>()

		IncompleteOperationError violating CrySL rule for javax.crypto.spec.DHParameterSpec (on Object #c67a58db466f44792924e383c9800713831ce853e3ca81f3580a8d50f581e617)
			Operation on object of type javax.crypto.spec.DHParameterSpec object not completed. Expected call to init
			at statement: $i1 = virtualinvoke r0.<com.google.zxing.RGBLuminanceSource: int getHeight()>()

		IncompleteOperationError violating CrySL rule for javax.crypto.spec.DHParameterSpec (on Object #9cdde17292729ed12e67e00ef32f20bc0ba0a50cc823d5bcab3268462fa45fcd)
			Operation on object of type org.bouncycastle.jcajce.spec.DHDomainParameterSpec object not completed. Expected call to init
			at statement: $i1 = virtualinvoke r0.<com.google.zxing.RGBLuminanceSource: int getHeight()>()


Findings in Java Class: com.todobom.opennotescanner.OpenNoteScannerActivity$7

	 in Method: void onClick(android.view.View)
		IncompleteOperationError violating CrySL rule for javax.crypto.spec.DHParameterSpec (on Object #17ea506228f5dc57471137e0b695352a3774e9c7e597031eeeb9157ef0e2b937)
			Operation on object of type javax.crypto.spec.DHParameterSpec object not completed. Expected call to init
			at statement: virtualinvoke $r2.<com.todobom.opennotescanner.OpenNoteScannerActivity: void sendImageProcessorMessage(java.lang.String,java.lang.Object)>(varReplacer23713, $r4)

		IncompleteOperationError violating CrySL rule for javax.crypto.spec.DHParameterSpec (on Object #c67a58db466f44792924e383c9800713831ce853e3ca81f3580a8d50f581e617)
			Operation on object of type javax.crypto.spec.DHParameterSpec object not completed. Expected call to init
			at statement: virtualinvoke $r2.<com.todobom.opennotescanner.OpenNoteScannerActivity: void sendImageProcessorMessage(java.lang.String,java.lang.Object)>(varReplacer23713, $r4)

		IncompleteOperationError violating CrySL rule for javax.crypto.spec.DHParameterSpec (on Object #9cdde17292729ed12e67e00ef32f20bc0ba0a50cc823d5bcab3268462fa45fcd)
			Operation on object of type org.bouncycastle.jcajce.spec.DHDomainParameterSpec object not completed. Expected call to init
			at statement: virtualinvoke $r2.<com.todobom.opennotescanner.OpenNoteScannerActivity: void sendImageProcessorMessage(java.lang.String,java.lang.Object)>(varReplacer23713, $r4)


Findings in Java Class: com.itextpdf.kernel.pdf.XmpMetaInfoConverter

	 in Method: void appendDocumentInfoToMetadata(com.itextpdf.kernel.pdf.PdfDocumentInfo,com.itextpdf.kernel.xmp.XMPMeta)
		IncompleteOperationError violating CrySL rule for javax.crypto.spec.DHParameterSpec (on Object #17ea506228f5dc57471137e0b695352a3774e9c7e597031eeeb9157ef0e2b937)
			Operation on object of type javax.crypto.spec.DHParameterSpec object not completed. Expected call to init
			at statement: staticinvoke <com.itextpdf.kernel.pdf.XmpMetaInfoConverter: void appendArrayItemIfDoesNotExist(com.itextpdf.kernel.xmp.XMPMeta,java.lang.String,java.lang.String,java.lang.String,int)>($r0, varReplacer24150, varReplacer24151, $r1, varReplacer24152)

		IncompleteOperationError violating CrySL rule for javax.crypto.spec.DHParameterSpec (on Object #c67a58db466f44792924e383c9800713831ce853e3ca81f3580a8d50f581e617)
			Operation on object of type javax.crypto.spec.DHParameterSpec object not completed. Expected call to init
			at statement: staticinvoke <com.itextpdf.kernel.pdf.XmpMetaInfoConverter: void appendArrayItemIfDoesNotExist(com.itextpdf.kernel.xmp.XMPMeta,java.lang.String,java.lang.String,java.lang.String,int)>($r0, varReplacer24150, varReplacer24151, $r1, varReplacer24152)

		IncompleteOperationError violating CrySL rule for javax.crypto.spec.DHParameterSpec (on Object #9cdde17292729ed12e67e00ef32f20bc0ba0a50cc823d5bcab3268462fa45fcd)
			Operation on object of type org.bouncycastle.jcajce.spec.DHDomainParameterSpec object not completed. Expected call to init
			at statement: staticinvoke <com.itextpdf.kernel.pdf.XmpMetaInfoConverter: void appendArrayItemIfDoesNotExist(com.itextpdf.kernel.xmp.XMPMeta,java.lang.String,java.lang.String,java.lang.String,int)>($r0, varReplacer24150, varReplacer24151, $r1, varReplacer24152)

		IncompleteOperationError violating CrySL rule for javax.crypto.spec.DHParameterSpec (on Object #17ea506228f5dc57471137e0b695352a3774e9c7e597031eeeb9157ef0e2b937)
			Operation on object of type javax.crypto.spec.DHParameterSpec object not completed. Expected call to init
			at statement: $i2 = virtualinvoke $r10.<java.lang.String: int length()>()

		IncompleteOperationError violating CrySL rule for javax.crypto.spec.DHParameterSpec (on Object #c67a58db466f44792924e383c9800713831ce853e3ca81f3580a8d50f581e617)
			Operation on object of type javax.crypto.spec.DHParameterSpec object not completed. Expected call to init
			at statement: $i2 = virtualinvoke $r10.<java.lang.String: int length()>()

		IncompleteOperationError violating CrySL rule for javax.crypto.spec.DHParameterSpec (on Object #9cdde17292729ed12e67e00ef32f20bc0ba0a50cc823d5bcab3268462fa45fcd)
			Operation on object of type org.bouncycastle.jcajce.spec.DHDomainParameterSpec object not completed. Expected call to init
			at statement: $i2 = virtualinvoke $r10.<java.lang.String: int length()>()

		IncompleteOperationError violating CrySL rule for javax.crypto.spec.DHParameterSpec (on Object #17ea506228f5dc57471137e0b695352a3774e9c7e597031eeeb9157ef0e2b937)
			Operation on object of type javax.crypto.spec.DHParameterSpec object not completed. Expected call to init
			at statement: $r12 = virtualinvoke $r10.<java.lang.String: java.lang.String[] split(java.lang.String)>(varReplacer24140)

		IncompleteOperationError violating CrySL rule for javax.crypto.spec.DHParameterSpec (on Object #c67a58db466f44792924e383c9800713831ce853e3ca81f3580a8d50f581e617)
			Operation on object of type javax.crypto.spec.DHParameterSpec object not completed. Expected call to init
			at statement: $r12 = virtualinvoke $r10.<java.lang.String: java.lang.String[] split(java.lang.String)>(varReplacer24140)

		IncompleteOperationError violating CrySL rule for javax.crypto.spec.DHParameterSpec (on Object #9cdde17292729ed12e67e00ef32f20bc0ba0a50cc823d5bcab3268462fa45fcd)
			Operation on object of type org.bouncycastle.jcajce.spec.DHDomainParameterSpec object not completed. Expected call to init
			at statement: $r12 = virtualinvoke $r10.<java.lang.String: java.lang.String[] split(java.lang.String)>(varReplacer24140)

		IncompleteOperationError violating CrySL rule for javax.crypto.spec.DHParameterSpec (on Object #17ea506228f5dc57471137e0b695352a3774e9c7e597031eeeb9157ef0e2b937)
			Operation on object of type javax.crypto.spec.DHParameterSpec object not completed. Expected call to init
			at statement: $r1 = $r10

		IncompleteOperationError violating CrySL rule for javax.crypto.spec.DHParameterSpec (on Object #c67a58db466f44792924e383c9800713831ce853e3ca81f3580a8d50f581e617)
			Operation on object of type javax.crypto.spec.DHParameterSpec object not completed. Expected call to init
			at statement: $r1 = $r10

		IncompleteOperationError violating CrySL rule for javax.crypto.spec.DHParameterSpec (on Object #9cdde17292729ed12e67e00ef32f20bc0ba0a50cc823d5bcab3268462fa45fcd)
			Operation on object of type org.bouncycastle.jcajce.spec.DHDomainParameterSpec object not completed. Expected call to init
			at statement: $r1 = $r10

		IncompleteOperationError violating CrySL rule for javax.crypto.spec.DHParameterSpec (on Object #17ea506228f5dc57471137e0b695352a3774e9c7e597031eeeb9157ef0e2b937)
			Operation on object of type javax.crypto.spec.DHParameterSpec object not completed. Expected call to init
			at statement: interfaceinvoke $r0.<com.itextpdf.kernel.xmp.XMPMeta: void setLocalizedText(java.lang.String,java.lang.String,java.lang.String,java.lang.String,java.lang.String)>(varReplacer24144, varReplacer24145, varReplacer24146, varReplacer24146, $r10)

		IncompleteOperationError violating CrySL rule for javax.crypto.spec.DHParameterSpec (on Object #17ea506228f5dc57471137e0b695352a3774e9c7e597031eeeb9157ef0e2b937)
			Operation on object of type javax.crypto.spec.DHParameterSpec object not completed. Expected call to init
			at statement: interfaceinvoke $r0.<com.itextpdf.kernel.xmp.XMPMeta: void setLocalizedText(java.lang.String,java.lang.String,java.lang.String,java.lang.String,java.lang.String)>(varReplacer24134, varReplacer24135, varReplacer24136, varReplacer24136, $r10)

		IncompleteOperationError violating CrySL rule for javax.crypto.spec.DHParameterSpec (on Object #c67a58db466f44792924e383c9800713831ce853e3ca81f3580a8d50f581e617)
			Operation on object of type javax.crypto.spec.DHParameterSpec object not completed. Expected call to init
			at statement: interfaceinvoke $r0.<com.itextpdf.kernel.xmp.XMPMeta: void setLocalizedText(java.lang.String,java.lang.String,java.lang.String,java.lang.String,java.lang.String)>(varReplacer24144, varReplacer24145, varReplacer24146, varReplacer24146, $r10)

		IncompleteOperationError violating CrySL rule for javax.crypto.spec.DHParameterSpec (on Object #c67a58db466f44792924e383c9800713831ce853e3ca81f3580a8d50f581e617)
			Operation on object of type javax.crypto.spec.DHParameterSpec object not completed. Expected call to init
			at statement: interfaceinvoke $r0.<com.itextpdf.kernel.xmp.XMPMeta: void setLocalizedText(java.lang.String,java.lang.String,java.lang.String,java.lang.String,java.lang.String)>(varReplacer24134, varReplacer24135, varReplacer24136, varReplacer24136, $r10)

		IncompleteOperationError violating CrySL rule for javax.crypto.spec.DHParameterSpec (on Object #9cdde17292729ed12e67e00ef32f20bc0ba0a50cc823d5bcab3268462fa45fcd)
			Operation on object of type org.bouncycastle.jcajce.spec.DHDomainParameterSpec object not completed. Expected call to init
			at statement: interfaceinvoke $r0.<com.itextpdf.kernel.xmp.XMPMeta: void setLocalizedText(java.lang.String,java.lang.String,java.lang.String,java.lang.String,java.lang.String)>(varReplacer24144, varReplacer24145, varReplacer24146, varReplacer24146, $r10)

		IncompleteOperationError violating CrySL rule for javax.crypto.spec.DHParameterSpec (on Object #9cdde17292729ed12e67e00ef32f20bc0ba0a50cc823d5bcab3268462fa45fcd)
			Operation on object of type org.bouncycastle.jcajce.spec.DHDomainParameterSpec object not completed. Expected call to init
			at statement: interfaceinvoke $r0.<com.itextpdf.kernel.xmp.XMPMeta: void setLocalizedText(java.lang.String,java.lang.String,java.lang.String,java.lang.String,java.lang.String)>(varReplacer24134, varReplacer24135, varReplacer24136, varReplacer24136, $r10)

		IncompleteOperationError violating CrySL rule for javax.crypto.spec.DHParameterSpec (on Object #17ea506228f5dc57471137e0b695352a3774e9c7e597031eeeb9157ef0e2b937)
			Operation on object of type javax.crypto.spec.DHParameterSpec object not completed. Expected call to init
			at statement: interfaceinvoke $r0.<com.itextpdf.kernel.xmp.XMPMeta: void setProperty(java.lang.String,java.lang.String,java.lang.Object)>(varReplacer24142, varReplacer24143, $r10)

		IncompleteOperationError violating CrySL rule for javax.crypto.spec.DHParameterSpec (on Object #17ea506228f5dc57471137e0b695352a3774e9c7e597031eeeb9157ef0e2b937)
			Operation on object of type javax.crypto.spec.DHParameterSpec object not completed. Expected call to init
			at statement: interfaceinvoke $r0.<com.itextpdf.kernel.xmp.XMPMeta: void setProperty(java.lang.String,java.lang.String,java.lang.Object)>(varReplacer24148, varReplacer24149, $r1)

		IncompleteOperationError violating CrySL rule for javax.crypto.spec.DHParameterSpec (on Object #9cdde17292729ed12e67e00ef32f20bc0ba0a50cc823d5bcab3268462fa45fcd)
			Operation on object of type org.bouncycastle.jcajce.spec.DHDomainParameterSpec object not completed. Expected call to init
			at statement: interfaceinvoke $r0.<com.itextpdf.kernel.xmp.XMPMeta: void setProperty(java.lang.String,java.lang.String,java.lang.Object)>(varReplacer24148, varReplacer24149, $r1)

		IncompleteOperationError violating CrySL rule for javax.crypto.spec.DHParameterSpec (on Object #c67a58db466f44792924e383c9800713831ce853e3ca81f3580a8d50f581e617)
			Operation on object of type javax.crypto.spec.DHParameterSpec object not completed. Expected call to init
			at statement: interfaceinvoke $r0.<com.itextpdf.kernel.xmp.XMPMeta: void setProperty(java.lang.String,java.lang.String,java.lang.Object)>(varReplacer24138, varReplacer24139, $r10)

		IncompleteOperationError violating CrySL rule for javax.crypto.spec.DHParameterSpec (on Object #17ea506228f5dc57471137e0b695352a3774e9c7e597031eeeb9157ef0e2b937)
			Operation on object of type javax.crypto.spec.DHParameterSpec object not completed. Expected call to init
			at statement: interfaceinvoke $r0.<com.itextpdf.kernel.xmp.XMPMeta: void setProperty(java.lang.String,java.lang.String,java.lang.Object)>(varReplacer24127, varReplacer24128, $r10)

		IncompleteOperationError violating CrySL rule for javax.crypto.spec.DHParameterSpec (on Object #17ea506228f5dc57471137e0b695352a3774e9c7e597031eeeb9157ef0e2b937)
			Operation on object of type javax.crypto.spec.DHParameterSpec object not completed. Expected call to init
			at statement: interfaceinvoke $r0.<com.itextpdf.kernel.xmp.XMPMeta: void setProperty(java.lang.String,java.lang.String,java.lang.Object)>(varReplacer24129, varReplacer24130, $r1)

		IncompleteOperationError violating CrySL rule for javax.crypto.spec.DHParameterSpec (on Object #9cdde17292729ed12e67e00ef32f20bc0ba0a50cc823d5bcab3268462fa45fcd)
			Operation on object of type org.bouncycastle.jcajce.spec.DHDomainParameterSpec object not completed. Expected call to init
			at statement: interfaceinvoke $r0.<com.itextpdf.kernel.xmp.XMPMeta: void setProperty(java.lang.String,java.lang.String,java.lang.Object)>(varReplacer24153, varReplacer24154, $r1)

		IncompleteOperationError violating CrySL rule for javax.crypto.spec.DHParameterSpec (on Object #17ea506228f5dc57471137e0b695352a3774e9c7e597031eeeb9157ef0e2b937)
			Operation on object of type javax.crypto.spec.DHParameterSpec object not completed. Expected call to init
			at statement: interfaceinvoke $r0.<com.itextpdf.kernel.xmp.XMPMeta: void setProperty(java.lang.String,java.lang.String,java.lang.Object)>(varReplacer24153, varReplacer24154, $r1)

		IncompleteOperationError violating CrySL rule for javax.crypto.spec.DHParameterSpec (on Object #17ea506228f5dc57471137e0b695352a3774e9c7e597031eeeb9157ef0e2b937)
			Operation on object of type javax.crypto.spec.DHParameterSpec object not completed. Expected call to init
			at statement: interfaceinvoke $r0.<com.itextpdf.kernel.xmp.XMPMeta: void setProperty(java.lang.String,java.lang.String,java.lang.Object)>(varReplacer24138, varReplacer24139, $r10)

		IncompleteOperationError violating CrySL rule for javax.crypto.spec.DHParameterSpec (on Object #9cdde17292729ed12e67e00ef32f20bc0ba0a50cc823d5bcab3268462fa45fcd)
			Operation on object of type org.bouncycastle.jcajce.spec.DHDomainParameterSpec object not completed. Expected call to init
			at statement: interfaceinvoke $r0.<com.itextpdf.kernel.xmp.XMPMeta: void setProperty(java.lang.String,java.lang.String,java.lang.Object)>(varReplacer24142, varReplacer24143, $r10)

		IncompleteOperationError violating CrySL rule for javax.crypto.spec.DHParameterSpec (on Object #c67a58db466f44792924e383c9800713831ce853e3ca81f3580a8d50f581e617)
			Operation on object of type javax.crypto.spec.DHParameterSpec object not completed. Expected call to init
			at statement: interfaceinvoke $r0.<com.itextpdf.kernel.xmp.XMPMeta: void setProperty(java.lang.String,java.lang.String,java.lang.Object)>(varReplacer24148, varReplacer24149, $r1)

		IncompleteOperationError violating CrySL rule for javax.crypto.spec.DHParameterSpec (on Object #c67a58db466f44792924e383c9800713831ce853e3ca81f3580a8d50f581e617)
			Operation on object of type javax.crypto.spec.DHParameterSpec object not completed. Expected call to init
			at statement: interfaceinvoke $r0.<com.itextpdf.kernel.xmp.XMPMeta: void setProperty(java.lang.String,java.lang.String,java.lang.Object)>(varReplacer24142, varReplacer24143, $r10)

		IncompleteOperationError violating CrySL rule for javax.crypto.spec.DHParameterSpec (on Object #c67a58db466f44792924e383c9800713831ce853e3ca81f3580a8d50f581e617)
			Operation on object of type javax.crypto.spec.DHParameterSpec object not completed. Expected call to init
			at statement: interfaceinvoke $r0.<com.itextpdf.kernel.xmp.XMPMeta: void setProperty(java.lang.String,java.lang.String,java.lang.Object)>(varReplacer24153, varReplacer24154, $r1)

		IncompleteOperationError violating CrySL rule for javax.crypto.spec.DHParameterSpec (on Object #c67a58db466f44792924e383c9800713831ce853e3ca81f3580a8d50f581e617)
			Operation on object of type javax.crypto.spec.DHParameterSpec object not completed. Expected call to init
			at statement: interfaceinvoke $r0.<com.itextpdf.kernel.xmp.XMPMeta: void setProperty(java.lang.String,java.lang.String,java.lang.Object)>(varReplacer24127, varReplacer24128, $r10)

		IncompleteOperationError violating CrySL rule for javax.crypto.spec.DHParameterSpec (on Object #c67a58db466f44792924e383c9800713831ce853e3ca81f3580a8d50f581e617)
			Operation on object of type javax.crypto.spec.DHParameterSpec object not completed. Expected call to init
			at statement: interfaceinvoke $r0.<com.itextpdf.kernel.xmp.XMPMeta: void setProperty(java.lang.String,java.lang.String,java.lang.Object)>(varReplacer24129, varReplacer24130, $r1)

		IncompleteOperationError violating CrySL rule for javax.crypto.spec.DHParameterSpec (on Object #9cdde17292729ed12e67e00ef32f20bc0ba0a50cc823d5bcab3268462fa45fcd)
			Operation on object of type org.bouncycastle.jcajce.spec.DHDomainParameterSpec object not completed. Expected call to init
			at statement: interfaceinvoke $r0.<com.itextpdf.kernel.xmp.XMPMeta: void setProperty(java.lang.String,java.lang.String,java.lang.Object)>(varReplacer24129, varReplacer24130, $r1)

		IncompleteOperationError violating CrySL rule for javax.crypto.spec.DHParameterSpec (on Object #9cdde17292729ed12e67e00ef32f20bc0ba0a50cc823d5bcab3268462fa45fcd)
			Operation on object of type org.bouncycastle.jcajce.spec.DHDomainParameterSpec object not completed. Expected call to init
			at statement: interfaceinvoke $r0.<com.itextpdf.kernel.xmp.XMPMeta: void setProperty(java.lang.String,java.lang.String,java.lang.Object)>(varReplacer24127, varReplacer24128, $r10)

		IncompleteOperationError violating CrySL rule for javax.crypto.spec.DHParameterSpec (on Object #9cdde17292729ed12e67e00ef32f20bc0ba0a50cc823d5bcab3268462fa45fcd)
			Operation on object of type org.bouncycastle.jcajce.spec.DHDomainParameterSpec object not completed. Expected call to init
			at statement: interfaceinvoke $r0.<com.itextpdf.kernel.xmp.XMPMeta: void setProperty(java.lang.String,java.lang.String,java.lang.Object)>(varReplacer24138, varReplacer24139, $r10)


Findings in Java Class: com.todobom.opennotescanner.OpenNoteScannerActivity$6

	 in Method: void onClick(android.view.View)
		IncompleteOperationError violating CrySL rule for javax.crypto.spec.DHParameterSpec (on Object #17ea506228f5dc57471137e0b695352a3774e9c7e597031eeeb9157ef0e2b937)
			Operation on object of type javax.crypto.spec.DHParameterSpec object not completed. Expected call to init
			at statement: virtualinvoke $r2.<com.todobom.opennotescanner.OpenNoteScannerActivity: void sendImageProcessorMessage(java.lang.String,java.lang.Object)>(varReplacer23726, $r4)

		IncompleteOperationError violating CrySL rule for javax.crypto.spec.DHParameterSpec (on Object #c67a58db466f44792924e383c9800713831ce853e3ca81f3580a8d50f581e617)
			Operation on object of type javax.crypto.spec.DHParameterSpec object not completed. Expected call to init
			at statement: virtualinvoke $r2.<com.todobom.opennotescanner.OpenNoteScannerActivity: void sendImageProcessorMessage(java.lang.String,java.lang.Object)>(varReplacer23726, $r4)

		IncompleteOperationError violating CrySL rule for javax.crypto.spec.DHParameterSpec (on Object #9cdde17292729ed12e67e00ef32f20bc0ba0a50cc823d5bcab3268462fa45fcd)
			Operation on object of type org.bouncycastle.jcajce.spec.DHDomainParameterSpec object not completed. Expected call to init
			at statement: virtualinvoke $r2.<com.todobom.opennotescanner.OpenNoteScannerActivity: void sendImageProcessorMessage(java.lang.String,java.lang.Object)>(varReplacer23726, $r4)


Findings in Java Class: com.google.zxing.PlanarYUVLuminanceSource

	 in Method: byte[] getRow(int,byte[])
		IncompleteOperationError violating CrySL rule for javax.crypto.spec.DHParameterSpec (on Object #17ea506228f5dc57471137e0b695352a3774e9c7e597031eeeb9157ef0e2b937)
			Operation on object of type javax.crypto.spec.DHParameterSpec object not completed. Expected call to init
			at statement: $i1 = virtualinvoke r0.<com.google.zxing.PlanarYUVLuminanceSource: int getHeight()>()

		IncompleteOperationError violating CrySL rule for javax.crypto.spec.DHParameterSpec (on Object #c67a58db466f44792924e383c9800713831ce853e3ca81f3580a8d50f581e617)
			Operation on object of type javax.crypto.spec.DHParameterSpec object not completed. Expected call to init
			at statement: $i1 = virtualinvoke r0.<com.google.zxing.PlanarYUVLuminanceSource: int getHeight()>()

		IncompleteOperationError violating CrySL rule for javax.crypto.spec.DHParameterSpec (on Object #9cdde17292729ed12e67e00ef32f20bc0ba0a50cc823d5bcab3268462fa45fcd)
			Operation on object of type org.bouncycastle.jcajce.spec.DHDomainParameterSpec object not completed. Expected call to init
			at statement: $i1 = virtualinvoke r0.<com.google.zxing.PlanarYUVLuminanceSource: int getHeight()>()


Findings in Java Class: com.nostra13.universalimageloader.cache.disc.naming.Md5FileNameGenerator

	 in Method: byte[] getMD5(byte[])
		ConstraintError violating CrySL rule for java.security.MessageDigest (on Object #5ea1ac6fdb019e8d7201e770e9baca0069f7874f5f8a24bf52cf9546f102b7ee)
			First parameter (with value "MD5") should be any of {SHA-256, SHA-384, SHA-512}
			at statement: $r2 = staticinvoke <java.security.MessageDigest: java.security.MessageDigest getInstance(java.lang.String)>(varReplacer23059)


Findings in Java Class: org.bouncycastle.x509.AttributeCertificateHolder

	 in Method: boolean match(java.security.cert.Certificate)
		TypestateError violating CrySL rule for java.security.MessageDigest (on Object #83fb7360c0f06aff899696e5a7107deb200c2e01623a97350487cd08e41a6d45)
			Unexpected call to method <java.security.MessageDigest: byte[] digest()> on object of type java.security.MessageDigest. Expect a call to one of the following methods java.security.MessageDigest: void update(byte[],int,int),java.security.MessageDigest: void update(java.nio.ByteBuffer),java.security.MessageDigest: byte[] digest(byte[]),java.security.MessageDigest: void update(byte[]),java.security.MessageDigest: void update(byte)
			at statement: $r15 = virtualinvoke $r14.<java.security.MessageDigest: byte[] digest()>()


Findings in Java Class: org.bouncycastle.operator.jcajce.JcaDigestCalculatorProviderBuilder$1

	 in Method: org.bouncycastle.operator.DigestCalculator get(org.bouncycastle.asn1.x509.AlgorithmIdentifier)
		IncompleteOperationError violating CrySL rule for java.security.MessageDigest (on Object #4426af26dc3fc58a067c5a58b3c0542c3dfa1bc92e57d2921b3ab11f647f0193)
			Operation on object of type java.security.MessageDigest object not completed. Expected call to digest, update
			at statement: specialinvoke $r6.<org.bouncycastle.operator.jcajce.JcaDigestCalculatorProviderBuilder$1$1: void <init>(org.bouncycastle.operator.jcajce.JcaDigestCalculatorProviderBuilder$1,org.bouncycastle.asn1.x509.AlgorithmIdentifier,org.bouncycastle.operator.jcajce.JcaDigestCalculatorProviderBuilder$DigestOutputStream)>(r0, $r1, $r5)

		IncompleteOperationError violating CrySL rule for java.security.MessageDigest (on Object #d5732c60dfdd260fa2584e01723a020872061316c1136df9f421e4c02f29b5db)
			Operation on object of type java.security.MessageDigest object not completed. Expected call to digest, update
			at statement: specialinvoke $r6.<org.bouncycastle.operator.jcajce.JcaDigestCalculatorProviderBuilder$1$1: void <init>(org.bouncycastle.operator.jcajce.JcaDigestCalculatorProviderBuilder$1,org.bouncycastle.asn1.x509.AlgorithmIdentifier,org.bouncycastle.operator.jcajce.JcaDigestCalculatorProviderBuilder$DigestOutputStream)>(r0, $r1, $r5)

		IncompleteOperationError violating CrySL rule for java.security.MessageDigest (on Object #b0d5cd113028009cca34a566f603cb63613569a1586081066100dacfc7c80673)
			Operation on object of type java.security.MessageDigest object not completed. Expected call to digest, update
			at statement: specialinvoke $r6.<org.bouncycastle.operator.jcajce.JcaDigestCalculatorProviderBuilder$1$1: void <init>(org.bouncycastle.operator.jcajce.JcaDigestCalculatorProviderBuilder$1,org.bouncycastle.asn1.x509.AlgorithmIdentifier,org.bouncycastle.operator.jcajce.JcaDigestCalculatorProviderBuilder$DigestOutputStream)>(r0, $r1, $r5)


Findings in Java Class: org.bouncycastle.cert.crmf.jcajce.JcePKMACValuesCalculator

	 in Method: byte[] calculateMac(byte[],byte[])
		RequiredPredicateError violating CrySL rule for javax.crypto.spec.SecretKeySpec
			First parameter was not properly generated as preparedKeyMaterial
			at statement: specialinvoke $r9.<javax.crypto.spec.SecretKeySpec: void <init>(byte[],java.lang.String)>($r1, $r6)


======================= CryptoAnalysis Summary ==========================
	Number of CrySL rules: 49
	Number of Objects Analyzed: 28

	CryptoAnalysis found the following violations. For details see description above.
	RequiredPredicateError: 1
	IncompleteOperationError: 147
	ConstraintError: 3
	TypestateError: 2
=====================================================================
