0    [main] WARN  pes.access.impl.DeclaredTypeFactory  - --- xtext.common.types ---------------------------------------------------
1    [main] WARN  pes.access.impl.DeclaredTypeFactory  - ASM library is too old. Falling back to java.lang.reflect API.
1    [main] WARN  pes.access.impl.DeclaredTypeFactory  - Please note that no information about compile time constants is available.
1    [main] WARN  pes.access.impl.DeclaredTypeFactory  - It's recommended to use org.objectweb.asm 9.1.0 or better (Maven group id: org.ow2.asm).
1    [main] WARN  pes.access.impl.DeclaredTypeFactory  - --------------------------------------------------------------------------
Ruleset: 
	java.security.cert.TrustAnchor
	javax.crypto.spec.GCMParameterSpec
	javax.xml.crypto.dsig.spec.HMACParameterSpec
	java.security.KeyPair
	java.security.DigestOutputStream
	javax.net.ssl.KeyStoreBuilderParameters
	javax.crypto.spec.OAEPParameterSpec
	javax.net.ssl.SSLContext
	javax.crypto.spec.DHGenParameterSpec
	javax.crypto.CipherOutputStream
	java.security.Key
	javax.crypto.SecretKeyFactory
	java.security.cert.PKIXBuilderParameters
	java.security.KeyFactory
	javax.crypto.spec.PBEKeySpec
	java.security.spec.DSAGenParameterSpec
	java.security.KeyPairGenerator
	javax.crypto.CipherInputStream
	javax.net.ssl.CertPathTrustManagerParameters
	java.security.cert.CertificateFactory
	java.security.SecureRandom
	java.security.spec.MGF1ParameterSpec
	javax.net.ssl.SSLEngine
	javax.crypto.spec.DHParameterSpec
	java.security.spec.DSAParameterSpec
	java.security.spec.ECParameterSpec
	java.security.spec.RSAKeyGenParameterSpec
	javax.crypto.spec.IvParameterSpec
	javax.crypto.Cipher
	javax.crypto.spec.PBEParameterSpec
	java.security.AlgorithmParameterGenerator
	java.security.spec.X509EncodedKeySpec
	javax.net.ssl.TrustManagerFactory
	java.security.DigestInputStream
	void
	javax.net.ssl.KeyManagerFactory
	java.security.cert.PKIXParameters
	java.net.PasswordAuthentication
	java.security.AlgorithmParameters
	javax.crypto.KeyAgreement
	javax.crypto.spec.SecretKeySpec
	javax.net.ssl.SSLParameters
	java.security.MessageDigest
	javax.crypto.SecretKey
	javax.crypto.KeyGenerator
	java.security.KeyStore
	javax.crypto.Mac
	java.security.spec.ECGenParameterSpec
	java.security.Signature

Analyzed Objects: 
	Object:
		Variable: $r0
		Type: java.security.SecureRandom
		Statement: specialinvoke $r0.<java.security.SecureRandom: void <init>()>()
		Method: <Crypto: void <clinit>()>
		SHA-256: 967056dd7b89588adf179ac44c017a653290bd360b6e3de9d3da9a1240ca8b53
		Secure: true
	Object:
		Variable: $r8
		Type: javax.crypto.spec.IvParameterSpec
		Statement: specialinvoke $r8.<javax.crypto.spec.IvParameterSpec: void <init>(byte[])>($r5)
		Method: <Crypto: java.lang.String encrypt(java.lang.String,java.lang.String)>
		SHA-256: 54bf409811b3eafacc9318efb9f671dac32bd33e5f5e085e5f16a53c54cf0ad0
		Secure: false
	Object:
		Variable: $r4
		Type: javax.crypto.Cipher
		Statement: $r4 = staticinvoke <javax.crypto.Cipher: javax.crypto.Cipher getInstance(java.lang.String)>(varReplacer1955)
		Method: <Crypto: java.lang.String encrypt(java.lang.String,java.lang.String)>
		SHA-256: 3b13716858a97469cb1ef2dd3fb03f5d0996bc54f9a13a54c82a82ccc8bcf942
		Secure: false
	Object:
		Variable: $r2
		Type: javax.crypto.spec.PBEKeySpec
		Statement: specialinvoke $r2.<javax.crypto.spec.PBEKeySpec: void <init>(char[],byte[],int,int)>($r3, $r0, $i2, $i0)
		Method: <Crypto: javax.crypto.SecretKey deriveKeyPbkdf2(byte[],java.lang.String)>
		SHA-256: aa553d548b3ea67b5431c9e7697a1ef61a8f5f6361e7a7a54017eeacfbb87efa
		Secure: false
	Object:
		Variable: varReplacer2167
		Type: java.lang.String
		Statement: specialinvoke $r8.<javax.crypto.spec.SecretKeySpec: void <init>(byte[],java.lang.String)>($r0, varReplacer2167)
		Method: <Crypto: javax.crypto.SecretKey deriveKeyPbkdf2(byte[],java.lang.String)>
		SHA-256: 96d36c6ac87d0d64cac61f8a0df58750697c5bf5136b711708a6b3d8cb82485d
		Secure: false
	Object:
		Variable: $r4
		Type: javax.crypto.spec.IvParameterSpec
		Statement: specialinvoke $r4.<javax.crypto.spec.IvParameterSpec: void <init>(byte[])>($r2)
		Method: <Crypto: java.lang.String decrypt(byte[],javax.crypto.SecretKey,byte[])>
		SHA-256: f0752d1a5290a2db7a2f6bdd01acd3f26a2cb4603c502c88329574d4d8245e6c
		Secure: false
	Object:
		Variable: $r3
		Type: javax.crypto.Cipher
		Statement: $r3 = staticinvoke <javax.crypto.Cipher: javax.crypto.Cipher getInstance(java.lang.String)>(varReplacer2162)
		Method: <Crypto: java.lang.String decrypt(byte[],javax.crypto.SecretKey,byte[])>
		SHA-256: d5642e0a556860e08fb1ba38a3bed319ccf8c0782821bfd051e603fbf9ee39e
		Secure: false
	Object:
		Variable: $r4
		Type: javax.crypto.SecretKeyFactory
		Statement: $r4 = staticinvoke <javax.crypto.SecretKeyFactory: javax.crypto.SecretKeyFactory getInstance(java.lang.String)>(varReplacer2166)
		Method: <Crypto: javax.crypto.SecretKey deriveKeyPbkdf2(byte[],java.lang.String)>
		SHA-256: 415be581d005c8642fc490a3908b5cc97da716e86813c239db1d2a2b1c111962
		Secure: false
	Object:
		Variable: $i0
		Type: int
		Statement: specialinvoke $r2.<javax.crypto.spec.PBEKeySpec: void <init>(char[],byte[],int,int)>($r3, $r0, $i2, $i0)
		Method: <Crypto: javax.crypto.SecretKey deriveKeyPbkdf2(byte[],java.lang.String)>
		SHA-256: b4f58cb20db0faf8deb07388509abc093742c6f11043f824fd6aad2124153046
		Secure: false
	Object:
		Variable: $r5
		Type: javax.crypto.SecretKey
		Statement: $r5 = virtualinvoke $r4.<javax.crypto.SecretKeyFactory: javax.crypto.SecretKey generateSecret(java.security.spec.KeySpec)>($r2)
		Method: <Crypto: javax.crypto.SecretKey deriveKeyPbkdf2(byte[],java.lang.String)>
		SHA-256: d7bf6ff59a489609246d1e4f18d3c8cf0fd09bc122f02e841c71dc61fc1b482a
		Secure: false
	Object:
		Variable: $r8
		Type: javax.crypto.spec.SecretKeySpec
		Statement: specialinvoke $r8.<javax.crypto.spec.SecretKeySpec: void <init>(byte[],java.lang.String)>($r0, varReplacer2167)
		Method: <Crypto: javax.crypto.SecretKey deriveKeyPbkdf2(byte[],java.lang.String)>
		SHA-256: 4f3bbeff50c3ec7ecd11ac418fbfd2713fbe06636dfe6307350f3c10f099d5c1
		Secure: false

Findings in Java Class: Crypto

	 in Method: java.lang.String encrypt(java.lang.String,java.lang.String)
		RequiredPredicateError violating CrySL rule for javax.crypto.Cipher
			Second parameter was not properly generated as generatedKey
			at statement: virtualinvoke $r4.<javax.crypto.Cipher: void init(int,java.security.Key,java.security.spec.AlgorithmParameterSpec)>(varReplacer1952, $r3, $r8)

		RequiredPredicateError violating CrySL rule for javax.crypto.Cipher
			Third parameter was not properly generated as preparedIV [ with CBC, It's required to use IVParameterSpec]
			at statement: virtualinvoke $r4.<javax.crypto.Cipher: void init(int,java.security.Key,java.security.spec.AlgorithmParameterSpec)>(varReplacer1952, $r3, $r8)

		TypestateError violating CrySL rule for javax.crypto.Cipher (on Object #3b13716858a97469cb1ef2dd3fb03f5d0996bc54f9a13a54c82a82ccc8bcf942)
			Unexpected call to method doFinal on object of type javax.crypto.Cipher. Expect a call to one of the following methods init,updateAAD
			at statement: $r9 = virtualinvoke $r4.<javax.crypto.Cipher: byte[] doFinal(byte[])>($r9)

		RequiredPredicateError violating CrySL rule for javax.crypto.spec.IvParameterSpec
			First parameter was not properly generated as randomized
			at statement: specialinvoke $r8.<javax.crypto.spec.IvParameterSpec: void <init>(byte[])>($r5)


	 in Method: java.lang.String decrypt(byte[],javax.crypto.SecretKey,byte[])
		TypestateError violating CrySL rule for javax.crypto.Cipher (on Object #d5642e0a556860e08fb1ba38a3bed319ccf8c0782821bfd051e603fbf9ee39e)
			Unexpected call to method doFinal on object of type javax.crypto.Cipher. Expect a call to one of the following methods init,updateAAD
			at statement: $r0 = virtualinvoke $r3.<javax.crypto.Cipher: byte[] doFinal(byte[])>($r0)

		RequiredPredicateError violating CrySL rule for javax.crypto.spec.IvParameterSpec
			First parameter was not properly generated as randomized
			at statement: specialinvoke $r4.<javax.crypto.spec.IvParameterSpec: void <init>(byte[])>($r2)

		RequiredPredicateError violating CrySL rule for javax.crypto.Cipher
			Second parameter was not properly generated as generatedKey
			at statement: virtualinvoke $r3.<javax.crypto.Cipher: void init(int,java.security.Key,java.security.spec.AlgorithmParameterSpec)>(varReplacer2165, $r1, $r4)


	 in Method: javax.crypto.SecretKey deriveKeyPbkdf2(byte[],java.lang.String)
		RequiredPredicateError violating CrySL rule for javax.crypto.spec.SecretKeySpec
			First parameter was not properly generated as preparedKeyMaterial
			at statement: specialinvoke $r8.<javax.crypto.spec.SecretKeySpec: void <init>(byte[],java.lang.String)>($r0, varReplacer2167)

		IncompleteOperationError violating CrySL rule for javax.crypto.spec.PBEKeySpec (on Object #aa553d548b3ea67b5431c9e7697a1ef61a8f5f6361e7a7a54017eeacfbb87efa)
			Operation on object of type javax.crypto.spec.PBEKeySpec object not completed. Expected call to clearPassword
			at statement: $r5 = virtualinvoke $r4.<javax.crypto.SecretKeyFactory: javax.crypto.SecretKey generateSecret(java.security.spec.KeySpec)>($r2)

		RequiredPredicateError violating CrySL rule for javax.crypto.spec.PBEKeySpec
			Second parameter was not properly generated as randomized
			at statement: specialinvoke $r2.<javax.crypto.spec.PBEKeySpec: void <init>(char[],byte[],int,int)>($r3, $r0, $i2, $i0)

		ConstraintError violating CrySL rule for javax.crypto.SecretKeyFactory (on Object #415be581d005c8642fc490a3908b5cc97da716e86813c239db1d2a2b1c111962)
			First parameter (with value "PBKDF2WithHmacSHA1") should be any of {PBKDF2WithHmacSHA512, PBKDF2WithHmacSHA384, PBKDF2WithHmacSHA256, PBKDF2WithHmacSHA224, PBEWithHmacSHA512AndAES_128, PBEWithHmacSHA384AndAES_128, PBEWithHmacSHA384AndAES_128, PBEWithHmacSHA224AndAES_128, PBEWithHmacSHA256AndAES_128, PBEWithHmacSHA224AndAES_256, PBEWithHmacSHA256AndAES_256, PBEWithHmacSHA384AndAES_256, PBEWithHmacSHA512AndAES_256}
			at statement: $r4 = staticinvoke <javax.crypto.SecretKeyFactory: javax.crypto.SecretKeyFactory getInstance(java.lang.String)>(varReplacer2166)

		RequiredPredicateError violating CrySL rule for javax.crypto.SecretKeyFactory
			First parameter was not properly generated as speccedKey
			at statement: $r5 = virtualinvoke $r4.<javax.crypto.SecretKeyFactory: javax.crypto.SecretKey generateSecret(java.security.spec.KeySpec)>($r2)

		NeverTypeOfError violating CrySL rule for javax.crypto.spec.PBEKeySpec (on Object #aa553d548b3ea67b5431c9e7697a1ef61a8f5f6361e7a7a54017eeacfbb87efa)
			First parameter should never be of type java.lang.String.
			at statement: specialinvoke $r2.<javax.crypto.spec.PBEKeySpec: void <init>(char[],byte[],int,int)>($r3, $r0, $i2, $i0)

		HardCodedError violating CrySL rule for javax.crypto.spec.PBEKeySpec (on Object #aa553d548b3ea67b5431c9e7697a1ef61a8f5f6361e7a7a54017eeacfbb87efa)
			First parameter should never be hardcoded.
			at statement: specialinvoke $r2.<javax.crypto.spec.PBEKeySpec: void <init>(char[],byte[],int,int)>($r3, $r0, $i2, $i0)


======================= CryptoAnalysis Summary ==========================
	Number of CrySL rules: 49
	Number of Objects Analyzed: 11

	CryptoAnalysis found the following violations. For details see description above.
	HardCodedError: 1
	NeverTypeOfError: 1
	ConstraintError: 1
	IncompleteOperationError: 1
	RequiredPredicateError: 8
	TypestateError: 2
=====================================================================
