0    [main] WARN  pes.access.impl.DeclaredTypeFactory  - --- xtext.common.types ---------------------------------------------------
1    [main] WARN  pes.access.impl.DeclaredTypeFactory  - ASM library is too old. Falling back to java.lang.reflect API.
1    [main] WARN  pes.access.impl.DeclaredTypeFactory  - Please note that no information about compile time constants is available.
1    [main] WARN  pes.access.impl.DeclaredTypeFactory  - It's recommended to use org.objectweb.asm 9.1.0 or better (Maven group id: org.ow2.asm).
1    [main] WARN  pes.access.impl.DeclaredTypeFactory  - --------------------------------------------------------------------------
Ruleset: 
	java.security.cert.TrustAnchor
	javax.crypto.spec.GCMParameterSpec
	javax.xml.crypto.dsig.spec.HMACParameterSpec
	java.security.KeyPair
	java.security.DigestOutputStream
	javax.net.ssl.KeyStoreBuilderParameters
	javax.crypto.spec.OAEPParameterSpec
	javax.net.ssl.SSLContext
	javax.crypto.spec.DHGenParameterSpec
	javax.crypto.CipherOutputStream
	java.security.Key
	javax.crypto.SecretKeyFactory
	java.security.cert.PKIXBuilderParameters
	java.security.KeyFactory
	javax.crypto.spec.PBEKeySpec
	java.security.spec.DSAGenParameterSpec
	java.security.KeyPairGenerator
	javax.crypto.CipherInputStream
	javax.net.ssl.CertPathTrustManagerParameters
	java.security.cert.CertificateFactory
	java.security.SecureRandom
	java.security.spec.MGF1ParameterSpec
	javax.net.ssl.SSLEngine
	javax.crypto.spec.DHParameterSpec
	java.security.spec.DSAParameterSpec
	java.security.spec.ECParameterSpec
	java.security.spec.RSAKeyGenParameterSpec
	javax.crypto.spec.IvParameterSpec
	javax.crypto.Cipher
	javax.crypto.spec.PBEParameterSpec
	java.security.AlgorithmParameterGenerator
	java.security.spec.X509EncodedKeySpec
	javax.net.ssl.TrustManagerFactory
	java.security.DigestInputStream
	void
	javax.net.ssl.KeyManagerFactory
	java.security.cert.PKIXParameters
	java.net.PasswordAuthentication
	java.security.AlgorithmParameters
	javax.crypto.KeyAgreement
	javax.crypto.spec.SecretKeySpec
	javax.net.ssl.SSLParameters
	java.security.MessageDigest
	javax.crypto.SecretKey
	javax.crypto.KeyGenerator
	java.security.KeyStore
	javax.crypto.Mac
	java.security.spec.ECGenParameterSpec
	java.security.Signature

Analyzed Objects: 
	Object:
		Variable: $r3
		Type: javax.net.ssl.SSLContext
		Statement: $r3 = staticinvoke <javax.net.ssl.SSLContext: javax.net.ssl.SSLContext getInstance(java.lang.String)>(varReplacer45636)
		Method: <com.fsck.k9.mail.store.webdav.WebDavSocketFactory: void <init>(com.fsck.k9.mail.ssl.TrustManagerFactory,java.lang.String,int)>
		SHA-256: 656ebb0a6444f3ba460df78fb105922f64a330650c8c9d06a787c88e3eb7ebb8
		Secure: false
	Object:
		Variable: $r5
		Type: java.security.MessageDigest
		Statement: $r5 = staticinvoke <java.security.MessageDigest: java.security.MessageDigest getInstance(java.lang.String)>(varReplacer36936)
		Method: <com.fsck.k9.mail.Authentication: byte[] computeCramMd5Bytes(java.lang.String,java.lang.String,byte[])>
		SHA-256: 11dfea2a5e4b7df7359321486601e91103880448ce629fdec2b79e717f6dacb9
		Secure: false
	Object:
		Variable: $r1
		Type: javax.net.ssl.SSLContext
		Statement: $r1 = staticinvoke <javax.net.ssl.SSLContext: javax.net.ssl.SSLContext getInstance(java.lang.String)>(varReplacer8181)
		Method: <com.fsck.k9.mail.ssl.DefaultTrustedSocketFactory: void <clinit>()>
		SHA-256: 579ac80069983a211c52ea7466f33e37fd1687646d36b108772c89138c596823
		Secure: false
	Object:
		Variable: $r26
		Type: java.security.MessageDigest
		Statement: $r26 = staticinvoke <java.security.MessageDigest: java.security.MessageDigest getInstance(java.lang.String)>($r10)
		Method: <com.fsck.k9.activity.setup.AccountSetupCheckSettings$1: void run()>
		SHA-256: 809ace80efe5654815fcec2324af34743ffc3c7576816f4ff82384ec1dd61d86
		Secure: true
	Object:
		Variable: $r1
		Type: javax.net.ssl.TrustManagerFactory
		Statement: $r1 = staticinvoke <javax.net.ssl.TrustManagerFactory: javax.net.ssl.TrustManagerFactory getInstance(java.lang.String)>(varReplacer18433)
		Method: <com.fsck.k9.mail.ssl.TrustManagerFactory: void initialize()>
		SHA-256: 4b472bc35205e34daecebd64feb6fce06ca89979cc11888addfdddead9c46ae6
		Secure: false
	Object:
		Variable: $r1
		Type: java.security.MessageDigest
		Statement: $r1 = staticinvoke <java.security.MessageDigest: java.security.MessageDigest getInstance(java.lang.String)>(varReplacer42312)
		Method: <com.bumptech.glide.load.engine.cache.SafeKeyGenerator$1: com.bumptech.glide.load.engine.cache.SafeKeyGenerator$PoolableDigestContainer create()>
		SHA-256: 6ae751d1f9df3a00c9d87d9503379a7cbbf9ad02f7cb236d15f4d99e11a29ae
		Secure: true
	Object:
		Variable: $r2
		Type: javax.net.ssl.TrustManager[]
		Statement: $r2 = virtualinvoke $r1.<javax.net.ssl.TrustManagerFactory: javax.net.ssl.TrustManager[] getTrustManagers()>()
		Method: <com.fsck.k9.mail.ssl.TrustManagerFactory: void initialize()>
		SHA-256: 846f68a9a0b08778cb720bb7af996a5837ab9cc9f7a95b0c57efc2488873a62c
		Secure: false
	Object:
		Variable: $r27
		Type: byte[]
		Statement: $r27 = virtualinvoke $r25.<java.security.MessageDigest: byte[] digest(byte[])>($r27)
		Method: <com.fsck.k9.activity.setup.AccountSetupCheckSettings$1: void run()>
		SHA-256: faec007f30a3034dc7ab1b562947dd25af39b8c882fb4c8d20a069d288b3077c
		Secure: true
	Object:
		Variable: $r3
		Type: byte[]
		Statement: $r3 = virtualinvoke $r5.<java.security.MessageDigest: byte[] digest(byte[])>($r3)
		Method: <com.fsck.k9.mail.Authentication: byte[] computeCramMd5Bytes(java.lang.String,java.lang.String,byte[])>
		SHA-256: 95f503430c99e6a22fc8c7a787692dceac738907a0ea81ed4f184d15cc9d1ae9
		Secure: false
	Object:
		Variable: $r3
		Type: java.security.MessageDigest
		Statement: $r3 = staticinvoke <java.security.MessageDigest: java.security.MessageDigest getInstance(java.lang.String)>(varReplacer50509)
		Method: <com.fsck.k9.mail.store.pop3.Pop3Connection: void authAPOP(java.lang.String)>
		SHA-256: 5f74e5482a60743226e52bb87f00699f2626e4e3751c2943f57de9d88728c376
		Secure: false
	Object:
		Variable: $r7
		Type: java.security.KeyStore
		Statement: $r7 = staticinvoke <java.security.KeyStore: java.security.KeyStore getInstance(java.lang.String)>($r4)
		Method: <com.fsck.k9.mail.ssl.LocalKeyStore: java.security.KeyStore initializeKeyStore()>
		SHA-256: 859315dca670b67e7dee8737a4bed75a526d82440a60d84dcc241aba3b1981b3
		Secure: true
	Object:
		Variable: $r7
		Type: java.security.SecureRandom
		Statement: specialinvoke $r7.<java.security.SecureRandom: void <init>()>()
		Method: <com.takisoft.preferencex.RingtonePreferenceDialogFragmentCompat: java.io.File buildUniqueFile(java.io.File,java.lang.String,java.lang.String)>
		SHA-256: f6be9ede51038b99deaecea081c7f4ce356e88ef477cc910cfff69599298c647
		Secure: true
	Object:
		Variable: $r0
		Type: byte[]
		Statement: $r0 = virtualinvoke $r5.<java.security.MessageDigest: byte[] digest(byte[])>($r0)
		Method: <com.fsck.k9.mail.Authentication: byte[] computeCramMd5Bytes(java.lang.String,java.lang.String,byte[])>
		SHA-256: 1dcf364c31cd65115dfaddd1aae142d9fea4b77edad69e54cd7e2b0cfe9a8a10
		Secure: false
	Object:
		Variable: $r6
		Type: byte[]
		Statement: $r6 = virtualinvoke $r3.<java.security.MessageDigest: byte[] digest(byte[])>($r6)
		Method: <com.fsck.k9.mail.store.pop3.Pop3Connection: void authAPOP(java.lang.String)>
		SHA-256: 457c1dd14da83e1ce7b7e0210da04861d29587c397cd15e6b36db71e79aa356e
		Secure: false
	Object:
		Variable: $r3
		Type: byte[]
		Statement: $r3 = virtualinvoke $r5.<java.security.MessageDigest: byte[] digest(byte[])>($r3)
		Method: <com.fsck.k9.mail.Authentication: byte[] computeCramMd5Bytes(java.lang.String,java.lang.String,byte[])>
		SHA-256: 95f503430c99e6a22fc8c7a787692dceac738907a0ea81ed4f184d15cc9d1ae9
		Secure: false
	Object:
		Variable: $r9
		Type: javax.net.ssl.SSLContext
		Statement: $r9 = staticinvoke <javax.net.ssl.SSLContext: javax.net.ssl.SSLContext getInstance(java.lang.String)>(varReplacer36898)
		Method: <com.fsck.k9.mail.ssl.DefaultTrustedSocketFactory: java.net.Socket createSocket(java.net.Socket,java.lang.String,int,java.lang.String)>
		SHA-256: 896e3a33825f0c46cb683e9cc9a1d55c2f4911a9e08f000bee50d48ab01d41fc
		Secure: false

Findings in Java Class: com.fsck.k9.activity.setup.AccountSetupCheckSettings$1

	 in Method: void run()
		IncompleteOperationError violating CrySL rule for java.security.MessageDigest (on Object #809ace80efe5654815fcec2324af34743ffc3c7576816f4ff82384ec1dd61d86)
			Operation on object of type java.security.MessageDigest object not completed. Expected call to digest, update
			at statement: $r25 = $r26

		IncompleteOperationError violating CrySL rule for java.security.MessageDigest (on Object #809ace80efe5654815fcec2324af34743ffc3c7576816f4ff82384ec1dd61d86)
			Operation on object of type java.security.MessageDigest object not completed. Expected call to update, java.security.MessageDigest: byte[] digest(byte[])
			at statement: $r27 = virtualinvoke $r25.<java.security.MessageDigest: byte[] digest(byte[])>($r27)


Findings in Java Class: com.fsck.k9.mail.ssl.DefaultTrustedSocketFactory

	 in Method: void <clinit>()
		RequiredPredicateError violating CrySL rule for javax.net.ssl.SSLContext
			Third parameter was not properly generated as randomized
			at statement: virtualinvoke $r1.<javax.net.ssl.SSLContext: void init(javax.net.ssl.KeyManager[],javax.net.ssl.TrustManager[],java.security.SecureRandom)>(varReplacer8183, varReplacer8183, varReplacer8183)

		RequiredPredicateError violating CrySL rule for javax.net.ssl.SSLContext
			First parameter was not properly generated as generatedKeyManagers
			at statement: virtualinvoke $r1.<javax.net.ssl.SSLContext: void init(javax.net.ssl.KeyManager[],javax.net.ssl.TrustManager[],java.security.SecureRandom)>(varReplacer8183, varReplacer8183, varReplacer8183)

		ConstraintError violating CrySL rule for javax.net.ssl.SSLContext (on Object #579ac80069983a211c52ea7466f33e37fd1687646d36b108772c89138c596823)
			First parameter (with value "TLS") should be any of {TLSv1.2, TLSv1.3}
			at statement: $r1 = staticinvoke <javax.net.ssl.SSLContext: javax.net.ssl.SSLContext getInstance(java.lang.String)>(varReplacer8181)

		RequiredPredicateError violating CrySL rule for javax.net.ssl.SSLContext
			Second parameter was not properly generated as generatedTrustManagers
			at statement: virtualinvoke $r1.<javax.net.ssl.SSLContext: void init(javax.net.ssl.KeyManager[],javax.net.ssl.TrustManager[],java.security.SecureRandom)>(varReplacer8183, varReplacer8183, varReplacer8183)


	 in Method: java.net.Socket createSocket(java.net.Socket,java.lang.String,int,java.lang.String)
		RequiredPredicateError violating CrySL rule for javax.net.ssl.SSLContext
			Third parameter was not properly generated as randomized
			at statement: virtualinvoke $r9.<javax.net.ssl.SSLContext: void init(javax.net.ssl.KeyManager[],javax.net.ssl.TrustManager[],java.security.SecureRandom)>($r13, $r14, varReplacer36897)

		RequiredPredicateError violating CrySL rule for javax.net.ssl.SSLContext
			Second parameter was not properly generated as generatedTrustManagers
			at statement: virtualinvoke $r9.<javax.net.ssl.SSLContext: void init(javax.net.ssl.KeyManager[],javax.net.ssl.TrustManager[],java.security.SecureRandom)>($r13, $r14, varReplacer36897)

		ConstraintError violating CrySL rule for javax.net.ssl.SSLContext (on Object #896e3a33825f0c46cb683e9cc9a1d55c2f4911a9e08f000bee50d48ab01d41fc)
			First parameter (with value "TLS") should be any of {TLSv1.2, TLSv1.3}
			at statement: $r9 = staticinvoke <javax.net.ssl.SSLContext: javax.net.ssl.SSLContext getInstance(java.lang.String)>(varReplacer36898)

		RequiredPredicateError violating CrySL rule for javax.net.ssl.SSLContext
			First parameter was not properly generated as generatedKeyManagers
			at statement: virtualinvoke $r9.<javax.net.ssl.SSLContext: void init(javax.net.ssl.KeyManager[],javax.net.ssl.TrustManager[],java.security.SecureRandom)>($r13, $r14, varReplacer36897)


Findings in Java Class: com.fsck.k9.mail.ssl.TrustManagerFactory

	 in Method: void initialize()
		RequiredPredicateError violating CrySL rule for javax.net.ssl.TrustManagerFactory
			First parameter was not properly generated as generatedKeyStore
			at statement: virtualinvoke $r1.<javax.net.ssl.TrustManagerFactory: void init(java.security.KeyStore)>(varReplacer18434)

		ConstraintError violating CrySL rule for javax.net.ssl.TrustManagerFactory (on Object #4b472bc35205e34daecebd64feb6fce06ca89979cc11888addfdddead9c46ae6)
			First parameter (with value "X509") should be any of {PKIX, SunX509}
			at statement: $r1 = staticinvoke <javax.net.ssl.TrustManagerFactory: javax.net.ssl.TrustManagerFactory getInstance(java.lang.String)>(varReplacer18433)


Findings in Java Class: com.fsck.k9.mail.Authentication

	 in Method: byte[] computeCramMd5Bytes(java.lang.String,java.lang.String,byte[])
		ConstraintError violating CrySL rule for java.security.MessageDigest (on Object #11dfea2a5e4b7df7359321486601e91103880448ce629fdec2b79e717f6dacb9)
			First parameter (with value "MD5") should be any of {SHA-256, SHA-384, SHA-512}
			at statement: $r5 = staticinvoke <java.security.MessageDigest: java.security.MessageDigest getInstance(java.lang.String)>(varReplacer36936)


Findings in Java Class: com.fsck.k9.mail.store.webdav.WebDavSocketFactory

	 in Method: void <init>(com.fsck.k9.mail.ssl.TrustManagerFactory,java.lang.String,int)
		RequiredPredicateError violating CrySL rule for javax.net.ssl.SSLContext
			First parameter was not properly generated as generatedKeyManagers
			at statement: virtualinvoke $r3.<javax.net.ssl.SSLContext: void init(javax.net.ssl.KeyManager[],javax.net.ssl.TrustManager[],java.security.SecureRandom)>(varReplacer45634, $r9, varReplacer45634)

		ConstraintError violating CrySL rule for javax.net.ssl.SSLContext (on Object #656ebb0a6444f3ba460df78fb105922f64a330650c8c9d06a787c88e3eb7ebb8)
			First parameter (with value "TLS") should be any of {TLSv1.2, TLSv1.3}
			at statement: $r3 = staticinvoke <javax.net.ssl.SSLContext: javax.net.ssl.SSLContext getInstance(java.lang.String)>(varReplacer45636)

		RequiredPredicateError violating CrySL rule for javax.net.ssl.SSLContext
			Second parameter was not properly generated as generatedTrustManagers
			at statement: virtualinvoke $r3.<javax.net.ssl.SSLContext: void init(javax.net.ssl.KeyManager[],javax.net.ssl.TrustManager[],java.security.SecureRandom)>(varReplacer45634, $r9, varReplacer45634)

		RequiredPredicateError violating CrySL rule for javax.net.ssl.SSLContext
			Third parameter was not properly generated as randomized
			at statement: virtualinvoke $r3.<javax.net.ssl.SSLContext: void init(javax.net.ssl.KeyManager[],javax.net.ssl.TrustManager[],java.security.SecureRandom)>(varReplacer45634, $r9, varReplacer45634)


Findings in Java Class: com.fsck.k9.mail.store.pop3.Pop3Connection

	 in Method: void authAPOP(java.lang.String)
		ConstraintError violating CrySL rule for java.security.MessageDigest (on Object #5f74e5482a60743226e52bb87f00699f2626e4e3751c2943f57de9d88728c376)
			First parameter (with value "MD5") should be any of {SHA-256, SHA-384, SHA-512}
			at statement: $r3 = staticinvoke <java.security.MessageDigest: java.security.MessageDigest getInstance(java.lang.String)>(varReplacer50509)


======================= CryptoAnalysis Summary ==========================
	Number of CrySL rules: 49
	Number of Objects Analyzed: 16

	CryptoAnalysis found the following violations. For details see description above.
	RequiredPredicateError: 10
	ConstraintError: 6
	IncompleteOperationError: 2
=====================================================================
