0    [main] WARN  pes.access.impl.DeclaredTypeFactory  - --- xtext.common.types ---------------------------------------------------
0    [main] WARN  pes.access.impl.DeclaredTypeFactory  - ASM library is too old. Falling back to java.lang.reflect API.
0    [main] WARN  pes.access.impl.DeclaredTypeFactory  - Please note that no information about compile time constants is available.
1    [main] WARN  pes.access.impl.DeclaredTypeFactory  - It's recommended to use org.objectweb.asm 9.1.0 or better (Maven group id: org.ow2.asm).
1    [main] WARN  pes.access.impl.DeclaredTypeFactory  - --------------------------------------------------------------------------
Ruleset: 
	java.security.cert.TrustAnchor
	javax.crypto.spec.GCMParameterSpec
	javax.xml.crypto.dsig.spec.HMACParameterSpec
	java.security.KeyPair
	java.security.DigestOutputStream
	javax.net.ssl.KeyStoreBuilderParameters
	javax.crypto.spec.OAEPParameterSpec
	javax.net.ssl.SSLContext
	javax.crypto.spec.DHGenParameterSpec
	javax.crypto.CipherOutputStream
	java.security.Key
	javax.crypto.SecretKeyFactory
	java.security.cert.PKIXBuilderParameters
	java.security.KeyFactory
	javax.crypto.spec.PBEKeySpec
	java.security.spec.DSAGenParameterSpec
	java.security.KeyPairGenerator
	javax.crypto.CipherInputStream
	javax.net.ssl.CertPathTrustManagerParameters
	java.security.cert.CertificateFactory
	java.security.SecureRandom
	java.security.spec.MGF1ParameterSpec
	javax.net.ssl.SSLEngine
	javax.crypto.spec.DHParameterSpec
	java.security.spec.DSAParameterSpec
	java.security.spec.ECParameterSpec
	java.security.spec.RSAKeyGenParameterSpec
	javax.crypto.spec.IvParameterSpec
	javax.crypto.Cipher
	javax.crypto.spec.PBEParameterSpec
	java.security.AlgorithmParameterGenerator
	java.security.spec.X509EncodedKeySpec
	javax.net.ssl.TrustManagerFactory
	java.security.DigestInputStream
	void
	javax.net.ssl.KeyManagerFactory
	java.security.cert.PKIXParameters
	java.net.PasswordAuthentication
	java.security.AlgorithmParameters
	javax.crypto.KeyAgreement
	javax.crypto.spec.SecretKeySpec
	javax.net.ssl.SSLParameters
	java.security.MessageDigest
	javax.crypto.SecretKey
	javax.crypto.KeyGenerator
	java.security.KeyStore
	javax.crypto.Mac
	java.security.spec.ECGenParameterSpec
	java.security.Signature

Analyzed Objects: 
	Object:
		Variable: $r2
		Type: javax.net.ssl.TrustManagerFactory
		Statement: $r2 = staticinvoke <javax.net.ssl.TrustManagerFactory: javax.net.ssl.TrustManagerFactory getInstance(java.lang.String)>($r1)
		Method: <okhttp3.internal.platform.ConscryptPlatform: javax.net.ssl.X509TrustManager platformTrustManager()>
		SHA-256: 316cbc86e080130334eaabd60025d96084375d0058312a103cd3255ba6f0aeb
		Secure: false
	Object:
		Variable: $r2
		Type: javax.net.ssl.TrustManagerFactory
		Statement: $r2 = staticinvoke <javax.net.ssl.TrustManagerFactory: javax.net.ssl.TrustManagerFactory getInstance(java.lang.String)>($r1)
		Method: <okhttp3.internal.platform.Platform: javax.net.ssl.X509TrustManager platformTrustManager()>
		SHA-256: 5fb6984969c8c0f60ee84399ef18a49aa63648c889757c4080685ad119ecd903
		Secure: false
	Object:
		Variable: $r3
		Type: javax.net.ssl.TrustManager[]
		Statement: $r3 = virtualinvoke $r2.<javax.net.ssl.TrustManagerFactory: javax.net.ssl.TrustManager[] getTrustManagers()>()
		Method: <okhttp3.internal.platform.Platform: javax.net.ssl.X509TrustManager platformTrustManager()>
		SHA-256: c3dcfb07eabeaead2afa7b41e33d56187e303e14a7184c21b7bac99836f2c278
		Secure: false
	Object:
		Variable: $r1
		Type: javax.net.ssl.SSLContext
		Statement: $r1 = staticinvoke <javax.net.ssl.SSLContext: javax.net.ssl.SSLContext getInstance(java.lang.String,java.security.Provider)>(varReplacer32003, $r2)
		Method: <okhttp3.internal.platform.ConscryptPlatform: javax.net.ssl.SSLContext newSSLContext()>
		SHA-256: c843cb637dedffc97295685868fc83e1bc66d7db04230b7d826dc6b24b76839e
		Secure: false
	Object:
		Variable: $r6
		Type: byte[]
		Statement: $r6 = virtualinvoke $r2.<java.security.MessageDigest: byte[] digest()>()
		Method: <okio.SegmentedByteString: okio.ByteString digest$okio(java.lang.String)>
		SHA-256: b189e83daa1cae39dacb5d56f8d20e560b21d5b6f8f0c6a35bc1a551d3d1c123
		Secure: false
	Object:
		Variable: $r3
		Type: javax.net.ssl.TrustManagerFactory
		Statement: $r3 = staticinvoke <javax.net.ssl.TrustManagerFactory: javax.net.ssl.TrustManagerFactory getInstance(java.lang.String,java.security.Provider)>($r1, $r2)
		Method: <okhttp3.internal.platform.OpenJSSEPlatform: javax.net.ssl.X509TrustManager platformTrustManager()>
		SHA-256: 1027fce20723454b26980f38c5edb26bcec19bffa5b6443c75459b577c51d460
		Secure: false
	Object:
		Variable: $r3
		Type: java.security.MessageDigest
		Statement: $r3 = staticinvoke <java.security.MessageDigest: java.security.MessageDigest getInstance(java.lang.String)>($r1)
		Method: <okio.ByteString: okio.ByteString digest$okio(java.lang.String)>
		SHA-256: ae39b036c5eeeba58d380660f68e23806935f12d2f5c9cefe65440425aa34f4a
		Secure: false
	Object:
		Variable: $r2
		Type: java.security.MessageDigest
		Statement: $r2 = staticinvoke <java.security.MessageDigest: java.security.MessageDigest getInstance(java.lang.String)>($r1)
		Method: <okio.SegmentedByteString: okio.ByteString digest$okio(java.lang.String)>
		SHA-256: 6c960e488f21ae2f1d37981b7f790ff5823030d9f242d798118968e0f93ba357
		Secure: false
	Object:
		Variable: $r4
		Type: javax.net.ssl.TrustManager[]
		Statement: $r4 = virtualinvoke $r3.<javax.net.ssl.TrustManagerFactory: javax.net.ssl.TrustManager[] getTrustManagers()>()
		Method: <okhttp3.internal.platform.OpenJSSEPlatform: javax.net.ssl.X509TrustManager platformTrustManager()>
		SHA-256: a729cfd5669df603070b7ba7d05b524b10a048ab1da974a5ccb1df973521b7d3
		Secure: false
	Object:
		Variable: $r1
		Type: javax.net.ssl.TrustManagerFactory
		Statement: $r1 = staticinvoke <javax.net.ssl.TrustManagerFactory: javax.net.ssl.TrustManagerFactory getInstance(java.lang.String,java.lang.String)>(varReplacer28172, varReplacer28173)
		Method: <okhttp3.internal.platform.BouncyCastlePlatform: javax.net.ssl.X509TrustManager platformTrustManager()>
		SHA-256: 1c783a17a356597939f13a339289f882933a04e5561ac3ae61c701b9bd01380c
		Secure: false
	Object:
		Variable: $r1
		Type: java.security.MessageDigest
		Statement: $r1 = staticinvoke <java.security.MessageDigest: java.security.MessageDigest getInstance(java.lang.String)>(varReplacer37746)
		Method: <com.bumptech.glide.load.engine.cache.SafeKeyGenerator$1: com.bumptech.glide.load.engine.cache.SafeKeyGenerator$PoolableDigestContainer create()>
		SHA-256: 11096261e59a7f731252e215ca9d9a165259a8a91c806ffc5804ab4e4b320f17
		Secure: true
	Object:
		Variable: $r4
		Type: byte[]
		Statement: $r4 = virtualinvoke $r3.<java.security.MessageDigest: byte[] digest(byte[])>($r4)
		Method: <okio.ByteString: okio.ByteString digest$okio(java.lang.String)>
		SHA-256: d4bf5cc88c644b9a20ac4aef1746c1f0c9ae862102406e7436b8866c875859ff
		Secure: false
	Object:
		Variable: $r1
		Type: javax.net.ssl.SSLContext
		Statement: $r1 = staticinvoke <javax.net.ssl.SSLContext: javax.net.ssl.SSLContext getInstance(java.lang.String,java.security.Provider)>(varReplacer32005, $r2)
		Method: <okhttp3.internal.platform.OpenJSSEPlatform: javax.net.ssl.SSLContext newSSLContext()>
		SHA-256: 44bf89c84e40b3c482019e833a05f6befb99ffc4686ecefb372cc89c4130fed6
		Secure: false
	Object:
		Variable: $r1
		Type: javax.net.ssl.SSLContext
		Statement: $r1 = staticinvoke <javax.net.ssl.SSLContext: javax.net.ssl.SSLContext getInstance(java.lang.String)>(varReplacer32007)
		Method: <okhttp3.internal.platform.Platform: javax.net.ssl.SSLContext newSSLContext()>
		SHA-256: 895560f5be81c302d7d85ab9affd07fd1109c51d0d74b4134917c995bda13431
		Secure: false
	Object:
		Variable: $r1
		Type: javax.net.ssl.SSLContext
		Statement: $r1 = staticinvoke <javax.net.ssl.SSLContext: javax.net.ssl.SSLContext getInstance(java.lang.String,java.security.Provider)>(varReplacer32010, $r2)
		Method: <okhttp3.internal.platform.BouncyCastlePlatform: javax.net.ssl.SSLContext newSSLContext()>
		SHA-256: d0ecd4c42dbbc26154c23ecd9a5f181920a0332c525be284d825a50eb7ae9035
		Secure: false
	Object:
		Variable: $r6
		Type: java.security.cert.CertificateFactory
		Statement: $r6 = staticinvoke <java.security.cert.CertificateFactory: java.security.cert.CertificateFactory getInstance(java.lang.String)>(varReplacer38410)
		Method: <okhttp3.Cache$Entry: java.util.List readCertificateList(okio.BufferedSource)>
		SHA-256: 20d444a517f3fabde7b42c1bb8f9dfd53218395917e8deeec3e8e9ecc80248b3
		Secure: false
	Object:
		Variable: $r3
		Type: javax.net.ssl.TrustManager[]
		Statement: $r3 = virtualinvoke $r2.<javax.net.ssl.TrustManagerFactory: javax.net.ssl.TrustManager[] getTrustManagers()>()
		Method: <okhttp3.internal.platform.ConscryptPlatform: javax.net.ssl.X509TrustManager platformTrustManager()>
		SHA-256: 15a76129680a3cd57380001c355c828c5afc3ba9ce32fff65b352ff3390bbd6
		Secure: false
	Object:
		Variable: $r2
		Type: javax.net.ssl.TrustManager[]
		Statement: $r2 = virtualinvoke $r1.<javax.net.ssl.TrustManagerFactory: javax.net.ssl.TrustManager[] getTrustManagers()>()
		Method: <okhttp3.internal.platform.BouncyCastlePlatform: javax.net.ssl.X509TrustManager platformTrustManager()>
		SHA-256: 84f17b7e3930c76e2b174d27b9668ee8d3209ae5512e2c539d541e6ef4265515
		Secure: false

Findings in Java Class: okio.ByteString

	 in Method: okio.ByteString digest$okio(java.lang.String)
		ConstraintError violating CrySL rule for java.security.MessageDigest (on Object #ae39b036c5eeeba58d380660f68e23806935f12d2f5c9cefe65440425aa34f4a)
			First parameter (with value "MD5") should be any of {SHA-256, SHA-384, SHA-512}
			at statement: $r3 = staticinvoke <java.security.MessageDigest: java.security.MessageDigest getInstance(java.lang.String)>($r1)

		ConstraintError violating CrySL rule for java.security.MessageDigest (on Object #ae39b036c5eeeba58d380660f68e23806935f12d2f5c9cefe65440425aa34f4a)
			First parameter (with value "SHA-1") should be any of {SHA-256, SHA-384, SHA-512}
			at statement: $r3 = staticinvoke <java.security.MessageDigest: java.security.MessageDigest getInstance(java.lang.String)>($r1)


Findings in Java Class: okio.SegmentedByteString

	 in Method: okio.ByteString digest$okio(java.lang.String)
		ConstraintError violating CrySL rule for java.security.MessageDigest (on Object #6c960e488f21ae2f1d37981b7f790ff5823030d9f242d798118968e0f93ba357)
			First parameter (with value "MD5") should be any of {SHA-256, SHA-384, SHA-512}
			at statement: $r2 = staticinvoke <java.security.MessageDigest: java.security.MessageDigest getInstance(java.lang.String)>($r1)

		TypestateError violating CrySL rule for java.security.MessageDigest (on Object #6c960e488f21ae2f1d37981b7f790ff5823030d9f242d798118968e0f93ba357)
			Unexpected call to method <java.security.MessageDigest: byte[] digest()> on object of type java.security.MessageDigest. Expect a call to one of the following methods java.security.MessageDigest: void update(byte[],int,int),java.security.MessageDigest: void update(java.nio.ByteBuffer),java.security.MessageDigest: byte[] digest(byte[]),java.security.MessageDigest: void update(byte[]),java.security.MessageDigest: void update(byte)
			at statement: $r6 = virtualinvoke $r2.<java.security.MessageDigest: byte[] digest()>()

		ConstraintError violating CrySL rule for java.security.MessageDigest (on Object #6c960e488f21ae2f1d37981b7f790ff5823030d9f242d798118968e0f93ba357)
			First parameter (with value "SHA-1") should be any of {SHA-256, SHA-384, SHA-512}
			at statement: $r2 = staticinvoke <java.security.MessageDigest: java.security.MessageDigest getInstance(java.lang.String)>($r1)


Findings in Java Class: okhttp3.internal.platform.ConscryptPlatform

	 in Method: javax.net.ssl.SSLContext newSSLContext()
		ConstraintError violating CrySL rule for javax.net.ssl.SSLContext (on Object #c843cb637dedffc97295685868fc83e1bc66d7db04230b7d826dc6b24b76839e)
			First parameter (with value "TLS") should be any of {TLSv1.2, TLSv1.3}
			at statement: $r1 = staticinvoke <javax.net.ssl.SSLContext: javax.net.ssl.SSLContext getInstance(java.lang.String,java.security.Provider)>(varReplacer32003, $r2)


	 in Method: javax.net.ssl.X509TrustManager platformTrustManager()
		RequiredPredicateError violating CrySL rule for javax.net.ssl.TrustManagerFactory
			First parameter was not properly generated as generatedKeyStore
			at statement: virtualinvoke $r2.<javax.net.ssl.TrustManagerFactory: void init(java.security.KeyStore)>(varReplacer28157)


Findings in Java Class: okhttp3.internal.platform.Platform

	 in Method: javax.net.ssl.SSLContext newSSLContext()
		ConstraintError violating CrySL rule for javax.net.ssl.SSLContext (on Object #895560f5be81c302d7d85ab9affd07fd1109c51d0d74b4134917c995bda13431)
			First parameter (with value "TLS") should be any of {TLSv1.2, TLSv1.3}
			at statement: $r1 = staticinvoke <javax.net.ssl.SSLContext: javax.net.ssl.SSLContext getInstance(java.lang.String)>(varReplacer32007)


	 in Method: javax.net.ssl.X509TrustManager platformTrustManager()
		RequiredPredicateError violating CrySL rule for javax.net.ssl.TrustManagerFactory
			First parameter was not properly generated as generatedKeyStore
			at statement: virtualinvoke $r2.<javax.net.ssl.TrustManagerFactory: void init(java.security.KeyStore)>(varReplacer28163)


	 in Method: javax.net.ssl.SSLSocketFactory newSslSocketFactory(javax.net.ssl.X509TrustManager)
		RequiredPredicateError violating CrySL rule for javax.net.ssl.SSLContext
			Second parameter was not properly generated as generatedTrustManagers
			at statement: virtualinvoke $r2.<javax.net.ssl.SSLContext: void init(javax.net.ssl.KeyManager[],javax.net.ssl.TrustManager[],java.security.SecureRandom)>(varReplacer28179, $r3, varReplacer28179)

		RequiredPredicateError violating CrySL rule for javax.net.ssl.SSLContext
			First parameter was not properly generated as generatedKeyManagers
			at statement: virtualinvoke $r2.<javax.net.ssl.SSLContext: void init(javax.net.ssl.KeyManager[],javax.net.ssl.TrustManager[],java.security.SecureRandom)>(varReplacer28179, $r3, varReplacer28179)

		RequiredPredicateError violating CrySL rule for javax.net.ssl.SSLContext
			Third parameter was not properly generated as randomized
			at statement: virtualinvoke $r2.<javax.net.ssl.SSLContext: void init(javax.net.ssl.KeyManager[],javax.net.ssl.TrustManager[],java.security.SecureRandom)>(varReplacer28179, $r3, varReplacer28179)


Findings in Java Class: okhttp3.internal.platform.BouncyCastlePlatform

	 in Method: javax.net.ssl.SSLContext newSSLContext()
		ConstraintError violating CrySL rule for javax.net.ssl.SSLContext (on Object #d0ecd4c42dbbc26154c23ecd9a5f181920a0332c525be284d825a50eb7ae9035)
			First parameter (with value "TLS") should be any of {TLSv1.2, TLSv1.3}
			at statement: $r1 = staticinvoke <javax.net.ssl.SSLContext: javax.net.ssl.SSLContext getInstance(java.lang.String,java.security.Provider)>(varReplacer32010, $r2)


	 in Method: javax.net.ssl.X509TrustManager platformTrustManager()
		RequiredPredicateError violating CrySL rule for javax.net.ssl.TrustManagerFactory
			First parameter was not properly generated as generatedKeyStore
			at statement: virtualinvoke $r1.<javax.net.ssl.TrustManagerFactory: void init(java.security.KeyStore)>(varReplacer28169)


Findings in Java Class: com.bumptech.glide.load.engine.cache.SafeKeyGenerator

	 in Method: java.lang.String calculateHexStringDigest(com.bumptech.glide.load.Key)
		TypestateError violating CrySL rule for java.security.MessageDigest (on Object #11096261e59a7f731252e215ca9d9a165259a8a91c806ffc5804ab4e4b320f17)
			Unexpected call to method <java.security.MessageDigest: byte[] digest()> on object of type java.security.MessageDigest. Expect a call to one of the following methods java.security.MessageDigest: void update(byte[],int,int),java.security.MessageDigest: void update(java.nio.ByteBuffer),java.security.MessageDigest: byte[] digest(byte[]),java.security.MessageDigest: void update(byte[]),java.security.MessageDigest: void update(byte)
			at statement: $r6 = virtualinvoke $r5.<java.security.MessageDigest: byte[] digest()>()


Findings in Java Class: com.google.android.material.bottomnavigation.BottomNavigationMenuView

	 in Method: void buildMenuView()
		IncompleteOperationError violating CrySL rule for java.security.MessageDigest (on Object #11096261e59a7f731252e215ca9d9a165259a8a91c806ffc5804ab4e4b320f17)
			Operation on object of type java.security.MessageDigest object not completed. Expected call to digest, update
			at statement: $r1 = newarray (com.google.android.material.bottomnavigation.BottomNavigationItemView)[$i0]

		IncompleteOperationError violating CrySL rule for java.security.MessageDigest (on Object #11096261e59a7f731252e215ca9d9a165259a8a91c806ffc5804ab4e4b320f17)
			Operation on object of type java.security.MessageDigest object not completed. Expected call to digest, update
			at statement: $r1 = r0.<com.google.android.material.bottomnavigation.BottomNavigationMenuView: com.google.android.material.bottomnavigation.BottomNavigationItemView[] buttons>


Findings in Java Class: androidx.recyclerview.widget.OpReorderer

	 in Method: void swapMoveRemove(java.util.List,int,androidx.recyclerview.widget.AdapterHelper$UpdateOp,int,androidx.recyclerview.widget.AdapterHelper$UpdateOp)
		IncompleteOperationError violating CrySL rule for java.security.MessageDigest (on Object #11096261e59a7f731252e215ca9d9a165259a8a91c806ffc5804ab4e4b320f17)
			Operation on object of type java.security.MessageDigest object not completed. Expected call to digest, update
			at statement: $r2 = interfaceinvoke $r5.<androidx.recyclerview.widget.OpReorderer$Callback: androidx.recyclerview.widget.AdapterHelper$UpdateOp obtainUpdateOp(int,int,int,java.lang.Object)>(varReplacer34376, $i3, $i2, varReplacer34377)

		IncompleteOperationError violating CrySL rule for java.security.MessageDigest (on Object #11096261e59a7f731252e215ca9d9a165259a8a91c806ffc5804ab4e4b320f17)
			Operation on object of type java.security.MessageDigest object not completed. Expected call to digest, update
			at statement: interfaceinvoke $r3.<java.util.List: void add(int,java.lang.Object)>($i1, $r2)

		IncompleteOperationError violating CrySL rule for java.security.MessageDigest (on Object #11096261e59a7f731252e215ca9d9a165259a8a91c806ffc5804ab4e4b320f17)
			Operation on object of type java.security.MessageDigest object not completed. Expected call to digest, update
			at statement: $r2 = null


Findings in Java Class: androidx.recyclerview.widget.AdapterHelper

	 in Method: androidx.recyclerview.widget.AdapterHelper$UpdateOp obtainUpdateOp(int,int,int,java.lang.Object)
		IncompleteOperationError violating CrySL rule for java.security.MessageDigest (on Object #11096261e59a7f731252e215ca9d9a165259a8a91c806ffc5804ab4e4b320f17)
			Operation on object of type java.security.MessageDigest object not completed. Expected call to digest, update
			at statement: $r2 = interfaceinvoke $r3.<androidx.core.util.Pools$Pool: java.lang.Object acquire()>()


Findings in Java Class: okhttp3.Cache$Entry

	 in Method: java.util.List readCertificateList(okio.BufferedSource)
		IncompleteOperationError violating CrySL rule for java.security.cert.CertificateFactory (on Object #20d444a517f3fabde7b42c1bb8f9dfd53218395917e8deeec3e8e9ecc80248b3)
			Operation on object of type java.security.cert.CertificateFactory object not completed. Expected call to generateCertPath, generateCertificate, generateCRL
			at statement: $r6 = staticinvoke <java.security.cert.CertificateFactory: java.security.cert.CertificateFactory getInstance(java.lang.String)>(varReplacer38410)

		TypestateError violating CrySL rule for java.security.cert.CertificateFactory (on Object #20d444a517f3fabde7b42c1bb8f9dfd53218395917e8deeec3e8e9ecc80248b3)
			Unexpected call to method generateCertificate on object of type java.security.cert.CertificateFactory. Expect a call to one of the following methods generateCRL
			at statement: $r11 = virtualinvoke $r6.<java.security.cert.CertificateFactory: java.security.cert.Certificate generateCertificate(java.io.InputStream)>($r10)

		IncompleteOperationError violating CrySL rule for java.security.cert.CertificateFactory (on Object #20d444a517f3fabde7b42c1bb8f9dfd53218395917e8deeec3e8e9ecc80248b3)
			Operation on object of type java.security.cert.CertificateFactory object not completed. Expected call to generateCertPath, generateCRL, java.security.cert.CertificateFactory: java.security.cert.Certificate generateCertificate(java.io.InputStream)
			at statement: $r11 = virtualinvoke $r6.<java.security.cert.CertificateFactory: java.security.cert.Certificate generateCertificate(java.io.InputStream)>($r10)


Findings in Java Class: okhttp3.internal.platform.OpenJSSEPlatform

	 in Method: javax.net.ssl.X509TrustManager platformTrustManager()
		RequiredPredicateError violating CrySL rule for javax.net.ssl.TrustManagerFactory
			First parameter was not properly generated as generatedKeyStore
			at statement: virtualinvoke $r3.<javax.net.ssl.TrustManagerFactory: void init(java.security.KeyStore)>(varReplacer28159)


======================= CryptoAnalysis Summary ==========================
	Number of CrySL rules: 49
	Number of Objects Analyzed: 18

	CryptoAnalysis found the following violations. For details see description above.
	RequiredPredicateError: 7
	TypestateError: 3
	ConstraintError: 7
	IncompleteOperationError: 8
=====================================================================
