0    [main] WARN  pes.access.impl.DeclaredTypeFactory  - --- xtext.common.types ---------------------------------------------------
1    [main] WARN  pes.access.impl.DeclaredTypeFactory  - ASM library is too old. Falling back to java.lang.reflect API.
1    [main] WARN  pes.access.impl.DeclaredTypeFactory  - Please note that no information about compile time constants is available.
1    [main] WARN  pes.access.impl.DeclaredTypeFactory  - It's recommended to use org.objectweb.asm 9.1.0 or better (Maven group id: org.ow2.asm).
1    [main] WARN  pes.access.impl.DeclaredTypeFactory  - --------------------------------------------------------------------------
Ruleset: 
	java.security.cert.TrustAnchor
	javax.crypto.spec.GCMParameterSpec
	javax.xml.crypto.dsig.spec.HMACParameterSpec
	java.security.KeyPair
	java.security.DigestOutputStream
	javax.net.ssl.KeyStoreBuilderParameters
	javax.crypto.spec.OAEPParameterSpec
	javax.net.ssl.SSLContext
	javax.crypto.spec.DHGenParameterSpec
	javax.crypto.CipherOutputStream
	java.security.Key
	javax.crypto.SecretKeyFactory
	java.security.cert.PKIXBuilderParameters
	java.security.KeyFactory
	javax.crypto.spec.PBEKeySpec
	java.security.spec.DSAGenParameterSpec
	java.security.KeyPairGenerator
	javax.crypto.CipherInputStream
	javax.net.ssl.CertPathTrustManagerParameters
	java.security.cert.CertificateFactory
	java.security.SecureRandom
	java.security.spec.MGF1ParameterSpec
	javax.net.ssl.SSLEngine
	javax.crypto.spec.DHParameterSpec
	java.security.spec.DSAParameterSpec
	java.security.spec.ECParameterSpec
	java.security.spec.RSAKeyGenParameterSpec
	javax.crypto.spec.IvParameterSpec
	javax.crypto.Cipher
	javax.crypto.spec.PBEParameterSpec
	java.security.AlgorithmParameterGenerator
	java.security.spec.X509EncodedKeySpec
	javax.net.ssl.TrustManagerFactory
	java.security.DigestInputStream
	void
	javax.net.ssl.KeyManagerFactory
	java.security.cert.PKIXParameters
	java.net.PasswordAuthentication
	java.security.AlgorithmParameters
	javax.crypto.KeyAgreement
	javax.crypto.spec.SecretKeySpec
	javax.net.ssl.SSLParameters
	java.security.MessageDigest
	javax.crypto.SecretKey
	javax.crypto.KeyGenerator
	java.security.KeyStore
	javax.crypto.Mac
	java.security.spec.ECGenParameterSpec
	java.security.Signature

Analyzed Objects: 
	Object:
		Variable: varReplacer245
		Type: java.lang.String
		Statement: specialinvoke $r6.<javax.crypto.spec.SecretKeySpec: void <init>(byte[],java.lang.String)>($r5, varReplacer245)
		Method: <com.aidinhut.simpletextcrypt.Crypter: javax.crypto.SecretKey deriveKey(java.lang.String,java.lang.String)>
		SHA-256: bf8558f6b9408c7ab93a3176c814b4dec1c3cdfdb94a2cd8161e9ac39ddb5cbe
		Secure: false
	Object:
		Variable: $r3
		Type: javax.crypto.spec.IvParameterSpec
		Statement: specialinvoke $r3.<javax.crypto.spec.IvParameterSpec: void <init>(byte[])>($r4)
		Method: <com.aidinhut.simpletextcrypt.Crypter: java.lang.String decrypt(java.lang.String,java.lang.String)>
		SHA-256: dd8551e1ca45d888099a21038a01b49a9960696817905b7fc701dbe66f9cfb82
		Secure: false
	Object:
		Variable: varReplacer247
		Type: int
		Statement: specialinvoke $r4.<javax.crypto.spec.PBEKeySpec: void <init>(char[],byte[],int,int)>($r2, $r5, varReplacer246, varReplacer247)
		Method: <com.aidinhut.simpletextcrypt.Crypter: javax.crypto.SecretKey deriveKey(java.lang.String,java.lang.String)>
		SHA-256: 3281357ea2b0e2cce60e4f7ec732a0fff89cfb81bd8f28d28285012cc9c039bd
		Secure: false
	Object:
		Variable: $r6
		Type: javax.crypto.Cipher
		Statement: $r6 = staticinvoke <javax.crypto.Cipher: javax.crypto.Cipher getInstance(java.lang.String)>(varReplacer237)
		Method: <com.aidinhut.simpletextcrypt.Crypter: java.lang.String decrypt(java.lang.String,java.lang.String)>
		SHA-256: 7d8b9d844a1cd4d790c40db2071c0622ad5715657373aba88d4e664492395676
		Secure: false
	Object:
		Variable: $r4
		Type: javax.crypto.spec.PBEKeySpec
		Statement: specialinvoke $r4.<javax.crypto.spec.PBEKeySpec: void <init>(char[],byte[],int,int)>($r2, $r5, varReplacer246, varReplacer247)
		Method: <com.aidinhut.simpletextcrypt.Crypter: javax.crypto.SecretKey deriveKey(java.lang.String,java.lang.String)>
		SHA-256: 47c3ba05f5ae871095342b052a2676424ffccb60e47e6e50d02fe1919d71303a
		Secure: false
	Object:
		Variable: $r3
		Type: javax.crypto.SecretKeyFactory
		Statement: $r3 = staticinvoke <javax.crypto.SecretKeyFactory: javax.crypto.SecretKeyFactory getInstance(java.lang.String)>(varReplacer244)
		Method: <com.aidinhut.simpletextcrypt.Crypter: javax.crypto.SecretKey deriveKey(java.lang.String,java.lang.String)>
		SHA-256: 7eb4849e41f72fdf2e8fcfc9b6158ce82c47841d971e68569329cc3ac1ee0b40
		Secure: false
	Object:
		Variable: $r6
		Type: javax.crypto.spec.SecretKeySpec
		Statement: specialinvoke $r6.<javax.crypto.spec.SecretKeySpec: void <init>(byte[],java.lang.String)>($r5, varReplacer245)
		Method: <com.aidinhut.simpletextcrypt.Crypter: javax.crypto.SecretKey deriveKey(java.lang.String,java.lang.String)>
		SHA-256: c230c1d8f4f73cbd121d43945a69023c198c6f8a2edc2e0117ea8a3f7b5bcb62
		Secure: false
	Object:
		Variable: $r7
		Type: javax.crypto.SecretKey
		Statement: $r7 = virtualinvoke $r3.<javax.crypto.SecretKeyFactory: javax.crypto.SecretKey generateSecret(java.security.spec.KeySpec)>($r4)
		Method: <com.aidinhut.simpletextcrypt.Crypter: javax.crypto.SecretKey deriveKey(java.lang.String,java.lang.String)>
		SHA-256: 4dad37e8ee10944e07403cc78f84e58159aa8b27d3e8f169cb968473be158bdf
		Secure: false

Findings in Java Class: com.aidinhut.simpletextcrypt.Crypter

	 in Method: java.lang.String decrypt(java.lang.String,java.lang.String)
		TypestateError violating CrySL rule for javax.crypto.Cipher (on Object #7d8b9d844a1cd4d790c40db2071c0622ad5715657373aba88d4e664492395676)
			Unexpected call to method doFinal on object of type javax.crypto.Cipher. Expect a call to one of the following methods init,updateAAD
			at statement: $r4 = virtualinvoke $r6.<javax.crypto.Cipher: byte[] doFinal(byte[])>($r4)

		RequiredPredicateError violating CrySL rule for javax.crypto.spec.IvParameterSpec
			First parameter was not properly generated as randomized
			at statement: specialinvoke $r3.<javax.crypto.spec.IvParameterSpec: void <init>(byte[])>($r4)

		RequiredPredicateError violating CrySL rule for javax.crypto.Cipher
			Second parameter was not properly generated as generatedKey
			at statement: virtualinvoke $r6.<javax.crypto.Cipher: void init(int,java.security.Key,java.security.spec.AlgorithmParameterSpec)>(varReplacer238, $r5, $r3)


	 in Method: javax.crypto.SecretKey deriveKey(java.lang.String,java.lang.String)
		ConstraintError violating CrySL rule for javax.crypto.SecretKeyFactory (on Object #7eb4849e41f72fdf2e8fcfc9b6158ce82c47841d971e68569329cc3ac1ee0b40)
			First parameter (with value "PBKDF2WithHmacSHA1") should be any of {PBKDF2WithHmacSHA512, PBKDF2WithHmacSHA384, PBKDF2WithHmacSHA256, PBKDF2WithHmacSHA224, PBEWithHmacSHA512AndAES_128, PBEWithHmacSHA384AndAES_128, PBEWithHmacSHA384AndAES_128, PBEWithHmacSHA224AndAES_128, PBEWithHmacSHA256AndAES_128, PBEWithHmacSHA224AndAES_256, PBEWithHmacSHA256AndAES_256, PBEWithHmacSHA384AndAES_256, PBEWithHmacSHA512AndAES_256}
			at statement: $r3 = staticinvoke <javax.crypto.SecretKeyFactory: javax.crypto.SecretKeyFactory getInstance(java.lang.String)>(varReplacer244)

		RequiredPredicateError violating CrySL rule for javax.crypto.spec.PBEKeySpec
			Second parameter was not properly generated as randomized
			at statement: specialinvoke $r4.<javax.crypto.spec.PBEKeySpec: void <init>(char[],byte[],int,int)>($r2, $r5, varReplacer246, varReplacer247)

		RequiredPredicateError violating CrySL rule for javax.crypto.spec.SecretKeySpec
			First parameter was not properly generated as preparedKeyMaterial
			at statement: specialinvoke $r6.<javax.crypto.spec.SecretKeySpec: void <init>(byte[],java.lang.String)>($r5, varReplacer245)

		RequiredPredicateError violating CrySL rule for javax.crypto.SecretKeyFactory
			First parameter was not properly generated as speccedKey
			at statement: $r7 = virtualinvoke $r3.<javax.crypto.SecretKeyFactory: javax.crypto.SecretKey generateSecret(java.security.spec.KeySpec)>($r4)

		IncompleteOperationError violating CrySL rule for javax.crypto.spec.PBEKeySpec (on Object #47c3ba05f5ae871095342b052a2676424ffccb60e47e6e50d02fe1919d71303a)
			Operation on object of type javax.crypto.spec.PBEKeySpec object not completed. Expected call to clearPassword
			at statement: $r7 = virtualinvoke $r3.<javax.crypto.SecretKeyFactory: javax.crypto.SecretKey generateSecret(java.security.spec.KeySpec)>($r4)

		ConstraintError violating CrySL rule for javax.crypto.spec.PBEKeySpec (on Object #47c3ba05f5ae871095342b052a2676424ffccb60e47e6e50d02fe1919d71303a)
			Third parameter (with value 2000)Variable iterationCountmust be  at least 10000
			at statement: specialinvoke $r4.<javax.crypto.spec.PBEKeySpec: void <init>(char[],byte[],int,int)>($r2, $r5, varReplacer246, varReplacer247)


======================= CryptoAnalysis Summary ==========================
	Number of CrySL rules: 49
	Number of Objects Analyzed: 8

	CryptoAnalysis found the following violations. For details see description above.
	RequiredPredicateError: 5
	ConstraintError: 2
	IncompleteOperationError: 1
	TypestateError: 1
=====================================================================
