0    [main] WARN  pes.access.impl.DeclaredTypeFactory  - --- xtext.common.types ---------------------------------------------------
1    [main] WARN  pes.access.impl.DeclaredTypeFactory  - ASM library is too old. Falling back to java.lang.reflect API.
1    [main] WARN  pes.access.impl.DeclaredTypeFactory  - Please note that no information about compile time constants is available.
1    [main] WARN  pes.access.impl.DeclaredTypeFactory  - It's recommended to use org.objectweb.asm 9.1.0 or better (Maven group id: org.ow2.asm).
1    [main] WARN  pes.access.impl.DeclaredTypeFactory  - --------------------------------------------------------------------------
Ruleset: 
	java.security.cert.TrustAnchor
	javax.crypto.spec.GCMParameterSpec
	javax.xml.crypto.dsig.spec.HMACParameterSpec
	java.security.KeyPair
	java.security.DigestOutputStream
	javax.net.ssl.KeyStoreBuilderParameters
	javax.crypto.spec.OAEPParameterSpec
	javax.net.ssl.SSLContext
	javax.crypto.spec.DHGenParameterSpec
	javax.crypto.CipherOutputStream
	java.security.Key
	javax.crypto.SecretKeyFactory
	java.security.cert.PKIXBuilderParameters
	java.security.KeyFactory
	javax.crypto.spec.PBEKeySpec
	java.security.spec.DSAGenParameterSpec
	java.security.KeyPairGenerator
	javax.crypto.CipherInputStream
	javax.net.ssl.CertPathTrustManagerParameters
	java.security.cert.CertificateFactory
	java.security.SecureRandom
	java.security.spec.MGF1ParameterSpec
	javax.net.ssl.SSLEngine
	javax.crypto.spec.DHParameterSpec
	java.security.spec.DSAParameterSpec
	java.security.spec.ECParameterSpec
	java.security.spec.RSAKeyGenParameterSpec
	javax.crypto.spec.IvParameterSpec
	javax.crypto.Cipher
	javax.crypto.spec.PBEParameterSpec
	java.security.AlgorithmParameterGenerator
	java.security.spec.X509EncodedKeySpec
	javax.net.ssl.TrustManagerFactory
	java.security.DigestInputStream
	void
	javax.net.ssl.KeyManagerFactory
	java.security.cert.PKIXParameters
	java.net.PasswordAuthentication
	java.security.AlgorithmParameters
	javax.crypto.KeyAgreement
	javax.crypto.spec.SecretKeySpec
	javax.net.ssl.SSLParameters
	java.security.MessageDigest
	javax.crypto.SecretKey
	javax.crypto.KeyGenerator
	java.security.KeyStore
	javax.crypto.Mac
	java.security.spec.ECGenParameterSpec
	java.security.Signature

Analyzed Objects: 
	Object:
		Variable: $r4
		Type: javax.net.ssl.SSLContext
		Statement: $r4 = staticinvoke <javax.net.ssl.SSLContext: javax.net.ssl.SSLContext getInstance(java.lang.String)>(varReplacer16833)
		Method: <k5.f: javax.net.ssl.SSLContext l()>
		SHA-256: 25e46511c90e9489232c5de317f4b8f0a32309426bbc8b274f13de2861be37bc
		Secure: false
	Object:
		Variable: $r3
		Type: javax.net.ssl.SSLContext
		Statement: $r3 = staticinvoke <javax.net.ssl.SSLContext: javax.net.ssl.SSLContext getInstance(java.lang.String)>(varReplacer16837)
		Method: <k5.a: javax.net.ssl.SSLContext l()>
		SHA-256: 4547eabce3b61d6909edd838f9d7617ad6be7b7f39a29d8a91f58a389a18b7b8
		Secure: false
	Object:
		Variable: $r2
		Type: java.security.MessageDigest
		Statement: $r2 = staticinvoke <java.security.MessageDigest: java.security.MessageDigest getInstance(java.lang.String)>($r1)
		Method: <n5.f: n5.f g(java.lang.String)>
		SHA-256: ecd07b4613912466cf27cdd512d979899d284840d41656ebbcfea101f8214319
		Secure: false
	Object:
		Variable: $r3
		Type: byte[]
		Statement: $r3 = virtualinvoke $r2.<java.security.MessageDigest: byte[] digest(byte[])>($r3)
		Method: <n5.f: n5.f g(java.lang.String)>
		SHA-256: e0eae91db7e79e6930c38c0dc8ea49b201bbb87a870769e4f3f8ea25b646a699
		Secure: false
	Object:
		Variable: $r5
		Type: java.security.cert.CertificateFactory
		Statement: $r5 = staticinvoke <java.security.cert.CertificateFactory: java.security.cert.CertificateFactory getInstance(java.lang.String)>(varReplacer26575)
		Method: <c5.c$d: java.util.List c(n5.e)>
		SHA-256: a8bc3363a989bc9e98ba26b4d96da9583b03fb57f19025e057b871e021919156
		Secure: false
	Object:
		Variable: $r3
		Type: javax.net.ssl.SSLContext
		Statement: $r3 = staticinvoke <javax.net.ssl.SSLContext: javax.net.ssl.SSLContext getInstance(java.lang.String,java.security.Provider)>(varReplacer16839, $r2)
		Method: <k5.b: javax.net.ssl.SSLContext l()>
		SHA-256: c22843a7e9fcf1c7fbba41a23a8697d1b5298a1ed2ef454a73dbfb9ca0871173
		Secure: false
	Object:
		Variable: $r4
		Type: javax.net.ssl.SSLContext
		Statement: $r4 = staticinvoke <javax.net.ssl.SSLContext: javax.net.ssl.SSLContext getInstance(java.lang.String)>(varReplacer16831)
		Method: <k5.f: javax.net.ssl.SSLContext l()>
		SHA-256: c2de2d791ac800b8795e05645dd74e03c1a5f1e54c094811aa9e0acf46742112
		Secure: false
	Object:
		Variable: $r3
		Type: javax.net.ssl.SSLContext
		Statement: $r3 = staticinvoke <javax.net.ssl.SSLContext: javax.net.ssl.SSLContext getInstance(java.lang.String,java.security.Provider)>(varReplacer16838, $r2)
		Method: <k5.b: javax.net.ssl.SSLContext l()>
		SHA-256: 28f874f6eda848af821abed811d51399c4c16a17b870ef3062a50e68052e2f06
		Secure: false
	Object:
		Variable: $r1
		Type: javax.net.ssl.TrustManagerFactory
		Statement: $r1 = staticinvoke <javax.net.ssl.TrustManagerFactory: javax.net.ssl.TrustManagerFactory getInstance(java.lang.String)>($r0)
		Method: <d5.c: javax.net.ssl.X509TrustManager B()>
		SHA-256: 8a650963ce964a0b56743789cbf32d5368acb08b52d053625af79d61d28333a2
		Secure: false
	Object:
		Variable: $r3
		Type: javax.net.ssl.SSLContext
		Statement: $r3 = staticinvoke <javax.net.ssl.SSLContext: javax.net.ssl.SSLContext getInstance(java.lang.String)>(varReplacer16835)
		Method: <k5.a: javax.net.ssl.SSLContext l()>
		SHA-256: 3f66f8ac8be48628d69f1a4590d167c809e65c0c4b1a7140e62f312cb30623ad
		Secure: false
	Object:
		Variable: $r2
		Type: javax.net.ssl.TrustManager[]
		Statement: $r2 = virtualinvoke $r1.<javax.net.ssl.TrustManagerFactory: javax.net.ssl.TrustManager[] getTrustManagers()>()
		Method: <d5.c: javax.net.ssl.X509TrustManager B()>
		SHA-256: cc11f235f44c3a612843c632d709982118bb1e2105d409628b8ffdf4cc9c740a
		Secure: false

Findings in Java Class: k5.f

	 in Method: javax.net.ssl.SSLContext l()
		ConstraintError violating CrySL rule for javax.net.ssl.SSLContext (on Object #25e46511c90e9489232c5de317f4b8f0a32309426bbc8b274f13de2861be37bc)
			First parameter (with value "TLS") should be any of {TLSv1.2, TLSv1.3}
			at statement: $r4 = staticinvoke <javax.net.ssl.SSLContext: javax.net.ssl.SSLContext getInstance(java.lang.String)>(varReplacer16833)


Findings in Java Class: k5.a

	 in Method: javax.net.ssl.SSLContext l()
		ConstraintError violating CrySL rule for javax.net.ssl.SSLContext (on Object #4547eabce3b61d6909edd838f9d7617ad6be7b7f39a29d8a91f58a389a18b7b8)
			First parameter (with value "TLS") should be any of {TLSv1.2, TLSv1.3}
			at statement: $r3 = staticinvoke <javax.net.ssl.SSLContext: javax.net.ssl.SSLContext getInstance(java.lang.String)>(varReplacer16837)


Findings in Java Class: k5.b

	 in Method: javax.net.ssl.SSLContext l()
		ConstraintError violating CrySL rule for javax.net.ssl.SSLContext (on Object #c22843a7e9fcf1c7fbba41a23a8697d1b5298a1ed2ef454a73dbfb9ca0871173)
			First parameter (with value "TLS") should be any of {TLSv1.2, TLSv1.3}
			at statement: $r3 = staticinvoke <javax.net.ssl.SSLContext: javax.net.ssl.SSLContext getInstance(java.lang.String,java.security.Provider)>(varReplacer16839, $r2)


Findings in Java Class: c5.c$d

	 in Method: java.util.List c(n5.e)
		IncompleteOperationError violating CrySL rule for java.security.cert.CertificateFactory (on Object #a8bc3363a989bc9e98ba26b4d96da9583b03fb57f19025e057b871e021919156)
			Operation on object of type java.security.cert.CertificateFactory object not completed. Expected call to generateCertPath, generateCRL, java.security.cert.CertificateFactory: java.security.cert.Certificate generateCertificate(java.io.InputStream)
			at statement: $r9 = virtualinvoke $r5.<java.security.cert.CertificateFactory: java.security.cert.Certificate generateCertificate(java.io.InputStream)>($r8)

		IncompleteOperationError violating CrySL rule for java.security.cert.CertificateFactory (on Object #a8bc3363a989bc9e98ba26b4d96da9583b03fb57f19025e057b871e021919156)
			Operation on object of type java.security.cert.CertificateFactory object not completed. Expected call to generateCertificate, generateCertPath, generateCRL
			at statement: $r5 = staticinvoke <java.security.cert.CertificateFactory: java.security.cert.CertificateFactory getInstance(java.lang.String)>(varReplacer26575)

		TypestateError violating CrySL rule for java.security.cert.CertificateFactory (on Object #a8bc3363a989bc9e98ba26b4d96da9583b03fb57f19025e057b871e021919156)
			Unexpected call to method generateCertificate on object of type java.security.cert.CertificateFactory. Expect a call to one of the following methods generateCRL
			at statement: $r9 = virtualinvoke $r5.<java.security.cert.CertificateFactory: java.security.cert.Certificate generateCertificate(java.io.InputStream)>($r8)


Findings in Java Class: n5.f

	 in Method: n5.f g(java.lang.String)
		ConstraintError violating CrySL rule for java.security.MessageDigest (on Object #ecd07b4613912466cf27cdd512d979899d284840d41656ebbcfea101f8214319)
			First parameter (with value "SHA-1") should be any of {SHA-256, SHA-384, SHA-512}
			at statement: $r2 = staticinvoke <java.security.MessageDigest: java.security.MessageDigest getInstance(java.lang.String)>($r1)

		ConstraintError violating CrySL rule for java.security.MessageDigest (on Object #ecd07b4613912466cf27cdd512d979899d284840d41656ebbcfea101f8214319)
			First parameter (with value "MD5") should be any of {SHA-256, SHA-384, SHA-512}
			at statement: $r2 = staticinvoke <java.security.MessageDigest: java.security.MessageDigest getInstance(java.lang.String)>($r1)


Findings in Java Class: c5.x

	 in Method: javax.net.ssl.SSLSocketFactory y(javax.net.ssl.X509TrustManager)
		RequiredPredicateError violating CrySL rule for javax.net.ssl.SSLContext
			First parameter was not properly generated as generatedKeyManagers
			at statement: virtualinvoke $r2.<javax.net.ssl.SSLContext: void init(javax.net.ssl.KeyManager[],javax.net.ssl.TrustManager[],java.security.SecureRandom)>(varReplacer13869, $r7, varReplacer13869)

		RequiredPredicateError violating CrySL rule for javax.net.ssl.SSLContext
			Third parameter was not properly generated as randomized
			at statement: virtualinvoke $r2.<javax.net.ssl.SSLContext: void init(javax.net.ssl.KeyManager[],javax.net.ssl.TrustManager[],java.security.SecureRandom)>(varReplacer13869, $r7, varReplacer13869)

		RequiredPredicateError violating CrySL rule for javax.net.ssl.SSLContext
			Second parameter was not properly generated as generatedTrustManagers
			at statement: virtualinvoke $r2.<javax.net.ssl.SSLContext: void init(javax.net.ssl.KeyManager[],javax.net.ssl.TrustManager[],java.security.SecureRandom)>(varReplacer13869, $r7, varReplacer13869)


Findings in Java Class: d5.c

	 in Method: javax.net.ssl.X509TrustManager B()
		RequiredPredicateError violating CrySL rule for javax.net.ssl.TrustManagerFactory
			First parameter was not properly generated as generatedKeyStore
			at statement: virtualinvoke $r1.<javax.net.ssl.TrustManagerFactory: void init(java.security.KeyStore)>(varReplacer13873)


======================= CryptoAnalysis Summary ==========================
	Number of CrySL rules: 49
	Number of Objects Analyzed: 11

	CryptoAnalysis found the following violations. For details see description above.
	TypestateError: 1
	ConstraintError: 5
	IncompleteOperationError: 2
	RequiredPredicateError: 4
=====================================================================
