0    [main] WARN  pes.access.impl.DeclaredTypeFactory  - --- xtext.common.types ---------------------------------------------------
1    [main] WARN  pes.access.impl.DeclaredTypeFactory  - ASM library is too old. Falling back to java.lang.reflect API.
1    [main] WARN  pes.access.impl.DeclaredTypeFactory  - Please note that no information about compile time constants is available.
1    [main] WARN  pes.access.impl.DeclaredTypeFactory  - It's recommended to use org.objectweb.asm 9.1.0 or better (Maven group id: org.ow2.asm).
1    [main] WARN  pes.access.impl.DeclaredTypeFactory  - --------------------------------------------------------------------------
Ruleset: 
	java.security.cert.TrustAnchor
	javax.crypto.spec.GCMParameterSpec
	javax.xml.crypto.dsig.spec.HMACParameterSpec
	java.security.KeyPair
	java.security.DigestOutputStream
	javax.net.ssl.KeyStoreBuilderParameters
	javax.crypto.spec.OAEPParameterSpec
	javax.net.ssl.SSLContext
	javax.crypto.spec.DHGenParameterSpec
	javax.crypto.CipherOutputStream
	java.security.Key
	javax.crypto.SecretKeyFactory
	java.security.cert.PKIXBuilderParameters
	java.security.KeyFactory
	javax.crypto.spec.PBEKeySpec
	java.security.spec.DSAGenParameterSpec
	java.security.KeyPairGenerator
	javax.crypto.CipherInputStream
	javax.net.ssl.CertPathTrustManagerParameters
	java.security.cert.CertificateFactory
	java.security.SecureRandom
	java.security.spec.MGF1ParameterSpec
	javax.net.ssl.SSLEngine
	javax.crypto.spec.DHParameterSpec
	java.security.spec.DSAParameterSpec
	java.security.spec.ECParameterSpec
	java.security.spec.RSAKeyGenParameterSpec
	javax.crypto.spec.IvParameterSpec
	javax.crypto.Cipher
	javax.crypto.spec.PBEParameterSpec
	java.security.AlgorithmParameterGenerator
	java.security.spec.X509EncodedKeySpec
	javax.net.ssl.TrustManagerFactory
	java.security.DigestInputStream
	void
	javax.net.ssl.KeyManagerFactory
	java.security.cert.PKIXParameters
	java.net.PasswordAuthentication
	java.security.AlgorithmParameters
	javax.crypto.KeyAgreement
	javax.crypto.spec.SecretKeySpec
	javax.net.ssl.SSLParameters
	java.security.MessageDigest
	javax.crypto.SecretKey
	javax.crypto.KeyGenerator
	java.security.KeyStore
	javax.crypto.Mac
	java.security.spec.ECGenParameterSpec
	java.security.Signature

Analyzed Objects: 
	Object:
		Variable: $r1
		Type: java.security.MessageDigest
		Statement: $r1 = staticinvoke <java.security.MessageDigest: java.security.MessageDigest getInstance(java.lang.String)>(varReplacer19115)
		Method: <g1.j$a: g1.j$b b()>
		SHA-256: a33e48a804eb2e1fec67668f862412aae1724418291bdf0151d07c035ba4ab17
		Secure: true
	Object:
		Variable: $r4
		Type: java.security.Key
		Statement: $r4 = virtualinvoke $r0.<java.security.KeyStore: java.security.Key getKey(java.lang.String,char[])>(varReplacer19367, varReplacer19368)
		Method: <androidx.biometric.h: androidx.biometric.BiometricPrompt$c a()>
		SHA-256: d27b2c8a1559139ff471bb6c67d5f5948e6d806fa612ee2e688dbf42ede698c8
		Secure: false
	Object:
		Variable: $r6
		Type: javax.crypto.Cipher
		Statement: $r6 = staticinvoke <javax.crypto.Cipher: javax.crypto.Cipher getInstance(java.lang.String)>(varReplacer19371)
		Method: <androidx.biometric.h: androidx.biometric.BiometricPrompt$c a()>
		SHA-256: 74a3f44a64a30fcdd50cce05b2cef8429e12ae0b055f2bd5fe6eafad311c18d7
		Secure: false
	Object:
		Variable: $r0
		Type: java.security.KeyStore
		Statement: $r0 = staticinvoke <java.security.KeyStore: java.security.KeyStore getInstance(java.lang.String)>(varReplacer19374)
		Method: <androidx.biometric.h: androidx.biometric.BiometricPrompt$c a()>
		SHA-256: 446189dfff0b40bba12c579c870c45c1d65fc827acf178250c5da6250cae7ca9
		Secure: false
	Object:
		Variable: $r2
		Type: javax.crypto.KeyGenerator
		Statement: $r2 = staticinvoke <javax.crypto.KeyGenerator: javax.crypto.KeyGenerator getInstance(java.lang.String,java.lang.String)>(varReplacer19365, varReplacer19366)
		Method: <androidx.biometric.h: androidx.biometric.BiometricPrompt$c a()>
		SHA-256: 6d287eeee97ed129c09ed8d5c506f851adba33348afbb3fbf8ef250644d6ac62
		Secure: true
	Object:
		Variable: $r4
		Type: byte[]
		Statement: $r4 = virtualinvoke $r1.<java.security.MessageDigest: byte[] digest()>()
		Method: <com.simplemobiletools.commons.views.PinTab: java.lang.String getHashedPin()>
		SHA-256: 40789e4ba1d2e58de40ffb3e941fa52c38265531d6a675bc1b1523f6573f7e0a
		Secure: false
	Object:
		Variable: $r4
		Type: java.security.MessageDigest
		Statement: $r4 = staticinvoke <java.security.MessageDigest: java.security.MessageDigest getInstance(java.lang.String)>(varReplacer22300)
		Method: <z0.a: java.lang.String a(com.andrognito.patternlockview.PatternLockView,java.util.List)>
		SHA-256: 2782bd943420f0fee938fd39f141db190d2c2cdd5caf024c1f28d7186c64244b
		Secure: false
	Object:
		Variable: $r1
		Type: java.security.MessageDigest
		Statement: $r1 = staticinvoke <java.security.MessageDigest: java.security.MessageDigest getInstance(java.lang.String)>(varReplacer22148)
		Method: <com.simplemobiletools.commons.views.PinTab: java.lang.String getHashedPin()>
		SHA-256: c8dcc2066b2574027f068a92d539c0b62ec02882ecc7b6b5d2bc3e0588d4e63
		Secure: false
	Object:
		Variable: $r6
		Type: byte[]
		Statement: $r6 = virtualinvoke $r4.<java.security.MessageDigest: byte[] digest()>()
		Method: <z0.a: java.lang.String a(com.andrognito.patternlockview.PatternLockView,java.util.List)>
		SHA-256: 5e168c09f8ee08fa3c0a10ab49cef9cfc2c9aa4193b884556bd94e9501f7cab8
		Secure: false

Findings in Java Class: androidx.biometric.h

	 in Method: androidx.biometric.BiometricPrompt$c a()
		ConstraintError violating CrySL rule for javax.crypto.Cipher (on Object #74a3f44a64a30fcdd50cce05b2cef8429e12ae0b055f2bd5fe6eafad311c18d7)
			First parameter (with value "AES/CBC/PKCS7Padding") should be any of AES/CBC/{PKCS5Padding, ISO10126Padding}
			at statement: $r6 = staticinvoke <javax.crypto.Cipher: javax.crypto.Cipher getInstance(java.lang.String)>(varReplacer19371)

		ConstraintError violating CrySL rule for java.security.KeyStore (on Object #446189dfff0b40bba12c579c870c45c1d65fc827acf178250c5da6250cae7ca9)
			First parameter (with value "AndroidKeyStore") should be any of {JCEKS, JKS, DKS, PKCS11, PKCS12}
			at statement: $r0 = staticinvoke <java.security.KeyStore: java.security.KeyStore getInstance(java.lang.String)>(varReplacer19374)

		RequiredPredicateError violating CrySL rule for javax.crypto.Cipher
			Second parameter was not properly generated as generatedKey
			at statement: virtualinvoke $r6.<javax.crypto.Cipher: void init(int,java.security.Key)>(varReplacer19364, $r5)


Findings in Java Class: com.simplemobiletools.commons.views.PinTab

	 in Method: java.lang.String getHashedPin()
		ConstraintError violating CrySL rule for java.security.MessageDigest (on Object #c8dcc2066b2574027f068a92d539c0b62ec02882ecc7b6b5d2bc3e0588d4e63)
			First parameter (with value "SHA-1") should be any of {SHA-256, SHA-384, SHA-512}
			at statement: $r1 = staticinvoke <java.security.MessageDigest: java.security.MessageDigest getInstance(java.lang.String)>(varReplacer22148)


Findings in Java Class: z0.a

	 in Method: java.lang.String a(com.andrognito.patternlockview.PatternLockView,java.util.List)
		ConstraintError violating CrySL rule for java.security.MessageDigest (on Object #2782bd943420f0fee938fd39f141db190d2c2cdd5caf024c1f28d7186c64244b)
			First parameter (with value "SHA-1") should be any of {SHA-256, SHA-384, SHA-512}
			at statement: $r4 = staticinvoke <java.security.MessageDigest: java.security.MessageDigest getInstance(java.lang.String)>(varReplacer22300)


======================= CryptoAnalysis Summary ==========================
	Number of CrySL rules: 49
	Number of Objects Analyzed: 9

	CryptoAnalysis found the following violations. For details see description above.
	ConstraintError: 4
	RequiredPredicateError: 1
=====================================================================
