0    [main] WARN  pes.access.impl.DeclaredTypeFactory  - --- xtext.common.types ---------------------------------------------------
0    [main] WARN  pes.access.impl.DeclaredTypeFactory  - ASM library is too old. Falling back to java.lang.reflect API.
1    [main] WARN  pes.access.impl.DeclaredTypeFactory  - Please note that no information about compile time constants is available.
1    [main] WARN  pes.access.impl.DeclaredTypeFactory  - It's recommended to use org.objectweb.asm 9.1.0 or better (Maven group id: org.ow2.asm).
1    [main] WARN  pes.access.impl.DeclaredTypeFactory  - --------------------------------------------------------------------------
Ruleset: 
	java.security.cert.TrustAnchor
	javax.crypto.spec.GCMParameterSpec
	javax.xml.crypto.dsig.spec.HMACParameterSpec
	java.security.KeyPair
	java.security.DigestOutputStream
	javax.net.ssl.KeyStoreBuilderParameters
	javax.crypto.spec.OAEPParameterSpec
	javax.net.ssl.SSLContext
	javax.crypto.spec.DHGenParameterSpec
	javax.crypto.CipherOutputStream
	java.security.Key
	javax.crypto.SecretKeyFactory
	java.security.cert.PKIXBuilderParameters
	java.security.KeyFactory
	javax.crypto.spec.PBEKeySpec
	java.security.spec.DSAGenParameterSpec
	java.security.KeyPairGenerator
	javax.crypto.CipherInputStream
	javax.net.ssl.CertPathTrustManagerParameters
	java.security.cert.CertificateFactory
	java.security.SecureRandom
	java.security.spec.MGF1ParameterSpec
	javax.net.ssl.SSLEngine
	javax.crypto.spec.DHParameterSpec
	java.security.spec.DSAParameterSpec
	java.security.spec.ECParameterSpec
	java.security.spec.RSAKeyGenParameterSpec
	javax.crypto.spec.IvParameterSpec
	javax.crypto.Cipher
	javax.crypto.spec.PBEParameterSpec
	java.security.AlgorithmParameterGenerator
	java.security.spec.X509EncodedKeySpec
	javax.net.ssl.TrustManagerFactory
	java.security.DigestInputStream
	void
	javax.net.ssl.KeyManagerFactory
	java.security.cert.PKIXParameters
	java.net.PasswordAuthentication
	java.security.AlgorithmParameters
	javax.crypto.KeyAgreement
	javax.crypto.spec.SecretKeySpec
	javax.net.ssl.SSLParameters
	java.security.MessageDigest
	javax.crypto.SecretKey
	javax.crypto.KeyGenerator
	java.security.KeyStore
	javax.crypto.Mac
	java.security.spec.ECGenParameterSpec
	java.security.Signature

Analyzed Objects: 
	Object:
		Variable: $r8
		Type: byte[]
		Statement: $r8 = virtualinvoke $r14.<java.security.MessageDigest: byte[] digest(byte[])>($r8)
		Method: <com.oF2pks.applicationsinfo.utils.Utils: com.oF2pks.applicationsinfo.utils.Tuple apkPro(android.content.pm.PackageInfo)>
		SHA-256: 2d4d6005a3788970d2ade9b2c22af96e60f2b51ddc548e15239a3311abad6b59
		Secure: false
	Object:
		Variable: $r14
		Type: java.security.MessageDigest
		Statement: $r14 = staticinvoke <java.security.MessageDigest: java.security.MessageDigest getInstance(java.lang.String)>(varReplacer10997)
		Method: <com.oF2pks.applicationsinfo.utils.Utils: com.oF2pks.applicationsinfo.utils.Tuple apkPro(android.content.pm.PackageInfo)>
		SHA-256: 1403b1fd71b3161d69173390af62b292bb712f95a052daea61dbae1edfc86bfd
		Secure: false
	Object:
		Variable: $r6
		Type: java.security.cert.CertificateFactory
		Statement: $r6 = staticinvoke <java.security.cert.CertificateFactory: java.security.cert.CertificateFactory getInstance(java.lang.String)>(varReplacer10993)
		Method: <com.oF2pks.applicationsinfo.utils.Utils: com.oF2pks.applicationsinfo.utils.Tuple apkPro(android.content.pm.PackageInfo)>
		SHA-256: 2f16ab16a65f99684288fc5aee4d1be8c96f0a8abc9156bf9561cf07aaf85c64
		Secure: false

Findings in Java Class: com.oF2pks.applicationsinfo.utils.Utils

	 in Method: com.oF2pks.applicationsinfo.utils.Tuple apkPro(android.content.pm.PackageInfo)
		ConstraintError violating CrySL rule for java.security.MessageDigest (on Object #1403b1fd71b3161d69173390af62b292bb712f95a052daea61dbae1edfc86bfd)
			First parameter (with value "sha256") should be any of {SHA-256, SHA-384, SHA-512}
			at statement: $r14 = staticinvoke <java.security.MessageDigest: java.security.MessageDigest getInstance(java.lang.String)>(varReplacer10997)

		IncompleteOperationError violating CrySL rule for java.security.cert.CertificateFactory (on Object #2f16ab16a65f99684288fc5aee4d1be8c96f0a8abc9156bf9561cf07aaf85c64)
			Operation on object of type java.security.cert.CertificateFactory object not completed. Expected call to generateCRL
			at statement: $r9 = virtualinvoke $r6.<java.security.cert.CertificateFactory: java.security.cert.Certificate generateCertificate(java.io.InputStream)>($r7)


======================= CryptoAnalysis Summary ==========================
	Number of CrySL rules: 49
	Number of Objects Analyzed: 3

	CryptoAnalysis found the following violations. For details see description above.
	IncompleteOperationError: 1
	ConstraintError: 1
=====================================================================
