0    [main] WARN  pes.access.impl.DeclaredTypeFactory  - --- xtext.common.types ---------------------------------------------------
0    [main] WARN  pes.access.impl.DeclaredTypeFactory  - ASM library is too old. Falling back to java.lang.reflect API.
0    [main] WARN  pes.access.impl.DeclaredTypeFactory  - Please note that no information about compile time constants is available.
0    [main] WARN  pes.access.impl.DeclaredTypeFactory  - It's recommended to use org.objectweb.asm 9.1.0 or better (Maven group id: org.ow2.asm).
0    [main] WARN  pes.access.impl.DeclaredTypeFactory  - --------------------------------------------------------------------------
Ruleset: 
	java.security.cert.TrustAnchor
	javax.crypto.spec.GCMParameterSpec
	javax.xml.crypto.dsig.spec.HMACParameterSpec
	java.security.KeyPair
	java.security.DigestOutputStream
	javax.net.ssl.KeyStoreBuilderParameters
	javax.crypto.spec.OAEPParameterSpec
	javax.net.ssl.SSLContext
	javax.crypto.spec.DHGenParameterSpec
	javax.crypto.CipherOutputStream
	java.security.Key
	javax.crypto.SecretKeyFactory
	java.security.cert.PKIXBuilderParameters
	java.security.KeyFactory
	javax.crypto.spec.PBEKeySpec
	java.security.spec.DSAGenParameterSpec
	java.security.KeyPairGenerator
	javax.crypto.CipherInputStream
	javax.net.ssl.CertPathTrustManagerParameters
	java.security.cert.CertificateFactory
	java.security.SecureRandom
	java.security.spec.MGF1ParameterSpec
	javax.net.ssl.SSLEngine
	javax.crypto.spec.DHParameterSpec
	java.security.spec.DSAParameterSpec
	java.security.spec.ECParameterSpec
	java.security.spec.RSAKeyGenParameterSpec
	javax.crypto.spec.IvParameterSpec
	javax.crypto.Cipher
	javax.crypto.spec.PBEParameterSpec
	java.security.AlgorithmParameterGenerator
	java.security.spec.X509EncodedKeySpec
	javax.net.ssl.TrustManagerFactory
	java.security.DigestInputStream
	void
	javax.net.ssl.KeyManagerFactory
	java.security.cert.PKIXParameters
	java.net.PasswordAuthentication
	java.security.AlgorithmParameters
	javax.crypto.KeyAgreement
	javax.crypto.spec.SecretKeySpec
	javax.net.ssl.SSLParameters
	java.security.MessageDigest
	javax.crypto.SecretKey
	javax.crypto.KeyGenerator
	java.security.KeyStore
	javax.crypto.Mac
	java.security.spec.ECGenParameterSpec
	java.security.Signature

Analyzed Objects: 
	Object:
		Variable: $r1
		Type: java.security.MessageDigest
		Statement: $r1 = staticinvoke <java.security.MessageDigest: java.security.MessageDigest getInstance(java.lang.String)>(varReplacer26176)
		Method: <com.simplemobiletools.commons.views.PinTab: java.lang.String getHashedPin()>
		SHA-256: 913653270d2982387a0d7ebf90f235e76447629d5415699a3efbfa806dd64c88
		Secure: false
	Object:
		Variable: $r2
		Type: javax.crypto.KeyGenerator
		Statement: $r2 = staticinvoke <javax.crypto.KeyGenerator: javax.crypto.KeyGenerator getInstance(java.lang.String,java.lang.String)>(varReplacer19787, varReplacer19788)
		Method: <androidx.biometric.h: androidx.biometric.BiometricPrompt$c a()>
		SHA-256: 3975ea604a04836ed30a062fcf175c502f8ae1e3b3fae4fa48538801286fc491
		Secure: true
	Object:
		Variable: $r6
		Type: byte[]
		Statement: $r6 = virtualinvoke $r4.<java.security.MessageDigest: byte[] digest()>()
		Method: <f1.a: java.lang.String a(com.andrognito.patternlockview.PatternLockView,java.util.List)>
		SHA-256: 5e168c09f8ee08fa3c0a10ab49cef9cfc2c9aa4193b884556bd94e9501f7cab8
		Secure: false
	Object:
		Variable: $r0
		Type: java.security.KeyStore
		Statement: $r0 = staticinvoke <java.security.KeyStore: java.security.KeyStore getInstance(java.lang.String)>(varReplacer19783)
		Method: <androidx.biometric.h: androidx.biometric.BiometricPrompt$c a()>
		SHA-256: acca2e96fa2b2518e76d039ccd45571fb7954efda051420b26bda27bc68a5d4c
		Secure: false
	Object:
		Variable: $r4
		Type: java.security.MessageDigest
		Statement: $r4 = staticinvoke <java.security.MessageDigest: java.security.MessageDigest getInstance(java.lang.String)>(varReplacer26428)
		Method: <f1.a: java.lang.String a(com.andrognito.patternlockview.PatternLockView,java.util.List)>
		SHA-256: d8ef6f1ba51307d9e241e49fedba264dc455005174123a74ef75c357c6cd4ab2
		Secure: false
	Object:
		Variable: $r6
		Type: javax.crypto.Cipher
		Statement: $r6 = staticinvoke <javax.crypto.Cipher: javax.crypto.Cipher getInstance(java.lang.String)>(varReplacer19780)
		Method: <androidx.biometric.h: androidx.biometric.BiometricPrompt$c a()>
		SHA-256: 3e176d4c471f6de1aae935cc680981c9bf8e2991950776c2465fead15564b683
		Secure: false
	Object:
		Variable: $r4
		Type: byte[]
		Statement: $r4 = virtualinvoke $r1.<java.security.MessageDigest: byte[] digest()>()
		Method: <com.simplemobiletools.commons.views.PinTab: java.lang.String getHashedPin()>
		SHA-256: 40789e4ba1d2e58de40ffb3e941fa52c38265531d6a675bc1b1523f6573f7e0a
		Secure: false
	Object:
		Variable: $r3
		Type: java.security.MessageDigest
		Statement: $r3 = staticinvoke <java.security.MessageDigest: java.security.MessageDigest getInstance(java.lang.String)>($r2)
		Method: <com.simplemobiletools.commons.extensions.InputStreamKt: java.lang.String getDigest(java.io.InputStream,java.lang.String)>
		SHA-256: 10108c16a50c550b43fb99cc9e99c7e0a7e396d998dcb6ebfe3ef9cc906db299
		Secure: false
	Object:
		Variable: $r1
		Type: java.security.MessageDigest
		Statement: $r1 = staticinvoke <java.security.MessageDigest: java.security.MessageDigest getInstance(java.lang.String)>(varReplacer23123)
		Method: <m1.j$a: m1.j$b b()>
		SHA-256: a919bd25d7d85bd976f2079c444b65798fe1edb47e5142cddad34baffd9b39fa
		Secure: true
	Object:
		Variable: $r4
		Type: byte[]
		Statement: $r4 = virtualinvoke $r3.<java.security.MessageDigest: byte[] digest()>()
		Method: <com.simplemobiletools.commons.extensions.InputStreamKt: java.lang.String getDigest(java.io.InputStream,java.lang.String)>
		SHA-256: e2948507a7d57fb28462d033da324fed20091c7ee46163ad41e065cb066c02bc
		Secure: false
	Object:
		Variable: $r4
		Type: java.security.Key
		Statement: $r4 = virtualinvoke $r0.<java.security.KeyStore: java.security.Key getKey(java.lang.String,char[])>(varReplacer19781, varReplacer19782)
		Method: <androidx.biometric.h: androidx.biometric.BiometricPrompt$c a()>
		SHA-256: 9939947c181f56d99c6afc3aee37dbfd61249c1a2fd6201d0ef7ddff16886f5c
		Secure: false

Findings in Java Class: com.simplemobiletools.commons.extensions.InputStreamKt

	 in Method: java.lang.String getDigest(java.io.InputStream,java.lang.String)
		TypestateError violating CrySL rule for java.security.MessageDigest (on Object #10108c16a50c550b43fb99cc9e99c7e0a7e396d998dcb6ebfe3ef9cc906db299)
			Unexpected call to method <java.security.MessageDigest: byte[] digest()> on object of type java.security.MessageDigest. Expect a call to one of the following methods java.security.MessageDigest: void update(byte[],int,int),java.security.MessageDigest: void update(java.nio.ByteBuffer),java.security.MessageDigest: byte[] digest(byte[]),java.security.MessageDigest: void update(byte),java.security.MessageDigest: void update(byte[])
			at statement: $r4 = virtualinvoke $r3.<java.security.MessageDigest: byte[] digest()>()

		ConstraintError violating CrySL rule for java.security.MessageDigest (on Object #10108c16a50c550b43fb99cc9e99c7e0a7e396d998dcb6ebfe3ef9cc906db299)
			First parameter (with value "MD5") should be any of {SHA-256, SHA-384, SHA-512}
			at statement: $r3 = staticinvoke <java.security.MessageDigest: java.security.MessageDigest getInstance(java.lang.String)>($r2)


Findings in Java Class: androidx.biometric.h

	 in Method: androidx.biometric.BiometricPrompt$c a()
		ConstraintError violating CrySL rule for javax.crypto.Cipher (on Object #3e176d4c471f6de1aae935cc680981c9bf8e2991950776c2465fead15564b683)
			First parameter (with value "AES/CBC/PKCS7Padding") should be any of AES/CBC/{PKCS5Padding, ISO10126Padding}
			at statement: $r6 = staticinvoke <javax.crypto.Cipher: javax.crypto.Cipher getInstance(java.lang.String)>(varReplacer19780)

		ConstraintError violating CrySL rule for java.security.KeyStore (on Object #acca2e96fa2b2518e76d039ccd45571fb7954efda051420b26bda27bc68a5d4c)
			First parameter (with value "AndroidKeyStore") should be any of {JCEKS, JKS, DKS, PKCS11, PKCS12}
			at statement: $r0 = staticinvoke <java.security.KeyStore: java.security.KeyStore getInstance(java.lang.String)>(varReplacer19783)

		RequiredPredicateError violating CrySL rule for javax.crypto.Cipher
			Second parameter was not properly generated as generatedKey
			at statement: virtualinvoke $r6.<javax.crypto.Cipher: void init(int,java.security.Key)>(varReplacer19790, $r5)


Findings in Java Class: com.simplemobiletools.commons.views.PinTab

	 in Method: java.lang.String getHashedPin()
		ConstraintError violating CrySL rule for java.security.MessageDigest (on Object #913653270d2982387a0d7ebf90f235e76447629d5415699a3efbfa806dd64c88)
			First parameter (with value "SHA-1") should be any of {SHA-256, SHA-384, SHA-512}
			at statement: $r1 = staticinvoke <java.security.MessageDigest: java.security.MessageDigest getInstance(java.lang.String)>(varReplacer26176)


Findings in Java Class: f1.a

	 in Method: java.lang.String a(com.andrognito.patternlockview.PatternLockView,java.util.List)
		ConstraintError violating CrySL rule for java.security.MessageDigest (on Object #d8ef6f1ba51307d9e241e49fedba264dc455005174123a74ef75c357c6cd4ab2)
			First parameter (with value "SHA-1") should be any of {SHA-256, SHA-384, SHA-512}
			at statement: $r4 = staticinvoke <java.security.MessageDigest: java.security.MessageDigest getInstance(java.lang.String)>(varReplacer26428)


======================= CryptoAnalysis Summary ==========================
	Number of CrySL rules: 49
	Number of Objects Analyzed: 11

	CryptoAnalysis found the following violations. For details see description above.
	RequiredPredicateError: 1
	TypestateError: 1
	ConstraintError: 5
=====================================================================
