0    [main] WARN  pes.access.impl.DeclaredTypeFactory  - --- xtext.common.types ---------------------------------------------------
1    [main] WARN  pes.access.impl.DeclaredTypeFactory  - ASM library is too old. Falling back to java.lang.reflect API.
1    [main] WARN  pes.access.impl.DeclaredTypeFactory  - Please note that no information about compile time constants is available.
1    [main] WARN  pes.access.impl.DeclaredTypeFactory  - It's recommended to use org.objectweb.asm 9.1.0 or better (Maven group id: org.ow2.asm).
1    [main] WARN  pes.access.impl.DeclaredTypeFactory  - --------------------------------------------------------------------------
Ruleset: 
	java.security.cert.TrustAnchor
	javax.crypto.spec.GCMParameterSpec
	javax.xml.crypto.dsig.spec.HMACParameterSpec
	java.security.KeyPair
	java.security.DigestOutputStream
	javax.net.ssl.KeyStoreBuilderParameters
	javax.crypto.spec.OAEPParameterSpec
	javax.net.ssl.SSLContext
	javax.crypto.spec.DHGenParameterSpec
	javax.crypto.CipherOutputStream
	java.security.Key
	javax.crypto.SecretKeyFactory
	java.security.cert.PKIXBuilderParameters
	java.security.KeyFactory
	javax.crypto.spec.PBEKeySpec
	java.security.spec.DSAGenParameterSpec
	java.security.KeyPairGenerator
	javax.crypto.CipherInputStream
	javax.net.ssl.CertPathTrustManagerParameters
	java.security.cert.CertificateFactory
	java.security.SecureRandom
	java.security.spec.MGF1ParameterSpec
	javax.net.ssl.SSLEngine
	javax.crypto.spec.DHParameterSpec
	java.security.spec.DSAParameterSpec
	java.security.spec.ECParameterSpec
	java.security.spec.RSAKeyGenParameterSpec
	javax.crypto.spec.IvParameterSpec
	javax.crypto.Cipher
	javax.crypto.spec.PBEParameterSpec
	java.security.AlgorithmParameterGenerator
	java.security.spec.X509EncodedKeySpec
	javax.net.ssl.TrustManagerFactory
	java.security.DigestInputStream
	void
	javax.net.ssl.KeyManagerFactory
	java.security.cert.PKIXParameters
	java.net.PasswordAuthentication
	java.security.AlgorithmParameters
	javax.crypto.KeyAgreement
	javax.crypto.spec.SecretKeySpec
	javax.net.ssl.SSLParameters
	java.security.MessageDigest
	javax.crypto.SecretKey
	javax.crypto.KeyGenerator
	java.security.KeyStore
	javax.crypto.Mac
	java.security.spec.ECGenParameterSpec
	java.security.Signature

Analyzed Objects: 
	Object:
		Variable: $r2
		Type: javax.net.ssl.TrustManager[]
		Statement: $r2 = virtualinvoke $r1.<javax.net.ssl.TrustManagerFactory: javax.net.ssl.TrustManager[] getTrustManagers()>()
		Method: <okhttp3.internal.Util: javax.net.ssl.X509TrustManager platformTrustManager()>
		SHA-256: dea0af93b06734ae35228a014521e6e031131dd2b357359826afa61f9a6de1b
		Secure: false
	Object:
		Variable: $r3
		Type: javax.net.ssl.SSLContext
		Statement: $r3 = staticinvoke <javax.net.ssl.SSLContext: javax.net.ssl.SSLContext getInstance(java.lang.String)>(varReplacer420)
		Method: <com.dar.nclientv2.components.classes.CustomSSLSocketFactory: okhttp3.OkHttpClient$Builder enableTls12OnPreLollipop(okhttp3.OkHttpClient$Builder)>
		SHA-256: 508c52da0539a4492ce9da4a09c07303f5818f46e0dbf5b537c1863337997018
		Secure: false
	Object:
		Variable: $r6
		Type: java.security.MessageDigest
		Statement: $r6 = staticinvoke <java.security.MessageDigest: java.security.MessageDigest getInstance(java.lang.String)>(varReplacer2912)
		Method: <com.dar.nclientv2.components.activities.CrashApplication: boolean signatureCheck()>
		SHA-256: 2ac2081a9f88f26478f879c58f8f5d2afb96dac6193ceead9a508f6372af0cab
		Secure: false
	Object:
		Variable: $r3
		Type: javax.net.ssl.SSLContext
		Statement: $r3 = staticinvoke <javax.net.ssl.SSLContext: javax.net.ssl.SSLContext getInstance(java.lang.String,java.security.Provider)>(varReplacer6266, $r2)
		Method: <okhttp3.internal.platform.ConscryptPlatform: javax.net.ssl.SSLContext getSSLContext()>
		SHA-256: 7900fa6bf3eb1960491352a0db709403440fc2aaefcb002983eb7921251716b6
		Secure: false
	Object:
		Variable: $r3
		Type: javax.net.ssl.SSLContext
		Statement: $r3 = staticinvoke <javax.net.ssl.SSLContext: javax.net.ssl.SSLContext getInstance(java.lang.String,java.security.Provider)>(varReplacer6265, $r2)
		Method: <okhttp3.internal.platform.ConscryptPlatform: javax.net.ssl.SSLContext getSSLContext()>
		SHA-256: 6f1880b5cc1d3342b157c89b48d3f1fbde7ed9713306a02af081e1194a41d9a0
		Secure: false
	Object:
		Variable: $r4
		Type: javax.net.ssl.SSLContext
		Statement: $r4 = staticinvoke <javax.net.ssl.SSLContext: javax.net.ssl.SSLContext getInstance(java.lang.String)>(varReplacer6260)
		Method: <okhttp3.internal.platform.Platform: javax.net.ssl.SSLContext getSSLContext()>
		SHA-256: b154148cb6ac4b47c3d5f2fdb36499f93588c74a50646abd6ca4f7848737d076
		Secure: false
	Object:
		Variable: $r3
		Type: javax.net.ssl.SSLContext
		Statement: $r3 = staticinvoke <javax.net.ssl.SSLContext: javax.net.ssl.SSLContext getInstance(java.lang.String)>(varReplacer6264)
		Method: <okhttp3.internal.platform.AndroidPlatform: javax.net.ssl.SSLContext getSSLContext()>
		SHA-256: 92cccd84f89924bea1f1f69aef8a7f2fb5b19324a2885d5ed47775fa12019629
		Secure: false
	Object:
		Variable: $r5
		Type: java.security.cert.CertificateFactory
		Statement: $r5 = staticinvoke <java.security.cert.CertificateFactory: java.security.cert.CertificateFactory getInstance(java.lang.String)>(varReplacer29071)
		Method: <okhttp3.Cache$Entry: java.util.List readCertificateList(okio.BufferedSource)>
		SHA-256: efc85583e06792623849dc07529aaa8b3e1e9abb65f50fd3b105d529f7201990
		Secure: false
	Object:
		Variable: $r3
		Type: byte[]
		Statement: $r3 = virtualinvoke $r2.<java.security.MessageDigest: byte[] digest(byte[])>($r3)
		Method: <okio.ByteString: okio.ByteString digest(java.lang.String)>
		SHA-256: a79a1700ae9d8d44f13ea218f751e7024f8f1222b1b2ae17cdbab7b56d352181
		Secure: false
	Object:
		Variable: $r2
		Type: java.security.MessageDigest
		Statement: $r2 = staticinvoke <java.security.MessageDigest: java.security.MessageDigest getInstance(java.lang.String)>($r1)
		Method: <okio.ByteString: okio.ByteString digest(java.lang.String)>
		SHA-256: b336d574501b28a5bd90db22472c23a68acb0c1b99c4f14746fdc2a23c69a24e
		Secure: false
	Object:
		Variable: $r7
		Type: byte[]
		Statement: $r7 = virtualinvoke $r6.<java.security.MessageDigest: byte[] digest()>()
		Method: <com.dar.nclientv2.components.activities.CrashApplication: boolean signatureCheck()>
		SHA-256: d7d237cb1458c809fad4510a9ad56d4c05e2434adcc601aa8a0d0692e1ecd06d
		Secure: false
	Object:
		Variable: $r3
		Type: javax.net.ssl.SSLContext
		Statement: $r3 = staticinvoke <javax.net.ssl.SSLContext: javax.net.ssl.SSLContext getInstance(java.lang.String)>(varReplacer6262)
		Method: <okhttp3.internal.platform.AndroidPlatform: javax.net.ssl.SSLContext getSSLContext()>
		SHA-256: 3632f7168e17e2653bc694b87797b0d57dfdda4270bd36293506c5e2bc33ed20
		Secure: false
	Object:
		Variable: $r1
		Type: java.security.MessageDigest
		Statement: $r1 = staticinvoke <java.security.MessageDigest: java.security.MessageDigest getInstance(java.lang.String)>(varReplacer15815)
		Method: <com.bumptech.glide.load.engine.cache.SafeKeyGenerator$1: com.bumptech.glide.load.engine.cache.SafeKeyGenerator$PoolableDigestContainer create()>
		SHA-256: 459370f0220aefac4f7401c5c44b475b28cbd86f178c83f57c6ecd82e15217fa
		Secure: true
	Object:
		Variable: $r4
		Type: javax.net.ssl.SSLContext
		Statement: $r4 = staticinvoke <javax.net.ssl.SSLContext: javax.net.ssl.SSLContext getInstance(java.lang.String)>(varReplacer6261)
		Method: <okhttp3.internal.platform.Platform: javax.net.ssl.SSLContext getSSLContext()>
		SHA-256: cf6acd27f613fc2ecd3d51ba80db5e2007d0a4eec4758b2f9b10ef6f1427e0ec
		Secure: false
	Object:
		Variable: $r1
		Type: javax.net.ssl.TrustManagerFactory
		Statement: $r1 = staticinvoke <javax.net.ssl.TrustManagerFactory: javax.net.ssl.TrustManagerFactory getInstance(java.lang.String)>($r0)
		Method: <okhttp3.internal.Util: javax.net.ssl.X509TrustManager platformTrustManager()>
		SHA-256: a8764d384e0e6acd4407dba0e4c2025660362892494036c03c4b52a40e75c66b
		Secure: false

Findings in Java Class: com.dar.nclientv2.components.activities.CrashApplication

	 in Method: boolean signatureCheck()
		ConstraintError violating CrySL rule for java.security.MessageDigest (on Object #2ac2081a9f88f26478f879c58f8f5d2afb96dac6193ceead9a508f6372af0cab)
			First parameter (with value "MD5") should be any of {SHA-256, SHA-384, SHA-512}
			at statement: $r6 = staticinvoke <java.security.MessageDigest: java.security.MessageDigest getInstance(java.lang.String)>(varReplacer2912)


Findings in Java Class: okhttp3.internal.platform.Platform

	 in Method: javax.net.ssl.SSLContext getSSLContext()
		ConstraintError violating CrySL rule for javax.net.ssl.SSLContext (on Object #cf6acd27f613fc2ecd3d51ba80db5e2007d0a4eec4758b2f9b10ef6f1427e0ec)
			First parameter (with value "TLS") should be any of {TLSv1.2, TLSv1.3}
			at statement: $r4 = staticinvoke <javax.net.ssl.SSLContext: javax.net.ssl.SSLContext getInstance(java.lang.String)>(varReplacer6261)


Findings in Java Class: okhttp3.internal.platform.AndroidPlatform

	 in Method: javax.net.ssl.SSLContext getSSLContext()
		ConstraintError violating CrySL rule for javax.net.ssl.SSLContext (on Object #3632f7168e17e2653bc694b87797b0d57dfdda4270bd36293506c5e2bc33ed20)
			First parameter (with value "TLS") should be any of {TLSv1.2, TLSv1.3}
			at statement: $r3 = staticinvoke <javax.net.ssl.SSLContext: javax.net.ssl.SSLContext getInstance(java.lang.String)>(varReplacer6262)


Findings in Java Class: okhttp3.internal.platform.ConscryptPlatform

	 in Method: javax.net.ssl.SSLContext getSSLContext()
		ConstraintError violating CrySL rule for javax.net.ssl.SSLContext (on Object #6f1880b5cc1d3342b157c89b48d3f1fbde7ed9713306a02af081e1194a41d9a0)
			First parameter (with value "TLS") should be any of {TLSv1.2, TLSv1.3}
			at statement: $r3 = staticinvoke <javax.net.ssl.SSLContext: javax.net.ssl.SSLContext getInstance(java.lang.String,java.security.Provider)>(varReplacer6265, $r2)


Findings in Java Class: androidx.recyclerview.widget.AdapterHelper

	 in Method: boolean g(int,int,java.lang.Object)
		IncompleteOperationError violating CrySL rule for java.security.MessageDigest (on Object #459370f0220aefac4f7401c5c44b475b28cbd86f178c83f57c6ecd82e15217fa)
			Operation on object of type java.security.MessageDigest object not completed. Expected call to digest, update
			at statement: virtualinvoke $r2.<java.util.ArrayList: boolean add(java.lang.Object)>($r3)


	 in Method: void c(androidx.recyclerview.widget.AdapterHelper$UpdateOp,int)
		IncompleteOperationError violating CrySL rule for java.security.MessageDigest (on Object #459370f0220aefac4f7401c5c44b475b28cbd86f178c83f57c6ecd82e15217fa)
			Operation on object of type java.security.MessageDigest object not completed. Expected call to digest, update
			at statement: interfaceinvoke $r2.<androidx.recyclerview.widget.AdapterHelper$Callback: void onDispatchFirstPass(androidx.recyclerview.widget.AdapterHelper$UpdateOp)>($r1)


	 in Method: void applyRemove(androidx.recyclerview.widget.AdapterHelper$UpdateOp)
		IncompleteOperationError violating CrySL rule for java.security.MessageDigest (on Object #459370f0220aefac4f7401c5c44b475b28cbd86f178c83f57c6ecd82e15217fa)
			Operation on object of type java.security.MessageDigest object not completed. Expected call to digest, update
			at statement: specialinvoke r0.<androidx.recyclerview.widget.AdapterHelper: void postponeAndUpdateViewHolders(androidx.recyclerview.widget.AdapterHelper$UpdateOp)>($r4)

		IncompleteOperationError violating CrySL rule for java.security.MessageDigest (on Object #459370f0220aefac4f7401c5c44b475b28cbd86f178c83f57c6ecd82e15217fa)
			Operation on object of type java.security.MessageDigest object not completed. Expected call to digest, update
			at statement: specialinvoke r0.<androidx.recyclerview.widget.AdapterHelper: void dispatchAndUpdateViewHolders(androidx.recyclerview.widget.AdapterHelper$UpdateOp)>($r4)


	 in Method: androidx.recyclerview.widget.AdapterHelper$UpdateOp obtainUpdateOp(int,int,int,java.lang.Object)
		IncompleteOperationError violating CrySL rule for java.security.MessageDigest (on Object #459370f0220aefac4f7401c5c44b475b28cbd86f178c83f57c6ecd82e15217fa)
			Operation on object of type java.security.MessageDigest object not completed. Expected call to digest, update
			at statement: $r2 = interfaceinvoke $r3.<androidx.core.util.Pools$Pool: java.lang.Object acquire()>()


	 in Method: void k()
		IncompleteOperationError violating CrySL rule for java.security.MessageDigest (on Object #459370f0220aefac4f7401c5c44b475b28cbd86f178c83f57c6ecd82e15217fa)
			Operation on object of type java.security.MessageDigest object not completed. Expected call to digest, update
			at statement: specialinvoke r0.<androidx.recyclerview.widget.AdapterHelper: void applyMove(androidx.recyclerview.widget.AdapterHelper$UpdateOp)>($r4)

		IncompleteOperationError violating CrySL rule for java.security.MessageDigest (on Object #459370f0220aefac4f7401c5c44b475b28cbd86f178c83f57c6ecd82e15217fa)
			Operation on object of type java.security.MessageDigest object not completed. Expected call to digest, update
			at statement: specialinvoke r0.<androidx.recyclerview.widget.AdapterHelper: void applyUpdate(androidx.recyclerview.widget.AdapterHelper$UpdateOp)>($r4)

		IncompleteOperationError violating CrySL rule for java.security.MessageDigest (on Object #459370f0220aefac4f7401c5c44b475b28cbd86f178c83f57c6ecd82e15217fa)
			Operation on object of type java.security.MessageDigest object not completed. Expected call to digest, update
			at statement: specialinvoke r0.<androidx.recyclerview.widget.AdapterHelper: void applyRemove(androidx.recyclerview.widget.AdapterHelper$UpdateOp)>($r4)

		IncompleteOperationError violating CrySL rule for java.security.MessageDigest (on Object #459370f0220aefac4f7401c5c44b475b28cbd86f178c83f57c6ecd82e15217fa)
			Operation on object of type java.security.MessageDigest object not completed. Expected call to digest, update
			at statement: specialinvoke r0.<androidx.recyclerview.widget.AdapterHelper: void applyAdd(androidx.recyclerview.widget.AdapterHelper$UpdateOp)>($r4)

		IncompleteOperationError violating CrySL rule for java.security.MessageDigest (on Object #459370f0220aefac4f7401c5c44b475b28cbd86f178c83f57c6ecd82e15217fa)
			Operation on object of type java.security.MessageDigest object not completed. Expected call to digest, update
			at statement: $r4 = (androidx.recyclerview.widget.AdapterHelper$UpdateOp) $r3


	 in Method: void dispatchAndUpdateViewHolders(androidx.recyclerview.widget.AdapterHelper$UpdateOp)
		IncompleteOperationError violating CrySL rule for java.security.MessageDigest (on Object #459370f0220aefac4f7401c5c44b475b28cbd86f178c83f57c6ecd82e15217fa)
			Operation on object of type java.security.MessageDigest object not completed. Expected call to digest, update
			at statement: virtualinvoke $r3.<java.lang.StringBuilder: java.lang.StringBuilder append(java.lang.Object)>($r1)


	 in Method: void postponeAndUpdateViewHolders(androidx.recyclerview.widget.AdapterHelper$UpdateOp)
		IncompleteOperationError violating CrySL rule for java.security.MessageDigest (on Object #459370f0220aefac4f7401c5c44b475b28cbd86f178c83f57c6ecd82e15217fa)
			Operation on object of type java.security.MessageDigest object not completed. Expected call to digest, update
			at statement: virtualinvoke $r6.<java.lang.StringBuilder: java.lang.StringBuilder append(java.lang.Object)>($r2)


Findings in Java Class: androidx.core.util.Pools$SimplePool

	 in Method: boolean release(java.lang.Object)
		IncompleteOperationError violating CrySL rule for java.security.MessageDigest (on Object #459370f0220aefac4f7401c5c44b475b28cbd86f178c83f57c6ecd82e15217fa)
			Operation on object of type java.security.MessageDigest object not completed. Expected call to digest, update
			at statement: $z0 = specialinvoke r0.<androidx.core.util.Pools$SimplePool: boolean isInPool(java.lang.Object)>($r2)


Findings in Java Class: androidx.recyclerview.widget.OpReorderer

	 in Method: void swapMoveOp(java.util.List,int,int)
		IncompleteOperationError violating CrySL rule for java.security.MessageDigest (on Object #459370f0220aefac4f7401c5c44b475b28cbd86f178c83f57c6ecd82e15217fa)
			Operation on object of type java.security.MessageDigest object not completed. Expected call to digest, update
			at statement: $r7 = interfaceinvoke $r6.<androidx.recyclerview.widget.OpReorderer$Callback: androidx.recyclerview.widget.AdapterHelper$UpdateOp obtainUpdateOp(int,int,int,java.lang.Object)>(varReplacer16488, $i2, varReplacer16489, $r2)

		IncompleteOperationError violating CrySL rule for java.security.MessageDigest (on Object #459370f0220aefac4f7401c5c44b475b28cbd86f178c83f57c6ecd82e15217fa)
			Operation on object of type java.security.MessageDigest object not completed. Expected call to digest, update
			at statement: interfaceinvoke $r1.<java.util.List: void add(int,java.lang.Object)>($i0, $r7)

		IncompleteOperationError violating CrySL rule for java.security.MessageDigest (on Object #459370f0220aefac4f7401c5c44b475b28cbd86f178c83f57c6ecd82e15217fa)
			Operation on object of type java.security.MessageDigest object not completed. Expected call to digest, update
			at statement: $r7 = null


Findings in Java Class: kotlin.collections.builders.ListBuilder

	 in Method: void checkIsMutable()
		IncompleteOperationError violating CrySL rule for java.security.MessageDigest (on Object #459370f0220aefac4f7401c5c44b475b28cbd86f178c83f57c6ecd82e15217fa)
			Operation on object of type java.security.MessageDigest object not completed. Expected call to digest, update
			at statement: r0 = r0.<kotlin.collections.builders.ListBuilder: kotlin.collections.builders.ListBuilder root>


Findings in Java Class: okio.ByteString

	 in Method: okio.ByteString digest(java.lang.String)
		ConstraintError violating CrySL rule for java.security.MessageDigest (on Object #b336d574501b28a5bd90db22472c23a68acb0c1b99c4f14746fdc2a23c69a24e)
			First parameter (with value "SHA-1") should be any of {SHA-256, SHA-384, SHA-512}
			at statement: $r2 = staticinvoke <java.security.MessageDigest: java.security.MessageDigest getInstance(java.lang.String)>($r1)

		ConstraintError violating CrySL rule for java.security.MessageDigest (on Object #b336d574501b28a5bd90db22472c23a68acb0c1b99c4f14746fdc2a23c69a24e)
			First parameter (with value "MD5") should be any of {SHA-256, SHA-384, SHA-512}
			at statement: $r2 = staticinvoke <java.security.MessageDigest: java.security.MessageDigest getInstance(java.lang.String)>($r1)


Findings in Java Class: okhttp3.Cache$Entry

	 in Method: java.util.List readCertificateList(okio.BufferedSource)
		IncompleteOperationError violating CrySL rule for java.security.cert.CertificateFactory (on Object #efc85583e06792623849dc07529aaa8b3e1e9abb65f50fd3b105d529f7201990)
			Operation on object of type java.security.cert.CertificateFactory object not completed. Expected call to generateCertificate, generateCertPath, generateCRL
			at statement: $r5 = staticinvoke <java.security.cert.CertificateFactory: java.security.cert.CertificateFactory getInstance(java.lang.String)>(varReplacer29071)

		TypestateError violating CrySL rule for java.security.cert.CertificateFactory (on Object #efc85583e06792623849dc07529aaa8b3e1e9abb65f50fd3b105d529f7201990)
			Unexpected call to method generateCertificate on object of type java.security.cert.CertificateFactory. Expect a call to one of the following methods generateCRL
			at statement: $r9 = virtualinvoke $r5.<java.security.cert.CertificateFactory: java.security.cert.Certificate generateCertificate(java.io.InputStream)>($r8)

		IncompleteOperationError violating CrySL rule for java.security.cert.CertificateFactory (on Object #efc85583e06792623849dc07529aaa8b3e1e9abb65f50fd3b105d529f7201990)
			Operation on object of type java.security.cert.CertificateFactory object not completed. Expected call to generateCertPath, generateCRL, java.security.cert.CertificateFactory: java.security.cert.Certificate generateCertificate(java.io.InputStream)
			at statement: $r9 = virtualinvoke $r5.<java.security.cert.CertificateFactory: java.security.cert.Certificate generateCertificate(java.io.InputStream)>($r8)


Findings in Java Class: okhttp3.OkHttpClient

	 in Method: javax.net.ssl.SSLSocketFactory newSslSocketFactory(javax.net.ssl.X509TrustManager)
		RequiredPredicateError violating CrySL rule for javax.net.ssl.SSLContext
			Second parameter was not properly generated as generatedTrustManagers
			at statement: virtualinvoke $r2.<javax.net.ssl.SSLContext: void init(javax.net.ssl.KeyManager[],javax.net.ssl.TrustManager[],java.security.SecureRandom)>(varReplacer3804, $r7, varReplacer3804)

		RequiredPredicateError violating CrySL rule for javax.net.ssl.SSLContext
			Third parameter was not properly generated as randomized
			at statement: virtualinvoke $r2.<javax.net.ssl.SSLContext: void init(javax.net.ssl.KeyManager[],javax.net.ssl.TrustManager[],java.security.SecureRandom)>(varReplacer3804, $r7, varReplacer3804)

		RequiredPredicateError violating CrySL rule for javax.net.ssl.SSLContext
			First parameter was not properly generated as generatedKeyManagers
			at statement: virtualinvoke $r2.<javax.net.ssl.SSLContext: void init(javax.net.ssl.KeyManager[],javax.net.ssl.TrustManager[],java.security.SecureRandom)>(varReplacer3804, $r7, varReplacer3804)


Findings in Java Class: com.dar.nclientv2.components.classes.CustomSSLSocketFactory

	 in Method: okhttp3.OkHttpClient$Builder enableTls12OnPreLollipop(okhttp3.OkHttpClient$Builder)
		RequiredPredicateError violating CrySL rule for javax.net.ssl.SSLContext
			First parameter was not properly generated as generatedKeyManagers
			at statement: virtualinvoke $r3.<javax.net.ssl.SSLContext: void init(javax.net.ssl.KeyManager[],javax.net.ssl.TrustManager[],java.security.SecureRandom)>(varReplacer421, varReplacer421, varReplacer421)

		RequiredPredicateError violating CrySL rule for javax.net.ssl.SSLContext
			Third parameter was not properly generated as randomized
			at statement: virtualinvoke $r3.<javax.net.ssl.SSLContext: void init(javax.net.ssl.KeyManager[],javax.net.ssl.TrustManager[],java.security.SecureRandom)>(varReplacer421, varReplacer421, varReplacer421)

		RequiredPredicateError violating CrySL rule for javax.net.ssl.SSLContext
			Second parameter was not properly generated as generatedTrustManagers
			at statement: virtualinvoke $r3.<javax.net.ssl.SSLContext: void init(javax.net.ssl.KeyManager[],javax.net.ssl.TrustManager[],java.security.SecureRandom)>(varReplacer421, varReplacer421, varReplacer421)


Findings in Java Class: okhttp3.internal.Util

	 in Method: javax.net.ssl.X509TrustManager platformTrustManager()
		RequiredPredicateError violating CrySL rule for javax.net.ssl.TrustManagerFactory
			First parameter was not properly generated as generatedKeyStore
			at statement: virtualinvoke $r1.<javax.net.ssl.TrustManagerFactory: void init(java.security.KeyStore)>(varReplacer3807)


======================= CryptoAnalysis Summary ==========================
	Number of CrySL rules: 49
	Number of Objects Analyzed: 15

	CryptoAnalysis found the following violations. For details see description above.
	IncompleteOperationError: 19
	ConstraintError: 6
	TypestateError: 1
	RequiredPredicateError: 7
=====================================================================
