0    [main] WARN  pes.access.impl.DeclaredTypeFactory  - --- xtext.common.types ---------------------------------------------------
1    [main] WARN  pes.access.impl.DeclaredTypeFactory  - ASM library is too old. Falling back to java.lang.reflect API.
1    [main] WARN  pes.access.impl.DeclaredTypeFactory  - Please note that no information about compile time constants is available.
1    [main] WARN  pes.access.impl.DeclaredTypeFactory  - It's recommended to use org.objectweb.asm 9.1.0 or better (Maven group id: org.ow2.asm).
1    [main] WARN  pes.access.impl.DeclaredTypeFactory  - --------------------------------------------------------------------------
Alive 30994  5000
Alive 26914  5000
Alive 28516  5000
Alive 25533  5000
Alive 26408  5000
Alive 35391  5000
Alive 41928  5000
Alive 42185  5000
Alive 33968  5000
Alive 28176  5000
Alive 27870  5000
Alive 24015  5000
Alive 26397  5000
Alive 27469  5000
Alive 24843  5000
