0    [main] WARN  pes.access.impl.DeclaredTypeFactory  - --- xtext.common.types ---------------------------------------------------
0    [main] WARN  pes.access.impl.DeclaredTypeFactory  - ASM library is too old. Falling back to java.lang.reflect API.
0    [main] WARN  pes.access.impl.DeclaredTypeFactory  - Please note that no information about compile time constants is available.
0    [main] WARN  pes.access.impl.DeclaredTypeFactory  - It's recommended to use org.objectweb.asm 9.1.0 or better (Maven group id: org.ow2.asm).
0    [main] WARN  pes.access.impl.DeclaredTypeFactory  - --------------------------------------------------------------------------
Ruleset: 
	java.security.cert.TrustAnchor
	javax.crypto.spec.GCMParameterSpec
	javax.xml.crypto.dsig.spec.HMACParameterSpec
	java.security.KeyPair
	java.security.DigestOutputStream
	javax.net.ssl.KeyStoreBuilderParameters
	javax.crypto.spec.OAEPParameterSpec
	javax.net.ssl.SSLContext
	javax.crypto.spec.DHGenParameterSpec
	javax.crypto.CipherOutputStream
	java.security.Key
	javax.crypto.SecretKeyFactory
	java.security.cert.PKIXBuilderParameters
	java.security.KeyFactory
	javax.crypto.spec.PBEKeySpec
	java.security.spec.DSAGenParameterSpec
	java.security.KeyPairGenerator
	javax.crypto.CipherInputStream
	javax.net.ssl.CertPathTrustManagerParameters
	java.security.cert.CertificateFactory
	java.security.SecureRandom
	java.security.spec.MGF1ParameterSpec
	javax.net.ssl.SSLEngine
	javax.crypto.spec.DHParameterSpec
	java.security.spec.DSAParameterSpec
	java.security.spec.ECParameterSpec
	java.security.spec.RSAKeyGenParameterSpec
	javax.crypto.spec.IvParameterSpec
	javax.crypto.Cipher
	javax.crypto.spec.PBEParameterSpec
	java.security.AlgorithmParameterGenerator
	java.security.spec.X509EncodedKeySpec
	javax.net.ssl.TrustManagerFactory
	java.security.DigestInputStream
	void
	javax.net.ssl.KeyManagerFactory
	java.security.cert.PKIXParameters
	java.net.PasswordAuthentication
	java.security.AlgorithmParameters
	javax.crypto.KeyAgreement
	javax.crypto.spec.SecretKeySpec
	javax.net.ssl.SSLParameters
	java.security.MessageDigest
	javax.crypto.SecretKey
	javax.crypto.KeyGenerator
	java.security.KeyStore
	javax.crypto.Mac
	java.security.spec.ECGenParameterSpec
	java.security.Signature

Analyzed Objects: 
	Object:
		Variable: $r20
		Type: javax.net.ssl.TrustManagerFactory
		Statement: $r20 = staticinvoke <javax.net.ssl.TrustManagerFactory: javax.net.ssl.TrustManagerFactory getInstance(java.lang.String)>($r19)
		Method: <g.t: void <init>()>
		SHA-256: 739813fea8bcbfc88b5ff31ed8cf611dcc44cb5522e6001b850ee3747023e20
		Secure: false
	Object:
		Variable: $r3
		Type: byte[]
		Statement: $r3 = virtualinvoke $r2.<java.security.MessageDigest: byte[] digest(byte[])>($r3)
		Method: <h.h: h.h d(java.lang.String)>
		SHA-256: 3ed66dfa3c3cac2a599a66f225bdd71ad27013a8badb5539418a1a942ad53b99
		Secure: true
	Object:
		Variable: $r2
		Type: java.security.MessageDigest
		Statement: $r2 = staticinvoke <java.security.MessageDigest: java.security.MessageDigest getInstance(java.lang.String)>($r1)
		Method: <h.h: h.h d(java.lang.String)>
		SHA-256: 54703eca9ef53d1305ad81725c67ecdcb20e0005827131ac410060c05092e93d
		Secure: true
	Object:
		Variable: $r21
		Type: javax.net.ssl.TrustManager[]
		Statement: $r21 = virtualinvoke $r20.<javax.net.ssl.TrustManagerFactory: javax.net.ssl.TrustManager[] getTrustManagers()>()
		Method: <g.t: void <init>()>
		SHA-256: c5a534bc4485af90bf52f57c5215ba8c2a0ff0ee33a03a6b2df876369dee17fd
		Secure: false
	Object:
		Variable: $r4
		Type: javax.net.ssl.SSLContext
		Statement: $r4 = staticinvoke <javax.net.ssl.SSLContext: javax.net.ssl.SSLContext getInstance(java.lang.String)>(varReplacer1765)
		Method: <g.e0.j.g: javax.net.ssl.SSLContext h()>
		SHA-256: 9bec6d2981dc2e7ba31083f8279f926ba34f419c3cdba170138846e930aae12e
		Secure: false
	Object:
		Variable: $r3
		Type: javax.net.ssl.SSLContext
		Statement: $r3 = staticinvoke <javax.net.ssl.SSLContext: javax.net.ssl.SSLContext getInstance(java.lang.String,java.security.Provider)>(varReplacer1768, $r2)
		Method: <g.e0.j.c: javax.net.ssl.SSLContext h()>
		SHA-256: 94b977ea4f0e8cd0742fe1bb8baf2a8cf70c981e21620bfc7a0cffa16770a1e8
		Secure: false
	Object:
		Variable: $r4
		Type: javax.net.ssl.SSLContext
		Statement: $r4 = staticinvoke <javax.net.ssl.SSLContext: javax.net.ssl.SSLContext getInstance(java.lang.String)>(varReplacer1764)
		Method: <g.e0.j.g: javax.net.ssl.SSLContext h()>
		SHA-256: 91d5e66c81566f74473d63e6e19331d74d92f1bba1f175df8cfd6e4154ddc9d6
		Secure: false
	Object:
		Variable: $r3
		Type: javax.net.ssl.SSLContext
		Statement: $r3 = staticinvoke <javax.net.ssl.SSLContext: javax.net.ssl.SSLContext getInstance(java.lang.String)>(varReplacer1773)
		Method: <g.e0.j.b: javax.net.ssl.SSLContext h()>
		SHA-256: 2a226e032b47acae62ea8143532ac2bb73062073549f90cce63db6e9dd471cb3
		Secure: false
	Object:
		Variable: $r3
		Type: javax.net.ssl.SSLContext
		Statement: $r3 = staticinvoke <javax.net.ssl.SSLContext: javax.net.ssl.SSLContext getInstance(java.lang.String)>(varReplacer1772)
		Method: <g.e0.j.b: javax.net.ssl.SSLContext h()>
		SHA-256: 797b6ab6056b9a226c31973a7e4e64e1ea45923281e78c172c2493fb8488ae29
		Secure: false
	Object:
		Variable: $r3
		Type: javax.net.ssl.SSLContext
		Statement: $r3 = staticinvoke <javax.net.ssl.SSLContext: javax.net.ssl.SSLContext getInstance(java.lang.String,java.security.Provider)>(varReplacer1770, $r2)
		Method: <g.e0.j.c: javax.net.ssl.SSLContext h()>
		SHA-256: 1e1884b5587bd361c27689ecf9a9225baf14ee28a4342d821280b177689dba66
		Secure: false

Findings in Java Class: g.e0.j.g

	 in Method: javax.net.ssl.SSLContext h()
		ConstraintError violating CrySL rule for javax.net.ssl.SSLContext (on Object #91d5e66c81566f74473d63e6e19331d74d92f1bba1f175df8cfd6e4154ddc9d6)
			First parameter (with value "TLS") should be any of {TLSv1.2, TLSv1.3}
			at statement: $r4 = staticinvoke <javax.net.ssl.SSLContext: javax.net.ssl.SSLContext getInstance(java.lang.String)>(varReplacer1764)


Findings in Java Class: g.e0.j.c

	 in Method: javax.net.ssl.SSLContext h()
		ConstraintError violating CrySL rule for javax.net.ssl.SSLContext (on Object #1e1884b5587bd361c27689ecf9a9225baf14ee28a4342d821280b177689dba66)
			First parameter (with value "TLS") should be any of {TLSv1.2, TLSv1.3}
			at statement: $r3 = staticinvoke <javax.net.ssl.SSLContext: javax.net.ssl.SSLContext getInstance(java.lang.String,java.security.Provider)>(varReplacer1770, $r2)


Findings in Java Class: g.e0.j.b

	 in Method: javax.net.ssl.SSLContext h()
		ConstraintError violating CrySL rule for javax.net.ssl.SSLContext (on Object #2a226e032b47acae62ea8143532ac2bb73062073549f90cce63db6e9dd471cb3)
			First parameter (with value "TLS") should be any of {TLSv1.2, TLSv1.3}
			at statement: $r3 = staticinvoke <javax.net.ssl.SSLContext: javax.net.ssl.SSLContext getInstance(java.lang.String)>(varReplacer1773)


Findings in Java Class: g.t

	 in Method: void <init>()
		RequiredPredicateError violating CrySL rule for javax.net.ssl.TrustManagerFactory
			First parameter was not properly generated as generatedKeyStore
			at statement: virtualinvoke $r20.<javax.net.ssl.TrustManagerFactory: void init(java.security.KeyStore)>(varReplacer1051)

		RequiredPredicateError violating CrySL rule for javax.net.ssl.SSLContext
			Third parameter was not properly generated as randomized
			at statement: virtualinvoke $r25.<javax.net.ssl.SSLContext: void init(javax.net.ssl.KeyManager[],javax.net.ssl.TrustManager[],java.security.SecureRandom)>(varReplacer1062, $r21, varReplacer1062)

		RequiredPredicateError violating CrySL rule for javax.net.ssl.SSLContext
			First parameter was not properly generated as generatedKeyManagers
			at statement: virtualinvoke $r25.<javax.net.ssl.SSLContext: void init(javax.net.ssl.KeyManager[],javax.net.ssl.TrustManager[],java.security.SecureRandom)>(varReplacer1062, $r21, varReplacer1062)

		RequiredPredicateError violating CrySL rule for javax.net.ssl.SSLContext
			Second parameter was not properly generated as generatedTrustManagers
			at statement: virtualinvoke $r25.<javax.net.ssl.SSLContext: void init(javax.net.ssl.KeyManager[],javax.net.ssl.TrustManager[],java.security.SecureRandom)>(varReplacer1062, $r21, varReplacer1062)


======================= CryptoAnalysis Summary ==========================
	Number of CrySL rules: 49
	Number of Objects Analyzed: 10

	CryptoAnalysis found the following violations. For details see description above.
	RequiredPredicateError: 4
	ConstraintError: 3
=====================================================================
