0    [main] WARN  pes.access.impl.DeclaredTypeFactory  - --- xtext.common.types ---------------------------------------------------
0    [main] WARN  pes.access.impl.DeclaredTypeFactory  - ASM library is too old. Falling back to java.lang.reflect API.
0    [main] WARN  pes.access.impl.DeclaredTypeFactory  - Please note that no information about compile time constants is available.
0    [main] WARN  pes.access.impl.DeclaredTypeFactory  - It's recommended to use org.objectweb.asm 9.1.0 or better (Maven group id: org.ow2.asm).
0    [main] WARN  pes.access.impl.DeclaredTypeFactory  - --------------------------------------------------------------------------
Ruleset: 
	java.security.cert.TrustAnchor
	javax.crypto.spec.GCMParameterSpec
	javax.xml.crypto.dsig.spec.HMACParameterSpec
	java.security.KeyPair
	java.security.DigestOutputStream
	javax.net.ssl.KeyStoreBuilderParameters
	javax.crypto.spec.OAEPParameterSpec
	javax.net.ssl.SSLContext
	javax.crypto.spec.DHGenParameterSpec
	javax.crypto.CipherOutputStream
	java.security.Key
	javax.crypto.SecretKeyFactory
	java.security.cert.PKIXBuilderParameters
	java.security.KeyFactory
	javax.crypto.spec.PBEKeySpec
	java.security.spec.DSAGenParameterSpec
	java.security.KeyPairGenerator
	javax.crypto.CipherInputStream
	javax.net.ssl.CertPathTrustManagerParameters
	java.security.cert.CertificateFactory
	java.security.SecureRandom
	java.security.spec.MGF1ParameterSpec
	javax.net.ssl.SSLEngine
	javax.crypto.spec.DHParameterSpec
	java.security.spec.DSAParameterSpec
	java.security.spec.ECParameterSpec
	java.security.spec.RSAKeyGenParameterSpec
	javax.crypto.spec.IvParameterSpec
	javax.crypto.Cipher
	javax.crypto.spec.PBEParameterSpec
	java.security.AlgorithmParameterGenerator
	java.security.spec.X509EncodedKeySpec
	javax.net.ssl.TrustManagerFactory
	java.security.DigestInputStream
	void
	javax.net.ssl.KeyManagerFactory
	java.security.cert.PKIXParameters
	java.net.PasswordAuthentication
	java.security.AlgorithmParameters
	javax.crypto.KeyAgreement
	javax.crypto.spec.SecretKeySpec
	javax.net.ssl.SSLParameters
	java.security.MessageDigest
	javax.crypto.SecretKey
	javax.crypto.KeyGenerator
	java.security.KeyStore
	javax.crypto.Mac
	java.security.spec.ECGenParameterSpec
	java.security.Signature

Analyzed Objects: 
	Object:
		Variable: $r2
		Type: java.security.MessageDigest
		Statement: $r2 = staticinvoke <java.security.MessageDigest: java.security.MessageDigest getInstance(java.lang.String)>($r1)
		Method: <k7.i: k7.i c(java.lang.String)>
		SHA-256: 782c840550fbd36b4c2c1eb2848e6a218aa6b4c57fe928d894ceebcbc617b25f
		Secure: false
	Object:
		Variable: $r3
		Type: javax.net.ssl.SSLContext
		Statement: $r3 = staticinvoke <javax.net.ssl.SSLContext: javax.net.ssl.SSLContext getInstance(java.lang.String)>(varReplacer22530)
		Method: <f7.d: javax.net.ssl.SSLContext k()>
		SHA-256: bea7a4ca5b152511a9264cf68a605b4790b4a6cab048241daa3cab2e15b60640
		Secure: false
	Object:
		Variable: $r6
		Type: java.security.cert.CertificateFactory
		Statement: $r6 = staticinvoke <java.security.cert.CertificateFactory: java.security.cert.CertificateFactory getInstance(java.lang.String)>(varReplacer33222)
		Method: <x6.d$b: java.util.List a(k7.h)>
		SHA-256: 6f708b3855c521ffc7d4a6bd1e907b4a32bb0da89076de67c38d1a2a29a4ed74
		Secure: false
	Object:
		Variable: $r3
		Type: javax.net.ssl.TrustManagerFactory
		Statement: $r3 = staticinvoke <javax.net.ssl.TrustManagerFactory: javax.net.ssl.TrustManagerFactory getInstance(java.lang.String,java.security.Provider)>($r1, $r2)
		Method: <okhttp3.internal.platform.c: javax.net.ssl.X509TrustManager m()>
		SHA-256: a75000a86fac24cfcfcd4c69c7cd24fa59aaba2eef2f88708b0b7f0998e7f572
		Secure: false
	Object:
		Variable: $r3
		Type: javax.net.ssl.SSLContext
		Statement: $r3 = staticinvoke <javax.net.ssl.SSLContext: javax.net.ssl.SSLContext getInstance(java.lang.String,java.security.Provider)>(varReplacer17741, $r2)
		Method: <okhttp3.internal.platform.b: javax.net.ssl.SSLSocketFactory l(javax.net.ssl.X509TrustManager)>
		SHA-256: a019a4bb2a173bdfbc0aed526e079c31e18daedd736eb4b3ca1015b824f59de4
		Secure: false
	Object:
		Variable: $r3
		Type: javax.net.ssl.SSLContext
		Statement: $r3 = staticinvoke <javax.net.ssl.SSLContext: javax.net.ssl.SSLContext getInstance(java.lang.String)>(varReplacer22529)
		Method: <f7.d: javax.net.ssl.SSLContext k()>
		SHA-256: 663a453f907a8576a7bfbc5c4082b7d27b4db77383dc5f4b6295977e321eee91
		Secure: false
	Object:
		Variable: $r4
		Type: javax.net.ssl.TrustManager[]
		Statement: $r4 = virtualinvoke $r3.<javax.net.ssl.TrustManagerFactory: javax.net.ssl.TrustManager[] getTrustManagers()>()
		Method: <okhttp3.internal.platform.c: javax.net.ssl.X509TrustManager m()>
		SHA-256: 7275ab40e6bb7dcb348a1a7b49029ffa4a4c6d51226ee4551ea393b40baed08f
		Secure: false
	Object:
		Variable: $r2
		Type: java.security.MessageDigest
		Statement: $r2 = staticinvoke <java.security.MessageDigest: java.security.MessageDigest getInstance(java.lang.String)>($r1)
		Method: <k7.h0: k7.i c(java.lang.String)>
		SHA-256: b569fd51076de68952b14ade38266729b5117c7d209b9c37d0d174c82a157556
		Secure: false
	Object:
		Variable: $r5
		Type: byte[]
		Statement: $r5 = virtualinvoke $r2.<java.security.MessageDigest: byte[] digest()>()
		Method: <k7.h0: k7.i c(java.lang.String)>
		SHA-256: 72316570553bf0a7f1a155d09877eaced8f0df56c2e2280727dab00e5507c41e
		Secure: false
	Object:
		Variable: $r3
		Type: javax.net.ssl.SSLContext
		Statement: $r3 = staticinvoke <javax.net.ssl.SSLContext: javax.net.ssl.SSLContext getInstance(java.lang.String)>(varReplacer22531)
		Method: <f7.d: javax.net.ssl.SSLContext k()>
		SHA-256: 7cb557501b2fe165e09e15cb61509861d6e4ba856b6eb354a1f3d73b1b87e0d1
		Secure: false
	Object:
		Variable: $r3
		Type: byte[]
		Statement: $r3 = virtualinvoke $r2.<java.security.MessageDigest: byte[] digest()>()
		Method: <k7.i: k7.i c(java.lang.String)>
		SHA-256: 6126dd905e6818bbd56b0df0aff540d6ee9af2d08405bc1690c9a213475548a7
		Secure: false
	Object:
		Variable: $r3
		Type: javax.net.ssl.TrustManager[]
		Statement: $r3 = virtualinvoke $r2.<javax.net.ssl.TrustManagerFactory: javax.net.ssl.TrustManager[] getTrustManagers()>()
		Method: <okhttp3.internal.platform.b: javax.net.ssl.X509TrustManager m()>
		SHA-256: a18fd0137eba5d97a5743bb3ae04d193a96f98abf1bf50e72a044537ef2b5138
		Secure: false
	Object:
		Variable: $r1
		Type: javax.net.ssl.SSLContext
		Statement: $r1 = staticinvoke <javax.net.ssl.SSLContext: javax.net.ssl.SSLContext getInstance(java.lang.String,java.security.Provider)>(varReplacer22537, $r2)
		Method: <okhttp3.internal.platform.c: javax.net.ssl.SSLContext k()>
		SHA-256: 656d1d6a6bbad0074072a1e8f65efb1237a0521fdde95aaf40df31ec1128cdcf
		Secure: false
	Object:
		Variable: $r2
		Type: javax.net.ssl.TrustManagerFactory
		Statement: $r2 = staticinvoke <javax.net.ssl.TrustManagerFactory: javax.net.ssl.TrustManagerFactory getInstance(java.lang.String)>($r1)
		Method: <f7.e: javax.net.ssl.X509TrustManager m()>
		SHA-256: d4f6811d15135b7443ffacdb98d0c685081efd098cdcbbe7749978ad88582ea5
		Secure: false
	Object:
		Variable: $r1
		Type: javax.net.ssl.TrustManagerFactory
		Statement: $r1 = staticinvoke <javax.net.ssl.TrustManagerFactory: javax.net.ssl.TrustManagerFactory getInstance(java.lang.String,java.lang.String)>(varReplacer17727, varReplacer17728)
		Method: <okhttp3.internal.platform.a: javax.net.ssl.X509TrustManager m()>
		SHA-256: 513feebf2339f043e4c8bdd96ec57732f2548f5004e8eb72e8a8a973b9b25747
		Secure: false
	Object:
		Variable: $r1
		Type: javax.net.ssl.SSLContext
		Statement: $r1 = staticinvoke <javax.net.ssl.SSLContext: javax.net.ssl.SSLContext getInstance(java.lang.String,java.security.Provider)>(varReplacer22535, $r2)
		Method: <okhttp3.internal.platform.a: javax.net.ssl.SSLContext k()>
		SHA-256: c41650391bf6832427353c46e486fe8c79a2ba379c762e17a09c1ab7fffb2e06
		Secure: false
	Object:
		Variable: $r2
		Type: javax.net.ssl.TrustManagerFactory
		Statement: $r2 = staticinvoke <javax.net.ssl.TrustManagerFactory: javax.net.ssl.TrustManagerFactory getInstance(java.lang.String)>($r1)
		Method: <okhttp3.internal.platform.b: javax.net.ssl.X509TrustManager m()>
		SHA-256: 9ff5a02e2d901698875c8b27c230b093b0a05597b03d46e27c1f4ecf75938a5d
		Secure: false
	Object:
		Variable: $r1
		Type: javax.net.ssl.SSLContext
		Statement: $r1 = staticinvoke <javax.net.ssl.SSLContext: javax.net.ssl.SSLContext getInstance(java.lang.String)>(varReplacer22528)
		Method: <f7.e: javax.net.ssl.SSLContext k()>
		SHA-256: a8e67db956795a9ea903c4cb6b380eafbee890e9166416e3c5a997eea5137079
		Secure: false
	Object:
		Variable: $r1
		Type: javax.net.ssl.SSLContext
		Statement: $r1 = staticinvoke <javax.net.ssl.SSLContext: javax.net.ssl.SSLContext getInstance(java.lang.String,java.security.Provider)>(varReplacer22533, $r2)
		Method: <okhttp3.internal.platform.b: javax.net.ssl.SSLContext k()>
		SHA-256: d2805abc8b657783e0a7c60b55ece499d2722803822abb24785aca755aaf4a18
		Secure: false
	Object:
		Variable: $r2
		Type: javax.net.ssl.TrustManager[]
		Statement: $r2 = virtualinvoke $r1.<javax.net.ssl.TrustManagerFactory: javax.net.ssl.TrustManager[] getTrustManagers()>()
		Method: <okhttp3.internal.platform.a: javax.net.ssl.X509TrustManager m()>
		SHA-256: 894210ae5b72b50464d01d0f860b633a79e2177e8fc1718952bbfcbfe5b2fc99
		Secure: false
	Object:
		Variable: $r3
		Type: javax.net.ssl.TrustManager[]
		Statement: $r3 = virtualinvoke $r2.<javax.net.ssl.TrustManagerFactory: javax.net.ssl.TrustManager[] getTrustManagers()>()
		Method: <f7.e: javax.net.ssl.X509TrustManager m()>
		SHA-256: f10e059f3f182a5f6ccb98b6c94a0b98e54a456a77d6ba46e8e91651911d1014
		Secure: false

Findings in Java Class: okhttp3.internal.platform.b

	 in Method: javax.net.ssl.SSLSocketFactory l(javax.net.ssl.X509TrustManager)
		RequiredPredicateError violating CrySL rule for javax.net.ssl.SSLContext
			First parameter was not properly generated as generatedKeyManagers
			at statement: virtualinvoke $r3.<javax.net.ssl.SSLContext: void init(javax.net.ssl.KeyManager[],javax.net.ssl.TrustManager[],java.security.SecureRandom)>(varReplacer17742, $r6, varReplacer17742)

		RequiredPredicateError violating CrySL rule for javax.net.ssl.SSLContext
			Third parameter was not properly generated as randomized
			at statement: virtualinvoke $r3.<javax.net.ssl.SSLContext: void init(javax.net.ssl.KeyManager[],javax.net.ssl.TrustManager[],java.security.SecureRandom)>(varReplacer17742, $r6, varReplacer17742)

		RequiredPredicateError violating CrySL rule for javax.net.ssl.SSLContext
			Second parameter was not properly generated as generatedTrustManagers
			at statement: virtualinvoke $r3.<javax.net.ssl.SSLContext: void init(javax.net.ssl.KeyManager[],javax.net.ssl.TrustManager[],java.security.SecureRandom)>(varReplacer17742, $r6, varReplacer17742)

		ConstraintError violating CrySL rule for javax.net.ssl.SSLContext (on Object #a019a4bb2a173bdfbc0aed526e079c31e18daedd736eb4b3ca1015b824f59de4)
			First parameter (with value "TLS") should be any of {TLSv1.2, TLSv1.3}
			at statement: $r3 = staticinvoke <javax.net.ssl.SSLContext: javax.net.ssl.SSLContext getInstance(java.lang.String,java.security.Provider)>(varReplacer17741, $r2)


	 in Method: javax.net.ssl.SSLContext k()
		ConstraintError violating CrySL rule for javax.net.ssl.SSLContext (on Object #d2805abc8b657783e0a7c60b55ece499d2722803822abb24785aca755aaf4a18)
			First parameter (with value "TLS") should be any of {TLSv1.2, TLSv1.3}
			at statement: $r1 = staticinvoke <javax.net.ssl.SSLContext: javax.net.ssl.SSLContext getInstance(java.lang.String,java.security.Provider)>(varReplacer22533, $r2)


	 in Method: javax.net.ssl.X509TrustManager m()
		RequiredPredicateError violating CrySL rule for javax.net.ssl.TrustManagerFactory
			First parameter was not properly generated as generatedKeyStore
			at statement: virtualinvoke $r2.<javax.net.ssl.TrustManagerFactory: void init(java.security.KeyStore)>(varReplacer17724)


Findings in Java Class: f7.e

	 in Method: javax.net.ssl.SSLContext k()
		ConstraintError violating CrySL rule for javax.net.ssl.SSLContext (on Object #a8e67db956795a9ea903c4cb6b380eafbee890e9166416e3c5a997eea5137079)
			First parameter (with value "TLS") should be any of {TLSv1.2, TLSv1.3}
			at statement: $r1 = staticinvoke <javax.net.ssl.SSLContext: javax.net.ssl.SSLContext getInstance(java.lang.String)>(varReplacer22528)


	 in Method: javax.net.ssl.SSLSocketFactory l(javax.net.ssl.X509TrustManager)
		RequiredPredicateError violating CrySL rule for javax.net.ssl.SSLContext
			First parameter was not properly generated as generatedKeyManagers
			at statement: virtualinvoke $r2.<javax.net.ssl.SSLContext: void init(javax.net.ssl.KeyManager[],javax.net.ssl.TrustManager[],java.security.SecureRandom)>(varReplacer17735, $r8, varReplacer17735)

		RequiredPredicateError violating CrySL rule for javax.net.ssl.SSLContext
			Third parameter was not properly generated as randomized
			at statement: virtualinvoke $r2.<javax.net.ssl.SSLContext: void init(javax.net.ssl.KeyManager[],javax.net.ssl.TrustManager[],java.security.SecureRandom)>(varReplacer17735, $r8, varReplacer17735)

		RequiredPredicateError violating CrySL rule for javax.net.ssl.SSLContext
			Second parameter was not properly generated as generatedTrustManagers
			at statement: virtualinvoke $r2.<javax.net.ssl.SSLContext: void init(javax.net.ssl.KeyManager[],javax.net.ssl.TrustManager[],java.security.SecureRandom)>(varReplacer17735, $r8, varReplacer17735)


	 in Method: javax.net.ssl.X509TrustManager m()
		RequiredPredicateError violating CrySL rule for javax.net.ssl.TrustManagerFactory
			First parameter was not properly generated as generatedKeyStore
			at statement: virtualinvoke $r2.<javax.net.ssl.TrustManagerFactory: void init(java.security.KeyStore)>(varReplacer17720)


Findings in Java Class: f7.d

	 in Method: javax.net.ssl.SSLContext k()
		ConstraintError violating CrySL rule for javax.net.ssl.SSLContext (on Object #663a453f907a8576a7bfbc5c4082b7d27b4db77383dc5f4b6295977e321eee91)
			First parameter (with value "TLS") should be any of {TLSv1.2, TLSv1.3}
			at statement: $r3 = staticinvoke <javax.net.ssl.SSLContext: javax.net.ssl.SSLContext getInstance(java.lang.String)>(varReplacer22529)


Findings in Java Class: okhttp3.internal.platform.a

	 in Method: javax.net.ssl.SSLContext k()
		ConstraintError violating CrySL rule for javax.net.ssl.SSLContext (on Object #c41650391bf6832427353c46e486fe8c79a2ba379c762e17a09c1ab7fffb2e06)
			First parameter (with value "TLS") should be any of {TLSv1.2, TLSv1.3}
			at statement: $r1 = staticinvoke <javax.net.ssl.SSLContext: javax.net.ssl.SSLContext getInstance(java.lang.String,java.security.Provider)>(varReplacer22535, $r2)


	 in Method: javax.net.ssl.X509TrustManager m()
		RequiredPredicateError violating CrySL rule for javax.net.ssl.TrustManagerFactory
			First parameter was not properly generated as generatedKeyStore
			at statement: virtualinvoke $r1.<javax.net.ssl.TrustManagerFactory: void init(java.security.KeyStore)>(varReplacer17729)


Findings in Java Class: k7.i

	 in Method: k7.i c(java.lang.String)
		ConstraintError violating CrySL rule for java.security.MessageDigest (on Object #782c840550fbd36b4c2c1eb2848e6a218aa6b4c57fe928d894ceebcbc617b25f)
			First parameter (with value "MD5") should be any of {SHA-256, SHA-384, SHA-512}
			at statement: $r2 = staticinvoke <java.security.MessageDigest: java.security.MessageDigest getInstance(java.lang.String)>($r1)

		ConstraintError violating CrySL rule for java.security.MessageDigest (on Object #782c840550fbd36b4c2c1eb2848e6a218aa6b4c57fe928d894ceebcbc617b25f)
			First parameter (with value "SHA-1") should be any of {SHA-256, SHA-384, SHA-512}
			at statement: $r2 = staticinvoke <java.security.MessageDigest: java.security.MessageDigest getInstance(java.lang.String)>($r1)


Findings in Java Class: k7.h0

	 in Method: k7.i c(java.lang.String)
		ConstraintError violating CrySL rule for java.security.MessageDigest (on Object #b569fd51076de68952b14ade38266729b5117c7d209b9c37d0d174c82a157556)
			First parameter (with value "MD5") should be any of {SHA-256, SHA-384, SHA-512}
			at statement: $r2 = staticinvoke <java.security.MessageDigest: java.security.MessageDigest getInstance(java.lang.String)>($r1)

		TypestateError violating CrySL rule for java.security.MessageDigest (on Object #b569fd51076de68952b14ade38266729b5117c7d209b9c37d0d174c82a157556)
			Unexpected call to method <java.security.MessageDigest: byte[] digest()> on object of type java.security.MessageDigest. Expect a call to one of the following methods java.security.MessageDigest: void update(byte[],int,int),java.security.MessageDigest: void update(java.nio.ByteBuffer),java.security.MessageDigest: byte[] digest(byte[]),java.security.MessageDigest: void update(byte[]),java.security.MessageDigest: void update(byte)
			at statement: $r5 = virtualinvoke $r2.<java.security.MessageDigest: byte[] digest()>()

		ConstraintError violating CrySL rule for java.security.MessageDigest (on Object #b569fd51076de68952b14ade38266729b5117c7d209b9c37d0d174c82a157556)
			First parameter (with value "SHA-1") should be any of {SHA-256, SHA-384, SHA-512}
			at statement: $r2 = staticinvoke <java.security.MessageDigest: java.security.MessageDigest getInstance(java.lang.String)>($r1)


Findings in Java Class: x6.d$b

	 in Method: java.util.List a(k7.h)
		TypestateError violating CrySL rule for java.security.cert.CertificateFactory (on Object #6f708b3855c521ffc7d4a6bd1e907b4a32bb0da89076de67c38d1a2a29a4ed74)
			Unexpected call to method generateCertificate on object of type java.security.cert.CertificateFactory. Expect a call to one of the following methods generateCRL
			at statement: $r10 = virtualinvoke $r6.<java.security.cert.CertificateFactory: java.security.cert.Certificate generateCertificate(java.io.InputStream)>($r9)

		IncompleteOperationError violating CrySL rule for java.security.cert.CertificateFactory (on Object #6f708b3855c521ffc7d4a6bd1e907b4a32bb0da89076de67c38d1a2a29a4ed74)
			Operation on object of type java.security.cert.CertificateFactory object not completed. Expected call to generateCRL
			at statement: $r10 = virtualinvoke $r6.<java.security.cert.CertificateFactory: java.security.cert.Certificate generateCertificate(java.io.InputStream)>($r9)

		IncompleteOperationError violating CrySL rule for java.security.cert.CertificateFactory (on Object #6f708b3855c521ffc7d4a6bd1e907b4a32bb0da89076de67c38d1a2a29a4ed74)
			Operation on object of type java.security.cert.CertificateFactory object not completed. Expected call to generateCertificate, generateCertPath
			at statement: $r6 = staticinvoke <java.security.cert.CertificateFactory: java.security.cert.CertificateFactory getInstance(java.lang.String)>(varReplacer33222)


Findings in Java Class: okhttp3.internal.platform.c

	 in Method: javax.net.ssl.X509TrustManager m()
		RequiredPredicateError violating CrySL rule for javax.net.ssl.TrustManagerFactory
			First parameter was not properly generated as generatedKeyStore
			at statement: virtualinvoke $r3.<javax.net.ssl.TrustManagerFactory: void init(java.security.KeyStore)>(varReplacer17732)


======================= CryptoAnalysis Summary ==========================
	Number of CrySL rules: 49
	Number of Objects Analyzed: 21

	CryptoAnalysis found the following violations. For details see description above.
	IncompleteOperationError: 2
	TypestateError: 2
	RequiredPredicateError: 10
	ConstraintError: 9
=====================================================================
