0    [main] WARN  pes.access.impl.DeclaredTypeFactory  - --- xtext.common.types ---------------------------------------------------
1    [main] WARN  pes.access.impl.DeclaredTypeFactory  - ASM library is too old. Falling back to java.lang.reflect API.
1    [main] WARN  pes.access.impl.DeclaredTypeFactory  - Please note that no information about compile time constants is available.
1    [main] WARN  pes.access.impl.DeclaredTypeFactory  - It's recommended to use org.objectweb.asm 9.1.0 or better (Maven group id: org.ow2.asm).
1    [main] WARN  pes.access.impl.DeclaredTypeFactory  - --------------------------------------------------------------------------
Ruleset: 
	java.security.cert.TrustAnchor
	javax.crypto.spec.GCMParameterSpec
	javax.xml.crypto.dsig.spec.HMACParameterSpec
	java.security.KeyPair
	java.security.DigestOutputStream
	javax.net.ssl.KeyStoreBuilderParameters
	javax.crypto.spec.OAEPParameterSpec
	javax.net.ssl.SSLContext
	javax.crypto.spec.DHGenParameterSpec
	javax.crypto.CipherOutputStream
	java.security.Key
	javax.crypto.SecretKeyFactory
	java.security.cert.PKIXBuilderParameters
	java.security.KeyFactory
	javax.crypto.spec.PBEKeySpec
	java.security.spec.DSAGenParameterSpec
	java.security.KeyPairGenerator
	javax.crypto.CipherInputStream
	javax.net.ssl.CertPathTrustManagerParameters
	java.security.cert.CertificateFactory
	java.security.SecureRandom
	java.security.spec.MGF1ParameterSpec
	javax.net.ssl.SSLEngine
	javax.crypto.spec.DHParameterSpec
	java.security.spec.DSAParameterSpec
	java.security.spec.ECParameterSpec
	java.security.spec.RSAKeyGenParameterSpec
	javax.crypto.spec.IvParameterSpec
	javax.crypto.Cipher
	javax.crypto.spec.PBEParameterSpec
	java.security.AlgorithmParameterGenerator
	java.security.spec.X509EncodedKeySpec
	javax.net.ssl.TrustManagerFactory
	java.security.DigestInputStream
	void
	javax.net.ssl.KeyManagerFactory
	java.security.cert.PKIXParameters
	java.net.PasswordAuthentication
	java.security.AlgorithmParameters
	javax.crypto.KeyAgreement
	javax.crypto.spec.SecretKeySpec
	javax.net.ssl.SSLParameters
	java.security.MessageDigest
	javax.crypto.SecretKey
	javax.crypto.KeyGenerator
	java.security.KeyStore
	javax.crypto.Mac
	java.security.spec.ECGenParameterSpec
	java.security.Signature

Analyzed Objects: 
	Object:
		Variable: $r2
		Type: java.security.MessageDigest
		Statement: $r2 = staticinvoke <java.security.MessageDigest: java.security.MessageDigest getInstance(java.lang.String)>($r1)
		Method: <okio.ByteString: okio.ByteString digest(java.lang.String)>
		SHA-256: b336d574501b28a5bd90db22472c23a68acb0c1b99c4f14746fdc2a23c69a24e
		Secure: false
	Object:
		Variable: $r4
		Type: javax.net.ssl.SSLContext
		Statement: $r4 = staticinvoke <javax.net.ssl.SSLContext: javax.net.ssl.SSLContext getInstance(java.lang.String)>(varReplacer11606)
		Method: <okhttp3.internal.platform.Platform: javax.net.ssl.SSLContext getSSLContext()>
		SHA-256: f4ba747bcf5b7c207d97d3bcda26a14ddf6eca3cdefb3cdea0aab883c889a7fe
		Secure: false
	Object:
		Variable: $r1
		Type: java.security.MessageDigest
		Statement: $r1 = staticinvoke <java.security.MessageDigest: java.security.MessageDigest getInstance(java.lang.String)>(varReplacer3360)
		Method: <de.chaosdorf.meteroid.util.Utility: java.lang.String md5Hex(java.lang.String)>
		SHA-256: 96f96347843e4dd8b1f39805ff6d30ab3db4391ea6cf25e392c173f1c786de19
		Secure: false
	Object:
		Variable: $r3
		Type: javax.net.ssl.SSLContext
		Statement: $r3 = staticinvoke <javax.net.ssl.SSLContext: javax.net.ssl.SSLContext getInstance(java.lang.String,java.security.Provider)>(varReplacer11609, $r2)
		Method: <okhttp3.internal.platform.ConscryptPlatform: javax.net.ssl.SSLContext getSSLContext()>
		SHA-256: 7af5278ad22a5236ed038e5787500cd7ecb1d747cfd458e138ecd4dc8dd6a68e
		Secure: false
	Object:
		Variable: $r2
		Type: byte[]
		Statement: $r2 = virtualinvoke $r1.<java.security.MessageDigest: byte[] digest(byte[])>($r2)
		Method: <de.chaosdorf.meteroid.util.Utility: java.lang.String md5Hex(java.lang.String)>
		SHA-256: 221505ff89aebd0ec0aacae74c28a7fcdd2f0feca838799fb4f924dcc51aa638
		Secure: false
	Object:
		Variable: $r2
		Type: javax.net.ssl.TrustManager[]
		Statement: $r2 = virtualinvoke $r1.<javax.net.ssl.TrustManagerFactory: javax.net.ssl.TrustManager[] getTrustManagers()>()
		Method: <okhttp3.internal.Util: javax.net.ssl.X509TrustManager platformTrustManager()>
		SHA-256: dea0af93b06734ae35228a014521e6e031131dd2b357359826afa61f9a6de1b
		Secure: false
	Object:
		Variable: $r3
		Type: javax.net.ssl.SSLContext
		Statement: $r3 = staticinvoke <javax.net.ssl.SSLContext: javax.net.ssl.SSLContext getInstance(java.lang.String,java.security.Provider)>(varReplacer11610, $r2)
		Method: <okhttp3.internal.platform.ConscryptPlatform: javax.net.ssl.SSLContext getSSLContext()>
		SHA-256: fd3dcddad403ce569334bd310ad9ea3e1feb554beec24de497c4fda8047a7ceb
		Secure: false
	Object:
		Variable: $r4
		Type: javax.net.ssl.SSLContext
		Statement: $r4 = staticinvoke <javax.net.ssl.SSLContext: javax.net.ssl.SSLContext getInstance(java.lang.String)>(varReplacer11604)
		Method: <okhttp3.internal.platform.Platform: javax.net.ssl.SSLContext getSSLContext()>
		SHA-256: c244dac654ea2238b81c835494df2a9039cc463ee39e588e0b46efba40677013
		Secure: false
	Object:
		Variable: $r5
		Type: java.security.cert.CertificateFactory
		Statement: $r5 = staticinvoke <java.security.cert.CertificateFactory: java.security.cert.CertificateFactory getInstance(java.lang.String)>(varReplacer17005)
		Method: <okhttp3.Cache$Entry: java.util.List readCertificateList(okio.BufferedSource)>
		SHA-256: de54bdd8e5519afa77fbd5d87207656cb9acb5c9ef508ae69a68522bdc7e3720
		Secure: false
	Object:
		Variable: $r3
		Type: byte[]
		Statement: $r3 = virtualinvoke $r2.<java.security.MessageDigest: byte[] digest(byte[])>($r3)
		Method: <okio.ByteString: okio.ByteString digest(java.lang.String)>
		SHA-256: a79a1700ae9d8d44f13ea218f751e7024f8f1222b1b2ae17cdbab7b56d352181
		Secure: false
	Object:
		Variable: $r1
		Type: javax.net.ssl.TrustManagerFactory
		Statement: $r1 = staticinvoke <javax.net.ssl.TrustManagerFactory: javax.net.ssl.TrustManagerFactory getInstance(java.lang.String)>($r0)
		Method: <okhttp3.internal.Util: javax.net.ssl.X509TrustManager platformTrustManager()>
		SHA-256: a8764d384e0e6acd4407dba0e4c2025660362892494036c03c4b52a40e75c66b
		Secure: false
	Object:
		Variable: $r3
		Type: javax.net.ssl.SSLContext
		Statement: $r3 = staticinvoke <javax.net.ssl.SSLContext: javax.net.ssl.SSLContext getInstance(java.lang.String)>(varReplacer11612)
		Method: <okhttp3.internal.platform.AndroidPlatform: javax.net.ssl.SSLContext getSSLContext()>
		SHA-256: ea3ca140c9b9e011df32f147c763d4d741350fed7d742cf33d84f40f00a3be5b
		Secure: false
	Object:
		Variable: $r3
		Type: javax.net.ssl.SSLContext
		Statement: $r3 = staticinvoke <javax.net.ssl.SSLContext: javax.net.ssl.SSLContext getInstance(java.lang.String)>(varReplacer11611)
		Method: <okhttp3.internal.platform.AndroidPlatform: javax.net.ssl.SSLContext getSSLContext()>
		SHA-256: 2fa8e6e1cdbd041b2a48b7db4e01114141af6778bd388d680cb272df8f9eb42
		Secure: false

Findings in Java Class: de.chaosdorf.meteroid.util.Utility

	 in Method: java.lang.String md5Hex(java.lang.String)
		ConstraintError violating CrySL rule for java.security.MessageDigest (on Object #96f96347843e4dd8b1f39805ff6d30ab3db4391ea6cf25e392c173f1c786de19)
			First parameter (with value "MD5") should be any of {SHA-256, SHA-384, SHA-512}
			at statement: $r1 = staticinvoke <java.security.MessageDigest: java.security.MessageDigest getInstance(java.lang.String)>(varReplacer3360)


Findings in Java Class: okhttp3.internal.platform.Platform

	 in Method: javax.net.ssl.SSLContext getSSLContext()
		ConstraintError violating CrySL rule for javax.net.ssl.SSLContext (on Object #f4ba747bcf5b7c207d97d3bcda26a14ddf6eca3cdefb3cdea0aab883c889a7fe)
			First parameter (with value "TLS") should be any of {TLSv1.2, TLSv1.3}
			at statement: $r4 = staticinvoke <javax.net.ssl.SSLContext: javax.net.ssl.SSLContext getInstance(java.lang.String)>(varReplacer11606)


Findings in Java Class: okhttp3.internal.platform.ConscryptPlatform

	 in Method: javax.net.ssl.SSLContext getSSLContext()
		ConstraintError violating CrySL rule for javax.net.ssl.SSLContext (on Object #fd3dcddad403ce569334bd310ad9ea3e1feb554beec24de497c4fda8047a7ceb)
			First parameter (with value "TLS") should be any of {TLSv1.2, TLSv1.3}
			at statement: $r3 = staticinvoke <javax.net.ssl.SSLContext: javax.net.ssl.SSLContext getInstance(java.lang.String,java.security.Provider)>(varReplacer11610, $r2)


Findings in Java Class: okhttp3.internal.platform.AndroidPlatform

	 in Method: javax.net.ssl.SSLContext getSSLContext()
		ConstraintError violating CrySL rule for javax.net.ssl.SSLContext (on Object #2fa8e6e1cdbd041b2a48b7db4e01114141af6778bd388d680cb272df8f9eb42)
			First parameter (with value "TLS") should be any of {TLSv1.2, TLSv1.3}
			at statement: $r3 = staticinvoke <javax.net.ssl.SSLContext: javax.net.ssl.SSLContext getInstance(java.lang.String)>(varReplacer11611)


Findings in Java Class: okio.ByteString

	 in Method: okio.ByteString digest(java.lang.String)
		ConstraintError violating CrySL rule for java.security.MessageDigest (on Object #b336d574501b28a5bd90db22472c23a68acb0c1b99c4f14746fdc2a23c69a24e)
			First parameter (with value "SHA-1") should be any of {SHA-256, SHA-384, SHA-512}
			at statement: $r2 = staticinvoke <java.security.MessageDigest: java.security.MessageDigest getInstance(java.lang.String)>($r1)

		ConstraintError violating CrySL rule for java.security.MessageDigest (on Object #b336d574501b28a5bd90db22472c23a68acb0c1b99c4f14746fdc2a23c69a24e)
			First parameter (with value "MD5") should be any of {SHA-256, SHA-384, SHA-512}
			at statement: $r2 = staticinvoke <java.security.MessageDigest: java.security.MessageDigest getInstance(java.lang.String)>($r1)


Findings in Java Class: okhttp3.Cache$Entry

	 in Method: java.util.List readCertificateList(okio.BufferedSource)
		IncompleteOperationError violating CrySL rule for java.security.cert.CertificateFactory (on Object #de54bdd8e5519afa77fbd5d87207656cb9acb5c9ef508ae69a68522bdc7e3720)
			Operation on object of type java.security.cert.CertificateFactory object not completed. Expected call to generateCertificate, generateCertPath, generateCRL
			at statement: $r5 = staticinvoke <java.security.cert.CertificateFactory: java.security.cert.CertificateFactory getInstance(java.lang.String)>(varReplacer17005)

		TypestateError violating CrySL rule for java.security.cert.CertificateFactory (on Object #de54bdd8e5519afa77fbd5d87207656cb9acb5c9ef508ae69a68522bdc7e3720)
			Unexpected call to method generateCertificate on object of type java.security.cert.CertificateFactory. Expect a call to one of the following methods generateCRL
			at statement: $r9 = virtualinvoke $r5.<java.security.cert.CertificateFactory: java.security.cert.Certificate generateCertificate(java.io.InputStream)>($r8)

		IncompleteOperationError violating CrySL rule for java.security.cert.CertificateFactory (on Object #de54bdd8e5519afa77fbd5d87207656cb9acb5c9ef508ae69a68522bdc7e3720)
			Operation on object of type java.security.cert.CertificateFactory object not completed. Expected call to generateCertPath, generateCRL, java.security.cert.CertificateFactory: java.security.cert.Certificate generateCertificate(java.io.InputStream)
			at statement: $r9 = virtualinvoke $r5.<java.security.cert.CertificateFactory: java.security.cert.Certificate generateCertificate(java.io.InputStream)>($r8)


Findings in Java Class: okhttp3.OkHttpClient

	 in Method: javax.net.ssl.SSLSocketFactory newSslSocketFactory(javax.net.ssl.X509TrustManager)
		RequiredPredicateError violating CrySL rule for javax.net.ssl.SSLContext
			Second parameter was not properly generated as generatedTrustManagers
			at statement: virtualinvoke $r2.<javax.net.ssl.SSLContext: void init(javax.net.ssl.KeyManager[],javax.net.ssl.TrustManager[],java.security.SecureRandom)>(varReplacer8928, $r7, varReplacer8928)

		RequiredPredicateError violating CrySL rule for javax.net.ssl.SSLContext
			Third parameter was not properly generated as randomized
			at statement: virtualinvoke $r2.<javax.net.ssl.SSLContext: void init(javax.net.ssl.KeyManager[],javax.net.ssl.TrustManager[],java.security.SecureRandom)>(varReplacer8928, $r7, varReplacer8928)

		RequiredPredicateError violating CrySL rule for javax.net.ssl.SSLContext
			First parameter was not properly generated as generatedKeyManagers
			at statement: virtualinvoke $r2.<javax.net.ssl.SSLContext: void init(javax.net.ssl.KeyManager[],javax.net.ssl.TrustManager[],java.security.SecureRandom)>(varReplacer8928, $r7, varReplacer8928)


Findings in Java Class: okhttp3.internal.Util

	 in Method: javax.net.ssl.X509TrustManager platformTrustManager()
		RequiredPredicateError violating CrySL rule for javax.net.ssl.TrustManagerFactory
			First parameter was not properly generated as generatedKeyStore
			at statement: virtualinvoke $r1.<javax.net.ssl.TrustManagerFactory: void init(java.security.KeyStore)>(varReplacer8931)


======================= CryptoAnalysis Summary ==========================
	Number of CrySL rules: 49
	Number of Objects Analyzed: 13

	CryptoAnalysis found the following violations. For details see description above.
	TypestateError: 1
	IncompleteOperationError: 2
	RequiredPredicateError: 4
	ConstraintError: 6
=====================================================================
