0    [main] WARN  pes.access.impl.DeclaredTypeFactory  - --- xtext.common.types ---------------------------------------------------
1    [main] WARN  pes.access.impl.DeclaredTypeFactory  - ASM library is too old. Falling back to java.lang.reflect API.
1    [main] WARN  pes.access.impl.DeclaredTypeFactory  - Please note that no information about compile time constants is available.
1    [main] WARN  pes.access.impl.DeclaredTypeFactory  - It's recommended to use org.objectweb.asm 9.1.0 or better (Maven group id: org.ow2.asm).
1    [main] WARN  pes.access.impl.DeclaredTypeFactory  - --------------------------------------------------------------------------
Ruleset: 
	java.security.cert.TrustAnchor
	javax.crypto.spec.GCMParameterSpec
	javax.xml.crypto.dsig.spec.HMACParameterSpec
	java.security.KeyPair
	java.security.DigestOutputStream
	javax.net.ssl.KeyStoreBuilderParameters
	javax.crypto.spec.OAEPParameterSpec
	javax.net.ssl.SSLContext
	javax.crypto.spec.DHGenParameterSpec
	javax.crypto.CipherOutputStream
	java.security.Key
	javax.crypto.SecretKeyFactory
	java.security.cert.PKIXBuilderParameters
	java.security.KeyFactory
	javax.crypto.spec.PBEKeySpec
	java.security.spec.DSAGenParameterSpec
	java.security.KeyPairGenerator
	javax.crypto.CipherInputStream
	javax.net.ssl.CertPathTrustManagerParameters
	java.security.cert.CertificateFactory
	java.security.SecureRandom
	java.security.spec.MGF1ParameterSpec
	javax.net.ssl.SSLEngine
	javax.crypto.spec.DHParameterSpec
	java.security.spec.DSAParameterSpec
	java.security.spec.ECParameterSpec
	java.security.spec.RSAKeyGenParameterSpec
	javax.crypto.spec.IvParameterSpec
	javax.crypto.Cipher
	javax.crypto.spec.PBEParameterSpec
	java.security.AlgorithmParameterGenerator
	java.security.spec.X509EncodedKeySpec
	javax.net.ssl.TrustManagerFactory
	java.security.DigestInputStream
	void
	javax.net.ssl.KeyManagerFactory
	java.security.cert.PKIXParameters
	java.net.PasswordAuthentication
	java.security.AlgorithmParameters
	javax.crypto.KeyAgreement
	javax.crypto.spec.SecretKeySpec
	javax.net.ssl.SSLParameters
	java.security.MessageDigest
	javax.crypto.SecretKey
	javax.crypto.KeyGenerator
	java.security.KeyStore
	javax.crypto.Mac
	java.security.spec.ECGenParameterSpec
	java.security.Signature

Analyzed Objects: 
	Object:
		Variable: $r9
		Type: javax.crypto.spec.IvParameterSpec
		Statement: specialinvoke $r9.<javax.crypto.spec.IvParameterSpec: void <init>(byte[])>($r2)
		Method: <org.apache.commons.compress.archivers.sevenz.AES256SHA256Decoder$1: javax.crypto.CipherInputStream init()>
		SHA-256: c17421c9044aaad49761f9cd19147df7d237b870f86c00a4c3f759ad8875e0fe
		Secure: false
	Object:
		Variable: $r4
		Type: byte[]
		Statement: $r4 = virtualinvoke $r3.<java.security.MessageDigest: byte[] digest(byte[])>($r4)
		Method: <okio.ByteString: okio.ByteString digest$jvm(java.lang.String)>
		SHA-256: 8ce052ed6c630e0078d05e19ab4bff46430fe8453e4fc121d3b9ee58a22dc10e
		Secure: false
	Object:
		Variable: $r2
		Type: javax.net.ssl.TrustManagerFactory
		Statement: $r2 = staticinvoke <javax.net.ssl.TrustManagerFactory: javax.net.ssl.TrustManagerFactory getInstance(java.lang.String)>($r1)
		Method: <okhttp3.internal.platform.Platform: javax.net.ssl.X509TrustManager platformTrustManager()>
		SHA-256: 5fb6984969c8c0f60ee84399ef18a49aa63648c889757c4080685ad119ecd903
		Secure: false
	Object:
		Variable: $r7
		Type: javax.crypto.spec.SecretKeySpec
		Statement: specialinvoke $r7.<javax.crypto.spec.SecretKeySpec: void <init>(byte[],java.lang.String)>($r4, varReplacer15075)
		Method: <org.apache.commons.compress.archivers.sevenz.AES256SHA256Decoder$1: javax.crypto.CipherInputStream init()>
		SHA-256: fec25926aaeae05efed8b0d235c9be0d8871655402e7919d93a077bf59027cf8
		Secure: false
	Object:
		Variable: $r2
		Type: javax.net.ssl.SSLContext
		Statement: $r2 = staticinvoke <javax.net.ssl.SSLContext: javax.net.ssl.SSLContext getInstance(java.lang.String,java.security.Provider)>(varReplacer22005, $r1)
		Method: <okhttp3.internal.platform.ConscryptPlatform: javax.net.ssl.SSLContext newSSLContext()>
		SHA-256: 54c9f64046054129cddc3aa16d02f6fa84030a49e6737c7957fa6bc8c6c4b111
		Secure: false
	Object:
		Variable: $r10
		Type: javax.crypto.CipherInputStream
		Statement: specialinvoke $r10.<javax.crypto.CipherInputStream: void <init>(java.io.InputStream,javax.crypto.Cipher)>($r11, $r8)
		Method: <org.apache.commons.compress.archivers.sevenz.AES256SHA256Decoder$1: javax.crypto.CipherInputStream init()>
		SHA-256: c45dba96a483e3e9ebfded9c6fc9988af7c1739a549f04c3576d99624449a7d1
		Secure: true
	Object:
		Variable: varReplacer15075
		Type: java.lang.String
		Statement: specialinvoke $r7.<javax.crypto.spec.SecretKeySpec: void <init>(byte[],java.lang.String)>($r4, varReplacer15075)
		Method: <org.apache.commons.compress.archivers.sevenz.AES256SHA256Decoder$1: javax.crypto.CipherInputStream init()>
		SHA-256: d141271f53a69c0333ef20ab8e7a0519d462885fce52547186ea3241323b08fb
		Secure: false
	Object:
		Variable: $r3
		Type: java.security.MessageDigest
		Statement: $r3 = staticinvoke <java.security.MessageDigest: java.security.MessageDigest getInstance(java.lang.String)>($r1)
		Method: <okio.ByteString: okio.ByteString digest$jvm(java.lang.String)>
		SHA-256: 4fff7c5d15f021d956e87c05e0dc87688a11eec9c61bcdc27645605a965776c9
		Secure: false
	Object:
		Variable: $r1
		Type: javax.net.ssl.SSLContext
		Statement: $r1 = staticinvoke <javax.net.ssl.SSLContext: javax.net.ssl.SSLContext getInstance(java.lang.String)>(varReplacer22004)
		Method: <okhttp3.internal.platform.Platform: javax.net.ssl.SSLContext newSSLContext()>
		SHA-256: dc123a205bcdc51ca5ec2aa75f451b483e42b1f6549602f894c82322a2a77735
		Secure: false
	Object:
		Variable: $r4
		Type: byte[]
		Statement: $r4 = virtualinvoke $r5.<java.security.MessageDigest: byte[] digest()>()
		Method: <org.apache.commons.compress.archivers.sevenz.AES256SHA256Decoder$1: javax.crypto.CipherInputStream init()>
		SHA-256: 671980c38541e5f4635e5df9b14b3f2382c28342263daa27d76a6e21eb43fded
		Secure: true
	Object:
		Variable: $r8
		Type: javax.crypto.Cipher
		Statement: $r8 = staticinvoke <javax.crypto.Cipher: javax.crypto.Cipher getInstance(java.lang.String)>(varReplacer15069)
		Method: <org.apache.commons.compress.archivers.sevenz.AES256SHA256Decoder$1: javax.crypto.CipherInputStream init()>
		SHA-256: ef92d2025f9865f08eb69c95960ab72907284f521633b32a10e3954db8b9c036
		Secure: false
	Object:
		Variable: $r5
		Type: java.security.MessageDigest
		Statement: $r5 = staticinvoke <java.security.MessageDigest: java.security.MessageDigest getInstance(java.lang.String)>(varReplacer15064)
		Method: <org.apache.commons.compress.archivers.sevenz.AES256SHA256Decoder$1: javax.crypto.CipherInputStream init()>
		SHA-256: 8e9f23be9382e92765d001b885bb314b753ca7b12c6c683f956e8678b64e662f
		Secure: true
	Object:
		Variable: $r3
		Type: javax.net.ssl.TrustManager[]
		Statement: $r3 = virtualinvoke $r2.<javax.net.ssl.TrustManagerFactory: javax.net.ssl.TrustManager[] getTrustManagers()>()
		Method: <okhttp3.internal.platform.Platform: javax.net.ssl.X509TrustManager platformTrustManager()>
		SHA-256: c3dcfb07eabeaead2afa7b41e33d56187e303e14a7184c21b7bac99836f2c278
		Secure: false
	Object:
		Variable: $r6
		Type: java.security.cert.CertificateFactory
		Statement: $r6 = staticinvoke <java.security.cert.CertificateFactory: java.security.cert.CertificateFactory getInstance(java.lang.String)>(varReplacer21138)
		Method: <okhttp3.Cache$Entry: java.util.List readCertificateList(okio.BufferedSource)>
		SHA-256: 7075c5b42397547a6516847618f482ce4dbc68ab3ee4450ac1ffbce268a5151e
		Secure: false
	Object:
		Variable: $r2
		Type: java.security.MessageDigest
		Statement: $r2 = staticinvoke <java.security.MessageDigest: java.security.MessageDigest getInstance(java.lang.String)>($r1)
		Method: <okio.SegmentedByteString: okio.ByteString digest$jvm(java.lang.String)>
		SHA-256: ea9bd02bb32dbb2be26eca134efdb9d94c1e5921cb9abf4599d98facf22c83d6
		Secure: false
	Object:
		Variable: $r6
		Type: byte[]
		Statement: $r6 = virtualinvoke $r2.<java.security.MessageDigest: byte[] digest()>()
		Method: <okio.SegmentedByteString: okio.ByteString digest$jvm(java.lang.String)>
		SHA-256: 14f15a41dd8b92f7a4458441f9908c3bd2e90bddb540afe032aa88ebd3fdc6dd
		Secure: false

Findings in Java Class: okio.ByteString

	 in Method: okio.ByteString digest$jvm(java.lang.String)
		ConstraintError violating CrySL rule for java.security.MessageDigest (on Object #4fff7c5d15f021d956e87c05e0dc87688a11eec9c61bcdc27645605a965776c9)
			First parameter (with value "MD5") should be any of {SHA-256, SHA-384, SHA-512}
			at statement: $r3 = staticinvoke <java.security.MessageDigest: java.security.MessageDigest getInstance(java.lang.String)>($r1)

		ConstraintError violating CrySL rule for java.security.MessageDigest (on Object #4fff7c5d15f021d956e87c05e0dc87688a11eec9c61bcdc27645605a965776c9)
			First parameter (with value "SHA-1") should be any of {SHA-256, SHA-384, SHA-512}
			at statement: $r3 = staticinvoke <java.security.MessageDigest: java.security.MessageDigest getInstance(java.lang.String)>($r1)


Findings in Java Class: okio.SegmentedByteString

	 in Method: okio.ByteString digest$jvm(java.lang.String)
		ConstraintError violating CrySL rule for java.security.MessageDigest (on Object #ea9bd02bb32dbb2be26eca134efdb9d94c1e5921cb9abf4599d98facf22c83d6)
			First parameter (with value "SHA-1") should be any of {SHA-256, SHA-384, SHA-512}
			at statement: $r2 = staticinvoke <java.security.MessageDigest: java.security.MessageDigest getInstance(java.lang.String)>($r1)

		ConstraintError violating CrySL rule for java.security.MessageDigest (on Object #ea9bd02bb32dbb2be26eca134efdb9d94c1e5921cb9abf4599d98facf22c83d6)
			First parameter (with value "MD5") should be any of {SHA-256, SHA-384, SHA-512}
			at statement: $r2 = staticinvoke <java.security.MessageDigest: java.security.MessageDigest getInstance(java.lang.String)>($r1)

		TypestateError violating CrySL rule for java.security.MessageDigest (on Object #ea9bd02bb32dbb2be26eca134efdb9d94c1e5921cb9abf4599d98facf22c83d6)
			Unexpected call to method <java.security.MessageDigest: byte[] digest()> on object of type java.security.MessageDigest. Expect a call to one of the following methods java.security.MessageDigest: void update(byte[],int,int),java.security.MessageDigest: void update(java.nio.ByteBuffer),java.security.MessageDigest: byte[] digest(byte[]),java.security.MessageDigest: void update(byte),java.security.MessageDigest: void update(byte[])
			at statement: $r6 = virtualinvoke $r2.<java.security.MessageDigest: byte[] digest()>()


Findings in Java Class: org.apache.commons.compress.archivers.sevenz.AES256SHA256Decoder$1

	 in Method: javax.crypto.CipherInputStream init()
		NeverTypeOfError violating CrySL rule for javax.crypto.spec.SecretKeySpec (on Object #fec25926aaeae05efed8b0d235c9be0d8871655402e7919d93a077bf59027cf8)
			First parameter should never be of type java.lang.String.
			at statement: specialinvoke $r7.<javax.crypto.spec.SecretKeySpec: void <init>(byte[],java.lang.String)>($r4, varReplacer15075)

		NeverTypeOfError violating CrySL rule for javax.crypto.spec.SecretKeySpec (on Object #fec25926aaeae05efed8b0d235c9be0d8871655402e7919d93a077bf59027cf8)
			First parameter should never be of type java.lang.String.
			at statement: specialinvoke $r7.<javax.crypto.spec.SecretKeySpec: void <init>(byte[],java.lang.String)>($r4, varReplacer15075)

		RequiredPredicateError violating CrySL rule for javax.crypto.Cipher
			Second parameter was not properly generated as generatedKey
			at statement: virtualinvoke $r8.<javax.crypto.Cipher: void init(int,java.security.Key,java.security.spec.AlgorithmParameterSpec)>(varReplacer15076, $r7, $r9)

		TypestateError violating CrySL rule for java.security.MessageDigest (on Object #8e9f23be9382e92765d001b885bb314b753ca7b12c6c683f956e8678b64e662f)
			Unexpected call to method <java.security.MessageDigest: byte[] digest()> on object of type java.security.MessageDigest. Expect a call to one of the following methods java.security.MessageDigest: void update(byte[],int,int),java.security.MessageDigest: void update(java.nio.ByteBuffer),java.security.MessageDigest: byte[] digest(byte[]),java.security.MessageDigest: void update(byte),java.security.MessageDigest: void update(byte[])
			at statement: $r4 = virtualinvoke $r5.<java.security.MessageDigest: byte[] digest()>()

		RequiredPredicateError violating CrySL rule for javax.crypto.spec.SecretKeySpec
			First parameter was not properly generated as preparedKeyMaterial
			at statement: specialinvoke $r7.<javax.crypto.spec.SecretKeySpec: void <init>(byte[],java.lang.String)>($r4, varReplacer15075)

		RequiredPredicateError violating CrySL rule for javax.crypto.spec.IvParameterSpec
			First parameter was not properly generated as randomized
			at statement: specialinvoke $r9.<javax.crypto.spec.IvParameterSpec: void <init>(byte[])>($r2)

		ConstraintError violating CrySL rule for javax.crypto.Cipher (on Object #ef92d2025f9865f08eb69c95960ab72907284f521633b32a10e3954db8b9c036)
			First parameter (with value "AES/CBC/NoPadding") should be any of AES/CBC/{PKCS5Padding, ISO10126Padding}
			at statement: $r8 = staticinvoke <javax.crypto.Cipher: javax.crypto.Cipher getInstance(java.lang.String)>(varReplacer15069)

		NeverTypeOfError violating CrySL rule for javax.crypto.spec.SecretKeySpec (on Object #fec25926aaeae05efed8b0d235c9be0d8871655402e7919d93a077bf59027cf8)
			First parameter should never be of type java.lang.String.
			at statement: specialinvoke $r7.<javax.crypto.spec.SecretKeySpec: void <init>(byte[],java.lang.String)>($r4, varReplacer15075)


Findings in Java Class: okhttp3.Cache$Entry

	 in Method: java.util.List readCertificateList(okio.BufferedSource)
		IncompleteOperationError violating CrySL rule for java.security.cert.CertificateFactory (on Object #7075c5b42397547a6516847618f482ce4dbc68ab3ee4450ac1ffbce268a5151e)
			Operation on object of type java.security.cert.CertificateFactory object not completed. Expected call to generateCertificate, generateCertPath, generateCRL
			at statement: $r6 = staticinvoke <java.security.cert.CertificateFactory: java.security.cert.CertificateFactory getInstance(java.lang.String)>(varReplacer21138)

		TypestateError violating CrySL rule for java.security.cert.CertificateFactory (on Object #7075c5b42397547a6516847618f482ce4dbc68ab3ee4450ac1ffbce268a5151e)
			Unexpected call to method generateCertificate on object of type java.security.cert.CertificateFactory. Expect a call to one of the following methods generateCRL
			at statement: $r11 = virtualinvoke $r6.<java.security.cert.CertificateFactory: java.security.cert.Certificate generateCertificate(java.io.InputStream)>($r10)

		IncompleteOperationError violating CrySL rule for java.security.cert.CertificateFactory (on Object #7075c5b42397547a6516847618f482ce4dbc68ab3ee4450ac1ffbce268a5151e)
			Operation on object of type java.security.cert.CertificateFactory object not completed. Expected call to generateCertPath, generateCRL, java.security.cert.CertificateFactory: java.security.cert.Certificate generateCertificate(java.io.InputStream)
			at statement: $r11 = virtualinvoke $r6.<java.security.cert.CertificateFactory: java.security.cert.Certificate generateCertificate(java.io.InputStream)>($r10)


Findings in Java Class: okhttp3.internal.platform.Platform

	 in Method: javax.net.ssl.SSLContext newSSLContext()
		ConstraintError violating CrySL rule for javax.net.ssl.SSLContext (on Object #dc123a205bcdc51ca5ec2aa75f451b483e42b1f6549602f894c82322a2a77735)
			First parameter (with value "TLS") should be any of {TLSv1.2, TLSv1.3}
			at statement: $r1 = staticinvoke <javax.net.ssl.SSLContext: javax.net.ssl.SSLContext getInstance(java.lang.String)>(varReplacer22004)


	 in Method: javax.net.ssl.X509TrustManager platformTrustManager()
		RequiredPredicateError violating CrySL rule for javax.net.ssl.TrustManagerFactory
			First parameter was not properly generated as generatedKeyStore
			at statement: virtualinvoke $r2.<javax.net.ssl.TrustManagerFactory: void init(java.security.KeyStore)>(varReplacer20232)


Findings in Java Class: okhttp3.internal.platform.ConscryptPlatform

	 in Method: javax.net.ssl.SSLContext newSSLContext()
		ConstraintError violating CrySL rule for javax.net.ssl.SSLContext (on Object #54c9f64046054129cddc3aa16d02f6fa84030a49e6737c7957fa6bc8c6c4b111)
			First parameter (with value "TLS") should be any of {TLSv1.2, TLSv1.3}
			at statement: $r2 = staticinvoke <javax.net.ssl.SSLContext: javax.net.ssl.SSLContext getInstance(java.lang.String,java.security.Provider)>(varReplacer22005, $r1)


Findings in Java Class: okhttp3.OkHttpClient$Companion

	 in Method: javax.net.ssl.SSLSocketFactory newSslSocketFactory(javax.net.ssl.X509TrustManager)
		RequiredPredicateError violating CrySL rule for javax.net.ssl.SSLContext
			Second parameter was not properly generated as generatedTrustManagers
			at statement: virtualinvoke $r4.<javax.net.ssl.SSLContext: void init(javax.net.ssl.KeyManager[],javax.net.ssl.TrustManager[],java.security.SecureRandom)>(varReplacer20243, $r5, varReplacer20243)

		RequiredPredicateError violating CrySL rule for javax.net.ssl.SSLContext
			First parameter was not properly generated as generatedKeyManagers
			at statement: virtualinvoke $r4.<javax.net.ssl.SSLContext: void init(javax.net.ssl.KeyManager[],javax.net.ssl.TrustManager[],java.security.SecureRandom)>(varReplacer20243, $r5, varReplacer20243)

		RequiredPredicateError violating CrySL rule for javax.net.ssl.SSLContext
			Third parameter was not properly generated as randomized
			at statement: virtualinvoke $r4.<javax.net.ssl.SSLContext: void init(javax.net.ssl.KeyManager[],javax.net.ssl.TrustManager[],java.security.SecureRandom)>(varReplacer20243, $r5, varReplacer20243)


======================= CryptoAnalysis Summary ==========================
	Number of CrySL rules: 49
	Number of Objects Analyzed: 16

	CryptoAnalysis found the following violations. For details see description above.
	ConstraintError: 7
	RequiredPredicateError: 7
	TypestateError: 3
	IncompleteOperationError: 2
	NeverTypeOfError: 3
=====================================================================
