0    [main] WARN  pes.access.impl.DeclaredTypeFactory  - --- xtext.common.types ---------------------------------------------------
1    [main] WARN  pes.access.impl.DeclaredTypeFactory  - ASM library is too old. Falling back to java.lang.reflect API.
1    [main] WARN  pes.access.impl.DeclaredTypeFactory  - Please note that no information about compile time constants is available.
1    [main] WARN  pes.access.impl.DeclaredTypeFactory  - It's recommended to use org.objectweb.asm 9.1.0 or better (Maven group id: org.ow2.asm).
1    [main] WARN  pes.access.impl.DeclaredTypeFactory  - --------------------------------------------------------------------------
Ruleset: 
	java.security.cert.TrustAnchor
	javax.crypto.spec.GCMParameterSpec
	javax.xml.crypto.dsig.spec.HMACParameterSpec
	java.security.KeyPair
	java.security.DigestOutputStream
	javax.net.ssl.KeyStoreBuilderParameters
	javax.crypto.spec.OAEPParameterSpec
	javax.net.ssl.SSLContext
	javax.crypto.spec.DHGenParameterSpec
	javax.crypto.CipherOutputStream
	java.security.Key
	javax.crypto.SecretKeyFactory
	java.security.cert.PKIXBuilderParameters
	java.security.KeyFactory
	javax.crypto.spec.PBEKeySpec
	java.security.spec.DSAGenParameterSpec
	java.security.KeyPairGenerator
	javax.crypto.CipherInputStream
	javax.net.ssl.CertPathTrustManagerParameters
	java.security.cert.CertificateFactory
	java.security.SecureRandom
	java.security.spec.MGF1ParameterSpec
	javax.net.ssl.SSLEngine
	javax.crypto.spec.DHParameterSpec
	java.security.spec.DSAParameterSpec
	java.security.spec.ECParameterSpec
	java.security.spec.RSAKeyGenParameterSpec
	javax.crypto.spec.IvParameterSpec
	javax.crypto.Cipher
	javax.crypto.spec.PBEParameterSpec
	java.security.AlgorithmParameterGenerator
	java.security.spec.X509EncodedKeySpec
	javax.net.ssl.TrustManagerFactory
	java.security.DigestInputStream
	void
	javax.net.ssl.KeyManagerFactory
	java.security.cert.PKIXParameters
	java.net.PasswordAuthentication
	java.security.AlgorithmParameters
	javax.crypto.KeyAgreement
	javax.crypto.spec.SecretKeySpec
	javax.net.ssl.SSLParameters
	java.security.MessageDigest
	javax.crypto.SecretKey
	javax.crypto.KeyGenerator
	java.security.KeyStore
	javax.crypto.Mac
	java.security.spec.ECGenParameterSpec
	java.security.Signature

Analyzed Objects: 
	Object:
		Variable: $r2
		Type: java.security.MessageDigest
		Statement: $r2 = staticinvoke <java.security.MessageDigest: java.security.MessageDigest getInstance(java.lang.String)>($r1)
		Method: <okio.ByteString: okio.ByteString digest(java.lang.String)>
		SHA-256: b336d574501b28a5bd90db22472c23a68acb0c1b99c4f14746fdc2a23c69a24e
		Secure: false
	Object:
		Variable: $r0
		Type: java.security.SecureRandom
		Statement: specialinvoke $r0.<java.security.SecureRandom: void <init>()>()
		Method: <com.twitter.sdk.android.core.internal.oauth.OAuth1aParameters: void <clinit>()>
		SHA-256: 81571f0f65b71822bd958d9fd94e85c4e0b32e123ab4c4b6ad790e4712eb88cf
		Secure: true
	Object:
		Variable: varReplacer9612
		Type: java.lang.String
		Statement: specialinvoke $r5.<javax.crypto.spec.SecretKeySpec: void <init>(byte[],java.lang.String)>($r4, varReplacer9612)
		Method: <com.twitter.sdk.android.core.internal.oauth.OAuth1aParameters: java.lang.String calculateSignature(java.lang.String)>
		SHA-256: 330edc49c235a1f3ee3c3c728029d8c3ff2db85192813c5e8a41a8db18a27d00
		Secure: false
	Object:
		Variable: $r3
		Type: javax.net.ssl.TrustManagerFactory
		Statement: $r3 = staticinvoke <javax.net.ssl.TrustManagerFactory: javax.net.ssl.TrustManagerFactory getInstance(java.lang.String)>($r2)
		Method: <okhttp3.OkHttpClient: javax.net.ssl.X509TrustManager systemDefaultTrustManager()>
		SHA-256: 131be75562789377964b01a1048670ba51f7fa7f9f94e1fbf399e843541d1155
		Secure: false
	Object:
		Variable: $r6
		Type: javax.crypto.Mac
		Statement: $r6 = staticinvoke <javax.crypto.Mac: javax.crypto.Mac getInstance(java.lang.String)>(varReplacer9606)
		Method: <com.twitter.sdk.android.core.internal.oauth.OAuth1aParameters: java.lang.String calculateSignature(java.lang.String)>
		SHA-256: 3f2d1778ae35147da2a35057e41fcc12c1fa1ea3243694aad6851fd76c4c1c31
		Secure: false
	Object:
		Variable: $r3
		Type: byte[]
		Statement: $r3 = virtualinvoke $r2.<java.security.MessageDigest: byte[] digest(byte[])>($r3)
		Method: <okio.ByteString: okio.ByteString digest(java.lang.String)>
		SHA-256: a79a1700ae9d8d44f13ea218f751e7024f8f1222b1b2ae17cdbab7b56d352181
		Secure: false
	Object:
		Variable: $r3
		Type: byte[]
		Statement: $r3 = virtualinvoke $r6.<javax.crypto.Mac: byte[] doFinal(byte[])>($r3)
		Method: <com.twitter.sdk.android.core.internal.oauth.OAuth1aParameters: java.lang.String calculateSignature(java.lang.String)>
		SHA-256: 4f7c598d60d4268ac81cc5cff7fbd82af6402f6d2d5c0714e6da8b14c602d67
		Secure: false
	Object:
		Variable: $r5
		Type: javax.crypto.spec.SecretKeySpec
		Statement: specialinvoke $r5.<javax.crypto.spec.SecretKeySpec: void <init>(byte[],java.lang.String)>($r4, varReplacer9612)
		Method: <com.twitter.sdk.android.core.internal.oauth.OAuth1aParameters: java.lang.String calculateSignature(java.lang.String)>
		SHA-256: ce83f7517534c2d3854dd64b0bc0c52588df53071d46981eb2be60dd8dc1b361
		Secure: false
	Object:
		Variable: $r5
		Type: java.security.cert.CertificateFactory
		Statement: $r5 = staticinvoke <java.security.cert.CertificateFactory: java.security.cert.CertificateFactory getInstance(java.lang.String)>(varReplacer15451)
		Method: <okhttp3.Cache$Entry: java.util.List readCertificateList(okio.BufferedSource)>
		SHA-256: 8740e23e348c264eacd2f7f0c8eef693e0e2a30e13cf0c3349f1ab6aded34a82
		Secure: false
	Object:
		Variable: $r3
		Type: javax.net.ssl.SSLContext
		Statement: $r3 = staticinvoke <javax.net.ssl.SSLContext: javax.net.ssl.SSLContext getInstance(java.lang.String)>(varReplacer7346)
		Method: <okhttp3.OkHttpClient: javax.net.ssl.SSLSocketFactory systemDefaultSslSocketFactory(javax.net.ssl.X509TrustManager)>
		SHA-256: 571ff4c709b9e06743607b2aac6b993aa81740e1143101bf550ba4c106091779
		Secure: false
	Object:
		Variable: $r4
		Type: javax.net.ssl.TrustManager[]
		Statement: $r4 = virtualinvoke $r3.<javax.net.ssl.TrustManagerFactory: javax.net.ssl.TrustManager[] getTrustManagers()>()
		Method: <okhttp3.OkHttpClient: javax.net.ssl.X509TrustManager systemDefaultTrustManager()>
		SHA-256: 1a27914d4fa0cccd4258c31d2327789a4c4f86227090a14ea854b6b35086568
		Secure: false

Findings in Java Class: okhttp3.OkHttpClient

	 in Method: javax.net.ssl.SSLSocketFactory systemDefaultSslSocketFactory(javax.net.ssl.X509TrustManager)
		ConstraintError violating CrySL rule for javax.net.ssl.SSLContext (on Object #571ff4c709b9e06743607b2aac6b993aa81740e1143101bf550ba4c106091779)
			First parameter (with value "TLS") should be any of {TLSv1.2, TLSv1.3}
			at statement: $r3 = staticinvoke <javax.net.ssl.SSLContext: javax.net.ssl.SSLContext getInstance(java.lang.String)>(varReplacer7346)

		RequiredPredicateError violating CrySL rule for javax.net.ssl.SSLContext
			Second parameter was not properly generated as generatedTrustManagers
			at statement: virtualinvoke $r3.<javax.net.ssl.SSLContext: void init(javax.net.ssl.KeyManager[],javax.net.ssl.TrustManager[],java.security.SecureRandom)>(varReplacer7344, $r7, varReplacer7344)

		RequiredPredicateError violating CrySL rule for javax.net.ssl.SSLContext
			First parameter was not properly generated as generatedKeyManagers
			at statement: virtualinvoke $r3.<javax.net.ssl.SSLContext: void init(javax.net.ssl.KeyManager[],javax.net.ssl.TrustManager[],java.security.SecureRandom)>(varReplacer7344, $r7, varReplacer7344)

		RequiredPredicateError violating CrySL rule for javax.net.ssl.SSLContext
			Third parameter was not properly generated as randomized
			at statement: virtualinvoke $r3.<javax.net.ssl.SSLContext: void init(javax.net.ssl.KeyManager[],javax.net.ssl.TrustManager[],java.security.SecureRandom)>(varReplacer7344, $r7, varReplacer7344)


	 in Method: javax.net.ssl.X509TrustManager systemDefaultTrustManager()
		RequiredPredicateError violating CrySL rule for javax.net.ssl.TrustManagerFactory
			First parameter was not properly generated as generatedKeyStore
			at statement: virtualinvoke $r3.<javax.net.ssl.TrustManagerFactory: void init(java.security.KeyStore)>(varReplacer7342)


Findings in Java Class: com.twitter.sdk.android.core.internal.oauth.OAuth1aParameters

	 in Method: java.lang.String calculateSignature(java.lang.String)
		RequiredPredicateError violating CrySL rule for javax.crypto.Mac
			First parameter was not properly generated as generatedKey
			at statement: virtualinvoke $r6.<javax.crypto.Mac: void init(java.security.Key)>($r5)

		ConstraintError violating CrySL rule for javax.crypto.spec.SecretKeySpec (on Object #ce83f7517534c2d3854dd64b0bc0c52588df53071d46981eb2be60dd8dc1b361)
			Second parameter (with value "HmacSHA1") should be any of {AES, HmacSHA256, HmacSHA384, HmacSHA512}
			at statement: specialinvoke $r5.<javax.crypto.spec.SecretKeySpec: void <init>(byte[],java.lang.String)>($r4, varReplacer9612)

		RequiredPredicateError violating CrySL rule for javax.crypto.spec.SecretKeySpec
			First parameter was not properly generated as preparedKeyMaterial
			at statement: specialinvoke $r5.<javax.crypto.spec.SecretKeySpec: void <init>(byte[],java.lang.String)>($r4, varReplacer9612)

		ConstraintError violating CrySL rule for javax.crypto.Mac (on Object #3f2d1778ae35147da2a35057e41fcc12c1fa1ea3243694aad6851fd76c4c1c31)
			First parameter (with value "HmacSHA1") should be any of {HmacSHA256, HmacSHA384, HmacSHA512, HmacPBESHA1, PBEWithHmacSHA1, PBEWithHmacSHA224, PBEWithHmacSHA256, PBEWithHmacSHA384, PBEWithHmacSHA512}
			at statement: $r6 = staticinvoke <javax.crypto.Mac: javax.crypto.Mac getInstance(java.lang.String)>(varReplacer9606)


Findings in Java Class: okio.ByteString

	 in Method: okio.ByteString digest(java.lang.String)
		ConstraintError violating CrySL rule for java.security.MessageDigest (on Object #b336d574501b28a5bd90db22472c23a68acb0c1b99c4f14746fdc2a23c69a24e)
			First parameter (with value "SHA-1") should be any of {SHA-256, SHA-384, SHA-512}
			at statement: $r2 = staticinvoke <java.security.MessageDigest: java.security.MessageDigest getInstance(java.lang.String)>($r1)

		ConstraintError violating CrySL rule for java.security.MessageDigest (on Object #b336d574501b28a5bd90db22472c23a68acb0c1b99c4f14746fdc2a23c69a24e)
			First parameter (with value "MD5") should be any of {SHA-256, SHA-384, SHA-512}
			at statement: $r2 = staticinvoke <java.security.MessageDigest: java.security.MessageDigest getInstance(java.lang.String)>($r1)


Findings in Java Class: okhttp3.Cache$Entry

	 in Method: java.util.List readCertificateList(okio.BufferedSource)
		IncompleteOperationError violating CrySL rule for java.security.cert.CertificateFactory (on Object #8740e23e348c264eacd2f7f0c8eef693e0e2a30e13cf0c3349f1ab6aded34a82)
			Operation on object of type java.security.cert.CertificateFactory object not completed. Expected call to generateCertPath, generateCertificate, generateCRL
			at statement: $r5 = staticinvoke <java.security.cert.CertificateFactory: java.security.cert.CertificateFactory getInstance(java.lang.String)>(varReplacer15451)

		TypestateError violating CrySL rule for java.security.cert.CertificateFactory (on Object #8740e23e348c264eacd2f7f0c8eef693e0e2a30e13cf0c3349f1ab6aded34a82)
			Unexpected call to method generateCertificate on object of type java.security.cert.CertificateFactory. Expect a call to one of the following methods generateCRL
			at statement: $r9 = virtualinvoke $r5.<java.security.cert.CertificateFactory: java.security.cert.Certificate generateCertificate(java.io.InputStream)>($r8)

		IncompleteOperationError violating CrySL rule for java.security.cert.CertificateFactory (on Object #8740e23e348c264eacd2f7f0c8eef693e0e2a30e13cf0c3349f1ab6aded34a82)
			Operation on object of type java.security.cert.CertificateFactory object not completed. Expected call to generateCertPath, generateCRL, java.security.cert.CertificateFactory: java.security.cert.Certificate generateCertificate(java.io.InputStream)
			at statement: $r9 = virtualinvoke $r5.<java.security.cert.CertificateFactory: java.security.cert.Certificate generateCertificate(java.io.InputStream)>($r8)


======================= CryptoAnalysis Summary ==========================
	Number of CrySL rules: 49
	Number of Objects Analyzed: 11

	CryptoAnalysis found the following violations. For details see description above.
	IncompleteOperationError: 2
	ConstraintError: 5
	TypestateError: 1
	RequiredPredicateError: 6
=====================================================================
