0    [main] WARN  pes.access.impl.DeclaredTypeFactory  - --- xtext.common.types ---------------------------------------------------
1    [main] WARN  pes.access.impl.DeclaredTypeFactory  - ASM library is too old. Falling back to java.lang.reflect API.
1    [main] WARN  pes.access.impl.DeclaredTypeFactory  - Please note that no information about compile time constants is available.
1    [main] WARN  pes.access.impl.DeclaredTypeFactory  - It's recommended to use org.objectweb.asm 9.1.0 or better (Maven group id: org.ow2.asm).
5    [main] WARN  pes.access.impl.DeclaredTypeFactory  - --------------------------------------------------------------------------
Alive 24729  5000
Alive 21827  5000
Alive 27370  5000
Alive 30300  5000
Alive 32040  5000
Alive 25833  5000
Alive 24581  5000
Alive 28631  5000
Alive 23707  5000
Alive 18635  5000
Alive 25935  5000
Alive 23283  5000
Alive 22070  5000
Alive 21247  5000
Alive 20772  5000
