0    [main] WARN  pes.access.impl.DeclaredTypeFactory  - --- xtext.common.types ---------------------------------------------------
0    [main] WARN  pes.access.impl.DeclaredTypeFactory  - ASM library is too old. Falling back to java.lang.reflect API.
0    [main] WARN  pes.access.impl.DeclaredTypeFactory  - Please note that no information about compile time constants is available.
0    [main] WARN  pes.access.impl.DeclaredTypeFactory  - It's recommended to use org.objectweb.asm 9.1.0 or better (Maven group id: org.ow2.asm).
0    [main] WARN  pes.access.impl.DeclaredTypeFactory  - --------------------------------------------------------------------------
Ruleset: 
	java.security.cert.TrustAnchor
	javax.crypto.spec.GCMParameterSpec
	javax.xml.crypto.dsig.spec.HMACParameterSpec
	java.security.KeyPair
	java.security.DigestOutputStream
	javax.net.ssl.KeyStoreBuilderParameters
	javax.crypto.spec.OAEPParameterSpec
	javax.net.ssl.SSLContext
	javax.crypto.spec.DHGenParameterSpec
	javax.crypto.CipherOutputStream
	java.security.Key
	javax.crypto.SecretKeyFactory
	java.security.cert.PKIXBuilderParameters
	java.security.KeyFactory
	javax.crypto.spec.PBEKeySpec
	java.security.spec.DSAGenParameterSpec
	java.security.KeyPairGenerator
	javax.crypto.CipherInputStream
	javax.net.ssl.CertPathTrustManagerParameters
	java.security.cert.CertificateFactory
	java.security.SecureRandom
	java.security.spec.MGF1ParameterSpec
	javax.net.ssl.SSLEngine
	javax.crypto.spec.DHParameterSpec
	java.security.spec.DSAParameterSpec
	java.security.spec.ECParameterSpec
	java.security.spec.RSAKeyGenParameterSpec
	javax.crypto.spec.IvParameterSpec
	javax.crypto.Cipher
	javax.crypto.spec.PBEParameterSpec
	java.security.AlgorithmParameterGenerator
	java.security.spec.X509EncodedKeySpec
	javax.net.ssl.TrustManagerFactory
	java.security.DigestInputStream
	void
	javax.net.ssl.KeyManagerFactory
	java.security.cert.PKIXParameters
	java.net.PasswordAuthentication
	java.security.AlgorithmParameters
	javax.crypto.KeyAgreement
	javax.crypto.spec.SecretKeySpec
	javax.net.ssl.SSLParameters
	java.security.MessageDigest
	javax.crypto.SecretKey
	javax.crypto.KeyGenerator
	java.security.KeyStore
	javax.crypto.Mac
	java.security.spec.ECGenParameterSpec
	java.security.Signature

Analyzed Objects: 
	Object:
		Variable: $i0
		Type: int
		Statement: specialinvoke $r0.<javax.crypto.spec.PBEKeySpec: void <init>(char[],byte[],int,int)>($r1, $r2, $i1, $i0)
		Method: <de.larcado.sesam.Sesam: byte[] pbkdf2(char[],byte[],int,int)>
		SHA-256: cc30a966a1898c49a5db378dea2e1d004f07b3f5ad1ae0f7ac0f4ab1afe7f114
		Secure: false
	Object:
		Variable: $r4
		Type: javax.crypto.SecretKey
		Statement: $r4 = virtualinvoke $r3.<javax.crypto.SecretKeyFactory: javax.crypto.SecretKey generateSecret(java.security.spec.KeySpec)>($r0)
		Method: <de.larcado.sesam.Sesam: byte[] pbkdf2(char[],byte[],int,int)>
		SHA-256: 90ab6a6c91182dd57b3954d165331c60bf74e6102d45c683b756c7d8ede74061
		Secure: false
	Object:
		Variable: $r3
		Type: javax.crypto.SecretKeyFactory
		Statement: $r3 = staticinvoke <javax.crypto.SecretKeyFactory: javax.crypto.SecretKeyFactory getInstance(java.lang.String)>(varReplacer103)
		Method: <de.larcado.sesam.Sesam: byte[] pbkdf2(char[],byte[],int,int)>
		SHA-256: bef1118da6cbadf23a23ffc3fee226b5acd05f3523584c9f0248c0645a57f357
		Secure: false
	Object:
		Variable: $r0
		Type: javax.crypto.spec.PBEKeySpec
		Statement: specialinvoke $r0.<javax.crypto.spec.PBEKeySpec: void <init>(char[],byte[],int,int)>($r1, $r2, $i1, $i0)
		Method: <de.larcado.sesam.Sesam: byte[] pbkdf2(char[],byte[],int,int)>
		SHA-256: 6ba1cf8f97ce693034f2d18e242529267795c29307637996999c4a5eb67e3b38
		Secure: false

Findings in Java Class: de.larcado.sesam.Sesam

	 in Method: byte[] pbkdf2(char[],byte[],int,int)
		IncompleteOperationError violating CrySL rule for javax.crypto.spec.PBEKeySpec (on Object #6ba1cf8f97ce693034f2d18e242529267795c29307637996999c4a5eb67e3b38)
			Operation on object of type javax.crypto.spec.PBEKeySpec object not completed. Expected call to clearPassword
			at statement: $r4 = virtualinvoke $r3.<javax.crypto.SecretKeyFactory: javax.crypto.SecretKey generateSecret(java.security.spec.KeySpec)>($r0)

		RequiredPredicateError violating CrySL rule for javax.crypto.SecretKeyFactory
			First parameter was not properly generated as speccedKey
			at statement: $r4 = virtualinvoke $r3.<javax.crypto.SecretKeyFactory: javax.crypto.SecretKey generateSecret(java.security.spec.KeySpec)>($r0)

		ConstraintError violating CrySL rule for javax.crypto.SecretKeyFactory (on Object #bef1118da6cbadf23a23ffc3fee226b5acd05f3523584c9f0248c0645a57f357)
			First parameter (with value "PBKDF2WithHmacSHA1") should be any of {PBKDF2WithHmacSHA512, PBKDF2WithHmacSHA384, PBKDF2WithHmacSHA256, PBKDF2WithHmacSHA224, PBEWithHmacSHA512AndAES_128, PBEWithHmacSHA384AndAES_128, PBEWithHmacSHA384AndAES_128, PBEWithHmacSHA224AndAES_128, PBEWithHmacSHA256AndAES_128, PBEWithHmacSHA224AndAES_256, PBEWithHmacSHA256AndAES_256, PBEWithHmacSHA384AndAES_256, PBEWithHmacSHA512AndAES_256}
			at statement: $r3 = staticinvoke <javax.crypto.SecretKeyFactory: javax.crypto.SecretKeyFactory getInstance(java.lang.String)>(varReplacer103)

		NeverTypeOfError violating CrySL rule for javax.crypto.spec.PBEKeySpec (on Object #6ba1cf8f97ce693034f2d18e242529267795c29307637996999c4a5eb67e3b38)
			First parameter should never be of type java.lang.String.
			at statement: specialinvoke $r0.<javax.crypto.spec.PBEKeySpec: void <init>(char[],byte[],int,int)>($r1, $r2, $i1, $i0)

		HardCodedError violating CrySL rule for javax.crypto.spec.PBEKeySpec (on Object #6ba1cf8f97ce693034f2d18e242529267795c29307637996999c4a5eb67e3b38)
			First parameter should never be hardcoded.
			at statement: specialinvoke $r0.<javax.crypto.spec.PBEKeySpec: void <init>(char[],byte[],int,int)>($r1, $r2, $i1, $i0)

		RequiredPredicateError violating CrySL rule for javax.crypto.spec.PBEKeySpec
			Second parameter was not properly generated as randomized
			at statement: specialinvoke $r0.<javax.crypto.spec.PBEKeySpec: void <init>(char[],byte[],int,int)>($r1, $r2, $i1, $i0)


======================= CryptoAnalysis Summary ==========================
	Number of CrySL rules: 49
	Number of Objects Analyzed: 4

	CryptoAnalysis found the following violations. For details see description above.
	NeverTypeOfError: 1
	RequiredPredicateError: 2
	IncompleteOperationError: 1
	ConstraintError: 1
	HardCodedError: 1
=====================================================================
