0    [main] WARN  pes.access.impl.DeclaredTypeFactory  - --- xtext.common.types ---------------------------------------------------
1    [main] WARN  pes.access.impl.DeclaredTypeFactory  - ASM library is too old. Falling back to java.lang.reflect API.
1    [main] WARN  pes.access.impl.DeclaredTypeFactory  - Please note that no information about compile time constants is available.
1    [main] WARN  pes.access.impl.DeclaredTypeFactory  - It's recommended to use org.objectweb.asm 9.1.0 or better (Maven group id: org.ow2.asm).
1    [main] WARN  pes.access.impl.DeclaredTypeFactory  - --------------------------------------------------------------------------
Ruleset: 
	java.security.cert.TrustAnchor
	javax.crypto.spec.GCMParameterSpec
	javax.xml.crypto.dsig.spec.HMACParameterSpec
	java.security.KeyPair
	java.security.DigestOutputStream
	javax.net.ssl.KeyStoreBuilderParameters
	javax.crypto.spec.OAEPParameterSpec
	javax.net.ssl.SSLContext
	javax.crypto.spec.DHGenParameterSpec
	javax.crypto.CipherOutputStream
	java.security.Key
	javax.crypto.SecretKeyFactory
	java.security.cert.PKIXBuilderParameters
	java.security.KeyFactory
	javax.crypto.spec.PBEKeySpec
	java.security.spec.DSAGenParameterSpec
	java.security.KeyPairGenerator
	javax.crypto.CipherInputStream
	javax.net.ssl.CertPathTrustManagerParameters
	java.security.cert.CertificateFactory
	java.security.SecureRandom
	java.security.spec.MGF1ParameterSpec
	javax.net.ssl.SSLEngine
	javax.crypto.spec.DHParameterSpec
	java.security.spec.DSAParameterSpec
	java.security.spec.ECParameterSpec
	java.security.spec.RSAKeyGenParameterSpec
	javax.crypto.spec.IvParameterSpec
	javax.crypto.Cipher
	javax.crypto.spec.PBEParameterSpec
	java.security.AlgorithmParameterGenerator
	java.security.spec.X509EncodedKeySpec
	javax.net.ssl.TrustManagerFactory
	java.security.DigestInputStream
	void
	javax.net.ssl.KeyManagerFactory
	java.security.cert.PKIXParameters
	java.net.PasswordAuthentication
	java.security.AlgorithmParameters
	javax.crypto.KeyAgreement
	javax.crypto.spec.SecretKeySpec
	javax.net.ssl.SSLParameters
	java.security.MessageDigest
	javax.crypto.SecretKey
	javax.crypto.KeyGenerator
	java.security.KeyStore
	javax.crypto.Mac
	java.security.spec.ECGenParameterSpec
	java.security.Signature

Analyzed Objects: 
	Object:
		Variable: $r5
		Type: java.security.cert.CertificateFactory
		Statement: $r5 = staticinvoke <java.security.cert.CertificateFactory: java.security.cert.CertificateFactory getInstance(java.lang.String)>(varReplacer30376)
		Method: <f.c$d: java.util.List a(g.h)>
		SHA-256: 7efebde3e55a61a9b7ae73e1c7e1d56c5d3d36f63355b90b6bc3c5d144d33b05
		Secure: false
	Object:
		Variable: $r3
		Type: javax.net.ssl.SSLContext
		Statement: $r3 = staticinvoke <javax.net.ssl.SSLContext: javax.net.ssl.SSLContext getInstance(java.lang.String,java.security.Provider)>(varReplacer16591, $r2)
		Method: <f.h0.k.b: javax.net.ssl.SSLContext b()>
		SHA-256: e2234f6a55e0702ff2848304fa44402644fddf591a2f6ff07924e7348c89e6f7
		Secure: false
	Object:
		Variable: $r1
		Type: java.security.MessageDigest
		Statement: $r1 = staticinvoke <java.security.MessageDigest: java.security.MessageDigest getInstance(java.lang.String)>(varReplacer24558)
		Method: <com.bumptech.glide.load.o.b0.j$a: com.bumptech.glide.load.o.b0.j$b a()>
		SHA-256: 710288584f02b98b2a5d4b31ede8bf16223192045654547ed25542df47d4a5e2
		Secure: true
	Object:
		Variable: $r4
		Type: javax.net.ssl.SSLContext
		Statement: $r4 = staticinvoke <javax.net.ssl.SSLContext: javax.net.ssl.SSLContext getInstance(java.lang.String)>(varReplacer16597)
		Method: <f.h0.k.f: javax.net.ssl.SSLContext b()>
		SHA-256: 45114278a52b5a2bc22d2faeb56b3947a7d0a34a3cd0c3049910d7387c3e4151
		Secure: false
	Object:
		Variable: $r3
		Type: javax.net.ssl.SSLContext
		Statement: $r3 = staticinvoke <javax.net.ssl.SSLContext: javax.net.ssl.SSLContext getInstance(java.lang.String,java.security.Provider)>(varReplacer16590, $r2)
		Method: <f.h0.k.b: javax.net.ssl.SSLContext b()>
		SHA-256: 6c2c35f03da143f0598300672da013afa793bbb1cd839641efe602dfd2d7c72a
		Secure: false
	Object:
		Variable: $r4
		Type: javax.net.ssl.SSLContext
		Statement: $r4 = staticinvoke <javax.net.ssl.SSLContext: javax.net.ssl.SSLContext getInstance(java.lang.String)>(varReplacer16598)
		Method: <f.h0.k.f: javax.net.ssl.SSLContext b()>
		SHA-256: b7b1f79b924740c5e0fe6806e58dda8afa4cccdfe663b48722e268fea01bde43
		Secure: false
	Object:
		Variable: $r2
		Type: javax.net.ssl.SSLContext
		Statement: $r2 = staticinvoke <javax.net.ssl.SSLContext: javax.net.ssl.SSLContext getInstance(java.lang.String)>(varReplacer3770)
		Method: <de.r4md4c.gamedealz.g.a: f.x$b b(f.x$b)>
		SHA-256: b27b95c7d0ac56edc5604d90b57672f4d6d80433f1c12125e3d5aa4a02df61d3
		Secure: false
	Object:
		Variable: $r4
		Type: byte[]
		Statement: $r4 = virtualinvoke $r3.<java.security.MessageDigest: byte[] digest(byte[])>($r4)
		Method: <g.i: g.i a(java.lang.String)>
		SHA-256: a48d2f35c2589bbe75f56c4e3c4ac78cc292fdae32c701add51a988b4eaaf14
		Secure: false
	Object:
		Variable: $r3
		Type: javax.net.ssl.SSLContext
		Statement: $r3 = staticinvoke <javax.net.ssl.SSLContext: javax.net.ssl.SSLContext getInstance(java.lang.String)>(varReplacer16594)
		Method: <f.h0.k.a: javax.net.ssl.SSLContext b()>
		SHA-256: cc087772fd957f9b60af743da7d5447c304a7ca523d010a1d5151bdfa8fdae43
		Secure: false
	Object:
		Variable: $r3
		Type: java.security.MessageDigest
		Statement: $r3 = staticinvoke <java.security.MessageDigest: java.security.MessageDigest getInstance(java.lang.String)>($r1)
		Method: <g.i: g.i a(java.lang.String)>
		SHA-256: 2d26f2daeecace72ea8cae1dbea3dbf78c5c8fa454b08e7e570e1806379c5273
		Secure: false
	Object:
		Variable: $r2
		Type: java.security.MessageDigest
		Statement: $r2 = staticinvoke <java.security.MessageDigest: java.security.MessageDigest getInstance(java.lang.String)>($r1)
		Method: <g.w: g.i a(java.lang.String)>
		SHA-256: 9a93e0a202c5aadbbb337fff7e139e895c068c6e3ace1332530daad22dc1713d
		Secure: false
	Object:
		Variable: $r2
		Type: javax.net.ssl.TrustManager[]
		Statement: $r2 = virtualinvoke $r1.<javax.net.ssl.TrustManagerFactory: javax.net.ssl.TrustManager[] getTrustManagers()>()
		Method: <f.h0.c: javax.net.ssl.X509TrustManager a()>
		SHA-256: 2e19e442f491fad9bacca382be95db7d7cccd4279cc7aa46f99d2a017fe0d1c6
		Secure: false
	Object:
		Variable: $r1
		Type: javax.net.ssl.TrustManagerFactory
		Statement: $r1 = staticinvoke <javax.net.ssl.TrustManagerFactory: javax.net.ssl.TrustManagerFactory getInstance(java.lang.String)>($r0)
		Method: <f.h0.c: javax.net.ssl.X509TrustManager a()>
		SHA-256: e4ed093d1099577ec2b5e8c3dcc362142ed99779abf1b2ef2f72a039924add5f
		Secure: false
	Object:
		Variable: $r3
		Type: javax.net.ssl.SSLContext
		Statement: $r3 = staticinvoke <javax.net.ssl.SSLContext: javax.net.ssl.SSLContext getInstance(java.lang.String)>(varReplacer16593)
		Method: <f.h0.k.a: javax.net.ssl.SSLContext b()>
		SHA-256: a8a66cff80f39b4a27806d9536d3ce535f968d4c821819ecc79bba501ae039e5
		Secure: false
	Object:
		Variable: $r5
		Type: byte[]
		Statement: $r5 = virtualinvoke $r2.<java.security.MessageDigest: byte[] digest()>()
		Method: <g.w: g.i a(java.lang.String)>
		SHA-256: 527ce9b8bf4cdc709a0e981ad7481735efa2331a672914ef234d52df673e30bd
		Secure: false

Findings in Java Class: f.h0.k.b

	 in Method: javax.net.ssl.SSLContext b()
		ConstraintError violating CrySL rule for javax.net.ssl.SSLContext (on Object #6c2c35f03da143f0598300672da013afa793bbb1cd839641efe602dfd2d7c72a)
			First parameter (with value "TLS") should be any of {TLSv1.2, TLSv1.3}
			at statement: $r3 = staticinvoke <javax.net.ssl.SSLContext: javax.net.ssl.SSLContext getInstance(java.lang.String,java.security.Provider)>(varReplacer16590, $r2)


Findings in Java Class: f.h0.k.a

	 in Method: javax.net.ssl.SSLContext b()
		ConstraintError violating CrySL rule for javax.net.ssl.SSLContext (on Object #cc087772fd957f9b60af743da7d5447c304a7ca523d010a1d5151bdfa8fdae43)
			First parameter (with value "TLS") should be any of {TLSv1.2, TLSv1.3}
			at statement: $r3 = staticinvoke <javax.net.ssl.SSLContext: javax.net.ssl.SSLContext getInstance(java.lang.String)>(varReplacer16594)


Findings in Java Class: f.h0.k.f

	 in Method: javax.net.ssl.SSLContext b()
		ConstraintError violating CrySL rule for javax.net.ssl.SSLContext (on Object #45114278a52b5a2bc22d2faeb56b3947a7d0a34a3cd0c3049910d7387c3e4151)
			First parameter (with value "TLS") should be any of {TLSv1.2, TLSv1.3}
			at statement: $r4 = staticinvoke <javax.net.ssl.SSLContext: javax.net.ssl.SSLContext getInstance(java.lang.String)>(varReplacer16597)


Findings in Java Class: f.c$d

	 in Method: java.util.List a(g.h)
		TypestateError violating CrySL rule for java.security.cert.CertificateFactory (on Object #7efebde3e55a61a9b7ae73e1c7e1d56c5d3d36f63355b90b6bc3c5d144d33b05)
			Unexpected call to method generateCertificate on object of type java.security.cert.CertificateFactory. Expect a call to one of the following methods generateCRL
			at statement: $r9 = virtualinvoke $r5.<java.security.cert.CertificateFactory: java.security.cert.Certificate generateCertificate(java.io.InputStream)>($r8)

		IncompleteOperationError violating CrySL rule for java.security.cert.CertificateFactory (on Object #7efebde3e55a61a9b7ae73e1c7e1d56c5d3d36f63355b90b6bc3c5d144d33b05)
			Operation on object of type java.security.cert.CertificateFactory object not completed. Expected call to generateCertPath, generateCRL, java.security.cert.CertificateFactory: java.security.cert.Certificate generateCertificate(java.io.InputStream)
			at statement: $r9 = virtualinvoke $r5.<java.security.cert.CertificateFactory: java.security.cert.Certificate generateCertificate(java.io.InputStream)>($r8)

		IncompleteOperationError violating CrySL rule for java.security.cert.CertificateFactory (on Object #7efebde3e55a61a9b7ae73e1c7e1d56c5d3d36f63355b90b6bc3c5d144d33b05)
			Operation on object of type java.security.cert.CertificateFactory object not completed. Expected call to generateCertificate, generateCertPath, generateCRL
			at statement: $r5 = staticinvoke <java.security.cert.CertificateFactory: java.security.cert.CertificateFactory getInstance(java.lang.String)>(varReplacer30376)


Findings in Java Class: g.w

	 in Method: g.i a(java.lang.String)
		ConstraintError violating CrySL rule for java.security.MessageDigest (on Object #9a93e0a202c5aadbbb337fff7e139e895c068c6e3ace1332530daad22dc1713d)
			First parameter (with value "MD5") should be any of {SHA-256, SHA-384, SHA-512}
			at statement: $r2 = staticinvoke <java.security.MessageDigest: java.security.MessageDigest getInstance(java.lang.String)>($r1)

		ConstraintError violating CrySL rule for java.security.MessageDigest (on Object #9a93e0a202c5aadbbb337fff7e139e895c068c6e3ace1332530daad22dc1713d)
			First parameter (with value "SHA-1") should be any of {SHA-256, SHA-384, SHA-512}
			at statement: $r2 = staticinvoke <java.security.MessageDigest: java.security.MessageDigest getInstance(java.lang.String)>($r1)

		TypestateError violating CrySL rule for java.security.MessageDigest (on Object #9a93e0a202c5aadbbb337fff7e139e895c068c6e3ace1332530daad22dc1713d)
			Unexpected call to method <java.security.MessageDigest: byte[] digest()> on object of type java.security.MessageDigest. Expect a call to one of the following methods java.security.MessageDigest: void update(byte[],int,int),java.security.MessageDigest: void update(java.nio.ByteBuffer),java.security.MessageDigest: byte[] digest(byte[]),java.security.MessageDigest: void update(byte[]),java.security.MessageDigest: void update(byte)
			at statement: $r5 = virtualinvoke $r2.<java.security.MessageDigest: byte[] digest()>()


Findings in Java Class: g.i

	 in Method: g.i a(java.lang.String)
		ConstraintError violating CrySL rule for java.security.MessageDigest (on Object #2d26f2daeecace72ea8cae1dbea3dbf78c5c8fa454b08e7e570e1806379c5273)
			First parameter (with value "SHA-1") should be any of {SHA-256, SHA-384, SHA-512}
			at statement: $r3 = staticinvoke <java.security.MessageDigest: java.security.MessageDigest getInstance(java.lang.String)>($r1)

		ConstraintError violating CrySL rule for java.security.MessageDigest (on Object #2d26f2daeecace72ea8cae1dbea3dbf78c5c8fa454b08e7e570e1806379c5273)
			First parameter (with value "MD5") should be any of {SHA-256, SHA-384, SHA-512}
			at statement: $r3 = staticinvoke <java.security.MessageDigest: java.security.MessageDigest getInstance(java.lang.String)>($r1)


Findings in Java Class: f.x

	 in Method: javax.net.ssl.SSLSocketFactory a(javax.net.ssl.X509TrustManager)
		RequiredPredicateError violating CrySL rule for javax.net.ssl.SSLContext
			First parameter was not properly generated as generatedKeyManagers
			at statement: virtualinvoke $r2.<javax.net.ssl.SSLContext: void init(javax.net.ssl.KeyManager[],javax.net.ssl.TrustManager[],java.security.SecureRandom)>(varReplacer11677, $r7, varReplacer11677)

		RequiredPredicateError violating CrySL rule for javax.net.ssl.SSLContext
			Second parameter was not properly generated as generatedTrustManagers
			at statement: virtualinvoke $r2.<javax.net.ssl.SSLContext: void init(javax.net.ssl.KeyManager[],javax.net.ssl.TrustManager[],java.security.SecureRandom)>(varReplacer11677, $r7, varReplacer11677)

		RequiredPredicateError violating CrySL rule for javax.net.ssl.SSLContext
			Third parameter was not properly generated as randomized
			at statement: virtualinvoke $r2.<javax.net.ssl.SSLContext: void init(javax.net.ssl.KeyManager[],javax.net.ssl.TrustManager[],java.security.SecureRandom)>(varReplacer11677, $r7, varReplacer11677)


Findings in Java Class: de.r4md4c.gamedealz.g.a

	 in Method: f.x$b b(f.x$b)
		RequiredPredicateError violating CrySL rule for javax.net.ssl.SSLContext
			Second parameter was not properly generated as generatedTrustManagers
			at statement: virtualinvoke $r2.<javax.net.ssl.SSLContext: void init(javax.net.ssl.KeyManager[],javax.net.ssl.TrustManager[],java.security.SecureRandom)>(varReplacer3766, varReplacer3766, varReplacer3766)

		RequiredPredicateError violating CrySL rule for javax.net.ssl.SSLContext
			First parameter was not properly generated as generatedKeyManagers
			at statement: virtualinvoke $r2.<javax.net.ssl.SSLContext: void init(javax.net.ssl.KeyManager[],javax.net.ssl.TrustManager[],java.security.SecureRandom)>(varReplacer3766, varReplacer3766, varReplacer3766)

		RequiredPredicateError violating CrySL rule for javax.net.ssl.SSLContext
			Third parameter was not properly generated as randomized
			at statement: virtualinvoke $r2.<javax.net.ssl.SSLContext: void init(javax.net.ssl.KeyManager[],javax.net.ssl.TrustManager[],java.security.SecureRandom)>(varReplacer3766, varReplacer3766, varReplacer3766)


Findings in Java Class: f.h0.c

	 in Method: javax.net.ssl.X509TrustManager a()
		RequiredPredicateError violating CrySL rule for javax.net.ssl.TrustManagerFactory
			First parameter was not properly generated as generatedKeyStore
			at statement: virtualinvoke $r1.<javax.net.ssl.TrustManagerFactory: void init(java.security.KeyStore)>(varReplacer11682)


======================= CryptoAnalysis Summary ==========================
	Number of CrySL rules: 49
	Number of Objects Analyzed: 15

	CryptoAnalysis found the following violations. For details see description above.
	TypestateError: 2
	RequiredPredicateError: 7
	IncompleteOperationError: 2
	ConstraintError: 7
=====================================================================
