0    [main] WARN  pes.access.impl.DeclaredTypeFactory  - --- xtext.common.types ---------------------------------------------------
1    [main] WARN  pes.access.impl.DeclaredTypeFactory  - ASM library is too old. Falling back to java.lang.reflect API.
1    [main] WARN  pes.access.impl.DeclaredTypeFactory  - Please note that no information about compile time constants is available.
1    [main] WARN  pes.access.impl.DeclaredTypeFactory  - It's recommended to use org.objectweb.asm 9.1.0 or better (Maven group id: org.ow2.asm).
1    [main] WARN  pes.access.impl.DeclaredTypeFactory  - --------------------------------------------------------------------------
Ruleset: 
	java.security.cert.TrustAnchor
	javax.crypto.spec.GCMParameterSpec
	javax.xml.crypto.dsig.spec.HMACParameterSpec
	java.security.KeyPair
	java.security.DigestOutputStream
	javax.net.ssl.KeyStoreBuilderParameters
	javax.crypto.spec.OAEPParameterSpec
	javax.net.ssl.SSLContext
	javax.crypto.spec.DHGenParameterSpec
	javax.crypto.CipherOutputStream
	java.security.Key
	javax.crypto.SecretKeyFactory
	java.security.cert.PKIXBuilderParameters
	java.security.KeyFactory
	javax.crypto.spec.PBEKeySpec
	java.security.spec.DSAGenParameterSpec
	java.security.KeyPairGenerator
	javax.crypto.CipherInputStream
	javax.net.ssl.CertPathTrustManagerParameters
	java.security.cert.CertificateFactory
	java.security.SecureRandom
	java.security.spec.MGF1ParameterSpec
	javax.net.ssl.SSLEngine
	javax.crypto.spec.DHParameterSpec
	java.security.spec.DSAParameterSpec
	java.security.spec.ECParameterSpec
	java.security.spec.RSAKeyGenParameterSpec
	javax.crypto.spec.IvParameterSpec
	javax.crypto.Cipher
	javax.crypto.spec.PBEParameterSpec
	java.security.AlgorithmParameterGenerator
	java.security.spec.X509EncodedKeySpec
	javax.net.ssl.TrustManagerFactory
	java.security.DigestInputStream
	void
	javax.net.ssl.KeyManagerFactory
	java.security.cert.PKIXParameters
	java.net.PasswordAuthentication
	java.security.AlgorithmParameters
	javax.crypto.KeyAgreement
	javax.crypto.spec.SecretKeySpec
	javax.net.ssl.SSLParameters
	java.security.MessageDigest
	javax.crypto.SecretKey
	javax.crypto.KeyGenerator
	java.security.KeyStore
	javax.crypto.Mac
	java.security.spec.ECGenParameterSpec
	java.security.Signature

Analyzed Objects: 
	Object:
		Variable: $r3
		Type: java.security.MessageDigest
		Statement: $r3 = staticinvoke <java.security.MessageDigest: java.security.MessageDigest getInstance(java.lang.String)>($r1)
		Method: <de.robv.android.xposed.installer.util.HashUtil: java.lang.String hash(java.lang.String,java.lang.String)>
		SHA-256: 5dc856374baf594dced2a02c3bac629e66ee3a146731586cd6e64de27d6d635b
		Secure: false
	Object:
		Variable: r2
		Type: byte[]
		Statement: r2 = virtualinvoke $r5.<java.security.MessageDigest: byte[] digest()>()
		Method: <de.robv.android.xposed.installer.util.HashUtil: java.lang.String hash(java.io.File,java.lang.String)>
		SHA-256: 694c1d3c848ef4847d7c63dad2151ae74bb943828bf2e497c83c09bdab51369d
		Secure: false
	Object:
		Variable: $r4
		Type: byte[]
		Statement: $r4 = virtualinvoke $r3.<java.security.MessageDigest: byte[] digest(byte[])>($r4)
		Method: <de.robv.android.xposed.installer.util.HashUtil: java.lang.String hash(java.lang.String,java.lang.String)>
		SHA-256: 684af7726c8dadaf396c09aca1cc3c9c4bfa51a8e935edfa203ebb68adaf0e60
		Secure: false
	Object:
		Variable: $r5
		Type: java.security.MessageDigest
		Statement: $r5 = staticinvoke <java.security.MessageDigest: java.security.MessageDigest getInstance(java.lang.String)>($r1)
		Method: <de.robv.android.xposed.installer.util.HashUtil: java.lang.String hash(java.io.File,java.lang.String)>
		SHA-256: 862775b621f61cf96c1b355dd5a1af05d4e6c0457e5a5ff3fe2c3b9069c526d7
		Secure: false

Findings in Java Class: de.robv.android.xposed.installer.util.HashUtil

	 in Method: java.lang.String hash(java.io.File,java.lang.String)
		TypestateError violating CrySL rule for java.security.MessageDigest (on Object #862775b621f61cf96c1b355dd5a1af05d4e6c0457e5a5ff3fe2c3b9069c526d7)
			Unexpected call to method <java.security.MessageDigest: byte[] digest()> on object of type java.security.MessageDigest. Expect a call to one of the following methods java.security.MessageDigest: void update(byte[],int,int),java.security.MessageDigest: void update(java.nio.ByteBuffer),java.security.MessageDigest: byte[] digest(byte[]),java.security.MessageDigest: void update(byte[]),java.security.MessageDigest: void update(byte)
			at statement: r2 = virtualinvoke $r5.<java.security.MessageDigest: byte[] digest()>()

		ConstraintError violating CrySL rule for java.security.MessageDigest (on Object #862775b621f61cf96c1b355dd5a1af05d4e6c0457e5a5ff3fe2c3b9069c526d7)
			First parameter (with value "MD5") should be any of {SHA-256, SHA-384, SHA-512}
			at statement: $r5 = staticinvoke <java.security.MessageDigest: java.security.MessageDigest getInstance(java.lang.String)>($r1)


	 in Method: java.lang.String hash(java.lang.String,java.lang.String)
		ConstraintError violating CrySL rule for java.security.MessageDigest (on Object #5dc856374baf594dced2a02c3bac629e66ee3a146731586cd6e64de27d6d635b)
			First parameter (with value "MD5") should be any of {SHA-256, SHA-384, SHA-512}
			at statement: $r3 = staticinvoke <java.security.MessageDigest: java.security.MessageDigest getInstance(java.lang.String)>($r1)


======================= CryptoAnalysis Summary ==========================
	Number of CrySL rules: 49
	Number of Objects Analyzed: 4

	CryptoAnalysis found the following violations. For details see description above.
	ConstraintError: 2
	TypestateError: 1
=====================================================================
