0    [main] WARN  pes.access.impl.DeclaredTypeFactory  - --- xtext.common.types ---------------------------------------------------
1    [main] WARN  pes.access.impl.DeclaredTypeFactory  - ASM library is too old. Falling back to java.lang.reflect API.
1    [main] WARN  pes.access.impl.DeclaredTypeFactory  - Please note that no information about compile time constants is available.
1    [main] WARN  pes.access.impl.DeclaredTypeFactory  - It's recommended to use org.objectweb.asm 9.1.0 or better (Maven group id: org.ow2.asm).
1    [main] WARN  pes.access.impl.DeclaredTypeFactory  - --------------------------------------------------------------------------
Ruleset: 
	java.security.cert.TrustAnchor
	javax.crypto.spec.GCMParameterSpec
	javax.xml.crypto.dsig.spec.HMACParameterSpec
	java.security.KeyPair
	java.security.DigestOutputStream
	javax.net.ssl.KeyStoreBuilderParameters
	javax.crypto.spec.OAEPParameterSpec
	javax.net.ssl.SSLContext
	javax.crypto.spec.DHGenParameterSpec
	javax.crypto.CipherOutputStream
	java.security.Key
	javax.crypto.SecretKeyFactory
	java.security.cert.PKIXBuilderParameters
	java.security.KeyFactory
	javax.crypto.spec.PBEKeySpec
	java.security.spec.DSAGenParameterSpec
	java.security.KeyPairGenerator
	javax.crypto.CipherInputStream
	javax.net.ssl.CertPathTrustManagerParameters
	java.security.cert.CertificateFactory
	java.security.SecureRandom
	java.security.spec.MGF1ParameterSpec
	javax.net.ssl.SSLEngine
	javax.crypto.spec.DHParameterSpec
	java.security.spec.DSAParameterSpec
	java.security.spec.ECParameterSpec
	java.security.spec.RSAKeyGenParameterSpec
	javax.crypto.spec.IvParameterSpec
	javax.crypto.Cipher
	javax.crypto.spec.PBEParameterSpec
	java.security.AlgorithmParameterGenerator
	java.security.spec.X509EncodedKeySpec
	javax.net.ssl.TrustManagerFactory
	java.security.DigestInputStream
	void
	javax.net.ssl.KeyManagerFactory
	java.security.cert.PKIXParameters
	java.net.PasswordAuthentication
	java.security.AlgorithmParameters
	javax.crypto.KeyAgreement
	javax.crypto.spec.SecretKeySpec
	javax.net.ssl.SSLParameters
	java.security.MessageDigest
	javax.crypto.SecretKey
	javax.crypto.KeyGenerator
	java.security.KeyStore
	javax.crypto.Mac
	java.security.spec.ECGenParameterSpec
	java.security.Signature

Analyzed Objects: 
	Object:
		Variable: $r4
		Type: java.security.PublicKey
		Statement: $r4 = virtualinvoke $r3.<java.security.KeyFactory: java.security.PublicKey generatePublic(java.security.spec.KeySpec)>($r0)
		Method: <com.github.javiersantos.licensing.LibraryChecker: java.security.PublicKey a(java.lang.String)>
		SHA-256: 78a5d6540d446406959a58f5b4abab50bdfebe59794d1d9752ab25c053e1ad4f
		Secure: false
	Object:
		Variable: $r11
		Type: javax.crypto.spec.IvParameterSpec
		Statement: specialinvoke $r11.<javax.crypto.spec.IvParameterSpec: void <init>(byte[])>($r1)
		Method: <com.github.javiersantos.licensing.AESObfuscator: void <init>(byte[],java.lang.String,java.lang.String)>
		SHA-256: 538fcebcd734d4c42aeb237c298c0174d7fa8ed96113ca1e7e26ba8861e8224
		Secure: false
	Object:
		Variable: $z0
		Type: boolean
		Statement: $z0 = virtualinvoke $r9.<java.security.Signature: boolean verify(byte[])>($r10)
		Method: <com.github.javiersantos.licensing.LibraryValidator: void a(java.security.PublicKey,int,java.lang.String,java.util.Calendar,java.lang.String)>
		SHA-256: 639c63b4810cf0de54fef3f50f6623566e2f9d9aaa7e50458907dd4cde88b696
		Secure: false
	Object:
		Variable: $r3
		Type: java.security.KeyFactory
		Statement: $r3 = staticinvoke <java.security.KeyFactory: java.security.KeyFactory getInstance(java.lang.String)>(varReplacer700)
		Method: <com.github.javiersantos.licensing.LibraryChecker: java.security.PublicKey a(java.lang.String)>
		SHA-256: 171423c6f8afe16448f45702afeac585cd3bfb687451939df6b91e54d504d3f0
		Secure: false
	Object:
		Variable: varReplacer571
		Type: java.lang.String
		Statement: specialinvoke $r9.<javax.crypto.spec.SecretKeySpec: void <init>(byte[],java.lang.String)>($r1, varReplacer571)
		Method: <com.github.javiersantos.licensing.AESObfuscator: void <init>(byte[],java.lang.String,java.lang.String)>
		SHA-256: 6aa412da0b688a5bf702f335316381b0f680bc296295e6eaa1b71ac77d5fafa3
		Secure: false
	Object:
		Variable: $r10
		Type: java.security.MessageDigest
		Statement: $r10 = staticinvoke <java.security.MessageDigest: java.security.MessageDigest getInstance(java.lang.String)>(varReplacer302)
		Method: <com.github.javiersantos.piracychecker.LibraryUtils: java.lang.String a(android.content.Context)>
		SHA-256: b426c2845a969008f3fa504cad5237a7931622820d32e5870e562cf2770ffc13
		Secure: false
	Object:
		Variable: $r0
		Type: java.security.spec.X509EncodedKeySpec
		Statement: specialinvoke $r0.<java.security.spec.X509EncodedKeySpec: void <init>(byte[])>($r2)
		Method: <com.github.javiersantos.licensing.LibraryChecker: java.security.PublicKey a(java.lang.String)>
		SHA-256: 988e6344b6478806366c78ca9486d003b1afb996cb52c0b784f982ec03c4fab9
		Secure: false
	Object:
		Variable: $r4
		Type: javax.crypto.SecretKeyFactory
		Statement: $r4 = staticinvoke <javax.crypto.SecretKeyFactory: javax.crypto.SecretKeyFactory getInstance(java.lang.String)>(varReplacer575)
		Method: <com.github.javiersantos.licensing.AESObfuscator: void <init>(byte[],java.lang.String,java.lang.String)>
		SHA-256: 5d02aed785fe68b6a7a606114b54c639aabb5cde42a9bbad72fbf93b288d97bc
		Secure: false
	Object:
		Variable: $r10
		Type: javax.crypto.Cipher
		Statement: $r10 = staticinvoke <javax.crypto.Cipher: javax.crypto.Cipher getInstance(java.lang.String)>(varReplacer572)
		Method: <com.github.javiersantos.licensing.AESObfuscator: void <init>(byte[],java.lang.String,java.lang.String)>
		SHA-256: 1ef674edc3ed2bcbc3d90269cb8630e3f4a2be74cb7d1e92e908b59f60b08160
		Secure: false
	Object:
		Variable: $r11
		Type: javax.crypto.spec.IvParameterSpec
		Statement: specialinvoke $r11.<javax.crypto.spec.IvParameterSpec: void <init>(byte[])>($r1)
		Method: <com.github.javiersantos.licensing.AESObfuscator: void <init>(byte[],java.lang.String,java.lang.String)>
		SHA-256: 538fcebcd734d4c42aeb237c298c0174d7fa8ed96113ca1e7e26ba8861e8224
		Secure: false
	Object:
		Variable: $r0
		Type: java.security.SecureRandom
		Statement: specialinvoke $r0.<java.security.SecureRandom: void <init>()>()
		Method: <com.github.javiersantos.licensing.LibraryChecker: void <clinit>()>
		SHA-256: 6a17ef4eb436d6ee446c57e96b7175eca5fcf0b7a0fdf772d32ad7243bb234db
		Secure: true
	Object:
		Variable: varReplacer574
		Type: int
		Statement: specialinvoke $r5.<javax.crypto.spec.PBEKeySpec: void <init>(char[],byte[],int,int)>($r7, $r1, varReplacer573, varReplacer574)
		Method: <com.github.javiersantos.licensing.AESObfuscator: void <init>(byte[],java.lang.String,java.lang.String)>
		SHA-256: 787c87dc14e3e56f5925cd41ec0d7d501eac7e26dd0bf2f98772b7ab8048788d
		Secure: false
	Object:
		Variable: $r10
		Type: byte[]
		Statement: $z0 = virtualinvoke $r9.<java.security.Signature: boolean verify(byte[])>($r10)
		Method: <com.github.javiersantos.licensing.LibraryValidator: void a(java.security.PublicKey,int,java.lang.String,java.util.Calendar,java.lang.String)>
		SHA-256: f3659fe3b666e05b5240868ab844c9e9eb0bf68b01f87a2a2a8670cba706c892
		Secure: false
	Object:
		Variable: $r9
		Type: java.security.Signature
		Statement: $r9 = staticinvoke <java.security.Signature: java.security.Signature getInstance(java.lang.String)>(varReplacer1185)
		Method: <com.github.javiersantos.licensing.LibraryValidator: void a(java.security.PublicKey,int,java.lang.String,java.util.Calendar,java.lang.String)>
		SHA-256: a2470d1bf3a2ee11a10a93d02e1495f2d8448a9ea11772dd2ba4422ec54e3d5b
		Secure: false
	Object:
		Variable: $r8
		Type: javax.crypto.SecretKey
		Statement: $r8 = virtualinvoke $r4.<javax.crypto.SecretKeyFactory: javax.crypto.SecretKey generateSecret(java.security.spec.KeySpec)>($r5)
		Method: <com.github.javiersantos.licensing.AESObfuscator: void <init>(byte[],java.lang.String,java.lang.String)>
		SHA-256: 9c62225f558b10d27ea890b5c688698f0166a9bf7acb73c5fe5180f1b9f6c01b
		Secure: false
	Object:
		Variable: $r9
		Type: javax.crypto.spec.SecretKeySpec
		Statement: specialinvoke $r9.<javax.crypto.spec.SecretKeySpec: void <init>(byte[],java.lang.String)>($r1, varReplacer571)
		Method: <com.github.javiersantos.licensing.AESObfuscator: void <init>(byte[],java.lang.String,java.lang.String)>
		SHA-256: ab304e76125a129fa84567f77012536ed236ae4d20956d3e8c31b658e4297201
		Secure: false
	Object:
		Variable: $r5
		Type: javax.crypto.spec.PBEKeySpec
		Statement: specialinvoke $r5.<javax.crypto.spec.PBEKeySpec: void <init>(char[],byte[],int,int)>($r7, $r1, varReplacer573, varReplacer574)
		Method: <com.github.javiersantos.licensing.AESObfuscator: void <init>(byte[],java.lang.String,java.lang.String)>
		SHA-256: 72f83fa691c4b3e68031c7b7b29f0f2f293b18f229d60370c18f41eb3a853c8b
		Secure: false
	Object:
		Variable: varReplacer700
		Type: java.lang.String
		Statement: $r3 = staticinvoke <java.security.KeyFactory: java.security.KeyFactory getInstance(java.lang.String)>(varReplacer700)
		Method: <com.github.javiersantos.licensing.LibraryChecker: java.security.PublicKey a(java.lang.String)>
		SHA-256: e622622b32579c6655323f527d235a9369bb92f77c45ed5391bb130703c1f5d1
		Secure: false
	Object:
		Variable: $r11
		Type: byte[]
		Statement: $r11 = virtualinvoke $r10.<java.security.MessageDigest: byte[] digest()>()
		Method: <com.github.javiersantos.piracychecker.LibraryUtils: java.lang.String a(android.content.Context)>
		SHA-256: fed64118e800e85c6b00bfea72d163c3ba7777e5337a82c35938728ce7092393
		Secure: false
	Object:
		Variable: $r10
		Type: javax.crypto.Cipher
		Statement: $r10 = staticinvoke <javax.crypto.Cipher: javax.crypto.Cipher getInstance(java.lang.String)>(varReplacer577)
		Method: <com.github.javiersantos.licensing.AESObfuscator: void <init>(byte[],java.lang.String,java.lang.String)>
		SHA-256: 590f9dab36fcb4209cfd1b40e3a5a2b7d29347ee611aefc12fd7c3f70904cbdd
		Secure: false

Findings in Java Class: com.github.javiersantos.piracychecker.LibraryUtils

	 in Method: java.lang.String a(android.content.Context)
		ConstraintError violating CrySL rule for java.security.MessageDigest (on Object #b426c2845a969008f3fa504cad5237a7931622820d32e5870e562cf2770ffc13)
			First parameter (with value "SHA") should be any of {SHA-256, SHA-384, SHA-512}
			at statement: $r10 = staticinvoke <java.security.MessageDigest: java.security.MessageDigest getInstance(java.lang.String)>(varReplacer302)


Findings in Java Class: com.github.javiersantos.licensing.AESObfuscator

	 in Method: void <init>(byte[],java.lang.String,java.lang.String)
		ConstraintError violating CrySL rule for javax.crypto.SecretKeyFactory (on Object #5d02aed785fe68b6a7a606114b54c639aabb5cde42a9bbad72fbf93b288d97bc)
			First parameter (with value "PBEWITHSHAAND256BITAES-CBC-BC") should be any of {PBKDF2WithHmacSHA512, PBKDF2WithHmacSHA384, PBKDF2WithHmacSHA256, PBKDF2WithHmacSHA224, PBEWithHmacSHA512AndAES_128, PBEWithHmacSHA384AndAES_128, PBEWithHmacSHA384AndAES_128, PBEWithHmacSHA224AndAES_128, PBEWithHmacSHA256AndAES_128, PBEWithHmacSHA224AndAES_256, PBEWithHmacSHA256AndAES_256, PBEWithHmacSHA384AndAES_256, PBEWithHmacSHA512AndAES_256}
			at statement: $r4 = staticinvoke <javax.crypto.SecretKeyFactory: javax.crypto.SecretKeyFactory getInstance(java.lang.String)>(varReplacer575)

		RequiredPredicateError violating CrySL rule for javax.crypto.spec.SecretKeySpec
			First parameter was not properly generated as preparedKeyMaterial
			at statement: specialinvoke $r9.<javax.crypto.spec.SecretKeySpec: void <init>(byte[],java.lang.String)>($r1, varReplacer571)

		RequiredPredicateError violating CrySL rule for javax.crypto.Cipher
			Second parameter was not properly generated as generatedKey
			at statement: virtualinvoke $r10.<javax.crypto.Cipher: void init(int,java.security.Key,java.security.spec.AlgorithmParameterSpec)>(varReplacer578, $r9, $r11)

		NeverTypeOfError violating CrySL rule for javax.crypto.spec.PBEKeySpec (on Object #72f83fa691c4b3e68031c7b7b29f0f2f293b18f229d60370c18f41eb3a853c8b)
			First parameter should never be of type java.lang.String.
			at statement: specialinvoke $r5.<javax.crypto.spec.PBEKeySpec: void <init>(char[],byte[],int,int)>($r7, $r1, varReplacer573, varReplacer574)

		HardCodedError violating CrySL rule for javax.crypto.spec.PBEKeySpec (on Object #72f83fa691c4b3e68031c7b7b29f0f2f293b18f229d60370c18f41eb3a853c8b)
			First parameter should never be hardcoded.
			at statement: specialinvoke $r5.<javax.crypto.spec.PBEKeySpec: void <init>(char[],byte[],int,int)>($r7, $r1, varReplacer573, varReplacer574)

		RequiredPredicateError violating CrySL rule for javax.crypto.SecretKeyFactory
			First parameter was not properly generated as speccedKey
			at statement: $r8 = virtualinvoke $r4.<javax.crypto.SecretKeyFactory: javax.crypto.SecretKey generateSecret(java.security.spec.KeySpec)>($r5)

		IncompleteOperationError violating CrySL rule for javax.crypto.spec.PBEKeySpec (on Object #72f83fa691c4b3e68031c7b7b29f0f2f293b18f229d60370c18f41eb3a853c8b)
			Operation on object of type javax.crypto.spec.PBEKeySpec object not completed. Expected call to clearPassword
			at statement: $r8 = virtualinvoke $r4.<javax.crypto.SecretKeyFactory: javax.crypto.SecretKey generateSecret(java.security.spec.KeySpec)>($r5)

		RequiredPredicateError violating CrySL rule for javax.crypto.Cipher
			Third parameter was not properly generated as preparedIV [ with CBC, It's required to use IVParameterSpec]
			at statement: virtualinvoke $r10.<javax.crypto.Cipher: void init(int,java.security.Key,java.security.spec.AlgorithmParameterSpec)>(varReplacer578, $r9, $r11)

		RequiredPredicateError violating CrySL rule for javax.crypto.spec.IvParameterSpec
			First parameter was not properly generated as randomized
			at statement: specialinvoke $r11.<javax.crypto.spec.IvParameterSpec: void <init>(byte[])>($r1)

		ConstraintError violating CrySL rule for javax.crypto.spec.PBEKeySpec (on Object #72f83fa691c4b3e68031c7b7b29f0f2f293b18f229d60370c18f41eb3a853c8b)
			Third parameter (with value 1024)Variable iterationCountmust be  at least 10000
			at statement: specialinvoke $r5.<javax.crypto.spec.PBEKeySpec: void <init>(char[],byte[],int,int)>($r7, $r1, varReplacer573, varReplacer574)

		RequiredPredicateError violating CrySL rule for javax.crypto.spec.PBEKeySpec
			Second parameter was not properly generated as randomized
			at statement: specialinvoke $r5.<javax.crypto.spec.PBEKeySpec: void <init>(char[],byte[],int,int)>($r7, $r1, varReplacer573, varReplacer574)


	 in Method: java.lang.String b(java.lang.String,java.lang.String)
		TypestateError violating CrySL rule for javax.crypto.Cipher (on Object #1ef674edc3ed2bcbc3d90269cb8630e3f4a2be74cb7d1e92e908b59f60b08160)
			Unexpected call to method doFinal on object of type javax.crypto.Cipher. Expect a call to one of the following methods init,updateAAD
			at statement: $r5 = virtualinvoke $r4.<javax.crypto.Cipher: byte[] doFinal(byte[])>($r5)


	 in Method: java.lang.String a(java.lang.String,java.lang.String)
		TypestateError violating CrySL rule for javax.crypto.Cipher (on Object #590f9dab36fcb4209cfd1b40e3a5a2b7d29347ee611aefc12fd7c3f70904cbdd)
			Unexpected call to method doFinal on object of type javax.crypto.Cipher. Expect a call to one of the following methods init,updateAAD
			at statement: $r5 = virtualinvoke $r4.<javax.crypto.Cipher: byte[] doFinal(byte[])>($r5)


Findings in Java Class: com.github.javiersantos.licensing.LibraryValidator

	 in Method: void a(java.security.PublicKey,int,java.lang.String,java.util.Calendar,java.lang.String)
		RequiredPredicateError violating CrySL rule for java.security.Signature
			First parameter was not properly generated as generatedPubkey
			at statement: virtualinvoke $r9.<java.security.Signature: void initVerify(java.security.PublicKey)>($r5)

		ConstraintError violating CrySL rule for java.security.Signature (on Object #a2470d1bf3a2ee11a10a93d02e1495f2d8448a9ea11772dd2ba4422ec54e3d5b)
			First parameter (with value "SHA1withRSA") should be any of {SHA256withRSA, SHA256withECDSA, SHA256withDSA, SHA384withRSA, SHA512withRSA, SHA384withECDSA, SHA512withECDSA}
			at statement: $r9 = staticinvoke <java.security.Signature: java.security.Signature getInstance(java.lang.String)>(varReplacer1185)


Findings in Java Class: com.github.javiersantos.licensing.LibraryChecker

	 in Method: java.security.PublicKey a(java.lang.String)
		RequiredPredicateError violating CrySL rule for java.security.KeyFactory
			First parameter was not properly generated as speccedKey
			at statement: $r4 = virtualinvoke $r3.<java.security.KeyFactory: java.security.PublicKey generatePublic(java.security.spec.KeySpec)>($r0)

		RequiredPredicateError violating CrySL rule for java.security.spec.X509EncodedKeySpec
			First parameter was not properly generated as preparedKeyMaterial
			at statement: specialinvoke $r0.<java.security.spec.X509EncodedKeySpec: void <init>(byte[])>($r2)


======================= CryptoAnalysis Summary ==========================
	Number of CrySL rules: 49
	Number of Objects Analyzed: 20

	CryptoAnalysis found the following violations. For details see description above.
	TypestateError: 2
	NeverTypeOfError: 1
	ConstraintError: 4
	RequiredPredicateError: 9
	HardCodedError: 1
	IncompleteOperationError: 1
=====================================================================
