0    [main] WARN  pes.access.impl.DeclaredTypeFactory  - --- xtext.common.types ---------------------------------------------------
0    [main] WARN  pes.access.impl.DeclaredTypeFactory  - ASM library is too old. Falling back to java.lang.reflect API.
0    [main] WARN  pes.access.impl.DeclaredTypeFactory  - Please note that no information about compile time constants is available.
0    [main] WARN  pes.access.impl.DeclaredTypeFactory  - It's recommended to use org.objectweb.asm 9.1.0 or better (Maven group id: org.ow2.asm).
0    [main] WARN  pes.access.impl.DeclaredTypeFactory  - --------------------------------------------------------------------------
Ruleset: 
	java.security.cert.TrustAnchor
	javax.crypto.spec.GCMParameterSpec
	javax.xml.crypto.dsig.spec.HMACParameterSpec
	java.security.KeyPair
	java.security.DigestOutputStream
	javax.net.ssl.KeyStoreBuilderParameters
	javax.crypto.spec.OAEPParameterSpec
	javax.net.ssl.SSLContext
	javax.crypto.spec.DHGenParameterSpec
	javax.crypto.CipherOutputStream
	java.security.Key
	javax.crypto.SecretKeyFactory
	java.security.cert.PKIXBuilderParameters
	java.security.KeyFactory
	javax.crypto.spec.PBEKeySpec
	java.security.spec.DSAGenParameterSpec
	java.security.KeyPairGenerator
	javax.crypto.CipherInputStream
	javax.net.ssl.CertPathTrustManagerParameters
	java.security.cert.CertificateFactory
	java.security.SecureRandom
	java.security.spec.MGF1ParameterSpec
	javax.net.ssl.SSLEngine
	javax.crypto.spec.DHParameterSpec
	java.security.spec.DSAParameterSpec
	java.security.spec.ECParameterSpec
	java.security.spec.RSAKeyGenParameterSpec
	javax.crypto.spec.IvParameterSpec
	javax.crypto.Cipher
	javax.crypto.spec.PBEParameterSpec
	java.security.AlgorithmParameterGenerator
	java.security.spec.X509EncodedKeySpec
	javax.net.ssl.TrustManagerFactory
	java.security.DigestInputStream
	void
	javax.net.ssl.KeyManagerFactory
	java.security.cert.PKIXParameters
	java.net.PasswordAuthentication
	java.security.AlgorithmParameters
	javax.crypto.KeyAgreement
	javax.crypto.spec.SecretKeySpec
	javax.net.ssl.SSLParameters
	java.security.MessageDigest
	javax.crypto.SecretKey
	javax.crypto.KeyGenerator
	java.security.KeyStore
	javax.crypto.Mac
	java.security.spec.ECGenParameterSpec
	java.security.Signature

Analyzed Objects: 
	Object:
		Variable: $r5
		Type: byte[]
		Statement: $r5 = virtualinvoke $r7.<javax.crypto.Mac: byte[] doFinal(byte[])>($r5)
		Method: <oauth.signpost.signature.HmacSha1MessageSigner: java.lang.String sign(oauth.signpost.http.HttpRequest,oauth.signpost.http.HttpParameters)>
		SHA-256: bece1140c0577cf6f297d91e1b0ca43d0606b323d3d9a50af430d2391ba581cd
		Secure: false
	Object:
		Variable: varReplacer34279
		Type: java.lang.String
		Statement: specialinvoke $r12.<javax.crypto.spec.SecretKeySpec: void <init>(byte[],java.lang.String)>($r5, varReplacer34279)
		Method: <oauth.signpost.signature.HmacSha1MessageSigner: java.lang.String sign(oauth.signpost.http.HttpRequest,oauth.signpost.http.HttpParameters)>
		SHA-256: bdf620845434f65a37e2a1f7aa54e435e140ac23960e763297c319ded1b9da3
		Secure: false
	Object:
		Variable: $r12
		Type: javax.crypto.spec.SecretKeySpec
		Statement: specialinvoke $r12.<javax.crypto.spec.SecretKeySpec: void <init>(byte[],java.lang.String)>($r5, varReplacer34279)
		Method: <oauth.signpost.signature.HmacSha1MessageSigner: java.lang.String sign(oauth.signpost.http.HttpRequest,oauth.signpost.http.HttpParameters)>
		SHA-256: ce94f2fb30cf6d3dc0aeb358e6adbcebe42581130310df22e3db62a07e7adfb2
		Secure: false
	Object:
		Variable: $r7
		Type: javax.crypto.Mac
		Statement: $r7 = staticinvoke <javax.crypto.Mac: javax.crypto.Mac getInstance(java.lang.String)>(varReplacer34283)
		Method: <oauth.signpost.signature.HmacSha1MessageSigner: java.lang.String sign(oauth.signpost.http.HttpRequest,oauth.signpost.http.HttpParameters)>
		SHA-256: 18714c6a36d22c820b5d0669b0573bfb3d003e0946540829b389f4cbdd919c79
		Secure: false

Findings in Java Class: oauth.signpost.signature.HmacSha1MessageSigner

	 in Method: java.lang.String sign(oauth.signpost.http.HttpRequest,oauth.signpost.http.HttpParameters)
		RequiredPredicateError violating CrySL rule for javax.crypto.spec.SecretKeySpec
			First parameter was not properly generated as preparedKeyMaterial
			at statement: specialinvoke $r12.<javax.crypto.spec.SecretKeySpec: void <init>(byte[],java.lang.String)>($r5, varReplacer34279)

		RequiredPredicateError violating CrySL rule for javax.crypto.Mac
			First parameter was not properly generated as generatedKey
			at statement: virtualinvoke $r7.<javax.crypto.Mac: void init(java.security.Key)>($r6)

		ConstraintError violating CrySL rule for javax.crypto.Mac (on Object #18714c6a36d22c820b5d0669b0573bfb3d003e0946540829b389f4cbdd919c79)
			First parameter (with value "HmacSHA1") should be any of {HmacSHA256, HmacSHA384, HmacSHA512, HmacPBESHA1, PBEWithHmacSHA1, PBEWithHmacSHA224, PBEWithHmacSHA256, PBEWithHmacSHA384, PBEWithHmacSHA512}
			at statement: $r7 = staticinvoke <javax.crypto.Mac: javax.crypto.Mac getInstance(java.lang.String)>(varReplacer34283)

		ConstraintError violating CrySL rule for javax.crypto.spec.SecretKeySpec (on Object #ce94f2fb30cf6d3dc0aeb358e6adbcebe42581130310df22e3db62a07e7adfb2)
			Second parameter (with value "HmacSHA1") should be any of {AES, HmacSHA256, HmacSHA384, HmacSHA512}
			at statement: specialinvoke $r12.<javax.crypto.spec.SecretKeySpec: void <init>(byte[],java.lang.String)>($r5, varReplacer34279)


======================= CryptoAnalysis Summary ==========================
	Number of CrySL rules: 49
	Number of Objects Analyzed: 4

	CryptoAnalysis found the following violations. For details see description above.
	ConstraintError: 2
	RequiredPredicateError: 2
=====================================================================
