0    [main] WARN  pes.access.impl.DeclaredTypeFactory  - --- xtext.common.types ---------------------------------------------------
1    [main] WARN  pes.access.impl.DeclaredTypeFactory  - ASM library is too old. Falling back to java.lang.reflect API.
1    [main] WARN  pes.access.impl.DeclaredTypeFactory  - Please note that no information about compile time constants is available.
1    [main] WARN  pes.access.impl.DeclaredTypeFactory  - It's recommended to use org.objectweb.asm 9.1.0 or better (Maven group id: org.ow2.asm).
1    [main] WARN  pes.access.impl.DeclaredTypeFactory  - --------------------------------------------------------------------------
Ruleset: 
	java.security.cert.TrustAnchor
	javax.crypto.spec.GCMParameterSpec
	javax.xml.crypto.dsig.spec.HMACParameterSpec
	java.security.KeyPair
	java.security.DigestOutputStream
	javax.net.ssl.KeyStoreBuilderParameters
	javax.crypto.spec.OAEPParameterSpec
	javax.net.ssl.SSLContext
	javax.crypto.spec.DHGenParameterSpec
	javax.crypto.CipherOutputStream
	java.security.Key
	javax.crypto.SecretKeyFactory
	java.security.cert.PKIXBuilderParameters
	java.security.KeyFactory
	javax.crypto.spec.PBEKeySpec
	java.security.spec.DSAGenParameterSpec
	java.security.KeyPairGenerator
	javax.crypto.CipherInputStream
	javax.net.ssl.CertPathTrustManagerParameters
	java.security.cert.CertificateFactory
	java.security.SecureRandom
	java.security.spec.MGF1ParameterSpec
	javax.net.ssl.SSLEngine
	javax.crypto.spec.DHParameterSpec
	java.security.spec.DSAParameterSpec
	java.security.spec.ECParameterSpec
	java.security.spec.RSAKeyGenParameterSpec
	javax.crypto.spec.IvParameterSpec
	javax.crypto.Cipher
	javax.crypto.spec.PBEParameterSpec
	java.security.AlgorithmParameterGenerator
	java.security.spec.X509EncodedKeySpec
	javax.net.ssl.TrustManagerFactory
	java.security.DigestInputStream
	void
	javax.net.ssl.KeyManagerFactory
	java.security.cert.PKIXParameters
	java.net.PasswordAuthentication
	java.security.AlgorithmParameters
	javax.crypto.KeyAgreement
	javax.crypto.spec.SecretKeySpec
	javax.net.ssl.SSLParameters
	java.security.MessageDigest
	javax.crypto.SecretKey
	javax.crypto.KeyGenerator
	java.security.KeyStore
	javax.crypto.Mac
	java.security.spec.ECGenParameterSpec
	java.security.Signature

Analyzed Objects: 
	Object:
		Variable: varReplacer25543
		Type: java.lang.String
		Statement: specialinvoke $r3.<javax.crypto.spec.SecretKeySpec: void <init>(byte[],java.lang.String)>($r4, varReplacer25543)
		Method: <com.google.android.exoplayer2.source.hls.d: long f(e.b.a.a.x2.q)>
		SHA-256: 916331e2960f2919a45df234efe244fc46e0c782a59599e8fd52367216ec1f3e
		Secure: false
	Object:
		Variable: $r3
		Type: byte[]
		Statement: $r3 = virtualinvoke $r6.<javax.crypto.Mac: byte[] doFinal(byte[])>($r2)
		Method: <e.b.c.a.u.g: byte[] a(java.lang.String,byte[],byte[],byte[],int)>
		SHA-256: 41d66be90c97776d00e8887e55bf364800169e647d89a1e10bc05622c200685d
		Secure: false
	Object:
		Variable: $r9
		Type: javax.crypto.SecretKey
		Statement: $r9 = virtualinvoke $r8.<javax.crypto.KeyGenerator: javax.crypto.SecretKey generateKey()>()
		Method: <design.codeux.biometric_storage.j: javax.crypto.SecretKey h(java.lang.String)>
		SHA-256: 6a4e2474f92cbf61b95e5761fdb17752210d778f5ef60299bdefafd0f6b12e72
		Secure: true
	Object:
		Variable: $r7
		Type: javax.crypto.spec.SecretKeySpec
		Statement: specialinvoke $r7.<javax.crypto.spec.SecretKeySpec: void <init>(byte[],java.lang.String)>($r3, $r1)
		Method: <e.b.c.a.u.g: byte[] a(java.lang.String,byte[],byte[],byte[],int)>
		SHA-256: 124d2c805032dcb4ca4c23ee8c9a16e178d80114a70eea118a83cfd5ccf7c42b
		Secure: false
	Object:
		Variable: $r5
		Type: javax.crypto.spec.SecretKeySpec
		Statement: specialinvoke $r5.<javax.crypto.spec.SecretKeySpec: void <init>(byte[],java.lang.String)>($r2, varReplacer40162)
		Method: <e.b.c.a.u.b: javax.crypto.spec.SecretKeySpec l(byte[],byte[])>
		SHA-256: 29a14776fcd91168614caeace00083c80665e1b5ea69aa05653e471c5f0fea13
		Secure: false
	Object:
		Variable: $r3
		Type: java.security.Key
		Statement: $r3 = virtualinvoke $r2.<java.security.KeyStore: java.security.Key getKey(java.lang.String,char[])>($r1, varReplacer44849)
		Method: <e.b.c.a.q.a.b: void <init>(java.lang.String,java.security.KeyStore)>
		SHA-256: f24520d6e18ea66b220bfa0e140eb517c226e48fcbc5f8332cd0138629a41554
		Secure: false
	Object:
		Variable: $r2
		Type: javax.crypto.KeyGenerator
		Statement: $r2 = staticinvoke <javax.crypto.KeyGenerator: javax.crypto.KeyGenerator getInstance(java.lang.String,java.lang.String)>(varReplacer40120, varReplacer40121)
		Method: <e.b.c.a.q.a.c: void b(java.lang.String)>
		SHA-256: 550ad7f520ba80108e06fe83a52e2e245b7a13c519cf0714d61d149c8937f110
		Secure: true
	Object:
		Variable: $r0
		Type: java.security.SecureRandom
		Statement: specialinvoke $r0.<java.security.SecureRandom: void <init>()>()
		Method: <e.b.c.a.i: int g()>
		SHA-256: 2af336836bc47af12aaaf74508a7e8195f33ea15dbc1c4e133faaba5c52bdf5d
		Secure: true
	Object:
		Variable: $r1
		Type: java.lang.String
		Statement: specialinvoke $r7.<javax.crypto.spec.SecretKeySpec: void <init>(byte[],java.lang.String)>($r3, $r1)
		Method: <e.b.c.a.u.g: byte[] a(java.lang.String,byte[],byte[],byte[],int)>
		SHA-256: a92a9c64ceab547205e13435afd96ceb3ef92bb8e900b8d7fe658a1633c0ffc3
		Secure: false
	Object:
		Variable: varReplacer40162
		Type: java.lang.String
		Statement: specialinvoke $r5.<javax.crypto.spec.SecretKeySpec: void <init>(byte[],java.lang.String)>($r2, varReplacer40162)
		Method: <e.b.c.a.u.b: javax.crypto.spec.SecretKeySpec l(byte[],byte[])>
		SHA-256: 7037c00123bc09cb570a34e6e8fb6dde88da44a82e366d36146c9f0c190df078
		Secure: false
	Object:
		Variable: $r4
		Type: javax.crypto.Cipher
		Statement: $r4 = staticinvoke <javax.crypto.Cipher: javax.crypto.Cipher getInstance(java.lang.String)>(varReplacer46109)
		Method: <e.b.c.a.q.a.b: byte[] d(byte[],byte[])>
		SHA-256: 62535742df6dc61f0be4737a4f1eab2c51be12c1d5737c9d2cabdc79adb8293a
		Secure: false
	Object:
		Variable: $r1
		Type: byte[]
		Statement: virtualinvoke $r4.<javax.crypto.Cipher: int doFinal(byte[],int,int,byte[],int)>($r1, varReplacer46110, $i0, $r3, varReplacer46111)
		Method: <e.b.c.a.q.a.b: byte[] d(byte[],byte[])>
		SHA-256: 82733fe5c2f42b214cf908782583da4fd856e9c04dac63439b966d142cb2835a
		Secure: false
	Object:
		Variable: $r3
		Type: java.lang.String
		Statement: specialinvoke $r2.<javax.crypto.spec.SecretKeySpec: void <init>(byte[],int,int,java.lang.String)>($r1, $i0, varReplacer40156, $r3)
		Method: <e.b.c.a.u.a: javax.crypto.spec.SecretKeySpec p(byte[])>
		SHA-256: b3abbab8aa5ad2bbaabb97b3c44d3b093edd7535b54985ef1070b74afba0bd2e
		Secure: false
	Object:
		Variable: $r2
		Type: javax.crypto.spec.SecretKeySpec
		Statement: specialinvoke $r2.<javax.crypto.spec.SecretKeySpec: void <init>(byte[],int,int,java.lang.String)>($r1, $i0, varReplacer40156, $r3)
		Method: <e.b.c.a.u.a: javax.crypto.spec.SecretKeySpec p(byte[])>
		SHA-256: 3403d1639dff03e92d1a17ed640d3a8a39d4a380e75979bfae591b3d530c3dc9
		Secure: false
	Object:
		Variable: $r1
		Type: java.lang.String
		Statement: specialinvoke $r7.<javax.crypto.spec.SecretKeySpec: void <init>(byte[],java.lang.String)>($r3, $r1)
		Method: <e.b.c.a.u.g: byte[] a(java.lang.String,byte[],byte[],byte[],int)>
		SHA-256: a92a9c64ceab547205e13435afd96ceb3ef92bb8e900b8d7fe658a1633c0ffc3
		Secure: false
	Object:
		Variable: $r1
		Type: javax.crypto.KeyGenerator
		Statement: $r1 = staticinvoke <javax.crypto.KeyGenerator: javax.crypto.KeyGenerator getInstance(java.lang.String,java.lang.String)>(varReplacer19328, varReplacer19329)
		Method: <c.n.a.c: void b(android.security.keystore.KeyGenParameterSpec)>
		SHA-256: 35f5e062ca8490f44374d00280bd9220b0ef595e0cd145e775d20d8d8d5988e3
		Secure: true
	Object:
		Variable: $r4
		Type: java.security.KeyStore
		Statement: $r4 = staticinvoke <java.security.KeyStore: java.security.KeyStore getInstance(java.lang.String)>(varReplacer43282)
		Method: <e.b.c.a.q.a.c: boolean d(java.lang.String)>
		SHA-256: 12d9fa9e1de110d845dc29680a8f51b1d2e542377a1a1d63d9794c71ef1dedd5
		Secure: false
	Object:
		Variable: $r8
		Type: javax.crypto.CipherInputStream
		Statement: specialinvoke $r8.<javax.crypto.CipherInputStream: void <init>(java.io.InputStream,javax.crypto.Cipher)>($r6, $r1)
		Method: <com.google.android.exoplayer2.source.hls.d: long f(e.b.a.a.x2.q)>
		SHA-256: 42bf9cf2c6f66c5362b577a9999bcb1b5289cedba218da63003f1c8909e70762
		Secure: true
	Object:
		Variable: $r1
		Type: javax.crypto.Cipher
		Statement: $r1 = staticinvoke <javax.crypto.Cipher: javax.crypto.Cipher getInstance(java.lang.String)>(varReplacer29846)
		Method: <com.google.android.exoplayer2.source.hls.d: javax.crypto.Cipher s()>
		SHA-256: 3b1b03be1c26249a35911689860e81397cfc11134c7d17ca9411c0af3f498f0a
		Secure: false
	Object:
		Variable: $r4
		Type: java.security.Key
		Statement: $r4 = virtualinvoke $r0.<java.security.KeyStore: java.security.Key getKey(java.lang.String,char[])>(varReplacer27618, varReplacer27619)
		Method: <androidx.biometric.h: androidx.biometric.BiometricPrompt$c a()>
		SHA-256: bdf9b950ac30c722c918b766f26edca50fa4050ce7622230560764b4832e761f
		Secure: false
	Object:
		Variable: $r6
		Type: javax.crypto.Cipher
		Statement: $r6 = staticinvoke <javax.crypto.Cipher: javax.crypto.Cipher getInstance(java.lang.String)>(varReplacer27612)
		Method: <androidx.biometric.h: androidx.biometric.BiometricPrompt$c a()>
		SHA-256: 7740e94f33d4068290551caa1aeb2429f4d69838b05c9cb24d61c0d834f1c2e8
		Secure: false
	Object:
		Variable: $r7
		Type: javax.crypto.spec.SecretKeySpec
		Statement: specialinvoke $r7.<javax.crypto.spec.SecretKeySpec: void <init>(byte[],java.lang.String)>($r3, $r1)
		Method: <e.b.c.a.u.g: byte[] a(java.lang.String,byte[],byte[],byte[],int)>
		SHA-256: 124d2c805032dcb4ca4c23ee8c9a16e178d80114a70eea118a83cfd5ccf7c42b
		Secure: false
	Object:
		Variable: $r12
		Type: javax.crypto.spec.IvParameterSpec
		Statement: specialinvoke $r12.<javax.crypto.spec.IvParameterSpec: void <init>(byte[])>($r4)
		Method: <e.b.c.a.u.a$a: void b(java.nio.ByteBuffer,int,boolean,java.nio.ByteBuffer)>
		SHA-256: af5e57cd5604cf3dc7e5bb41e3105e8ddf0ab99dadd672b25455b96ff1899059
		Secure: false
	Object:
		Variable: $r2
		Type: byte[]
		Statement: $r2 = virtualinvoke $r5.<javax.crypto.Cipher: byte[] doFinal(byte[],int,int)>($r2, varReplacer46123, $i0)
		Method: <e.b.c.a.q.a.b: byte[] c(byte[],byte[])>
		SHA-256: ef71728807c63d508dc55bf11c04129ac17ed0d6b8cdc3285a5391dba3498f8a
		Secure: false
	Object:
		Variable: $r2
		Type: javax.crypto.spec.SecretKeySpec
		Statement: specialinvoke $r2.<javax.crypto.spec.SecretKeySpec: void <init>(byte[],int,int,java.lang.String)>($r1, varReplacer40157, $i0, varReplacer40158)
		Method: <e.b.c.a.u.a: javax.crypto.spec.SecretKeySpec r(byte[])>
		SHA-256: bb6eadc91b1b1ad7d1a48b8d4dcba937ce473df44b9a81c49aae9ac11c33873
		Secure: false
	Object:
		Variable: varReplacer40158
		Type: java.lang.String
		Statement: specialinvoke $r2.<javax.crypto.spec.SecretKeySpec: void <init>(byte[],int,int,java.lang.String)>($r1, varReplacer40157, $i0, varReplacer40158)
		Method: <e.b.c.a.u.a: javax.crypto.spec.SecretKeySpec r(byte[])>
		SHA-256: 16ab476959d6b5b5ffc9845523a82291daf9e1eea4bcd28b56f7d24e2ee0d63f
		Secure: false
	Object:
		Variable: $r2
		Type: byte[]
		Statement: $r3 = virtualinvoke $r6.<javax.crypto.Mac: byte[] doFinal(byte[])>($r2)
		Method: <e.b.c.a.u.g: byte[] a(java.lang.String,byte[],byte[],byte[],int)>
		SHA-256: 7f9fc23beb6e30e98d176ec5ea75fa31fa2973bea7795e4582ac79323ee6cf88
		Secure: false
	Object:
		Variable: $r0
		Type: java.security.KeyStore
		Statement: $r0 = staticinvoke <java.security.KeyStore: java.security.KeyStore getInstance(java.lang.String)>(varReplacer27615)
		Method: <androidx.biometric.h: androidx.biometric.BiometricPrompt$c a()>
		SHA-256: 9c6cbf5d82b26f4cda02796a78e55d75771d3c891d8196d2643333399e41672c
		Secure: false
	Object:
		Variable: $r3
		Type: javax.crypto.Cipher
		Statement: $r3 = staticinvoke <javax.crypto.Cipher: javax.crypto.Cipher getInstance(java.lang.String,java.security.Provider)>($r2, $r1)
		Method: <e.b.c.a.u.e$a: javax.crypto.Cipher b(java.lang.String,java.security.Provider)>
		SHA-256: 131a67e68ef8b530e030f4210e061faf820a57e5b29406cf3f0e513b9104f884
		Secure: false
	Object:
		Variable: $r3
		Type: javax.crypto.Mac
		Statement: $r3 = staticinvoke <javax.crypto.Mac: javax.crypto.Mac getInstance(java.lang.String)>($r2)
		Method: <e.b.c.a.u.e$b: javax.crypto.Mac b(java.lang.String,java.security.Provider)>
		SHA-256: b3cc5c65dfed2683b211d7e3108fb625e9a81036006acd52876d6411d0c0ad9d
		Secure: false
	Object:
		Variable: $r5
		Type: java.security.KeyStore
		Statement: $r5 = staticinvoke <java.security.KeyStore: java.security.KeyStore getInstance(java.lang.String)>(varReplacer9354)
		Method: <c.n.a.b: boolean b()>
		SHA-256: b5bf3300fcb948efe9cee0e4f1fc3648be25b81b3383b10dd74900beab4a891c
		Secure: false
	Object:
		Variable: $r1
		Type: java.security.KeyStore
		Statement: $r1 = staticinvoke <java.security.KeyStore: java.security.KeyStore getInstance(java.lang.String)>(varReplacer19331)
		Method: <c.n.a.c: boolean d(java.lang.String)>
		SHA-256: 2b5e65317c72b86081f6bb4c2a9f00eefe7ca95b56db0a738a11a66662ab76bd
		Secure: false
	Object:
		Variable: $r3
		Type: javax.crypto.spec.SecretKeySpec
		Statement: specialinvoke $r3.<javax.crypto.spec.SecretKeySpec: void <init>(byte[],java.lang.String)>($r4, varReplacer25543)
		Method: <com.google.android.exoplayer2.source.hls.d: long f(e.b.a.a.x2.q)>
		SHA-256: f9617455d0a2cac66a613d9394526d2b8a7120fe9a088328c1dc7180293c02c3
		Secure: false
	Object:
		Variable: $r3
		Type: javax.crypto.spec.GCMParameterSpec
		Statement: specialinvoke $r3.<javax.crypto.spec.GCMParameterSpec: void <init>(int,byte[])>(varReplacer36583, $r1)
		Method: <e.b.c.a.u.b: javax.crypto.spec.GCMParameterSpec n(byte[],long,boolean)>
		SHA-256: eb0f448af4c0cd14b2cc09e8f7973541b5823ef87d486f72b810fbd338e48341
		Secure: false
	Object:
		Variable: $r2
		Type: java.security.KeyStore
		Statement: $r2 = staticinvoke <java.security.KeyStore: java.security.KeyStore getInstance(java.lang.String)>(varReplacer22029)
		Method: <design.codeux.biometric_storage.j: javax.crypto.SecretKey h(java.lang.String)>
		SHA-256: 3db82efe42f1dfb0055349d4c89c07789ba81c4b3d037da6d26ed8371f8ed83d
		Secure: false
	Object:
		Variable: $r4
		Type: javax.crypto.spec.GCMParameterSpec
		Statement: specialinvoke $r4.<javax.crypto.spec.GCMParameterSpec: void <init>(int,byte[],int,int)>(varReplacer46118, $r2, varReplacer46119, varReplacer46120)
		Method: <e.b.c.a.q.a.b: byte[] c(byte[],byte[])>
		SHA-256: 570fb8f7453299a3a5d6f0fd495823990596c409374703962eb9395517faf7e9
		Secure: false
	Object:
		Variable: $r3
		Type: java.security.Key
		Statement: $r3 = virtualinvoke $r2.<java.security.KeyStore: java.security.Key getKey(java.lang.String,char[])>($r1, varReplacer22031)
		Method: <design.codeux.biometric_storage.j: javax.crypto.SecretKey h(java.lang.String)>
		SHA-256: 6319ff23f8ef3e6d337e7f2001547c1323521e61ce2615fdbb9d6daf96b482ec
		Secure: false
	Object:
		Variable: $r1
		Type: byte[]
		Statement: virtualinvoke $r0.<java.security.SecureRandom: void nextBytes(byte[])>($r1)
		Method: <e.b.c.a.i: int g()>
		SHA-256: 870ccdf2820986e5597d2ab144eb07c6750157234f0c8f9383bdd914fa40cb53
		Secure: true
	Object:
		Variable: $r7
		Type: javax.crypto.spec.SecretKeySpec
		Statement: specialinvoke $r7.<javax.crypto.spec.SecretKeySpec: void <init>(byte[],java.lang.String)>($r3, $r1)
		Method: <e.b.c.a.u.g: byte[] a(java.lang.String,byte[],byte[],byte[],int)>
		SHA-256: 124d2c805032dcb4ca4c23ee8c9a16e178d80114a70eea118a83cfd5ccf7c42b
		Secure: false
	Object:
		Variable: $r3
		Type: byte[]
		Statement: virtualinvoke $r4.<javax.crypto.Cipher: int doFinal(byte[],int,int,byte[],int)>($r1, varReplacer46110, $i0, $r3, varReplacer46111)
		Method: <e.b.c.a.q.a.b: byte[] d(byte[],byte[])>
		SHA-256: c51c7c1e7fa7c6b27f1aaf4da47dcdae36f28e2455b7d681e656d06751c9db87
		Secure: false
	Object:
		Variable: $r3
		Type: java.security.KeyStore
		Statement: $r3 = staticinvoke <java.security.KeyStore: java.security.KeyStore getInstance(java.lang.String)>(varReplacer16504)
		Method: <design.codeux.biometric_storage.j: void b(java.lang.String)>
		SHA-256: 701451cd7d32d4503080e0c35107f5d95c84bdfec9cf70b195c61935b27e86c6
		Secure: false
	Object:
		Variable: $r1
		Type: javax.crypto.Cipher
		Statement: $r1 = staticinvoke <javax.crypto.Cipher: javax.crypto.Cipher getInstance(java.lang.String)>(varReplacer22028)
		Method: <design.codeux.biometric_storage.j: javax.crypto.Cipher d()>
		SHA-256: 9af411cfa6773d2e024648af307ab3ed5ec5318039ad1fcf6aac58efdcfbf5d9
		Secure: true
	Object:
		Variable: $r5
		Type: javax.crypto.spec.IvParameterSpec
		Statement: specialinvoke $r5.<javax.crypto.spec.IvParameterSpec: void <init>(byte[])>($r4)
		Method: <com.google.android.exoplayer2.source.hls.d: long f(e.b.a.a.x2.q)>
		SHA-256: b9241cf9fedec212e2f4f8a03f86f9e424171d8883368cb15e21a37999ac081e
		Secure: false
	Object:
		Variable: $r1
		Type: java.security.KeyStore
		Statement: $r1 = staticinvoke <java.security.KeyStore: java.security.KeyStore getInstance(java.lang.String)>(varReplacer43279)
		Method: <e.b.c.a.q.a.c$b: void <init>()>
		SHA-256: 9de7e42ea8581d0f798d541510a74236b2035e5a7674f693b6ef42372b641776
		Secure: false
	Object:
		Variable: $r3
		Type: javax.crypto.Mac
		Statement: $r3 = staticinvoke <javax.crypto.Mac: javax.crypto.Mac getInstance(java.lang.String,java.security.Provider)>($r2, $r1)
		Method: <e.b.c.a.u.e$b: javax.crypto.Mac b(java.lang.String,java.security.Provider)>
		SHA-256: 7d09234a9733627854c514110ddc6c088928e346ca1bca7c53e7c1e765bc65f6
		Secure: false
	Object:
		Variable: $r1
		Type: javax.crypto.spec.GCMParameterSpec
		Statement: specialinvoke $r1.<javax.crypto.spec.GCMParameterSpec: void <init>(int,byte[])>(varReplacer22023, $r3)
		Method: <design.codeux.biometric_storage.j: javax.crypto.Cipher f(java.lang.String,byte[])>
		SHA-256: f96ba76b63387ef31cb8ed1cf43b2342b94f1b7944e2d9270e24c127e5df90e4
		Secure: false
	Object:
		Variable: $r8
		Type: javax.crypto.KeyGenerator
		Statement: $r8 = staticinvoke <javax.crypto.KeyGenerator: javax.crypto.KeyGenerator getInstance(java.lang.String,java.lang.String)>(varReplacer22033, varReplacer22034)
		Method: <design.codeux.biometric_storage.j: javax.crypto.SecretKey h(java.lang.String)>
		SHA-256: 3a5aba4623e66807044dadbbbd22cb52ea053b3fbd556ec04d08cbde0ea2f8f3
		Secure: true
	Object:
		Variable: $r5
		Type: javax.crypto.Cipher
		Statement: $r5 = staticinvoke <javax.crypto.Cipher: javax.crypto.Cipher getInstance(java.lang.String)>(varReplacer46121)
		Method: <e.b.c.a.q.a.b: byte[] c(byte[],byte[])>
		SHA-256: 9edc3d1e5d49d5565a9e0303e3ebeb6c1bf65e6d56e286998f6f3bfb1d10af62
		Secure: false
	Object:
		Variable: $r2
		Type: javax.crypto.KeyGenerator
		Statement: $r2 = staticinvoke <javax.crypto.KeyGenerator: javax.crypto.KeyGenerator getInstance(java.lang.String,java.lang.String)>(varReplacer27613, varReplacer27614)
		Method: <androidx.biometric.h: androidx.biometric.BiometricPrompt$c a()>
		SHA-256: 78bbe243c4d413581a49657a128c251916a313409505ffc13f87c0c9e278feae
		Secure: true
	Object:
		Variable: $r3
		Type: javax.crypto.Cipher
		Statement: $r3 = staticinvoke <javax.crypto.Cipher: javax.crypto.Cipher getInstance(java.lang.String)>($r2)
		Method: <e.b.c.a.u.e$a: javax.crypto.Cipher b(java.lang.String,java.security.Provider)>
		SHA-256: e8cd85da3639f0fd22b17e5e28a45178999c8d6b4be2a785b0da5572cb5be494
		Secure: false
	Object:
		Variable: $r1
		Type: java.lang.String
		Statement: specialinvoke $r7.<javax.crypto.spec.SecretKeySpec: void <init>(byte[],java.lang.String)>($r3, $r1)
		Method: <e.b.c.a.u.g: byte[] a(java.lang.String,byte[],byte[],byte[],int)>
		SHA-256: a92a9c64ceab547205e13435afd96ceb3ef92bb8e900b8d7fe658a1633c0ffc3
		Secure: false

Findings in Java Class: c.n.a.b

	 in Method: boolean b()
		ConstraintError violating CrySL rule for java.security.KeyStore (on Object #b5bf3300fcb948efe9cee0e4f1fc3648be25b81b3383b10dd74900beab4a891c)
			First parameter (with value "AndroidKeyStore") should be any of {JCEKS, JKS, DKS, PKCS11, PKCS12}
			at statement: $r5 = staticinvoke <java.security.KeyStore: java.security.KeyStore getInstance(java.lang.String)>(varReplacer9354)


Findings in Java Class: design.codeux.biometric_storage.j

	 in Method: void b(java.lang.String)
		ConstraintError violating CrySL rule for java.security.KeyStore (on Object #701451cd7d32d4503080e0c35107f5d95c84bdfec9cf70b195c61935b27e86c6)
			First parameter (with value "AndroidKeyStore") should be any of {JCEKS, JKS, DKS, PKCS11, PKCS12}
			at statement: $r3 = staticinvoke <java.security.KeyStore: java.security.KeyStore getInstance(java.lang.String)>(varReplacer16504)


	 in Method: javax.crypto.SecretKey h(java.lang.String)
		ConstraintError violating CrySL rule for java.security.KeyStore (on Object #3db82efe42f1dfb0055349d4c89c07789ba81c4b3d037da6d26ed8371f8ed83d)
			First parameter (with value "AndroidKeyStore") should be any of {JCEKS, JKS, DKS, PKCS11, PKCS12}
			at statement: $r2 = staticinvoke <java.security.KeyStore: java.security.KeyStore getInstance(java.lang.String)>(varReplacer22029)


	 in Method: javax.crypto.Cipher f(java.lang.String,byte[])
		RequiredPredicateError violating CrySL rule for javax.crypto.spec.GCMParameterSpec
			Second parameter was not properly generated as randomized
			at statement: specialinvoke $r1.<javax.crypto.spec.GCMParameterSpec: void <init>(int,byte[])>(varReplacer22023, $r3)


Findings in Java Class: c.n.a.c

	 in Method: boolean d(java.lang.String)
		ConstraintError violating CrySL rule for java.security.KeyStore (on Object #2b5e65317c72b86081f6bb4c2a9f00eefe7ca95b56db0a738a11a66662ab76bd)
			First parameter (with value "AndroidKeyStore") should be any of {JCEKS, JKS, DKS, PKCS11, PKCS12}
			at statement: $r1 = staticinvoke <java.security.KeyStore: java.security.KeyStore getInstance(java.lang.String)>(varReplacer19331)


Findings in Java Class: androidx.biometric.h

	 in Method: androidx.biometric.BiometricPrompt$c a()
		ConstraintError violating CrySL rule for javax.crypto.Cipher (on Object #7740e94f33d4068290551caa1aeb2429f4d69838b05c9cb24d61c0d834f1c2e8)
			First parameter (with value "AES/CBC/PKCS7Padding") should be any of AES/CBC/{PKCS5Padding, ISO10126Padding}
			at statement: $r6 = staticinvoke <javax.crypto.Cipher: javax.crypto.Cipher getInstance(java.lang.String)>(varReplacer27612)

		ConstraintError violating CrySL rule for java.security.KeyStore (on Object #9c6cbf5d82b26f4cda02796a78e55d75771d3c891d8196d2643333399e41672c)
			First parameter (with value "AndroidKeyStore") should be any of {JCEKS, JKS, DKS, PKCS11, PKCS12}
			at statement: $r0 = staticinvoke <java.security.KeyStore: java.security.KeyStore getInstance(java.lang.String)>(varReplacer27615)

		RequiredPredicateError violating CrySL rule for javax.crypto.Cipher
			Second parameter was not properly generated as generatedKey
			at statement: virtualinvoke $r6.<javax.crypto.Cipher: void init(int,java.security.Key)>(varReplacer27609, $r5)


Findings in Java Class: com.google.android.exoplayer2.source.hls.d

	 in Method: javax.crypto.Cipher s()
		ConstraintError violating CrySL rule for javax.crypto.Cipher (on Object #3b1b03be1c26249a35911689860e81397cfc11134c7d17ca9411c0af3f498f0a)
			First parameter (with value "AES/CBC/PKCS7Padding") should be any of AES/CBC/{PKCS5Padding, ISO10126Padding}
			at statement: $r1 = staticinvoke <javax.crypto.Cipher: javax.crypto.Cipher getInstance(java.lang.String)>(varReplacer29846)


	 in Method: long f(e.b.a.a.x2.q)
		RequiredPredicateError violating CrySL rule for javax.crypto.spec.IvParameterSpec
			First parameter was not properly generated as randomized
			at statement: specialinvoke $r5.<javax.crypto.spec.IvParameterSpec: void <init>(byte[])>($r4)

		RequiredPredicateError violating CrySL rule for javax.crypto.spec.SecretKeySpec
			First parameter was not properly generated as preparedKeyMaterial
			at statement: specialinvoke $r3.<javax.crypto.spec.SecretKeySpec: void <init>(byte[],java.lang.String)>($r4, varReplacer25543)

		RequiredPredicateError violating CrySL rule for javax.crypto.Cipher
			Second parameter was not properly generated as generatedKey
			at statement: virtualinvoke $r1.<javax.crypto.Cipher: void init(int,java.security.Key,java.security.spec.AlgorithmParameterSpec)>(varReplacer25541, $r3, $r5)


Findings in Java Class: e.b.c.a.u.a

	 in Method: javax.crypto.spec.SecretKeySpec p(byte[])
		NeverTypeOfError violating CrySL rule for javax.crypto.spec.SecretKeySpec (on Object #3403d1639dff03e92d1a17ed640d3a8a39d4a380e75979bfae591b3d530c3dc9)
			First parameter should never be of type java.lang.String.
			at statement: specialinvoke $r2.<javax.crypto.spec.SecretKeySpec: void <init>(byte[],int,int,java.lang.String)>($r1, $i0, varReplacer40156, $r3)

		RequiredPredicateError violating CrySL rule for javax.crypto.spec.SecretKeySpec
			First parameter was not properly generated as preparedKeyMaterial
			at statement: specialinvoke $r2.<javax.crypto.spec.SecretKeySpec: void <init>(byte[],int,int,java.lang.String)>($r1, $i0, varReplacer40156, $r3)

		NeverTypeOfError violating CrySL rule for javax.crypto.spec.SecretKeySpec (on Object #3403d1639dff03e92d1a17ed640d3a8a39d4a380e75979bfae591b3d530c3dc9)
			First parameter should never be of type java.lang.String.
			at statement: specialinvoke $r2.<javax.crypto.spec.SecretKeySpec: void <init>(byte[],int,int,java.lang.String)>($r1, $i0, varReplacer40156, $r3)


	 in Method: javax.crypto.spec.SecretKeySpec r(byte[])
		NeverTypeOfError violating CrySL rule for javax.crypto.spec.SecretKeySpec (on Object #bb6eadc91b1b1ad7d1a48b8d4dcba937ce473df44b9a81c49aae9ac11c33873)
			First parameter should never be of type java.lang.String.
			at statement: specialinvoke $r2.<javax.crypto.spec.SecretKeySpec: void <init>(byte[],int,int,java.lang.String)>($r1, varReplacer40157, $i0, varReplacer40158)

		NeverTypeOfError violating CrySL rule for javax.crypto.spec.SecretKeySpec (on Object #bb6eadc91b1b1ad7d1a48b8d4dcba937ce473df44b9a81c49aae9ac11c33873)
			First parameter should never be of type java.lang.String.
			at statement: specialinvoke $r2.<javax.crypto.spec.SecretKeySpec: void <init>(byte[],int,int,java.lang.String)>($r1, varReplacer40157, $i0, varReplacer40158)

		RequiredPredicateError violating CrySL rule for javax.crypto.spec.SecretKeySpec
			First parameter was not properly generated as preparedKeyMaterial
			at statement: specialinvoke $r2.<javax.crypto.spec.SecretKeySpec: void <init>(byte[],int,int,java.lang.String)>($r1, varReplacer40157, $i0, varReplacer40158)


Findings in Java Class: e.b.c.a.q.a.c$b

	 in Method: void <init>()
		ConstraintError violating CrySL rule for java.security.KeyStore (on Object #9de7e42ea8581d0f798d541510a74236b2035e5a7674f693b6ef42372b641776)
			First parameter (with value "AndroidKeyStore") should be any of {JCEKS, JKS, DKS, PKCS11, PKCS12}
			at statement: $r1 = staticinvoke <java.security.KeyStore: java.security.KeyStore getInstance(java.lang.String)>(varReplacer43279)


Findings in Java Class: e.b.c.a.q.a.c

	 in Method: boolean d(java.lang.String)
		ConstraintError violating CrySL rule for java.security.KeyStore (on Object #12d9fa9e1de110d845dc29680a8f51b1d2e542377a1a1d63d9794c71ef1dedd5)
			First parameter (with value "AndroidKeyStore") should be any of {JCEKS, JKS, DKS, PKCS11, PKCS12}
			at statement: $r4 = staticinvoke <java.security.KeyStore: java.security.KeyStore getInstance(java.lang.String)>(varReplacer43282)


Findings in Java Class: e.b.c.a.u.e$b

	 in Method: javax.crypto.Mac b(java.lang.String,java.security.Provider)
		ConstraintError violating CrySL rule for javax.crypto.Mac (on Object #7d09234a9733627854c514110ddc6c088928e346ca1bca7c53e7c1e765bc65f6)
			First parameter (with value "AES/GCM/NoPadding") should be any of {HmacSHA256, HmacSHA384, HmacSHA512, HmacPBESHA1, PBEWithHmacSHA1, PBEWithHmacSHA224, PBEWithHmacSHA256, PBEWithHmacSHA384, PBEWithHmacSHA512}
			at statement: $r3 = staticinvoke <javax.crypto.Mac: javax.crypto.Mac getInstance(java.lang.String,java.security.Provider)>($r2, $r1)

		ConstraintError violating CrySL rule for javax.crypto.Mac (on Object #b3cc5c65dfed2683b211d7e3108fb625e9a81036006acd52876d6411d0c0ad9d)
			First parameter (with value "AES/GCM/NoPadding") should be any of {HmacSHA256, HmacSHA384, HmacSHA512, HmacPBESHA1, PBEWithHmacSHA1, PBEWithHmacSHA224, PBEWithHmacSHA256, PBEWithHmacSHA384, PBEWithHmacSHA512}
			at statement: $r3 = staticinvoke <javax.crypto.Mac: javax.crypto.Mac getInstance(java.lang.String)>($r2)

		ConstraintError violating CrySL rule for javax.crypto.Mac (on Object #7d09234a9733627854c514110ddc6c088928e346ca1bca7c53e7c1e765bc65f6)
			First parameter (with value "AES/CTR/NoPadding") should be any of {HmacSHA256, HmacSHA384, HmacSHA512, HmacPBESHA1, PBEWithHmacSHA1, PBEWithHmacSHA224, PBEWithHmacSHA256, PBEWithHmacSHA384, PBEWithHmacSHA512}
			at statement: $r3 = staticinvoke <javax.crypto.Mac: javax.crypto.Mac getInstance(java.lang.String,java.security.Provider)>($r2, $r1)

		ConstraintError violating CrySL rule for javax.crypto.Mac (on Object #b3cc5c65dfed2683b211d7e3108fb625e9a81036006acd52876d6411d0c0ad9d)
			First parameter (with value "AES/CTR/NoPadding") should be any of {HmacSHA256, HmacSHA384, HmacSHA512, HmacPBESHA1, PBEWithHmacSHA1, PBEWithHmacSHA224, PBEWithHmacSHA256, PBEWithHmacSHA384, PBEWithHmacSHA512}
			at statement: $r3 = staticinvoke <javax.crypto.Mac: javax.crypto.Mac getInstance(java.lang.String)>($r2)


Findings in Java Class: e.b.c.a.u.g

	 in Method: byte[] a(java.lang.String,byte[],byte[],byte[],int)
		IncompleteOperationError violating CrySL rule for javax.crypto.Mac (on Object #7d09234a9733627854c514110ddc6c088928e346ca1bca7c53e7c1e765bc65f6)
			Operation on object of type javax.crypto.Mac object not completed. Expected call to init
			at statement: $i1 = virtualinvoke $r6.<javax.crypto.Mac: int getMacLength()>()

		IncompleteOperationError violating CrySL rule for javax.crypto.Mac (on Object #b3cc5c65dfed2683b211d7e3108fb625e9a81036006acd52876d6411d0c0ad9d)
			Operation on object of type javax.crypto.Mac object not completed. Expected call to init
			at statement: $i1 = virtualinvoke $r6.<javax.crypto.Mac: int getMacLength()>()

		RequiredPredicateError violating CrySL rule for javax.crypto.spec.SecretKeySpec
			First parameter was not properly generated as preparedKeyMaterial
			at statement: specialinvoke $r7.<javax.crypto.spec.SecretKeySpec: void <init>(byte[],java.lang.String)>($r3, $r1)

		RequiredPredicateError violating CrySL rule for javax.crypto.Mac
			First parameter was not properly generated as generatedKey
			at statement: virtualinvoke $r6.<javax.crypto.Mac: void init(java.security.Key)>($r7)

		IncompleteOperationError violating CrySL rule for javax.crypto.Cipher (on Object #e8cd85da3639f0fd22b17e5e28a45178999c8d6b4be2a785b0da5572cb5be494)
			Operation on object of type javax.crypto.Cipher object not completed. Expected call to init
			at statement: $i1 = virtualinvoke $r6.<javax.crypto.Mac: int getMacLength()>()

		IncompleteOperationError violating CrySL rule for javax.crypto.Cipher (on Object #131a67e68ef8b530e030f4210e061faf820a57e5b29406cf3f0e513b9104f884)
			Operation on object of type javax.crypto.Cipher object not completed. Expected call to init
			at statement: $i1 = virtualinvoke $r6.<javax.crypto.Mac: int getMacLength()>()

		TypestateError violating CrySL rule for javax.crypto.Mac (on Object #7d09234a9733627854c514110ddc6c088928e346ca1bca7c53e7c1e765bc65f6)
			Unexpected call to method init on object of type javax.crypto.Mac.
			at statement: virtualinvoke $r6.<javax.crypto.Mac: void init(java.security.Key)>($r7)

		TypestateError violating CrySL rule for javax.crypto.Mac (on Object #b3cc5c65dfed2683b211d7e3108fb625e9a81036006acd52876d6411d0c0ad9d)
			Unexpected call to method init on object of type javax.crypto.Mac.
			at statement: virtualinvoke $r6.<javax.crypto.Mac: void init(java.security.Key)>($r7)

		IncompleteOperationError violating CrySL rule for javax.crypto.Cipher (on Object #e8cd85da3639f0fd22b17e5e28a45178999c8d6b4be2a785b0da5572cb5be494)
			Operation on object of type javax.crypto.Cipher object not completed. Expected call to init
			at statement: $r8 = virtualinvoke $r6.<javax.crypto.Mac: byte[] doFinal()>()

		IncompleteOperationError violating CrySL rule for javax.crypto.Cipher (on Object #131a67e68ef8b530e030f4210e061faf820a57e5b29406cf3f0e513b9104f884)
			Operation on object of type javax.crypto.Cipher object not completed. Expected call to init
			at statement: $r8 = virtualinvoke $r6.<javax.crypto.Mac: byte[] doFinal()>()


Findings in Java Class: e.b.c.a.u.k

	 in Method: void b()
		IncompleteOperationError violating CrySL rule for javax.crypto.Cipher (on Object #e8cd85da3639f0fd22b17e5e28a45178999c8d6b4be2a785b0da5572cb5be494)
			Operation on object of type javax.crypto.Cipher object not completed. Expected call to init
			at statement: interfaceinvoke $r5.<e.b.c.a.u.j: void a(java.nio.ByteBuffer,byte[])>($r1, $r3)

		IncompleteOperationError violating CrySL rule for javax.crypto.Cipher (on Object #131a67e68ef8b530e030f4210e061faf820a57e5b29406cf3f0e513b9104f884)
			Operation on object of type javax.crypto.Cipher object not completed. Expected call to init
			at statement: interfaceinvoke $r5.<e.b.c.a.u.j: void a(java.nio.ByteBuffer,byte[])>($r1, $r3)

		IncompleteOperationError violating CrySL rule for javax.crypto.Mac (on Object #7d09234a9733627854c514110ddc6c088928e346ca1bca7c53e7c1e765bc65f6)
			Operation on object of type javax.crypto.Mac object not completed. Expected call to init
			at statement: interfaceinvoke $r5.<e.b.c.a.u.j: void a(java.nio.ByteBuffer,byte[])>($r1, $r3)

		IncompleteOperationError violating CrySL rule for javax.crypto.Mac (on Object #b3cc5c65dfed2683b211d7e3108fb625e9a81036006acd52876d6411d0c0ad9d)
			Operation on object of type javax.crypto.Mac object not completed. Expected call to init
			at statement: interfaceinvoke $r5.<e.b.c.a.u.j: void a(java.nio.ByteBuffer,byte[])>($r1, $r3)


Findings in Java Class: e.b.c.a.u.b

	 in Method: javax.crypto.spec.SecretKeySpec l(byte[],byte[])
		RequiredPredicateError violating CrySL rule for javax.crypto.spec.SecretKeySpec
			First parameter was not properly generated as preparedKeyMaterial
			at statement: specialinvoke $r5.<javax.crypto.spec.SecretKeySpec: void <init>(byte[],java.lang.String)>($r2, varReplacer40162)


	 in Method: javax.crypto.spec.GCMParameterSpec n(byte[],long,boolean)
		RequiredPredicateError violating CrySL rule for javax.crypto.spec.GCMParameterSpec
			Second parameter was not properly generated as randomized
			at statement: specialinvoke $r3.<javax.crypto.spec.GCMParameterSpec: void <init>(int,byte[])>(varReplacer36583, $r1)


Findings in Java Class: e.b.c.a.q.a.b

	 in Method: byte[] d(byte[],byte[])
		RequiredPredicateError violating CrySL rule for javax.crypto.Cipher
			Second parameter was not properly generated as generatedKey
			at statement: virtualinvoke $r4.<javax.crypto.Cipher: void init(int,java.security.Key)>(varReplacer46116, $r5)


	 in Method: byte[] c(byte[],byte[])
		RequiredPredicateError violating CrySL rule for javax.crypto.spec.GCMParameterSpec
			Second parameter was not properly generated as randomized
			at statement: specialinvoke $r4.<javax.crypto.spec.GCMParameterSpec: void <init>(int,byte[],int,int)>(varReplacer46118, $r2, varReplacer46119, varReplacer46120)

		RequiredPredicateError violating CrySL rule for javax.crypto.Cipher
			Second parameter was not properly generated as generatedKey
			at statement: virtualinvoke $r5.<javax.crypto.Cipher: void init(int,java.security.Key,java.security.spec.AlgorithmParameterSpec)>(varReplacer46122, $r1, $r4)

		RequiredPredicateError violating CrySL rule for javax.crypto.Cipher
			Third parameter was not properly generated as preparedGCM
			at statement: virtualinvoke $r5.<javax.crypto.Cipher: void init(int,java.security.Key,java.security.spec.AlgorithmParameterSpec)>(varReplacer46122, $r1, $r4)


Findings in Java Class: e.b.c.a.u.a$a

	 in Method: void b(java.nio.ByteBuffer,int,boolean,java.nio.ByteBuffer)
		RequiredPredicateError violating CrySL rule for javax.crypto.spec.IvParameterSpec
			First parameter was not properly generated as randomized
			at statement: specialinvoke $r12.<javax.crypto.spec.IvParameterSpec: void <init>(byte[])>($r4)


======================= CryptoAnalysis Summary ==========================
	Number of CrySL rules: 49
	Number of Objects Analyzed: 51

	CryptoAnalysis found the following violations. For details see description above.
	NeverTypeOfError: 4
	RequiredPredicateError: 16
	TypestateError: 2
	ConstraintError: 13
	IncompleteOperationError: 10
=====================================================================
