0    [main] WARN  pes.access.impl.DeclaredTypeFactory  - --- xtext.common.types ---------------------------------------------------
1    [main] WARN  pes.access.impl.DeclaredTypeFactory  - ASM library is too old. Falling back to java.lang.reflect API.
1    [main] WARN  pes.access.impl.DeclaredTypeFactory  - Please note that no information about compile time constants is available.
1    [main] WARN  pes.access.impl.DeclaredTypeFactory  - It's recommended to use org.objectweb.asm 9.1.0 or better (Maven group id: org.ow2.asm).
1    [main] WARN  pes.access.impl.DeclaredTypeFactory  - --------------------------------------------------------------------------
Ruleset: 
	java.security.cert.TrustAnchor
	javax.crypto.spec.GCMParameterSpec
	javax.xml.crypto.dsig.spec.HMACParameterSpec
	java.security.KeyPair
	java.security.DigestOutputStream
	javax.net.ssl.KeyStoreBuilderParameters
	javax.crypto.spec.OAEPParameterSpec
	javax.net.ssl.SSLContext
	javax.crypto.spec.DHGenParameterSpec
	javax.crypto.CipherOutputStream
	java.security.Key
	javax.crypto.SecretKeyFactory
	java.security.cert.PKIXBuilderParameters
	java.security.KeyFactory
	javax.crypto.spec.PBEKeySpec
	java.security.spec.DSAGenParameterSpec
	java.security.KeyPairGenerator
	javax.crypto.CipherInputStream
	javax.net.ssl.CertPathTrustManagerParameters
	java.security.cert.CertificateFactory
	java.security.SecureRandom
	java.security.spec.MGF1ParameterSpec
	javax.net.ssl.SSLEngine
	javax.crypto.spec.DHParameterSpec
	java.security.spec.DSAParameterSpec
	java.security.spec.ECParameterSpec
	java.security.spec.RSAKeyGenParameterSpec
	javax.crypto.spec.IvParameterSpec
	javax.crypto.Cipher
	javax.crypto.spec.PBEParameterSpec
	java.security.AlgorithmParameterGenerator
	java.security.spec.X509EncodedKeySpec
	javax.net.ssl.TrustManagerFactory
	java.security.DigestInputStream
	void
	javax.net.ssl.KeyManagerFactory
	java.security.cert.PKIXParameters
	java.net.PasswordAuthentication
	java.security.AlgorithmParameters
	javax.crypto.KeyAgreement
	javax.crypto.spec.SecretKeySpec
	javax.net.ssl.SSLParameters
	java.security.MessageDigest
	javax.crypto.SecretKey
	javax.crypto.KeyGenerator
	java.security.KeyStore
	javax.crypto.Mac
	java.security.spec.ECGenParameterSpec
	java.security.Signature

Analyzed Objects: 
	Object:
		Variable: $r3
		Type: byte[]
		Statement: $r3 = virtualinvoke $r1.<java.security.MessageDigest: byte[] digest()>()
		Method: <eu.lepiller.nani.dictionary.Dictionary: java.lang.String sha256OfFile(java.io.File)>
		SHA-256: ccb009218aff92f5291bf26519cb23e756c3867e3f3aa3a60ae0d93a3d2938e8
		Secure: true
	Object:
		Variable: $r1
		Type: java.security.MessageDigest
		Statement: $r1 = staticinvoke <java.security.MessageDigest: java.security.MessageDigest getInstance(java.lang.String)>(varReplacer5526)
		Method: <eu.lepiller.nani.dictionary.Dictionary: java.lang.String sha256OfFile(java.io.File)>
		SHA-256: e38c0c7eb95136a0efea4bf7bb7ad880a55ebf313a78886925912373c95baddb
		Secure: true

Findings in Java Class: eu.lepiller.nani.dictionary.Dictionary

	 in Method: java.lang.String sha256OfFile(java.io.File)
		IncompleteOperationError violating CrySL rule for java.security.MessageDigest (on Object #e38c0c7eb95136a0efea4bf7bb7ad880a55ebf313a78886925912373c95baddb)
			Operation on object of type java.security.MessageDigest object not completed. Expected call to digest, update
			at statement: $r1 = staticinvoke <java.security.MessageDigest: java.security.MessageDigest getInstance(java.lang.String)>(varReplacer5526)

		IncompleteOperationError violating CrySL rule for java.security.MessageDigest (on Object #e38c0c7eb95136a0efea4bf7bb7ad880a55ebf313a78886925912373c95baddb)
			Operation on object of type java.security.MessageDigest object not completed. Expected call to digest, update
			at statement: $r1 = null

		TypestateError violating CrySL rule for java.security.MessageDigest (on Object #e38c0c7eb95136a0efea4bf7bb7ad880a55ebf313a78886925912373c95baddb)
			Unexpected call to method <java.security.MessageDigest: byte[] digest()> on object of type java.security.MessageDigest. Expect a call to one of the following methods java.security.MessageDigest: void update(byte[],int,int),java.security.MessageDigest: void update(java.nio.ByteBuffer),java.security.MessageDigest: byte[] digest(byte[]),java.security.MessageDigest: void update(byte),java.security.MessageDigest: void update(byte[])
			at statement: $r3 = virtualinvoke $r1.<java.security.MessageDigest: byte[] digest()>()


======================= CryptoAnalysis Summary ==========================
	Number of CrySL rules: 49
	Number of Objects Analyzed: 2

	CryptoAnalysis found the following violations. For details see description above.
	IncompleteOperationError: 2
	TypestateError: 1
=====================================================================
