0    [main] WARN  pes.access.impl.DeclaredTypeFactory  - --- xtext.common.types ---------------------------------------------------
1    [main] WARN  pes.access.impl.DeclaredTypeFactory  - ASM library is too old. Falling back to java.lang.reflect API.
1    [main] WARN  pes.access.impl.DeclaredTypeFactory  - Please note that no information about compile time constants is available.
1    [main] WARN  pes.access.impl.DeclaredTypeFactory  - It's recommended to use org.objectweb.asm 9.1.0 or better (Maven group id: org.ow2.asm).
1    [main] WARN  pes.access.impl.DeclaredTypeFactory  - --------------------------------------------------------------------------
Ruleset: 
	java.security.cert.TrustAnchor
	javax.crypto.spec.GCMParameterSpec
	javax.xml.crypto.dsig.spec.HMACParameterSpec
	java.security.KeyPair
	java.security.DigestOutputStream
	javax.net.ssl.KeyStoreBuilderParameters
	javax.crypto.spec.OAEPParameterSpec
	javax.net.ssl.SSLContext
	javax.crypto.spec.DHGenParameterSpec
	javax.crypto.CipherOutputStream
	java.security.Key
	javax.crypto.SecretKeyFactory
	java.security.cert.PKIXBuilderParameters
	java.security.KeyFactory
	javax.crypto.spec.PBEKeySpec
	java.security.spec.DSAGenParameterSpec
	java.security.KeyPairGenerator
	javax.crypto.CipherInputStream
	javax.net.ssl.CertPathTrustManagerParameters
	java.security.cert.CertificateFactory
	java.security.SecureRandom
	java.security.spec.MGF1ParameterSpec
	javax.net.ssl.SSLEngine
	javax.crypto.spec.DHParameterSpec
	java.security.spec.DSAParameterSpec
	java.security.spec.ECParameterSpec
	java.security.spec.RSAKeyGenParameterSpec
	javax.crypto.spec.IvParameterSpec
	javax.crypto.Cipher
	javax.crypto.spec.PBEParameterSpec
	java.security.AlgorithmParameterGenerator
	java.security.spec.X509EncodedKeySpec
	javax.net.ssl.TrustManagerFactory
	java.security.DigestInputStream
	void
	javax.net.ssl.KeyManagerFactory
	java.security.cert.PKIXParameters
	java.net.PasswordAuthentication
	java.security.AlgorithmParameters
	javax.crypto.KeyAgreement
	javax.crypto.spec.SecretKeySpec
	javax.net.ssl.SSLParameters
	java.security.MessageDigest
	javax.crypto.SecretKey
	javax.crypto.KeyGenerator
	java.security.KeyStore
	javax.crypto.Mac
	java.security.spec.ECGenParameterSpec
	java.security.Signature

Analyzed Objects: 
	Object:
		Variable: $r2
		Type: java.security.MessageDigest
		Statement: $r2 = staticinvoke <java.security.MessageDigest: java.security.MessageDigest getInstance(java.lang.String)>(varReplacer16902)
		Method: <com.facebook.stetho.websocket.WebSocketHandler: java.lang.String generateServerKey(java.lang.String)>
		SHA-256: f1f677a05e81ce30ba14f89998b943c62f2aee2749fd3af00cc5d45270b616cd
		Secure: false
	Object:
		Variable: $r3
		Type: byte[]
		Statement: $r3 = virtualinvoke $r2.<java.security.MessageDigest: byte[] digest(byte[])>($r3)
		Method: <okio.ByteString: okio.ByteString digest(java.lang.String)>
		SHA-256: a79a1700ae9d8d44f13ea218f751e7024f8f1222b1b2ae17cdbab7b56d352181
		Secure: false
	Object:
		Variable: $r2
		Type: java.security.MessageDigest
		Statement: $r2 = staticinvoke <java.security.MessageDigest: java.security.MessageDigest getInstance(java.lang.String)>($r1)
		Method: <okio.ByteString: okio.ByteString digest(java.lang.String)>
		SHA-256: b336d574501b28a5bd90db22472c23a68acb0c1b99c4f14746fdc2a23c69a24e
		Secure: false
	Object:
		Variable: $r3
		Type: javax.net.ssl.SSLContext
		Statement: $r3 = staticinvoke <javax.net.ssl.SSLContext: javax.net.ssl.SSLContext getInstance(java.lang.String)>(varReplacer1253)
		Method: <com.joshdholtz.sentry.Sentry: void ignoreSslErrors(java.net.HttpURLConnection)>
		SHA-256: 9353617d5d1df3e5d25da63e9640a97018ba05b20f4b28137a0752687dcf61ce
		Secure: false
	Object:
		Variable: $r2
		Type: javax.net.ssl.SSLContext
		Statement: $r2 = staticinvoke <javax.net.ssl.SSLContext: javax.net.ssl.SSLContext getInstance(java.lang.String)>(varReplacer10967)
		Method: <okhttp3.OkHttpClient: javax.net.ssl.SSLSocketFactory systemDefaultSslSocketFactory(javax.net.ssl.X509TrustManager)>
		SHA-256: 13052ed47720b6a05c432d95c51f74035cd3bf04234f9f09d044e3f4522cfa04
		Secure: false
	Object:
		Variable: $r3
		Type: byte[]
		Statement: $r3 = virtualinvoke $r2.<java.security.MessageDigest: byte[] digest()>()
		Method: <com.facebook.stetho.websocket.WebSocketHandler: java.lang.String generateServerKey(java.lang.String)>
		SHA-256: 3a839c53a2e73deca07bbaf6104910cef5aa9fd6a0877ab2fecd0b969b6bc376
		Secure: false
	Object:
		Variable: $r0
		Type: java.security.SecureRandom
		Statement: specialinvoke $r0.<java.security.SecureRandom: void <init>()>()
		Method: <eu.pretix.libpretixsync.db.NonceGenerator: void <clinit>()>
		SHA-256: 41175b27f767395c1eb27e6d7a45a5b2915e0a93e02d3f99eee0bdf7e48a209e
		Secure: true
	Object:
		Variable: $r2
		Type: javax.net.ssl.TrustManagerFactory
		Statement: $r2 = staticinvoke <javax.net.ssl.TrustManagerFactory: javax.net.ssl.TrustManagerFactory getInstance(java.lang.String)>($r1)
		Method: <okhttp3.OkHttpClient: javax.net.ssl.X509TrustManager systemDefaultTrustManager()>
		SHA-256: 61965954da2703450175e336d331a8bc311810e943eebaeca9d739b64a0fdc1
		Secure: false
	Object:
		Variable: $r5
		Type: java.security.cert.CertificateFactory
		Statement: $r5 = staticinvoke <java.security.cert.CertificateFactory: java.security.cert.CertificateFactory getInstance(java.lang.String)>(varReplacer18647)
		Method: <okhttp3.Cache$Entry: java.util.List readCertificateList(okio.BufferedSource)>
		SHA-256: 73953ba6b1f37b6640d0ace851c8c1160c972c2d36096e1f354763ff86f5370f
		Secure: false
	Object:
		Variable: $r3
		Type: javax.net.ssl.TrustManager[]
		Statement: $r3 = virtualinvoke $r2.<javax.net.ssl.TrustManagerFactory: javax.net.ssl.TrustManager[] getTrustManagers()>()
		Method: <okhttp3.OkHttpClient: javax.net.ssl.X509TrustManager systemDefaultTrustManager()>
		SHA-256: 4704c3ea9d50e304ebaa64f80abc0358b23fd9e2c75b25360e6595ec058a5c98
		Secure: false

Findings in Java Class: com.joshdholtz.sentry.Sentry

	 in Method: void ignoreSslErrors(java.net.HttpURLConnection)
		RequiredPredicateError violating CrySL rule for javax.net.ssl.SSLContext
			First parameter was not properly generated as generatedKeyManagers
			at statement: virtualinvoke $r3.<javax.net.ssl.SSLContext: void init(javax.net.ssl.KeyManager[],javax.net.ssl.TrustManager[],java.security.SecureRandom)>(varReplacer1254, $r10, varReplacer1254)

		ConstraintError violating CrySL rule for javax.net.ssl.SSLContext (on Object #9353617d5d1df3e5d25da63e9640a97018ba05b20f4b28137a0752687dcf61ce)
			First parameter (with value "TLS") should be any of {TLSv1.2, TLSv1.3}
			at statement: $r3 = staticinvoke <javax.net.ssl.SSLContext: javax.net.ssl.SSLContext getInstance(java.lang.String)>(varReplacer1253)

		RequiredPredicateError violating CrySL rule for javax.net.ssl.SSLContext
			Third parameter was not properly generated as randomized
			at statement: virtualinvoke $r3.<javax.net.ssl.SSLContext: void init(javax.net.ssl.KeyManager[],javax.net.ssl.TrustManager[],java.security.SecureRandom)>(varReplacer1254, $r10, varReplacer1254)

		RequiredPredicateError violating CrySL rule for javax.net.ssl.SSLContext
			Second parameter was not properly generated as generatedTrustManagers
			at statement: virtualinvoke $r3.<javax.net.ssl.SSLContext: void init(javax.net.ssl.KeyManager[],javax.net.ssl.TrustManager[],java.security.SecureRandom)>(varReplacer1254, $r10, varReplacer1254)


Findings in Java Class: okhttp3.OkHttpClient

	 in Method: javax.net.ssl.SSLSocketFactory systemDefaultSslSocketFactory(javax.net.ssl.X509TrustManager)
		ConstraintError violating CrySL rule for javax.net.ssl.SSLContext (on Object #13052ed47720b6a05c432d95c51f74035cd3bf04234f9f09d044e3f4522cfa04)
			First parameter (with value "TLS") should be any of {TLSv1.2, TLSv1.3}
			at statement: $r2 = staticinvoke <javax.net.ssl.SSLContext: javax.net.ssl.SSLContext getInstance(java.lang.String)>(varReplacer10967)

		RequiredPredicateError violating CrySL rule for javax.net.ssl.SSLContext
			Second parameter was not properly generated as generatedTrustManagers
			at statement: virtualinvoke $r2.<javax.net.ssl.SSLContext: void init(javax.net.ssl.KeyManager[],javax.net.ssl.TrustManager[],java.security.SecureRandom)>(varReplacer10964, $r7, varReplacer10964)

		RequiredPredicateError violating CrySL rule for javax.net.ssl.SSLContext
			First parameter was not properly generated as generatedKeyManagers
			at statement: virtualinvoke $r2.<javax.net.ssl.SSLContext: void init(javax.net.ssl.KeyManager[],javax.net.ssl.TrustManager[],java.security.SecureRandom)>(varReplacer10964, $r7, varReplacer10964)

		RequiredPredicateError violating CrySL rule for javax.net.ssl.SSLContext
			Third parameter was not properly generated as randomized
			at statement: virtualinvoke $r2.<javax.net.ssl.SSLContext: void init(javax.net.ssl.KeyManager[],javax.net.ssl.TrustManager[],java.security.SecureRandom)>(varReplacer10964, $r7, varReplacer10964)


	 in Method: javax.net.ssl.X509TrustManager systemDefaultTrustManager()
		RequiredPredicateError violating CrySL rule for javax.net.ssl.TrustManagerFactory
			First parameter was not properly generated as generatedKeyStore
			at statement: virtualinvoke $r2.<javax.net.ssl.TrustManagerFactory: void init(java.security.KeyStore)>(varReplacer10962)


Findings in Java Class: okio.ByteString

	 in Method: okio.ByteString digest(java.lang.String)
		ConstraintError violating CrySL rule for java.security.MessageDigest (on Object #b336d574501b28a5bd90db22472c23a68acb0c1b99c4f14746fdc2a23c69a24e)
			First parameter (with value "SHA-1") should be any of {SHA-256, SHA-384, SHA-512}
			at statement: $r2 = staticinvoke <java.security.MessageDigest: java.security.MessageDigest getInstance(java.lang.String)>($r1)

		ConstraintError violating CrySL rule for java.security.MessageDigest (on Object #b336d574501b28a5bd90db22472c23a68acb0c1b99c4f14746fdc2a23c69a24e)
			First parameter (with value "MD5") should be any of {SHA-256, SHA-384, SHA-512}
			at statement: $r2 = staticinvoke <java.security.MessageDigest: java.security.MessageDigest getInstance(java.lang.String)>($r1)


Findings in Java Class: com.facebook.stetho.websocket.WebSocketHandler

	 in Method: java.lang.String generateServerKey(java.lang.String)
		ConstraintError violating CrySL rule for java.security.MessageDigest (on Object #f1f677a05e81ce30ba14f89998b943c62f2aee2749fd3af00cc5d45270b616cd)
			First parameter (with value "SHA-1") should be any of {SHA-256, SHA-384, SHA-512}
			at statement: $r2 = staticinvoke <java.security.MessageDigest: java.security.MessageDigest getInstance(java.lang.String)>(varReplacer16902)


Findings in Java Class: okhttp3.Cache$Entry

	 in Method: java.util.List readCertificateList(okio.BufferedSource)
		IncompleteOperationError violating CrySL rule for java.security.cert.CertificateFactory (on Object #73953ba6b1f37b6640d0ace851c8c1160c972c2d36096e1f354763ff86f5370f)
			Operation on object of type java.security.cert.CertificateFactory object not completed. Expected call to generateCertPath, generateCertificate, generateCRL
			at statement: $r5 = staticinvoke <java.security.cert.CertificateFactory: java.security.cert.CertificateFactory getInstance(java.lang.String)>(varReplacer18647)

		TypestateError violating CrySL rule for java.security.cert.CertificateFactory (on Object #73953ba6b1f37b6640d0ace851c8c1160c972c2d36096e1f354763ff86f5370f)
			Unexpected call to method generateCertificate on object of type java.security.cert.CertificateFactory. Expect a call to one of the following methods generateCRL
			at statement: $r9 = virtualinvoke $r5.<java.security.cert.CertificateFactory: java.security.cert.Certificate generateCertificate(java.io.InputStream)>($r8)

		IncompleteOperationError violating CrySL rule for java.security.cert.CertificateFactory (on Object #73953ba6b1f37b6640d0ace851c8c1160c972c2d36096e1f354763ff86f5370f)
			Operation on object of type java.security.cert.CertificateFactory object not completed. Expected call to generateCertPath, generateCRL, java.security.cert.CertificateFactory: java.security.cert.Certificate generateCertificate(java.io.InputStream)
			at statement: $r9 = virtualinvoke $r5.<java.security.cert.CertificateFactory: java.security.cert.Certificate generateCertificate(java.io.InputStream)>($r8)


======================= CryptoAnalysis Summary ==========================
	Number of CrySL rules: 49
	Number of Objects Analyzed: 10

	CryptoAnalysis found the following violations. For details see description above.
	TypestateError: 1
	RequiredPredicateError: 7
	IncompleteOperationError: 2
	ConstraintError: 5
=====================================================================
