0    [main] WARN  pes.access.impl.DeclaredTypeFactory  - --- xtext.common.types ---------------------------------------------------
1    [main] WARN  pes.access.impl.DeclaredTypeFactory  - ASM library is too old. Falling back to java.lang.reflect API.
1    [main] WARN  pes.access.impl.DeclaredTypeFactory  - Please note that no information about compile time constants is available.
1    [main] WARN  pes.access.impl.DeclaredTypeFactory  - It's recommended to use org.objectweb.asm 9.1.0 or better (Maven group id: org.ow2.asm).
1    [main] WARN  pes.access.impl.DeclaredTypeFactory  - --------------------------------------------------------------------------
Alive 15434  5000
Alive 16295  5000
Alive 27176  5000
Alive 21579  5000
Alive 20586  5000
Alive 24871  5000
Alive 20156  5000
Alive 20789  5000
Alive 18316  5000
Alive 23414  5000
Alive 24259  5000
Alive 20605  5000
Alive 23352  5000
Alive 21203  5000
Alive 23589  5000
Alive 20652  5000
Alive 19998  5000
Alive 21174  5000
Alive 19973  5000
Alive 20367  5000
Alive 19443  5000
Alive 21505  5000
Alive 19404  5000
Alive 18331  5000
Alive 18132  5000
Alive 21084  5000
Alive 20251  5000
Alive 20377  5000
Alive 25497  5000
Alive 21062  5000
Alive 20783  5000
Alive 25822  5000
Alive 24968  5000
Alive 23037  5000
Alive 23896  5000
Alive 24687  5000
Alive 22510  5000
Alive 22859  5000
Alive 21887  5000
Alive 21737  5000
Alive 27236  5000
Alive 24718  5000
Alive 25790  5000
Alive 25221  5000
Alive 24686  5000
Alive 23211  5000
Alive 23602  5000
Alive 24204  5000
Alive 21769  5000
Alive 25102  5000
Alive 23674  5000
Alive 28182  5000
Alive 32676  5000
Alive 19997  5000
Alive 19334  5000
Alive 15394  5000
Alive 18867  5000
Alive 18665  5000
Alive 17114  5000
Alive 18776  5000
Alive 19060  5000
Alive 17740  5000
Alive 21117  5000
Alive 23082  5000
Alive 24255  5000
Alive 19061  5000
Alive 27976  5000
Alive 22232  5000
Alive 17325  5000
Alive 27048  5000
Alive 28595  5000
Alive 22441  5000
Alive 19589  5000
Alive 19260  5000
Alive 28832  5000
Alive 26934  5000
Alive 22543  5000
Alive 22308  5000
Alive 25875  5000
Alive 19614  5000
Alive 27851  5000
Alive 28528  5000
Alive 27219  5000
Alive 23729  5000
Alive 28963  5000
Alive 21529  5000
Alive 31299  5000
Alive 28028  5000
Alive 35665  5000
Alive 28905  5000
Alive 43193  5000
Alive 24314  5000
Alive 32172  5000
Alive 37034  5000
Alive 24707  5000
Alive 25418  5000
Alive 25659  5000
Alive 24145  5000
Alive 23487  5000
Alive 33509  5000
Alive 24059  5000
Alive 22340  5000
Alive 23362  5000
Alive 36020  5000
Alive 19491  5000
Alive 26415  5000
Alive 19806  5000
Alive 18148  5000
Alive 20602  5000
Alive 19832  5000
Alive 18049  5000
Alive 20449  5000
Alive 20272  5000
Alive 15918  5000
Alive 18595  5000
Alive 26908  5000
Alive 26240  5000
Alive 18083  5000
Alive 26835  5000
Alive 18166  5000
Alive 25874  5000
Alive 23541  5000
Alive 24281  5000
Alive 17094  5000
Alive 18369  5000
Alive 35193  5000
Alive 21786  5000
Alive 20253  5000
Alive 33206  5000
Alive 25614  5000
Alive 25382  5000
Alive 20487  5000
Alive 19420  5000
Alive 24428  5000
Alive 24378  5000
Alive 24482  5000
Alive 17993  5000
Alive 23366  5000
Alive 21371  5000
Alive 19164  5000
Alive 19151  5000
Alive 20473  5000
Alive 19694  5000
Alive 19771  5000
Alive 19398  5000
Alive 17362  5000
Alive 19226  5000
Alive 19254  5000
Alive 18250  5000
Alive 19822  5000
Alive 20853  5000
Alive 19878  5000
Alive 20754  5000
Alive 17389  5000
Alive 24649  5000
Alive 19271  5000
Alive 18233  5000
Alive 26106  5000
Alive 23903  5000
Alive 18626  5000
Alive 20886  5000
Alive 20648  5000
Alive 24991  5000
Alive 20153  5000
Alive 21789  5000
Alive 22429  5000
Alive 21738  5000
Alive 22260  5000
Alive 22315  5000
Alive 22426  5000
Alive 22402  5000
Alive 23466  5000
Alive 23814  5000
Alive 29443  5000
Alive 30473  5000
Alive 33901  5000
Alive 27520  5000
Alive 31862  5000
Alive 24604  5000
Alive 24304  5000
Alive 22109  5000
Alive 1092780  5000
Alive 742272  5000
Alive 760489  5000
Alive 26134  5000
Alive 23444  5000
Alive 31591  5000
Alive 23371  5000
Alive 23492  5000
Alive 24897  5000
Alive 23129  5000
Alive 22517  5000
Alive 23704  5000
Alive 24577  5000
Alive 1549624  5000
Alive 770985  5000
Alive 1428814  5000
Alive 23658  5000
Alive 15649  5000
Alive 60412  5000
Alive 28753  5000
Alive 25533  5000
Alive 19738  5000
Alive 29041  5000
Alive 24294  5000
Alive 31865  5000
Alive 23988  5000
Alive 27094  5000
Alive 19818  5000
Alive 18678  5000
Alive 15629  5000
Alive 52079  5000
