0    [main] WARN  pes.access.impl.DeclaredTypeFactory  - --- xtext.common.types ---------------------------------------------------
0    [main] WARN  pes.access.impl.DeclaredTypeFactory  - ASM library is too old. Falling back to java.lang.reflect API.
0    [main] WARN  pes.access.impl.DeclaredTypeFactory  - Please note that no information about compile time constants is available.
0    [main] WARN  pes.access.impl.DeclaredTypeFactory  - It's recommended to use org.objectweb.asm 9.1.0 or better (Maven group id: org.ow2.asm).
0    [main] WARN  pes.access.impl.DeclaredTypeFactory  - --------------------------------------------------------------------------
Ruleset: 
	java.security.cert.TrustAnchor
	javax.crypto.spec.GCMParameterSpec
	javax.xml.crypto.dsig.spec.HMACParameterSpec
	java.security.KeyPair
	java.security.DigestOutputStream
	javax.net.ssl.KeyStoreBuilderParameters
	javax.crypto.spec.OAEPParameterSpec
	javax.net.ssl.SSLContext
	javax.crypto.spec.DHGenParameterSpec
	javax.crypto.CipherOutputStream
	java.security.Key
	javax.crypto.SecretKeyFactory
	java.security.cert.PKIXBuilderParameters
	java.security.KeyFactory
	javax.crypto.spec.PBEKeySpec
	java.security.spec.DSAGenParameterSpec
	java.security.KeyPairGenerator
	javax.crypto.CipherInputStream
	javax.net.ssl.CertPathTrustManagerParameters
	java.security.cert.CertificateFactory
	java.security.SecureRandom
	java.security.spec.MGF1ParameterSpec
	javax.net.ssl.SSLEngine
	javax.crypto.spec.DHParameterSpec
	java.security.spec.DSAParameterSpec
	java.security.spec.ECParameterSpec
	java.security.spec.RSAKeyGenParameterSpec
	javax.crypto.spec.IvParameterSpec
	javax.crypto.Cipher
	javax.crypto.spec.PBEParameterSpec
	java.security.AlgorithmParameterGenerator
	java.security.spec.X509EncodedKeySpec
	javax.net.ssl.TrustManagerFactory
	java.security.DigestInputStream
	void
	javax.net.ssl.KeyManagerFactory
	java.security.cert.PKIXParameters
	java.net.PasswordAuthentication
	java.security.AlgorithmParameters
	javax.crypto.KeyAgreement
	javax.crypto.spec.SecretKeySpec
	javax.net.ssl.SSLParameters
	java.security.MessageDigest
	javax.crypto.SecretKey
	javax.crypto.KeyGenerator
	java.security.KeyStore
	javax.crypto.Mac
	java.security.spec.ECGenParameterSpec
	java.security.Signature

Analyzed Objects: 
	Object:
		Variable: $r17
		Type: javax.net.ssl.TrustManagerFactory
		Statement: $r17 = staticinvoke <javax.net.ssl.TrustManagerFactory: javax.net.ssl.TrustManagerFactory getInstance(java.lang.String)>($r16)
		Method: <p4.u: void <init>(p4.u$b)>
		SHA-256: f747a10f2154a0d5e8fea8d22a38292b624a1018879c9e98ec3ce5b97af6faf9
		Secure: false
	Object:
		Variable: $r3
		Type: javax.net.ssl.SSLContext
		Statement: $r3 = staticinvoke <javax.net.ssl.SSLContext: javax.net.ssl.SSLContext getInstance(java.lang.String,java.security.Provider)>(varReplacer612, $r2)
		Method: <x4.c: javax.net.ssl.SSLContext h()>
		SHA-256: 7a1105bd6c10ea3ec822922bf04e972061d47d3027b5827b77b5270886c39fe7
		Secure: false
	Object:
		Variable: $r3
		Type: javax.net.ssl.SSLContext
		Statement: $r3 = staticinvoke <javax.net.ssl.SSLContext: javax.net.ssl.SSLContext getInstance(java.lang.String)>(varReplacer615)
		Method: <x4.b: javax.net.ssl.SSLContext h()>
		SHA-256: ccc6533c5dd0283f90e7319320ca5b41b6b316243c1094db42a5fd9ad41e6d99
		Secure: false
	Object:
		Variable: $r5
		Type: java.security.cert.CertificateFactory
		Statement: $r5 = staticinvoke <java.security.cert.CertificateFactory: java.security.cert.CertificateFactory getInstance(java.lang.String)>(varReplacer19431)
		Method: <p4.c$d: java.util.List a(a5.h)>
		SHA-256: 67037b97269ce261fbdb9038094f0b877e3549ea1cbbdbef90ca185432248390
		Secure: false
	Object:
		Variable: $r3
		Type: byte[]
		Statement: $r3 = virtualinvoke $r2.<java.security.MessageDigest: byte[] digest(byte[])>($r3)
		Method: <a5.i: a5.i e(java.lang.String)>
		SHA-256: f90399a6afee1b7d0a096d96a80043c8b18e4986a99d7905c3c0e4ca171d49d9
		Secure: false
	Object:
		Variable: $r18
		Type: javax.net.ssl.TrustManager[]
		Statement: $r18 = virtualinvoke $r17.<javax.net.ssl.TrustManagerFactory: javax.net.ssl.TrustManager[] getTrustManagers()>()
		Method: <p4.u: void <init>(p4.u$b)>
		SHA-256: 1678f91c90c525b180ce362e58749061af41d03743cd0d4f57c75c2f3b5be07f
		Secure: false
	Object:
		Variable: $r1
		Type: java.security.MessageDigest
		Statement: $r1 = staticinvoke <java.security.MessageDigest: java.security.MessageDigest getInstance(java.lang.String)>(varReplacer15336)
		Method: <j1.k$a: java.lang.Object a()>
		SHA-256: e1f85845818cb4a055c00ca73297e780f2089975f3ae5c7ffd0c782b9df3736c
		Secure: true
	Object:
		Variable: $r4
		Type: javax.net.ssl.SSLContext
		Statement: $r4 = staticinvoke <javax.net.ssl.SSLContext: javax.net.ssl.SSLContext getInstance(java.lang.String)>(varReplacer609)
		Method: <x4.f: javax.net.ssl.SSLContext h()>
		SHA-256: 80c40325ae29ef79f5ae6d018b821629c124758562d902dd5e979bf435993ffc
		Secure: false
	Object:
		Variable: $r2
		Type: java.security.MessageDigest
		Statement: $r2 = staticinvoke <java.security.MessageDigest: java.security.MessageDigest getInstance(java.lang.String)>($r1)
		Method: <a5.i: a5.i e(java.lang.String)>
		SHA-256: 92b64d1e390e57868b392dbe57fd78a85b04cdc5efd960a97603c16c177f6c1e
		Secure: false
	Object:
		Variable: $r4
		Type: javax.net.ssl.SSLContext
		Statement: $r4 = staticinvoke <javax.net.ssl.SSLContext: javax.net.ssl.SSLContext getInstance(java.lang.String)>(varReplacer608)
		Method: <x4.f: javax.net.ssl.SSLContext h()>
		SHA-256: b3149e072362b1d68cfa1484b2943b6ef07aad8625a0a15b1517a9304328b26a
		Secure: false
	Object:
		Variable: $r3
		Type: javax.net.ssl.SSLContext
		Statement: $r3 = staticinvoke <javax.net.ssl.SSLContext: javax.net.ssl.SSLContext getInstance(java.lang.String)>(varReplacer616)
		Method: <x4.b: javax.net.ssl.SSLContext h()>
		SHA-256: 9fa953a34bd185942bd8c53fb413b2e997dd085398e1f647cbea5b3424253ca1
		Secure: false
	Object:
		Variable: $r3
		Type: javax.net.ssl.SSLContext
		Statement: $r3 = staticinvoke <javax.net.ssl.SSLContext: javax.net.ssl.SSLContext getInstance(java.lang.String,java.security.Provider)>(varReplacer614, $r2)
		Method: <x4.c: javax.net.ssl.SSLContext h()>
		SHA-256: 41f14b0b3e03355b6f4ad58a4bc497a65b3ef0b373020a96a5c6ff1909e57450
		Secure: false

Findings in Java Class: x4.f

	 in Method: javax.net.ssl.SSLContext h()
		ConstraintError violating CrySL rule for javax.net.ssl.SSLContext (on Object #80c40325ae29ef79f5ae6d018b821629c124758562d902dd5e979bf435993ffc)
			First parameter (with value "TLS") should be any of {TLSv1.2, TLSv1.3}
			at statement: $r4 = staticinvoke <javax.net.ssl.SSLContext: javax.net.ssl.SSLContext getInstance(java.lang.String)>(varReplacer609)


Findings in Java Class: x4.c

	 in Method: javax.net.ssl.SSLContext h()
		ConstraintError violating CrySL rule for javax.net.ssl.SSLContext (on Object #41f14b0b3e03355b6f4ad58a4bc497a65b3ef0b373020a96a5c6ff1909e57450)
			First parameter (with value "TLS") should be any of {TLSv1.2, TLSv1.3}
			at statement: $r3 = staticinvoke <javax.net.ssl.SSLContext: javax.net.ssl.SSLContext getInstance(java.lang.String,java.security.Provider)>(varReplacer614, $r2)


Findings in Java Class: x4.b

	 in Method: javax.net.ssl.SSLContext h()
		ConstraintError violating CrySL rule for javax.net.ssl.SSLContext (on Object #9fa953a34bd185942bd8c53fb413b2e997dd085398e1f647cbea5b3424253ca1)
			First parameter (with value "TLS") should be any of {TLSv1.2, TLSv1.3}
			at statement: $r3 = staticinvoke <javax.net.ssl.SSLContext: javax.net.ssl.SSLContext getInstance(java.lang.String)>(varReplacer616)


Findings in Java Class: h1.t

	 in Method: h1.v a(f1.e,e1.e,int,int,h1.j$a)
		IncompleteOperationError violating CrySL rule for java.security.MessageDigest (on Object #e1f85845818cb4a055c00ca73297e780f2089975f3ae5c7ffd0c782b9df3736c)
			Operation on object of type java.security.MessageDigest object not completed. Expected call to digest, update
			at statement: specialinvoke $r13.<java.util.ArrayList: void <init>(java.util.Collection)>($r6)

		IncompleteOperationError violating CrySL rule for java.security.MessageDigest (on Object #e1f85845818cb4a055c00ca73297e780f2089975f3ae5c7ffd0c782b9df3736c)
			Operation on object of type java.security.MessageDigest object not completed. Expected call to digest, update
			at statement: interfaceinvoke $r4.<h0.c: boolean a(java.lang.Object)>($r6)


Findings in Java Class: h1.a0

	 in Method: boolean a()
		IncompleteOperationError violating CrySL rule for java.security.MessageDigest (on Object #e1f85845818cb4a055c00ca73297e780f2089975f3ae5c7ffd0c782b9df3736c)
			Operation on object of type java.security.MessageDigest object not completed. Expected call to digest, update
			at statement: interfaceinvoke $r13.<f1.d: void d(com.bumptech.glide.e,f1.d$a)>($r21, $r22)


Findings in Java Class: h1.w

	 in Method: boolean a()
		IncompleteOperationError violating CrySL rule for java.security.MessageDigest (on Object #e1f85845818cb4a055c00ca73297e780f2089975f3ae5c7ffd0c782b9df3736c)
			Operation on object of type java.security.MessageDigest object not completed. Expected call to digest, update
			at statement: $r8 = interfaceinvoke $r34.<f1.d: java.lang.Class a()>()

		IncompleteOperationError violating CrySL rule for java.security.MessageDigest (on Object #e1f85845818cb4a055c00ca73297e780f2089975f3ae5c7ffd0c782b9df3736c)
			Operation on object of type java.security.MessageDigest object not completed. Expected call to digest, update
			at statement: interfaceinvoke $r34.<f1.d: void d(com.bumptech.glide.e,f1.d$a)>($r35, r0)


Findings in Java Class: r.e

	 in Method: boolean a(java.lang.Object)
		IncompleteOperationError violating CrySL rule for java.security.MessageDigest (on Object #e1f85845818cb4a055c00ca73297e780f2089975f3ae5c7ffd0c782b9df3736c)
			Operation on object of type java.security.MessageDigest object not completed. Expected call to digest, update
			at statement: $z0 = virtualinvoke r0.<r.e: boolean d(java.lang.Object)>($r1)


Findings in Java Class: a5.i

	 in Method: a5.i e(java.lang.String)
		ConstraintError violating CrySL rule for java.security.MessageDigest (on Object #92b64d1e390e57868b392dbe57fd78a85b04cdc5efd960a97603c16c177f6c1e)
			First parameter (with value "MD5") should be any of {SHA-256, SHA-384, SHA-512}
			at statement: $r2 = staticinvoke <java.security.MessageDigest: java.security.MessageDigest getInstance(java.lang.String)>($r1)


Findings in Java Class: p4.c$d

	 in Method: java.util.List a(a5.h)
		TypestateError violating CrySL rule for java.security.cert.CertificateFactory (on Object #67037b97269ce261fbdb9038094f0b877e3549ea1cbbdbef90ca185432248390)
			Unexpected call to method generateCertificate on object of type java.security.cert.CertificateFactory. Expect a call to one of the following methods generateCRL
			at statement: $r10 = virtualinvoke $r5.<java.security.cert.CertificateFactory: java.security.cert.Certificate generateCertificate(java.io.InputStream)>($r9)

		IncompleteOperationError violating CrySL rule for java.security.cert.CertificateFactory (on Object #67037b97269ce261fbdb9038094f0b877e3549ea1cbbdbef90ca185432248390)
			Operation on object of type java.security.cert.CertificateFactory object not completed. Expected call to generateCertPath, generateCertificate, generateCRL
			at statement: $r5 = staticinvoke <java.security.cert.CertificateFactory: java.security.cert.CertificateFactory getInstance(java.lang.String)>(varReplacer19431)

		IncompleteOperationError violating CrySL rule for java.security.cert.CertificateFactory (on Object #67037b97269ce261fbdb9038094f0b877e3549ea1cbbdbef90ca185432248390)
			Operation on object of type java.security.cert.CertificateFactory object not completed. Expected call to generateCertPath, generateCRL, java.security.cert.CertificateFactory: java.security.cert.Certificate generateCertificate(java.io.InputStream)
			at statement: $r10 = virtualinvoke $r5.<java.security.cert.CertificateFactory: java.security.cert.Certificate generateCertificate(java.io.InputStream)>($r9)


Findings in Java Class: p4.u

	 in Method: void <init>(p4.u$b)
		RequiredPredicateError violating CrySL rule for javax.net.ssl.TrustManagerFactory
			First parameter was not properly generated as generatedKeyStore
			at statement: virtualinvoke $r17.<javax.net.ssl.TrustManagerFactory: void init(java.security.KeyStore)>(varReplacer385)

		RequiredPredicateError violating CrySL rule for javax.net.ssl.SSLContext
			Third parameter was not properly generated as randomized
			at statement: virtualinvoke $r22.<javax.net.ssl.SSLContext: void init(javax.net.ssl.KeyManager[],javax.net.ssl.TrustManager[],java.security.SecureRandom)>(varReplacer390, $r18, varReplacer390)

		RequiredPredicateError violating CrySL rule for javax.net.ssl.SSLContext
			Second parameter was not properly generated as generatedTrustManagers
			at statement: virtualinvoke $r22.<javax.net.ssl.SSLContext: void init(javax.net.ssl.KeyManager[],javax.net.ssl.TrustManager[],java.security.SecureRandom)>(varReplacer390, $r18, varReplacer390)

		RequiredPredicateError violating CrySL rule for javax.net.ssl.SSLContext
			First parameter was not properly generated as generatedKeyManagers
			at statement: virtualinvoke $r22.<javax.net.ssl.SSLContext: void init(javax.net.ssl.KeyManager[],javax.net.ssl.TrustManager[],java.security.SecureRandom)>(varReplacer390, $r18, varReplacer390)


======================= CryptoAnalysis Summary ==========================
	Number of CrySL rules: 49
	Number of Objects Analyzed: 12

	CryptoAnalysis found the following violations. For details see description above.
	RequiredPredicateError: 4
	TypestateError: 1
	ConstraintError: 4
	IncompleteOperationError: 8
=====================================================================
