0    [main] WARN  pes.access.impl.DeclaredTypeFactory  - --- xtext.common.types ---------------------------------------------------
1    [main] WARN  pes.access.impl.DeclaredTypeFactory  - ASM library is too old. Falling back to java.lang.reflect API.
1    [main] WARN  pes.access.impl.DeclaredTypeFactory  - Please note that no information about compile time constants is available.
1    [main] WARN  pes.access.impl.DeclaredTypeFactory  - It's recommended to use org.objectweb.asm 9.1.0 or better (Maven group id: org.ow2.asm).
1    [main] WARN  pes.access.impl.DeclaredTypeFactory  - --------------------------------------------------------------------------
Ruleset: 
	java.security.cert.TrustAnchor
	javax.crypto.spec.GCMParameterSpec
	javax.xml.crypto.dsig.spec.HMACParameterSpec
	java.security.KeyPair
	java.security.DigestOutputStream
	javax.net.ssl.KeyStoreBuilderParameters
	javax.crypto.spec.OAEPParameterSpec
	javax.net.ssl.SSLContext
	javax.crypto.spec.DHGenParameterSpec
	javax.crypto.CipherOutputStream
	java.security.Key
	javax.crypto.SecretKeyFactory
	java.security.cert.PKIXBuilderParameters
	java.security.KeyFactory
	javax.crypto.spec.PBEKeySpec
	java.security.spec.DSAGenParameterSpec
	java.security.KeyPairGenerator
	javax.crypto.CipherInputStream
	javax.net.ssl.CertPathTrustManagerParameters
	java.security.cert.CertificateFactory
	java.security.SecureRandom
	java.security.spec.MGF1ParameterSpec
	javax.net.ssl.SSLEngine
	javax.crypto.spec.DHParameterSpec
	java.security.spec.DSAParameterSpec
	java.security.spec.ECParameterSpec
	java.security.spec.RSAKeyGenParameterSpec
	javax.crypto.spec.IvParameterSpec
	javax.crypto.Cipher
	javax.crypto.spec.PBEParameterSpec
	java.security.AlgorithmParameterGenerator
	java.security.spec.X509EncodedKeySpec
	javax.net.ssl.TrustManagerFactory
	java.security.DigestInputStream
	void
	javax.net.ssl.KeyManagerFactory
	java.security.cert.PKIXParameters
	java.net.PasswordAuthentication
	java.security.AlgorithmParameters
	javax.crypto.KeyAgreement
	javax.crypto.spec.SecretKeySpec
	javax.net.ssl.SSLParameters
	java.security.MessageDigest
	javax.crypto.SecretKey
	javax.crypto.KeyGenerator
	java.security.KeyStore
	javax.crypto.Mac
	java.security.spec.ECGenParameterSpec
	java.security.Signature

Analyzed Objects: 
	Object:
		Variable: $r2
		Type: javax.net.ssl.TrustManagerFactory
		Statement: $r2 = staticinvoke <javax.net.ssl.TrustManagerFactory: javax.net.ssl.TrustManagerFactory getInstance(java.lang.String)>($r1)
		Method: <z3.e: javax.net.ssl.X509TrustManager n()>
		SHA-256: b3fbf300d747daba3df8e411e58988e42463b7a28d6677cdaf9ead73f012296a
		Secure: false
	Object:
		Variable: $r4
		Type: byte[]
		Statement: $r4 = virtualinvoke $r3.<java.security.MessageDigest: byte[] digest(byte[])>($r4)
		Method: <d4.h: d4.h b(java.lang.String)>
		SHA-256: af359f37e4a7862f146c972e8a1a4fb8f4dbaa2d06c8141a534ab8b51e0e4dfa
		Secure: true
	Object:
		Variable: $r4
		Type: javax.net.ssl.TrustManager[]
		Statement: $r4 = virtualinvoke $r3.<javax.net.ssl.TrustManagerFactory: javax.net.ssl.TrustManager[] getTrustManagers()>()
		Method: <okhttp3.internal.platform.c: javax.net.ssl.X509TrustManager n()>
		SHA-256: a255d7df04c13d2e2b36be047671824d49f5fcbf9e06a39411bc892d0d93a200
		Secure: false
	Object:
		Variable: $r2
		Type: javax.net.ssl.TrustManagerFactory
		Statement: $r2 = staticinvoke <javax.net.ssl.TrustManagerFactory: javax.net.ssl.TrustManagerFactory getInstance(java.lang.String)>($r1)
		Method: <okhttp3.internal.platform.b: javax.net.ssl.X509TrustManager n()>
		SHA-256: 1e76560ad12795a6cc994675d16bf86f7f735a9dfec4e34b41beba33b3218444
		Secure: false
	Object:
		Variable: $r2
		Type: javax.net.ssl.TrustManager[]
		Statement: $r2 = virtualinvoke $r1.<javax.net.ssl.TrustManagerFactory: javax.net.ssl.TrustManager[] getTrustManagers()>()
		Method: <okhttp3.internal.platform.a: javax.net.ssl.X509TrustManager n()>
		SHA-256: 713e574666d0e0dadc531464eb212760336e5f43c47eb4ca3f9a159575c3b4d9
		Secure: false
	Object:
		Variable: $r1
		Type: javax.net.ssl.TrustManagerFactory
		Statement: $r1 = staticinvoke <javax.net.ssl.TrustManagerFactory: javax.net.ssl.TrustManagerFactory getInstance(java.lang.String,java.lang.String)>(varReplacer4632, varReplacer4633)
		Method: <okhttp3.internal.platform.a: javax.net.ssl.X509TrustManager n()>
		SHA-256: 6ee979c82690c0995c8509861bbc2d111efe49faa2607e5943a1fb78a317168f
		Secure: false
	Object:
		Variable: $r1
		Type: javax.net.ssl.SSLContext
		Statement: $r1 = staticinvoke <javax.net.ssl.SSLContext: javax.net.ssl.SSLContext getInstance(java.lang.String,java.security.Provider)>(varReplacer6305, $r2)
		Method: <okhttp3.internal.platform.a: javax.net.ssl.SSLContext l()>
		SHA-256: bc9e1c41a0e4a8162fa8222f357b40a635e952e39fe391273f25f707049f2682
		Secure: false
	Object:
		Variable: $r3
		Type: javax.net.ssl.TrustManager[]
		Statement: $r3 = virtualinvoke $r2.<javax.net.ssl.TrustManagerFactory: javax.net.ssl.TrustManager[] getTrustManagers()>()
		Method: <okhttp3.internal.platform.b: javax.net.ssl.X509TrustManager n()>
		SHA-256: ec0173d3519ed79f0c0e3280ff23597ebdacf7861eb514dcf9cb9be881fa3c8f
		Secure: false
	Object:
		Variable: $r3
		Type: javax.net.ssl.SSLContext
		Statement: $r3 = staticinvoke <javax.net.ssl.SSLContext: javax.net.ssl.SSLContext getInstance(java.lang.String,java.security.Provider)>(varReplacer4649, $r2)
		Method: <okhttp3.internal.platform.b: javax.net.ssl.SSLSocketFactory m(javax.net.ssl.X509TrustManager)>
		SHA-256: 9165779d153fd16b6df9e76a845556d0c463247485843b478c9f86394b8a8286
		Secure: false
	Object:
		Variable: $r1
		Type: javax.net.ssl.SSLContext
		Statement: $r1 = staticinvoke <javax.net.ssl.SSLContext: javax.net.ssl.SSLContext getInstance(java.lang.String,java.security.Provider)>(varReplacer6307, $r2)
		Method: <okhttp3.internal.platform.c: javax.net.ssl.SSLContext l()>
		SHA-256: a65ce424ec93d5779986ab40f84dcf8a23ec6ed6553daf85b34a1f3332ffbfce
		Secure: false
	Object:
		Variable: $r3
		Type: java.security.MessageDigest
		Statement: $r3 = staticinvoke <java.security.MessageDigest: java.security.MessageDigest getInstance(java.lang.String)>($r2)
		Method: <d4.h: d4.h b(java.lang.String)>
		SHA-256: 508ce11f37135c046aab6028333f9e18c76045299164fcd7a6f5c308378870b4
		Secure: true
	Object:
		Variable: $r5
		Type: byte[]
		Statement: $r5 = virtualinvoke $r2.<java.security.MessageDigest: byte[] digest()>()
		Method: <d4.v: d4.h b(java.lang.String)>
		SHA-256: d4ec69f818fff94001d0ad58035a66a1bb8c5d406e117599406b3227cb1baf89
		Secure: true
	Object:
		Variable: $r3
		Type: javax.net.ssl.TrustManager[]
		Statement: $r3 = virtualinvoke $r2.<javax.net.ssl.TrustManagerFactory: javax.net.ssl.TrustManager[] getTrustManagers()>()
		Method: <z3.e: javax.net.ssl.X509TrustManager n()>
		SHA-256: 2e08acbbb578841bb23a04139d2ceac83bf3a6132a94837f1199753b0b28748f
		Secure: false
	Object:
		Variable: $r1
		Type: javax.net.ssl.SSLContext
		Statement: $r1 = staticinvoke <javax.net.ssl.SSLContext: javax.net.ssl.SSLContext getInstance(java.lang.String)>(varReplacer6300)
		Method: <z3.e: javax.net.ssl.SSLContext l()>
		SHA-256: 9301495da09cfb20ce60efec53e03cf52a642af949ff5596d56b00057527d04
		Secure: false
	Object:
		Variable: $r2
		Type: java.security.MessageDigest
		Statement: $r2 = staticinvoke <java.security.MessageDigest: java.security.MessageDigest getInstance(java.lang.String)>($r1)
		Method: <d4.v: d4.h b(java.lang.String)>
		SHA-256: a9929c1e06096381e5db51114b820676d47635f42e718b00d513e859e40864a3
		Secure: true
	Object:
		Variable: $r3
		Type: javax.net.ssl.TrustManagerFactory
		Statement: $r3 = staticinvoke <javax.net.ssl.TrustManagerFactory: javax.net.ssl.TrustManagerFactory getInstance(java.lang.String,java.security.Provider)>($r1, $r2)
		Method: <okhttp3.internal.platform.c: javax.net.ssl.X509TrustManager n()>
		SHA-256: 8034fb313c91aa2a1104beb617f548d7d75c2deae0b27d67adffe1da172ca704
		Secure: false
	Object:
		Variable: $r1
		Type: javax.net.ssl.SSLContext
		Statement: $r1 = staticinvoke <javax.net.ssl.SSLContext: javax.net.ssl.SSLContext getInstance(java.lang.String,java.security.Provider)>(varReplacer6303, $r2)
		Method: <okhttp3.internal.platform.b: javax.net.ssl.SSLContext l()>
		SHA-256: c90271358486dbc124661e1dd10992dd5f5ea1ffb7bbda1d6c448eee85e0780e
		Secure: false

Findings in Java Class: okhttp3.internal.platform.b

	 in Method: javax.net.ssl.SSLSocketFactory m(javax.net.ssl.X509TrustManager)
		RequiredPredicateError violating CrySL rule for javax.net.ssl.SSLContext
			First parameter was not properly generated as generatedKeyManagers
			at statement: virtualinvoke $r3.<javax.net.ssl.SSLContext: void init(javax.net.ssl.KeyManager[],javax.net.ssl.TrustManager[],java.security.SecureRandom)>(varReplacer4647, $r6, varReplacer4647)

		RequiredPredicateError violating CrySL rule for javax.net.ssl.SSLContext
			Third parameter was not properly generated as randomized
			at statement: virtualinvoke $r3.<javax.net.ssl.SSLContext: void init(javax.net.ssl.KeyManager[],javax.net.ssl.TrustManager[],java.security.SecureRandom)>(varReplacer4647, $r6, varReplacer4647)

		ConstraintError violating CrySL rule for javax.net.ssl.SSLContext (on Object #9165779d153fd16b6df9e76a845556d0c463247485843b478c9f86394b8a8286)
			First parameter (with value "TLS") should be any of {TLSv1.2, TLSv1.3}
			at statement: $r3 = staticinvoke <javax.net.ssl.SSLContext: javax.net.ssl.SSLContext getInstance(java.lang.String,java.security.Provider)>(varReplacer4649, $r2)

		RequiredPredicateError violating CrySL rule for javax.net.ssl.SSLContext
			Second parameter was not properly generated as generatedTrustManagers
			at statement: virtualinvoke $r3.<javax.net.ssl.SSLContext: void init(javax.net.ssl.KeyManager[],javax.net.ssl.TrustManager[],java.security.SecureRandom)>(varReplacer4647, $r6, varReplacer4647)


	 in Method: javax.net.ssl.SSLContext l()
		ConstraintError violating CrySL rule for javax.net.ssl.SSLContext (on Object #c90271358486dbc124661e1dd10992dd5f5ea1ffb7bbda1d6c448eee85e0780e)
			First parameter (with value "TLS") should be any of {TLSv1.2, TLSv1.3}
			at statement: $r1 = staticinvoke <javax.net.ssl.SSLContext: javax.net.ssl.SSLContext getInstance(java.lang.String,java.security.Provider)>(varReplacer6303, $r2)


	 in Method: javax.net.ssl.X509TrustManager n()
		RequiredPredicateError violating CrySL rule for javax.net.ssl.TrustManagerFactory
			First parameter was not properly generated as generatedKeyStore
			at statement: virtualinvoke $r2.<javax.net.ssl.TrustManagerFactory: void init(java.security.KeyStore)>(varReplacer4631)


Findings in Java Class: z3.e

	 in Method: javax.net.ssl.SSLContext l()
		ConstraintError violating CrySL rule for javax.net.ssl.SSLContext (on Object #9301495da09cfb20ce60efec53e03cf52a642af949ff5596d56b00057527d04)
			First parameter (with value "TLS") should be any of {TLSv1.2, TLSv1.3}
			at statement: $r1 = staticinvoke <javax.net.ssl.SSLContext: javax.net.ssl.SSLContext getInstance(java.lang.String)>(varReplacer6300)


	 in Method: javax.net.ssl.X509TrustManager n()
		RequiredPredicateError violating CrySL rule for javax.net.ssl.TrustManagerFactory
			First parameter was not properly generated as generatedKeyStore
			at statement: virtualinvoke $r2.<javax.net.ssl.TrustManagerFactory: void init(java.security.KeyStore)>(varReplacer4626)


	 in Method: javax.net.ssl.SSLSocketFactory m(javax.net.ssl.X509TrustManager)
		RequiredPredicateError violating CrySL rule for javax.net.ssl.SSLContext
			First parameter was not properly generated as generatedKeyManagers
			at statement: virtualinvoke $r2.<javax.net.ssl.SSLContext: void init(javax.net.ssl.KeyManager[],javax.net.ssl.TrustManager[],java.security.SecureRandom)>(varReplacer4642, $r10, varReplacer4642)

		RequiredPredicateError violating CrySL rule for javax.net.ssl.SSLContext
			Third parameter was not properly generated as randomized
			at statement: virtualinvoke $r2.<javax.net.ssl.SSLContext: void init(javax.net.ssl.KeyManager[],javax.net.ssl.TrustManager[],java.security.SecureRandom)>(varReplacer4642, $r10, varReplacer4642)

		RequiredPredicateError violating CrySL rule for javax.net.ssl.SSLContext
			Second parameter was not properly generated as generatedTrustManagers
			at statement: virtualinvoke $r2.<javax.net.ssl.SSLContext: void init(javax.net.ssl.KeyManager[],javax.net.ssl.TrustManager[],java.security.SecureRandom)>(varReplacer4642, $r10, varReplacer4642)


Findings in Java Class: okhttp3.internal.platform.a

	 in Method: javax.net.ssl.SSLContext l()
		ConstraintError violating CrySL rule for javax.net.ssl.SSLContext (on Object #bc9e1c41a0e4a8162fa8222f357b40a635e952e39fe391273f25f707049f2682)
			First parameter (with value "TLS") should be any of {TLSv1.2, TLSv1.3}
			at statement: $r1 = staticinvoke <javax.net.ssl.SSLContext: javax.net.ssl.SSLContext getInstance(java.lang.String,java.security.Provider)>(varReplacer6305, $r2)


	 in Method: javax.net.ssl.X509TrustManager n()
		RequiredPredicateError violating CrySL rule for javax.net.ssl.TrustManagerFactory
			First parameter was not properly generated as generatedKeyStore
			at statement: virtualinvoke $r1.<javax.net.ssl.TrustManagerFactory: void init(java.security.KeyStore)>(varReplacer4636)


Findings in Java Class: d4.v

	 in Method: d4.h b(java.lang.String)
		TypestateError violating CrySL rule for java.security.MessageDigest (on Object #a9929c1e06096381e5db51114b820676d47635f42e718b00d513e859e40864a3)
			Unexpected call to method <java.security.MessageDigest: byte[] digest()> on object of type java.security.MessageDigest. Expect a call to one of the following methods java.security.MessageDigest: void update(byte[],int,int),java.security.MessageDigest: void update(java.nio.ByteBuffer),java.security.MessageDigest: byte[] digest(byte[]),java.security.MessageDigest: void update(byte),java.security.MessageDigest: void update(byte[])
			at statement: $r5 = virtualinvoke $r2.<java.security.MessageDigest: byte[] digest()>()


Findings in Java Class: okhttp3.internal.platform.c

	 in Method: javax.net.ssl.X509TrustManager n()
		RequiredPredicateError violating CrySL rule for javax.net.ssl.TrustManagerFactory
			First parameter was not properly generated as generatedKeyStore
			at statement: virtualinvoke $r3.<javax.net.ssl.TrustManagerFactory: void init(java.security.KeyStore)>(varReplacer4638)


======================= CryptoAnalysis Summary ==========================
	Number of CrySL rules: 49
	Number of Objects Analyzed: 17

	CryptoAnalysis found the following violations. For details see description above.
	ConstraintError: 4
	TypestateError: 1
	RequiredPredicateError: 10
=====================================================================
