0    [main] WARN  pes.access.impl.DeclaredTypeFactory  - --- xtext.common.types ---------------------------------------------------
0    [main] WARN  pes.access.impl.DeclaredTypeFactory  - ASM library is too old. Falling back to java.lang.reflect API.
0    [main] WARN  pes.access.impl.DeclaredTypeFactory  - Please note that no information about compile time constants is available.
0    [main] WARN  pes.access.impl.DeclaredTypeFactory  - It's recommended to use org.objectweb.asm 9.1.0 or better (Maven group id: org.ow2.asm).
0    [main] WARN  pes.access.impl.DeclaredTypeFactory  - --------------------------------------------------------------------------
Ruleset: 
	java.security.cert.TrustAnchor
	javax.crypto.spec.GCMParameterSpec
	javax.xml.crypto.dsig.spec.HMACParameterSpec
	java.security.KeyPair
	java.security.DigestOutputStream
	javax.net.ssl.KeyStoreBuilderParameters
	javax.crypto.spec.OAEPParameterSpec
	javax.net.ssl.SSLContext
	javax.crypto.spec.DHGenParameterSpec
	javax.crypto.CipherOutputStream
	java.security.Key
	javax.crypto.SecretKeyFactory
	java.security.cert.PKIXBuilderParameters
	java.security.KeyFactory
	javax.crypto.spec.PBEKeySpec
	java.security.spec.DSAGenParameterSpec
	java.security.KeyPairGenerator
	javax.crypto.CipherInputStream
	javax.net.ssl.CertPathTrustManagerParameters
	java.security.cert.CertificateFactory
	java.security.SecureRandom
	java.security.spec.MGF1ParameterSpec
	javax.net.ssl.SSLEngine
	javax.crypto.spec.DHParameterSpec
	java.security.spec.DSAParameterSpec
	java.security.spec.ECParameterSpec
	java.security.spec.RSAKeyGenParameterSpec
	javax.crypto.spec.IvParameterSpec
	javax.crypto.Cipher
	javax.crypto.spec.PBEParameterSpec
	java.security.AlgorithmParameterGenerator
	java.security.spec.X509EncodedKeySpec
	javax.net.ssl.TrustManagerFactory
	java.security.DigestInputStream
	void
	javax.net.ssl.KeyManagerFactory
	java.security.cert.PKIXParameters
	java.net.PasswordAuthentication
	java.security.AlgorithmParameters
	javax.crypto.KeyAgreement
	javax.crypto.spec.SecretKeySpec
	javax.net.ssl.SSLParameters
	java.security.MessageDigest
	javax.crypto.SecretKey
	javax.crypto.KeyGenerator
	java.security.KeyStore
	javax.crypto.Mac
	java.security.spec.ECGenParameterSpec
	java.security.Signature

Analyzed Objects: 
	Object:
		Variable: $r1
		Type: java.security.MessageDigest
		Statement: $r1 = staticinvoke <java.security.MessageDigest: java.security.MessageDigest getInstance(java.lang.String)>(varReplacer9719)
		Method: <okhttp3.internal.Util: java.lang.String md5Hex(java.lang.String)>
		SHA-256: b21c17c5bd384e8488516020d7064ea35846d39e3a91ac147a5e611c98c86f8c
		Secure: false
	Object:
		Variable: $r5
		Type: java.security.cert.CertificateFactory
		Statement: $r5 = staticinvoke <java.security.cert.CertificateFactory: java.security.cert.CertificateFactory getInstance(java.lang.String)>(varReplacer10314)
		Method: <okhttp3.Cache$Entry: java.util.List readCertificateList(okio.BufferedSource)>
		SHA-256: 1c9cbf67689467aa6e5cda8a239336fb181c49fc733cf8b9dedeae4d0ed953
		Secure: false
	Object:
		Variable: $r2
		Type: byte[]
		Statement: $r2 = virtualinvoke $r1.<java.security.MessageDigest: byte[] digest(byte[])>($r2)
		Method: <okhttp3.internal.Util: java.lang.String md5Hex(java.lang.String)>
		SHA-256: ff685f32e7a7f750cd456b35d0be518bacf6cdd5ba40802666534e9df3ec3217
		Secure: false
	Object:
		Variable: $r3
		Type: byte[]
		Statement: $r3 = virtualinvoke $r2.<java.security.MessageDigest: byte[] digest(byte[])>($r3)
		Method: <okhttp3.internal.Util: okio.ByteString sha256(okio.ByteString)>
		SHA-256: b9fa638f7c73836986e4b143e5c8a0f5f8453b073695b12e807f45e7b460c05a
		Secure: true
	Object:
		Variable: $r4
		Type: javax.net.ssl.TrustManager[]
		Statement: $r4 = virtualinvoke $r3.<javax.net.ssl.TrustManagerFactory: javax.net.ssl.TrustManager[] getTrustManagers()>()
		Method: <okhttp3.OkHttpClient: javax.net.ssl.X509TrustManager systemDefaultTrustManager()>
		SHA-256: 1a27914d4fa0cccd4258c31d2327789a4c4f86227090a14ea854b6b35086568
		Secure: false
	Object:
		Variable: $r3
		Type: javax.net.ssl.SSLContext
		Statement: $r3 = staticinvoke <javax.net.ssl.SSLContext: javax.net.ssl.SSLContext getInstance(java.lang.String)>(varReplacer4341)
		Method: <okhttp3.OkHttpClient: javax.net.ssl.SSLSocketFactory systemDefaultSslSocketFactory(javax.net.ssl.X509TrustManager)>
		SHA-256: de1c940d7fe02a2c26d392800d82fb51a93478b98d55db38dbbdf5003c2a2b31
		Secure: false
	Object:
		Variable: $r3
		Type: javax.net.ssl.TrustManagerFactory
		Statement: $r3 = staticinvoke <javax.net.ssl.TrustManagerFactory: javax.net.ssl.TrustManagerFactory getInstance(java.lang.String)>($r2)
		Method: <okhttp3.OkHttpClient: javax.net.ssl.X509TrustManager systemDefaultTrustManager()>
		SHA-256: 131be75562789377964b01a1048670ba51f7fa7f9f94e1fbf399e843541d1155
		Secure: false
	Object:
		Variable: $r2
		Type: java.security.MessageDigest
		Statement: $r2 = staticinvoke <java.security.MessageDigest: java.security.MessageDigest getInstance(java.lang.String)>(varReplacer10697)
		Method: <okhttp3.internal.Util: okio.ByteString sha256(okio.ByteString)>
		SHA-256: e8c156058ba9b6894e76c9c0b5d924429a459d5e2221a1b2e8f9aa386c96f206
		Secure: true
	Object:
		Variable: $r2
		Type: java.security.MessageDigest
		Statement: $r2 = staticinvoke <java.security.MessageDigest: java.security.MessageDigest getInstance(java.lang.String)>(varReplacer10752)
		Method: <okhttp3.internal.Util: okio.ByteString sha1(okio.ByteString)>
		SHA-256: c475c5600c847118fe1b9fe5460b252301845f8aee4b512fa8bd3bc4226552d1
		Secure: false
	Object:
		Variable: $r3
		Type: byte[]
		Statement: $r3 = virtualinvoke $r2.<java.security.MessageDigest: byte[] digest(byte[])>($r3)
		Method: <okhttp3.internal.Util: okio.ByteString sha1(okio.ByteString)>
		SHA-256: 779fa9e7d07fc58ac6fb0f677b3796756777647dae3e7e2e128e2e27e33a0c70
		Secure: false

Findings in Java Class: okhttp3.OkHttpClient

	 in Method: javax.net.ssl.SSLSocketFactory systemDefaultSslSocketFactory(javax.net.ssl.X509TrustManager)
		ConstraintError violating CrySL rule for javax.net.ssl.SSLContext (on Object #de1c940d7fe02a2c26d392800d82fb51a93478b98d55db38dbbdf5003c2a2b31)
			First parameter (with value "TLS") should be any of {TLSv1.2, TLSv1.3}
			at statement: $r3 = staticinvoke <javax.net.ssl.SSLContext: javax.net.ssl.SSLContext getInstance(java.lang.String)>(varReplacer4341)

		RequiredPredicateError violating CrySL rule for javax.net.ssl.SSLContext
			Second parameter was not properly generated as generatedTrustManagers
			at statement: virtualinvoke $r3.<javax.net.ssl.SSLContext: void init(javax.net.ssl.KeyManager[],javax.net.ssl.TrustManager[],java.security.SecureRandom)>(varReplacer4339, $r7, varReplacer4339)

		RequiredPredicateError violating CrySL rule for javax.net.ssl.SSLContext
			First parameter was not properly generated as generatedKeyManagers
			at statement: virtualinvoke $r3.<javax.net.ssl.SSLContext: void init(javax.net.ssl.KeyManager[],javax.net.ssl.TrustManager[],java.security.SecureRandom)>(varReplacer4339, $r7, varReplacer4339)

		RequiredPredicateError violating CrySL rule for javax.net.ssl.SSLContext
			Third parameter was not properly generated as randomized
			at statement: virtualinvoke $r3.<javax.net.ssl.SSLContext: void init(javax.net.ssl.KeyManager[],javax.net.ssl.TrustManager[],java.security.SecureRandom)>(varReplacer4339, $r7, varReplacer4339)


	 in Method: javax.net.ssl.X509TrustManager systemDefaultTrustManager()
		RequiredPredicateError violating CrySL rule for javax.net.ssl.TrustManagerFactory
			First parameter was not properly generated as generatedKeyStore
			at statement: virtualinvoke $r3.<javax.net.ssl.TrustManagerFactory: void init(java.security.KeyStore)>(varReplacer4337)


Findings in Java Class: okhttp3.internal.Util

	 in Method: java.lang.String md5Hex(java.lang.String)
		ConstraintError violating CrySL rule for java.security.MessageDigest (on Object #b21c17c5bd384e8488516020d7064ea35846d39e3a91ac147a5e611c98c86f8c)
			First parameter (with value "MD5") should be any of {SHA-256, SHA-384, SHA-512}
			at statement: $r1 = staticinvoke <java.security.MessageDigest: java.security.MessageDigest getInstance(java.lang.String)>(varReplacer9719)


	 in Method: okio.ByteString sha1(okio.ByteString)
		ConstraintError violating CrySL rule for java.security.MessageDigest (on Object #c475c5600c847118fe1b9fe5460b252301845f8aee4b512fa8bd3bc4226552d1)
			First parameter (with value "SHA-1") should be any of {SHA-256, SHA-384, SHA-512}
			at statement: $r2 = staticinvoke <java.security.MessageDigest: java.security.MessageDigest getInstance(java.lang.String)>(varReplacer10752)


Findings in Java Class: okhttp3.Cache$Entry

	 in Method: java.util.List readCertificateList(okio.BufferedSource)
		IncompleteOperationError violating CrySL rule for java.security.cert.CertificateFactory (on Object #1c9cbf67689467aa6e5cda8a239336fb181c49fc733cf8b9dedeae4d0ed953)
			Operation on object of type java.security.cert.CertificateFactory object not completed. Expected call to generateCertificate, generateCertPath, generateCRL
			at statement: $r5 = staticinvoke <java.security.cert.CertificateFactory: java.security.cert.CertificateFactory getInstance(java.lang.String)>(varReplacer10314)

		TypestateError violating CrySL rule for java.security.cert.CertificateFactory (on Object #1c9cbf67689467aa6e5cda8a239336fb181c49fc733cf8b9dedeae4d0ed953)
			Unexpected call to method generateCertificate on object of type java.security.cert.CertificateFactory. Expect a call to one of the following methods generateCRL
			at statement: $r10 = virtualinvoke $r5.<java.security.cert.CertificateFactory: java.security.cert.Certificate generateCertificate(java.io.InputStream)>($r9)

		IncompleteOperationError violating CrySL rule for java.security.cert.CertificateFactory (on Object #1c9cbf67689467aa6e5cda8a239336fb181c49fc733cf8b9dedeae4d0ed953)
			Operation on object of type java.security.cert.CertificateFactory object not completed. Expected call to generateCertPath, generateCRL, java.security.cert.CertificateFactory: java.security.cert.Certificate generateCertificate(java.io.InputStream)
			at statement: $r10 = virtualinvoke $r5.<java.security.cert.CertificateFactory: java.security.cert.Certificate generateCertificate(java.io.InputStream)>($r9)


======================= CryptoAnalysis Summary ==========================
	Number of CrySL rules: 49
	Number of Objects Analyzed: 10

	CryptoAnalysis found the following violations. For details see description above.
	ConstraintError: 3
	IncompleteOperationError: 2
	RequiredPredicateError: 4
	TypestateError: 1
=====================================================================
