0    [main] WARN  pes.access.impl.DeclaredTypeFactory  - --- xtext.common.types ---------------------------------------------------
1    [main] WARN  pes.access.impl.DeclaredTypeFactory  - ASM library is too old. Falling back to java.lang.reflect API.
1    [main] WARN  pes.access.impl.DeclaredTypeFactory  - Please note that no information about compile time constants is available.
1    [main] WARN  pes.access.impl.DeclaredTypeFactory  - It's recommended to use org.objectweb.asm 9.1.0 or better (Maven group id: org.ow2.asm).
1    [main] WARN  pes.access.impl.DeclaredTypeFactory  - --------------------------------------------------------------------------
Ruleset: 
	java.security.cert.TrustAnchor
	javax.crypto.spec.GCMParameterSpec
	javax.xml.crypto.dsig.spec.HMACParameterSpec
	java.security.KeyPair
	java.security.DigestOutputStream
	javax.net.ssl.KeyStoreBuilderParameters
	javax.crypto.spec.OAEPParameterSpec
	javax.net.ssl.SSLContext
	javax.crypto.spec.DHGenParameterSpec
	javax.crypto.CipherOutputStream
	java.security.Key
	javax.crypto.SecretKeyFactory
	java.security.cert.PKIXBuilderParameters
	java.security.KeyFactory
	javax.crypto.spec.PBEKeySpec
	java.security.spec.DSAGenParameterSpec
	java.security.KeyPairGenerator
	javax.crypto.CipherInputStream
	javax.net.ssl.CertPathTrustManagerParameters
	java.security.cert.CertificateFactory
	java.security.SecureRandom
	java.security.spec.MGF1ParameterSpec
	javax.net.ssl.SSLEngine
	javax.crypto.spec.DHParameterSpec
	java.security.spec.DSAParameterSpec
	java.security.spec.ECParameterSpec
	java.security.spec.RSAKeyGenParameterSpec
	javax.crypto.spec.IvParameterSpec
	javax.crypto.Cipher
	javax.crypto.spec.PBEParameterSpec
	java.security.AlgorithmParameterGenerator
	java.security.spec.X509EncodedKeySpec
	javax.net.ssl.TrustManagerFactory
	java.security.DigestInputStream
	void
	javax.net.ssl.KeyManagerFactory
	java.security.cert.PKIXParameters
	java.net.PasswordAuthentication
	java.security.AlgorithmParameters
	javax.crypto.KeyAgreement
	javax.crypto.spec.SecretKeySpec
	javax.net.ssl.SSLParameters
	java.security.MessageDigest
	javax.crypto.SecretKey
	javax.crypto.KeyGenerator
	java.security.KeyStore
	javax.crypto.Mac
	java.security.spec.ECGenParameterSpec
	java.security.Signature

Analyzed Objects: 
	Object:
		Variable: $r3
		Type: javax.net.ssl.SSLContext
		Statement: $r3 = staticinvoke <javax.net.ssl.SSLContext: javax.net.ssl.SSLContext getInstance(java.lang.String)>(varReplacer4478)
		Method: <okhttp3.internal.platform.AndroidPlatform: javax.net.ssl.SSLContext getSSLContext()>
		SHA-256: 2772a7540abb853bd75bb2aa1f5201341b1b23b4bf2b562e8777c6b9101a7fbd
		Secure: false
	Object:
		Variable: $r4
		Type: javax.net.ssl.SSLContext
		Statement: $r4 = staticinvoke <javax.net.ssl.SSLContext: javax.net.ssl.SSLContext getInstance(java.lang.String)>(varReplacer4476)
		Method: <okhttp3.internal.platform.Platform: javax.net.ssl.SSLContext getSSLContext()>
		SHA-256: 2404df874bbf7fd5db08e4a75a2b146fce022a09fcd86d46cd7f19c04101b7fa
		Secure: false
	Object:
		Variable: $r3
		Type: javax.net.ssl.SSLContext
		Statement: $r3 = staticinvoke <javax.net.ssl.SSLContext: javax.net.ssl.SSLContext getInstance(java.lang.String,java.security.Provider)>(varReplacer4481, $r2)
		Method: <okhttp3.internal.platform.ConscryptPlatform: javax.net.ssl.SSLContext getSSLContext()>
		SHA-256: 8679ad626aeee08b988de9bcc059582104ec4300f8051461e22a743163469e3a
		Secure: false
	Object:
		Variable: $r3
		Type: javax.net.ssl.SSLContext
		Statement: $r3 = staticinvoke <javax.net.ssl.SSLContext: javax.net.ssl.SSLContext getInstance(java.lang.String,java.security.Provider)>(varReplacer4480, $r2)
		Method: <okhttp3.internal.platform.ConscryptPlatform: javax.net.ssl.SSLContext getSSLContext()>
		SHA-256: b99e299b9a8b4e8abd1bb0f0b0fb38975dd2b47a7be8d6e623caa8de64de6c54
		Secure: false
	Object:
		Variable: $r2
		Type: java.security.MessageDigest
		Statement: $r2 = staticinvoke <java.security.MessageDigest: java.security.MessageDigest getInstance(java.lang.String)>($r1)
		Method: <okio.SegmentedByteString: okio.ByteString digest$okio(java.lang.String)>
		SHA-256: 6c960e488f21ae2f1d37981b7f790ff5823030d9f242d798118968e0f93ba357
		Secure: false
	Object:
		Variable: $r2
		Type: javax.net.ssl.TrustManager[]
		Statement: $r2 = virtualinvoke $r1.<javax.net.ssl.TrustManagerFactory: javax.net.ssl.TrustManager[] getTrustManagers()>()
		Method: <okhttp3.internal.Util: javax.net.ssl.X509TrustManager platformTrustManager()>
		SHA-256: dea0af93b06734ae35228a014521e6e031131dd2b357359826afa61f9a6de1b
		Secure: false
	Object:
		Variable: $r3
		Type: byte[]
		Statement: $r3 = virtualinvoke $r2.<java.security.MessageDigest: byte[] digest()>()
		Method: <okio.ByteString: okio.ByteString digest$okio(java.lang.String)>
		SHA-256: 9f3ba3dd35bfd88a8457060cd59e6e65af87cbea3e5170b1e5d11a5dc2171423
		Secure: false
	Object:
		Variable: $r2
		Type: java.security.MessageDigest
		Statement: $r2 = staticinvoke <java.security.MessageDigest: java.security.MessageDigest getInstance(java.lang.String)>($r1)
		Method: <okio.ByteString: okio.ByteString digest$okio(java.lang.String)>
		SHA-256: ea0840b94e95f767ea25aa35611d3fdb379cdb84c49be399c4ff7525b48fb7fc
		Secure: false
	Object:
		Variable: $r3
		Type: javax.net.ssl.SSLContext
		Statement: $r3 = staticinvoke <javax.net.ssl.SSLContext: javax.net.ssl.SSLContext getInstance(java.lang.String)>(varReplacer4479)
		Method: <okhttp3.internal.platform.AndroidPlatform: javax.net.ssl.SSLContext getSSLContext()>
		SHA-256: 9d5dbe90a57f18d6a1511eb05b9f87471d2e4e6261606a66b4a9617451d0e70d
		Secure: false
	Object:
		Variable: $r5
		Type: byte[]
		Statement: $r5 = virtualinvoke $r2.<java.security.MessageDigest: byte[] digest()>()
		Method: <okio.SegmentedByteString: okio.ByteString digest$okio(java.lang.String)>
		SHA-256: 9d21c3f9e3f612ea7264d21dc14a8967f32993fff60292ad252f8676282c7571
		Secure: false
	Object:
		Variable: $r4
		Type: javax.net.ssl.SSLContext
		Statement: $r4 = staticinvoke <javax.net.ssl.SSLContext: javax.net.ssl.SSLContext getInstance(java.lang.String)>(varReplacer4475)
		Method: <okhttp3.internal.platform.Platform: javax.net.ssl.SSLContext getSSLContext()>
		SHA-256: 8feb8c7ab16706bae83fdee4f6452d57812ce6c947804d07a20db8b9cb78a0df
		Secure: false
	Object:
		Variable: $r1
		Type: javax.net.ssl.TrustManagerFactory
		Statement: $r1 = staticinvoke <javax.net.ssl.TrustManagerFactory: javax.net.ssl.TrustManagerFactory getInstance(java.lang.String)>($r0)
		Method: <okhttp3.internal.Util: javax.net.ssl.X509TrustManager platformTrustManager()>
		SHA-256: a8764d384e0e6acd4407dba0e4c2025660362892494036c03c4b52a40e75c66b
		Secure: false

Findings in Java Class: okhttp3.internal.platform.Platform

	 in Method: javax.net.ssl.SSLContext getSSLContext()
		ConstraintError violating CrySL rule for javax.net.ssl.SSLContext (on Object #2404df874bbf7fd5db08e4a75a2b146fce022a09fcd86d46cd7f19c04101b7fa)
			First parameter (with value "TLS") should be any of {TLSv1.2, TLSv1.3}
			at statement: $r4 = staticinvoke <javax.net.ssl.SSLContext: javax.net.ssl.SSLContext getInstance(java.lang.String)>(varReplacer4476)


Findings in Java Class: okhttp3.internal.platform.AndroidPlatform

	 in Method: javax.net.ssl.SSLContext getSSLContext()
		ConstraintError violating CrySL rule for javax.net.ssl.SSLContext (on Object #2772a7540abb853bd75bb2aa1f5201341b1b23b4bf2b562e8777c6b9101a7fbd)
			First parameter (with value "TLS") should be any of {TLSv1.2, TLSv1.3}
			at statement: $r3 = staticinvoke <javax.net.ssl.SSLContext: javax.net.ssl.SSLContext getInstance(java.lang.String)>(varReplacer4478)


Findings in Java Class: okhttp3.internal.platform.ConscryptPlatform

	 in Method: javax.net.ssl.SSLContext getSSLContext()
		ConstraintError violating CrySL rule for javax.net.ssl.SSLContext (on Object #b99e299b9a8b4e8abd1bb0f0b0fb38975dd2b47a7be8d6e623caa8de64de6c54)
			First parameter (with value "TLS") should be any of {TLSv1.2, TLSv1.3}
			at statement: $r3 = staticinvoke <javax.net.ssl.SSLContext: javax.net.ssl.SSLContext getInstance(java.lang.String,java.security.Provider)>(varReplacer4480, $r2)


Findings in Java Class: okio.ByteString

	 in Method: okio.ByteString digest$okio(java.lang.String)
		ConstraintError violating CrySL rule for java.security.MessageDigest (on Object #ea0840b94e95f767ea25aa35611d3fdb379cdb84c49be399c4ff7525b48fb7fc)
			First parameter (with value "SHA-1") should be any of {SHA-256, SHA-384, SHA-512}
			at statement: $r2 = staticinvoke <java.security.MessageDigest: java.security.MessageDigest getInstance(java.lang.String)>($r1)


Findings in Java Class: okio.SegmentedByteString

	 in Method: okio.ByteString digest$okio(java.lang.String)
		TypestateError violating CrySL rule for java.security.MessageDigest (on Object #6c960e488f21ae2f1d37981b7f790ff5823030d9f242d798118968e0f93ba357)
			Unexpected call to method <java.security.MessageDigest: byte[] digest()> on object of type java.security.MessageDigest. Expect a call to one of the following methods java.security.MessageDigest: void update(byte[],int,int),java.security.MessageDigest: void update(java.nio.ByteBuffer),java.security.MessageDigest: byte[] digest(byte[]),java.security.MessageDigest: void update(byte),java.security.MessageDigest: void update(byte[])
			at statement: $r5 = virtualinvoke $r2.<java.security.MessageDigest: byte[] digest()>()

		ConstraintError violating CrySL rule for java.security.MessageDigest (on Object #6c960e488f21ae2f1d37981b7f790ff5823030d9f242d798118968e0f93ba357)
			First parameter (with value "SHA-1") should be any of {SHA-256, SHA-384, SHA-512}
			at statement: $r2 = staticinvoke <java.security.MessageDigest: java.security.MessageDigest getInstance(java.lang.String)>($r1)


Findings in Java Class: okhttp3.OkHttpClient

	 in Method: javax.net.ssl.SSLSocketFactory newSslSocketFactory(javax.net.ssl.X509TrustManager)
		RequiredPredicateError violating CrySL rule for javax.net.ssl.SSLContext
			Second parameter was not properly generated as generatedTrustManagers
			at statement: virtualinvoke $r2.<javax.net.ssl.SSLContext: void init(javax.net.ssl.KeyManager[],javax.net.ssl.TrustManager[],java.security.SecureRandom)>(varReplacer3113, $r7, varReplacer3113)

		RequiredPredicateError violating CrySL rule for javax.net.ssl.SSLContext
			Third parameter was not properly generated as randomized
			at statement: virtualinvoke $r2.<javax.net.ssl.SSLContext: void init(javax.net.ssl.KeyManager[],javax.net.ssl.TrustManager[],java.security.SecureRandom)>(varReplacer3113, $r7, varReplacer3113)

		RequiredPredicateError violating CrySL rule for javax.net.ssl.SSLContext
			First parameter was not properly generated as generatedKeyManagers
			at statement: virtualinvoke $r2.<javax.net.ssl.SSLContext: void init(javax.net.ssl.KeyManager[],javax.net.ssl.TrustManager[],java.security.SecureRandom)>(varReplacer3113, $r7, varReplacer3113)


Findings in Java Class: okhttp3.internal.Util

	 in Method: javax.net.ssl.X509TrustManager platformTrustManager()
		RequiredPredicateError violating CrySL rule for javax.net.ssl.TrustManagerFactory
			First parameter was not properly generated as generatedKeyStore
			at statement: virtualinvoke $r1.<javax.net.ssl.TrustManagerFactory: void init(java.security.KeyStore)>(varReplacer3116)


======================= CryptoAnalysis Summary ==========================
	Number of CrySL rules: 49
	Number of Objects Analyzed: 12

	CryptoAnalysis found the following violations. For details see description above.
	ConstraintError: 5
	TypestateError: 1
	RequiredPredicateError: 4
=====================================================================
