0    [main] WARN  pes.access.impl.DeclaredTypeFactory  - --- xtext.common.types ---------------------------------------------------
1    [main] WARN  pes.access.impl.DeclaredTypeFactory  - ASM library is too old. Falling back to java.lang.reflect API.
1    [main] WARN  pes.access.impl.DeclaredTypeFactory  - Please note that no information about compile time constants is available.
1    [main] WARN  pes.access.impl.DeclaredTypeFactory  - It's recommended to use org.objectweb.asm 9.1.0 or better (Maven group id: org.ow2.asm).
1    [main] WARN  pes.access.impl.DeclaredTypeFactory  - --------------------------------------------------------------------------
Ruleset: 
	java.security.cert.TrustAnchor
	javax.crypto.spec.GCMParameterSpec
	javax.xml.crypto.dsig.spec.HMACParameterSpec
	java.security.KeyPair
	java.security.DigestOutputStream
	javax.net.ssl.KeyStoreBuilderParameters
	javax.crypto.spec.OAEPParameterSpec
	javax.net.ssl.SSLContext
	javax.crypto.spec.DHGenParameterSpec
	javax.crypto.CipherOutputStream
	java.security.Key
	javax.crypto.SecretKeyFactory
	java.security.cert.PKIXBuilderParameters
	java.security.KeyFactory
	javax.crypto.spec.PBEKeySpec
	java.security.spec.DSAGenParameterSpec
	java.security.KeyPairGenerator
	javax.crypto.CipherInputStream
	javax.net.ssl.CertPathTrustManagerParameters
	java.security.cert.CertificateFactory
	java.security.SecureRandom
	java.security.spec.MGF1ParameterSpec
	javax.net.ssl.SSLEngine
	javax.crypto.spec.DHParameterSpec
	java.security.spec.DSAParameterSpec
	java.security.spec.ECParameterSpec
	java.security.spec.RSAKeyGenParameterSpec
	javax.crypto.spec.IvParameterSpec
	javax.crypto.Cipher
	javax.crypto.spec.PBEParameterSpec
	java.security.AlgorithmParameterGenerator
	java.security.spec.X509EncodedKeySpec
	javax.net.ssl.TrustManagerFactory
	java.security.DigestInputStream
	void
	javax.net.ssl.KeyManagerFactory
	java.security.cert.PKIXParameters
	java.net.PasswordAuthentication
	java.security.AlgorithmParameters
	javax.crypto.KeyAgreement
	javax.crypto.spec.SecretKeySpec
	javax.net.ssl.SSLParameters
	java.security.MessageDigest
	javax.crypto.SecretKey
	javax.crypto.KeyGenerator
	java.security.KeyStore
	javax.crypto.Mac
	java.security.spec.ECGenParameterSpec
	java.security.Signature

Analyzed Objects: 
	Object:
		Variable: $r22
		Type: java.security.MessageDigest
		Statement: $r22 = staticinvoke <java.security.MessageDigest: java.security.MessageDigest getInstance(java.lang.String)>(varReplacer9923)
		Method: <io.github.folderlogs.tools.Scan: int runCheckFile(java.lang.String,androidx.documentfile.provider.DocumentFile,androidx.documentfile.provider.DocumentFile)>
		SHA-256: dc1fb8e2a40f9d0bb87f5e03535989a953ee6af9a3cb037d58d0bc0a8f8107e3
		Secure: false
	Object:
		Variable: $r25
		Type: byte[]
		Statement: $r25 = virtualinvoke $r21.<java.security.MessageDigest: byte[] digest()>()
		Method: <io.github.folderlogs.tools.Scan: int runCheckFile(java.lang.String,androidx.documentfile.provider.DocumentFile,androidx.documentfile.provider.DocumentFile)>
		SHA-256: 39bb3f411d42cbf39e0f404a97abd75bed8f14fd9ad1884b0ddc7666f77d922b
		Secure: false
	Object:
		Variable: $r25
		Type: byte[]
		Statement: $r25 = virtualinvoke $r22.<java.security.MessageDigest: byte[] digest()>()
		Method: <io.github.folderlogs.tools.Scan: int runCheckFile(java.lang.String,androidx.documentfile.provider.DocumentFile,androidx.documentfile.provider.DocumentFile)>
		SHA-256: 74f1b97d301a2a8ed84fd544295c7df707d4154aaef9a3560a469d09bbcb105e
		Secure: false
	Object:
		Variable: $r2
		Type: java.security.MessageDigest
		Statement: $r2 = staticinvoke <java.security.MessageDigest: java.security.MessageDigest getInstance(java.lang.String)>(varReplacer7928)
		Method: <io.github.folderlogs.db.Log: void insert(android.content.Context)>
		SHA-256: e4e85c389e0ddd575969fb61254e256cb46e1be244c1a211495b6204fec920e5
		Secure: false
	Object:
		Variable: $r2
		Type: java.security.MessageDigest
		Statement: $r2 = staticinvoke <java.security.MessageDigest: java.security.MessageDigest getInstance(java.lang.String)>(varReplacer11831)
		Method: <io.github.folderlogs.db.Log: boolean verify()>
		SHA-256: ce44dc24fbb630dada01cfc5dbc1ec6a7e8de0e2f469ef29cb8659726ddb3aaf
		Secure: false
	Object:
		Variable: $r8
		Type: byte[]
		Statement: $r8 = virtualinvoke $r5.<java.security.MessageDigest: byte[] digest()>()
		Method: <io.github.folderlogs.db.Log: boolean verify()>
		SHA-256: b4172b4165a58b55a1a9c8016fc6768fe975606498af70a30567e57437b3c03c
		Secure: true
	Object:
		Variable: $r3
		Type: java.security.MessageDigest
		Statement: $r3 = staticinvoke <java.security.MessageDigest: java.security.MessageDigest getInstance(java.lang.String)>(varReplacer11828)
		Method: <io.github.folderlogs.db.Log: boolean verify()>
		SHA-256: f35caa6cf7010456dda38bc3bf9cadef84939c698b7a69cebb9a94998038c9f4
		Secure: false
	Object:
		Variable: $r3
		Type: java.security.MessageDigest
		Statement: $r3 = staticinvoke <java.security.MessageDigest: java.security.MessageDigest getInstance(java.lang.String)>(varReplacer7927)
		Method: <io.github.folderlogs.db.Log: void insert(android.content.Context)>
		SHA-256: 8ec2dd62198bd523c8dd232837aeb4cb6e6290da3466512bed01a11e74521e16
		Secure: false
	Object:
		Variable: $r8
		Type: byte[]
		Statement: $r8 = virtualinvoke $r4.<java.security.MessageDigest: byte[] digest()>()
		Method: <io.github.folderlogs.db.Log: void insert(android.content.Context)>
		SHA-256: 667c92e7c878500647681949d9a5651c12cdb4a436f4a4c49df0d68c1b362595
		Secure: true
	Object:
		Variable: $r8
		Type: byte[]
		Statement: $r8 = virtualinvoke $r4.<java.security.MessageDigest: byte[] digest()>()
		Method: <io.github.folderlogs.db.Log: boolean verify()>
		SHA-256: fc984186155ea6f387739d6b02c0e1336e08452a36be225ca918b889552f6015
		Secure: true
	Object:
		Variable: $r4
		Type: java.security.MessageDigest
		Statement: $r4 = staticinvoke <java.security.MessageDigest: java.security.MessageDigest getInstance(java.lang.String)>(varReplacer11834)
		Method: <io.github.folderlogs.db.Log: boolean verify()>
		SHA-256: 22f5c8f5a6c45c0f3a00f76c926ab3ed516dba35fa531eb53717daca403c4e7b
		Secure: true
	Object:
		Variable: $r8
		Type: byte[]
		Statement: $r8 = virtualinvoke $r5.<java.security.MessageDigest: byte[] digest()>()
		Method: <io.github.folderlogs.db.Log: void insert(android.content.Context)>
		SHA-256: b289c254790e08dfc6f6bc5cd91d82a8cdab9d10a28585b2df006611c80771b4
		Secure: true
	Object:
		Variable: $r8
		Type: byte[]
		Statement: $r8 = virtualinvoke $r2.<java.security.MessageDigest: byte[] digest()>()
		Method: <io.github.folderlogs.db.Log: void insert(android.content.Context)>
		SHA-256: 6edbca65b68e4fd79d520e2fbb3b0003faa0b06bc5b20a59042b2dc1d32dd9f3
		Secure: false
	Object:
		Variable: $r25
		Type: byte[]
		Statement: $r25 = virtualinvoke $r23.<java.security.MessageDigest: byte[] digest()>()
		Method: <io.github.folderlogs.tools.Scan: int runCheckFile(java.lang.String,androidx.documentfile.provider.DocumentFile,androidx.documentfile.provider.DocumentFile)>
		SHA-256: 4bb788da6e2452a9f35f90711e9afb538f0f6456473fdfa3e302d0d365242b89
		Secure: true
	Object:
		Variable: $r5
		Type: java.security.MessageDigest
		Statement: $r5 = staticinvoke <java.security.MessageDigest: java.security.MessageDigest getInstance(java.lang.String)>(varReplacer11829)
		Method: <io.github.folderlogs.db.Log: boolean verify()>
		SHA-256: 6e8c41a567d8c35e1cbe64614d156388a0d5e34caaf3ed2b03356b6d3d756c9d
		Secure: true
	Object:
		Variable: $r23
		Type: java.security.MessageDigest
		Statement: $r23 = staticinvoke <java.security.MessageDigest: java.security.MessageDigest getInstance(java.lang.String)>(varReplacer9927)
		Method: <io.github.folderlogs.tools.Scan: int runCheckFile(java.lang.String,androidx.documentfile.provider.DocumentFile,androidx.documentfile.provider.DocumentFile)>
		SHA-256: 2bce1e0d3c905b642be339869b8b958ad80ee8112d83af43c32a7319632ba6ce
		Secure: true
	Object:
		Variable: $r24
		Type: java.security.MessageDigest
		Statement: $r24 = staticinvoke <java.security.MessageDigest: java.security.MessageDigest getInstance(java.lang.String)>(varReplacer9925)
		Method: <io.github.folderlogs.tools.Scan: int runCheckFile(java.lang.String,androidx.documentfile.provider.DocumentFile,androidx.documentfile.provider.DocumentFile)>
		SHA-256: 79b707b7c4e0cdba2652e35cb32200fd8a0cf3df77721a7b54bda758a4fd31ab
		Secure: true
	Object:
		Variable: $r8
		Type: byte[]
		Statement: $r8 = virtualinvoke $r3.<java.security.MessageDigest: byte[] digest()>()
		Method: <io.github.folderlogs.db.Log: void insert(android.content.Context)>
		SHA-256: c4876dd83e8e52560ef6ecb24a06142fbce4decd9dfe48a375d676e05b51686a
		Secure: false
	Object:
		Variable: $r8
		Type: byte[]
		Statement: $r8 = virtualinvoke $r3.<java.security.MessageDigest: byte[] digest()>()
		Method: <io.github.folderlogs.db.Log: boolean verify()>
		SHA-256: 570c8cbd9bdc1f411bc1a55f0717af94d89825229bd86ea3c671d5eb9745171d
		Secure: false
	Object:
		Variable: $r25
		Type: byte[]
		Statement: $r25 = virtualinvoke $r24.<java.security.MessageDigest: byte[] digest()>()
		Method: <io.github.folderlogs.tools.Scan: int runCheckFile(java.lang.String,androidx.documentfile.provider.DocumentFile,androidx.documentfile.provider.DocumentFile)>
		SHA-256: a6123efff6730cd3425b9f5193ed02f9e14bd5c9934c08d82117a416c7468f10
		Secure: true
	Object:
		Variable: $r4
		Type: java.security.MessageDigest
		Statement: $r4 = staticinvoke <java.security.MessageDigest: java.security.MessageDigest getInstance(java.lang.String)>(varReplacer7925)
		Method: <io.github.folderlogs.db.Log: void insert(android.content.Context)>
		SHA-256: e4d08f9f26caa4618001e41270c56caf5f6a75b9c02199730e78bc2c6502c1db
		Secure: true
	Object:
		Variable: $r5
		Type: java.security.MessageDigest
		Statement: $r5 = staticinvoke <java.security.MessageDigest: java.security.MessageDigest getInstance(java.lang.String)>(varReplacer7926)
		Method: <io.github.folderlogs.db.Log: void insert(android.content.Context)>
		SHA-256: 4e693d936c5b2a036fb57285d0fbfe26b71c0398f13c5f24724504a4402f658e
		Secure: true
	Object:
		Variable: $r8
		Type: byte[]
		Statement: $r8 = virtualinvoke $r2.<java.security.MessageDigest: byte[] digest()>()
		Method: <io.github.folderlogs.db.Log: boolean verify()>
		SHA-256: 2a747d4f11e904520f98fe467c97e69ec28403c2a640fdc340c91f47f8f53f30
		Secure: false
	Object:
		Variable: $r21
		Type: java.security.MessageDigest
		Statement: $r21 = staticinvoke <java.security.MessageDigest: java.security.MessageDigest getInstance(java.lang.String)>(varReplacer9921)
		Method: <io.github.folderlogs.tools.Scan: int runCheckFile(java.lang.String,androidx.documentfile.provider.DocumentFile,androidx.documentfile.provider.DocumentFile)>
		SHA-256: e1d38483572777241816965820164db997a2d75de76b35d3d666368a12ecc25e
		Secure: false

Findings in Java Class: io.github.folderlogs.db.Log

	 in Method: void insert(android.content.Context)
		ConstraintError violating CrySL rule for java.security.MessageDigest (on Object #e4e85c389e0ddd575969fb61254e256cb46e1be244c1a211495b6204fec920e5)
			First parameter (with value "MD5") should be any of {SHA-256, SHA-384, SHA-512}
			at statement: $r2 = staticinvoke <java.security.MessageDigest: java.security.MessageDigest getInstance(java.lang.String)>(varReplacer7928)

		ConstraintError violating CrySL rule for java.security.MessageDigest (on Object #8ec2dd62198bd523c8dd232837aeb4cb6e6290da3466512bed01a11e74521e16)
			First parameter (with value "SHA-1") should be any of {SHA-256, SHA-384, SHA-512}
			at statement: $r3 = staticinvoke <java.security.MessageDigest: java.security.MessageDigest getInstance(java.lang.String)>(varReplacer7927)


	 in Method: boolean verify()
		ConstraintError violating CrySL rule for java.security.MessageDigest (on Object #ce44dc24fbb630dada01cfc5dbc1ec6a7e8de0e2f469ef29cb8659726ddb3aaf)
			First parameter (with value "MD5") should be any of {SHA-256, SHA-384, SHA-512}
			at statement: $r2 = staticinvoke <java.security.MessageDigest: java.security.MessageDigest getInstance(java.lang.String)>(varReplacer11831)

		ConstraintError violating CrySL rule for java.security.MessageDigest (on Object #f35caa6cf7010456dda38bc3bf9cadef84939c698b7a69cebb9a94998038c9f4)
			First parameter (with value "SHA-1") should be any of {SHA-256, SHA-384, SHA-512}
			at statement: $r3 = staticinvoke <java.security.MessageDigest: java.security.MessageDigest getInstance(java.lang.String)>(varReplacer11828)


Findings in Java Class: io.github.folderlogs.tools.Scan

	 in Method: int runCheckFile(java.lang.String,androidx.documentfile.provider.DocumentFile,androidx.documentfile.provider.DocumentFile)
		ConstraintError violating CrySL rule for java.security.MessageDigest (on Object #dc1fb8e2a40f9d0bb87f5e03535989a953ee6af9a3cb037d58d0bc0a8f8107e3)
			First parameter (with value "SHA-1") should be any of {SHA-256, SHA-384, SHA-512}
			at statement: $r22 = staticinvoke <java.security.MessageDigest: java.security.MessageDigest getInstance(java.lang.String)>(varReplacer9923)

		TypestateError violating CrySL rule for java.security.MessageDigest (on Object #e1d38483572777241816965820164db997a2d75de76b35d3d666368a12ecc25e)
			Unexpected call to method <java.security.MessageDigest: byte[] digest()> on object of type java.security.MessageDigest. Expect a call to one of the following methods java.security.MessageDigest: void update(byte[],int,int),java.security.MessageDigest: void update(java.nio.ByteBuffer),java.security.MessageDigest: byte[] digest(byte[]),java.security.MessageDigest: void update(byte[]),java.security.MessageDigest: void update(byte)
			at statement: $r25 = virtualinvoke $r21.<java.security.MessageDigest: byte[] digest()>()

		TypestateError violating CrySL rule for java.security.MessageDigest (on Object #2bce1e0d3c905b642be339869b8b958ad80ee8112d83af43c32a7319632ba6ce)
			Unexpected call to method <java.security.MessageDigest: byte[] digest()> on object of type java.security.MessageDigest. Expect a call to one of the following methods java.security.MessageDigest: void update(byte[],int,int),java.security.MessageDigest: void update(java.nio.ByteBuffer),java.security.MessageDigest: byte[] digest(byte[]),java.security.MessageDigest: void update(byte[]),java.security.MessageDigest: void update(byte)
			at statement: $r25 = virtualinvoke $r23.<java.security.MessageDigest: byte[] digest()>()

		TypestateError violating CrySL rule for java.security.MessageDigest (on Object #dc1fb8e2a40f9d0bb87f5e03535989a953ee6af9a3cb037d58d0bc0a8f8107e3)
			Unexpected call to method <java.security.MessageDigest: byte[] digest()> on object of type java.security.MessageDigest. Expect a call to one of the following methods java.security.MessageDigest: void update(byte[],int,int),java.security.MessageDigest: void update(java.nio.ByteBuffer),java.security.MessageDigest: byte[] digest(byte[]),java.security.MessageDigest: void update(byte[]),java.security.MessageDigest: void update(byte)
			at statement: $r25 = virtualinvoke $r22.<java.security.MessageDigest: byte[] digest()>()

		TypestateError violating CrySL rule for java.security.MessageDigest (on Object #79b707b7c4e0cdba2652e35cb32200fd8a0cf3df77721a7b54bda758a4fd31ab)
			Unexpected call to method <java.security.MessageDigest: byte[] digest()> on object of type java.security.MessageDigest. Expect a call to one of the following methods java.security.MessageDigest: void update(byte[],int,int),java.security.MessageDigest: void update(java.nio.ByteBuffer),java.security.MessageDigest: byte[] digest(byte[]),java.security.MessageDigest: void update(byte[]),java.security.MessageDigest: void update(byte)
			at statement: $r25 = virtualinvoke $r24.<java.security.MessageDigest: byte[] digest()>()

		ConstraintError violating CrySL rule for java.security.MessageDigest (on Object #e1d38483572777241816965820164db997a2d75de76b35d3d666368a12ecc25e)
			First parameter (with value "MD5") should be any of {SHA-256, SHA-384, SHA-512}
			at statement: $r21 = staticinvoke <java.security.MessageDigest: java.security.MessageDigest getInstance(java.lang.String)>(varReplacer9921)


======================= CryptoAnalysis Summary ==========================
	Number of CrySL rules: 49
	Number of Objects Analyzed: 24

	CryptoAnalysis found the following violations. For details see description above.
	ConstraintError: 6
	TypestateError: 4
=====================================================================
