0    [main] WARN  pes.access.impl.DeclaredTypeFactory  - --- xtext.common.types ---------------------------------------------------
2    [main] WARN  pes.access.impl.DeclaredTypeFactory  - ASM library is too old. Falling back to java.lang.reflect API.
2    [main] WARN  pes.access.impl.DeclaredTypeFactory  - Please note that no information about compile time constants is available.
2    [main] WARN  pes.access.impl.DeclaredTypeFactory  - It's recommended to use org.objectweb.asm 9.1.0 or better (Maven group id: org.ow2.asm).
2    [main] WARN  pes.access.impl.DeclaredTypeFactory  - --------------------------------------------------------------------------
Alive 16592  5000
Alive 34496  5000
Alive 15204  5000
Alive 27561  5000
Alive 25652  5000
Alive 26412  5000
Alive 25578  5000
Alive 49140  5000
Alive 35683  5000
Alive 32612  5000
Alive 30678  5000
Alive 27607  5000
Alive 36613  5000
Alive 28922  5000
Alive 33524  5000
Alive 29511  5000
Alive 46331  5000
Alive 21871  5000
