0    [main] WARN  pes.access.impl.DeclaredTypeFactory  - --- xtext.common.types ---------------------------------------------------
0    [main] WARN  pes.access.impl.DeclaredTypeFactory  - ASM library is too old. Falling back to java.lang.reflect API.
1    [main] WARN  pes.access.impl.DeclaredTypeFactory  - Please note that no information about compile time constants is available.
1    [main] WARN  pes.access.impl.DeclaredTypeFactory  - It's recommended to use org.objectweb.asm 9.1.0 or better (Maven group id: org.ow2.asm).
1    [main] WARN  pes.access.impl.DeclaredTypeFactory  - --------------------------------------------------------------------------
Ruleset: 
	java.security.cert.TrustAnchor
	javax.crypto.spec.GCMParameterSpec
	javax.xml.crypto.dsig.spec.HMACParameterSpec
	java.security.KeyPair
	java.security.DigestOutputStream
	javax.net.ssl.KeyStoreBuilderParameters
	javax.crypto.spec.OAEPParameterSpec
	javax.net.ssl.SSLContext
	javax.crypto.spec.DHGenParameterSpec
	javax.crypto.CipherOutputStream
	java.security.Key
	javax.crypto.SecretKeyFactory
	java.security.cert.PKIXBuilderParameters
	java.security.KeyFactory
	javax.crypto.spec.PBEKeySpec
	java.security.spec.DSAGenParameterSpec
	java.security.KeyPairGenerator
	javax.crypto.CipherInputStream
	javax.net.ssl.CertPathTrustManagerParameters
	java.security.cert.CertificateFactory
	java.security.SecureRandom
	java.security.spec.MGF1ParameterSpec
	javax.net.ssl.SSLEngine
	javax.crypto.spec.DHParameterSpec
	java.security.spec.DSAParameterSpec
	java.security.spec.ECParameterSpec
	java.security.spec.RSAKeyGenParameterSpec
	javax.crypto.spec.IvParameterSpec
	javax.crypto.Cipher
	javax.crypto.spec.PBEParameterSpec
	java.security.AlgorithmParameterGenerator
	java.security.spec.X509EncodedKeySpec
	javax.net.ssl.TrustManagerFactory
	java.security.DigestInputStream
	void
	javax.net.ssl.KeyManagerFactory
	java.security.cert.PKIXParameters
	java.net.PasswordAuthentication
	java.security.AlgorithmParameters
	javax.crypto.KeyAgreement
	javax.crypto.spec.SecretKeySpec
	javax.net.ssl.SSLParameters
	java.security.MessageDigest
	javax.crypto.SecretKey
	javax.crypto.KeyGenerator
	java.security.KeyStore
	javax.crypto.Mac
	java.security.spec.ECGenParameterSpec
	java.security.Signature

Analyzed Objects: 
	Object:
		Variable: $r0
		Type: java.security.MessageDigest
		Statement: $r0 = staticinvoke <java.security.MessageDigest: java.security.MessageDigest getInstance(java.lang.String)>(varReplacer2942)
		Method: <com.lody.virtual.helper.utils.MD5Utils: void <clinit>()>
		SHA-256: 9989c5be8e07e329b4b90dc53c48f0c95847420bd98c9bb8c00a6fdba2eba976
		Secure: false
	Object:
		Variable: $r3
		Type: javax.net.ssl.TrustManagerFactory
		Statement: $r3 = staticinvoke <javax.net.ssl.TrustManagerFactory: javax.net.ssl.TrustManagerFactory getInstance(java.lang.String)>($r2)
		Method: <okhttp3.OkHttpClient: javax.net.ssl.X509TrustManager systemDefaultTrustManager()>
		SHA-256: 131be75562789377964b01a1048670ba51f7fa7f9f94e1fbf399e843541d1155
		Secure: false
	Object:
		Variable: $r7
		Type: java.security.SecureRandom
		Statement: specialinvoke $r7.<java.security.SecureRandom: void <init>()>()
		Method: <com.allenliu.versionchecklib.core.http.AllenHttp: javax.net.ssl.SSLSocketFactory createSSLSocketFactory()>
		SHA-256: c81619782b1a43533c1ef8a1eaa41dcf88b12cf99da02fa3ee4ab0458de423c2
		Secure: true
	Object:
		Variable: $r2
		Type: java.security.MessageDigest
		Statement: $r2 = staticinvoke <java.security.MessageDigest: java.security.MessageDigest getInstance(java.lang.String)>($r1)
		Method: <okio.ByteString: okio.ByteString digest(java.lang.String)>
		SHA-256: b336d574501b28a5bd90db22472c23a68acb0c1b99c4f14746fdc2a23c69a24e
		Secure: false
	Object:
		Variable: $r2
		Type: javax.net.ssl.SSLContext
		Statement: $r2 = staticinvoke <javax.net.ssl.SSLContext: javax.net.ssl.SSLContext getInstance(java.lang.String)>(varReplacer4602)
		Method: <com.allenliu.versionchecklib.core.http.AllenHttp: javax.net.ssl.SSLSocketFactory createSSLSocketFactory()>
		SHA-256: dc4070ed15fe359e776b2aa8311ace9f5274fbb0a89323b494d3e27e77cf3233
		Secure: false
	Object:
		Variable: $r1
		Type: java.security.SecureRandom
		Statement: specialinvoke $r1.<java.security.SecureRandom: void <init>()>()
		Method: <com.lody.virtual.server.pm.installer.VPackageInstallerService: void <init>()>
		SHA-256: 95d9bc6aaf80a020bb886d2a652e43890ecb0e3e77dd1b87a589adaf12583ebf
		Secure: true
	Object:
		Variable: $r1
		Type: java.security.MessageDigest
		Statement: $r1 = staticinvoke <java.security.MessageDigest: java.security.MessageDigest getInstance(java.lang.String)>(varReplacer23063)
		Method: <com.bumptech.glide.load.engine.cache.SafeKeyGenerator$1: com.bumptech.glide.load.engine.cache.SafeKeyGenerator$PoolableDigestContainer create()>
		SHA-256: f0e1290daf47605a229435629741278172c5495067dc25fe61cb99aaf45b5b9c
		Secure: true
	Object:
		Variable: $r4
		Type: javax.net.ssl.TrustManager[]
		Statement: $r4 = virtualinvoke $r3.<javax.net.ssl.TrustManagerFactory: javax.net.ssl.TrustManager[] getTrustManagers()>()
		Method: <okhttp3.OkHttpClient: javax.net.ssl.X509TrustManager systemDefaultTrustManager()>
		SHA-256: 1a27914d4fa0cccd4258c31d2327789a4c4f86227090a14ea854b6b35086568
		Secure: false
	Object:
		Variable: $r3
		Type: javax.net.ssl.SSLContext
		Statement: $r3 = staticinvoke <javax.net.ssl.SSLContext: javax.net.ssl.SSLContext getInstance(java.lang.String)>(varReplacer16145)
		Method: <okhttp3.OkHttpClient: javax.net.ssl.SSLSocketFactory systemDefaultSslSocketFactory(javax.net.ssl.X509TrustManager)>
		SHA-256: dda359959d5eb31748f5e6b683669b541f4c602b7024072f95234f0cc654cf33
		Secure: false
	Object:
		Variable: $r5
		Type: java.security.cert.CertificateFactory
		Statement: $r5 = staticinvoke <java.security.cert.CertificateFactory: java.security.cert.CertificateFactory getInstance(java.lang.String)>(varReplacer27456)
		Method: <okhttp3.Cache$Entry: java.util.List readCertificateList(okio.BufferedSource)>
		SHA-256: 9a20f7ef2b27d9317ea9d0acd1192089a7de99c960af0a68df2e8056145b6157
		Secure: false
	Object:
		Variable: $r3
		Type: byte[]
		Statement: $r3 = virtualinvoke $r2.<java.security.MessageDigest: byte[] digest(byte[])>($r3)
		Method: <okio.ByteString: okio.ByteString digest(java.lang.String)>
		SHA-256: a79a1700ae9d8d44f13ea218f751e7024f8f1222b1b2ae17cdbab7b56d352181
		Secure: false

Findings in Java Class: com.lody.virtual.helper.utils.MD5Utils

	 in Method: void <clinit>()
		ConstraintError violating CrySL rule for java.security.MessageDigest (on Object #9989c5be8e07e329b4b90dc53c48f0c95847420bd98c9bb8c00a6fdba2eba976)
			First parameter (with value "MD5") should be any of {SHA-256, SHA-384, SHA-512}
			at statement: $r0 = staticinvoke <java.security.MessageDigest: java.security.MessageDigest getInstance(java.lang.String)>(varReplacer2942)


Findings in Java Class: com.allenliu.versionchecklib.core.http.AllenHttp

	 in Method: javax.net.ssl.SSLSocketFactory createSSLSocketFactory()
		RequiredPredicateError violating CrySL rule for javax.net.ssl.SSLContext
			Third parameter was not properly generated as randomized
			at statement: virtualinvoke $r2.<javax.net.ssl.SSLContext: void init(javax.net.ssl.KeyManager[],javax.net.ssl.TrustManager[],java.security.SecureRandom)>(varReplacer4603, $r8, $r4)

		RequiredPredicateError violating CrySL rule for javax.net.ssl.SSLContext
			First parameter was not properly generated as generatedKeyManagers
			at statement: virtualinvoke $r2.<javax.net.ssl.SSLContext: void init(javax.net.ssl.KeyManager[],javax.net.ssl.TrustManager[],java.security.SecureRandom)>(varReplacer4603, $r8, $r4)

		RequiredPredicateError violating CrySL rule for javax.net.ssl.SSLContext
			Second parameter was not properly generated as generatedTrustManagers
			at statement: virtualinvoke $r2.<javax.net.ssl.SSLContext: void init(javax.net.ssl.KeyManager[],javax.net.ssl.TrustManager[],java.security.SecureRandom)>(varReplacer4603, $r8, $r4)

		ConstraintError violating CrySL rule for javax.net.ssl.SSLContext (on Object #dc4070ed15fe359e776b2aa8311ace9f5274fbb0a89323b494d3e27e77cf3233)
			First parameter (with value "TLS") should be any of {TLSv1.2, TLSv1.3}
			at statement: $r2 = staticinvoke <javax.net.ssl.SSLContext: javax.net.ssl.SSLContext getInstance(java.lang.String)>(varReplacer4602)


Findings in Java Class: okhttp3.OkHttpClient

	 in Method: javax.net.ssl.SSLSocketFactory systemDefaultSslSocketFactory(javax.net.ssl.X509TrustManager)
		ConstraintError violating CrySL rule for javax.net.ssl.SSLContext (on Object #dda359959d5eb31748f5e6b683669b541f4c602b7024072f95234f0cc654cf33)
			First parameter (with value "TLS") should be any of {TLSv1.2, TLSv1.3}
			at statement: $r3 = staticinvoke <javax.net.ssl.SSLContext: javax.net.ssl.SSLContext getInstance(java.lang.String)>(varReplacer16145)

		RequiredPredicateError violating CrySL rule for javax.net.ssl.SSLContext
			Second parameter was not properly generated as generatedTrustManagers
			at statement: virtualinvoke $r3.<javax.net.ssl.SSLContext: void init(javax.net.ssl.KeyManager[],javax.net.ssl.TrustManager[],java.security.SecureRandom)>(varReplacer16143, $r7, varReplacer16143)

		RequiredPredicateError violating CrySL rule for javax.net.ssl.SSLContext
			First parameter was not properly generated as generatedKeyManagers
			at statement: virtualinvoke $r3.<javax.net.ssl.SSLContext: void init(javax.net.ssl.KeyManager[],javax.net.ssl.TrustManager[],java.security.SecureRandom)>(varReplacer16143, $r7, varReplacer16143)

		RequiredPredicateError violating CrySL rule for javax.net.ssl.SSLContext
			Third parameter was not properly generated as randomized
			at statement: virtualinvoke $r3.<javax.net.ssl.SSLContext: void init(javax.net.ssl.KeyManager[],javax.net.ssl.TrustManager[],java.security.SecureRandom)>(varReplacer16143, $r7, varReplacer16143)


	 in Method: javax.net.ssl.X509TrustManager systemDefaultTrustManager()
		RequiredPredicateError violating CrySL rule for javax.net.ssl.TrustManagerFactory
			First parameter was not properly generated as generatedKeyStore
			at statement: virtualinvoke $r3.<javax.net.ssl.TrustManagerFactory: void init(java.security.KeyStore)>(varReplacer16142)


Findings in Java Class: okio.ByteString

	 in Method: okio.ByteString digest(java.lang.String)
		ConstraintError violating CrySL rule for java.security.MessageDigest (on Object #b336d574501b28a5bd90db22472c23a68acb0c1b99c4f14746fdc2a23c69a24e)
			First parameter (with value "SHA-1") should be any of {SHA-256, SHA-384, SHA-512}
			at statement: $r2 = staticinvoke <java.security.MessageDigest: java.security.MessageDigest getInstance(java.lang.String)>($r1)

		ConstraintError violating CrySL rule for java.security.MessageDigest (on Object #b336d574501b28a5bd90db22472c23a68acb0c1b99c4f14746fdc2a23c69a24e)
			First parameter (with value "MD5") should be any of {SHA-256, SHA-384, SHA-512}
			at statement: $r2 = staticinvoke <java.security.MessageDigest: java.security.MessageDigest getInstance(java.lang.String)>($r1)


Findings in Java Class: okhttp3.Cache$Entry

	 in Method: java.util.List readCertificateList(okio.BufferedSource)
		IncompleteOperationError violating CrySL rule for java.security.cert.CertificateFactory (on Object #9a20f7ef2b27d9317ea9d0acd1192089a7de99c960af0a68df2e8056145b6157)
			Operation on object of type java.security.cert.CertificateFactory object not completed. Expected call to generateCertificate, generateCertPath, generateCRL
			at statement: $r5 = staticinvoke <java.security.cert.CertificateFactory: java.security.cert.CertificateFactory getInstance(java.lang.String)>(varReplacer27456)

		TypestateError violating CrySL rule for java.security.cert.CertificateFactory (on Object #9a20f7ef2b27d9317ea9d0acd1192089a7de99c960af0a68df2e8056145b6157)
			Unexpected call to method generateCertificate on object of type java.security.cert.CertificateFactory. Expect a call to one of the following methods generateCRL
			at statement: $r9 = virtualinvoke $r5.<java.security.cert.CertificateFactory: java.security.cert.Certificate generateCertificate(java.io.InputStream)>($r8)

		IncompleteOperationError violating CrySL rule for java.security.cert.CertificateFactory (on Object #9a20f7ef2b27d9317ea9d0acd1192089a7de99c960af0a68df2e8056145b6157)
			Operation on object of type java.security.cert.CertificateFactory object not completed. Expected call to generateCertPath, generateCRL, java.security.cert.CertificateFactory: java.security.cert.Certificate generateCertificate(java.io.InputStream)
			at statement: $r9 = virtualinvoke $r5.<java.security.cert.CertificateFactory: java.security.cert.Certificate generateCertificate(java.io.InputStream)>($r8)


======================= CryptoAnalysis Summary ==========================
	Number of CrySL rules: 49
	Number of Objects Analyzed: 11

	CryptoAnalysis found the following violations. For details see description above.
	IncompleteOperationError: 2
	TypestateError: 1
	ConstraintError: 5
	RequiredPredicateError: 7
=====================================================================
