0    [main] WARN  pes.access.impl.DeclaredTypeFactory  - --- xtext.common.types ---------------------------------------------------
1    [main] WARN  pes.access.impl.DeclaredTypeFactory  - ASM library is too old. Falling back to java.lang.reflect API.
1    [main] WARN  pes.access.impl.DeclaredTypeFactory  - Please note that no information about compile time constants is available.
1    [main] WARN  pes.access.impl.DeclaredTypeFactory  - It's recommended to use org.objectweb.asm 9.1.0 or better (Maven group id: org.ow2.asm).
1    [main] WARN  pes.access.impl.DeclaredTypeFactory  - --------------------------------------------------------------------------
Ruleset: 
	java.security.cert.TrustAnchor
	javax.crypto.spec.GCMParameterSpec
	javax.xml.crypto.dsig.spec.HMACParameterSpec
	java.security.KeyPair
	java.security.DigestOutputStream
	javax.net.ssl.KeyStoreBuilderParameters
	javax.crypto.spec.OAEPParameterSpec
	javax.net.ssl.SSLContext
	javax.crypto.spec.DHGenParameterSpec
	javax.crypto.CipherOutputStream
	java.security.Key
	javax.crypto.SecretKeyFactory
	java.security.cert.PKIXBuilderParameters
	java.security.KeyFactory
	javax.crypto.spec.PBEKeySpec
	java.security.spec.DSAGenParameterSpec
	java.security.KeyPairGenerator
	javax.crypto.CipherInputStream
	javax.net.ssl.CertPathTrustManagerParameters
	java.security.cert.CertificateFactory
	java.security.SecureRandom
	java.security.spec.MGF1ParameterSpec
	javax.net.ssl.SSLEngine
	javax.crypto.spec.DHParameterSpec
	java.security.spec.DSAParameterSpec
	java.security.spec.ECParameterSpec
	java.security.spec.RSAKeyGenParameterSpec
	javax.crypto.spec.IvParameterSpec
	javax.crypto.Cipher
	javax.crypto.spec.PBEParameterSpec
	java.security.AlgorithmParameterGenerator
	java.security.spec.X509EncodedKeySpec
	javax.net.ssl.TrustManagerFactory
	java.security.DigestInputStream
	void
	javax.net.ssl.KeyManagerFactory
	java.security.cert.PKIXParameters
	java.net.PasswordAuthentication
	java.security.AlgorithmParameters
	javax.crypto.KeyAgreement
	javax.crypto.spec.SecretKeySpec
	javax.net.ssl.SSLParameters
	java.security.MessageDigest
	javax.crypto.SecretKey
	javax.crypto.KeyGenerator
	java.security.KeyStore
	javax.crypto.Mac
	java.security.spec.ECGenParameterSpec
	java.security.Signature

Analyzed Objects: 
	Object:
		Variable: $r3
		Type: java.security.cert.CertificateFactory
		Statement: $r3 = staticinvoke <java.security.cert.CertificateFactory: java.security.cert.CertificateFactory getInstance(java.lang.String)>(varReplacer2282)
		Method: <com.squareup.okhttp.internal.http.HttpResponseCache$Entry: java.security.cert.Certificate[] readCertArray(com.squareup.okhttp.internal.StrictLineReader)>
		SHA-256: 90d30b507317728d1547b0fff39663ed0c3d07b7147381288fb2d8af333abd88
		Secure: false
	Object:
		Variable: $r3
		Type: java.security.cert.CertificateFactory
		Statement: $r3 = staticinvoke <java.security.cert.CertificateFactory: java.security.cert.CertificateFactory getInstance(java.lang.String)>(varReplacer2265)
		Method: <com.squareup.okhttp.HttpResponseCache$Entry: java.security.cert.Certificate[] readCertArray(com.squareup.okhttp.internal.StrictLineReader)>
		SHA-256: 8d3b074125514e056899953eedb6b999a0bdaf652749e4cfd6d74b157468578b
		Secure: false
	Object:
		Variable: $r2
		Type: java.security.MessageDigest
		Statement: $r2 = staticinvoke <java.security.MessageDigest: java.security.MessageDigest getInstance(java.lang.String)>(varReplacer2175)
		Method: <com.squareup.okhttp.HttpResponseCache: java.lang.String uriToKey(java.net.URI)>
		SHA-256: 592e9b8a5e12aee09b68ec36e8988dc561aec2a99b58028e30bb0c4bcbaef0b3
		Secure: false
	Object:
		Variable: $r2
		Type: java.security.MessageDigest
		Statement: $r2 = staticinvoke <java.security.MessageDigest: java.security.MessageDigest getInstance(java.lang.String)>(varReplacer2190)
		Method: <com.squareup.okhttp.internal.http.HttpResponseCache: java.lang.String uriToKey(java.net.URI)>
		SHA-256: 74800ad43b0ffbb12dd0558358c4aa588977efa5504ec11d232f5c6b25cd4760
		Secure: false
	Object:
		Variable: $r4
		Type: byte[]
		Statement: $r4 = virtualinvoke $r2.<java.security.MessageDigest: byte[] digest(byte[])>($r4)
		Method: <com.squareup.okhttp.internal.http.HttpResponseCache: java.lang.String uriToKey(java.net.URI)>
		SHA-256: 9d0c5a8448b7fbc83d6a71c37c2ee295917c791d0c71e085af04ccb76f38f8d9
		Secure: false
	Object:
		Variable: $r4
		Type: byte[]
		Statement: $r4 = virtualinvoke $r2.<java.security.MessageDigest: byte[] digest(byte[])>($r4)
		Method: <com.squareup.okhttp.HttpResponseCache: java.lang.String uriToKey(java.net.URI)>
		SHA-256: 9d0c5a8448b7fbc83d6a71c37c2ee295917c791d0c71e085af04ccb76f38f8d9
		Secure: false

Findings in Java Class: com.squareup.okhttp.HttpResponseCache

	 in Method: java.lang.String uriToKey(java.net.URI)
		ConstraintError violating CrySL rule for java.security.MessageDigest (on Object #592e9b8a5e12aee09b68ec36e8988dc561aec2a99b58028e30bb0c4bcbaef0b3)
			First parameter (with value "MD5") should be any of {SHA-256, SHA-384, SHA-512}
			at statement: $r2 = staticinvoke <java.security.MessageDigest: java.security.MessageDigest getInstance(java.lang.String)>(varReplacer2175)


Findings in Java Class: com.squareup.okhttp.internal.http.HttpResponseCache

	 in Method: java.lang.String uriToKey(java.net.URI)
		ConstraintError violating CrySL rule for java.security.MessageDigest (on Object #74800ad43b0ffbb12dd0558358c4aa588977efa5504ec11d232f5c6b25cd4760)
			First parameter (with value "MD5") should be any of {SHA-256, SHA-384, SHA-512}
			at statement: $r2 = staticinvoke <java.security.MessageDigest: java.security.MessageDigest getInstance(java.lang.String)>(varReplacer2190)


Findings in Java Class: com.squareup.okhttp.HttpResponseCache$Entry

	 in Method: java.security.cert.Certificate[] readCertArray(com.squareup.okhttp.internal.StrictLineReader)
		IncompleteOperationError violating CrySL rule for java.security.cert.CertificateFactory (on Object #8d3b074125514e056899953eedb6b999a0bdaf652749e4cfd6d74b157468578b)
			Operation on object of type java.security.cert.CertificateFactory object not completed. Expected call to generateCertPath, generateCertificate, generateCRL
			at statement: $r3 = staticinvoke <java.security.cert.CertificateFactory: java.security.cert.CertificateFactory getInstance(java.lang.String)>(varReplacer2265)

		TypestateError violating CrySL rule for java.security.cert.CertificateFactory (on Object #8d3b074125514e056899953eedb6b999a0bdaf652749e4cfd6d74b157468578b)
			Unexpected call to method generateCertificate on object of type java.security.cert.CertificateFactory. Expect a call to one of the following methods generateCRL
			at statement: $r8 = virtualinvoke $r3.<java.security.cert.CertificateFactory: java.security.cert.Certificate generateCertificate(java.io.InputStream)>($r7)

		IncompleteOperationError violating CrySL rule for java.security.cert.CertificateFactory (on Object #8d3b074125514e056899953eedb6b999a0bdaf652749e4cfd6d74b157468578b)
			Operation on object of type java.security.cert.CertificateFactory object not completed. Expected call to generateCertPath, generateCRL, java.security.cert.CertificateFactory: java.security.cert.Certificate generateCertificate(java.io.InputStream)
			at statement: $r8 = virtualinvoke $r3.<java.security.cert.CertificateFactory: java.security.cert.Certificate generateCertificate(java.io.InputStream)>($r7)


Findings in Java Class: com.squareup.okhttp.internal.http.HttpResponseCache$Entry

	 in Method: java.security.cert.Certificate[] readCertArray(com.squareup.okhttp.internal.StrictLineReader)
		IncompleteOperationError violating CrySL rule for java.security.cert.CertificateFactory (on Object #90d30b507317728d1547b0fff39663ed0c3d07b7147381288fb2d8af333abd88)
			Operation on object of type java.security.cert.CertificateFactory object not completed. Expected call to generateCertPath, generateCertificate, generateCRL
			at statement: $r3 = staticinvoke <java.security.cert.CertificateFactory: java.security.cert.CertificateFactory getInstance(java.lang.String)>(varReplacer2282)

		TypestateError violating CrySL rule for java.security.cert.CertificateFactory (on Object #90d30b507317728d1547b0fff39663ed0c3d07b7147381288fb2d8af333abd88)
			Unexpected call to method generateCertificate on object of type java.security.cert.CertificateFactory. Expect a call to one of the following methods generateCRL
			at statement: $r8 = virtualinvoke $r3.<java.security.cert.CertificateFactory: java.security.cert.Certificate generateCertificate(java.io.InputStream)>($r7)

		IncompleteOperationError violating CrySL rule for java.security.cert.CertificateFactory (on Object #90d30b507317728d1547b0fff39663ed0c3d07b7147381288fb2d8af333abd88)
			Operation on object of type java.security.cert.CertificateFactory object not completed. Expected call to generateCertPath, generateCRL, java.security.cert.CertificateFactory: java.security.cert.Certificate generateCertificate(java.io.InputStream)
			at statement: $r8 = virtualinvoke $r3.<java.security.cert.CertificateFactory: java.security.cert.Certificate generateCertificate(java.io.InputStream)>($r7)


======================= CryptoAnalysis Summary ==========================
	Number of CrySL rules: 49
	Number of Objects Analyzed: 6

	CryptoAnalysis found the following violations. For details see description above.
	IncompleteOperationError: 4
	ConstraintError: 2
	TypestateError: 2
=====================================================================
