0    [main] WARN  pes.access.impl.DeclaredTypeFactory  - --- xtext.common.types ---------------------------------------------------
1    [main] WARN  pes.access.impl.DeclaredTypeFactory  - ASM library is too old. Falling back to java.lang.reflect API.
1    [main] WARN  pes.access.impl.DeclaredTypeFactory  - Please note that no information about compile time constants is available.
1    [main] WARN  pes.access.impl.DeclaredTypeFactory  - It's recommended to use org.objectweb.asm 9.1.0 or better (Maven group id: org.ow2.asm).
1    [main] WARN  pes.access.impl.DeclaredTypeFactory  - --------------------------------------------------------------------------
Ruleset: 
	java.security.cert.TrustAnchor
	javax.crypto.spec.GCMParameterSpec
	javax.xml.crypto.dsig.spec.HMACParameterSpec
	java.security.KeyPair
	java.security.DigestOutputStream
	javax.net.ssl.KeyStoreBuilderParameters
	javax.crypto.spec.OAEPParameterSpec
	javax.net.ssl.SSLContext
	javax.crypto.spec.DHGenParameterSpec
	javax.crypto.CipherOutputStream
	java.security.Key
	javax.crypto.SecretKeyFactory
	java.security.cert.PKIXBuilderParameters
	java.security.KeyFactory
	javax.crypto.spec.PBEKeySpec
	java.security.spec.DSAGenParameterSpec
	java.security.KeyPairGenerator
	javax.crypto.CipherInputStream
	javax.net.ssl.CertPathTrustManagerParameters
	java.security.cert.CertificateFactory
	java.security.SecureRandom
	java.security.spec.MGF1ParameterSpec
	javax.net.ssl.SSLEngine
	javax.crypto.spec.DHParameterSpec
	java.security.spec.DSAParameterSpec
	java.security.spec.ECParameterSpec
	java.security.spec.RSAKeyGenParameterSpec
	javax.crypto.spec.IvParameterSpec
	javax.crypto.Cipher
	javax.crypto.spec.PBEParameterSpec
	java.security.AlgorithmParameterGenerator
	java.security.spec.X509EncodedKeySpec
	javax.net.ssl.TrustManagerFactory
	java.security.DigestInputStream
	void
	javax.net.ssl.KeyManagerFactory
	java.security.cert.PKIXParameters
	java.net.PasswordAuthentication
	java.security.AlgorithmParameters
	javax.crypto.KeyAgreement
	javax.crypto.spec.SecretKeySpec
	javax.net.ssl.SSLParameters
	java.security.MessageDigest
	javax.crypto.SecretKey
	javax.crypto.KeyGenerator
	java.security.KeyStore
	javax.crypto.Mac
	java.security.spec.ECGenParameterSpec
	java.security.Signature

Analyzed Objects: 
	Object:
		Variable: $r5
		Type: javax.crypto.spec.SecretKeySpec
		Statement: specialinvoke $r5.<javax.crypto.spec.SecretKeySpec: void <init>(byte[],java.lang.String)>($r4, $r2)
		Method: <s: byte[] a(q,java.lang.String,byte[])>
		SHA-256: d1245aaf064f95cb7d50e708adb90ab0d23c1323686ddf87f7043eae4c28c536
		Secure: false
	Object:
		Variable: $r7
		Type: byte[]
		Statement: virtualinvoke $r10.<javax.crypto.Mac: void doFinal(byte[],int)>($r7, varReplacer251)
		Method: <s: byte[] a(q,java.lang.String,byte[])>
		SHA-256: 19c7a4fe44a28147e0c0b834eb8b8c34bd0f00e062c1441e2f0d326326f3e7eb
		Secure: false
	Object:
		Variable: $r2
		Type: javax.crypto.Mac
		Statement: $r2 = staticinvoke <javax.crypto.Mac: javax.crypto.Mac getInstance(java.lang.String)>($r1)
		Method: <s: void <init>(int,int,java.lang.String)>
		SHA-256: 90d3f3feb39e9dde1eedbd0408f37d9bacdb46545961f24f157fbd51c79c4e1b
		Secure: false
	Object:
		Variable: $r2
		Type: java.lang.String
		Statement: specialinvoke $r5.<javax.crypto.spec.SecretKeySpec: void <init>(byte[],java.lang.String)>($r4, $r2)
		Method: <s: byte[] a(q,java.lang.String,byte[])>
		SHA-256: 1bcd6240c2e8f440d18761ab82ec88aaa3adc6a5989205790609172249931686
		Secure: false

Findings in Java Class: s

	 in Method: byte[] a(q,java.lang.String,byte[])
		RequiredPredicateError violating CrySL rule for javax.crypto.spec.SecretKeySpec
			First parameter was not properly generated as preparedKeyMaterial
			at statement: specialinvoke $r5.<javax.crypto.spec.SecretKeySpec: void <init>(byte[],java.lang.String)>($r4, $r2)

		RequiredPredicateError violating CrySL rule for javax.crypto.Mac
			First parameter was not properly generated as generatedKey
			at statement: virtualinvoke $r10.<javax.crypto.Mac: void init(java.security.Key)>($r5)

		TypestateError violating CrySL rule for javax.crypto.Mac (on Object #90d3f3feb39e9dde1eedbd0408f37d9bacdb46545961f24f157fbd51c79c4e1b)
			Unexpected call to method init on object of type javax.crypto.Mac.
			at statement: virtualinvoke $r10.<javax.crypto.Mac: void init(java.security.Key)>($r5)

		TypestateError violating CrySL rule for javax.crypto.Mac (on Object #90d3f3feb39e9dde1eedbd0408f37d9bacdb46545961f24f157fbd51c79c4e1b)
			Unexpected call to method init on object of type javax.crypto.Mac.
			at statement: virtualinvoke $r10.<javax.crypto.Mac: void init(java.security.Key)>($r5)


Findings in Java Class: bd

	 in Method: be b(r)
		IncompleteOperationError violating CrySL rule for javax.crypto.Mac (on Object #90d3f3feb39e9dde1eedbd0408f37d9bacdb46545961f24f157fbd51c79c4e1b)
			Operation on object of type javax.crypto.Mac object not completed. Expected call to init
			at statement: $r9 = virtualinvoke $r8.<s: byte[] a(q,java.lang.String,byte[])>(r0, $r4, $r9)


======================= CryptoAnalysis Summary ==========================
	Number of CrySL rules: 49
	Number of Objects Analyzed: 4

	CryptoAnalysis found the following violations. For details see description above.
	IncompleteOperationError: 1
	RequiredPredicateError: 2
	TypestateError: 2
=====================================================================
