0    [main] WARN  pes.access.impl.DeclaredTypeFactory  - --- xtext.common.types ---------------------------------------------------
1    [main] WARN  pes.access.impl.DeclaredTypeFactory  - ASM library is too old. Falling back to java.lang.reflect API.
1    [main] WARN  pes.access.impl.DeclaredTypeFactory  - Please note that no information about compile time constants is available.
1    [main] WARN  pes.access.impl.DeclaredTypeFactory  - It's recommended to use org.objectweb.asm 9.1.0 or better (Maven group id: org.ow2.asm).
1    [main] WARN  pes.access.impl.DeclaredTypeFactory  - --------------------------------------------------------------------------
Ruleset: 
	java.security.cert.TrustAnchor
	javax.crypto.spec.GCMParameterSpec
	javax.xml.crypto.dsig.spec.HMACParameterSpec
	java.security.KeyPair
	java.security.DigestOutputStream
	javax.net.ssl.KeyStoreBuilderParameters
	javax.crypto.spec.OAEPParameterSpec
	javax.net.ssl.SSLContext
	javax.crypto.spec.DHGenParameterSpec
	javax.crypto.CipherOutputStream
	java.security.Key
	javax.crypto.SecretKeyFactory
	java.security.cert.PKIXBuilderParameters
	java.security.KeyFactory
	javax.crypto.spec.PBEKeySpec
	java.security.spec.DSAGenParameterSpec
	java.security.KeyPairGenerator
	javax.crypto.CipherInputStream
	javax.net.ssl.CertPathTrustManagerParameters
	java.security.cert.CertificateFactory
	java.security.SecureRandom
	java.security.spec.MGF1ParameterSpec
	javax.net.ssl.SSLEngine
	javax.crypto.spec.DHParameterSpec
	java.security.spec.DSAParameterSpec
	java.security.spec.ECParameterSpec
	java.security.spec.RSAKeyGenParameterSpec
	javax.crypto.spec.IvParameterSpec
	javax.crypto.Cipher
	javax.crypto.spec.PBEParameterSpec
	java.security.AlgorithmParameterGenerator
	java.security.spec.X509EncodedKeySpec
	javax.net.ssl.TrustManagerFactory
	java.security.DigestInputStream
	void
	javax.net.ssl.KeyManagerFactory
	java.security.cert.PKIXParameters
	java.net.PasswordAuthentication
	java.security.AlgorithmParameters
	javax.crypto.KeyAgreement
	javax.crypto.spec.SecretKeySpec
	javax.net.ssl.SSLParameters
	java.security.MessageDigest
	javax.crypto.SecretKey
	javax.crypto.KeyGenerator
	java.security.KeyStore
	javax.crypto.Mac
	java.security.spec.ECGenParameterSpec
	java.security.Signature

Analyzed Objects: 
	Object:
		Variable: $r2
		Type: byte[]
		Statement: $r2 = virtualinvoke $r1.<javax.crypto.Mac: byte[] doFinal(byte[])>($r2)
		Method: <net.lingala.zip4j.crypto.PBKDF2.MacBasedPRF: byte[] doFinal(byte[])>
		SHA-256: 1d6d7521ca30973fba926ddd40a80c0789b657f0d2fe66908725c8ffdc37c7cf
		Secure: false
	Object:
		Variable: $r6
		Type: javax.crypto.CipherInputStream
		Statement: specialinvoke $r6.<javax.crypto.CipherInputStream: void <init>(java.io.InputStream,javax.crypto.Cipher)>($r3, $r1)
		Method: <me.anon.lib.stream.DecryptInputStream: void <init>(javax.crypto.Cipher,java.io.File)>
		SHA-256: 1a212947cc065dbc602e826749a22e8c56a266d38c654c49644d7de36a1c9b48
		Secure: false
	Object:
		Variable: $r2
		Type: javax.crypto.Cipher
		Statement: $r2 = staticinvoke <javax.crypto.Cipher: javax.crypto.Cipher getInstance(java.lang.String)>(varReplacer39032)
		Method: <me.anon.lib.stream.EncryptOutputStream: javax.crypto.Cipher createCipher(java.lang.String)>
		SHA-256: 18c505af03da2f08ca336724d48df4ba5678adfadecd3a0e1ce86166b4b9c541
		Secure: false
	Object:
		Variable: $r4
		Type: javax.crypto.spec.SecretKeySpec
		Statement: specialinvoke $r4.<javax.crypto.spec.SecretKeySpec: void <init>(byte[],java.lang.String)>($r0, varReplacer3605)
		Method: <me.anon.lib.helper.EncryptionHelper: javax.crypto.SecretKey generateKey(java.lang.String)>
		SHA-256: 2ac13cc336656adf52288a4e44c2a79a44fac5cfbc599e1ee9bab112c25365f8
		Secure: false
	Object:
		Variable: $r1
		Type: javax.crypto.spec.SecretKeySpec
		Statement: specialinvoke $r1.<javax.crypto.spec.SecretKeySpec: void <init>(byte[],java.lang.String)>($r3, $r2)
		Method: <net.lingala.zip4j.crypto.PBKDF2.MacBasedPRF: void init(byte[])>
		SHA-256: 2c8b6542a35e929698f4560c93b5cf68fb53e0b3268e298dc399955f0bfa617b
		Secure: false
	Object:
		Variable: $r5
		Type: javax.crypto.Cipher
		Statement: $r5 = staticinvoke <javax.crypto.Cipher: javax.crypto.Cipher getInstance(java.lang.String)>(varReplacer3600)
		Method: <me.anon.lib.helper.EncryptionHelper: java.lang.String decrypt(java.lang.String,byte[])>
		SHA-256: 5b4721bc93fc09fe475dbab616a2b519936a2b54c5c7be4726e6fb5883cae4c5
		Secure: false
	Object:
		Variable: $r9
		Type: javax.crypto.CipherOutputStream
		Statement: specialinvoke $r9.<javax.crypto.CipherOutputStream: void <init>(java.io.OutputStream,javax.crypto.Cipher)>($r0, $r4)
		Method: <me.anon.lib.helper.EncryptionHelper: byte[] encrypt(java.lang.String,java.lang.String)>
		SHA-256: d55a38cfb9dfb2e52583ecb93b3e805d34643ec9ec7c387a5b61e117985d75bb
		Secure: false
	Object:
		Variable: $r2
		Type: java.lang.String
		Statement: specialinvoke $r1.<javax.crypto.spec.SecretKeySpec: void <init>(byte[],java.lang.String)>($r3, $r2)
		Method: <net.lingala.zip4j.crypto.PBKDF2.MacBasedPRF: void init(byte[])>
		SHA-256: 1af3e375106d10b26ea6034ef73b9c61e751ef18cab8bd19d427ede96b1bf3f8
		Secure: false
	Object:
		Variable: $r2
		Type: javax.crypto.Cipher
		Statement: $r2 = staticinvoke <javax.crypto.Cipher: javax.crypto.Cipher getInstance(java.lang.String)>(varReplacer6646)
		Method: <me.anon.lib.stream.DecryptInputStream: javax.crypto.Cipher createCipher(java.lang.String)>
		SHA-256: 62d78cb00f2171ceb6652381b4f9a5dcd1c65e9bab98ffcdd359611c759fc19a
		Secure: false
	Object:
		Variable: $r1
		Type: byte[]
		Statement: $r1 = virtualinvoke $r2.<javax.crypto.Mac: byte[] doFinal()>()
		Method: <net.lingala.zip4j.crypto.PBKDF2.MacBasedPRF: byte[] doFinal()>
		SHA-256: 23eb6bc332ca789bcf27299e70f0704eed45b5662a070781c9eade8f4b4d6994
		Secure: false
	Object:
		Variable: $r2
		Type: java.security.MessageDigest
		Statement: $r2 = staticinvoke <java.security.MessageDigest: java.security.MessageDigest getInstance(java.lang.String)>(varReplacer34741)
		Method: <com.nostra13.universalimageloader.cache.disc.naming.Md5FileNameGenerator: byte[] getMD5(byte[])>
		SHA-256: 8bb0a71041dd4a2a80092671e950c0ea11ad9c1726638983abe17719793cfb1b
		Secure: false
	Object:
		Variable: $r3
		Type: javax.crypto.Mac
		Statement: $r3 = staticinvoke <javax.crypto.Mac: javax.crypto.Mac getInstance(java.lang.String)>($r2)
		Method: <net.lingala.zip4j.crypto.PBKDF2.MacBasedPRF: void <init>(java.lang.String)>
		SHA-256: fe86d6df4f79d1062ebbc1599317d6572713990c2d231593223a215eef0fe89e
		Secure: false
	Object:
		Variable: $r1
		Type: byte[]
		Statement: $r1 = virtualinvoke $r2.<java.security.MessageDigest: byte[] digest()>()
		Method: <com.nostra13.universalimageloader.cache.disc.naming.Md5FileNameGenerator: byte[] getMD5(byte[])>
		SHA-256: c1be9d0b01edb148a5a898d4a6573aa27b3652d619c42f0bac0506e26dd1e5b2
		Secure: false
	Object:
		Variable: $r4
		Type: javax.crypto.CipherOutputStream
		Statement: specialinvoke $r4.<javax.crypto.CipherOutputStream: void <init>(java.io.OutputStream,javax.crypto.Cipher)>($r3, $r1)
		Method: <me.anon.lib.stream.EncryptOutputStream: void <init>(javax.crypto.Cipher,java.io.File)>
		SHA-256: 654642d7bb50b7c71ea18776cb2b9c9340b70492d11c1073916e837113cdc0
		Secure: false
	Object:
		Variable: $r10
		Type: javax.crypto.CipherInputStream
		Statement: specialinvoke $r10.<javax.crypto.CipherInputStream: void <init>(java.io.InputStream,javax.crypto.Cipher)>($r3, $r5)
		Method: <me.anon.lib.helper.EncryptionHelper: java.lang.String decrypt(java.lang.String,byte[])>
		SHA-256: 2bbb2b0d304a106e56379226f22a6acf3eaf2fe98cded64e579cd96c62106e77
		Secure: false
	Object:
		Variable: $r4
		Type: javax.crypto.Cipher
		Statement: $r4 = staticinvoke <javax.crypto.Cipher: javax.crypto.Cipher getInstance(java.lang.String)>(varReplacer13730)
		Method: <me.anon.lib.helper.EncryptionHelper: byte[] encrypt(java.lang.String,java.lang.String)>
		SHA-256: a36fe4d51bc43473cb86e4b030969f14ce37e3d377ec035d16b52f6efd559e7c
		Secure: false
	Object:
		Variable: varReplacer3605
		Type: java.lang.String
		Statement: specialinvoke $r4.<javax.crypto.spec.SecretKeySpec: void <init>(byte[],java.lang.String)>($r0, varReplacer3605)
		Method: <me.anon.lib.helper.EncryptionHelper: javax.crypto.SecretKey generateKey(java.lang.String)>
		SHA-256: bd92055cf6c526cffc34e6413e9c64fcf8513b8f1330c388d72bef1eb54bbc71
		Secure: false

Findings in Java Class: me.anon.lib.helper.EncryptionHelper

	 in Method: java.lang.String decrypt(java.lang.String,byte[])
		ConstraintError violating CrySL rule for javax.crypto.Cipher (on Object #5b4721bc93fc09fe475dbab616a2b519936a2b54c5c7be4726e6fb5883cae4c5)
			First parameter (with value "AES") should be any of AES/{CBC, GCM, PCBC, CTR, CTS, CFB, OFB}
			at statement: $r5 = staticinvoke <javax.crypto.Cipher: javax.crypto.Cipher getInstance(java.lang.String)>(varReplacer3600)

		IncompleteOperationError violating CrySL rule for javax.crypto.CipherInputStream (on Object #2bbb2b0d304a106e56379226f22a6acf3eaf2fe98cded64e579cd96c62106e77)
			Operation on object of type javax.crypto.CipherInputStream object not completed. Expected call to read
			at statement: specialinvoke $r10.<javax.crypto.CipherInputStream: void <init>(java.io.InputStream,javax.crypto.Cipher)>($r3, $r5)

		RequiredPredicateError violating CrySL rule for javax.crypto.Cipher
			Second parameter was not properly generated as generatedKey
			at statement: virtualinvoke $r5.<javax.crypto.Cipher: void init(int,java.security.Key)>(varReplacer3597, $r2)


	 in Method: byte[] encrypt(java.lang.String,java.lang.String)
		RequiredPredicateError violating CrySL rule for javax.crypto.Cipher
			Second parameter was not properly generated as generatedKey
			at statement: virtualinvoke $r4.<javax.crypto.Cipher: void init(int,java.security.Key)>(varReplacer13732, $r3)

		IncompleteOperationError violating CrySL rule for javax.crypto.CipherOutputStream (on Object #d55a38cfb9dfb2e52583ecb93b3e805d34643ec9ec7c387a5b61e117985d75bb)
			Operation on object of type javax.crypto.CipherOutputStream object not completed. Expected call to write
			at statement: specialinvoke $r9.<javax.crypto.CipherOutputStream: void <init>(java.io.OutputStream,javax.crypto.Cipher)>($r0, $r4)

		ConstraintError violating CrySL rule for javax.crypto.Cipher (on Object #a36fe4d51bc43473cb86e4b030969f14ce37e3d377ec035d16b52f6efd559e7c)
			First parameter (with value "AES") should be any of AES/{CBC, GCM, PCBC, CTR, CTS, CFB, OFB}
			at statement: $r4 = staticinvoke <javax.crypto.Cipher: javax.crypto.Cipher getInstance(java.lang.String)>(varReplacer13730)


	 in Method: javax.crypto.SecretKey generateKey(java.lang.String)
		RequiredPredicateError violating CrySL rule for javax.crypto.spec.SecretKeySpec
			First parameter was not properly generated as preparedKeyMaterial
			at statement: specialinvoke $r4.<javax.crypto.spec.SecretKeySpec: void <init>(byte[],java.lang.String)>($r0, varReplacer3605)


Findings in Java Class: me.anon.lib.stream.DecryptInputStream

	 in Method: javax.crypto.Cipher createCipher(java.lang.String)
		ConstraintError violating CrySL rule for javax.crypto.Cipher (on Object #62d78cb00f2171ceb6652381b4f9a5dcd1c65e9bab98ffcdd359611c759fc19a)
			First parameter (with value "AES") should be any of AES/{CBC, GCM, PCBC, CTR, CTS, CFB, OFB}
			at statement: $r2 = staticinvoke <javax.crypto.Cipher: javax.crypto.Cipher getInstance(java.lang.String)>(varReplacer6646)

		RequiredPredicateError violating CrySL rule for javax.crypto.Cipher
			Second parameter was not properly generated as generatedKey
			at statement: virtualinvoke $r2.<javax.crypto.Cipher: void init(int,java.security.Key)>(varReplacer6645, $r1)


Findings in Java Class: me.anon.lib.stream.InputStreamImageDecoder

	 in Method: android.graphics.Bitmap decode(android.content.Context,android.net.Uri)
		IncompleteOperationError violating CrySL rule for javax.crypto.CipherInputStream (on Object #1a212947cc065dbc602e826749a22e8c56a266d38c654c49644d7de36a1c9b48)
			Operation on object of type javax.crypto.CipherInputStream object not completed. Expected call to read
			at statement: specialinvoke $r10.<me.anon.lib.stream.DecryptInputStream: void <init>(java.lang.String,java.io.File)>($r4, $r9)


Findings in Java Class: me.anon.lib.manager.FileManager

	 in Method: void decryptTo(java.lang.String,java.lang.String,java.lang.String)
		IncompleteOperationError violating CrySL rule for javax.crypto.CipherInputStream (on Object #1a212947cc065dbc602e826749a22e8c56a266d38c654c49644d7de36a1c9b48)
			Operation on object of type javax.crypto.CipherInputStream object not completed. Expected call to read
			at statement: virtualinvoke $r1.<me.anon.lib.stream.DecryptInputStream: void close()>()


Findings in Java Class: me.anon.lib.manager.PlantManager

	 in Method: boolean load(boolean)
		IncompleteOperationError violating CrySL rule for javax.crypto.CipherInputStream (on Object #1a212947cc065dbc602e826749a22e8c56a266d38c654c49644d7de36a1c9b48)
			Operation on object of type javax.crypto.CipherInputStream object not completed. Expected call to read
			at statement: $r15 = staticinvoke <me.anon.lib.helper.MoshiHelper: java.lang.Object parse(java.io.InputStream,java.lang.reflect.Type)>($r10, $r11)


Findings in Java Class: me.anon.lib.task.DecryptTask

	 in Method: java.lang.Void doInBackground(java.util.ArrayList[])
		IncompleteOperationError violating CrySL rule for javax.crypto.CipherInputStream (on Object #1a212947cc065dbc602e826749a22e8c56a266d38c654c49644d7de36a1c9b48)
			Operation on object of type javax.crypto.CipherInputStream object not completed. Expected call to read
			at statement: specialinvoke $r28.<me.anon.lib.stream.DecryptInputStream: void <init>(javax.crypto.Cipher,java.io.File)>($r12, $r1)


Findings in Java Class: me.anon.lib.stream.InputStreamImageRegionDecoder

	 in Method: android.graphics.Point init(android.content.Context,android.net.Uri)
		IncompleteOperationError violating CrySL rule for javax.crypto.CipherInputStream (on Object #1a212947cc065dbc602e826749a22e8c56a266d38c654c49644d7de36a1c9b48)
			Operation on object of type javax.crypto.CipherInputStream object not completed. Expected call to read
			at statement: specialinvoke $r8.<me.anon.lib.stream.DecryptInputStream: void <init>(java.lang.String,java.io.File)>($r4, $r7)


Findings in Java Class: com.nostra13.universalimageloader.core.decode.BaseImageDecoder

	 in Method: android.graphics.Bitmap decode(com.nostra13.universalimageloader.core.decode.ImageDecodingInfo)
		IncompleteOperationError violating CrySL rule for javax.crypto.CipherInputStream (on Object #1a212947cc065dbc602e826749a22e8c56a266d38c654c49644d7de36a1c9b48)
			Operation on object of type javax.crypto.CipherInputStream object not completed. Expected call to read
			at statement: $r3 = $r2

		IncompleteOperationError violating CrySL rule for javax.crypto.CipherInputStream (on Object #1a212947cc065dbc602e826749a22e8c56a266d38c654c49644d7de36a1c9b48)
			Operation on object of type javax.crypto.CipherInputStream object not completed. Expected call to read
			at statement: $r3 = $r2


Findings in Java Class: com.nostra13.universalimageloader.cache.disc.naming.Md5FileNameGenerator

	 in Method: byte[] getMD5(byte[])
		ConstraintError violating CrySL rule for java.security.MessageDigest (on Object #8bb0a71041dd4a2a80092671e950c0ea11ad9c1726638983abe17719793cfb1b)
			First parameter (with value "MD5") should be any of {SHA-256, SHA-384, SHA-512}
			at statement: $r2 = staticinvoke <java.security.MessageDigest: java.security.MessageDigest getInstance(java.lang.String)>(varReplacer34741)


Findings in Java Class: me.anon.lib.stream.EncryptOutputStream

	 in Method: javax.crypto.Cipher createCipher(java.lang.String)
		RequiredPredicateError violating CrySL rule for javax.crypto.Cipher
			Second parameter was not properly generated as generatedKey
			at statement: virtualinvoke $r2.<javax.crypto.Cipher: void init(int,java.security.Key)>(varReplacer39034, $r1)

		ConstraintError violating CrySL rule for javax.crypto.Cipher (on Object #18c505af03da2f08ca336724d48df4ba5678adfadecd3a0e1ce86166b4b9c541)
			First parameter (with value "AES") should be any of AES/{CBC, GCM, PCBC, CTR, CTS, CFB, OFB}
			at statement: $r2 = staticinvoke <javax.crypto.Cipher: javax.crypto.Cipher getInstance(java.lang.String)>(varReplacer39032)


	 in Method: void close()
		TypestateError violating CrySL rule for javax.crypto.CipherOutputStream (on Object #654642d7bb50b7c71ea18776cb2b9c9340b70492d11c1073916e837113cdc0)
			Unexpected call to method close on object of type javax.crypto.CipherOutputStream. Expect a call to one of the following methods write
			at statement: virtualinvoke $r1.<javax.crypto.CipherOutputStream: void close()>()


	 in Method: void <init>(javax.crypto.Cipher,java.io.File)
		RequiredPredicateError violating CrySL rule for javax.crypto.CipherOutputStream
			Second parameter was not properly generated as generatedCipher
			at statement: specialinvoke $r4.<javax.crypto.CipherOutputStream: void <init>(java.io.OutputStream,javax.crypto.Cipher)>($r3, $r1)


Findings in Java Class: kotlin.reflect.jvm.internal.impl.protobuf.CodedOutputStream

	 in Method: void refreshBuffer()
		ConstraintError violating CrySL rule for javax.crypto.CipherOutputStream (on Object #654642d7bb50b7c71ea18776cb2b9c9340b70492d11c1073916e837113cdc0)
			Third parameter (with value 0)Variable lenmust be  greater than 0
			at statement: virtualinvoke $r2.<java.io.OutputStream: void write(byte[],int,int)>($r1, varReplacer45863, $i0)


Findings in Java Class: me.anon.lib.manager.PlantManager$save$1$1

	 in Method: java.lang.Integer doInBackground(java.lang.Void[])
		IncompleteOperationError violating CrySL rule for javax.crypto.CipherOutputStream (on Object #654642d7bb50b7c71ea18776cb2b9c9340b70492d11c1073916e837113cdc0)
			Operation on object of type javax.crypto.CipherOutputStream object not completed. Expected call to write
			at statement: specialinvoke $r19.<java.io.OutputStreamWriter: void <init>(java.io.OutputStream)>($r11)


Findings in Java Class: me.anon.grow.MainApplication$2

	 in Method: boolean save(java.lang.String,android.graphics.Bitmap)
		IncompleteOperationError violating CrySL rule for javax.crypto.CipherOutputStream (on Object #654642d7bb50b7c71ea18776cb2b9c9340b70492d11c1073916e837113cdc0)
			Operation on object of type javax.crypto.CipherOutputStream object not completed. Expected call to write
			at statement: specialinvoke $r6.<java.io.BufferedOutputStream: void <init>(java.io.OutputStream,int)>($r7, varReplacer34630)


	 in Method: boolean save(java.lang.String,java.io.InputStream,com.nostra13.universalimageloader.utils.IoUtils$CopyListener)
		IncompleteOperationError violating CrySL rule for javax.crypto.CipherOutputStream (on Object #654642d7bb50b7c71ea18776cb2b9c9340b70492d11c1073916e837113cdc0)
			Operation on object of type javax.crypto.CipherOutputStream object not completed. Expected call to write
			at statement: specialinvoke $r2.<java.io.BufferedOutputStream: void <init>(java.io.OutputStream,int)>($r3, varReplacer34616)


Findings in Java Class: me.anon.lib.task.ImportTask

	 in Method: void copyImage(android.content.Context,android.net.Uri,java.io.File)
		IncompleteOperationError violating CrySL rule for javax.crypto.CipherOutputStream (on Object #654642d7bb50b7c71ea18776cb2b9c9340b70492d11c1073916e837113cdc0)
			Operation on object of type javax.crypto.CipherOutputStream object not completed. Expected call to write
			at statement: specialinvoke $r16.<me.anon.lib.stream.EncryptOutputStream: void <init>(javax.crypto.Cipher,java.io.File)>($r6, $r1)


Findings in Java Class: me.anon.lib.task.EncryptTask

	 in Method: java.lang.Void doInBackground(java.util.ArrayList[])
		IncompleteOperationError violating CrySL rule for javax.crypto.CipherOutputStream (on Object #654642d7bb50b7c71ea18776cb2b9c9340b70492d11c1073916e837113cdc0)
			Operation on object of type javax.crypto.CipherOutputStream object not completed. Expected call to write
			at statement: specialinvoke $r29.<me.anon.lib.stream.EncryptOutputStream: void <init>(javax.crypto.Cipher,java.io.File)>($r13, $r9)


Findings in Java Class: net.lingala.zip4j.crypto.PBKDF2.MacBasedPRF

	 in Method: void <init>(java.lang.String)
		ConstraintError violating CrySL rule for javax.crypto.Mac (on Object #fe86d6df4f79d1062ebbc1599317d6572713990c2d231593223a215eef0fe89e)
			First parameter (with value "HmacSHA1") should be any of {HmacSHA256, HmacSHA384, HmacSHA512, HmacPBESHA1, PBEWithHmacSHA1, PBEWithHmacSHA224, PBEWithHmacSHA256, PBEWithHmacSHA384, PBEWithHmacSHA512}
			at statement: $r3 = staticinvoke <javax.crypto.Mac: javax.crypto.Mac getInstance(java.lang.String)>($r2)


	 in Method: byte[] doFinal()
		TypestateError violating CrySL rule for javax.crypto.Mac (on Object #fe86d6df4f79d1062ebbc1599317d6572713990c2d231593223a215eef0fe89e)
			Unexpected call to method <javax.crypto.Mac: byte[] doFinal()> on object of type javax.crypto.Mac. Expect a call to one of the following methods javax.crypto.Mac: void update(byte[]),javax.crypto.Mac: byte[] doFinal(byte[]),javax.crypto.Mac: void update(java.nio.ByteBuffer),javax.crypto.Mac: void update(byte),javax.crypto.Mac: void update(byte[],int,int)
			at statement: $r1 = virtualinvoke $r2.<javax.crypto.Mac: byte[] doFinal()>()


	 in Method: byte[] doFinal(byte[])
		TypestateError violating CrySL rule for javax.crypto.Mac (on Object #fe86d6df4f79d1062ebbc1599317d6572713990c2d231593223a215eef0fe89e)
			Unexpected call to method doFinal on object of type javax.crypto.Mac.
			at statement: $r2 = virtualinvoke $r1.<javax.crypto.Mac: byte[] doFinal(byte[])>($r2)


	 in Method: void init(byte[])
		RequiredPredicateError violating CrySL rule for javax.crypto.Mac
			First parameter was not properly generated as generatedKey
			at statement: virtualinvoke $r4.<javax.crypto.Mac: void init(java.security.Key)>($r1)

		ConstraintError violating CrySL rule for javax.crypto.spec.SecretKeySpec (on Object #2c8b6542a35e929698f4560c93b5cf68fb53e0b3268e298dc399955f0bfa617b)
			Second parameter (with value "HmacSHA1") should be any of {AES, HmacSHA256, HmacSHA384, HmacSHA512}
			at statement: specialinvoke $r1.<javax.crypto.spec.SecretKeySpec: void <init>(byte[],java.lang.String)>($r3, $r2)

		RequiredPredicateError violating CrySL rule for javax.crypto.spec.SecretKeySpec
			First parameter was not properly generated as preparedKeyMaterial
			at statement: specialinvoke $r1.<javax.crypto.spec.SecretKeySpec: void <init>(byte[],java.lang.String)>($r3, $r2)


Findings in Java Class: net.lingala.zip4j.unzip.UnzipEngine

	 in Method: net.lingala.zip4j.io.ZipInputStream getInputStream()
		IncompleteOperationError violating CrySL rule for javax.crypto.Mac (on Object #fe86d6df4f79d1062ebbc1599317d6572713990c2d231593223a215eef0fe89e)
			Operation on object of type javax.crypto.Mac object not completed. Expected call to update, doFinal
			at statement: $r7 = r0.<net.lingala.zip4j.unzip.UnzipEngine: net.lingala.zip4j.crypto.IDecrypter decrypter>

		IncompleteOperationError violating CrySL rule for javax.crypto.Mac (on Object #fe86d6df4f79d1062ebbc1599317d6572713990c2d231593223a215eef0fe89e)
			Operation on object of type javax.crypto.Mac object not completed. Expected call to update, doFinal
			at statement: $i5 = virtualinvoke $r8.<net.lingala.zip4j.crypto.AESDecrypter: int getPasswordVerifierLength()>()

		IncompleteOperationError violating CrySL rule for javax.crypto.Mac (on Object #fe86d6df4f79d1062ebbc1599317d6572713990c2d231593223a215eef0fe89e)
			Operation on object of type javax.crypto.Mac object not completed. Expected call to update, doFinal
			at statement: specialinvoke r0.<net.lingala.zip4j.unzip.UnzipEngine: void init(java.io.RandomAccessFile)>($r5)


Findings in Java Class: net.lingala.zip4j.crypto.AESDecrypter

	 in Method: byte[] deriveKey(byte[],char[])
		IncompleteOperationError violating CrySL rule for javax.crypto.Mac (on Object #fe86d6df4f79d1062ebbc1599317d6572713990c2d231593223a215eef0fe89e)
			Operation on object of type javax.crypto.Mac object not completed. Expected call to update, doFinal
			at statement: $r1 = virtualinvoke $r4.<net.lingala.zip4j.crypto.PBKDF2.PBKDF2Engine: byte[] deriveKey(char[],int)>($r2, $i0)


Findings in Java Class: net.lingala.zip4j.io.InflaterInputStream

	 in Method: void fill()
		IncompleteOperationError violating CrySL rule for javax.crypto.Mac (on Object #fe86d6df4f79d1062ebbc1599317d6572713990c2d231593223a215eef0fe89e)
			Operation on object of type javax.crypto.Mac object not completed. Expected call to update, doFinal
			at statement: $i0 = specialinvoke r0.<net.lingala.zip4j.io.PartInputStream: int read(byte[],int,int)>($r1, varReplacer24107, $i0)


	 in Method: int read(byte[],int,int)
		IncompleteOperationError violating CrySL rule for javax.crypto.Mac (on Object #fe86d6df4f79d1062ebbc1599317d6572713990c2d231593223a215eef0fe89e)
			Operation on object of type javax.crypto.Mac object not completed. Expected call to update, doFinal
			at statement: $r5 = r0.<net.lingala.zip4j.io.InflaterInputStream: net.lingala.zip4j.unzip.UnzipEngine unzipEngine>

		IncompleteOperationError violating CrySL rule for javax.crypto.Mac (on Object #fe86d6df4f79d1062ebbc1599317d6572713990c2d231593223a215eef0fe89e)
			Operation on object of type javax.crypto.Mac object not completed. Expected call to update, doFinal
			at statement: $r6 = virtualinvoke $r5.<net.lingala.zip4j.unzip.UnzipEngine: net.lingala.zip4j.model.LocalFileHeader getLocalFileHeader()>()

		IncompleteOperationError violating CrySL rule for javax.crypto.Mac (on Object #fe86d6df4f79d1062ebbc1599317d6572713990c2d231593223a215eef0fe89e)
			Operation on object of type javax.crypto.Mac object not completed. Expected call to update, doFinal
			at statement: $r6 = virtualinvoke $r5.<net.lingala.zip4j.unzip.UnzipEngine: net.lingala.zip4j.model.LocalFileHeader getLocalFileHeader()>()


Findings in Java Class: net.lingala.zip4j.crypto.AESEncrpyter

	 in Method: byte[] deriveKey(byte[],char[])
		IncompleteOperationError violating CrySL rule for javax.crypto.Mac (on Object #fe86d6df4f79d1062ebbc1599317d6572713990c2d231593223a215eef0fe89e)
			Operation on object of type javax.crypto.Mac object not completed. Expected call to update, doFinal
			at statement: $r1 = virtualinvoke $r4.<net.lingala.zip4j.crypto.PBKDF2.PBKDF2Engine: byte[] deriveKey(char[],int)>($r2, $i0)


Findings in Java Class: net.lingala.zip4j.io.PartInputStream

	 in Method: void checkAndReadAESMacBytes()
		IncompleteOperationError violating CrySL rule for javax.crypto.Mac (on Object #fe86d6df4f79d1062ebbc1599317d6572713990c2d231593223a215eef0fe89e)
			Operation on object of type javax.crypto.Mac object not completed. Expected call to update, doFinal
			at statement: $r6 = virtualinvoke $r5.<net.lingala.zip4j.unzip.UnzipEngine: net.lingala.zip4j.model.ZipModel getZipModel()>()


Findings in Java Class: net.lingala.zip4j.io.DeflaterOutputStream

	 in Method: void putNextEntry(java.io.File,net.lingala.zip4j.model.ZipParameters)
		IncompleteOperationError violating CrySL rule for javax.crypto.Mac (on Object #fe86d6df4f79d1062ebbc1599317d6572713990c2d231593223a215eef0fe89e)
			Operation on object of type javax.crypto.Mac object not completed. Expected call to update, doFinal
			at statement: specialinvoke r0.<net.lingala.zip4j.io.CipherOutputStream: void putNextEntry(java.io.File,net.lingala.zip4j.model.ZipParameters)>($r1, $r2)


Findings in Java Class: net.lingala.zip4j.unzip.Unzip

	 in Method: void initExtractFile(net.lingala.zip4j.model.FileHeader,java.lang.String,net.lingala.zip4j.model.UnzipParameters,java.lang.String,net.lingala.zip4j.progress.ProgressMonitor)
		IncompleteOperationError violating CrySL rule for javax.crypto.Mac (on Object #fe86d6df4f79d1062ebbc1599317d6572713990c2d231593223a215eef0fe89e)
			Operation on object of type javax.crypto.Mac object not completed. Expected call to update, doFinal
			at statement: virtualinvoke $r12.<net.lingala.zip4j.unzip.UnzipEngine: void unzipFile(net.lingala.zip4j.progress.ProgressMonitor,java.lang.String,java.lang.String,net.lingala.zip4j.model.UnzipParameters)>($r2, $r5, $r1, $r6)


======================= CryptoAnalysis Summary ==========================
	Number of CrySL rules: 49
	Number of Objects Analyzed: 17

	CryptoAnalysis found the following violations. For details see description above.
	TypestateError: 3
	RequiredPredicateError: 8
	IncompleteOperationError: 26
	ConstraintError: 8
=====================================================================
