0    [main] WARN  pes.access.impl.DeclaredTypeFactory  - --- xtext.common.types ---------------------------------------------------
1    [main] WARN  pes.access.impl.DeclaredTypeFactory  - ASM library is too old. Falling back to java.lang.reflect API.
1    [main] WARN  pes.access.impl.DeclaredTypeFactory  - Please note that no information about compile time constants is available.
1    [main] WARN  pes.access.impl.DeclaredTypeFactory  - It's recommended to use org.objectweb.asm 9.1.0 or better (Maven group id: org.ow2.asm).
1    [main] WARN  pes.access.impl.DeclaredTypeFactory  - --------------------------------------------------------------------------
Ruleset: 
	java.security.cert.TrustAnchor
	javax.crypto.spec.GCMParameterSpec
	javax.xml.crypto.dsig.spec.HMACParameterSpec
	java.security.KeyPair
	java.security.DigestOutputStream
	javax.net.ssl.KeyStoreBuilderParameters
	javax.crypto.spec.OAEPParameterSpec
	javax.net.ssl.SSLContext
	javax.crypto.spec.DHGenParameterSpec
	javax.crypto.CipherOutputStream
	java.security.Key
	javax.crypto.SecretKeyFactory
	java.security.cert.PKIXBuilderParameters
	java.security.KeyFactory
	javax.crypto.spec.PBEKeySpec
	java.security.spec.DSAGenParameterSpec
	java.security.KeyPairGenerator
	javax.crypto.CipherInputStream
	javax.net.ssl.CertPathTrustManagerParameters
	java.security.cert.CertificateFactory
	java.security.SecureRandom
	java.security.spec.MGF1ParameterSpec
	javax.net.ssl.SSLEngine
	javax.crypto.spec.DHParameterSpec
	java.security.spec.DSAParameterSpec
	java.security.spec.ECParameterSpec
	java.security.spec.RSAKeyGenParameterSpec
	javax.crypto.spec.IvParameterSpec
	javax.crypto.Cipher
	javax.crypto.spec.PBEParameterSpec
	java.security.AlgorithmParameterGenerator
	java.security.spec.X509EncodedKeySpec
	javax.net.ssl.TrustManagerFactory
	java.security.DigestInputStream
	void
	javax.net.ssl.KeyManagerFactory
	java.security.cert.PKIXParameters
	java.net.PasswordAuthentication
	java.security.AlgorithmParameters
	javax.crypto.KeyAgreement
	javax.crypto.spec.SecretKeySpec
	javax.net.ssl.SSLParameters
	java.security.MessageDigest
	javax.crypto.SecretKey
	javax.crypto.KeyGenerator
	java.security.KeyStore
	javax.crypto.Mac
	java.security.spec.ECGenParameterSpec
	java.security.Signature

Analyzed Objects: 
	Object:
		Variable: $r8
		Type: javax.crypto.spec.IvParameterSpec
		Statement: specialinvoke $r8.<javax.crypto.spec.IvParameterSpec: void <init>(byte[])>($r1)
		Method: <com.google.android.exoplayer2.upstream.crypto.AesFlushingCipher: void <init>(int,byte[],long,long)>
		SHA-256: 686d309bb207690559ee1f5862c78db550601d8d47b5b0746d05b9ba47775cde
		Secure: false
	Object:
		Variable: $r18
		Type: javax.crypto.CipherInputStream
		Statement: specialinvoke $r18.<javax.crypto.CipherInputStream: void <init>(java.io.InputStream,javax.crypto.Cipher)>($r11, $r14)
		Method: <com.google.android.exoplayer2.upstream.cache.CachedContentIndex$LegacyStorage: boolean readFile(java.util.HashMap,android.util.SparseArray)>
		SHA-256: 6b30d6219e1be8a5e0a9a049ef7eb5d6780a49f6a7b22f8ed8fe44856ade655b
		Secure: false
	Object:
		Variable: $r9
		Type: javax.crypto.spec.IvParameterSpec
		Statement: specialinvoke $r9.<javax.crypto.spec.IvParameterSpec: void <init>(byte[])>($r7)
		Method: <com.google.android.exoplayer2.upstream.cache.CachedContentIndex$LegacyStorage: void writeFile(java.util.HashMap)>
		SHA-256: 2c509f54f169000fda7a2d594f0a37a51d8a71318d9074548051a677d33a5aaa
		Secure: false
	Object:
		Variable: $r3
		Type: javax.net.ssl.SSLContext
		Statement: $r3 = staticinvoke <javax.net.ssl.SSLContext: javax.net.ssl.SSLContext getInstance(java.lang.String,java.security.Provider)>(varReplacer40579, $r2)
		Method: <okhttp3.internal.platform.ConscryptPlatform: javax.net.ssl.SSLContext getSSLContext()>
		SHA-256: f892466bb318d83c0310f2d0423f0536a51ecc15ee8945e572868c4bce9fc7e
		Secure: false
	Object:
		Variable: $r12
		Type: javax.crypto.CipherOutputStream
		Statement: specialinvoke $r12.<javax.crypto.CipherOutputStream: void <init>(java.io.OutputStream,javax.crypto.Cipher)>($r5, $r10)
		Method: <com.google.android.exoplayer2.upstream.cache.CachedContentIndex$LegacyStorage: void writeFile(java.util.HashMap)>
		SHA-256: d25fda46376f2e332f56ea026ae45706bde4c3a80699c95ac5175b26870d5614
		Secure: false
	Object:
		Variable: $r3
		Type: javax.crypto.spec.SecretKeySpec
		Statement: specialinvoke $r3.<javax.crypto.spec.SecretKeySpec: void <init>(byte[],java.lang.String)>($r4, varReplacer13219)
		Method: <com.google.android.exoplayer2.source.hls.Aes128DataSource: long open(com.google.android.exoplayer2.upstream.DataSpec)>
		SHA-256: 8f7160e85dd388e1151e9d17a9648b2c6af28d6fc31819ae9fe46081eb5d7013
		Secure: false
	Object:
		Variable: $r1
		Type: java.security.MessageDigest
		Statement: $r1 = staticinvoke <java.security.MessageDigest: java.security.MessageDigest getInstance(java.lang.String)>(varReplacer34845)
		Method: <com.bumptech.glide.load.engine.cache.SafeKeyGenerator$1: com.bumptech.glide.load.engine.cache.SafeKeyGenerator$PoolableDigestContainer create()>
		SHA-256: 1082390953791e10ddd893ecbd242619c69da239e7c97853fb4018c7cb54693d
		Secure: true
	Object:
		Variable: $r4
		Type: javax.crypto.spec.SecretKeySpec
		Statement: specialinvoke $r4.<javax.crypto.spec.SecretKeySpec: void <init>(byte[],java.lang.String)>($r1, $r6)
		Method: <com.google.android.exoplayer2.upstream.crypto.AesFlushingCipher: void <init>(int,byte[],long,long)>
		SHA-256: b74537962b350a4177adbbed9f7a3ed5332f6f2e5f83a3f91cd4cb1ffac981e2
		Secure: false
	Object:
		Variable: $r3
		Type: javax.net.ssl.SSLContext
		Statement: $r3 = staticinvoke <javax.net.ssl.SSLContext: javax.net.ssl.SSLContext getInstance(java.lang.String)>(varReplacer40576)
		Method: <okhttp3.internal.platform.AndroidPlatform: javax.net.ssl.SSLContext getSSLContext()>
		SHA-256: c0406d5f8cdb30a2a78909d51267aa9bde9901b060d113f1ae726bd0989cb09f
		Secure: false
	Object:
		Variable: $r3
		Type: byte[]
		Statement: $r3 = virtualinvoke $r2.<java.security.MessageDigest: byte[] digest(byte[])>($r3)
		Method: <okio.ByteString: okio.ByteString digest(java.lang.String)>
		SHA-256: a79a1700ae9d8d44f13ea218f751e7024f8f1222b1b2ae17cdbab7b56d352181
		Secure: false
	Object:
		Variable: $r2
		Type: java.security.MessageDigest
		Statement: $r2 = staticinvoke <java.security.MessageDigest: java.security.MessageDigest getInstance(java.lang.String)>($r1)
		Method: <okio.ByteString: okio.ByteString digest(java.lang.String)>
		SHA-256: b336d574501b28a5bd90db22472c23a68acb0c1b99c4f14746fdc2a23c69a24e
		Secure: false
	Object:
		Variable: $r1
		Type: javax.crypto.Cipher
		Statement: $r1 = staticinvoke <javax.crypto.Cipher: javax.crypto.Cipher getInstance(java.lang.String)>(varReplacer20982)
		Method: <com.google.android.exoplayer2.source.hls.Aes128DataSource: javax.crypto.Cipher getCipherInstance()>
		SHA-256: e5f1685c330bac5f783d0af066eb1b49a44424ad18a7f0bb56f2a208763dacc
		Secure: false
	Object:
		Variable: $r2
		Type: javax.crypto.Cipher
		Statement: $r2 = staticinvoke <javax.crypto.Cipher: javax.crypto.Cipher getInstance(java.lang.String)>(varReplacer20953)
		Method: <com.google.android.exoplayer2.upstream.crypto.AesFlushingCipher: void <init>(int,byte[],long,long)>
		SHA-256: bd49c074e99bde649870445f4f361a0808d9415cf24b583439acc8ead93413c
		Secure: false
	Object:
		Variable: $r3
		Type: javax.net.ssl.SSLContext
		Statement: $r3 = staticinvoke <javax.net.ssl.SSLContext: javax.net.ssl.SSLContext getInstance(java.lang.String)>(varReplacer40577)
		Method: <okhttp3.internal.platform.AndroidPlatform: javax.net.ssl.SSLContext getSSLContext()>
		SHA-256: 19539dcc7c4f5f304d60784fe778b3f9d287f6cade9036f03798f5b5666438c3
		Secure: false
	Object:
		Variable: varReplacer13219
		Type: java.lang.String
		Statement: specialinvoke $r3.<javax.crypto.spec.SecretKeySpec: void <init>(byte[],java.lang.String)>($r4, varReplacer13219)
		Method: <com.google.android.exoplayer2.source.hls.Aes128DataSource: long open(com.google.android.exoplayer2.upstream.DataSpec)>
		SHA-256: f0500a2508c8524ef64cce6225a6240d0afd9809e4cb68946730997c9c71fe52
		Secure: false
	Object:
		Variable: $r8
		Type: javax.crypto.CipherInputStream
		Statement: specialinvoke $r8.<javax.crypto.CipherInputStream: void <init>(java.io.InputStream,javax.crypto.Cipher)>($r6, $r1)
		Method: <com.google.android.exoplayer2.source.hls.Aes128DataSource: long open(com.google.android.exoplayer2.upstream.DataSpec)>
		SHA-256: e899dee01d55d270e79a5441cb05f39cda46030c1ce70bb65798863cf7de103a
		Secure: false
	Object:
		Variable: $r2
		Type: java.security.SecureRandom
		Statement: specialinvoke $r2.<java.security.SecureRandom: void <init>()>()
		Method: <com.google.android.exoplayer2.upstream.cache.SimpleCache: long createUid(java.io.File)>
		SHA-256: 99c672eefa4689a445952b16fc572f3658b4c117a83684d8406fcdb6e6246872
		Secure: true
	Object:
		Variable: $r5
		Type: javax.crypto.spec.IvParameterSpec
		Statement: specialinvoke $r5.<javax.crypto.spec.IvParameterSpec: void <init>(byte[])>($r4)
		Method: <com.google.android.exoplayer2.source.hls.Aes128DataSource: long open(com.google.android.exoplayer2.upstream.DataSpec)>
		SHA-256: 74efd2ca2013e34a93725a12b2428b082241b229a3b9c59222ec28d5225e0d5
		Secure: false
	Object:
		Variable: $r5
		Type: java.security.cert.CertificateFactory
		Statement: $r5 = staticinvoke <java.security.cert.CertificateFactory: java.security.cert.CertificateFactory getInstance(java.lang.String)>(varReplacer40456)
		Method: <okhttp3.Cache$Entry: java.util.List readCertificateList(okio.BufferedSource)>
		SHA-256: 3ffa32af8c800746174bdd32e6b005c1f1b1e502f83c0321d9ed8cfba59f1b72
		Secure: false
	Object:
		Variable: $r1
		Type: javax.net.ssl.TrustManagerFactory
		Statement: $r1 = staticinvoke <javax.net.ssl.TrustManagerFactory: javax.net.ssl.TrustManagerFactory getInstance(java.lang.String)>($r0)
		Method: <okhttp3.internal.Util: javax.net.ssl.X509TrustManager platformTrustManager()>
		SHA-256: a8764d384e0e6acd4407dba0e4c2025660362892494036c03c4b52a40e75c66b
		Secure: false
	Object:
		Variable: $r6
		Type: java.lang.String
		Statement: specialinvoke $r4.<javax.crypto.spec.SecretKeySpec: void <init>(byte[],java.lang.String)>($r1, $r6)
		Method: <com.google.android.exoplayer2.upstream.crypto.AesFlushingCipher: void <init>(int,byte[],long,long)>
		SHA-256: ea528036834a1e40eb394c6eb8c7d116894bcce83d428f4b94cf4fd8a57f0235
		Secure: false
	Object:
		Variable: $r16
		Type: javax.crypto.spec.IvParameterSpec
		Statement: specialinvoke $r16.<javax.crypto.spec.IvParameterSpec: void <init>(byte[])>($r15)
		Method: <com.google.android.exoplayer2.upstream.cache.CachedContentIndex$LegacyStorage: boolean readFile(java.util.HashMap,android.util.SparseArray)>
		SHA-256: 5c8390126ebcbb5ddbf76db4602dc5d8f36a732b2def33cdbb420dbb221f041b
		Secure: false
	Object:
		Variable: $r2
		Type: javax.net.ssl.TrustManager[]
		Statement: $r2 = virtualinvoke $r1.<javax.net.ssl.TrustManagerFactory: javax.net.ssl.TrustManager[] getTrustManagers()>()
		Method: <okhttp3.internal.Util: javax.net.ssl.X509TrustManager platformTrustManager()>
		SHA-256: dea0af93b06734ae35228a014521e6e031131dd2b357359826afa61f9a6de1b
		Secure: false
	Object:
		Variable: $r2
		Type: javax.net.ssl.SSLContext
		Statement: $r2 = staticinvoke <javax.net.ssl.SSLContext: javax.net.ssl.SSLContext getInstance(java.lang.String)>(varReplacer40581)
		Method: <okhttp3.internal.platform.Platform: javax.net.ssl.SSLContext getSSLContext()>
		SHA-256: c07c69c498bcecf2963e2f8f72c3e0f987afb5850d6476b5dfa27dc405f82a8b
		Secure: false
	Object:
		Variable: $r3
		Type: javax.net.ssl.SSLContext
		Statement: $r3 = staticinvoke <javax.net.ssl.SSLContext: javax.net.ssl.SSLContext getInstance(java.lang.String,java.security.Provider)>(varReplacer40580, $r2)
		Method: <okhttp3.internal.platform.ConscryptPlatform: javax.net.ssl.SSLContext getSSLContext()>
		SHA-256: e2e7b7140a6849bad6bfceecb993b44b50b09d9d6dd982dbd49b1d0158a97410
		Secure: false

Findings in Java Class: com.google.android.exoplayer2.upstream.cache.CacheUtil

	 in Method: long readAndDiscard(com.google.android.exoplayer2.upstream.DataSpec,long,long,com.google.android.exoplayer2.upstream.DataSource,byte[],com.google.android.exoplayer2.util.PriorityTaskManager,int,com.google.android.exoplayer2.upstream.cache.CacheUtil$ProgressNotifier,boolean,java.util.concurrent.atomic.AtomicBoolean)
		IncompleteOperationError violating CrySL rule for javax.crypto.CipherInputStream (on Object #e899dee01d55d270e79a5441cb05f39cda46030c1ce70bb65798863cf7de103a)
			Operation on object of type javax.crypto.CipherInputStream object not completed. Expected call to read
			at statement: staticinvoke <com.google.android.exoplayer2.util.Util: void closeQuietly(com.google.android.exoplayer2.upstream.DataSource)>($r1)

		IncompleteOperationError violating CrySL rule for javax.crypto.Cipher (on Object #bd49c074e99bde649870445f4f361a0808d9415cf24b583439acc8ead93413c)
			Operation on object of type javax.crypto.Cipher object not completed. Expected call to init
			at statement: staticinvoke <com.google.android.exoplayer2.util.Util: void closeQuietly(com.google.android.exoplayer2.upstream.DataSource)>($r1)


	 in Method: void cache(com.google.android.exoplayer2.upstream.DataSpec,com.google.android.exoplayer2.upstream.cache.Cache,com.google.android.exoplayer2.upstream.cache.CacheKeyFactory,com.google.android.exoplayer2.upstream.cache.CacheDataSource,byte[],com.google.android.exoplayer2.util.PriorityTaskManager,int,com.google.android.exoplayer2.upstream.cache.CacheUtil$ProgressListener,java.util.concurrent.atomic.AtomicBoolean,boolean)
		IncompleteOperationError violating CrySL rule for javax.crypto.Cipher (on Object #bd49c074e99bde649870445f4f361a0808d9415cf24b583439acc8ead93413c)
			Operation on object of type javax.crypto.Cipher object not completed. Expected call to init
			at statement: $l5 = staticinvoke <com.google.android.exoplayer2.upstream.cache.CacheUtil: long readAndDiscard(com.google.android.exoplayer2.upstream.DataSpec,long,long,com.google.android.exoplayer2.upstream.DataSource,byte[],com.google.android.exoplayer2.util.PriorityTaskManager,int,com.google.android.exoplayer2.upstream.cache.CacheUtil$ProgressNotifier,boolean,java.util.concurrent.atomic.AtomicBoolean)>($r0, $l2, $l5, $r3, $r4, $r5, $i0, $r8, $z2, $r7)

		IncompleteOperationError violating CrySL rule for javax.crypto.CipherInputStream (on Object #e899dee01d55d270e79a5441cb05f39cda46030c1ce70bb65798863cf7de103a)
			Operation on object of type javax.crypto.CipherInputStream object not completed. Expected call to read
			at statement: $l5 = staticinvoke <com.google.android.exoplayer2.upstream.cache.CacheUtil: long readAndDiscard(com.google.android.exoplayer2.upstream.DataSpec,long,long,com.google.android.exoplayer2.upstream.DataSource,byte[],com.google.android.exoplayer2.util.PriorityTaskManager,int,com.google.android.exoplayer2.upstream.cache.CacheUtil$ProgressNotifier,boolean,java.util.concurrent.atomic.AtomicBoolean)>($r0, $l2, $l5, $r3, $r4, $r5, $i0, $r8, $z2, $r7)


Findings in Java Class: com.google.android.exoplayer2.upstream.ContentDataSource

	 in Method: void close()
		IncompleteOperationError violating CrySL rule for javax.crypto.CipherInputStream (on Object #e899dee01d55d270e79a5441cb05f39cda46030c1ce70bb65798863cf7de103a)
			Operation on object of type javax.crypto.CipherInputStream object not completed. Expected call to read
			at statement: virtualinvoke r0.<com.google.android.exoplayer2.upstream.ContentDataSource: void transferEnded()>()

		IncompleteOperationError violating CrySL rule for javax.crypto.CipherInputStream (on Object #e899dee01d55d270e79a5441cb05f39cda46030c1ce70bb65798863cf7de103a)
			Operation on object of type javax.crypto.CipherInputStream object not completed. Expected call to read
			at statement: virtualinvoke r0.<com.google.android.exoplayer2.upstream.ContentDataSource: void transferEnded()>()

		IncompleteOperationError violating CrySL rule for javax.crypto.CipherInputStream (on Object #e899dee01d55d270e79a5441cb05f39cda46030c1ce70bb65798863cf7de103a)
			Operation on object of type javax.crypto.CipherInputStream object not completed. Expected call to read
			at statement: virtualinvoke r0.<com.google.android.exoplayer2.upstream.ContentDataSource: void transferEnded()>()

		IncompleteOperationError violating CrySL rule for javax.crypto.Cipher (on Object #bd49c074e99bde649870445f4f361a0808d9415cf24b583439acc8ead93413c)
			Operation on object of type javax.crypto.Cipher object not completed. Expected call to init
			at statement: virtualinvoke r0.<com.google.android.exoplayer2.upstream.ContentDataSource: void transferEnded()>()

		IncompleteOperationError violating CrySL rule for javax.crypto.Cipher (on Object #bd49c074e99bde649870445f4f361a0808d9415cf24b583439acc8ead93413c)
			Operation on object of type javax.crypto.Cipher object not completed. Expected call to init
			at statement: virtualinvoke r0.<com.google.android.exoplayer2.upstream.ContentDataSource: void transferEnded()>()

		IncompleteOperationError violating CrySL rule for javax.crypto.Cipher (on Object #bd49c074e99bde649870445f4f361a0808d9415cf24b583439acc8ead93413c)
			Operation on object of type javax.crypto.Cipher object not completed. Expected call to init
			at statement: virtualinvoke r0.<com.google.android.exoplayer2.upstream.ContentDataSource: void transferEnded()>()


	 in Method: long open(com.google.android.exoplayer2.upstream.DataSpec)
		IncompleteOperationError violating CrySL rule for javax.crypto.Cipher (on Object #bd49c074e99bde649870445f4f361a0808d9415cf24b583439acc8ead93413c)
			Operation on object of type javax.crypto.Cipher object not completed. Expected call to init
			at statement: virtualinvoke r0.<com.google.android.exoplayer2.upstream.ContentDataSource: void transferInitializing(com.google.android.exoplayer2.upstream.DataSpec)>($r1)


Findings in Java Class: com.google.android.exoplayer2.upstream.cache.CacheDataSource

	 in Method: long open(com.google.android.exoplayer2.upstream.DataSpec)
		IncompleteOperationError violating CrySL rule for javax.crypto.CipherInputStream (on Object #e899dee01d55d270e79a5441cb05f39cda46030c1ce70bb65798863cf7de103a)
			Operation on object of type javax.crypto.CipherInputStream object not completed. Expected call to read
			at statement: specialinvoke r0.<com.google.android.exoplayer2.upstream.cache.CacheDataSource: void notifyCacheIgnored(int)>($i0)

		IncompleteOperationError violating CrySL rule for javax.crypto.Cipher (on Object #bd49c074e99bde649870445f4f361a0808d9415cf24b583439acc8ead93413c)
			Operation on object of type javax.crypto.Cipher object not completed. Expected call to init
			at statement: specialinvoke r0.<com.google.android.exoplayer2.upstream.cache.CacheDataSource: void notifyCacheIgnored(int)>($i0)

		IncompleteOperationError violating CrySL rule for javax.crypto.Cipher (on Object #bd49c074e99bde649870445f4f361a0808d9415cf24b583439acc8ead93413c)
			Operation on object of type javax.crypto.Cipher object not completed. Expected call to init
			at statement: specialinvoke r0.<com.google.android.exoplayer2.upstream.cache.CacheDataSource: void handleBeforeThrow(java.lang.Throwable)>($r10)

		IncompleteOperationError violating CrySL rule for javax.crypto.CipherInputStream (on Object #e899dee01d55d270e79a5441cb05f39cda46030c1ce70bb65798863cf7de103a)
			Operation on object of type javax.crypto.CipherInputStream object not completed. Expected call to read
			at statement: $i0 = specialinvoke r0.<com.google.android.exoplayer2.upstream.cache.CacheDataSource: int shouldIgnoreCacheForRequest(com.google.android.exoplayer2.upstream.DataSpec)>($r1)

		IncompleteOperationError violating CrySL rule for javax.crypto.CipherInputStream (on Object #e899dee01d55d270e79a5441cb05f39cda46030c1ce70bb65798863cf7de103a)
			Operation on object of type javax.crypto.CipherInputStream object not completed. Expected call to read
			at statement: specialinvoke r0.<com.google.android.exoplayer2.upstream.cache.CacheDataSource: void handleBeforeThrow(java.lang.Throwable)>($r10)

		IncompleteOperationError violating CrySL rule for javax.crypto.Cipher (on Object #bd49c074e99bde649870445f4f361a0808d9415cf24b583439acc8ead93413c)
			Operation on object of type javax.crypto.Cipher object not completed. Expected call to init
			at statement: $i0 = specialinvoke r0.<com.google.android.exoplayer2.upstream.cache.CacheDataSource: int shouldIgnoreCacheForRequest(com.google.android.exoplayer2.upstream.DataSpec)>($r1)


	 in Method: void close()
		IncompleteOperationError violating CrySL rule for javax.crypto.Cipher (on Object #bd49c074e99bde649870445f4f361a0808d9415cf24b583439acc8ead93413c)
			Operation on object of type javax.crypto.Cipher object not completed. Expected call to init
			at statement: specialinvoke r0.<com.google.android.exoplayer2.upstream.cache.CacheDataSource: void handleBeforeThrow(java.lang.Throwable)>($r2)

		IncompleteOperationError violating CrySL rule for javax.crypto.CipherInputStream (on Object #e899dee01d55d270e79a5441cb05f39cda46030c1ce70bb65798863cf7de103a)
			Operation on object of type javax.crypto.CipherInputStream object not completed. Expected call to read
			at statement: specialinvoke r0.<com.google.android.exoplayer2.upstream.cache.CacheDataSource: void handleBeforeThrow(java.lang.Throwable)>($r2)


	 in Method: int read(byte[],int,int)
		IncompleteOperationError violating CrySL rule for javax.crypto.Cipher (on Object #bd49c074e99bde649870445f4f361a0808d9415cf24b583439acc8ead93413c)
			Operation on object of type javax.crypto.Cipher object not completed. Expected call to init
			at statement: specialinvoke r0.<com.google.android.exoplayer2.upstream.cache.CacheDataSource: void handleBeforeThrow(java.lang.Throwable)>($r3)

		IncompleteOperationError violating CrySL rule for javax.crypto.Cipher (on Object #bd49c074e99bde649870445f4f361a0808d9415cf24b583439acc8ead93413c)
			Operation on object of type javax.crypto.Cipher object not completed. Expected call to init
			at statement: specialinvoke r0.<com.google.android.exoplayer2.upstream.cache.CacheDataSource: void handleBeforeThrow(java.lang.Throwable)>($r4)


Findings in Java Class: com.google.android.exoplayer2.upstream.AssetDataSource

	 in Method: void close()
		IncompleteOperationError violating CrySL rule for javax.crypto.Cipher (on Object #bd49c074e99bde649870445f4f361a0808d9415cf24b583439acc8ead93413c)
			Operation on object of type javax.crypto.Cipher object not completed. Expected call to init
			at statement: virtualinvoke r0.<com.google.android.exoplayer2.upstream.AssetDataSource: void transferEnded()>()

		IncompleteOperationError violating CrySL rule for javax.crypto.CipherInputStream (on Object #e899dee01d55d270e79a5441cb05f39cda46030c1ce70bb65798863cf7de103a)
			Operation on object of type javax.crypto.CipherInputStream object not completed. Expected call to read
			at statement: virtualinvoke r0.<com.google.android.exoplayer2.upstream.AssetDataSource: void transferEnded()>()


	 in Method: long open(com.google.android.exoplayer2.upstream.DataSpec)
		IncompleteOperationError violating CrySL rule for javax.crypto.Cipher (on Object #bd49c074e99bde649870445f4f361a0808d9415cf24b583439acc8ead93413c)
			Operation on object of type javax.crypto.Cipher object not completed. Expected call to init
			at statement: virtualinvoke r0.<com.google.android.exoplayer2.upstream.AssetDataSource: void transferInitializing(com.google.android.exoplayer2.upstream.DataSpec)>($r1)


Findings in Java Class: com.google.android.exoplayer2.upstream.RawResourceDataSource

	 in Method: void close()
		IncompleteOperationError violating CrySL rule for javax.crypto.CipherInputStream (on Object #e899dee01d55d270e79a5441cb05f39cda46030c1ce70bb65798863cf7de103a)
			Operation on object of type javax.crypto.CipherInputStream object not completed. Expected call to read
			at statement: virtualinvoke r0.<com.google.android.exoplayer2.upstream.RawResourceDataSource: void transferEnded()>()

		IncompleteOperationError violating CrySL rule for javax.crypto.CipherInputStream (on Object #e899dee01d55d270e79a5441cb05f39cda46030c1ce70bb65798863cf7de103a)
			Operation on object of type javax.crypto.CipherInputStream object not completed. Expected call to read
			at statement: virtualinvoke r0.<com.google.android.exoplayer2.upstream.RawResourceDataSource: void transferEnded()>()

		IncompleteOperationError violating CrySL rule for javax.crypto.CipherInputStream (on Object #e899dee01d55d270e79a5441cb05f39cda46030c1ce70bb65798863cf7de103a)
			Operation on object of type javax.crypto.CipherInputStream object not completed. Expected call to read
			at statement: virtualinvoke r0.<com.google.android.exoplayer2.upstream.RawResourceDataSource: void transferEnded()>()

		IncompleteOperationError violating CrySL rule for javax.crypto.Cipher (on Object #bd49c074e99bde649870445f4f361a0808d9415cf24b583439acc8ead93413c)
			Operation on object of type javax.crypto.Cipher object not completed. Expected call to init
			at statement: virtualinvoke r0.<com.google.android.exoplayer2.upstream.RawResourceDataSource: void transferEnded()>()

		IncompleteOperationError violating CrySL rule for javax.crypto.Cipher (on Object #bd49c074e99bde649870445f4f361a0808d9415cf24b583439acc8ead93413c)
			Operation on object of type javax.crypto.Cipher object not completed. Expected call to init
			at statement: virtualinvoke r0.<com.google.android.exoplayer2.upstream.RawResourceDataSource: void transferEnded()>()

		IncompleteOperationError violating CrySL rule for javax.crypto.Cipher (on Object #bd49c074e99bde649870445f4f361a0808d9415cf24b583439acc8ead93413c)
			Operation on object of type javax.crypto.Cipher object not completed. Expected call to init
			at statement: virtualinvoke r0.<com.google.android.exoplayer2.upstream.RawResourceDataSource: void transferEnded()>()


	 in Method: long open(com.google.android.exoplayer2.upstream.DataSpec)
		IncompleteOperationError violating CrySL rule for javax.crypto.Cipher (on Object #bd49c074e99bde649870445f4f361a0808d9415cf24b583439acc8ead93413c)
			Operation on object of type javax.crypto.Cipher object not completed. Expected call to init
			at statement: virtualinvoke r0.<com.google.android.exoplayer2.upstream.RawResourceDataSource: void transferInitializing(com.google.android.exoplayer2.upstream.DataSpec)>($r2)


Findings in Java Class: com.google.android.exoplayer2.upstream.FileDataSource

	 in Method: void close()
		IncompleteOperationError violating CrySL rule for javax.crypto.Cipher (on Object #bd49c074e99bde649870445f4f361a0808d9415cf24b583439acc8ead93413c)
			Operation on object of type javax.crypto.Cipher object not completed. Expected call to init
			at statement: virtualinvoke r0.<com.google.android.exoplayer2.upstream.FileDataSource: void transferEnded()>()

		IncompleteOperationError violating CrySL rule for javax.crypto.CipherInputStream (on Object #e899dee01d55d270e79a5441cb05f39cda46030c1ce70bb65798863cf7de103a)
			Operation on object of type javax.crypto.CipherInputStream object not completed. Expected call to read
			at statement: virtualinvoke r0.<com.google.android.exoplayer2.upstream.FileDataSource: void transferEnded()>()


	 in Method: long open(com.google.android.exoplayer2.upstream.DataSpec)
		IncompleteOperationError violating CrySL rule for javax.crypto.Cipher (on Object #bd49c074e99bde649870445f4f361a0808d9415cf24b583439acc8ead93413c)
			Operation on object of type javax.crypto.Cipher object not completed. Expected call to init
			at statement: virtualinvoke r0.<com.google.android.exoplayer2.upstream.FileDataSource: void transferInitializing(com.google.android.exoplayer2.upstream.DataSpec)>($r1)


Findings in Java Class: com.google.android.exoplayer2.upstream.DefaultHttpDataSource

	 in Method: void close()
		IncompleteOperationError violating CrySL rule for javax.crypto.CipherInputStream (on Object #e899dee01d55d270e79a5441cb05f39cda46030c1ce70bb65798863cf7de103a)
			Operation on object of type javax.crypto.CipherInputStream object not completed. Expected call to read
			at statement: specialinvoke r0.<com.google.android.exoplayer2.upstream.DefaultHttpDataSource: void closeConnectionQuietly()>()

		IncompleteOperationError violating CrySL rule for javax.crypto.Cipher (on Object #bd49c074e99bde649870445f4f361a0808d9415cf24b583439acc8ead93413c)
			Operation on object of type javax.crypto.Cipher object not completed. Expected call to init
			at statement: specialinvoke r0.<com.google.android.exoplayer2.upstream.DefaultHttpDataSource: void closeConnectionQuietly()>()

		IncompleteOperationError violating CrySL rule for javax.crypto.CipherInputStream (on Object #e899dee01d55d270e79a5441cb05f39cda46030c1ce70bb65798863cf7de103a)
			Operation on object of type javax.crypto.CipherInputStream object not completed. Expected call to read
			at statement: virtualinvoke r0.<com.google.android.exoplayer2.upstream.DefaultHttpDataSource: void transferEnded()>()

		IncompleteOperationError violating CrySL rule for javax.crypto.Cipher (on Object #bd49c074e99bde649870445f4f361a0808d9415cf24b583439acc8ead93413c)
			Operation on object of type javax.crypto.Cipher object not completed. Expected call to init
			at statement: virtualinvoke r0.<com.google.android.exoplayer2.upstream.DefaultHttpDataSource: void transferEnded()>()


	 in Method: long open(com.google.android.exoplayer2.upstream.DataSpec)
		IncompleteOperationError violating CrySL rule for javax.crypto.CipherInputStream (on Object #e899dee01d55d270e79a5441cb05f39cda46030c1ce70bb65798863cf7de103a)
			Operation on object of type javax.crypto.CipherInputStream object not completed. Expected call to read
			at statement: specialinvoke r0.<com.google.android.exoplayer2.upstream.DefaultHttpDataSource: void closeConnectionQuietly()>()

		IncompleteOperationError violating CrySL rule for javax.crypto.CipherInputStream (on Object #e899dee01d55d270e79a5441cb05f39cda46030c1ce70bb65798863cf7de103a)
			Operation on object of type javax.crypto.CipherInputStream object not completed. Expected call to read
			at statement: specialinvoke r0.<com.google.android.exoplayer2.upstream.DefaultHttpDataSource: void closeConnectionQuietly()>()

		IncompleteOperationError violating CrySL rule for javax.crypto.Cipher (on Object #bd49c074e99bde649870445f4f361a0808d9415cf24b583439acc8ead93413c)
			Operation on object of type javax.crypto.Cipher object not completed. Expected call to init
			at statement: specialinvoke r0.<com.google.android.exoplayer2.upstream.DefaultHttpDataSource: void closeConnectionQuietly()>()

		IncompleteOperationError violating CrySL rule for javax.crypto.Cipher (on Object #bd49c074e99bde649870445f4f361a0808d9415cf24b583439acc8ead93413c)
			Operation on object of type javax.crypto.Cipher object not completed. Expected call to init
			at statement: specialinvoke r0.<com.google.android.exoplayer2.upstream.DefaultHttpDataSource: void closeConnectionQuietly()>()

		IncompleteOperationError violating CrySL rule for javax.crypto.Cipher (on Object #bd49c074e99bde649870445f4f361a0808d9415cf24b583439acc8ead93413c)
			Operation on object of type javax.crypto.Cipher object not completed. Expected call to init
			at statement: specialinvoke r0.<com.google.android.exoplayer2.upstream.DefaultHttpDataSource: void closeConnectionQuietly()>()

		IncompleteOperationError violating CrySL rule for javax.crypto.Cipher (on Object #bd49c074e99bde649870445f4f361a0808d9415cf24b583439acc8ead93413c)
			Operation on object of type javax.crypto.Cipher object not completed. Expected call to init
			at statement: specialinvoke r0.<com.google.android.exoplayer2.upstream.DefaultHttpDataSource: void closeConnectionQuietly()>()


	 in Method: java.net.HttpURLConnection makeConnection(com.google.android.exoplayer2.upstream.DataSpec)
		IncompleteOperationError violating CrySL rule for javax.crypto.Cipher (on Object #bd49c074e99bde649870445f4f361a0808d9415cf24b583439acc8ead93413c)
			Operation on object of type javax.crypto.Cipher object not completed. Expected call to init
			at statement: $r8 = specialinvoke r0.<com.google.android.exoplayer2.upstream.DefaultHttpDataSource: java.net.HttpURLConnection makeConnection(java.net.URL,int,byte[],long,long,boolean,boolean,java.util.Map)>($r3, $i2, $r6, $l3, $l4, $z0, varReplacer20960, $r7)


	 in Method: void skipInternal()
		IncompleteOperationError violating CrySL rule for javax.crypto.Cipher (on Object #bd49c074e99bde649870445f4f361a0808d9415cf24b583439acc8ead93413c)
			Operation on object of type javax.crypto.Cipher object not completed. Expected call to init
			at statement: virtualinvoke r0.<com.google.android.exoplayer2.upstream.DefaultHttpDataSource: void bytesTransferred(int)>($i3)


Findings in Java Class: com.google.android.exoplayer2.offline.SegmentDownloader

	 in Method: void download(com.google.android.exoplayer2.offline.Downloader$ProgressListener)
		IncompleteOperationError violating CrySL rule for javax.crypto.CipherInputStream (on Object #e899dee01d55d270e79a5441cb05f39cda46030c1ce70bb65798863cf7de103a)
			Operation on object of type javax.crypto.CipherInputStream object not completed. Expected call to read
			at statement: staticinvoke <com.google.android.exoplayer2.upstream.cache.CacheUtil: void cache(com.google.android.exoplayer2.upstream.DataSpec,com.google.android.exoplayer2.upstream.cache.Cache,com.google.android.exoplayer2.upstream.cache.CacheKeyFactory,com.google.android.exoplayer2.upstream.cache.CacheDataSource,byte[],com.google.android.exoplayer2.util.PriorityTaskManager,int,com.google.android.exoplayer2.upstream.cache.CacheUtil$ProgressListener,java.util.concurrent.atomic.AtomicBoolean,boolean)>($r6, $r3, $r13, $r5, $r17, $r4, varReplacer5000, $r16, $r2, varReplacer5001)

		IncompleteOperationError violating CrySL rule for javax.crypto.Cipher (on Object #bd49c074e99bde649870445f4f361a0808d9415cf24b583439acc8ead93413c)
			Operation on object of type javax.crypto.Cipher object not completed. Expected call to init
			at statement: staticinvoke <com.google.android.exoplayer2.upstream.cache.CacheUtil: void cache(com.google.android.exoplayer2.upstream.DataSpec,com.google.android.exoplayer2.upstream.cache.Cache,com.google.android.exoplayer2.upstream.cache.CacheKeyFactory,com.google.android.exoplayer2.upstream.cache.CacheDataSource,byte[],com.google.android.exoplayer2.util.PriorityTaskManager,int,com.google.android.exoplayer2.upstream.cache.CacheUtil$ProgressListener,java.util.concurrent.atomic.AtomicBoolean,boolean)>($r6, $r3, $r13, $r5, $r17, $r4, varReplacer5000, $r16, $r2, varReplacer5001)

		IncompleteOperationError violating CrySL rule for javax.crypto.CipherInputStream (on Object #e899dee01d55d270e79a5441cb05f39cda46030c1ce70bb65798863cf7de103a)
			Operation on object of type javax.crypto.CipherInputStream object not completed. Expected call to read
			at statement: $r11 = virtualinvoke r0.<com.google.android.exoplayer2.offline.SegmentDownloader: java.util.List getSegments(com.google.android.exoplayer2.upstream.DataSource,com.google.android.exoplayer2.offline.FilterableManifest,boolean)>($r5, $r8, varReplacer4996)

		IncompleteOperationError violating CrySL rule for javax.crypto.Cipher (on Object #bd49c074e99bde649870445f4f361a0808d9415cf24b583439acc8ead93413c)
			Operation on object of type javax.crypto.Cipher object not completed. Expected call to init
			at statement: $r11 = virtualinvoke r0.<com.google.android.exoplayer2.offline.SegmentDownloader: java.util.List getSegments(com.google.android.exoplayer2.upstream.DataSource,com.google.android.exoplayer2.offline.FilterableManifest,boolean)>($r5, $r8, varReplacer4996)


Findings in Java Class: com.google.android.exoplayer2.offline.ProgressiveDownloader

	 in Method: void download(com.google.android.exoplayer2.offline.Downloader$ProgressListener)
		IncompleteOperationError violating CrySL rule for javax.crypto.Cipher (on Object #bd49c074e99bde649870445f4f361a0808d9415cf24b583439acc8ead93413c)
			Operation on object of type javax.crypto.Cipher object not completed. Expected call to init
			at statement: staticinvoke <com.google.android.exoplayer2.upstream.cache.CacheUtil: void cache(com.google.android.exoplayer2.upstream.DataSpec,com.google.android.exoplayer2.upstream.cache.Cache,com.google.android.exoplayer2.upstream.cache.CacheKeyFactory,com.google.android.exoplayer2.upstream.cache.CacheDataSource,byte[],com.google.android.exoplayer2.util.PriorityTaskManager,int,com.google.android.exoplayer2.upstream.cache.CacheUtil$ProgressListener,java.util.concurrent.atomic.AtomicBoolean,boolean)>($r1, $r2, $r3, $r4, $r5, $r6, varReplacer4994, $r9, $r7, varReplacer4995)

		IncompleteOperationError violating CrySL rule for javax.crypto.CipherInputStream (on Object #e899dee01d55d270e79a5441cb05f39cda46030c1ce70bb65798863cf7de103a)
			Operation on object of type javax.crypto.CipherInputStream object not completed. Expected call to read
			at statement: staticinvoke <com.google.android.exoplayer2.upstream.cache.CacheUtil: void cache(com.google.android.exoplayer2.upstream.DataSpec,com.google.android.exoplayer2.upstream.cache.Cache,com.google.android.exoplayer2.upstream.cache.CacheKeyFactory,com.google.android.exoplayer2.upstream.cache.CacheDataSource,byte[],com.google.android.exoplayer2.util.PriorityTaskManager,int,com.google.android.exoplayer2.upstream.cache.CacheUtil$ProgressListener,java.util.concurrent.atomic.AtomicBoolean,boolean)>($r1, $r2, $r3, $r4, $r5, $r6, varReplacer4994, $r9, $r7, varReplacer4995)


Findings in Java Class: com.google.android.exoplayer2.extractor.ogg.OggExtractor

	 in Method: int read(com.google.android.exoplayer2.extractor.ExtractorInput,com.google.android.exoplayer2.extractor.PositionHolder)
		IncompleteOperationError violating CrySL rule for javax.crypto.Cipher (on Object #bd49c074e99bde649870445f4f361a0808d9415cf24b583439acc8ead93413c)
			Operation on object of type javax.crypto.Cipher object not completed. Expected call to init
			at statement: $z0 = specialinvoke r0.<com.google.android.exoplayer2.extractor.ogg.OggExtractor: boolean sniffInternal(com.google.android.exoplayer2.extractor.ExtractorInput)>($r2)


Findings in Java Class: com.google.android.exoplayer2.extractor.DummyTrackOutput

	 in Method: int sampleData(com.google.android.exoplayer2.extractor.ExtractorInput,int,boolean)
		IncompleteOperationError violating CrySL rule for javax.crypto.Cipher (on Object #bd49c074e99bde649870445f4f361a0808d9415cf24b583439acc8ead93413c)
			Operation on object of type javax.crypto.Cipher object not completed. Expected call to init
			at statement: $i0 = interfaceinvoke $r1.<com.google.android.exoplayer2.extractor.ExtractorInput: int skip(int)>($i0)


Findings in Java Class: com.google.android.exoplayer2.extractor.mkv.DefaultEbmlReader

	 in Method: boolean read(com.google.android.exoplayer2.extractor.ExtractorInput)
		IncompleteOperationError violating CrySL rule for javax.crypto.Cipher (on Object #bd49c074e99bde649870445f4f361a0808d9415cf24b583439acc8ead93413c)
			Operation on object of type javax.crypto.Cipher object not completed. Expected call to init
			at statement: $l0 = interfaceinvoke $r1.<com.google.android.exoplayer2.extractor.ExtractorInput: long getPosition()>()

		IncompleteOperationError violating CrySL rule for javax.crypto.Cipher (on Object #bd49c074e99bde649870445f4f361a0808d9415cf24b583439acc8ead93413c)
			Operation on object of type javax.crypto.Cipher object not completed. Expected call to init
			at statement: interfaceinvoke $r1.<com.google.android.exoplayer2.extractor.ExtractorInput: void skipFully(int)>($i3)

		IncompleteOperationError violating CrySL rule for javax.crypto.Cipher (on Object #bd49c074e99bde649870445f4f361a0808d9415cf24b583439acc8ead93413c)
			Operation on object of type javax.crypto.Cipher object not completed. Expected call to init
			at statement: $l0 = virtualinvoke $r6.<com.google.android.exoplayer2.extractor.mkv.VarintReader: long readUnsignedVarint(com.google.android.exoplayer2.extractor.ExtractorInput,boolean,boolean,int)>($r1, varReplacer18275, varReplacer18276, varReplacer18277)

		IncompleteOperationError violating CrySL rule for javax.crypto.Cipher (on Object #bd49c074e99bde649870445f4f361a0808d9415cf24b583439acc8ead93413c)
			Operation on object of type javax.crypto.Cipher object not completed. Expected call to init
			at statement: $l0 = virtualinvoke $r6.<com.google.android.exoplayer2.extractor.mkv.VarintReader: long readUnsignedVarint(com.google.android.exoplayer2.extractor.ExtractorInput,boolean,boolean,int)>($r1, varReplacer18267, varReplacer18268, varReplacer18269)

		IncompleteOperationError violating CrySL rule for javax.crypto.Cipher (on Object #bd49c074e99bde649870445f4f361a0808d9415cf24b583439acc8ead93413c)
			Operation on object of type javax.crypto.Cipher object not completed. Expected call to init
			at statement: $l1 = specialinvoke r0.<com.google.android.exoplayer2.extractor.mkv.DefaultEbmlReader: long maybeResyncToNextLevel1Element(com.google.android.exoplayer2.extractor.ExtractorInput)>($r1)


Findings in Java Class: com.google.android.exoplayer2.extractor.FlacMetadataReader

	 in Method: void readStreamMarker(com.google.android.exoplayer2.extractor.ExtractorInput)
		IncompleteOperationError violating CrySL rule for javax.crypto.Cipher (on Object #bd49c074e99bde649870445f4f361a0808d9415cf24b583439acc8ead93413c)
			Operation on object of type javax.crypto.Cipher object not completed. Expected call to init
			at statement: interfaceinvoke $r0.<com.google.android.exoplayer2.extractor.ExtractorInput: void readFully(byte[],int,int)>($r2, varReplacer18464, varReplacer18465)


	 in Method: int getFrameStartMarker(com.google.android.exoplayer2.extractor.ExtractorInput)
		IncompleteOperationError violating CrySL rule for javax.crypto.Cipher (on Object #bd49c074e99bde649870445f4f361a0808d9415cf24b583439acc8ead93413c)
			Operation on object of type javax.crypto.Cipher object not completed. Expected call to init
			at statement: interfaceinvoke $r0.<com.google.android.exoplayer2.extractor.ExtractorInput: void resetPeekPosition()>()


	 in Method: boolean readMetadataBlock(com.google.android.exoplayer2.extractor.ExtractorInput,com.google.android.exoplayer2.extractor.FlacMetadataReader$FlacStreamMetadataHolder)
		IncompleteOperationError violating CrySL rule for javax.crypto.Cipher (on Object #bd49c074e99bde649870445f4f361a0808d9415cf24b583439acc8ead93413c)
			Operation on object of type javax.crypto.Cipher object not completed. Expected call to init
			at statement: interfaceinvoke $r1.<com.google.android.exoplayer2.extractor.ExtractorInput: void peekFully(byte[],int,int)>($r3, varReplacer18460, varReplacer18461)


Findings in Java Class: com.google.android.exoplayer2.source.hls.HlsMediaChunk

	 in Method: void maybeLoadInitData()
		IncompleteOperationError violating CrySL rule for javax.crypto.Cipher (on Object #bd49c074e99bde649870445f4f361a0808d9415cf24b583439acc8ead93413c)
			Operation on object of type javax.crypto.Cipher object not completed. Expected call to init
			at statement: specialinvoke r0.<com.google.android.exoplayer2.source.hls.HlsMediaChunk: void feedDataToExtractor(com.google.android.exoplayer2.upstream.DataSource,com.google.android.exoplayer2.upstream.DataSpec,boolean)>($r2, $r1, $z0)


	 in Method: void loadMedia()
		IncompleteOperationError violating CrySL rule for javax.crypto.Cipher (on Object #bd49c074e99bde649870445f4f361a0808d9415cf24b583439acc8ead93413c)
			Operation on object of type javax.crypto.Cipher object not completed. Expected call to init
			at statement: specialinvoke r0.<com.google.android.exoplayer2.source.hls.HlsMediaChunk: void feedDataToExtractor(com.google.android.exoplayer2.upstream.DataSource,com.google.android.exoplayer2.upstream.DataSpec,boolean)>($r2, $r3, $z0)


Findings in Java Class: com.google.android.exoplayer2.extractor.FlacFrameReader

	 in Method: long getFirstSampleNumber(com.google.android.exoplayer2.extractor.ExtractorInput,com.google.android.exoplayer2.util.FlacStreamMetadata)
		IncompleteOperationError violating CrySL rule for javax.crypto.Cipher (on Object #bd49c074e99bde649870445f4f361a0808d9415cf24b583439acc8ead93413c)
			Operation on object of type javax.crypto.Cipher object not completed. Expected call to init
			at statement: interfaceinvoke $r2.<com.google.android.exoplayer2.extractor.ExtractorInput: void resetPeekPosition()>()


Findings in Java Class: com.google.android.exoplayer2.extractor.mp4.FragmentedMp4Extractor

	 in Method: boolean readSample(com.google.android.exoplayer2.extractor.ExtractorInput)
		IncompleteOperationError violating CrySL rule for javax.crypto.Cipher (on Object #bd49c074e99bde649870445f4f361a0808d9415cf24b583439acc8ead93413c)
			Operation on object of type javax.crypto.Cipher object not completed. Expected call to init
			at statement: interfaceinvoke $r1.<com.google.android.exoplayer2.extractor.ExtractorInput: void readFully(byte[],int,int)>($r15, $i4, $i3)

		IncompleteOperationError violating CrySL rule for javax.crypto.Cipher (on Object #bd49c074e99bde649870445f4f361a0808d9415cf24b583439acc8ead93413c)
			Operation on object of type javax.crypto.Cipher object not completed. Expected call to init
			at statement: $l2 = interfaceinvoke $r1.<com.google.android.exoplayer2.extractor.ExtractorInput: long getPosition()>()


	 in Method: void readEncryptionData(com.google.android.exoplayer2.extractor.ExtractorInput)
		IncompleteOperationError violating CrySL rule for javax.crypto.Cipher (on Object #bd49c074e99bde649870445f4f361a0808d9415cf24b583439acc8ead93413c)
			Operation on object of type javax.crypto.Cipher object not completed. Expected call to init
			at statement: $l4 = interfaceinvoke $r1.<com.google.android.exoplayer2.extractor.ExtractorInput: long getPosition()>()


	 in Method: boolean readAtomHeader(com.google.android.exoplayer2.extractor.ExtractorInput)
		IncompleteOperationError violating CrySL rule for javax.crypto.Cipher (on Object #bd49c074e99bde649870445f4f361a0808d9415cf24b583439acc8ead93413c)
			Operation on object of type javax.crypto.Cipher object not completed. Expected call to init
			at statement: $l1 = interfaceinvoke $r1.<com.google.android.exoplayer2.extractor.ExtractorInput: long getPosition()>()

		IncompleteOperationError violating CrySL rule for javax.crypto.Cipher (on Object #bd49c074e99bde649870445f4f361a0808d9415cf24b583439acc8ead93413c)
			Operation on object of type javax.crypto.Cipher object not completed. Expected call to init
			at statement: $l3 = interfaceinvoke $r1.<com.google.android.exoplayer2.extractor.ExtractorInput: long getPosition()>()

		IncompleteOperationError violating CrySL rule for javax.crypto.Cipher (on Object #bd49c074e99bde649870445f4f361a0808d9415cf24b583439acc8ead93413c)
			Operation on object of type javax.crypto.Cipher object not completed. Expected call to init
			at statement: $l3 = interfaceinvoke $r1.<com.google.android.exoplayer2.extractor.ExtractorInput: long getLength()>()

		IncompleteOperationError violating CrySL rule for javax.crypto.Cipher (on Object #bd49c074e99bde649870445f4f361a0808d9415cf24b583439acc8ead93413c)
			Operation on object of type javax.crypto.Cipher object not completed. Expected call to init
			at statement: $z0 = interfaceinvoke $r1.<com.google.android.exoplayer2.extractor.ExtractorInput: boolean readFully(byte[],int,int,boolean)>($r3, varReplacer18556, varReplacer18557, varReplacer18558)

		IncompleteOperationError violating CrySL rule for javax.crypto.Cipher (on Object #bd49c074e99bde649870445f4f361a0808d9415cf24b583439acc8ead93413c)
			Operation on object of type javax.crypto.Cipher object not completed. Expected call to init
			at statement: interfaceinvoke $r1.<com.google.android.exoplayer2.extractor.ExtractorInput: void readFully(byte[],int,int)>($r3, varReplacer18547, varReplacer18547)


Findings in Java Class: com.google.android.exoplayer2.source.SampleDataQueue

	 in Method: int sampleData(com.google.android.exoplayer2.extractor.ExtractorInput,int,boolean)
		IncompleteOperationError violating CrySL rule for javax.crypto.Cipher (on Object #bd49c074e99bde649870445f4f361a0808d9415cf24b583439acc8ead93413c)
			Operation on object of type javax.crypto.Cipher object not completed. Expected call to init
			at statement: $i1 = interfaceinvoke $r1.<com.google.android.exoplayer2.extractor.ExtractorInput: int read(byte[],int,int)>($r4, $i2, $i1)


Findings in Java Class: com.google.android.exoplayer2.extractor.flv.FlvExtractor

	 in Method: int read(com.google.android.exoplayer2.extractor.ExtractorInput,com.google.android.exoplayer2.extractor.PositionHolder)
		IncompleteOperationError violating CrySL rule for javax.crypto.Cipher (on Object #bd49c074e99bde649870445f4f361a0808d9415cf24b583439acc8ead93413c)
			Operation on object of type javax.crypto.Cipher object not completed. Expected call to init
			at statement: $z0 = specialinvoke r0.<com.google.android.exoplayer2.extractor.flv.FlvExtractor: boolean readTagHeader(com.google.android.exoplayer2.extractor.ExtractorInput)>($r1)

		IncompleteOperationError violating CrySL rule for javax.crypto.Cipher (on Object #bd49c074e99bde649870445f4f361a0808d9415cf24b583439acc8ead93413c)
			Operation on object of type javax.crypto.Cipher object not completed. Expected call to init
			at statement: specialinvoke r0.<com.google.android.exoplayer2.extractor.flv.FlvExtractor: void skipToTagHeader(com.google.android.exoplayer2.extractor.ExtractorInput)>($r1)

		IncompleteOperationError violating CrySL rule for javax.crypto.Cipher (on Object #bd49c074e99bde649870445f4f361a0808d9415cf24b583439acc8ead93413c)
			Operation on object of type javax.crypto.Cipher object not completed. Expected call to init
			at statement: $z0 = specialinvoke r0.<com.google.android.exoplayer2.extractor.flv.FlvExtractor: boolean readTagData(com.google.android.exoplayer2.extractor.ExtractorInput)>($r1)

		IncompleteOperationError violating CrySL rule for javax.crypto.Cipher (on Object #bd49c074e99bde649870445f4f361a0808d9415cf24b583439acc8ead93413c)
			Operation on object of type javax.crypto.Cipher object not completed. Expected call to init
			at statement: $z0 = specialinvoke r0.<com.google.android.exoplayer2.extractor.flv.FlvExtractor: boolean readFlvHeader(com.google.android.exoplayer2.extractor.ExtractorInput)>($r1)


Findings in Java Class: com.google.android.exoplayer2.extractor.rawcc.RawCcExtractor

	 in Method: boolean parseHeader(com.google.android.exoplayer2.extractor.ExtractorInput)
		IncompleteOperationError violating CrySL rule for javax.crypto.Cipher (on Object #bd49c074e99bde649870445f4f361a0808d9415cf24b583439acc8ead93413c)
			Operation on object of type javax.crypto.Cipher object not completed. Expected call to init
			at statement: $z0 = interfaceinvoke $r1.<com.google.android.exoplayer2.extractor.ExtractorInput: boolean readFully(byte[],int,int,boolean)>($r3, varReplacer18413, varReplacer18414, varReplacer18415)


	 in Method: int read(com.google.android.exoplayer2.extractor.ExtractorInput,com.google.android.exoplayer2.extractor.PositionHolder)
		IncompleteOperationError violating CrySL rule for javax.crypto.Cipher (on Object #bd49c074e99bde649870445f4f361a0808d9415cf24b583439acc8ead93413c)
			Operation on object of type javax.crypto.Cipher object not completed. Expected call to init
			at statement: $z0 = specialinvoke r0.<com.google.android.exoplayer2.extractor.rawcc.RawCcExtractor: boolean parseHeader(com.google.android.exoplayer2.extractor.ExtractorInput)>($r1)

		IncompleteOperationError violating CrySL rule for javax.crypto.Cipher (on Object #bd49c074e99bde649870445f4f361a0808d9415cf24b583439acc8ead93413c)
			Operation on object of type javax.crypto.Cipher object not completed. Expected call to init
			at statement: $z0 = specialinvoke r0.<com.google.android.exoplayer2.extractor.rawcc.RawCcExtractor: boolean parseTimestampAndSampleCount(com.google.android.exoplayer2.extractor.ExtractorInput)>($r1)


Findings in Java Class: com.google.android.exoplayer2.extractor.mp4.Mp4Extractor

	 in Method: boolean readAtomHeader(com.google.android.exoplayer2.extractor.ExtractorInput)
		IncompleteOperationError violating CrySL rule for javax.crypto.Cipher (on Object #bd49c074e99bde649870445f4f361a0808d9415cf24b583439acc8ead93413c)
			Operation on object of type javax.crypto.Cipher object not completed. Expected call to init
			at statement: $z0 = interfaceinvoke $r1.<com.google.android.exoplayer2.extractor.ExtractorInput: boolean readFully(byte[],int,int,boolean)>($r3, varReplacer18371, varReplacer18372, varReplacer18373)

		IncompleteOperationError violating CrySL rule for javax.crypto.Cipher (on Object #bd49c074e99bde649870445f4f361a0808d9415cf24b583439acc8ead93413c)
			Operation on object of type javax.crypto.Cipher object not completed. Expected call to init
			at statement: interfaceinvoke $r1.<com.google.android.exoplayer2.extractor.ExtractorInput: void readFully(byte[],int,int)>($r3, varReplacer18366, varReplacer18366)

		IncompleteOperationError violating CrySL rule for javax.crypto.Cipher (on Object #bd49c074e99bde649870445f4f361a0808d9415cf24b583439acc8ead93413c)
			Operation on object of type javax.crypto.Cipher object not completed. Expected call to init
			at statement: $l3 = interfaceinvoke $r1.<com.google.android.exoplayer2.extractor.ExtractorInput: long getPosition()>()

		IncompleteOperationError violating CrySL rule for javax.crypto.Cipher (on Object #bd49c074e99bde649870445f4f361a0808d9415cf24b583439acc8ead93413c)
			Operation on object of type javax.crypto.Cipher object not completed. Expected call to init
			at statement: $l3 = interfaceinvoke $r1.<com.google.android.exoplayer2.extractor.ExtractorInput: long getLength()>()


	 in Method: int readSample(com.google.android.exoplayer2.extractor.ExtractorInput,com.google.android.exoplayer2.extractor.PositionHolder)
		IncompleteOperationError violating CrySL rule for javax.crypto.Cipher (on Object #bd49c074e99bde649870445f4f361a0808d9415cf24b583439acc8ead93413c)
			Operation on object of type javax.crypto.Cipher object not completed. Expected call to init
			at statement: interfaceinvoke $r1.<com.google.android.exoplayer2.extractor.ExtractorInput: void readFully(byte[],int,int)>($r11, $i7, $i4)


	 in Method: int read(com.google.android.exoplayer2.extractor.ExtractorInput,com.google.android.exoplayer2.extractor.PositionHolder)
		IncompleteOperationError violating CrySL rule for javax.crypto.Cipher (on Object #bd49c074e99bde649870445f4f361a0808d9415cf24b583439acc8ead93413c)
			Operation on object of type javax.crypto.Cipher object not completed. Expected call to init
			at statement: $z0 = specialinvoke r0.<com.google.android.exoplayer2.extractor.mp4.Mp4Extractor: boolean readAtomPayload(com.google.android.exoplayer2.extractor.ExtractorInput,com.google.android.exoplayer2.extractor.PositionHolder)>($r2, $r1)

		IncompleteOperationError violating CrySL rule for javax.crypto.Cipher (on Object #bd49c074e99bde649870445f4f361a0808d9415cf24b583439acc8ead93413c)
			Operation on object of type javax.crypto.Cipher object not completed. Expected call to init
			at statement: $z0 = specialinvoke r0.<com.google.android.exoplayer2.extractor.mp4.Mp4Extractor: boolean readAtomHeader(com.google.android.exoplayer2.extractor.ExtractorInput)>($r2)


Findings in Java Class: com.google.android.exoplayer2.upstream.crypto.AesFlushingCipher

	 in Method: void <init>(int,byte[],long,long)
		RequiredPredicateError violating CrySL rule for javax.crypto.spec.SecretKeySpec
			First parameter was not properly generated as preparedKeyMaterial
			at statement: specialinvoke $r4.<javax.crypto.spec.SecretKeySpec: void <init>(byte[],java.lang.String)>($r1, $r6)

		IncompleteOperationError violating CrySL rule for javax.crypto.Cipher (on Object #bd49c074e99bde649870445f4f361a0808d9415cf24b583439acc8ead93413c)
			Operation on object of type javax.crypto.Cipher object not completed. Expected call to init
			at statement: $r6 = virtualinvoke $r5.<javax.crypto.Cipher: java.lang.String getAlgorithm()>()

		RequiredPredicateError violating CrySL rule for javax.crypto.spec.IvParameterSpec
			First parameter was not properly generated as randomized
			at statement: specialinvoke $r8.<javax.crypto.spec.IvParameterSpec: void <init>(byte[])>($r1)


Findings in Java Class: com.google.android.exoplayer2.extractor.ts.AdtsExtractor

	 in Method: void calculateAverageFrameSize(com.google.android.exoplayer2.extractor.ExtractorInput)
		IncompleteOperationError violating CrySL rule for javax.crypto.Cipher (on Object #bd49c074e99bde649870445f4f361a0808d9415cf24b583439acc8ead93413c)
			Operation on object of type javax.crypto.Cipher object not completed. Expected call to init
			at statement: $z0 = interfaceinvoke $r2.<com.google.android.exoplayer2.extractor.ExtractorInput: boolean peekFully(byte[],int,int,boolean)>($r4, varReplacer18429, varReplacer18430, varReplacer18431)


Findings in Java Class: com.google.android.exoplayer2.upstream.DataSchemeDataSource

	 in Method: long open(com.google.android.exoplayer2.upstream.DataSpec)
		IncompleteOperationError violating CrySL rule for javax.crypto.Cipher (on Object #bd49c074e99bde649870445f4f361a0808d9415cf24b583439acc8ead93413c)
			Operation on object of type javax.crypto.Cipher object not completed. Expected call to init
			at statement: virtualinvoke r0.<com.google.android.exoplayer2.upstream.DataSchemeDataSource: void transferInitializing(com.google.android.exoplayer2.upstream.DataSpec)>($r1)


Findings in Java Class: com.google.android.exoplayer2.extractor.ogg.DefaultOggSeeker

	 in Method: long getNextSeekPosition(com.google.android.exoplayer2.extractor.ExtractorInput)
		IncompleteOperationError violating CrySL rule for javax.crypto.Cipher (on Object #bd49c074e99bde649870445f4f361a0808d9415cf24b583439acc8ead93413c)
			Operation on object of type javax.crypto.Cipher object not completed. Expected call to init
			at statement: $z0 = specialinvoke r0.<com.google.android.exoplayer2.extractor.ogg.DefaultOggSeeker: boolean skipToNextPage(com.google.android.exoplayer2.extractor.ExtractorInput,long)>($r1, $l1)


	 in Method: void skipToNextPage(com.google.android.exoplayer2.extractor.ExtractorInput)
		IncompleteOperationError violating CrySL rule for javax.crypto.Cipher (on Object #bd49c074e99bde649870445f4f361a0808d9415cf24b583439acc8ead93413c)
			Operation on object of type javax.crypto.Cipher object not completed. Expected call to init
			at statement: $z0 = specialinvoke r0.<com.google.android.exoplayer2.extractor.ogg.DefaultOggSeeker: boolean skipToNextPage(com.google.android.exoplayer2.extractor.ExtractorInput,long)>($r1, $l0)


Findings in Java Class: com.google.android.exoplayer2.extractor.mkv.MatroskaExtractor

	 in Method: int writeSampleData(com.google.android.exoplayer2.extractor.ExtractorInput,com.google.android.exoplayer2.extractor.mkv.MatroskaExtractor$Track,int)
		IncompleteOperationError violating CrySL rule for javax.crypto.Cipher (on Object #bd49c074e99bde649870445f4f361a0808d9415cf24b583439acc8ead93413c)
			Operation on object of type javax.crypto.Cipher object not completed. Expected call to init
			at statement: interfaceinvoke $r1.<com.google.android.exoplayer2.extractor.ExtractorInput: void readFully(byte[],int,int)>($r5, varReplacer33462, varReplacer33463)


	 in Method: void binaryElement(int,int,com.google.android.exoplayer2.extractor.ExtractorInput)
		IncompleteOperationError violating CrySL rule for javax.crypto.Cipher (on Object #bd49c074e99bde649870445f4f361a0808d9415cf24b583439acc8ead93413c)
			Operation on object of type javax.crypto.Cipher object not completed. Expected call to init
			at statement: specialinvoke r0.<com.google.android.exoplayer2.extractor.mkv.MatroskaExtractor: void readScratch(com.google.android.exoplayer2.extractor.ExtractorInput,int)>($r1, $i2)

		IncompleteOperationError violating CrySL rule for javax.crypto.Cipher (on Object #bd49c074e99bde649870445f4f361a0808d9415cf24b583439acc8ead93413c)
			Operation on object of type javax.crypto.Cipher object not completed. Expected call to init
			at statement: specialinvoke r0.<com.google.android.exoplayer2.extractor.mkv.MatroskaExtractor: void readScratch(com.google.android.exoplayer2.extractor.ExtractorInput,int)>($r1, $i2)

		IncompleteOperationError violating CrySL rule for javax.crypto.Cipher (on Object #bd49c074e99bde649870445f4f361a0808d9415cf24b583439acc8ead93413c)
			Operation on object of type javax.crypto.Cipher object not completed. Expected call to init
			at statement: specialinvoke r0.<com.google.android.exoplayer2.extractor.mkv.MatroskaExtractor: void readScratch(com.google.android.exoplayer2.extractor.ExtractorInput,int)>($r1, varReplacer28475)


Findings in Java Class: com.google.android.exoplayer2.extractor.BinarySearchSeeker

	 in Method: int handlePendingSeek(com.google.android.exoplayer2.extractor.ExtractorInput,com.google.android.exoplayer2.extractor.PositionHolder)
		IncompleteOperationError violating CrySL rule for javax.crypto.Cipher (on Object #bd49c074e99bde649870445f4f361a0808d9415cf24b583439acc8ead93413c)
			Operation on object of type javax.crypto.Cipher object not completed. Expected call to init
			at statement: $r6 = interfaceinvoke $r3.<com.google.android.exoplayer2.extractor.BinarySearchSeeker$TimestampSeeker: com.google.android.exoplayer2.extractor.BinarySearchSeeker$TimestampSearchResult searchForTimestamp(com.google.android.exoplayer2.extractor.ExtractorInput,long)>($r1, $l1)


Findings in Java Class: com.google.android.exoplayer2.extractor.wav.WavHeaderReader

	 in Method: android.util.Pair skipToData(com.google.android.exoplayer2.extractor.ExtractorInput)
		IncompleteOperationError violating CrySL rule for javax.crypto.Cipher (on Object #bd49c074e99bde649870445f4f361a0808d9415cf24b583439acc8ead93413c)
			Operation on object of type javax.crypto.Cipher object not completed. Expected call to init
			at statement: $r2 = staticinvoke <com.google.android.exoplayer2.extractor.wav.WavHeaderReader$ChunkHeader: com.google.android.exoplayer2.extractor.wav.WavHeaderReader$ChunkHeader peek(com.google.android.exoplayer2.extractor.ExtractorInput,com.google.android.exoplayer2.util.ParsableByteArray)>($r0, $r1)

		IncompleteOperationError violating CrySL rule for javax.crypto.Cipher (on Object #bd49c074e99bde649870445f4f361a0808d9415cf24b583439acc8ead93413c)
			Operation on object of type javax.crypto.Cipher object not completed. Expected call to init
			at statement: $r2 = staticinvoke <com.google.android.exoplayer2.extractor.wav.WavHeaderReader$ChunkHeader: com.google.android.exoplayer2.extractor.wav.WavHeaderReader$ChunkHeader peek(com.google.android.exoplayer2.extractor.ExtractorInput,com.google.android.exoplayer2.util.ParsableByteArray)>($r0, $r1)


Findings in Java Class: com.google.android.exoplayer2.source.hls.DefaultHlsExtractorFactory

	 in Method: boolean sniffQuietly(com.google.android.exoplayer2.extractor.Extractor,com.google.android.exoplayer2.extractor.ExtractorInput)
		IncompleteOperationError violating CrySL rule for javax.crypto.Cipher (on Object #bd49c074e99bde649870445f4f361a0808d9415cf24b583439acc8ead93413c)
			Operation on object of type javax.crypto.Cipher object not completed. Expected call to init
			at statement: interfaceinvoke $r0.<com.google.android.exoplayer2.extractor.ExtractorInput: void resetPeekPosition()>()


Findings in Java Class: com.google.android.exoplayer2.extractor.amr.AmrExtractor

	 in Method: int read(com.google.android.exoplayer2.extractor.ExtractorInput,com.google.android.exoplayer2.extractor.PositionHolder)
		IncompleteOperationError violating CrySL rule for javax.crypto.Cipher (on Object #bd49c074e99bde649870445f4f361a0808d9415cf24b583439acc8ead93413c)
			Operation on object of type javax.crypto.Cipher object not completed. Expected call to init
			at statement: $z0 = specialinvoke r0.<com.google.android.exoplayer2.extractor.amr.AmrExtractor: boolean readAmrHeader(com.google.android.exoplayer2.extractor.ExtractorInput)>($r1)


	 in Method: int peekNextSampleSize(com.google.android.exoplayer2.extractor.ExtractorInput)
		IncompleteOperationError violating CrySL rule for javax.crypto.Cipher (on Object #bd49c074e99bde649870445f4f361a0808d9415cf24b583439acc8ead93413c)
			Operation on object of type javax.crypto.Cipher object not completed. Expected call to init
			at statement: interfaceinvoke $r1.<com.google.android.exoplayer2.extractor.ExtractorInput: void peekFully(byte[],int,int)>($r2, varReplacer24527, varReplacer24528)


Findings in Java Class: com.google.android.exoplayer2.extractor.wav.WavExtractor

	 in Method: int read(com.google.android.exoplayer2.extractor.ExtractorInput,com.google.android.exoplayer2.extractor.PositionHolder)
		IncompleteOperationError violating CrySL rule for javax.crypto.Cipher (on Object #bd49c074e99bde649870445f4f361a0808d9415cf24b583439acc8ead93413c)
			Operation on object of type javax.crypto.Cipher object not completed. Expected call to init
			at statement: $r4 = staticinvoke <com.google.android.exoplayer2.extractor.wav.WavHeaderReader: com.google.android.exoplayer2.extractor.wav.WavHeader peek(com.google.android.exoplayer2.extractor.ExtractorInput)>($r1)


Findings in Java Class: com.google.android.exoplayer2.source.hls.HlsSampleStreamWrapper$EmsgUnwrappingTrackOutput

	 in Method: int sampleData(com.google.android.exoplayer2.extractor.ExtractorInput,int,boolean)
		IncompleteOperationError violating CrySL rule for javax.crypto.Cipher (on Object #bd49c074e99bde649870445f4f361a0808d9415cf24b583439acc8ead93413c)
			Operation on object of type javax.crypto.Cipher object not completed. Expected call to init
			at statement: $i1 = interfaceinvoke $r1.<com.google.android.exoplayer2.extractor.ExtractorInput: int read(byte[],int,int)>($r2, $i0, $i1)


Findings in Java Class: com.google.android.exoplayer2.extractor.mp3.Mp3Extractor

	 in Method: boolean synchronize(com.google.android.exoplayer2.extractor.ExtractorInput,boolean)
		IncompleteOperationError violating CrySL rule for javax.crypto.Cipher (on Object #bd49c074e99bde649870445f4f361a0808d9415cf24b583439acc8ead93413c)
			Operation on object of type javax.crypto.Cipher object not completed. Expected call to init
			at statement: $z1 = specialinvoke r0.<com.google.android.exoplayer2.extractor.mp3.Mp3Extractor: boolean peekEndOfStreamOrHeader(com.google.android.exoplayer2.extractor.ExtractorInput)>($r1)


Findings in Java Class: com.google.android.exoplayer2.extractor.DefaultExtractorInput

	 in Method: int readFromDataSource(byte[],int,int,int,boolean)
		IncompleteOperationError violating CrySL rule for javax.crypto.Cipher (on Object #bd49c074e99bde649870445f4f361a0808d9415cf24b583439acc8ead93413c)
			Operation on object of type javax.crypto.Cipher object not completed. Expected call to init
			at statement: $i0 = interfaceinvoke $r2.<com.google.android.exoplayer2.upstream.DataSource: int read(byte[],int,int)>($r1, $i0, $i1)


Findings in Java Class: com.google.android.exoplayer2.upstream.ByteArrayDataSource

	 in Method: long open(com.google.android.exoplayer2.upstream.DataSpec)
		IncompleteOperationError violating CrySL rule for javax.crypto.Cipher (on Object #bd49c074e99bde649870445f4f361a0808d9415cf24b583439acc8ead93413c)
			Operation on object of type javax.crypto.Cipher object not completed. Expected call to init
			at statement: virtualinvoke r0.<com.google.android.exoplayer2.upstream.ByteArrayDataSource: void transferInitializing(com.google.android.exoplayer2.upstream.DataSpec)>($r2)


Findings in Java Class: com.google.android.exoplayer2.upstream.DataSourceInputStream

	 in Method: void checkOpened()
		IncompleteOperationError violating CrySL rule for javax.crypto.Cipher (on Object #bd49c074e99bde649870445f4f361a0808d9415cf24b583439acc8ead93413c)
			Operation on object of type javax.crypto.Cipher object not completed. Expected call to init
			at statement: interfaceinvoke $r2.<com.google.android.exoplayer2.upstream.DataSource: long open(com.google.android.exoplayer2.upstream.DataSpec)>($r1)


Findings in Java Class: com.google.android.exoplayer2.extractor.ogg.OggPageHeader

	 in Method: boolean populate(com.google.android.exoplayer2.extractor.ExtractorInput,boolean)
		IncompleteOperationError violating CrySL rule for javax.crypto.Cipher (on Object #bd49c074e99bde649870445f4f361a0808d9415cf24b583439acc8ead93413c)
			Operation on object of type javax.crypto.Cipher object not completed. Expected call to init
			at statement: $l3 = interfaceinvoke $r1.<com.google.android.exoplayer2.extractor.ExtractorInput: long getPeekPosition()>()

		IncompleteOperationError violating CrySL rule for javax.crypto.Cipher (on Object #bd49c074e99bde649870445f4f361a0808d9415cf24b583439acc8ead93413c)
			Operation on object of type javax.crypto.Cipher object not completed. Expected call to init
			at statement: $z1 = interfaceinvoke $r1.<com.google.android.exoplayer2.extractor.ExtractorInput: boolean peekFully(byte[],int,int,boolean)>($r3, varReplacer24206, varReplacer24207, varReplacer24208)

		IncompleteOperationError violating CrySL rule for javax.crypto.Cipher (on Object #bd49c074e99bde649870445f4f361a0808d9415cf24b583439acc8ead93413c)
			Operation on object of type javax.crypto.Cipher object not completed. Expected call to init
			at statement: $l0 = interfaceinvoke $r1.<com.google.android.exoplayer2.extractor.ExtractorInput: long getLength()>()


Findings in Java Class: com.google.android.exoplayer2.extractor.mkv.VarintReader

	 in Method: long readUnsignedVarint(com.google.android.exoplayer2.extractor.ExtractorInput,boolean,boolean,int)
		IncompleteOperationError violating CrySL rule for javax.crypto.Cipher (on Object #bd49c074e99bde649870445f4f361a0808d9415cf24b583439acc8ead93413c)
			Operation on object of type javax.crypto.Cipher object not completed. Expected call to init
			at statement: $z1 = interfaceinvoke $r1.<com.google.android.exoplayer2.extractor.ExtractorInput: boolean readFully(byte[],int,int,boolean)>($r2, varReplacer24156, varReplacer24157, $z1)


Findings in Java Class: com.google.android.exoplayer2.source.hls.Aes128DataSource

	 in Method: javax.crypto.Cipher getCipherInstance()
		ConstraintError violating CrySL rule for javax.crypto.Cipher (on Object #e5f1685c330bac5f783d0af066eb1b49a44424ad18a7f0bb56f2a208763dacc)
			First parameter (with value "AES/CBC/PKCS7Padding") should be any of AES/CBC/{PKCS5Padding, ISO10126Padding}
			at statement: $r1 = staticinvoke <javax.crypto.Cipher: javax.crypto.Cipher getInstance(java.lang.String)>(varReplacer20982)


	 in Method: long open(com.google.android.exoplayer2.upstream.DataSpec)
		RequiredPredicateError violating CrySL rule for javax.crypto.spec.SecretKeySpec
			First parameter was not properly generated as preparedKeyMaterial
			at statement: specialinvoke $r3.<javax.crypto.spec.SecretKeySpec: void <init>(byte[],java.lang.String)>($r4, varReplacer13219)

		RequiredPredicateError violating CrySL rule for javax.crypto.Cipher
			Second parameter was not properly generated as generatedKey
			at statement: virtualinvoke $r1.<javax.crypto.Cipher: void init(int,java.security.Key,java.security.spec.AlgorithmParameterSpec)>(varReplacer13217, $r3, $r5)

		RequiredPredicateError violating CrySL rule for javax.crypto.spec.IvParameterSpec
			First parameter was not properly generated as randomized
			at statement: specialinvoke $r5.<javax.crypto.spec.IvParameterSpec: void <init>(byte[])>($r4)


Findings in Java Class: com.google.android.exoplayer2.upstream.cache.CachedContentIndex$LegacyStorage

	 in Method: boolean readFile(java.util.HashMap,android.util.SparseArray)
		IncompleteOperationError violating CrySL rule for javax.crypto.CipherInputStream (on Object #6b30d6219e1be8a5e0a9a049ef7eb5d6780a49f6a7b22f8ed8fe44856ade655b)
			Operation on object of type javax.crypto.CipherInputStream object not completed. Expected call to read
			at statement: specialinvoke $r10.<java.io.DataInputStream: void <init>(java.io.InputStream)>($r18)

		RequiredPredicateError violating CrySL rule for javax.crypto.spec.IvParameterSpec
			First parameter was not properly generated as randomized
			at statement: specialinvoke $r16.<javax.crypto.spec.IvParameterSpec: void <init>(byte[])>($r15)


	 in Method: void writeFile(java.util.HashMap)
		IncompleteOperationError violating CrySL rule for javax.crypto.CipherOutputStream (on Object #d25fda46376f2e332f56ea026ae45706bde4c3a80699c95ac5175b26870d5614)
			Operation on object of type javax.crypto.CipherOutputStream object not completed. Expected call to write
			at statement: specialinvoke $r2.<java.io.DataOutputStream: void <init>(java.io.OutputStream)>($r12)

		RequiredPredicateError violating CrySL rule for javax.crypto.spec.IvParameterSpec
			First parameter was not properly generated as randomized
			at statement: specialinvoke $r9.<javax.crypto.spec.IvParameterSpec: void <init>(byte[])>($r7)


Findings in Java Class: okio.ByteString

	 in Method: okio.ByteString digest(java.lang.String)
		ConstraintError violating CrySL rule for java.security.MessageDigest (on Object #b336d574501b28a5bd90db22472c23a68acb0c1b99c4f14746fdc2a23c69a24e)
			First parameter (with value "SHA-1") should be any of {SHA-256, SHA-384, SHA-512}
			at statement: $r2 = staticinvoke <java.security.MessageDigest: java.security.MessageDigest getInstance(java.lang.String)>($r1)

		ConstraintError violating CrySL rule for java.security.MessageDigest (on Object #b336d574501b28a5bd90db22472c23a68acb0c1b99c4f14746fdc2a23c69a24e)
			First parameter (with value "MD5") should be any of {SHA-256, SHA-384, SHA-512}
			at statement: $r2 = staticinvoke <java.security.MessageDigest: java.security.MessageDigest getInstance(java.lang.String)>($r1)


Findings in Java Class: com.bumptech.glide.load.engine.LoadPath

	 in Method: com.bumptech.glide.load.engine.Resource load(com.bumptech.glide.load.data.DataRewinder,com.bumptech.glide.load.Options,int,int,com.bumptech.glide.load.engine.DecodePath$DecodeCallback)
		IncompleteOperationError violating CrySL rule for java.security.MessageDigest (on Object #1082390953791e10ddd893ecbd242619c69da239e7c97853fb4018c7cb54693d)
			Operation on object of type java.security.MessageDigest object not completed. Expected call to digest, update
			at statement: interfaceinvoke $r4.<androidx.core.util.Pools$Pool: boolean release(java.lang.Object)>($r6)


	 in Method: com.bumptech.glide.load.engine.Resource loadWithExceptionList(com.bumptech.glide.load.data.DataRewinder,com.bumptech.glide.load.Options,int,int,com.bumptech.glide.load.engine.DecodePath$DecodeCallback,java.util.List)
		IncompleteOperationError violating CrySL rule for java.security.MessageDigest (on Object #1082390953791e10ddd893ecbd242619c69da239e7c97853fb4018c7cb54693d)
			Operation on object of type java.security.MessageDigest object not completed. Expected call to digest, update
			at statement: specialinvoke $r12.<java.util.ArrayList: void <init>(java.util.Collection)>($r4)


Findings in Java Class: androidx.core.util.Pools$SimplePool

	 in Method: boolean release(java.lang.Object)
		IncompleteOperationError violating CrySL rule for java.security.MessageDigest (on Object #1082390953791e10ddd893ecbd242619c69da239e7c97853fb4018c7cb54693d)
			Operation on object of type java.security.MessageDigest object not completed. Expected call to digest, update
			at statement: $z0 = specialinvoke r0.<androidx.core.util.Pools$SimplePool: boolean isInPool(java.lang.Object)>($r2)


Findings in Java Class: okhttp3.Cache$Entry

	 in Method: java.util.List readCertificateList(okio.BufferedSource)
		IncompleteOperationError violating CrySL rule for java.security.cert.CertificateFactory (on Object #3ffa32af8c800746174bdd32e6b005c1f1b1e502f83c0321d9ed8cfba59f1b72)
			Operation on object of type java.security.cert.CertificateFactory object not completed. Expected call to generateCertPath, generateCertificate, generateCRL
			at statement: $r5 = staticinvoke <java.security.cert.CertificateFactory: java.security.cert.CertificateFactory getInstance(java.lang.String)>(varReplacer40456)

		TypestateError violating CrySL rule for java.security.cert.CertificateFactory (on Object #3ffa32af8c800746174bdd32e6b005c1f1b1e502f83c0321d9ed8cfba59f1b72)
			Unexpected call to method generateCertificate on object of type java.security.cert.CertificateFactory. Expect a call to one of the following methods generateCRL
			at statement: $r9 = virtualinvoke $r5.<java.security.cert.CertificateFactory: java.security.cert.Certificate generateCertificate(java.io.InputStream)>($r8)

		IncompleteOperationError violating CrySL rule for java.security.cert.CertificateFactory (on Object #3ffa32af8c800746174bdd32e6b005c1f1b1e502f83c0321d9ed8cfba59f1b72)
			Operation on object of type java.security.cert.CertificateFactory object not completed. Expected call to generateCertPath, generateCRL, java.security.cert.CertificateFactory: java.security.cert.Certificate generateCertificate(java.io.InputStream)
			at statement: $r9 = virtualinvoke $r5.<java.security.cert.CertificateFactory: java.security.cert.Certificate generateCertificate(java.io.InputStream)>($r8)


Findings in Java Class: okhttp3.internal.platform.AndroidPlatform

	 in Method: javax.net.ssl.SSLContext getSSLContext()
		ConstraintError violating CrySL rule for javax.net.ssl.SSLContext (on Object #19539dcc7c4f5f304d60784fe778b3f9d287f6cade9036f03798f5b5666438c3)
			First parameter (with value "TLS") should be any of {TLSv1.2, TLSv1.3}
			at statement: $r3 = staticinvoke <javax.net.ssl.SSLContext: javax.net.ssl.SSLContext getInstance(java.lang.String)>(varReplacer40577)


Findings in Java Class: okhttp3.internal.platform.ConscryptPlatform

	 in Method: javax.net.ssl.SSLContext getSSLContext()
		ConstraintError violating CrySL rule for javax.net.ssl.SSLContext (on Object #f892466bb318d83c0310f2d0423f0536a51ecc15ee8945e572868c4bce9fc7e)
			First parameter (with value "TLS") should be any of {TLSv1.2, TLSv1.3}
			at statement: $r3 = staticinvoke <javax.net.ssl.SSLContext: javax.net.ssl.SSLContext getInstance(java.lang.String,java.security.Provider)>(varReplacer40579, $r2)


Findings in Java Class: okhttp3.internal.platform.Platform

	 in Method: javax.net.ssl.SSLContext getSSLContext()
		ConstraintError violating CrySL rule for javax.net.ssl.SSLContext (on Object #c07c69c498bcecf2963e2f8f72c3e0f987afb5850d6476b5dfa27dc405f82a8b)
			First parameter (with value "TLS") should be any of {TLSv1.2, TLSv1.3}
			at statement: $r2 = staticinvoke <javax.net.ssl.SSLContext: javax.net.ssl.SSLContext getInstance(java.lang.String)>(varReplacer40581)


Findings in Java Class: okhttp3.OkHttpClient

	 in Method: javax.net.ssl.SSLSocketFactory newSslSocketFactory(javax.net.ssl.X509TrustManager)
		RequiredPredicateError violating CrySL rule for javax.net.ssl.SSLContext
			Second parameter was not properly generated as generatedTrustManagers
			at statement: virtualinvoke $r2.<javax.net.ssl.SSLContext: void init(javax.net.ssl.KeyManager[],javax.net.ssl.TrustManager[],java.security.SecureRandom)>(varReplacer39752, $r8, varReplacer39752)

		RequiredPredicateError violating CrySL rule for javax.net.ssl.SSLContext
			Third parameter was not properly generated as randomized
			at statement: virtualinvoke $r2.<javax.net.ssl.SSLContext: void init(javax.net.ssl.KeyManager[],javax.net.ssl.TrustManager[],java.security.SecureRandom)>(varReplacer39752, $r8, varReplacer39752)

		RequiredPredicateError violating CrySL rule for javax.net.ssl.SSLContext
			First parameter was not properly generated as generatedKeyManagers
			at statement: virtualinvoke $r2.<javax.net.ssl.SSLContext: void init(javax.net.ssl.KeyManager[],javax.net.ssl.TrustManager[],java.security.SecureRandom)>(varReplacer39752, $r8, varReplacer39752)


Findings in Java Class: okhttp3.internal.Util

	 in Method: javax.net.ssl.X509TrustManager platformTrustManager()
		RequiredPredicateError violating CrySL rule for javax.net.ssl.TrustManagerFactory
			First parameter was not properly generated as generatedKeyStore
			at statement: virtualinvoke $r1.<javax.net.ssl.TrustManagerFactory: void init(java.security.KeyStore)>(varReplacer39755)


======================= CryptoAnalysis Summary ==========================
	Number of CrySL rules: 49
	Number of Objects Analyzed: 25

	CryptoAnalysis found the following violations. For details see description above.
	ConstraintError: 6
	RequiredPredicateError: 11
	TypestateError: 1
	IncompleteOperationError: 120
=====================================================================
