0    [main] WARN  pes.access.impl.DeclaredTypeFactory  - --- xtext.common.types ---------------------------------------------------
1    [main] WARN  pes.access.impl.DeclaredTypeFactory  - ASM library is too old. Falling back to java.lang.reflect API.
1    [main] WARN  pes.access.impl.DeclaredTypeFactory  - Please note that no information about compile time constants is available.
1    [main] WARN  pes.access.impl.DeclaredTypeFactory  - It's recommended to use org.objectweb.asm 9.1.0 or better (Maven group id: org.ow2.asm).
1    [main] WARN  pes.access.impl.DeclaredTypeFactory  - --------------------------------------------------------------------------
Alive 17590  5000
Ruleset: 
	java.security.cert.TrustAnchor
	javax.crypto.spec.GCMParameterSpec
	javax.xml.crypto.dsig.spec.HMACParameterSpec
	java.security.KeyPair
	java.security.DigestOutputStream
	javax.net.ssl.KeyStoreBuilderParameters
	javax.crypto.spec.OAEPParameterSpec
	javax.net.ssl.SSLContext
	javax.crypto.spec.DHGenParameterSpec
	javax.crypto.CipherOutputStream
	java.security.Key
	javax.crypto.SecretKeyFactory
	java.security.cert.PKIXBuilderParameters
	java.security.KeyFactory
	javax.crypto.spec.PBEKeySpec
	java.security.spec.DSAGenParameterSpec
	java.security.KeyPairGenerator
	javax.crypto.CipherInputStream
	javax.net.ssl.CertPathTrustManagerParameters
	java.security.cert.CertificateFactory
	java.security.SecureRandom
	java.security.spec.MGF1ParameterSpec
	javax.net.ssl.SSLEngine
	javax.crypto.spec.DHParameterSpec
	java.security.spec.DSAParameterSpec
	java.security.spec.ECParameterSpec
	java.security.spec.RSAKeyGenParameterSpec
	javax.crypto.spec.IvParameterSpec
	javax.crypto.Cipher
	javax.crypto.spec.PBEParameterSpec
	java.security.AlgorithmParameterGenerator
	java.security.spec.X509EncodedKeySpec
	javax.net.ssl.TrustManagerFactory
	java.security.DigestInputStream
	void
	javax.net.ssl.KeyManagerFactory
	java.security.cert.PKIXParameters
	java.net.PasswordAuthentication
	java.security.AlgorithmParameters
	javax.crypto.KeyAgreement
	javax.crypto.spec.SecretKeySpec
	javax.net.ssl.SSLParameters
	java.security.MessageDigest
	javax.crypto.SecretKey
	javax.crypto.KeyGenerator
	java.security.KeyStore
	javax.crypto.Mac
	java.security.spec.ECGenParameterSpec
	java.security.Signature

Analyzed Objects: 
	Object:
		Variable: $r4
		Type: java.security.MessageDigest
		Statement: $r4 = staticinvoke <java.security.MessageDigest: java.security.MessageDigest getInstance(java.lang.String)>(varReplacer25674)
		Method: <org.bouncycastle.openpgp.operator.jcajce.JcaKeyFingerprintCalculator: byte[] calculateFingerprint(org.bouncycastle.bcpg.PublicKeyPacket)>
		SHA-256: fcdd3d82cc2d36ea269083217973630bf67b37cb3dfb40c07909f83832b17218
		Secure: false
	Object:
		Variable: $r0
		Type: java.security.MessageDigest
		Statement: $r0 = staticinvoke <java.security.MessageDigest: java.security.MessageDigest getInstance(java.lang.String)>(varReplacer20986)
		Method: <org.pwsafe.lib.crypto.SHA256Pws: java.security.MessageDigest getSha()>
		SHA-256: e6963381f43862b0e7d242534e63bad69aaec4ce9efb54ce84e4fdec47add8ca
		Secure: true
	Object:
		Variable: r0
		Type: org.bouncycastle.x509.ExtendedPKIXParameters
		Statement: specialinvoke r0.<java.security.cert.PKIXParameters: void <init>(java.util.Set)>($r1)
		Method: <org.bouncycastle.x509.ExtendedPKIXParameters: void <init>(java.util.Set)>
		SHA-256: bc4db4edf85d5095c872f763083d4cdd57eaf413157a98ff957c0439448eaca6
		Secure: true
	Object:
		Variable: $r4
		Type: javax.crypto.spec.IvParameterSpec
		Statement: specialinvoke $r4.<javax.crypto.spec.IvParameterSpec: void <init>(byte[])>($r1)
		Method: <org.pwsafe.lib.file.PwsFile: javax.crypto.Cipher getCipher(boolean)>
		SHA-256: 56739191d4ab447f33ef570f805e71028a90f9ac0e736d9a91a4b74e10861d10
		Secure: false
	Object:
		Variable: $r4
		Type: byte[]
		Statement: virtualinvoke $r5.<java.security.SecureRandom: void nextBytes(byte[])>($r4)
		Method: <org.bouncycastle.crypto.encodings.PKCS1Encoding: byte[] decodeBlockOrRandom(byte[],int,int)>
		SHA-256: f0d838aba1c9e27b028a361659061451d28753724f242b369ab4684652f24999
		Secure: true
	Object:
		Variable: $r3
		Type: java.security.SecureRandom
		Statement: specialinvoke $r3.<java.security.SecureRandom: void <init>()>()
		Method: <org.bouncycastle.pqc.crypto.gmss.GMSSSigner: void init(boolean,org.bouncycastle.crypto.CipherParameters)>
		SHA-256: 2dc8cd1c1fa7979cada7be8f8320f93342af2ff1963c7c499a3420b2b9545bfa
		Secure: true
	Object:
		Variable: $r3
		Type: java.security.SecureRandom
		Statement: specialinvoke $r3.<java.security.SecureRandom: void <init>()>()
		Method: <org.bouncycastle.crypto.signers.ECGOST3410_2012Signer: void init(boolean,org.bouncycastle.crypto.CipherParameters)>
		SHA-256: 66b8fe936a6d7cfdc7cd8c06af33eb87c18c5d3767ce2ad49d621fb299693e95
		Secure: true
	Object:
		Variable: $r3
		Type: byte[]
		Statement: virtualinvoke $r4.<java.security.SecureRandom: void nextBytes(byte[])>($r3)
		Method: <org.bouncycastle.crypto.encodings.PKCS1Encoding: byte[] encodeBlock(byte[],int,int)>
		SHA-256: 85d332321dc5f8e0e93243185cceb3f361c013eda36223e03f5cc72d1a741bc7
		Secure: true
	Object:
		Variable: $r9
		Type: java.security.SecureRandom
		Statement: specialinvoke $r9.<java.security.SecureRandom: void <init>()>()
		Method: <org.bouncycastle.crypto.signers.SM2Signer: void init(boolean,org.bouncycastle.crypto.CipherParameters)>
		SHA-256: 4e9e555d81f3f96e91f9ad5699557c96f5b92c3b21e9204058181b260a3a9db5
		Secure: true
	Object:
		Variable: $r3
		Type: javax.crypto.spec.SecretKeySpec
		Statement: specialinvoke $r3.<javax.crypto.spec.SecretKeySpec: void <init>(byte[],java.lang.String)>($r1, varReplacer20864)
		Method: <org.pwsafe.lib.file.PwsFile: javax.crypto.Cipher getCipher(boolean)>
		SHA-256: 72cec2c7580a4b0575b352b0e333c80d720b0c2ca8b14ca2603d692e3769af12
		Secure: false
	Object:
		Variable: $r17
		Type: java.security.spec.ECParameterSpec
		Statement: specialinvoke $r17.<java.security.spec.ECParameterSpec: void <init>(java.security.spec.EllipticCurve,java.security.spec.ECPoint,java.math.BigInteger,int)>($r10, $r14, $r15, varReplacer30219)
		Method: <org.bouncycastle.jcajce.provider.asymmetric.util.EC5Util: java.security.spec.ECParameterSpec convertToSpec(org.bouncycastle.asn1.x9.X962Parameters,org.bouncycastle.math.ec.ECCurve)>
		SHA-256: e3791806d841c22c80b5d5b99f186e5f4fd1e4de20007f6b9994f252e549803e
		Secure: true
	Object:
		Variable: $r9
		Type: java.security.spec.DSAParameterSpec
		Statement: specialinvoke $r9.<java.security.spec.DSAParameterSpec: void <init>(java.math.BigInteger,java.math.BigInteger,java.math.BigInteger)>($r5, $r10, $r11)
		Method: <org.bouncycastle.jcajce.provider.asymmetric.dsa.BCDSAPublicKey: void <init>(org.bouncycastle.asn1.x509.SubjectPublicKeyInfo)>
		SHA-256: ca8c57f00e636666523b3803cf2d449c7668aea2653306a5d436a81914fd7df0
		Secure: true
	Object:
		Variable: $r3
		Type: java.security.SecureRandom
		Statement: specialinvoke $r3.<java.security.SecureRandom: void <init>()>()
		Method: <org.bouncycastle.crypto.signers.ECNRSigner: void init(boolean,org.bouncycastle.crypto.CipherParameters)>
		SHA-256: 9280f6752b6e6221628d06f9d60b4341d2a16061cd2ae2c26b66d065728b8af7
		Secure: true
	Object:
		Variable: $r0
		Type: byte[]
		Statement: $r0 = virtualinvoke $r1.<java.security.MessageDigest: byte[] digest(byte[])>($r0)
		Method: <org.pwsafe.lib.crypto.SHA256Pws: byte[] digestNJava(byte[],int)>
		SHA-256: 72e0d2c1145b845fd4725294c6e41e1354a875338087e0c0b6b2346fbd68c8b
		Secure: true
	Object:
		Variable: $r4
		Type: java.security.SecureRandom
		Statement: specialinvoke $r4.<java.security.SecureRandom: void <init>()>()
		Method: <org.bouncycastle.crypto.signers.PSSSigner: void init(boolean,org.bouncycastle.crypto.CipherParameters)>
		SHA-256: 7331639808f0d8733f5df0230ac3a48eecf3cff3ed703c4c0022f9cd7cd80756
		Secure: true
	Object:
		Variable: $r8
		Type: javax.crypto.spec.IvParameterSpec
		Statement: specialinvoke $r8.<javax.crypto.spec.IvParameterSpec: void <init>(byte[])>($r7)
		Method: <net.tjado.passwdsafe.SavedPasswordsMgr: javax.crypto.Cipher getKeyCipher(android.net.Uri,boolean)>
		SHA-256: d9584200ba4d59a91ff307168f7e85464d8f93b3b3708cfd5b289d69b9f38014
		Secure: false
	Object:
		Variable: $r5
		Type: javax.crypto.Mac
		Statement: $r5 = staticinvoke <javax.crypto.Mac: javax.crypto.Mac getInstance(java.lang.String)>($r4)
		Method: <net.tjado.passwdsafe.otp.Token: java.lang.String getHOTP(long)>
		SHA-256: add95c583aaf6790f9a39c5833e3665b2b1abcb02a57f0f11ff0f144c1f17c78
		Secure: false
	Object:
		Variable: $r3
		Type: java.security.SecureRandom
		Statement: specialinvoke $r3.<java.security.SecureRandom: void <init>()>()
		Method: <org.bouncycastle.crypto.signers.ECGOST3410Signer: void init(boolean,org.bouncycastle.crypto.CipherParameters)>
		SHA-256: caabe0390e3d2386e10c04d6d72b0b44e335e1623efc6992e7ef060aaafe4388
		Secure: true
	Object:
		Variable: $r1
		Type: byte[]
		Statement: $r1 = virtualinvoke $r5.<javax.crypto.Mac: byte[] doFinal(byte[])>($r1)
		Method: <net.tjado.passwdsafe.otp.Token: java.lang.String getHOTP(long)>
		SHA-256: be85fc54c3f76f9febc94daf15f95ceb03adf5867c14d06a679cfb69cf90ee29
		Secure: false
	Object:
		Variable: $r0
		Type: byte[]
		Statement: $r0 = virtualinvoke $r1.<java.security.MessageDigest: byte[] digest(byte[])>($r0)
		Method: <org.pwsafe.lib.crypto.SHA256Pws: byte[] digestNJava(byte[],int)>
		SHA-256: 72e0d2c1145b845fd4725294c6e41e1354a875338087e0c0b6b2346fbd68c8b
		Secure: true
	Object:
		Variable: $r0
		Type: java.security.SecureRandom
		Statement: $r0 = staticinvoke <java.security.SecureRandom: java.security.SecureRandom getInstance(java.lang.String)>(varReplacer302)
		Method: <net.tjado.passwdsafe.file.PasswdPolicy: java.util.Random getRandom()>
		SHA-256: 26a8dd9ea4d1add618dd0bf19d859ae199bb963cad6a206a33817c674f681a2d
		Secure: true
	Object:
		Variable: $r15
		Type: java.security.MessageDigest
		Statement: $r15 = staticinvoke <java.security.MessageDigest: java.security.MessageDigest getInstance(java.lang.String,java.lang.String)>($r14, varReplacer30826)
		Method: <org.bouncycastle.x509.AttributeCertificateHolder: boolean match(java.security.cert.Certificate)>
		SHA-256: c6cc6c16d1c3090faafc30b4bb6bd6768f332e5fe85a05beb2a49c848b85c7f1
		Secure: true
	Object:
		Variable: $r3
		Type: java.security.SecureRandom
		Statement: specialinvoke $r3.<java.security.SecureRandom: void <init>()>()
		Method: <org.bouncycastle.crypto.signers.GOST3410Signer: void init(boolean,org.bouncycastle.crypto.CipherParameters)>
		SHA-256: 61b7887e2cfe6269c9dc5ed1565a2d9c81d2ae6237d2a5bf20c73d26a54cd85c
		Secure: true
	Object:
		Variable: $r5
		Type: javax.crypto.KeyGenerator
		Statement: $r5 = staticinvoke <javax.crypto.KeyGenerator: javax.crypto.KeyGenerator getInstance(java.lang.String,java.lang.String)>(varReplacer28894, varReplacer28895)
		Method: <net.tjado.passwdsafe.SavedPasswordsMgr: void generateKey(android.net.Uri)>
		SHA-256: 7d41938878c591102f58422b286a0b40e724933d0c5b060bf488d5e75c7aa9d8
		Secure: true
	Object:
		Variable: $r3
		Type: byte[]
		Statement: virtualinvoke $r4.<java.security.SecureRandom: void nextBytes(byte[])>($r3)
		Method: <org.bouncycastle.crypto.signers.ISO9796d2PSSSigner: byte[] generateSignature()>
		SHA-256: 153ecb1a57e7fd3a3f9212bf84d10102d6cb1bcca8396308797653bf2209f59c
		Secure: true
	Object:
		Variable: $r3
		Type: java.security.SecureRandom
		Statement: specialinvoke $r3.<java.security.SecureRandom: void <init>()>()
		Method: <org.bouncycastle.crypto.signers.DSTU4145Signer: void init(boolean,org.bouncycastle.crypto.CipherParameters)>
		SHA-256: bb98eee2eb82fb2c71e59ff99dcc6ac412ba5d86e67e379f475f490796e58a35
		Secure: true
	Object:
		Variable: $r0
		Type: java.security.SecureRandom
		Statement: specialinvoke $r0.<java.security.SecureRandom: void <init>()>()
		Method: <net.tjado.passwdsafe.file.PasswdPolicy: java.util.Random getRandom()>
		SHA-256: 12a0d4fa6666f6a24b722fd140e1d4fbf846796f96a4495b542795a62394e7cf
		Secure: true
	Object:
		Variable: $r13
		Type: javax.crypto.spec.DHParameterSpec
		Statement: specialinvoke $r13.<javax.crypto.spec.DHParameterSpec: void <init>(java.math.BigInteger,java.math.BigInteger,int)>($r6, $r14, $i0)
		Method: <org.bouncycastle.jcajce.provider.asymmetric.dh.BCDHPublicKey: void <init>(org.bouncycastle.asn1.x509.SubjectPublicKeyInfo)>
		SHA-256: 9b0b38d08756ee57f2e1cc5afa33b90eb4de6e532c351db39bbc17a82a1ffc13
		Secure: true
	Object:
		Variable: $r1
		Type: java.security.KeyStore
		Statement: $r1 = staticinvoke <java.security.KeyStore: java.security.KeyStore getInstance(java.lang.String)>(varReplacer6446)
		Method: <net.tjado.passwdsafe.SavedPasswordsMgr: java.security.KeyStore getKeystore()>
		SHA-256: abecf2510b60452d492c9774a90de525ec495190a2711317d33ca50d79690e32
		Secure: false
	Object:
		Variable: $r1
		Type: java.security.SecureRandom
		Statement: specialinvoke $r1.<java.security.SecureRandom: void <init>()>()
		Method: <org.bouncycastle.crypto.paddings.ISO10126d2Padding: void init(java.security.SecureRandom)>
		SHA-256: 6db9bf5a3d5f9fa28eccec9396984113bbdc903a69715bf2daefa2626b696569
		Secure: true
	Object:
		Variable: $r3
		Type: java.security.SecureRandom
		Statement: specialinvoke $r3.<java.security.SecureRandom: void <init>()>()
		Method: <org.bouncycastle.crypto.signers.DSASigner: java.math.BigInteger getRandomizer(java.math.BigInteger,java.security.SecureRandom)>
		SHA-256: 728067e6297e9cc689793764cefcc080705eefa266c05439d9c7a7cf503909b7
		Secure: true
	Object:
		Variable: $r16
		Type: byte[]
		Statement: $r16 = virtualinvoke $r15.<java.security.MessageDigest: byte[] digest()>()
		Method: <org.bouncycastle.x509.AttributeCertificateHolder: boolean match(java.security.cert.Certificate)>
		SHA-256: 733e42bbdc4639c4f728ddf34e9b407d27b5d8c13567d81937f01e426dc09e8e
		Secure: true
	Object:
		Variable: $r4
		Type: java.security.Key
		Statement: $r4 = virtualinvoke $r3.<java.security.KeyStore: java.security.Key getKey(java.lang.String,char[])>($r2, varReplacer28700)
		Method: <net.tjado.passwdsafe.SavedPasswordsMgr: javax.crypto.Cipher getKeyCipher(android.net.Uri,boolean)>
		SHA-256: 8d166a65a93e33abebe36898d14def2a81d8c9ce0c448500723c355f279cd512
		Secure: false
	Object:
		Variable: $r2
		Type: javax.crypto.Cipher
		Statement: $r2 = staticinvoke <javax.crypto.Cipher: javax.crypto.Cipher getInstance(java.lang.String)>(varReplacer20869)
		Method: <org.pwsafe.lib.file.PwsFile: javax.crypto.Cipher getCipher(boolean)>
		SHA-256: b6f3cfe16cfb463662a4d932cbb1130c38f690ab863f7803fce84c021e9244e
		Secure: false
	Object:
		Variable: $r5
		Type: java.security.SecureRandom
		Statement: specialinvoke $r5.<java.security.SecureRandom: void <init>()>()
		Method: <org.bouncycastle.crypto.engines.RSABlindedEngine: void init(boolean,org.bouncycastle.crypto.CipherParameters)>
		SHA-256: 94642bb44c85c75f78f22ec3372247e7bdbb1cf02676b4bfb5838a813a31c51a
		Secure: true
	Object:
		Variable: $r1
		Type: java.security.SecureRandom
		Statement: specialinvoke $r1.<java.security.SecureRandom: void <init>()>()
		Method: <org.pwsafe.lib.Util: void <clinit>()>
		SHA-256: 58a02bf175f5809b6d8a5b7e6a362354ea3d44e07f9f890ad415bc005ece4cf4
		Secure: true
	Object:
		Variable: $r3
		Type: java.security.SecureRandom
		Statement: specialinvoke $r3.<java.security.SecureRandom: void <init>()>()
		Method: <org.bouncycastle.pqc.crypto.rainbow.RainbowSigner: void init(boolean,org.bouncycastle.crypto.CipherParameters)>
		SHA-256: b0d1ba3da8064ca082b6ab923adae7a1f903b06296e62e14fc3b962758995d3f
		Secure: true
	Object:
		Variable: $r4
		Type: java.security.SecureRandom
		Statement: specialinvoke $r4.<java.security.SecureRandom: void <init>()>()
		Method: <org.bouncycastle.crypto.engines.ElGamalEngine: void init(boolean,org.bouncycastle.crypto.CipherParameters)>
		SHA-256: cc0b332bb2ddc847ca308294e1c87841df1bdcc2359c6b4559abe498d8131c20
		Secure: true
	Object:
		Variable: $r13
		Type: javax.crypto.spec.DHParameterSpec
		Statement: specialinvoke $r13.<javax.crypto.spec.DHParameterSpec: void <init>(java.math.BigInteger,java.math.BigInteger)>($r6, $r14)
		Method: <org.bouncycastle.jcajce.provider.asymmetric.dh.BCDHPublicKey: void <init>(org.bouncycastle.asn1.x509.SubjectPublicKeyInfo)>
		SHA-256: 3451edf3dccf50176e144b7254eeb29d3cdc8d30009e3ba3c4cad7a8e560fa46
		Secure: true
	Object:
		Variable: $r1
		Type: javax.crypto.spec.DHParameterSpec
		Statement: specialinvoke $r1.<javax.crypto.spec.DHParameterSpec: void <init>(java.math.BigInteger,java.math.BigInteger)>($r3, $r4)
		Method: <org.bouncycastle.jcajce.provider.asymmetric.elgamal.BCElGamalPrivateKey: javax.crypto.spec.DHParameterSpec getParams()>
		SHA-256: c908257ebef1e44e27421c3dc6127a4c79990e1515e273132ea2c2cb020fcdee
		Secure: true
	Object:
		Variable: varReplacer20864
		Type: java.lang.String
		Statement: specialinvoke $r3.<javax.crypto.spec.SecretKeySpec: void <init>(byte[],java.lang.String)>($r1, varReplacer20864)
		Method: <org.pwsafe.lib.file.PwsFile: javax.crypto.Cipher getCipher(boolean)>
		SHA-256: 483c9dd6a3e5955f217f0ab3e75fd656e1a42207253798819c7b9424684639de
		Secure: false
	Object:
		Variable: $r4
		Type: java.lang.String
		Statement: specialinvoke $r13.<javax.crypto.spec.SecretKeySpec: void <init>(byte[],java.lang.String)>($r1, $r4)
		Method: <net.tjado.passwdsafe.otp.Token: java.lang.String getHOTP(long)>
		SHA-256: 4e266eb5f716cccbba66fc8df317c6d1cb63a75dfa25ecd65070a638ce48d2d5
		Secure: false
	Object:
		Variable: $r1
		Type: javax.crypto.spec.DHParameterSpec
		Statement: specialinvoke $r1.<javax.crypto.spec.DHParameterSpec: void <init>(java.math.BigInteger,java.math.BigInteger)>($r3, $r4)
		Method: <org.bouncycastle.jce.provider.JCEElGamalPrivateKey: javax.crypto.spec.DHParameterSpec getParams()>
		SHA-256: 6b8822e70d4604e23c0ea07692bf2c9c1daaa36d64fb48b6df14aae465189041
		Secure: true
	Object:
		Variable: $r0
		Type: byte[]
		Statement: $r0 = virtualinvoke $r1.<java.security.MessageDigest: byte[] digest(byte[])>($r0)
		Method: <org.pwsafe.lib.crypto.SHA256Pws: byte[] digest(byte[])>
		SHA-256: 8b859cf1040c5257809bdce3d22e865ad25e25d88a9e3eb4d6964fa97d8dc6ed
		Secure: true
	Object:
		Variable: $r5
		Type: javax.crypto.Cipher
		Statement: $r5 = staticinvoke <javax.crypto.Cipher: javax.crypto.Cipher getInstance(java.lang.String)>(varReplacer28698)
		Method: <net.tjado.passwdsafe.SavedPasswordsMgr: javax.crypto.Cipher getKeyCipher(android.net.Uri,boolean)>
		SHA-256: cf7b751bb1fd78d0a7cde612288904bb6ccd355f282b3b084ad0c2cb9a7e6587
		Secure: false
	Object:
		Variable: r0
		Type: org.bouncycastle.jce.spec.ECNamedCurveSpec
		Statement: specialinvoke r0.<java.security.spec.ECParameterSpec: void <init>(java.security.spec.EllipticCurve,java.security.spec.ECPoint,java.math.BigInteger,int)>($r2, $r3, $r4, $i0)
		Method: <org.bouncycastle.jce.spec.ECNamedCurveSpec: void <init>(java.lang.String,java.security.spec.EllipticCurve,java.security.spec.ECPoint,java.math.BigInteger,java.math.BigInteger)>
		SHA-256: b36d50207c12d926e435b859cb9848007d52f50b2e62c847e597de1f84f657c6
		Secure: true
	Object:
		Variable: $r4
		Type: java.security.SecureRandom
		Statement: specialinvoke $r4.<java.security.SecureRandom: void <init>()>()
		Method: <org.bouncycastle.crypto.signers.ISO9796d2PSSSigner: void init(boolean,org.bouncycastle.crypto.CipherParameters)>
		SHA-256: 6dae500fa4127477f702f7c8db5b65ac00e8420fed109375c053548083b8d090
		Secure: true
	Object:
		Variable: $r1
		Type: java.security.SecureRandom
		Statement: specialinvoke $r1.<java.security.SecureRandom: void <init>()>()
		Method: <org.bouncycastle.crypto.signers.ECDSASigner: java.security.SecureRandom initSecureRandom(boolean,java.security.SecureRandom)>
		SHA-256: f3053cf85ff0ce748590d7e6a4da3184d4158a2e3d38a0473e74cc66757dd76
		Secure: true
	Object:
		Variable: $r7
		Type: byte[]
		Statement: $r7 = virtualinvoke $r4.<java.security.MessageDigest: byte[] digest()>()
		Method: <org.bouncycastle.openpgp.operator.jcajce.JcaKeyFingerprintCalculator: byte[] calculateFingerprint(org.bouncycastle.bcpg.PublicKeyPacket)>
		SHA-256: 953184e3a8663fb0526df6c3e701c9bcba07cff626444393145d5f5fa3298ee4
		Secure: false
	Object:
		Variable: $r1
		Type: javax.crypto.spec.DHParameterSpec
		Statement: specialinvoke $r1.<javax.crypto.spec.DHParameterSpec: void <init>(java.math.BigInteger,java.math.BigInteger)>($r3, $r4)
		Method: <org.bouncycastle.jcajce.provider.asymmetric.elgamal.BCElGamalPublicKey: javax.crypto.spec.DHParameterSpec getParams()>
		SHA-256: a9c19b12994234db6ec00ed5b541d5738b556e23d3870b731ea4245dbf932de7
		Secure: true
	Object:
		Variable: $r4
		Type: java.security.MessageDigest
		Statement: $r4 = staticinvoke <java.security.MessageDigest: java.security.MessageDigest getInstance(java.lang.String)>(varReplacer25676)
		Method: <org.bouncycastle.openpgp.operator.jcajce.JcaKeyFingerprintCalculator: byte[] calculateFingerprint(org.bouncycastle.bcpg.PublicKeyPacket)>
		SHA-256: c9e3621511425e35b9552f645d380d3a6d02558c89a34f83041f15046c6a42f5
		Secure: false
	Object:
		Variable: $r13
		Type: javax.crypto.spec.SecretKeySpec
		Statement: specialinvoke $r13.<javax.crypto.spec.SecretKeySpec: void <init>(byte[],java.lang.String)>($r1, $r4)
		Method: <net.tjado.passwdsafe.otp.Token: java.lang.String getHOTP(long)>
		SHA-256: f2790f27f685e819118e9ee3be16629a839f46e512e0aeef074e2dc1dec725f8
		Secure: false
	Object:
		Variable: $r2
		Type: java.security.SecureRandom
		Statement: specialinvoke $r2.<java.security.SecureRandom: void <init>()>()
		Method: <org.bouncycastle.crypto.encodings.OAEPEncoding: void init(boolean,org.bouncycastle.crypto.CipherParameters)>
		SHA-256: 2927d56a192959dc3453ff63fb3830152d4c89781cce727cc1398f859f78edbf
		Secure: true
	Object:
		Variable: $r13
		Type: javax.crypto.spec.DHParameterSpec
		Statement: specialinvoke $r13.<javax.crypto.spec.DHParameterSpec: void <init>(java.math.BigInteger,java.math.BigInteger)>($r6, $r14)
		Method: <org.bouncycastle.jcajce.provider.asymmetric.dh.BCDHPublicKey: void <init>(org.bouncycastle.asn1.x509.SubjectPublicKeyInfo)>
		SHA-256: 3451edf3dccf50176e144b7254eeb29d3cdc8d30009e3ba3c4cad7a8e560fa46
		Secure: true
	Object:
		Variable: $r1
		Type: java.security.SecureRandom
		Statement: specialinvoke $r1.<java.security.SecureRandom: void <init>()>()
		Method: <org.bouncycastle.crypto.signers.DSASigner: java.security.SecureRandom initSecureRandom(boolean,java.security.SecureRandom)>
		SHA-256: e8268e06cdec9b55dd4e3a8d37eef42c3e6d25c634d5bfaad5469f6fbc26035f
		Secure: true
	Object:
		Variable: $r2
		Type: byte[]
		Statement: virtualinvoke $r0.<java.util.Random: void nextBytes(byte[])>($r2)
		Method: <net.tjado.passwdsafe.file.PasswdPolicy: java.util.Random getRandom()>
		SHA-256: 6637dfbb4cfa5d775b45b8747fa1ac47ecb4a13bf7074c815c2e3faf95c40167
		Secure: true
	Object:
		Variable: $r7
		Type: byte[]
		Statement: $r7 = virtualinvoke $r4.<java.security.MessageDigest: byte[] digest()>()
		Method: <org.bouncycastle.openpgp.operator.jcajce.JcaKeyFingerprintCalculator: byte[] calculateFingerprint(org.bouncycastle.bcpg.PublicKeyPacket)>
		SHA-256: 953184e3a8663fb0526df6c3e701c9bcba07cff626444393145d5f5fa3298ee4
		Secure: false
	Object:
		Variable: $r27
		Type: java.security.spec.ECParameterSpec
		Statement: specialinvoke $r27.<java.security.spec.ECParameterSpec: void <init>(java.security.spec.EllipticCurve,java.security.spec.ECPoint,java.math.BigInteger,int)>($r24, $r26, $r1, $i0)
		Method: <org.bouncycastle.jcajce.provider.asymmetric.dstu.BCDSTU4145PublicKey: void populateFromPubKeyInfo(org.bouncycastle.asn1.x509.SubjectPublicKeyInfo)>
		SHA-256: 9deb6609bc4306ea107c391861256ce8967efc9e995facc6f07a2930a991dcbf
		Secure: true
	Object:
		Variable: $r1
		Type: javax.crypto.spec.DHParameterSpec
		Statement: specialinvoke $r1.<javax.crypto.spec.DHParameterSpec: void <init>(java.math.BigInteger,java.math.BigInteger)>($r3, $r4)
		Method: <org.bouncycastle.jce.provider.JCEElGamalPublicKey: javax.crypto.spec.DHParameterSpec getParams()>
		SHA-256: 2f96be90287037dd5aa521a81412c6567fe97ad3bdc0a3e0dd37cb2855cfb876
		Secure: true
	Object:
		Variable: $r2
		Type: byte[]
		Statement: virtualinvoke $r3.<java.security.SecureRandom: void nextBytes(byte[])>($r2)
		Method: <org.bouncycastle.crypto.signers.PSSSigner: byte[] generateSignature()>
		SHA-256: 5971d6538d25f1e396808264bf05345b660a017c8af8ec968b717cf263b5ce6a
		Secure: true
	Object:
		Variable: $r17
		Type: java.security.spec.ECParameterSpec
		Statement: specialinvoke $r17.<java.security.spec.ECParameterSpec: void <init>(java.security.spec.EllipticCurve,java.security.spec.ECPoint,java.math.BigInteger,int)>($r10, $r14, $r15, $i0)
		Method: <org.bouncycastle.jcajce.provider.asymmetric.util.EC5Util: java.security.spec.ECParameterSpec convertToSpec(org.bouncycastle.asn1.x9.X962Parameters,org.bouncycastle.math.ec.ECCurve)>
		SHA-256: 586465352ab9af4baa8bd6b84d1dc9d3dd1da757db32b3c2f23070a01ae1e9c0
		Secure: true
	Object:
		Variable: $r3
		Type: java.security.SecureRandom
		Statement: specialinvoke $r3.<java.security.SecureRandom: void <init>()>()
		Method: <org.bouncycastle.crypto.generators.ECKeyPairGenerator: void init(org.bouncycastle.crypto.KeyGenerationParameters)>
		SHA-256: b9c970d7ca75c43cb7258988e82963e870aab49d0877fadda916613732dffc1d
		Secure: true
	Object:
		Variable: $r3
		Type: java.security.SecureRandom
		Statement: specialinvoke $r3.<java.security.SecureRandom: void <init>()>()
		Method: <org.bouncycastle.crypto.encodings.PKCS1Encoding: void init(boolean,org.bouncycastle.crypto.CipherParameters)>
		SHA-256: d60d93481dd6262546132fe8ec2f6f2c42eb3a0a1bfa20b033056f89fc2c0c59
		Secure: true

Findings in Java Class: net.tjado.passwdsafe.SavedPasswordsMgr

	 in Method: java.security.KeyStore getKeystore()
		ConstraintError violating CrySL rule for java.security.KeyStore (on Object #abecf2510b60452d492c9774a90de525ec495190a2711317d33ca50d79690e32)
			First parameter (with value "AndroidKeyStore") should be any of {JCEKS, JKS, DKS, PKCS11, PKCS12}
			at statement: $r1 = staticinvoke <java.security.KeyStore: java.security.KeyStore getInstance(java.lang.String)>(varReplacer6446)


	 in Method: javax.crypto.Cipher getKeyCipher(android.net.Uri,boolean)
		IncompleteOperationError violating CrySL rule for javax.crypto.Cipher (on Object #cf7b751bb1fd78d0a7cde612288904bb6ccd355f282b3b084ad0c2cb9a7e6587)
			Operation on object of type javax.crypto.Cipher object not completed. Expected call to init
			at statement: $r5 = staticinvoke <javax.crypto.Cipher: javax.crypto.Cipher getInstance(java.lang.String)>(varReplacer28698)

		RequiredPredicateError violating CrySL rule for javax.crypto.spec.IvParameterSpec
			First parameter was not properly generated as randomized
			at statement: specialinvoke $r8.<javax.crypto.spec.IvParameterSpec: void <init>(byte[])>($r7)

		ConstraintError violating CrySL rule for javax.crypto.Cipher (on Object #cf7b751bb1fd78d0a7cde612288904bb6ccd355f282b3b084ad0c2cb9a7e6587)
			First parameter (with value "AES/CBC/PKCS7Padding") should be any of AES/CBC/{PKCS5Padding, ISO10126Padding}
			at statement: $r5 = staticinvoke <javax.crypto.Cipher: javax.crypto.Cipher getInstance(java.lang.String)>(varReplacer28698)

		RequiredPredicateError violating CrySL rule for javax.crypto.Cipher
			Second parameter was not properly generated as generatedKey
			at statement: virtualinvoke $r5.<javax.crypto.Cipher: void init(int,java.security.Key,java.security.spec.AlgorithmParameterSpec)>(varReplacer28703, $r4, $r8)


Findings in Java Class: org.pwsafe.lib.file.PwsFileV3

	 in Method: void writeEncryptedBytes(byte[])
		IncompleteOperationError violating CrySL rule for javax.crypto.Cipher (on Object #b6f3cfe16cfb463662a4d932cbb1130c38f690ab863f7803fce84c021e9244e)
			Operation on object of type javax.crypto.Cipher object not completed. Expected call to init
			at statement: $i1 = virtualinvoke r0.<org.pwsafe.lib.file.PwsFileV3: int getBlockSize()>()


Findings in Java Class: org.pwsafe.lib.file.PwsFileV1V2

	 in Method: void writeEncryptedBytes(byte[])
		IncompleteOperationError violating CrySL rule for javax.crypto.Cipher (on Object #b6f3cfe16cfb463662a4d932cbb1130c38f690ab863f7803fce84c021e9244e)
			Operation on object of type javax.crypto.Cipher object not completed. Expected call to init
			at statement: $i1 = virtualinvoke r0.<org.pwsafe.lib.file.PwsFileV1V2: int getBlockSize()>()


	 in Method: void save()
		IncompleteOperationError violating CrySL rule for javax.crypto.Cipher (on Object #b6f3cfe16cfb463662a4d932cbb1130c38f690ab863f7803fce84c021e9244e)
			Operation on object of type javax.crypto.Cipher object not completed. Expected call to init
			at statement: virtualinvoke $r14.<org.pwsafe.lib.file.PwsRecord: void saveRecord(org.pwsafe.lib.file.PwsFile)>(r0)


Findings in Java Class: net.tjado.passwdsafe.file.PasswdFileData

	 in Method: void indexRecords()
		IncompleteOperationError violating CrySL rule for javax.crypto.Cipher (on Object #b6f3cfe16cfb463662a4d932cbb1130c38f690ab863f7803fce84c021e9244e)
			Operation on object of type javax.crypto.Cipher object not completed. Expected call to init
			at statement: $r5 = r0.<net.tjado.passwdsafe.file.PasswdFileData: org.pwsafe.lib.file.PwsFile itsPwsFile>

		IncompleteOperationError violating CrySL rule for javax.crypto.Cipher (on Object #b6f3cfe16cfb463662a4d932cbb1130c38f690ab863f7803fce84c021e9244e)
			Operation on object of type javax.crypto.Cipher object not completed. Expected call to init
			at statement: virtualinvoke $r3.<java.util.HashMap: java.lang.Object put(java.lang.Object,java.lang.Object)>($r10, $r8)

		IncompleteOperationError violating CrySL rule for javax.crypto.Cipher (on Object #b6f3cfe16cfb463662a4d932cbb1130c38f690ab863f7803fce84c021e9244e)
			Operation on object of type javax.crypto.Cipher object not completed. Expected call to init
			at statement: virtualinvoke $r15.<net.tjado.passwdsafe.file.PasswdRecord: void addRefToRecord(org.pwsafe.lib.file.PwsRecord)>($r8)

		IncompleteOperationError violating CrySL rule for javax.crypto.Cipher (on Object #b6f3cfe16cfb463662a4d932cbb1130c38f690ab863f7803fce84c021e9244e)
			Operation on object of type javax.crypto.Cipher object not completed. Expected call to init
			at statement: $r7 = interfaceinvoke $r4.<java.util.Map: java.lang.Object get(java.lang.Object)>($r8)

		IncompleteOperationError violating CrySL rule for javax.crypto.Cipher (on Object #b6f3cfe16cfb463662a4d932cbb1130c38f690ab863f7803fce84c021e9244e)
			Operation on object of type javax.crypto.Cipher object not completed. Expected call to init
			at statement: $r7 = interfaceinvoke $r4.<java.util.Map: java.lang.Object get(java.lang.Object)>($r8)

		IncompleteOperationError violating CrySL rule for javax.crypto.Cipher (on Object #b6f3cfe16cfb463662a4d932cbb1130c38f690ab863f7803fce84c021e9244e)
			Operation on object of type javax.crypto.Cipher object not completed. Expected call to init
			at statement: interfaceinvoke $r4.<java.util.Map: java.lang.Object put(java.lang.Object,java.lang.Object)>($r8, $r13)

		IncompleteOperationError violating CrySL rule for javax.crypto.Cipher (on Object #b6f3cfe16cfb463662a4d932cbb1130c38f690ab863f7803fce84c021e9244e)
			Operation on object of type javax.crypto.Cipher object not completed. Expected call to init
			at statement: $r6 = virtualinvoke $r5.<org.pwsafe.lib.file.PwsFile: java.util.Iterator getRecords()>()


	 in Method: void save(android.content.Context)
		IncompleteOperationError violating CrySL rule for javax.crypto.Cipher (on Object #b6f3cfe16cfb463662a4d932cbb1130c38f690ab863f7803fce84c021e9244e)
			Operation on object of type javax.crypto.Cipher object not completed. Expected call to init
			at statement: $r2 = r0.<net.tjado.passwdsafe.file.PasswdFileData: org.pwsafe.lib.file.PwsFile itsPwsFile>


Findings in Java Class: androidx.collection.MapCollections$ArrayIterator

	 in Method: java.lang.Object next()
		IncompleteOperationError violating CrySL rule for javax.crypto.Cipher (on Object #b6f3cfe16cfb463662a4d932cbb1130c38f690ab863f7803fce84c021e9244e)
			Operation on object of type javax.crypto.Cipher object not completed. Expected call to init
			at statement: $z0 = virtualinvoke r0.<androidx.collection.MapCollections$ArrayIterator: boolean hasNext()>()


Findings in Java Class: org.bouncycastle.openpgp.PGPObjectFactory$1

	 in Method: java.lang.Object next()
		IncompleteOperationError violating CrySL rule for javax.crypto.Cipher (on Object #b6f3cfe16cfb463662a4d932cbb1130c38f690ab863f7803fce84c021e9244e)
			Operation on object of type javax.crypto.Cipher object not completed. Expected call to init
			at statement: $z0 = virtualinvoke r0.<org.bouncycastle.openpgp.PGPObjectFactory$1: boolean hasNext()>()


Findings in Java Class: org.bouncycastle.openpgp.operator.jcajce.JcaKeyFingerprintCalculator

	 in Method: byte[] calculateFingerprint(org.bouncycastle.bcpg.PublicKeyPacket)
		ConstraintError violating CrySL rule for java.security.MessageDigest (on Object #fcdd3d82cc2d36ea269083217973630bf67b37cb3dfb40c07909f83832b17218)
			First parameter (with value "MD5") should be any of {SHA-256, SHA-384, SHA-512}
			at statement: $r4 = staticinvoke <java.security.MessageDigest: java.security.MessageDigest getInstance(java.lang.String)>(varReplacer25674)

		ConstraintError violating CrySL rule for java.security.MessageDigest (on Object #c9e3621511425e35b9552f645d380d3a6d02558c89a34f83041f15046c6a42f5)
			First parameter (with value "SHA1") should be any of {SHA-256, SHA-384, SHA-512}
			at statement: $r4 = staticinvoke <java.security.MessageDigest: java.security.MessageDigest getInstance(java.lang.String)>(varReplacer25676)


Findings in Java Class: net.tjado.passwdsafe.otp.Token

	 in Method: java.lang.String getHOTP(long)
		RequiredPredicateError violating CrySL rule for javax.crypto.spec.SecretKeySpec
			First parameter was not properly generated as preparedKeyMaterial
			at statement: specialinvoke $r13.<javax.crypto.spec.SecretKeySpec: void <init>(byte[],java.lang.String)>($r1, $r4)

		NeverTypeOfError violating CrySL rule for javax.crypto.spec.SecretKeySpec (on Object #f2790f27f685e819118e9ee3be16629a839f46e512e0aeef074e2dc1dec725f8)
			First parameter should never be of type java.lang.String.
			at statement: specialinvoke $r13.<javax.crypto.spec.SecretKeySpec: void <init>(byte[],java.lang.String)>($r1, $r4)

		NeverTypeOfError violating CrySL rule for javax.crypto.spec.SecretKeySpec (on Object #f2790f27f685e819118e9ee3be16629a839f46e512e0aeef074e2dc1dec725f8)
			First parameter should never be of type java.lang.String.
			at statement: specialinvoke $r13.<javax.crypto.spec.SecretKeySpec: void <init>(byte[],java.lang.String)>($r1, $r4)

		RequiredPredicateError violating CrySL rule for javax.crypto.Mac
			First parameter was not properly generated as generatedKey
			at statement: virtualinvoke $r5.<javax.crypto.Mac: void init(java.security.Key)>($r6)


Findings in Java Class: org.bouncycastle.x509.AttributeCertificateHolder

	 in Method: boolean match(java.security.cert.Certificate)
		TypestateError violating CrySL rule for java.security.MessageDigest (on Object #c6cc6c16d1c3090faafc30b4bb6bd6768f332e5fe85a05beb2a49c848b85c7f1)
			Unexpected call to method <java.security.MessageDigest: byte[] digest()> on object of type java.security.MessageDigest. Expect a call to one of the following methods java.security.MessageDigest: void update(byte[],int,int),java.security.MessageDigest: void update(java.nio.ByteBuffer),java.security.MessageDigest: byte[] digest(byte[]),java.security.MessageDigest: void update(byte[]),java.security.MessageDigest: void update(byte)
			at statement: $r16 = virtualinvoke $r15.<java.security.MessageDigest: byte[] digest()>()


Findings in Java Class: org.bouncycastle.crypto.encodings.PKCS1Encoding

	 in Method: byte[] decodeBlockOrRandom(byte[],int,int)
		TypestateError violating CrySL rule for java.security.SecureRandom (on Object #d60d93481dd6262546132fe8ec2f6f2c42eb3a0a1bfa20b033056f89fc2c0c59)
			Unexpected call to method nextBytes on object of type java.security.SecureRandom. Expect a call to one of the following methods init,getInstanceStrong,getInstance
			at statement: virtualinvoke $r5.<java.security.SecureRandom: void nextBytes(byte[])>($r4)


	 in Method: byte[] encodeBlock(byte[],int,int)
		IncompleteOperationError violating CrySL rule for java.security.SecureRandom (on Object #d60d93481dd6262546132fe8ec2f6f2c42eb3a0a1bfa20b033056f89fc2c0c59)
			Operation on object of type java.security.SecureRandom object not completed. Expected call to init, getInstanceStrong, getInstance
			at statement: $i2 = virtualinvoke r0.<org.bouncycastle.crypto.encodings.PKCS1Encoding: int getInputBlockSize()>()

		IncompleteOperationError violating CrySL rule for java.security.SecureRandom (on Object #94642bb44c85c75f78f22ec3372247e7bdbb1cf02676b4bfb5838a813a31c51a)
			Operation on object of type java.security.SecureRandom object not completed. Expected call to init, getInstanceStrong, getInstance
			at statement: $i2 = virtualinvoke r0.<org.bouncycastle.crypto.encodings.PKCS1Encoding: int getInputBlockSize()>()

		TypestateError violating CrySL rule for java.security.SecureRandom (on Object #d60d93481dd6262546132fe8ec2f6f2c42eb3a0a1bfa20b033056f89fc2c0c59)
			Unexpected call to method nextBytes on object of type java.security.SecureRandom. Expect a call to one of the following methods init,getInstanceStrong,getInstance
			at statement: virtualinvoke $r4.<java.security.SecureRandom: void nextBytes(byte[])>($r3)


	 in Method: void init(boolean,org.bouncycastle.crypto.CipherParameters)
		IncompleteOperationError violating CrySL rule for java.security.SecureRandom (on Object #d60d93481dd6262546132fe8ec2f6f2c42eb3a0a1bfa20b033056f89fc2c0c59)
			Operation on object of type java.security.SecureRandom object not completed. Expected call to init, getInstanceStrong, getInstance
			at statement: $r3 = r0.<org.bouncycastle.crypto.encodings.PKCS1Encoding: java.security.SecureRandom random>

		IncompleteOperationError violating CrySL rule for java.security.SecureRandom (on Object #94642bb44c85c75f78f22ec3372247e7bdbb1cf02676b4bfb5838a813a31c51a)
			Operation on object of type java.security.SecureRandom object not completed. Expected call to init, getInstanceStrong, getInstance
			at statement: $i0 = interfaceinvoke $r6.<org.bouncycastle.crypto.AsymmetricBlockCipher: int getOutputBlockSize()>()


	 in Method: byte[] decodeBlock(byte[],int,int)
		IncompleteOperationError violating CrySL rule for java.security.SecureRandom (on Object #d60d93481dd6262546132fe8ec2f6f2c42eb3a0a1bfa20b033056f89fc2c0c59)
			Operation on object of type java.security.SecureRandom object not completed. Expected call to init, getInstanceStrong, getInstance
			at statement: $i0 = specialinvoke r0.<org.bouncycastle.crypto.encodings.PKCS1Encoding: int findStart(byte,byte[])>($b3, $r1)

		IncompleteOperationError violating CrySL rule for java.security.SecureRandom (on Object #94642bb44c85c75f78f22ec3372247e7bdbb1cf02676b4bfb5838a813a31c51a)
			Operation on object of type java.security.SecureRandom object not completed. Expected call to init, getInstanceStrong, getInstance
			at statement: $i0 = specialinvoke r0.<org.bouncycastle.crypto.encodings.PKCS1Encoding: int findStart(byte,byte[])>($b3, $r1)


Findings in Java Class: org.bouncycastle.crypto.signers.PSSSigner

	 in Method: void init(boolean,org.bouncycastle.crypto.CipherParameters)
		IncompleteOperationError violating CrySL rule for java.security.SecureRandom (on Object #d60d93481dd6262546132fe8ec2f6f2c42eb3a0a1bfa20b033056f89fc2c0c59)
			Operation on object of type java.security.SecureRandom object not completed. Expected call to init, getInstanceStrong, getInstance
			at statement: interfaceinvoke $r7.<org.bouncycastle.crypto.AsymmetricBlockCipher: void init(boolean,org.bouncycastle.crypto.CipherParameters)>($z0, $r3)

		IncompleteOperationError violating CrySL rule for java.security.SecureRandom (on Object #d60d93481dd6262546132fe8ec2f6f2c42eb3a0a1bfa20b033056f89fc2c0c59)
			Operation on object of type java.security.SecureRandom object not completed. Expected call to init, getInstanceStrong, getInstance
			at statement: interfaceinvoke $r7.<org.bouncycastle.crypto.AsymmetricBlockCipher: void init(boolean,org.bouncycastle.crypto.CipherParameters)>($z0, $r1)

		IncompleteOperationError violating CrySL rule for java.security.SecureRandom (on Object #94642bb44c85c75f78f22ec3372247e7bdbb1cf02676b4bfb5838a813a31c51a)
			Operation on object of type java.security.SecureRandom object not completed. Expected call to init, getInstanceStrong, getInstance
			at statement: interfaceinvoke $r7.<org.bouncycastle.crypto.AsymmetricBlockCipher: void init(boolean,org.bouncycastle.crypto.CipherParameters)>($z0, $r3)

		IncompleteOperationError violating CrySL rule for java.security.SecureRandom (on Object #94642bb44c85c75f78f22ec3372247e7bdbb1cf02676b4bfb5838a813a31c51a)
			Operation on object of type java.security.SecureRandom object not completed. Expected call to init, getInstanceStrong, getInstance
			at statement: interfaceinvoke $r7.<org.bouncycastle.crypto.AsymmetricBlockCipher: void init(boolean,org.bouncycastle.crypto.CipherParameters)>($z0, $r1)


Findings in Java Class: org.bouncycastle.crypto.tls.TlsRSAUtils

	 in Method: byte[] generateEncryptedPreMasterSecret(org.bouncycastle.crypto.tls.TlsContext,org.bouncycastle.crypto.params.RSAKeyParameters,java.io.OutputStream)
		IncompleteOperationError violating CrySL rule for java.security.SecureRandom (on Object #d60d93481dd6262546132fe8ec2f6f2c42eb3a0a1bfa20b033056f89fc2c0c59)
			Operation on object of type java.security.SecureRandom object not completed. Expected call to init, getInstanceStrong, getInstance
			at statement: $r9 = virtualinvoke $r6.<org.bouncycastle.crypto.encodings.PKCS1Encoding: byte[] processBlock(byte[],int,int)>($r3, varReplacer37037, $i0)

		IncompleteOperationError violating CrySL rule for java.security.SecureRandom (on Object #94642bb44c85c75f78f22ec3372247e7bdbb1cf02676b4bfb5838a813a31c51a)
			Operation on object of type java.security.SecureRandom object not completed. Expected call to init, getInstanceStrong, getInstance
			at statement: $r9 = virtualinvoke $r6.<org.bouncycastle.crypto.encodings.PKCS1Encoding: byte[] processBlock(byte[],int,int)>($r3, varReplacer37037, $i0)


	 in Method: byte[] safeDecryptPreMasterSecret(org.bouncycastle.crypto.tls.TlsContext,org.bouncycastle.crypto.params.RSAKeyParameters,byte[])
		IncompleteOperationError violating CrySL rule for java.security.SecureRandom (on Object #d60d93481dd6262546132fe8ec2f6f2c42eb3a0a1bfa20b033056f89fc2c0c59)
			Operation on object of type java.security.SecureRandom object not completed. Expected call to init, getInstanceStrong, getInstance
			at statement: $r5 = virtualinvoke $r1.<org.bouncycastle.crypto.encodings.PKCS1Encoding: byte[] processBlock(byte[],int,int)>($r5, varReplacer38125, $i1)

		IncompleteOperationError violating CrySL rule for java.security.SecureRandom (on Object #94642bb44c85c75f78f22ec3372247e7bdbb1cf02676b4bfb5838a813a31c51a)
			Operation on object of type java.security.SecureRandom object not completed. Expected call to init, getInstanceStrong, getInstance
			at statement: $r5 = virtualinvoke $r1.<org.bouncycastle.crypto.encodings.PKCS1Encoding: byte[] processBlock(byte[],int,int)>($r5, varReplacer38125, $i1)


Findings in Java Class: org.bouncycastle.crypto.signers.X931Signer

	 in Method: void init(boolean,org.bouncycastle.crypto.CipherParameters)
		IncompleteOperationError violating CrySL rule for java.security.SecureRandom (on Object #d60d93481dd6262546132fe8ec2f6f2c42eb3a0a1bfa20b033056f89fc2c0c59)
			Operation on object of type java.security.SecureRandom object not completed. Expected call to init, getInstanceStrong, getInstance
			at statement: interfaceinvoke $r3.<org.bouncycastle.crypto.AsymmetricBlockCipher: void init(boolean,org.bouncycastle.crypto.CipherParameters)>($z0, $r1)

		IncompleteOperationError violating CrySL rule for java.security.SecureRandom (on Object #94642bb44c85c75f78f22ec3372247e7bdbb1cf02676b4bfb5838a813a31c51a)
			Operation on object of type java.security.SecureRandom object not completed. Expected call to init, getInstanceStrong, getInstance
			at statement: interfaceinvoke $r3.<org.bouncycastle.crypto.AsymmetricBlockCipher: void init(boolean,org.bouncycastle.crypto.CipherParameters)>($z0, $r1)


Findings in Java Class: org.bouncycastle.crypto.signers.GenericSigner

	 in Method: void init(boolean,org.bouncycastle.crypto.CipherParameters)
		IncompleteOperationError violating CrySL rule for java.security.SecureRandom (on Object #d60d93481dd6262546132fe8ec2f6f2c42eb3a0a1bfa20b033056f89fc2c0c59)
			Operation on object of type java.security.SecureRandom object not completed. Expected call to init, getInstanceStrong, getInstance
			at statement: interfaceinvoke $r6.<org.bouncycastle.crypto.AsymmetricBlockCipher: void init(boolean,org.bouncycastle.crypto.CipherParameters)>($z0, $r1)

		IncompleteOperationError violating CrySL rule for java.security.SecureRandom (on Object #94642bb44c85c75f78f22ec3372247e7bdbb1cf02676b4bfb5838a813a31c51a)
			Operation on object of type java.security.SecureRandom object not completed. Expected call to init, getInstanceStrong, getInstance
			at statement: interfaceinvoke $r6.<org.bouncycastle.crypto.AsymmetricBlockCipher: void init(boolean,org.bouncycastle.crypto.CipherParameters)>($z0, $r1)


Findings in Java Class: org.bouncycastle.crypto.signers.ISO9796d2Signer

	 in Method: void init(boolean,org.bouncycastle.crypto.CipherParameters)
		IncompleteOperationError violating CrySL rule for java.security.SecureRandom (on Object #d60d93481dd6262546132fe8ec2f6f2c42eb3a0a1bfa20b033056f89fc2c0c59)
			Operation on object of type java.security.SecureRandom object not completed. Expected call to init, getInstanceStrong, getInstance
			at statement: interfaceinvoke $r1.<org.bouncycastle.crypto.AsymmetricBlockCipher: void init(boolean,org.bouncycastle.crypto.CipherParameters)>($z0, $r3)

		IncompleteOperationError violating CrySL rule for java.security.SecureRandom (on Object #94642bb44c85c75f78f22ec3372247e7bdbb1cf02676b4bfb5838a813a31c51a)
			Operation on object of type java.security.SecureRandom object not completed. Expected call to init, getInstanceStrong, getInstance
			at statement: interfaceinvoke $r1.<org.bouncycastle.crypto.AsymmetricBlockCipher: void init(boolean,org.bouncycastle.crypto.CipherParameters)>($z0, $r3)


Findings in Java Class: org.bouncycastle.crypto.signers.ISO9796d2PSSSigner

	 in Method: void init(boolean,org.bouncycastle.crypto.CipherParameters)
		IncompleteOperationError violating CrySL rule for java.security.SecureRandom (on Object #d60d93481dd6262546132fe8ec2f6f2c42eb3a0a1bfa20b033056f89fc2c0c59)
			Operation on object of type java.security.SecureRandom object not completed. Expected call to init, getInstanceStrong, getInstance
			at statement: interfaceinvoke $r8.<org.bouncycastle.crypto.AsymmetricBlockCipher: void init(boolean,org.bouncycastle.crypto.CipherParameters)>($z0, $r3)

		IncompleteOperationError violating CrySL rule for java.security.SecureRandom (on Object #94642bb44c85c75f78f22ec3372247e7bdbb1cf02676b4bfb5838a813a31c51a)
			Operation on object of type java.security.SecureRandom object not completed. Expected call to init, getInstanceStrong, getInstance
			at statement: interfaceinvoke $r8.<org.bouncycastle.crypto.AsymmetricBlockCipher: void init(boolean,org.bouncycastle.crypto.CipherParameters)>($z0, $r3)


Findings in Java Class: org.bouncycastle.crypto.encodings.OAEPEncoding

	 in Method: void init(boolean,org.bouncycastle.crypto.CipherParameters)
		IncompleteOperationError violating CrySL rule for java.security.SecureRandom (on Object #d60d93481dd6262546132fe8ec2f6f2c42eb3a0a1bfa20b033056f89fc2c0c59)
			Operation on object of type java.security.SecureRandom object not completed. Expected call to init, getInstanceStrong, getInstance
			at statement: interfaceinvoke $r4.<org.bouncycastle.crypto.AsymmetricBlockCipher: void init(boolean,org.bouncycastle.crypto.CipherParameters)>($z0, $r1)

		IncompleteOperationError violating CrySL rule for java.security.SecureRandom (on Object #94642bb44c85c75f78f22ec3372247e7bdbb1cf02676b4bfb5838a813a31c51a)
			Operation on object of type java.security.SecureRandom object not completed. Expected call to init, getInstanceStrong, getInstance
			at statement: interfaceinvoke $r4.<org.bouncycastle.crypto.AsymmetricBlockCipher: void init(boolean,org.bouncycastle.crypto.CipherParameters)>($z0, $r1)


	 in Method: byte[] encodeBlock(byte[],int,int)
		IncompleteOperationError violating CrySL rule for java.security.SecureRandom (on Object #94642bb44c85c75f78f22ec3372247e7bdbb1cf02676b4bfb5838a813a31c51a)
			Operation on object of type java.security.SecureRandom object not completed. Expected call to init, getInstanceStrong, getInstance
			at statement: $i2 = virtualinvoke r0.<org.bouncycastle.crypto.encodings.OAEPEncoding: int getInputBlockSize()>()


	 in Method: byte[] decodeBlock(byte[],int,int)
		IncompleteOperationError violating CrySL rule for java.security.SecureRandom (on Object #94642bb44c85c75f78f22ec3372247e7bdbb1cf02676b4bfb5838a813a31c51a)
			Operation on object of type java.security.SecureRandom object not completed. Expected call to init, getInstanceStrong, getInstance
			at statement: $r3 = specialinvoke r0.<org.bouncycastle.crypto.encodings.OAEPEncoding: byte[] maskGeneratorFunction1(byte[],int,int,int)>($r1, varReplacer38426, $i0, $i1)


Findings in Java Class: org.bouncycastle.crypto.signers.RSADigestSigner

	 in Method: void init(boolean,org.bouncycastle.crypto.CipherParameters)
		IncompleteOperationError violating CrySL rule for java.security.SecureRandom (on Object #d60d93481dd6262546132fe8ec2f6f2c42eb3a0a1bfa20b033056f89fc2c0c59)
			Operation on object of type java.security.SecureRandom object not completed. Expected call to init, getInstanceStrong, getInstance
			at statement: interfaceinvoke $r6.<org.bouncycastle.crypto.AsymmetricBlockCipher: void init(boolean,org.bouncycastle.crypto.CipherParameters)>($z0, $r1)

		IncompleteOperationError violating CrySL rule for java.security.SecureRandom (on Object #94642bb44c85c75f78f22ec3372247e7bdbb1cf02676b4bfb5838a813a31c51a)
			Operation on object of type java.security.SecureRandom object not completed. Expected call to init, getInstanceStrong, getInstance
			at statement: interfaceinvoke $r6.<org.bouncycastle.crypto.AsymmetricBlockCipher: void init(boolean,org.bouncycastle.crypto.CipherParameters)>($z0, $r1)


Findings in Java Class: org.bouncycastle.crypto.encodings.ISO9796d1Encoding

	 in Method: void init(boolean,org.bouncycastle.crypto.CipherParameters)
		IncompleteOperationError violating CrySL rule for java.security.SecureRandom (on Object #d60d93481dd6262546132fe8ec2f6f2c42eb3a0a1bfa20b033056f89fc2c0c59)
			Operation on object of type java.security.SecureRandom object not completed. Expected call to init, getInstanceStrong, getInstance
			at statement: interfaceinvoke $r1.<org.bouncycastle.crypto.AsymmetricBlockCipher: void init(boolean,org.bouncycastle.crypto.CipherParameters)>($z0, $r2)

		IncompleteOperationError violating CrySL rule for java.security.SecureRandom (on Object #94642bb44c85c75f78f22ec3372247e7bdbb1cf02676b4bfb5838a813a31c51a)
			Operation on object of type java.security.SecureRandom object not completed. Expected call to init, getInstanceStrong, getInstance
			at statement: interfaceinvoke $r1.<org.bouncycastle.crypto.AsymmetricBlockCipher: void init(boolean,org.bouncycastle.crypto.CipherParameters)>($z0, $r2)


Findings in Java Class: org.bouncycastle.crypto.engines.ElGamalEngine

	 in Method: byte[] processBlock(byte[],int,int)
		IncompleteOperationError violating CrySL rule for java.security.SecureRandom (on Object #94642bb44c85c75f78f22ec3372247e7bdbb1cf02676b4bfb5838a813a31c51a)
			Operation on object of type java.security.SecureRandom object not completed. Expected call to init, getInstanceStrong, getInstance
			at statement: $i2 = virtualinvoke r0.<org.bouncycastle.crypto.engines.ElGamalEngine: int getInputBlockSize()>()


Findings in Java Class: org.bouncycastle.crypto.engines.NaccacheSternEngine

	 in Method: byte[] processBlock(byte[],int,int)
		IncompleteOperationError violating CrySL rule for java.security.SecureRandom (on Object #94642bb44c85c75f78f22ec3372247e7bdbb1cf02676b4bfb5838a813a31c51a)
			Operation on object of type java.security.SecureRandom object not completed. Expected call to init, getInstanceStrong, getInstance
			at statement: $i2 = virtualinvoke r0.<org.bouncycastle.crypto.engines.NaccacheSternEngine: int getInputBlockSize()>()

		IncompleteOperationError violating CrySL rule for java.security.SecureRandom (on Object #94642bb44c85c75f78f22ec3372247e7bdbb1cf02676b4bfb5838a813a31c51a)
			Operation on object of type java.security.SecureRandom object not completed. Expected call to init, getInstanceStrong, getInstance
			at statement: $i2 = virtualinvoke r0.<org.bouncycastle.crypto.engines.NaccacheSternEngine: int getInputBlockSize()>()


Findings in Java Class: org.bouncycastle.crypto.engines.RSABlindedEngine

	 in Method: byte[] processBlock(byte[],int,int)
		IncompleteOperationError violating CrySL rule for java.security.SecureRandom (on Object #94642bb44c85c75f78f22ec3372247e7bdbb1cf02676b4bfb5838a813a31c51a)
			Operation on object of type java.security.SecureRandom object not completed. Expected call to init, getInstanceStrong, getInstance
			at statement: $r8 = staticinvoke <org.bouncycastle.util.BigIntegers: java.math.BigInteger createRandomInRange(java.math.BigInteger,java.math.BigInteger,java.security.SecureRandom)>($r8, $r9, $r10)


Findings in Java Class: org.pwsafe.lib.file.PwsFile

	 in Method: javax.crypto.Cipher getCipher(boolean)
		RequiredPredicateError violating CrySL rule for javax.crypto.spec.IvParameterSpec
			First parameter was not properly generated as randomized
			at statement: specialinvoke $r4.<javax.crypto.spec.IvParameterSpec: void <init>(byte[])>($r1)

		RequiredPredicateError violating CrySL rule for javax.crypto.Cipher
			Third parameter was not properly generated as preparedIV [ with CBC, It's required to use IVParameterSpec]
			at statement: virtualinvoke $r2.<javax.crypto.Cipher: void init(int,java.security.Key,java.security.spec.AlgorithmParameterSpec)>(varReplacer20868, $r3, $r4)

		RequiredPredicateError violating CrySL rule for javax.crypto.Cipher
			Second parameter was not properly generated as generatedKey
			at statement: virtualinvoke $r2.<javax.crypto.Cipher: void init(int,java.security.Key,java.security.spec.AlgorithmParameterSpec)>(varReplacer20868, $r3, $r4)

		RequiredPredicateError violating CrySL rule for javax.crypto.spec.SecretKeySpec
			First parameter was not properly generated as preparedKeyMaterial
			at statement: specialinvoke $r3.<javax.crypto.spec.SecretKeySpec: void <init>(byte[],java.lang.String)>($r1, varReplacer20864)


======================= CryptoAnalysis Summary ==========================
	Number of CrySL rules: 49
	Number of Objects Analyzed: 63

	CryptoAnalysis found the following violations. For details see description above.
	TypestateError: 3
	IncompleteOperationError: 48
	RequiredPredicateError: 8
	ConstraintError: 4
	NeverTypeOfError: 2
=====================================================================
