0    [main] WARN  pes.access.impl.DeclaredTypeFactory  - --- xtext.common.types ---------------------------------------------------
1    [main] WARN  pes.access.impl.DeclaredTypeFactory  - ASM library is too old. Falling back to java.lang.reflect API.
1    [main] WARN  pes.access.impl.DeclaredTypeFactory  - Please note that no information about compile time constants is available.
1    [main] WARN  pes.access.impl.DeclaredTypeFactory  - It's recommended to use org.objectweb.asm 9.1.0 or better (Maven group id: org.ow2.asm).
1    [main] WARN  pes.access.impl.DeclaredTypeFactory  - --------------------------------------------------------------------------
Ruleset: 
	java.security.cert.TrustAnchor
	javax.crypto.spec.GCMParameterSpec
	javax.xml.crypto.dsig.spec.HMACParameterSpec
	java.security.KeyPair
	java.security.DigestOutputStream
	javax.net.ssl.KeyStoreBuilderParameters
	javax.crypto.spec.OAEPParameterSpec
	javax.net.ssl.SSLContext
	javax.crypto.spec.DHGenParameterSpec
	javax.crypto.CipherOutputStream
	java.security.Key
	javax.crypto.SecretKeyFactory
	java.security.cert.PKIXBuilderParameters
	java.security.KeyFactory
	javax.crypto.spec.PBEKeySpec
	java.security.spec.DSAGenParameterSpec
	java.security.KeyPairGenerator
	javax.crypto.CipherInputStream
	javax.net.ssl.CertPathTrustManagerParameters
	java.security.cert.CertificateFactory
	java.security.SecureRandom
	java.security.spec.MGF1ParameterSpec
	javax.net.ssl.SSLEngine
	javax.crypto.spec.DHParameterSpec
	java.security.spec.DSAParameterSpec
	java.security.spec.ECParameterSpec
	java.security.spec.RSAKeyGenParameterSpec
	javax.crypto.spec.IvParameterSpec
	javax.crypto.Cipher
	javax.crypto.spec.PBEParameterSpec
	java.security.AlgorithmParameterGenerator
	java.security.spec.X509EncodedKeySpec
	javax.net.ssl.TrustManagerFactory
	java.security.DigestInputStream
	void
	javax.net.ssl.KeyManagerFactory
	java.security.cert.PKIXParameters
	java.net.PasswordAuthentication
	java.security.AlgorithmParameters
	javax.crypto.KeyAgreement
	javax.crypto.spec.SecretKeySpec
	javax.net.ssl.SSLParameters
	java.security.MessageDigest
	javax.crypto.SecretKey
	javax.crypto.KeyGenerator
	java.security.KeyStore
	javax.crypto.Mac
	java.security.spec.ECGenParameterSpec
	java.security.Signature

Analyzed Objects: 
	Object:
		Variable: $r9
		Type: javax.net.ssl.SSLContext
		Statement: $r9 = staticinvoke <javax.net.ssl.SSLContext: javax.net.ssl.SSLContext getInstance(java.lang.String)>(varReplacer24841)
		Method: <net.eneiluj.nextcloud.phonetrack.util.SupportUtil: java.net.HttpURLConnection getHttpURLConnection(at.bitfire.cert4android.CustomCertManager,java.lang.String)>
		SHA-256: d012036e6f12543ea8a5843e74f3d14c3fce4fe28f3631d8897ea36cf795c3e7
		Secure: false
	Object:
		Variable: $r8
		Type: java.lang.String
		Statement: $r10 = staticinvoke <java.security.KeyFactory: java.security.KeyFactory getInstance(java.lang.String)>($r8)
		Method: <org.conscrypt.OpenSSLX509Certificate: java.security.PublicKey getPublicKey()>
		SHA-256: fb24971f565cb4681c3c1e192adc31a35b4a987353817f6def6d3d265ac75389
		Secure: false
	Object:
		Variable: $r3
		Type: javax.net.ssl.TrustManagerFactory
		Statement: $r3 = staticinvoke <javax.net.ssl.TrustManagerFactory: javax.net.ssl.TrustManagerFactory getInstance(java.lang.String)>(varReplacer1490)
		Method: <at.bitfire.cert4android.CertUtils: javax.net.ssl.X509TrustManager getTrustManager(java.security.KeyStore)>
		SHA-256: bc37d0c6db3e372059f2bdc152d266bcd8d0a5d6ec3b0834ab078f21b3a6c090
		Secure: false
	Object:
		Variable: $r10
		Type: java.security.KeyFactory
		Statement: $r10 = staticinvoke <java.security.KeyFactory: java.security.KeyFactory getInstance(java.lang.String)>($r8)
		Method: <org.conscrypt.OpenSSLX509Certificate: java.security.PublicKey getPublicKey()>
		SHA-256: 6635af12fb8498a7bf018ada279831a6e3024bb07fe12c7daed2b6fbc372e6bb
		Secure: false
	Object:
		Variable: $r0
		Type: java.security.cert.CertificateFactory
		Statement: $r0 = staticinvoke <java.security.cert.CertificateFactory: java.security.cert.CertificateFactory getInstance(java.lang.String)>(varReplacer29945)
		Method: <org.conscrypt.SSLUtils: java.security.cert.CertificateFactory getCertificateFactory()>
		SHA-256: e8e4ecda7945052dbd597bd401d255d194f4c11584bf35bbecf70d5547af3b75
		Secure: false
	Object:
		Variable: $r3
		Type: byte[]
		Statement: $r3 = virtualinvoke $r2.<java.security.MessageDigest: byte[] digest(byte[])>($r3)
		Method: <okio.ByteString: okio.ByteString digest(java.lang.String)>
		SHA-256: a79a1700ae9d8d44f13ea218f751e7024f8f1222b1b2ae17cdbab7b56d352181
		Secure: false
	Object:
		Variable: $r5
		Type: byte[]
		Statement: $r5 = virtualinvoke $r4.<java.security.MessageDigest: byte[] digest(byte[])>($r5)
		Method: <at.bitfire.cert4android.TrustCertificateActivity$Model: java.lang.String fingerprint(java.security.cert.X509Certificate,java.lang.String)>
		SHA-256: 540ab05120f6c85f512df14b143e0370c35ef106da829c65b1a83bc338ae3434
		Secure: true
	Object:
		Variable: $r4
		Type: java.security.MessageDigest
		Statement: $r4 = staticinvoke <java.security.MessageDigest: java.security.MessageDigest getInstance(java.lang.String)>($r3)
		Method: <at.bitfire.cert4android.TrustCertificateActivity$Model: java.lang.String fingerprint(java.security.cert.X509Certificate,java.lang.String)>
		SHA-256: 80bb5a6c11dc982374bd6b0c8e347d800ad129ee3193efbc42d7575f4101886
		Secure: true
	Object:
		Variable: $r3
		Type: java.security.KeyStore
		Statement: $r3 = staticinvoke <java.security.KeyStore: java.security.KeyStore getInstance(java.lang.String)>($r2)
		Method: <at.bitfire.cert4android.CustomCertService: void <init>()>
		SHA-256: 199aaf1f6c3deb5a70c14b280afa3193f856ad663d9d5628721caa275a871152
		Secure: true
	Object:
		Variable: $r5
		Type: byte[]
		Statement: $z0 = virtualinvoke $r3.<java.security.Signature: boolean verify(byte[])>($r5)
		Method: <org.conscrypt.OpenSSLX509Certificate: void verifyInternal(java.security.PublicKey,java.lang.String)>
		SHA-256: e75571d33abb1b5e330ac5b78fcc009ac5fa3b4053acda20dad8234c0598d879
		Secure: false
	Object:
		Variable: $r5
		Type: java.security.cert.CertificateFactory
		Statement: $r5 = staticinvoke <java.security.cert.CertificateFactory: java.security.cert.CertificateFactory getInstance(java.lang.String)>(varReplacer31741)
		Method: <okhttp3.Cache$Entry: java.util.List readCertificateList(okio.BufferedSource)>
		SHA-256: 5b54fec1d9a24633f18c22832024c8163179260ad67aad3f89556c7cebdf03e7
		Secure: false
	Object:
		Variable: $r2
		Type: java.security.MessageDigest
		Statement: $r2 = staticinvoke <java.security.MessageDigest: java.security.MessageDigest getInstance(java.lang.String)>($r1)
		Method: <okio.ByteString: okio.ByteString digest(java.lang.String)>
		SHA-256: b336d574501b28a5bd90db22472c23a68acb0c1b99c4f14746fdc2a23c69a24e
		Secure: false
	Object:
		Variable: $r7
		Type: java.security.PublicKey
		Statement: $r7 = virtualinvoke $r10.<java.security.KeyFactory: java.security.PublicKey generatePublic(java.security.spec.KeySpec)>($r1)
		Method: <org.conscrypt.OpenSSLX509Certificate: java.security.PublicKey getPublicKey()>
		SHA-256: 9d110d3f3943f5f1538d33e3d18932b71ca7accf2f86c174ab417a2b10712fb0
		Secure: false
	Object:
		Variable: $r1
		Type: java.security.spec.X509EncodedKeySpec
		Statement: specialinvoke $r1.<java.security.spec.X509EncodedKeySpec: void <init>(byte[])>($r9)
		Method: <org.conscrypt.OpenSSLX509Certificate: java.security.PublicKey getPublicKey()>
		SHA-256: 7ac05a324707752a8fcdd9787a5fcda4e6af85c295ea6bb9f2ffcf779c41a30d
		Secure: false
	Object:
		Variable: $r3
		Type: java.security.Signature
		Statement: $r3 = staticinvoke <java.security.Signature: java.security.Signature getInstance(java.lang.String)>($r2)
		Method: <org.conscrypt.OpenSSLX509Certificate: void verifyInternal(java.security.PublicKey,java.lang.String)>
		SHA-256: f325059ee6f08c9776202e677308b0f19ca0767a6821e36b4f64a531d072fa45
		Secure: false
	Object:
		Variable: $r4
		Type: javax.net.ssl.TrustManager[]
		Statement: $r4 = virtualinvoke $r3.<javax.net.ssl.TrustManagerFactory: javax.net.ssl.TrustManager[] getTrustManagers()>()
		Method: <at.bitfire.cert4android.CertUtils: javax.net.ssl.X509TrustManager getTrustManager(java.security.KeyStore)>
		SHA-256: b8799c5fe616a29e0811264c2ea6ecde97b33b69ea16d9490f7839ba9416f9ce
		Secure: false
	Object:
		Variable: $r1
		Type: java.security.cert.CertificateFactory
		Statement: $r1 = staticinvoke <java.security.cert.CertificateFactory: java.security.cert.CertificateFactory getInstance(java.lang.String)>(varReplacer421)
		Method: <at.bitfire.cert4android.CustomCertService: void <init>()>
		SHA-256: b17a0fcc8dd4cda2aee1df91786b351a103f6a0f198d4024f6ce723adda33f7d
		Secure: false
	Object:
		Variable: $z0
		Type: boolean
		Statement: $z0 = virtualinvoke $r3.<java.security.Signature: boolean verify(byte[])>($r5)
		Method: <org.conscrypt.OpenSSLX509Certificate: void verifyInternal(java.security.PublicKey,java.lang.String)>
		SHA-256: d02affd279e8743b6fd64cdf0e2dd47c30a5603be2e61d5718cf63d25b2d1a15
		Secure: false
	Object:
		Variable: $r3
		Type: java.security.Signature
		Statement: $r3 = staticinvoke <java.security.Signature: java.security.Signature getInstance(java.lang.String,java.lang.String)>($r4, $r2)
		Method: <org.conscrypt.OpenSSLX509Certificate: void verifyInternal(java.security.PublicKey,java.lang.String)>
		SHA-256: 4b73d9ea47b70e095beb17e2b4e8c62bcb1a3b70cdd913b654094befd6fbd016
		Secure: false
	Object:
		Variable: $r0
		Type: java.security.cert.CertificateFactory
		Statement: $r0 = staticinvoke <java.security.cert.CertificateFactory: java.security.cert.CertificateFactory getInstance(java.lang.String)>(varReplacer5866)
		Method: <at.bitfire.cert4android.TrustCertificateActivity$Model: void <clinit>()>
		SHA-256: 9709c9c405b87cf98dbcbd709a71dee523b7b5c681d7250f537d997005367b8e
		Secure: true
	Object:
		Variable: $r13
		Type: java.security.spec.ECParameterSpec
		Statement: specialinvoke $r13.<java.security.spec.ECParameterSpec: void <init>(java.security.spec.EllipticCurve,java.security.spec.ECPoint,java.math.BigInteger,int)>($r9, $r12, $r4, $i1)
		Method: <org.conscrypt.OpenSSLECGroupContext: java.security.spec.ECParameterSpec getECParameterSpec()>
		SHA-256: 7223ae8f08ed0dba3dafb06f8e07e30310aca7c9be856d88494b5d1bd531fdf8
		Secure: true

Findings in Java Class: at.bitfire.cert4android.CustomCertService

	 in Method: void <clinit>()
		ForbiddenMethodError violating CrySL rule for javax.net.ssl.SSLContext
			Detected call to forbidden method javax.net.ssl.SSLContext getDefault() of class javax.net.ssl.SSLContext. Instead, call method <javax.net.ssl.SSLContext: javax.net.ssl.SSLContext getInstance(java.lang.String,java.security.Provider)>, <javax.net.ssl.SSLContext: javax.net.ssl.SSLContext getInstance(java.lang.String)>, <javax.net.ssl.SSLContext: javax.net.ssl.SSLContext getInstance(java.lang.String,java.lang.String)>.
			at statement: $r5 = staticinvoke <javax.net.ssl.SSLContext: javax.net.ssl.SSLContext getDefault()>()


Findings in Java Class: dummyMainClass

	 in Method: at.bitfire.cert4android.CustomCertService dummyMainMethod_at_bitfire_cert4android_CustomCertService(android.content.Intent)
		IncompleteOperationError violating CrySL rule for java.security.KeyStore (on Object #199aaf1f6c3deb5a70c14b280afa3193f856ad663d9d5628721caa275a871152)
			Operation on object of type java.security.KeyStore object not completed. Expected call to load
			at statement: return $r0

		IncompleteOperationError violating CrySL rule for java.security.cert.CertificateFactory (on Object #b17a0fcc8dd4cda2aee1df91786b351a103f6a0f198d4024f6ce723adda33f7d)
			Operation on object of type java.security.cert.CertificateFactory object not completed. Expected call to generateCertPath, generateCertificate
			at statement: return $r0


Findings in Java Class: at.bitfire.cert4android.CertUtils

	 in Method: javax.net.ssl.X509TrustManager getTrustManager(java.security.KeyStore)
		ConstraintError violating CrySL rule for javax.net.ssl.TrustManagerFactory (on Object #bc37d0c6db3e372059f2bdc152d266bcd8d0a5d6ec3b0834ab078f21b3a6c090)
			First parameter (with value "X509") should be any of {PKIX, SunX509}
			at statement: $r3 = staticinvoke <javax.net.ssl.TrustManagerFactory: javax.net.ssl.TrustManagerFactory getInstance(java.lang.String)>(varReplacer1490)


Findings in Java Class: net.eneiluj.nextcloud.phonetrack.util.SupportUtil

	 in Method: java.net.HttpURLConnection getHttpURLConnection(at.bitfire.cert4android.CustomCertManager,java.lang.String)
		RequiredPredicateError violating CrySL rule for javax.net.ssl.SSLContext
			Third parameter was not properly generated as randomized
			at statement: virtualinvoke $r9.<javax.net.ssl.SSLContext: void init(javax.net.ssl.KeyManager[],javax.net.ssl.TrustManager[],java.security.SecureRandom)>(varReplacer24843, $r15, varReplacer24843)

		RequiredPredicateError violating CrySL rule for javax.net.ssl.SSLContext
			First parameter was not properly generated as generatedKeyManagers
			at statement: virtualinvoke $r9.<javax.net.ssl.SSLContext: void init(javax.net.ssl.KeyManager[],javax.net.ssl.TrustManager[],java.security.SecureRandom)>(varReplacer24843, $r15, varReplacer24843)

		ConstraintError violating CrySL rule for javax.net.ssl.SSLContext (on Object #d012036e6f12543ea8a5843e74f3d14c3fce4fe28f3631d8897ea36cf795c3e7)
			First parameter (with value "TLS") should be any of {TLSv1.2, TLSv1.3}
			at statement: $r9 = staticinvoke <javax.net.ssl.SSLContext: javax.net.ssl.SSLContext getInstance(java.lang.String)>(varReplacer24841)

		RequiredPredicateError violating CrySL rule for javax.net.ssl.SSLContext
			Second parameter was not properly generated as generatedTrustManagers
			at statement: virtualinvoke $r9.<javax.net.ssl.SSLContext: void init(javax.net.ssl.KeyManager[],javax.net.ssl.TrustManager[],java.security.SecureRandom)>(varReplacer24843, $r15, varReplacer24843)


Findings in Java Class: okio.ByteString

	 in Method: okio.ByteString digest(java.lang.String)
		ConstraintError violating CrySL rule for java.security.MessageDigest (on Object #b336d574501b28a5bd90db22472c23a68acb0c1b99c4f14746fdc2a23c69a24e)
			First parameter (with value "SHA-1") should be any of {SHA-256, SHA-384, SHA-512}
			at statement: $r2 = staticinvoke <java.security.MessageDigest: java.security.MessageDigest getInstance(java.lang.String)>($r1)

		ConstraintError violating CrySL rule for java.security.MessageDigest (on Object #b336d574501b28a5bd90db22472c23a68acb0c1b99c4f14746fdc2a23c69a24e)
			First parameter (with value "MD5") should be any of {SHA-256, SHA-384, SHA-512}
			at statement: $r2 = staticinvoke <java.security.MessageDigest: java.security.MessageDigest getInstance(java.lang.String)>($r1)


Findings in Java Class: org.conscrypt.SSLUtils

	 in Method: java.security.cert.X509Certificate decodeX509Certificate(java.security.cert.CertificateFactory,byte[])
		TypestateError violating CrySL rule for java.security.cert.CertificateFactory (on Object #e8e4ecda7945052dbd597bd401d255d194f4c11584bf35bbecf70d5547af3b75)
			Unexpected call to method generateCertificate on object of type java.security.cert.CertificateFactory. Expect a call to one of the following methods generateCRL
			at statement: $r3 = virtualinvoke $r2.<java.security.cert.CertificateFactory: java.security.cert.Certificate generateCertificate(java.io.InputStream)>($r1)


	 in Method: java.security.cert.X509Certificate[] decodeX509CertificateChain(byte[][])
		IncompleteOperationError violating CrySL rule for java.security.cert.CertificateFactory (on Object #e8e4ecda7945052dbd597bd401d255d194f4c11584bf35bbecf70d5547af3b75)
			Operation on object of type java.security.cert.CertificateFactory object not completed. Expected call to generateCertPath, generateCertificate, generateCRL
			at statement: $r4 = staticinvoke <org.conscrypt.SSLUtils: java.security.cert.X509Certificate decodeX509Certificate(java.security.cert.CertificateFactory,byte[])>($r2, $r3)

		IncompleteOperationError violating CrySL rule for java.security.cert.CertificateFactory (on Object #e8e4ecda7945052dbd597bd401d255d194f4c11584bf35bbecf70d5547af3b75)
			Operation on object of type java.security.cert.CertificateFactory object not completed. Expected call to generateCertPath, generateCertificate, generateCRL
			at statement: $r2 = staticinvoke <org.conscrypt.SSLUtils: java.security.cert.CertificateFactory getCertificateFactory()>()


Findings in Java Class: okhttp3.Cache$Entry

	 in Method: java.util.List readCertificateList(okio.BufferedSource)
		IncompleteOperationError violating CrySL rule for java.security.cert.CertificateFactory (on Object #5b54fec1d9a24633f18c22832024c8163179260ad67aad3f89556c7cebdf03e7)
			Operation on object of type java.security.cert.CertificateFactory object not completed. Expected call to generateCertPath, generateCertificate, generateCRL
			at statement: $r5 = staticinvoke <java.security.cert.CertificateFactory: java.security.cert.CertificateFactory getInstance(java.lang.String)>(varReplacer31741)

		TypestateError violating CrySL rule for java.security.cert.CertificateFactory (on Object #5b54fec1d9a24633f18c22832024c8163179260ad67aad3f89556c7cebdf03e7)
			Unexpected call to method generateCertificate on object of type java.security.cert.CertificateFactory. Expect a call to one of the following methods generateCRL
			at statement: $r9 = virtualinvoke $r5.<java.security.cert.CertificateFactory: java.security.cert.Certificate generateCertificate(java.io.InputStream)>($r8)

		IncompleteOperationError violating CrySL rule for java.security.cert.CertificateFactory (on Object #5b54fec1d9a24633f18c22832024c8163179260ad67aad3f89556c7cebdf03e7)
			Operation on object of type java.security.cert.CertificateFactory object not completed. Expected call to generateCertPath, generateCRL, java.security.cert.CertificateFactory: java.security.cert.Certificate generateCertificate(java.io.InputStream)
			at statement: $r9 = virtualinvoke $r5.<java.security.cert.CertificateFactory: java.security.cert.Certificate generateCertificate(java.io.InputStream)>($r8)


Findings in Java Class: org.conscrypt.OpenSSLX509Certificate

	 in Method: java.security.PublicKey getPublicKey()
		RequiredPredicateError violating CrySL rule for java.security.KeyFactory
			First parameter was not properly generated as speccedKey
			at statement: $r7 = virtualinvoke $r10.<java.security.KeyFactory: java.security.PublicKey generatePublic(java.security.spec.KeySpec)>($r1)

		RequiredPredicateError violating CrySL rule for java.security.spec.X509EncodedKeySpec
			First parameter was not properly generated as preparedKeyMaterial
			at statement: specialinvoke $r1.<java.security.spec.X509EncodedKeySpec: void <init>(byte[])>($r9)


	 in Method: void verifyInternal(java.security.PublicKey,java.lang.String)
		RequiredPredicateError violating CrySL rule for java.security.Signature
			First parameter was not properly generated as generatedPubkey
			at statement: virtualinvoke $r3.<java.security.Signature: void initVerify(java.security.PublicKey)>($r1)


======================= CryptoAnalysis Summary ==========================
	Number of CrySL rules: 49
	Number of Objects Analyzed: 21

	CryptoAnalysis found the following violations. For details see description above.
	IncompleteOperationError: 6
	ConstraintError: 4
	ForbiddenMethodError: 1
	TypestateError: 2
	RequiredPredicateError: 6
=====================================================================
