0    [main] WARN  pes.access.impl.DeclaredTypeFactory  - --- xtext.common.types ---------------------------------------------------
1    [main] WARN  pes.access.impl.DeclaredTypeFactory  - ASM library is too old. Falling back to java.lang.reflect API.
1    [main] WARN  pes.access.impl.DeclaredTypeFactory  - Please note that no information about compile time constants is available.
1    [main] WARN  pes.access.impl.DeclaredTypeFactory  - It's recommended to use org.objectweb.asm 9.1.0 or better (Maven group id: org.ow2.asm).
1    [main] WARN  pes.access.impl.DeclaredTypeFactory  - --------------------------------------------------------------------------
Ruleset: 
	java.security.cert.TrustAnchor
	javax.crypto.spec.GCMParameterSpec
	javax.xml.crypto.dsig.spec.HMACParameterSpec
	java.security.KeyPair
	java.security.DigestOutputStream
	javax.net.ssl.KeyStoreBuilderParameters
	javax.crypto.spec.OAEPParameterSpec
	javax.net.ssl.SSLContext
	javax.crypto.spec.DHGenParameterSpec
	javax.crypto.CipherOutputStream
	java.security.Key
	javax.crypto.SecretKeyFactory
	java.security.cert.PKIXBuilderParameters
	java.security.KeyFactory
	javax.crypto.spec.PBEKeySpec
	java.security.spec.DSAGenParameterSpec
	java.security.KeyPairGenerator
	javax.crypto.CipherInputStream
	javax.net.ssl.CertPathTrustManagerParameters
	java.security.cert.CertificateFactory
	java.security.SecureRandom
	java.security.spec.MGF1ParameterSpec
	javax.net.ssl.SSLEngine
	javax.crypto.spec.DHParameterSpec
	java.security.spec.DSAParameterSpec
	java.security.spec.ECParameterSpec
	java.security.spec.RSAKeyGenParameterSpec
	javax.crypto.spec.IvParameterSpec
	javax.crypto.Cipher
	javax.crypto.spec.PBEParameterSpec
	java.security.AlgorithmParameterGenerator
	java.security.spec.X509EncodedKeySpec
	javax.net.ssl.TrustManagerFactory
	java.security.DigestInputStream
	void
	javax.net.ssl.KeyManagerFactory
	java.security.cert.PKIXParameters
	java.net.PasswordAuthentication
	java.security.AlgorithmParameters
	javax.crypto.KeyAgreement
	javax.crypto.spec.SecretKeySpec
	javax.net.ssl.SSLParameters
	java.security.MessageDigest
	javax.crypto.SecretKey
	javax.crypto.KeyGenerator
	java.security.KeyStore
	javax.crypto.Mac
	java.security.spec.ECGenParameterSpec
	java.security.Signature

Analyzed Objects: 
	Object:
		Variable: $r7
		Type: javax.crypto.Cipher
		Statement: $r7 = staticinvoke <javax.crypto.Cipher: javax.crypto.Cipher getInstance(java.lang.String)>(varReplacer10006)
		Method: <net.syncthing.a.e.a: a.k b(byte[])>
		SHA-256: f1424f97d0ef99bce065fbb8f0b83d1a4fcb810c3e08f8f9f4d5326003df7d50
		Secure: false
	Object:
		Variable: $r1
		Type: java.security.AlgorithmParameters
		Statement: $r1 = staticinvoke <java.security.AlgorithmParameters: java.security.AlgorithmParameters getInstance(java.lang.String)>($r2)
		Method: <org.b.d.b.a: java.security.AlgorithmParameters a(java.lang.String)>
		SHA-256: 2af5651ddebeb593662d210c68030d397f7e142f515b071d4207d4d358743317
		Secure: false
	Object:
		Variable: $r6
		Type: java.security.MessageDigest
		Statement: $r6 = staticinvoke <java.security.MessageDigest: java.security.MessageDigest getInstance(java.lang.String)>(varReplacer5788)
		Method: <net.syncthing.a.a.e$b: byte[] a(long,int,java.lang.String)>
		SHA-256: 412c5358f1e3686217df6a6940eda3796fc92ebb0a7f453f542a4d8831c88fae
		Secure: true
	Object:
		Variable: $r21
		Type: byte[]
		Statement: $r21 = virtualinvoke $r20.<java.security.MessageDigest: byte[] digest(byte[])>($r19)
		Method: <net.syncthing.a.a.c$b: java.lang.Object c_(java.lang.Object)>
		SHA-256: 94d4c1dae797c2b9e0dc1a02c7815ffc00f243f8ada1b39af76a066ccf140056
		Secure: true
	Object:
		Variable: $r4
		Type: javax.net.ssl.KeyManagerFactory
		Statement: $r4 = staticinvoke <javax.net.ssl.KeyManagerFactory: javax.net.ssl.KeyManagerFactory getInstance(java.lang.String)>($r3)
		Method: <net.syncthing.a.c.e.a: void <init>(java.security.KeyStore)>
		SHA-256: be20b66ea499eefb6e64db9719d9023fc4c6a0747177c1dbc12033e29116a5a8
		Secure: false
	Object:
		Variable: $r6
		Type: byte[]
		Statement: $r8 = virtualinvoke $r7.<java.security.MessageDigest: byte[] digest(byte[])>($r6)
		Method: <net.syncthing.a.c.e.a$c: a.o a()>
		SHA-256: e0893754fee312f283ffe4b6672b92e9c4fa55d3190d29fc4bd03be213466199
		Secure: true
	Object:
		Variable: $r3
		Type: java.security.MessageDigest
		Statement: $r3 = staticinvoke <java.security.MessageDigest: java.security.MessageDigest getInstance(java.lang.String)>(varReplacer13774)
		Method: <net.syncthing.a.c.e.a$a: net.syncthing.a.c.a.c a(byte[])>
		SHA-256: b5ce6dac25597ce4e5bc8a44dd3dc97a46ab82f903b20f4a4b3a0eaebc6f678a
		Secure: true
	Object:
		Variable: $r15
		Type: java.security.PublicKey
		Statement: $r15 = virtualinvoke $r5.<java.security.KeyPair: java.security.PublicKey getPublic()>()
		Method: <net.syncthing.a.c.e.a$c: org.a.a.c.b.b b(java.lang.String)>
		SHA-256: 56c56e16f6df91905c91f0a98dea99f9a3e0822d04df10a2d41e0ef3a48c147c
		Secure: true
	Object:
		Variable: $r8
		Type: javax.crypto.spec.SecretKeySpec
		Statement: specialinvoke $r8.<javax.crypto.spec.SecretKeySpec: void <init>(byte[],java.lang.String)>($r3, varReplacer10007)
		Method: <net.syncthing.a.e.a: a.k b(byte[])>
		SHA-256: 1e2a8bad1aa28cdde495ce53d7ee09d779b4224f307e2059713ef3538e68db41
		Secure: false
	Object:
		Variable: $r3
		Type: byte[]
		Statement: $r3 = virtualinvoke $r2.<java.security.MessageDigest: byte[] digest(byte[])>($r3)
		Method: <net.syncthing.a.c.e.a$c: net.syncthing.a.c.e.a a(net.syncthing.a.c.b.b)>
		SHA-256: 7b8446b985a107afd434a51bbf98251b5e8245244840f3786c86652f487601c1
		Secure: true
	Object:
		Variable: $r1
		Type: byte[]
		Statement: $r1 = virtualinvoke $r3.<java.security.MessageDigest: byte[] digest(byte[])>($r1)
		Method: <net.syncthing.a.c.e.a$a: net.syncthing.a.c.a.c a(byte[])>
		SHA-256: 4ea3cd1b9b385c36690c8b4af0b26f0c1fd30ad14180081762115a597484280c
		Secure: true
	Object:
		Variable: $r5
		Type: java.security.KeyPair
		Statement: $r5 = virtualinvoke $r4.<java.security.KeyPairGenerator: java.security.KeyPair genKeyPair()>()
		Method: <net.syncthing.a.c.e.a$c: org.a.a.c.b.b b(java.lang.String)>
		SHA-256: 415c47c58b9e1eb291c384d1b47eaa1f0f4afc4c81cc271cdc25a4b32ca90865
		Secure: true
	Object:
		Variable: $r20
		Type: java.security.MessageDigest
		Statement: $r20 = staticinvoke <java.security.MessageDigest: java.security.MessageDigest getInstance(java.lang.String)>(varReplacer2722)
		Method: <net.syncthing.a.a.c$b: java.lang.Object c_(java.lang.Object)>
		SHA-256: ed074e269ddcbaf0e4e4efd8d176c48b8a6e9c0f9e61681e8d0677b25ac6a60f
		Secure: true
	Object:
		Variable: $r2
		Type: byte[]
		Statement: $r7 = virtualinvoke $r6.<java.security.MessageDigest: byte[] digest(byte[])>($r2)
		Method: <net.syncthing.a.a.e$b: byte[] a(long,int,java.lang.String)>
		SHA-256: 75d972500bed85e9c0378f01e59df411491c22984ee98a705cb71535fa5ef237
		Secure: true
	Object:
		Variable: $r6
		Type: java.security.cert.CertificateFactory
		Statement: $r6 = staticinvoke <java.security.cert.CertificateFactory: java.security.cert.CertificateFactory getInstance(java.lang.String)>(varReplacer6248)
		Method: <net.syncthing.a.c.e.a$a: void a(javax.net.ssl.SSLSocket,net.syncthing.a.c.a.c)>
		SHA-256: 951ae263aa81b27439d513ecaf2771c6a79552a9aa1b339a63428e9b5d2c8b9c
		Secure: false
	Object:
		Variable: $r1
		Type: java.security.cert.CertificateFactory
		Statement: $r1 = staticinvoke <java.security.cert.CertificateFactory: java.security.cert.CertificateFactory getInstance(java.lang.String)>($r2)
		Method: <org.b.b.a.b: java.security.cert.CertificateFactory b(java.lang.String)>
		SHA-256: ddc8790ee6b05c49e97c2d01034f8efbea47aeeb2ab3a81f3d4fc86f8dc3f977
		Secure: false
	Object:
		Variable: $r9
		Type: java.security.MessageDigest
		Statement: $r9 = staticinvoke <java.security.MessageDigest: java.security.MessageDigest getInstance(java.lang.String)>(varReplacer9894)
		Method: <net.syncthing.a.c.f.a: java.lang.String a(java.util.List)>
		SHA-256: 642eebb8e4f34f83b8166fbcfcdf125e7419ff196a345f45e67a62517c648ab2
		Secure: true
	Object:
		Variable: $r7
		Type: byte[]
		Statement: $r7 = virtualinvoke $r6.<java.security.MessageDigest: byte[] digest(byte[])>($r2)
		Method: <net.syncthing.a.a.e$b: byte[] a(long,int,java.lang.String)>
		SHA-256: 9a0b45722b665b0fd40aed23e6a01ac1d3afee851eb620f9b5d6baa21e6ced59
		Secure: true
	Object:
		Variable: $r2
		Type: javax.net.ssl.SSLContext
		Statement: $r2 = staticinvoke <javax.net.ssl.SSLContext: javax.net.ssl.SSLContext getInstance(java.lang.String)>(varReplacer15986)
		Method: <net.syncthing.a.c.e.a: void <init>(java.security.KeyStore)>
		SHA-256: cb32ece447c6fae2bf0695b71fc7f60cd8b55856759edec5119442f7b84e737e
		Secure: false
	Object:
		Variable: $r1
		Type: java.security.Signature
		Statement: $r1 = staticinvoke <java.security.Signature: java.security.Signature getInstance(java.lang.String)>($r2)
		Method: <org.b.d.b.a: java.security.Signature c(java.lang.String)>
		SHA-256: e797936116740ca56894f3371bb335a71d4b643cfbdf9f9d98e95b3f8ea33d31
		Secure: true
	Object:
		Variable: $r8
		Type: byte[]
		Statement: $r8 = virtualinvoke $r9.<java.security.MessageDigest: byte[] digest(byte[])>($r8)
		Method: <net.syncthing.a.c.f.a: java.lang.String a(java.util.List)>
		SHA-256: a5eaf92bbcc8045b69d83b6e1da6c448f40937185e1a69ffb767c257717092b6
		Secure: true
	Object:
		Variable: $r19
		Type: byte[]
		Statement: $r21 = virtualinvoke $r20.<java.security.MessageDigest: byte[] digest(byte[])>($r19)
		Method: <net.syncthing.a.a.c$b: java.lang.Object c_(java.lang.Object)>
		SHA-256: f47c272793ed7fcb155595dbec67268f44edea60877e7c0062ea7a7fcb5e8299
		Secure: true
	Object:
		Variable: $r10
		Type: javax.net.ssl.SSLContext
		Statement: $r10 = staticinvoke <javax.net.ssl.SSLContext: javax.net.ssl.SSLContext getInstance(java.lang.String)>(varReplacer2745)
		Method: <net.syncthing.a.d.a.d$a: java.lang.Object c_(java.lang.Object)>
		SHA-256: 415f4739253e464e71df6e6a036e43a95c0962b60cdfd25506168847dc43a6a
		Secure: false
	Object:
		Variable: $r14
		Type: java.security.SecureRandom
		Statement: specialinvoke $r14.<java.security.SecureRandom: void <init>()>()
		Method: <net.syncthing.a.d.a.d$a: java.lang.Object c_(java.lang.Object)>
		SHA-256: 506c38f765f54fc6c243bdb246de4995188e860633debf1220478364d51aa9c5
		Secure: true
	Object:
		Variable: $r7
		Type: java.security.MessageDigest
		Statement: $r7 = staticinvoke <java.security.MessageDigest: java.security.MessageDigest getInstance(java.lang.String)>(varReplacer14472)
		Method: <net.syncthing.a.c.e.a$c: a.o a()>
		SHA-256: 1e871a33be2081517eac2519b5190cac221d2d09c4e835a129a82c26baefbd65
		Secure: true
	Object:
		Variable: $r4
		Type: java.security.KeyPairGenerator
		Statement: $r4 = staticinvoke <java.security.KeyPairGenerator: java.security.KeyPairGenerator getInstance(java.lang.String)>(varReplacer16880)
		Method: <net.syncthing.a.c.e.a$c: org.a.a.c.b.b b(java.lang.String)>
		SHA-256: ccbe4c242b9dcde29cbedd22b09928ccb8ae5208e23d8a1f82e86a5a646e4270
		Secure: true
	Object:
		Variable: $r1
		Type: java.security.MessageDigest
		Statement: $r1 = staticinvoke <java.security.MessageDigest: java.security.MessageDigest getInstance(java.lang.String)>($r2)
		Method: <org.b.d.b.a: java.security.MessageDigest b(java.lang.String)>
		SHA-256: 4930956a2d7a64f03935fb0ae470ccefe017ab7aea49c868844116428780206d
		Secure: true
	Object:
		Variable: $r1
		Type: java.security.SecureRandom
		Statement: specialinvoke $r1.<java.security.SecureRandom: void <init>()>()
		Method: <net.syncthing.a.e.a: void <clinit>()>
		SHA-256: 4d4a2bb541b3635ab064c68012d998df1c09c14bd781e91d1ec6cb6bc417bf26
		Secure: true
	Object:
		Variable: $r10
		Type: javax.crypto.spec.GCMParameterSpec
		Statement: specialinvoke $r10.<javax.crypto.spec.GCMParameterSpec: void <init>(int,byte[])>(varReplacer10004, $r3)
		Method: <net.syncthing.a.e.a: a.k b(byte[])>
		SHA-256: 9c82df8f57d98c9687141cd10286e6426979d60c688359ee80449cf0ad4093ec
		Secure: false
	Object:
		Variable: $r21
		Type: java.security.KeyStore
		Statement: $r21 = staticinvoke <java.security.KeyStore: java.security.KeyStore getInstance(java.lang.String)>($r2)
		Method: <net.syncthing.a.c.e.a$c: org.a.a.c.b.b b(java.lang.String)>
		SHA-256: 7bf28c8d73c8f783dad1b86895ae80e91d65525ba2d094639c5a3da276b985b9
		Secure: true
	Object:
		Variable: $r8
		Type: byte[]
		Statement: $r8 = virtualinvoke $r7.<java.security.MessageDigest: byte[] digest(byte[])>($r6)
		Method: <net.syncthing.a.c.e.a$c: a.o a()>
		SHA-256: 87b3a572cc3bb48d676eec18752e7cabdbb0fd0ac3505b5035ae81398f2f77e6
		Secure: true
	Object:
		Variable: $r3
		Type: java.security.KeyStore
		Statement: $r3 = staticinvoke <java.security.KeyStore: java.security.KeyStore getInstance(java.lang.String)>($r2)
		Method: <net.syncthing.a.c.e.a$c: org.a.a.c.b.b a(byte[],java.lang.String)>
		SHA-256: 940ed8a063f2f6055af6d81de1fd6c791084ec794fcc9df8bf818655efd41d8a
		Secure: false
	Object:
		Variable: $r7
		Type: java.security.PrivateKey
		Statement: $r7 = virtualinvoke $r5.<java.security.KeyPair: java.security.PrivateKey getPrivate()>()
		Method: <net.syncthing.a.c.e.a$c: org.a.a.c.b.b b(java.lang.String)>
		SHA-256: 32b07bad523a00ac94afde7a7fe9657a92e7714308d0a0043f904a29e9946f88
		Secure: true
	Object:
		Variable: $r8
		Type: java.security.MessageDigest
		Statement: $r8 = staticinvoke <java.security.MessageDigest: java.security.MessageDigest getInstance(java.lang.String)>(varReplacer9648)
		Method: <net.syncthing.a.a.e$b: void <init>(java.io.InputStream)>
		SHA-256: 998a1f9fb08c39a27f5f5501f77061909696264d1f64dc67aa688fd958cbb52f
		Secure: true
	Object:
		Variable: $r1
		Type: byte[]
		Statement: $r1 = virtualinvoke $r2.<java.security.MessageDigest: byte[] digest(byte[])>($r1)
		Method: <net.syncthing.a.e.a: byte[] c(byte[])>
		SHA-256: 9a795c1c2420c5a5cc869a81752bc4c386f52d889601e26383f6660b07f0ae8e
		Secure: true
	Object:
		Variable: $r6
		Type: javax.net.ssl.KeyManager[]
		Statement: $r6 = virtualinvoke $r4.<javax.net.ssl.KeyManagerFactory: javax.net.ssl.KeyManager[] getKeyManagers()>()
		Method: <net.syncthing.a.c.e.a: void <init>(java.security.KeyStore)>
		SHA-256: 156b9ea05d33668afaa982021e03ecd0a65555192307ff2cc2551b149e70a88a
		Secure: false
	Object:
		Variable: $r2
		Type: java.security.MessageDigest
		Statement: $r2 = staticinvoke <java.security.MessageDigest: java.security.MessageDigest getInstance(java.lang.String)>(varReplacer10064)
		Method: <net.syncthing.a.c.e.a$c: net.syncthing.a.c.e.a a(net.syncthing.a.c.b.b)>
		SHA-256: 98569ee819fced51f3046fb928f59c48f88a45da0ad95acac1afb19e857f2a00
		Secure: true
	Object:
		Variable: varReplacer9859
		Type: java.lang.String
		Statement: specialinvoke $r4.<javax.crypto.spec.SecretKeySpec: void <init>(byte[],java.lang.String)>($r5, varReplacer9859)
		Method: <net.syncthing.a.e.a: byte[] a(byte[],net.syncthing.a.e.b)>
		SHA-256: 88e1c1493f1448d357742954941639b6d0735724c80e325e2fb99042d9370927
		Secure: false
	Object:
		Variable: $r2
		Type: java.security.MessageDigest
		Statement: $r2 = staticinvoke <java.security.MessageDigest: java.security.MessageDigest getInstance(java.lang.String)>(varReplacer13477)
		Method: <net.syncthing.a.e.a: byte[] c(byte[])>
		SHA-256: 7edc49c6dd34a865a101e5c0f5f9343fee258beb7e831830f5937064154bf03
		Secure: true
	Object:
		Variable: $r3
		Type: javax.crypto.Cipher
		Statement: $r3 = staticinvoke <javax.crypto.Cipher: javax.crypto.Cipher getInstance(java.lang.String)>(varReplacer9860)
		Method: <net.syncthing.a.e.a: byte[] a(byte[],net.syncthing.a.e.b)>
		SHA-256: 39f18bd356a33474801dfd99a7ab32bac5371067981dda6587789f1b8f91ca87
		Secure: false
	Object:
		Variable: $r4
		Type: javax.crypto.spec.SecretKeySpec
		Statement: specialinvoke $r4.<javax.crypto.spec.SecretKeySpec: void <init>(byte[],java.lang.String)>($r5, varReplacer9859)
		Method: <net.syncthing.a.e.a: byte[] a(byte[],net.syncthing.a.e.b)>
		SHA-256: fd736d4577f2150b5297368f542ecc8a9109c84b4e3d5e13244a2affbd6d1e38
		Secure: false
	Object:
		Variable: $r7
		Type: java.security.PrivateKey
		Statement: $r7 = virtualinvoke $r5.<java.security.KeyPair: java.security.PrivateKey getPrivate()>()
		Method: <net.syncthing.a.c.e.a$c: org.a.a.c.b.b b(java.lang.String)>
		SHA-256: 32b07bad523a00ac94afde7a7fe9657a92e7714308d0a0043f904a29e9946f88
		Secure: true
	Object:
		Variable: varReplacer10007
		Type: java.lang.String
		Statement: specialinvoke $r8.<javax.crypto.spec.SecretKeySpec: void <init>(byte[],java.lang.String)>($r3, varReplacer10007)
		Method: <net.syncthing.a.e.a: a.k b(byte[])>
		SHA-256: 11d23848a928859f310fd917bd897f90dd27a17596c9a42889a7adcd06853769
		Secure: false
	Object:
		Variable: $r7
		Type: javax.crypto.spec.GCMParameterSpec
		Statement: specialinvoke $r7.<javax.crypto.spec.GCMParameterSpec: void <init>(int,byte[])>(varReplacer9857, $r5)
		Method: <net.syncthing.a.e.a: byte[] a(byte[],net.syncthing.a.e.b)>
		SHA-256: af2a17f73bcac1500883a8059131dc4eb7ee45ddb8bd9c4e81b242f6a1feee95
		Secure: false
	Object:
		Variable: $r5
		Type: byte[]
		Statement: $r5 = virtualinvoke $r8.<java.security.MessageDigest: byte[] digest(byte[])>($r5)
		Method: <net.syncthing.a.a.e$b: void <init>(java.io.InputStream)>
		SHA-256: 773c701dc256ed5521d555896e393b552e6f89bc3fa23f76563d7fb6f21971fb
		Secure: true

Findings in Java Class: net.syncthing.a.d.a.d$a

	 in Method: java.lang.Object c_(java.lang.Object)
		ConstraintError violating CrySL rule for javax.net.ssl.SSLContext (on Object #415f4739253e464e71df6e6a036e43a95c0962b60cdfd25506168847dc43a6a)
			First parameter (with value "SSL") should be any of {TLSv1.2, TLSv1.3}
			at statement: $r10 = staticinvoke <javax.net.ssl.SSLContext: javax.net.ssl.SSLContext getInstance(java.lang.String)>(varReplacer2745)

		RequiredPredicateError violating CrySL rule for javax.net.ssl.SSLContext
			Second parameter was not properly generated as generatedTrustManagers
			at statement: virtualinvoke $r10.<javax.net.ssl.SSLContext: void init(javax.net.ssl.KeyManager[],javax.net.ssl.TrustManager[],java.security.SecureRandom)>(varReplacer2743, $r13, $r14)

		RequiredPredicateError violating CrySL rule for javax.net.ssl.SSLContext
			First parameter was not properly generated as generatedKeyManagers
			at statement: virtualinvoke $r10.<javax.net.ssl.SSLContext: void init(javax.net.ssl.KeyManager[],javax.net.ssl.TrustManager[],java.security.SecureRandom)>(varReplacer2743, $r13, $r14)


Findings in Java Class: net.syncthing.a.c.e.a$a

	 in Method: void a(javax.net.ssl.SSLSocket,net.syncthing.a.c.a.c)
		IncompleteOperationError violating CrySL rule for java.security.cert.CertificateFactory (on Object #951ae263aa81b27439d513ecaf2771c6a79552a9aa1b339a63428e9b5d2c8b9c)
			Operation on object of type java.security.cert.CertificateFactory object not completed. Expected call to generateCRL
			at statement: $r7 = virtualinvoke $r6.<java.security.cert.CertificateFactory: java.security.cert.CertPath generateCertPath(java.util.List)>($r5)


Findings in Java Class: net.syncthing.a.e.a

	 in Method: byte[] a(byte[],net.syncthing.a.e.b)
		TypestateError violating CrySL rule for javax.crypto.Cipher (on Object #39f18bd356a33474801dfd99a7ab32bac5371067981dda6587789f1b8f91ca87)
			Unexpected call to method doFinal on object of type javax.crypto.Cipher. Expect a call to one of the following methods init,updateAAD
			at statement: $r1 = virtualinvoke $r3.<javax.crypto.Cipher: byte[] doFinal(byte[])>($r1)

		RequiredPredicateError violating CrySL rule for javax.crypto.Cipher
			Second parameter was not properly generated as generatedKey
			at statement: virtualinvoke $r3.<javax.crypto.Cipher: void init(int,java.security.Key,java.security.spec.AlgorithmParameterSpec)>(varReplacer9858, $r6, $r8)

		RequiredPredicateError violating CrySL rule for javax.crypto.spec.GCMParameterSpec
			Second parameter was not properly generated as randomized
			at statement: specialinvoke $r7.<javax.crypto.spec.GCMParameterSpec: void <init>(int,byte[])>(varReplacer9857, $r5)

		RequiredPredicateError violating CrySL rule for javax.crypto.spec.SecretKeySpec
			First parameter was not properly generated as preparedKeyMaterial
			at statement: specialinvoke $r4.<javax.crypto.spec.SecretKeySpec: void <init>(byte[],java.lang.String)>($r5, varReplacer9859)

		RequiredPredicateError violating CrySL rule for javax.crypto.Cipher
			Third parameter was not properly generated as preparedGCM
			at statement: virtualinvoke $r3.<javax.crypto.Cipher: void init(int,java.security.Key,java.security.spec.AlgorithmParameterSpec)>(varReplacer9858, $r6, $r8)


	 in Method: a.k b(byte[])
		RequiredPredicateError violating CrySL rule for javax.crypto.Cipher
			Third parameter was not properly generated as preparedGCM
			at statement: virtualinvoke $r7.<javax.crypto.Cipher: void init(int,java.security.Key,java.security.spec.AlgorithmParameterSpec)>(varReplacer10005, $r9, $r11)

		RequiredPredicateError violating CrySL rule for javax.crypto.Cipher
			Second parameter was not properly generated as generatedKey
			at statement: virtualinvoke $r7.<javax.crypto.Cipher: void init(int,java.security.Key,java.security.spec.AlgorithmParameterSpec)>(varReplacer10005, $r9, $r11)

		RequiredPredicateError violating CrySL rule for javax.crypto.spec.GCMParameterSpec
			Second parameter was not properly generated as randomized
			at statement: specialinvoke $r10.<javax.crypto.spec.GCMParameterSpec: void <init>(int,byte[])>(varReplacer10004, $r3)

		TypestateError violating CrySL rule for javax.crypto.Cipher (on Object #f1424f97d0ef99bce065fbb8f0b83d1a4fcb810c3e08f8f9f4d5326003df7d50)
			Unexpected call to method doFinal on object of type javax.crypto.Cipher. Expect a call to one of the following methods init,updateAAD
			at statement: $r2 = virtualinvoke $r7.<javax.crypto.Cipher: byte[] doFinal(byte[])>($r2)

		RequiredPredicateError violating CrySL rule for javax.crypto.spec.SecretKeySpec
			First parameter was not properly generated as preparedKeyMaterial
			at statement: specialinvoke $r8.<javax.crypto.spec.SecretKeySpec: void <init>(byte[],java.lang.String)>($r3, varReplacer10007)


Findings in Java Class: net.syncthing.a.c.e.a$c

	 in Method: org.a.a.c.b.b a(byte[],java.lang.String)
		NeverTypeOfError violating CrySL rule for java.security.KeyStore (on Object #940ed8a063f2f6055af6d81de1fd6c791084ec794fcc9df8bf818655efd41d8a)
			Second parameter should never be of type java.lang.String.
			at statement: virtualinvoke $r3.<java.security.KeyStore: void load(java.io.InputStream,char[])>($r5, $r6)

		HardCodedError violating CrySL rule for java.security.KeyStore (on Object #940ed8a063f2f6055af6d81de1fd6c791084ec794fcc9df8bf818655efd41d8a)
			Second parameter should never be hardcoded.
			at statement: virtualinvoke $r3.<java.security.KeyStore: void load(java.io.InputStream,char[])>($r5, $r6)


Findings in Java Class: net.syncthing.a.c.e.a

	 in Method: void <init>(java.security.KeyStore)
		RequiredPredicateError violating CrySL rule for javax.net.ssl.SSLContext
			First parameter was not properly generated as generatedKeyManagers
			at statement: virtualinvoke $r2.<javax.net.ssl.SSLContext: void init(javax.net.ssl.KeyManager[],javax.net.ssl.TrustManager[],java.security.SecureRandom)>($r6, $r9, varReplacer15985)

		RequiredPredicateError violating CrySL rule for javax.net.ssl.KeyManagerFactory
			First parameter was not properly generated as generatedKeyStore
			at statement: virtualinvoke $r4.<javax.net.ssl.KeyManagerFactory: void init(java.security.KeyStore,char[])>($r1, $r5)

		RequiredPredicateError violating CrySL rule for javax.net.ssl.SSLContext
			Second parameter was not properly generated as generatedTrustManagers
			at statement: virtualinvoke $r2.<javax.net.ssl.SSLContext: void init(javax.net.ssl.KeyManager[],javax.net.ssl.TrustManager[],java.security.SecureRandom)>($r6, $r9, varReplacer15985)

		RequiredPredicateError violating CrySL rule for javax.net.ssl.SSLContext
			Third parameter was not properly generated as randomized
			at statement: virtualinvoke $r2.<javax.net.ssl.SSLContext: void init(javax.net.ssl.KeyManager[],javax.net.ssl.TrustManager[],java.security.SecureRandom)>($r6, $r9, varReplacer15985)

		NeverTypeOfError violating CrySL rule for javax.net.ssl.KeyManagerFactory (on Object #be20b66ea499eefb6e64db9719d9023fc4c6a0747177c1dbc12033e29116a5a8)
			Second parameter should never be of type java.lang.String.
			at statement: virtualinvoke $r4.<javax.net.ssl.KeyManagerFactory: void init(java.security.KeyStore,char[])>($r1, $r5)

		HardCodedError violating CrySL rule for javax.net.ssl.KeyManagerFactory (on Object #be20b66ea499eefb6e64db9719d9023fc4c6a0747177c1dbc12033e29116a5a8)
			Second parameter should never be hardcoded.
			at statement: virtualinvoke $r4.<javax.net.ssl.KeyManagerFactory: void init(java.security.KeyStore,char[])>($r1, $r5)


Findings in Java Class: org.b.d.b.a

	 in Method: java.security.AlgorithmParameters a(java.lang.String)
		RequiredPredicateError violating CrySL rule for java.security.AlgorithmParameters
			First parameter was not properly generated as preparedAlg
			at statement: $r1 = staticinvoke <java.security.AlgorithmParameters: java.security.AlgorithmParameters getInstance(java.lang.String)>($r2)

		ConstraintError violating CrySL rule for java.security.AlgorithmParameters (on Object #2af5651ddebeb593662d210c68030d397f7e142f515b071d4207d4d358743317)
			First parameter (with value "PSS") should be any of {AES, DiffieHellman, DH, OAEP, PBEWithHmacSHA224AndAES_128, PBEWithHmacSHA256AndAES_128, PBEWithHmacSHA384AndAES_128, PBEWithHmacSHA512AndAES_128, PBEWithHmacSHA224AndAES_256, PBEWithHmacSHA256AndAES_256, PBEWithHmacSHA384AndAES_256, PBEWithHmacSHA512AndAES_256}
			at statement: $r1 = staticinvoke <java.security.AlgorithmParameters: java.security.AlgorithmParameters getInstance(java.lang.String)>($r2)


Findings in Java Class: org.b.b.a.c

	 in Method: java.security.cert.X509Certificate a(org.b.b.b)
		IncompleteOperationError violating CrySL rule for java.security.cert.CertificateFactory (on Object #ddc8790ee6b05c49e97c2d01034f8efbea47aeeb2ab3a81f3d4fc86f8dc3f977)
			Operation on object of type java.security.cert.CertificateFactory object not completed. Expected call to generateCRL
			at statement: $r6 = virtualinvoke $r3.<java.security.cert.CertificateFactory: java.security.cert.Certificate generateCertificate(java.io.InputStream)>($r4)


Findings in Java Class: org.b.f.a.b

	 in Method: boolean a(org.b.a.u)
		IncompleteOperationError violating CrySL rule for java.security.MessageDigest (on Object #4930956a2d7a64f03935fb0ae470ccefe017ab7aea49c868844116428780206d)
			Operation on object of type java.security.MessageDigest object not completed. Expected call to digest, update
			at statement: $i1 = virtualinvoke $r8.<java.security.MessageDigest: int getDigestLength()>()


======================= CryptoAnalysis Summary ==========================
	Number of CrySL rules: 49
	Number of Objects Analyzed: 45

	CryptoAnalysis found the following violations. For details see description above.
	ConstraintError: 2
	NeverTypeOfError: 2
	HardCodedError: 2
	TypestateError: 2
	IncompleteOperationError: 3
	RequiredPredicateError: 15
=====================================================================
