0    [main] WARN  pes.access.impl.DeclaredTypeFactory  - --- xtext.common.types ---------------------------------------------------
1    [main] WARN  pes.access.impl.DeclaredTypeFactory  - ASM library is too old. Falling back to java.lang.reflect API.
1    [main] WARN  pes.access.impl.DeclaredTypeFactory  - Please note that no information about compile time constants is available.
1    [main] WARN  pes.access.impl.DeclaredTypeFactory  - It's recommended to use org.objectweb.asm 9.1.0 or better (Maven group id: org.ow2.asm).
1    [main] WARN  pes.access.impl.DeclaredTypeFactory  - --------------------------------------------------------------------------
Alive 16416  5000
Ruleset: 
	java.security.cert.TrustAnchor
	javax.crypto.spec.GCMParameterSpec
	javax.xml.crypto.dsig.spec.HMACParameterSpec
	java.security.KeyPair
	java.security.DigestOutputStream
	javax.net.ssl.KeyStoreBuilderParameters
	javax.crypto.spec.OAEPParameterSpec
	javax.net.ssl.SSLContext
	javax.crypto.spec.DHGenParameterSpec
	javax.crypto.CipherOutputStream
	java.security.Key
	javax.crypto.SecretKeyFactory
	java.security.cert.PKIXBuilderParameters
	java.security.KeyFactory
	javax.crypto.spec.PBEKeySpec
	java.security.spec.DSAGenParameterSpec
	java.security.KeyPairGenerator
	javax.crypto.CipherInputStream
	javax.net.ssl.CertPathTrustManagerParameters
	java.security.cert.CertificateFactory
	java.security.SecureRandom
	java.security.spec.MGF1ParameterSpec
	javax.net.ssl.SSLEngine
	javax.crypto.spec.DHParameterSpec
	java.security.spec.DSAParameterSpec
	java.security.spec.ECParameterSpec
	java.security.spec.RSAKeyGenParameterSpec
	javax.crypto.spec.IvParameterSpec
	javax.crypto.Cipher
	javax.crypto.spec.PBEParameterSpec
	java.security.AlgorithmParameterGenerator
	java.security.spec.X509EncodedKeySpec
	javax.net.ssl.TrustManagerFactory
	java.security.DigestInputStream
	void
	javax.net.ssl.KeyManagerFactory
	java.security.cert.PKIXParameters
	java.net.PasswordAuthentication
	java.security.AlgorithmParameters
	javax.crypto.KeyAgreement
	javax.crypto.spec.SecretKeySpec
	javax.net.ssl.SSLParameters
	java.security.MessageDigest
	javax.crypto.SecretKey
	javax.crypto.KeyGenerator
	java.security.KeyStore
	javax.crypto.Mac
	java.security.spec.ECGenParameterSpec
	java.security.Signature

Analyzed Objects: 
	Object:
		Variable: $r1
		Type: java.security.Signature
		Statement: $r1 = staticinvoke <java.security.Signature: java.security.Signature getInstance(java.lang.String)>(varReplacer5658)
		Method: <com.jcraft.jsch.jce.SignatureRSA: void init()>
		SHA-256: 403b4b61ec994206a533857fa6d14e0c340923dceb64e5ae0d5df52355215217
		Secure: false
	Object:
		Variable: $z0
		Type: boolean
		Statement: $z0 = virtualinvoke $r5.<java.security.Signature: boolean verify(byte[])>($r1)
		Method: <com.jcraft.jsch.jce.SignatureECDSAN: boolean verify(byte[])>
		SHA-256: e4e96bbbdac5dacb3f8d54af84e0edddaf05fc81bf1143c1cd3e952301d5822d
		Secure: false
	Object:
		Variable: $z0
		Type: boolean
		Statement: $z0 = virtualinvoke $r5.<java.security.Signature: boolean verify(byte[])>($r1)
		Method: <com.jcraft.jsch.jce.SignatureRSA: boolean verify(byte[])>
		SHA-256: 908b6ed1aa8e179d9696aec0b1685b807dd7b5234f001486298b11ac6825cad6
		Secure: false
	Object:
		Variable: $r4
		Type: javax.crypto.spec.SecretKeySpec
		Statement: specialinvoke $r4.<javax.crypto.spec.SecretKeySpec: void <init>(byte[],java.lang.String)>($r1, varReplacer5504)
		Method: <com.jcraft.jsch.jce.BlowfishCBC: void init(int,byte[],byte[])>
		SHA-256: ca056d5cdfee2e774cb22da2b470d279f9a7c7d8b93e2bd082378b119440cd45
		Secure: false
	Object:
		Variable: $r3
		Type: byte[]
		Statement: $r3 = virtualinvoke $r11.<javax.crypto.KeyAgreement: byte[] generateSecret()>()
		Method: <com.jcraft.jsch.jce.ECDHN: byte[] getSecret(byte[],byte[])>
		SHA-256: 6c85ce5295ef0bd732df6be6f7c43fa0ce9e1b316899e991bf7b96ab2b40129e
		Secure: false
	Object:
		Variable: $r4
		Type: javax.crypto.spec.SecretKeySpec
		Statement: specialinvoke $r4.<javax.crypto.spec.SecretKeySpec: void <init>(byte[],java.lang.String)>($r2, varReplacer5577)
		Method: <com.jcraft.jsch.jce.ARCFOUR128: void init(int,byte[],byte[])>
		SHA-256: e5e47ceffb1583727f11566e2a2977e46a2077522e41321acd5455e3812aeff0
		Secure: false
	Object:
		Variable: $r8
		Type: javax.crypto.spec.IvParameterSpec
		Statement: specialinvoke $r8.<javax.crypto.spec.IvParameterSpec: void <init>(byte[])>($r2)
		Method: <com.jcraft.jsch.jce.AES192CTR: void init(int,byte[],byte[])>
		SHA-256: 3507622f7ad7242a17af1fa3d39c616617bdc4d74a480593670b3d261ab87ee6
		Secure: false
	Object:
		Variable: $r2
		Type: java.security.MessageDigest
		Statement: $r2 = staticinvoke <java.security.MessageDigest: java.security.MessageDigest getInstance(java.lang.String)>(varReplacer5643)
		Method: <com.jcraft.jsch.jce.SHA1: void init()>
		SHA-256: d43e2ef298ec62746325e3e940743e28bae364891c70d0c8e1cc96211aa559ac
		Secure: false
	Object:
		Variable: $r3
		Type: java.security.spec.ECGenParameterSpec
		Statement: specialinvoke $r3.<java.security.spec.ECGenParameterSpec: void <init>(java.lang.String)>($r1)
		Method: <com.jcraft.jsch.jce.KeyPairGenECDSA: void init(int)>
		SHA-256: c0c841f9070d912a8526893671327686eac65fea31ab5bd88feb9cf164a15e70
		Secure: true
	Object:
		Variable: $r9
		Type: javax.crypto.SecretKey
		Statement: $r9 = virtualinvoke $r8.<javax.crypto.SecretKeyFactory: javax.crypto.SecretKey generateSecret(java.security.spec.KeySpec)>($r7)
		Method: <com.jcraft.jsch.jce.TripleDESCBC: void init(int,byte[],byte[])>
		SHA-256: cf5205bb528498cbc9485ce8c7be5041791707e81f358887ea995396fa0f73b3
		Secure: false
	Object:
		Variable: $r7
		Type: javax.crypto.Cipher
		Statement: $r7 = staticinvoke <javax.crypto.Cipher: javax.crypto.Cipher getInstance(java.lang.String)>($r6)
		Method: <com.jcraft.jsch.jce.AES256CTR: void init(int,byte[],byte[])>
		SHA-256: edd4129286521de1e831e5ad2788d7cb84da0d0cb26ca090524b678382fb3e54
		Secure: true
	Object:
		Variable: $r10
		Type: java.security.PrivateKey
		Statement: $r10 = virtualinvoke $r8.<java.security.KeyFactory: java.security.PrivateKey generatePrivate(java.security.spec.KeySpec)>($r9)
		Method: <com.jcraft.jsch.jce.SignatureECDSAN: void setPrvKey(byte[])>
		SHA-256: 88e9df1fecac22190e213da740c2193bb33093158543ac909bffe4114aebcacf
		Secure: false
	Object:
		Variable: $r9
		Type: javax.crypto.SecretKey
		Statement: $r9 = virtualinvoke $r8.<javax.crypto.SecretKeyFactory: javax.crypto.SecretKey generateSecret(java.security.spec.KeySpec)>($r7)
		Method: <com.jcraft.jsch.jce.TripleDESCTR: void init(int,byte[],byte[])>
		SHA-256: bfd1bda22ce393bfcabea5a0054e5f63075a64f2aebd3dd9c8448923dc8d2f6e
		Secure: false
	Object:
		Variable: $r2
		Type: java.security.KeyFactory
		Statement: $r2 = staticinvoke <java.security.KeyFactory: java.security.KeyFactory getInstance(java.lang.String)>(varReplacer5662)
		Method: <com.jcraft.jsch.jce.SignatureDSA: void init()>
		SHA-256: 2000140abef4f744a4a4a4e96643697ddee138f310669fff4ea651da60fa1d54
		Secure: false
	Object:
		Variable: $r7
		Type: java.security.PublicKey
		Statement: $r7 = virtualinvoke $r4.<java.security.KeyPair: java.security.PublicKey getPublic()>()
		Method: <com.jcraft.jsch.jce.KeyPairGenECDSA: void init(int)>
		SHA-256: 7f858f6bea144fdf161729cd4bfb2b816bab760aa3ec136969636f1d56e5676
		Secure: true
	Object:
		Variable: $r3
		Type: java.security.AlgorithmParameters
		Statement: $r3 = staticinvoke <java.security.AlgorithmParameters: java.security.AlgorithmParameters getInstance(java.lang.String)>(varReplacer7561)
		Method: <com.jcraft.jsch.jce.SignatureECDSAN: void setPrvKey(byte[])>
		SHA-256: 46c6e5c4ddb38e0f66a0b7ce41fab468463278e8731a696e81dec58130516883
		Secure: false
	Object:
		Variable: $r7
		Type: java.security.PrivateKey
		Statement: $r7 = virtualinvoke $r5.<java.security.KeyPair: java.security.PrivateKey getPrivate()>()
		Method: <com.jcraft.jsch.jce.DH: byte[] getE()>
		SHA-256: 2836b9faffa634fe8a5d34eaa0bf896e3f241f74bbc174ac617c0f89be592ae3
		Secure: true
	Object:
		Variable: $r1
		Type: byte[]
		Statement: $r1 = virtualinvoke $r2.<java.security.MessageDigest: byte[] digest()>()
		Method: <com.jcraft.jsch.jce.MD5: byte[] digest()>
		SHA-256: c110f6a03027b5f693fd6ba1af4ce419cf15410bdc1576355e4fe65dcd2effd2
		Secure: false
	Object:
		Variable: $r7
		Type: javax.crypto.Cipher
		Statement: $r7 = staticinvoke <javax.crypto.Cipher: javax.crypto.Cipher getInstance(java.lang.String)>($r6)
		Method: <com.jcraft.jsch.jce.BlowfishCBC: void init(int,byte[],byte[])>
		SHA-256: 9987f980c5f7d89b21b6c50f4b04480a8da2451f1deff78408a9b3a074df2b5e
		Secure: true
	Object:
		Variable: $r4
		Type: java.security.PrivateKey
		Statement: $r4 = virtualinvoke $r11.<java.security.KeyFactory: java.security.PrivateKey generatePrivate(java.security.spec.KeySpec)>($r2)
		Method: <com.jcraft.jsch.jce.SignatureDSA: void setPrvKey(byte[],byte[],byte[],byte[])>
		SHA-256: bea651b64061c84adb74450ed7c5cc43fe6c9b4976705385ef1d745473d4109d
		Secure: false
	Object:
		Variable: $r8
		Type: java.security.PublicKey
		Statement: $r8 = virtualinvoke $r5.<java.security.KeyPair: java.security.PublicKey getPublic()>()
		Method: <com.jcraft.jsch.jce.DH: byte[] getE()>
		SHA-256: d4c2ff90b9a24d322af67275df29132d1242a539a62aeb71d2ba3d3dd2127769
		Secure: true
	Object:
		Variable: $r4
		Type: javax.crypto.spec.SecretKeySpec
		Statement: specialinvoke $r4.<javax.crypto.spec.SecretKeySpec: void <init>(byte[],java.lang.String)>($r1, varReplacer5512)
		Method: <com.jcraft.jsch.jce.AES256CTR: void init(int,byte[],byte[])>
		SHA-256: 7cd339e9f4d893035a840b7b88dd592ae4e17dc538d32a36e3e8bffd8b49ed11
		Secure: false
	Object:
		Variable: $r2
		Type: java.security.MessageDigest
		Statement: $r2 = staticinvoke <java.security.MessageDigest: java.security.MessageDigest getInstance(java.lang.String)>(varReplacer5641)
		Method: <com.jcraft.jsch.jce.MD5: void init()>
		SHA-256: acdc462962f8c0c4e7a8755bb64fe9b3e81d30c21f2717cf9faef0ff44837dc2
		Secure: false
	Object:
		Variable: varReplacer5521
		Type: java.lang.String
		Statement: specialinvoke $r4.<javax.crypto.spec.SecretKeySpec: void <init>(byte[],java.lang.String)>($r1, varReplacer5521)
		Method: <com.jcraft.jsch.jce.AES128CTR: void init(int,byte[],byte[])>
		SHA-256: afa5a122615061d8769d03fb1a917a8fd9900be0e4d200a187884d6bb68e0bd7
		Secure: false
	Object:
		Variable: $r1
		Type: javax.crypto.KeyAgreement
		Statement: $r1 = staticinvoke <javax.crypto.KeyAgreement: javax.crypto.KeyAgreement getInstance(java.lang.String)>(varReplacer5648)
		Method: <com.jcraft.jsch.jce.ECDHN: void init(int)>
		SHA-256: bae242c5e9cfdb9a209a67dff5eb6f77892dc109bb5c613ac550006b809d9f4b
		Secure: false
	Object:
		Variable: varReplacer5564
		Type: java.lang.String
		Statement: specialinvoke $r4.<javax.crypto.spec.SecretKeySpec: void <init>(byte[],java.lang.String)>($r1, varReplacer5564)
		Method: <com.jcraft.jsch.jce.AES192CBC: void init(int,byte[],byte[])>
		SHA-256: 1d94653732a6a758131ac0f4f5f8f4b70b6d9ebf72612ac2dd4e4be012736773
		Secure: false
	Object:
		Variable: $r4
		Type: java.security.PublicKey
		Statement: $r4 = virtualinvoke $r11.<java.security.KeyFactory: java.security.PublicKey generatePublic(java.security.spec.KeySpec)>($r2)
		Method: <com.jcraft.jsch.jce.SignatureDSA: void setPubKey(byte[],byte[],byte[],byte[])>
		SHA-256: 9f460e15bb99472df4721a017afa26380feae4a7bbf2275205a4c75d64715e55
		Secure: false
	Object:
		Variable: $r8
		Type: javax.crypto.spec.IvParameterSpec
		Statement: specialinvoke $r8.<javax.crypto.spec.IvParameterSpec: void <init>(byte[])>($r2)
		Method: <com.jcraft.jsch.jce.AES256CBC: void init(int,byte[],byte[])>
		SHA-256: 220c85dc0b4f794e17616bbde52ba28a453932e9fc1d1f419226eb0b72c651b6
		Secure: false
	Object:
		Variable: $r8
		Type: javax.crypto.spec.IvParameterSpec
		Statement: specialinvoke $r8.<javax.crypto.spec.IvParameterSpec: void <init>(byte[])>($r2)
		Method: <com.jcraft.jsch.jce.AES192CBC: void init(int,byte[],byte[])>
		SHA-256: 1bc46767f474261db4bf3ce2bb90aa56951b697bb577492246a5b1b0f83a436e
		Secure: false
	Object:
		Variable: $i1
		Type: int
		Statement: specialinvoke $r6.<javax.crypto.spec.PBEKeySpec: void <init>(char[],byte[],int,int)>($r5, $r4, $i0, $i1)
		Method: <com.jcraft.jsch.jce.PBKDF: byte[] getKey(byte[],byte[],int,int)>
		SHA-256: 382bcfc756d3e5127e05131a8ec7398d1dac91d160188a06bfb63679d8d8332a
		Secure: false
	Object:
		Variable: $r4
		Type: javax.crypto.spec.SecretKeySpec
		Statement: specialinvoke $r4.<javax.crypto.spec.SecretKeySpec: void <init>(byte[],java.lang.String)>($r1, varReplacer5538)
		Method: <com.jcraft.jsch.jce.AES256CBC: void init(int,byte[],byte[])>
		SHA-256: efd360f458a3171230e11f33087e50f6234520190e2f4b08cd3c8ccefb0680c6
		Secure: false
	Object:
		Variable: $r8
		Type: javax.crypto.SecretKeyFactory
		Statement: $r8 = staticinvoke <javax.crypto.SecretKeyFactory: javax.crypto.SecretKeyFactory getInstance(java.lang.String)>(varReplacer5552)
		Method: <com.jcraft.jsch.jce.TripleDESCTR: void init(int,byte[],byte[])>
		SHA-256: 79b0b26bbaa4ee48b52f1c8d6027bbfecd03d2e80822b6e7a0be3c28e1e7b33a
		Secure: false
	Object:
		Variable: $r1
		Type: byte[]
		Statement: $r1 = virtualinvoke $r2.<java.security.MessageDigest: byte[] digest()>()
		Method: <com.jcraft.jsch.jce.SHA384: byte[] digest()>
		SHA-256: c6dc28285530edd1ea91f33c38327fa1a484c2f7f2bec41b800a920745a44522
		Secure: true
	Object:
		Variable: $r1
		Type: byte[]
		Statement: $z0 = virtualinvoke $r5.<java.security.Signature: boolean verify(byte[])>($r1)
		Method: <com.jcraft.jsch.jce.SignatureRSA: boolean verify(byte[])>
		SHA-256: 71daa0bb1e70a38cc63b317e226616f846c525830b4262e6854187da55f8d670
		Secure: false
	Object:
		Variable: $r7
		Type: javax.crypto.Cipher
		Statement: $r7 = staticinvoke <javax.crypto.Cipher: javax.crypto.Cipher getInstance(java.lang.String)>($r6)
		Method: <com.jcraft.jsch.jce.AES128CTR: void init(int,byte[],byte[])>
		SHA-256: 557117323782c95fc4d328a5c16896fcc96e3056d9edf90b99dc4710bdcecf65
		Secure: true
	Object:
		Variable: $r8
		Type: javax.crypto.spec.IvParameterSpec
		Statement: specialinvoke $r8.<javax.crypto.spec.IvParameterSpec: void <init>(byte[])>($r2)
		Method: <com.jcraft.jsch.jce.AES256CTR: void init(int,byte[],byte[])>
		SHA-256: a372adc09900c3e05555941a4dd64dedd9195bf42b28947caa9dc219434073fb
		Secure: false
	Object:
		Variable: $r3
		Type: java.security.PrivateKey
		Statement: $r3 = virtualinvoke $r7.<java.security.KeyFactory: java.security.PrivateKey generatePrivate(java.security.spec.KeySpec)>($r1)
		Method: <com.jcraft.jsch.jce.SignatureRSA: void setPrvKey(byte[],byte[])>
		SHA-256: a12a9452aa74d58c4497c76f62b8b6169127769208d040572f0feeb3e34398ae
		Secure: false
	Object:
		Variable: $r7
		Type: javax.crypto.Cipher
		Statement: $r7 = staticinvoke <javax.crypto.Cipher: javax.crypto.Cipher getInstance(java.lang.String)>($r6)
		Method: <com.jcraft.jsch.jce.AES128CBC: void init(int,byte[],byte[])>
		SHA-256: 65d0489d7ccbdd9574528540dc014530d0d5c2b9757f1b47669d9374e6292092
		Secure: true
	Object:
		Variable: $r1
		Type: java.security.Signature
		Statement: $r1 = staticinvoke <java.security.Signature: java.security.Signature getInstance(java.lang.String)>(varReplacer5663)
		Method: <com.jcraft.jsch.jce.SignatureDSA: void init()>
		SHA-256: c9bf01c5f2a90e52c456946aadb35336b722a2660d1011078fdde657e74c1e52
		Secure: false
	Object:
		Variable: $r3
		Type: java.security.KeyFactory
		Statement: $r3 = staticinvoke <java.security.KeyFactory: java.security.KeyFactory getInstance(java.lang.String)>(varReplacer3132)
		Method: <com.jcraft.jsch.jce.DH: byte[] getK()>
		SHA-256: 253420696f2b4102d153a4b070502a131d98a81677947664a87e9bac0ad4bfc8
		Secure: false
	Object:
		Variable: $r4
		Type: javax.crypto.spec.SecretKeySpec
		Statement: specialinvoke $r4.<javax.crypto.spec.SecretKeySpec: void <init>(byte[],java.lang.String)>($r1, varReplacer5530)
		Method: <com.jcraft.jsch.jce.AES192CTR: void init(int,byte[],byte[])>
		SHA-256: f34b3519f6236feeea5ec4abdf26cb57e967551bd2f63cca8b75a6abae079451
		Secure: false
	Object:
		Variable: $r4
		Type: java.security.AlgorithmParameters
		Statement: $r4 = staticinvoke <java.security.AlgorithmParameters: java.security.AlgorithmParameters getInstance(java.lang.String)>(varReplacer5677)
		Method: <com.jcraft.jsch.jce.SignatureECDSAN: void setPubKey(byte[],byte[])>
		SHA-256: 8d27d33c13d8b8a2bc1b7399a4d17ac1e300718e1921e6cde377f48397ea9c63
		Secure: false
	Object:
		Variable: $r1
		Type: javax.crypto.Mac
		Statement: $r1 = staticinvoke <javax.crypto.Mac: javax.crypto.Mac getInstance(java.lang.String)>($r5)
		Method: <com.jcraft.jsch.jce.HMAC: void init(byte[])>
		SHA-256: 422e23cb539ae7ef293a31df2ba07e8d387b671157f7383e4f3273c3329a894e
		Secure: false
	Object:
		Variable: $z0
		Type: boolean
		Statement: $z0 = virtualinvoke $r6.<java.security.Signature: boolean verify(byte[])>($r5)
		Method: <com.jcraft.jsch.jce.SignatureDSA: boolean verify(byte[])>
		SHA-256: 73163934b24c0fa0a5ce0a6e2f19a8916d0a5508b47bf287c199b3b90b47b9ce
		Secure: false
	Object:
		Variable: $r7
		Type: javax.crypto.Cipher
		Statement: $r7 = staticinvoke <javax.crypto.Cipher: javax.crypto.Cipher getInstance(java.lang.String)>($r6)
		Method: <com.jcraft.jsch.jce.AES192CTR: void init(int,byte[],byte[])>
		SHA-256: 403fcb519ddd7f97c7f74b8e494868fb048740030954357405428d00b5a00b4c
		Secure: true
	Object:
		Variable: $r4
		Type: javax.crypto.spec.SecretKeySpec
		Statement: specialinvoke $r4.<javax.crypto.spec.SecretKeySpec: void <init>(byte[],java.lang.String)>($r2, varReplacer5516)
		Method: <com.jcraft.jsch.jce.ARCFOUR: void init(int,byte[],byte[])>
		SHA-256: 62bec19756c6db45bdd8ee1e4e4ae2405b05f6bcdca93859bb65d7874490f15d
		Secure: false
	Object:
		Variable: $r5
		Type: java.security.KeyPair
		Statement: $r5 = virtualinvoke $r4.<java.security.KeyPairGenerator: java.security.KeyPair generateKeyPair()>()
		Method: <com.jcraft.jsch.jce.DH: byte[] getE()>
		SHA-256: 1dff5f3bbbe1b06a3a9bbdba08eec4f2b759a891005cce61b58fa76a478caada
		Secure: true
	Object:
		Variable: varReplacer5504
		Type: java.lang.String
		Statement: specialinvoke $r4.<javax.crypto.spec.SecretKeySpec: void <init>(byte[],java.lang.String)>($r1, varReplacer5504)
		Method: <com.jcraft.jsch.jce.BlowfishCBC: void init(int,byte[],byte[])>
		SHA-256: 3e6018d4c6a07778a5490d378557bd6cb4170d631ed813a4cce730aeb830629d
		Secure: false
	Object:
		Variable: $r1
		Type: javax.crypto.Cipher
		Statement: $r1 = staticinvoke <javax.crypto.Cipher: javax.crypto.Cipher getInstance(java.lang.String)>(varReplacer5573)
		Method: <com.jcraft.jsch.jce.ARCFOUR256: void init(int,byte[],byte[])>
		SHA-256: 70c3c4ec09302b245556280ba2dcf0ad5e9a5509a85bb3d2c91bc49d4b4b8f98
		Secure: false
	Object:
		Variable: $r4
		Type: javax.crypto.spec.SecretKeySpec
		Statement: specialinvoke $r4.<javax.crypto.spec.SecretKeySpec: void <init>(byte[],java.lang.String)>($r2, $r5)
		Method: <com.jcraft.jsch.jce.HMAC: void init(byte[])>
		SHA-256: fea1cae26dd128854b549cad77e38894400e4c46e1f959ca1cf498696b207579
		Secure: false
	Object:
		Variable: $r8
		Type: javax.crypto.SecretKey
		Statement: $r8 = virtualinvoke $r7.<javax.crypto.SecretKeyFactory: javax.crypto.SecretKey generateSecret(java.security.spec.KeySpec)>($r6)
		Method: <com.jcraft.jsch.jce.PBKDF: byte[] getKey(byte[],byte[],int,int)>
		SHA-256: db74543a426e0f64621fd1592890cb4cab867f8d62d9dad0bb8a1d515237d07c
		Secure: false
	Object:
		Variable: $r8
		Type: javax.crypto.spec.IvParameterSpec
		Statement: specialinvoke $r8.<javax.crypto.spec.IvParameterSpec: void <init>(byte[])>($r2)
		Method: <com.jcraft.jsch.jce.BlowfishCBC: void init(int,byte[],byte[])>
		SHA-256: c4b3a9e8bd29ebe4d2e724613bd9f8a56e17ab6cc00048a9190f1f96fa89586b
		Secure: false
	Object:
		Variable: varReplacer5538
		Type: java.lang.String
		Statement: specialinvoke $r4.<javax.crypto.spec.SecretKeySpec: void <init>(byte[],java.lang.String)>($r1, varReplacer5538)
		Method: <com.jcraft.jsch.jce.AES256CBC: void init(int,byte[],byte[])>
		SHA-256: 5e3f5885c2fdf455015b298bf8fd9390e4519a80f17287795e7b80c0d39838a2
		Secure: false
	Object:
		Variable: $r7
		Type: javax.crypto.SecretKeyFactory
		Statement: $r7 = staticinvoke <javax.crypto.SecretKeyFactory: javax.crypto.SecretKeyFactory getInstance(java.lang.String)>(varReplacer7555)
		Method: <com.jcraft.jsch.jce.PBKDF: byte[] getKey(byte[],byte[],int,int)>
		SHA-256: d92efcbb1e75ad6294eedaa89215a3c11a5a3ee47c323f106fdfc6c22ca841bb
		Secure: false
	Object:
		Variable: $r8
		Type: javax.crypto.SecretKeyFactory
		Statement: $r8 = staticinvoke <javax.crypto.SecretKeyFactory: javax.crypto.SecretKeyFactory getInstance(java.lang.String)>(varReplacer5549)
		Method: <com.jcraft.jsch.jce.TripleDESCBC: void init(int,byte[],byte[])>
		SHA-256: a06198781fc634c447f7119a06b78912a29a122f1d287073c5c307f431cbdff8
		Secure: false
	Object:
		Variable: $r4
		Type: javax.crypto.spec.SecretKeySpec
		Statement: specialinvoke $r4.<javax.crypto.spec.SecretKeySpec: void <init>(byte[],java.lang.String)>($r1, varReplacer5521)
		Method: <com.jcraft.jsch.jce.AES128CTR: void init(int,byte[],byte[])>
		SHA-256: 13050918f2ef8c63311c9ff03ae18c552453bc42405d0ba3321bfed3b0c34565
		Secure: false
	Object:
		Variable: $r5
		Type: java.security.spec.ECGenParameterSpec
		Statement: specialinvoke $r5.<java.security.spec.ECGenParameterSpec: void <init>(java.lang.String)>($r3)
		Method: <com.jcraft.jsch.jce.SignatureECDSAN: void setPubKey(byte[],byte[])>
		SHA-256: 8c803692afe6f0bdb6d459aaa73fed145804a50f02d732dc0a8dcaddb18ef71c
		Secure: true
	Object:
		Variable: $r1
		Type: byte[]
		Statement: $r1 = virtualinvoke $r2.<java.security.Signature: byte[] sign()>()
		Method: <com.jcraft.jsch.jce.SignatureDSA: byte[] sign()>
		SHA-256: 925df3258434ea47aff908255a20c908af2b481d5a903d35114164d964675cb5
		Secure: false
	Object:
		Variable: $r2
		Type: javax.crypto.spec.DHParameterSpec
		Statement: specialinvoke $r2.<javax.crypto.spec.DHParameterSpec: void <init>(java.math.BigInteger,java.math.BigInteger)>($r1, $r3)
		Method: <com.jcraft.jsch.jce.DH: byte[] getE()>
		SHA-256: 446d78408c02250b6fd9d0c17fb13047d74bec4f4b3447a41ceb564517336f09
		Secure: true
	Object:
		Variable: $r1
		Type: byte[]
		Statement: $r1 = virtualinvoke $r2.<java.security.Signature: byte[] sign()>()
		Method: <com.jcraft.jsch.jce.SignatureRSA: byte[] sign()>
		SHA-256: f034e2c1866eaf9fbe190ebf2d350596a9a4c476c521b362e5809fc65cf6ffb4
		Secure: false
	Object:
		Variable: $r7
		Type: javax.crypto.Cipher
		Statement: $r7 = staticinvoke <javax.crypto.Cipher: javax.crypto.Cipher getInstance(java.lang.String)>($r6)
		Method: <com.jcraft.jsch.jce.AES192CBC: void init(int,byte[],byte[])>
		SHA-256: f80df5daa109b5b1e28ced2626178156657324c16289559f6c5bf8bf38d73e38
		Secure: true
	Object:
		Variable: $r1
		Type: byte[]
		Statement: $r1 = virtualinvoke $r2.<java.security.MessageDigest: byte[] digest()>()
		Method: <com.jcraft.jsch.jce.SHA512: byte[] digest()>
		SHA-256: 28d5afebe26db9d4a19e34d4a81826417ab368da21d8af0bf40888333b42d03f
		Secure: true
	Object:
		Variable: $r2
		Type: java.security.MessageDigest
		Statement: $r2 = staticinvoke <java.security.MessageDigest: java.security.MessageDigest getInstance(java.lang.String)>(varReplacer5642)
		Method: <com.jcraft.jsch.jce.SHA512: void init()>
		SHA-256: c4114257ef432c56cc788e45ea9d869f39eb6bcb9d6572a40b7752cdb5614368
		Secure: true
	Object:
		Variable: $r2
		Type: java.security.Signature
		Statement: $r2 = staticinvoke <java.security.Signature: java.security.Signature getInstance(java.lang.String)>($r1)
		Method: <com.jcraft.jsch.jce.SignatureECDSAN: void init()>
		SHA-256: cb0ee37e84c3d02781f4b91c91d942d003e0c85b0169687472a2fb9ff9724174
		Secure: false
	Object:
		Variable: varReplacer5662
		Type: java.lang.String
		Statement: $r2 = staticinvoke <java.security.KeyFactory: java.security.KeyFactory getInstance(java.lang.String)>(varReplacer5662)
		Method: <com.jcraft.jsch.jce.SignatureDSA: void init()>
		SHA-256: 644498f4f52bb7b8a5a6bc254de967157a151a726905957db29b67c884633a6
		Secure: false
	Object:
		Variable: $r6
		Type: java.security.PublicKey
		Statement: $r6 = virtualinvoke $r3.<java.security.KeyFactory: java.security.PublicKey generatePublic(java.security.spec.KeySpec)>($r4)
		Method: <com.jcraft.jsch.jce.DH: byte[] getK()>
		SHA-256: 760e55104ada20bab69008013755757c7007efcd890e8a6f6b36a148d6f52cca
		Secure: false
	Object:
		Variable: $r6
		Type: javax.crypto.Cipher
		Statement: $r6 = staticinvoke <javax.crypto.Cipher: javax.crypto.Cipher getInstance(java.lang.String)>($r5)
		Method: <com.jcraft.jsch.jce.TripleDESCTR: void init(int,byte[],byte[])>
		SHA-256: 149478d6bc31329dc922c9c139d8f0cf71ab2d287210a3562a0e0b4e9dcd00f1
		Secure: false
	Object:
		Variable: $r2
		Type: java.security.KeyPairGenerator
		Statement: $r2 = staticinvoke <java.security.KeyPairGenerator: java.security.KeyPairGenerator getInstance(java.lang.String)>(varReplacer7520)
		Method: <com.jcraft.jsch.jce.KeyPairGenECDSA: void init(int)>
		SHA-256: 557faab58d97abc90473f2a072a3b5df6ef3f6a35782f8cb34ebca4afa7c97b4
		Secure: true
	Object:
		Variable: $r13
		Type: java.security.PublicKey
		Statement: $r13 = virtualinvoke $r11.<java.security.KeyFactory: java.security.PublicKey generatePublic(java.security.spec.KeySpec)>($r12)
		Method: <com.jcraft.jsch.jce.SignatureECDSAN: void setPubKey(byte[],byte[])>
		SHA-256: 850cc5e7e5cd3ceea39c4ff0e8c502cbceb3cfb6f9323fa8b86eab8b6ef5bac0
		Secure: false
	Object:
		Variable: $r1
		Type: byte[]
		Statement: $r1 = virtualinvoke $r2.<java.security.MessageDigest: byte[] digest()>()
		Method: <com.jcraft.jsch.jce.SHA1: byte[] digest()>
		SHA-256: 39d109b40a0a39f6d8e3f0b709e25a482210d038fb8f4c9d8e90b86b44204ba8
		Secure: false
	Object:
		Variable: $r2
		Type: java.security.MessageDigest
		Statement: $r2 = staticinvoke <java.security.MessageDigest: java.security.MessageDigest getInstance(java.lang.String)>(varReplacer5640)
		Method: <com.jcraft.jsch.jce.SHA384: void init()>
		SHA-256: 5b2bc13b75203ee20e1d43e83ab519a31bc6bc3adde085a5448ad7455b27d09b
		Secure: true
	Object:
		Variable: $r1
		Type: byte[]
		Statement: $r1 = virtualinvoke $r2.<java.security.MessageDigest: byte[] digest()>()
		Method: <com.jcraft.jsch.jce.SHA256: byte[] digest()>
		SHA-256: 9b361fef657db9c8fccc250e2206f4370d18c3bea02f5b356c299364cb64f6e2
		Secure: true
	Object:
		Variable: varReplacer5659
		Type: java.lang.String
		Statement: $r2 = staticinvoke <java.security.KeyFactory: java.security.KeyFactory getInstance(java.lang.String)>(varReplacer5659)
		Method: <com.jcraft.jsch.jce.SignatureRSA: void init()>
		SHA-256: f0482fb75c2163ae7cac8f1810f564f49ead194a5f7fcb0e2b14f74cdd3f69b0
		Secure: false
	Object:
		Variable: $r2
		Type: java.security.KeyFactory
		Statement: $r2 = staticinvoke <java.security.KeyFactory: java.security.KeyFactory getInstance(java.lang.String)>(varReplacer5659)
		Method: <com.jcraft.jsch.jce.SignatureRSA: void init()>
		SHA-256: f304169437bde79b9c933a7ef780a271059ecf1a9458be6474125dbb741ca977
		Secure: false
	Object:
		Variable: varReplacer5571
		Type: java.lang.String
		Statement: specialinvoke $r4.<javax.crypto.spec.SecretKeySpec: void <init>(byte[],java.lang.String)>($r2, varReplacer5571)
		Method: <com.jcraft.jsch.jce.ARCFOUR256: void init(int,byte[],byte[])>
		SHA-256: 823e3761c4cf391287d86222f28aa179a5d79d333786ce4e1d5ca6131fafd469
		Secure: false
	Object:
		Variable: varReplacer5530
		Type: java.lang.String
		Statement: specialinvoke $r4.<javax.crypto.spec.SecretKeySpec: void <init>(byte[],java.lang.String)>($r1, varReplacer5530)
		Method: <com.jcraft.jsch.jce.AES192CTR: void init(int,byte[],byte[])>
		SHA-256: 45738a516e033913bb1e8ad28b2ee4f8aedd8e61f3f317aa74ef92ebd6b39fb1
		Secure: false
	Object:
		Variable: $r2
		Type: java.security.MessageDigest
		Statement: $r2 = staticinvoke <java.security.MessageDigest: java.security.MessageDigest getInstance(java.lang.String)>(varReplacer5644)
		Method: <com.jcraft.jsch.jce.SHA256: void init()>
		SHA-256: 7aa76abbc216a056ee0b07faef30008506f984f35c407f117b63b708fd7277a3
		Secure: true
	Object:
		Variable: $r8
		Type: javax.crypto.spec.IvParameterSpec
		Statement: specialinvoke $r8.<javax.crypto.spec.IvParameterSpec: void <init>(byte[])>($r2)
		Method: <com.jcraft.jsch.jce.AES128CBC: void init(int,byte[],byte[])>
		SHA-256: 42ae2691233ee19229fa3cce5b8b63fdb7707a02e4accb06951141a29e0a3e1e
		Secure: false
	Object:
		Variable: $r10
		Type: javax.crypto.spec.IvParameterSpec
		Statement: specialinvoke $r10.<javax.crypto.spec.IvParameterSpec: void <init>(byte[])>($r2)
		Method: <com.jcraft.jsch.jce.TripleDESCTR: void init(int,byte[],byte[])>
		SHA-256: 70fb3ffcf1ad00e449c329660bb730cbdf7c3177ecbdb2d0ebf5c9ca197ce016
		Secure: false
	Object:
		Variable: varReplacer5495
		Type: java.lang.String
		Statement: specialinvoke $r4.<javax.crypto.spec.SecretKeySpec: void <init>(byte[],java.lang.String)>($r1, varReplacer5495)
		Method: <com.jcraft.jsch.jce.AES128CBC: void init(int,byte[],byte[])>
		SHA-256: 39137e55150380988a0fb7f15d5f55224783330fb28c094ee1072225b4713081
		Secure: false
	Object:
		Variable: varReplacer5512
		Type: java.lang.String
		Statement: specialinvoke $r4.<javax.crypto.spec.SecretKeySpec: void <init>(byte[],java.lang.String)>($r1, varReplacer5512)
		Method: <com.jcraft.jsch.jce.AES256CTR: void init(int,byte[],byte[])>
		SHA-256: eb53258351d90b4016c3cbeb1b3d278709f8b0788057c58ca173d3769f3c1c82
		Secure: false
	Object:
		Variable: $r2
		Type: byte[]
		Statement: $r2 = virtualinvoke $r1.<java.security.Signature: byte[] sign()>()
		Method: <com.jcraft.jsch.jce.SignatureECDSAN: byte[] sign()>
		SHA-256: 4b89d378483995680c8afec839c9719ea948233d3095f75e9422a02c581ac585
		Secure: false
	Object:
		Variable: $r1
		Type: javax.crypto.Cipher
		Statement: $r1 = staticinvoke <javax.crypto.Cipher: javax.crypto.Cipher getInstance(java.lang.String)>(varReplacer5581)
		Method: <com.jcraft.jsch.jce.ARCFOUR128: void init(int,byte[],byte[])>
		SHA-256: 3d163333c8612c30ebd076e95c6e31ab32a9d2d10532faefb233db0cd8c9e239
		Secure: false
	Object:
		Variable: $r4
		Type: java.security.KeyPair
		Statement: $r4 = virtualinvoke $r2.<java.security.KeyPairGenerator: java.security.KeyPair genKeyPair()>()
		Method: <com.jcraft.jsch.jce.KeyPairGenECDSA: void init(int)>
		SHA-256: 80ea9ceb4b7c8d97eac28ccfbfff436e1e20136bb91c0e52a73aee6b24b84a29
		Secure: true
	Object:
		Variable: $r8
		Type: javax.crypto.spec.IvParameterSpec
		Statement: specialinvoke $r8.<javax.crypto.spec.IvParameterSpec: void <init>(byte[])>($r2)
		Method: <com.jcraft.jsch.jce.AES128CTR: void init(int,byte[],byte[])>
		SHA-256: 47e54bb3da6c8eb16e9f5312e4e122cacc505d8f9a28b50a9868954b2cd7f190
		Secure: false
	Object:
		Variable: $r10
		Type: java.security.PublicKey
		Statement: $r10 = virtualinvoke $r5.<java.security.KeyFactory: java.security.PublicKey generatePublic(java.security.spec.KeySpec)>($r7)
		Method: <com.jcraft.jsch.jce.ECDHN: byte[] getSecret(byte[],byte[])>
		SHA-256: 664a328302967833e71725976b8f25214ff01e7d198f6fda02b75fce671a440c
		Secure: false
	Object:
		Variable: $r7
		Type: javax.crypto.Cipher
		Statement: $r7 = staticinvoke <javax.crypto.Cipher: javax.crypto.Cipher getInstance(java.lang.String)>($r6)
		Method: <com.jcraft.jsch.jce.AES256CBC: void init(int,byte[],byte[])>
		SHA-256: a9d145ea8b9f8ca91700b7468e29a40bf83bfe94f3a32cfe45725e7b84ccfeb1
		Secure: false
	Object:
		Variable: varReplacer5577
		Type: java.lang.String
		Statement: specialinvoke $r4.<javax.crypto.spec.SecretKeySpec: void <init>(byte[],java.lang.String)>($r2, varReplacer5577)
		Method: <com.jcraft.jsch.jce.ARCFOUR128: void init(int,byte[],byte[])>
		SHA-256: 2acca3219e04c7929e503e826e59d9e827e28ea90b6d82577d9c30bd671640c4
		Secure: false
	Object:
		Variable: $r1
		Type: javax.crypto.Cipher
		Statement: $r1 = staticinvoke <javax.crypto.Cipher: javax.crypto.Cipher getInstance(java.lang.String)>(varReplacer5517)
		Method: <com.jcraft.jsch.jce.ARCFOUR: void init(int,byte[],byte[])>
		SHA-256: de8654d0ab3e1190722e133192850030cbfcac78f3c8486e60921783439f1d84
		Secure: false
	Object:
		Variable: $r4
		Type: javax.crypto.spec.SecretKeySpec
		Statement: specialinvoke $r4.<javax.crypto.spec.SecretKeySpec: void <init>(byte[],java.lang.String)>($r2, varReplacer5571)
		Method: <com.jcraft.jsch.jce.ARCFOUR256: void init(int,byte[],byte[])>
		SHA-256: c534b8ffb36b6fe406dda892bd101d5cddda58416f8c797894a2d00db9401dc1
		Secure: false
	Object:
		Variable: $r3
		Type: java.security.PublicKey
		Statement: $r3 = virtualinvoke $r7.<java.security.KeyFactory: java.security.PublicKey generatePublic(java.security.spec.KeySpec)>($r1)
		Method: <com.jcraft.jsch.jce.SignatureRSA: void setPubKey(byte[],byte[])>
		SHA-256: ebe91e6cb10d37633351c92371123df6ca17f6dbe168da78710f00d0532ddbd3
		Secure: false
	Object:
		Variable: $r5
		Type: java.security.KeyFactory
		Statement: $r5 = staticinvoke <java.security.KeyFactory: java.security.KeyFactory getInstance(java.lang.String)>(varReplacer3176)
		Method: <com.jcraft.jsch.jce.ECDHN: byte[] getSecret(byte[],byte[])>
		SHA-256: 26201e87f3e1601aabff7fea6b6a55a23fcb4c34012fa1530f3519a80214996c
		Secure: false
	Object:
		Variable: $r6
		Type: javax.crypto.Cipher
		Statement: $r6 = staticinvoke <javax.crypto.Cipher: javax.crypto.Cipher getInstance(java.lang.String)>($r5)
		Method: <com.jcraft.jsch.jce.TripleDESCBC: void init(int,byte[],byte[])>
		SHA-256: 2a75580cd2fcc0d31872ccb015c7499cecb6f455b883de63fb8480ea9603babc
		Secure: true
	Object:
		Variable: $r1
		Type: java.security.KeyPairGenerator
		Statement: $r1 = staticinvoke <java.security.KeyPairGenerator: java.security.KeyPairGenerator getInstance(java.lang.String)>(varReplacer5647)
		Method: <com.jcraft.jsch.jce.DH: void init()>
		SHA-256: f2b23e2b7b91d9190bbf460edb49f3f40470d8517357e1c2a4c6d9d7baa835d2
		Secure: false
	Object:
		Variable: $r1
		Type: byte[]
		Statement: $z0 = virtualinvoke $r5.<java.security.Signature: boolean verify(byte[])>($r1)
		Method: <com.jcraft.jsch.jce.SignatureECDSAN: boolean verify(byte[])>
		SHA-256: 41e9d06693c8abcb412bcdeecc1674a0dbc22a38da2d97b5477b4ab2ed973bc4
		Secure: false
	Object:
		Variable: $r6
		Type: javax.crypto.spec.PBEKeySpec
		Statement: specialinvoke $r6.<javax.crypto.spec.PBEKeySpec: void <init>(char[],byte[],int,int)>($r5, $r4, $i0, $i1)
		Method: <com.jcraft.jsch.jce.PBKDF: byte[] getKey(byte[],byte[],int,int)>
		SHA-256: 206acd077242d37aec8925357d185958c1d6b17c83c84b5f5dcdab365cd95e
		Secure: false
	Object:
		Variable: $r2
		Type: javax.crypto.KeyAgreement
		Statement: $r2 = staticinvoke <javax.crypto.KeyAgreement: javax.crypto.KeyAgreement getInstance(java.lang.String)>(varReplacer5646)
		Method: <com.jcraft.jsch.jce.DH: void init()>
		SHA-256: be9c9ed9beeeaeb7bc4d5fe2c51eb305844b7604da2307b5b431635ab3633ae8
		Secure: false
	Object:
		Variable: $r4
		Type: java.security.spec.ECGenParameterSpec
		Statement: specialinvoke $r4.<java.security.spec.ECGenParameterSpec: void <init>(java.lang.String)>($r2)
		Method: <com.jcraft.jsch.jce.SignatureECDSAN: void setPrvKey(byte[])>
		SHA-256: 73b714483f673069417a6a451950c7132e3bc2688b07dab00020146fb633415
		Secure: true
	Object:
		Variable: $r5
		Type: java.security.PrivateKey
		Statement: $r5 = virtualinvoke $r4.<java.security.KeyPair: java.security.PrivateKey getPrivate()>()
		Method: <com.jcraft.jsch.jce.KeyPairGenECDSA: void init(int)>
		SHA-256: 8a21258dfbc724a4ddf30cee89e99546a477ca939b4b01b71b6e02fec7bf2666
		Secure: true
	Object:
		Variable: $r5
		Type: java.lang.String
		Statement: specialinvoke $r4.<javax.crypto.spec.SecretKeySpec: void <init>(byte[],java.lang.String)>($r2, $r5)
		Method: <com.jcraft.jsch.jce.HMAC: void init(byte[])>
		SHA-256: 47ed80717386dabf5680a6c299acddc56e6fa734ca660c62c5acabccc5133b56
		Secure: false
	Object:
		Variable: $r4
		Type: javax.crypto.spec.SecretKeySpec
		Statement: specialinvoke $r4.<javax.crypto.spec.SecretKeySpec: void <init>(byte[],java.lang.String)>($r1, varReplacer5495)
		Method: <com.jcraft.jsch.jce.AES128CBC: void init(int,byte[],byte[])>
		SHA-256: 4ae5895ff1236409c334bd652a3b1cb7dfc5442a671fa239ebc3c5c87bc7da01
		Secure: false
	Object:
		Variable: $r4
		Type: javax.crypto.spec.SecretKeySpec
		Statement: specialinvoke $r4.<javax.crypto.spec.SecretKeySpec: void <init>(byte[],java.lang.String)>($r1, varReplacer5564)
		Method: <com.jcraft.jsch.jce.AES192CBC: void init(int,byte[],byte[])>
		SHA-256: 52f74ba03526025a3f5121b01d877b475fa192e64ac594c6d2c8b2984212126b
		Secure: false
	Object:
		Variable: $r5
		Type: byte[]
		Statement: $z0 = virtualinvoke $r6.<java.security.Signature: boolean verify(byte[])>($r5)
		Method: <com.jcraft.jsch.jce.SignatureDSA: boolean verify(byte[])>
		SHA-256: 59d17a29a1229d3a135b025a411a690754089c80ff9470bd8900f440737a3bc1
		Secure: false
	Object:
		Variable: $r8
		Type: byte[]
		Statement: $r8 = virtualinvoke $r7.<javax.crypto.KeyAgreement: byte[] generateSecret()>()
		Method: <com.jcraft.jsch.jce.DH: byte[] getK()>
		SHA-256: eeacec4e589099299fc400042d03f85040190804c913e79f5608b3a11de33421
		Secure: false
	Object:
		Variable: $r10
		Type: javax.crypto.spec.IvParameterSpec
		Statement: specialinvoke $r10.<javax.crypto.spec.IvParameterSpec: void <init>(byte[])>($r2)
		Method: <com.jcraft.jsch.jce.TripleDESCBC: void init(int,byte[],byte[])>
		SHA-256: d1a74cb5ff86788a7c221272caa1854b1f1b3eb1bd511e5becb11cf9b2e0471a
		Secure: false
	Object:
		Variable: varReplacer5675
		Type: java.lang.String
		Statement: $r3 = staticinvoke <java.security.KeyFactory: java.security.KeyFactory getInstance(java.lang.String)>(varReplacer5675)
		Method: <com.jcraft.jsch.jce.SignatureECDSAN: void init()>
		SHA-256: 5b543e553a7f1974efee3ffe2fad77c70e823682296790e89a50c1b2fc6670dc
		Secure: false
	Object:
		Variable: varReplacer3176
		Type: java.lang.String
		Statement: $r5 = staticinvoke <java.security.KeyFactory: java.security.KeyFactory getInstance(java.lang.String)>(varReplacer3176)
		Method: <com.jcraft.jsch.jce.ECDHN: byte[] getSecret(byte[],byte[])>
		SHA-256: ca765e9a940c362cd539bea607009d19e0261afd60d970601509129317afb620
		Secure: false
	Object:
		Variable: varReplacer3132
		Type: java.lang.String
		Statement: $r3 = staticinvoke <java.security.KeyFactory: java.security.KeyFactory getInstance(java.lang.String)>(varReplacer3132)
		Method: <com.jcraft.jsch.jce.DH: byte[] getK()>
		SHA-256: a9ecb76a0cbcea1c295c06de537cb176c17c94dc6358ee3001f9ed7410f7a8b0
		Secure: false
	Object:
		Variable: $r3
		Type: java.security.KeyFactory
		Statement: $r3 = staticinvoke <java.security.KeyFactory: java.security.KeyFactory getInstance(java.lang.String)>(varReplacer5675)
		Method: <com.jcraft.jsch.jce.SignatureECDSAN: void init()>
		SHA-256: dfad203e7989ae80b971501d33e5ed2731190ad5770e8256b785c9f323e68ef1
		Secure: false
	Object:
		Variable: varReplacer5516
		Type: java.lang.String
		Statement: specialinvoke $r4.<javax.crypto.spec.SecretKeySpec: void <init>(byte[],java.lang.String)>($r2, varReplacer5516)
		Method: <com.jcraft.jsch.jce.ARCFOUR: void init(int,byte[],byte[])>
		SHA-256: adc5e45989a37821df225688caf79ef7e08e973c8256461faa3d5d9c35359dc9
		Secure: false
	Object:
		Variable: $r4
		Type: java.security.KeyPair
		Statement: $r4 = virtualinvoke $r2.<java.security.KeyPairGenerator: java.security.KeyPair genKeyPair()>()
		Method: <com.jcraft.jsch.jce.KeyPairGenECDSA: void init(int)>
		SHA-256: 242ef4bd92d93867256510ad204ffe545c10acfe804585ba84e06afc6a3da88f
		Secure: false

Findings in Java Class: com.jcraft.jsch.jce.BlowfishCBC

	 in Method: void init(int,byte[],byte[])
		RequiredPredicateError violating CrySL rule for javax.crypto.spec.SecretKeySpec
			First parameter was not properly generated as preparedKeyMaterial
			at statement: specialinvoke $r4.<javax.crypto.spec.SecretKeySpec: void <init>(byte[],java.lang.String)>($r1, varReplacer5504)

		ConstraintError violating CrySL rule for javax.crypto.spec.SecretKeySpec (on Object #ca056d5cdfee2e774cb22da2b470d279f9a7c7d8b93e2bd082378b119440cd45)
			Second parameter (with value "Blowfish") should be any of {AES, HmacSHA256, HmacSHA384, HmacSHA512}
			at statement: specialinvoke $r4.<javax.crypto.spec.SecretKeySpec: void <init>(byte[],java.lang.String)>($r1, varReplacer5504)

		RequiredPredicateError violating CrySL rule for javax.crypto.spec.IvParameterSpec
			First parameter was not properly generated as randomized
			at statement: specialinvoke $r8.<javax.crypto.spec.IvParameterSpec: void <init>(byte[])>($r2)


Findings in Java Class: com.jcraft.jsch.jce.ARCFOUR

	 in Method: void init(int,byte[],byte[])
		RequiredPredicateError violating CrySL rule for javax.crypto.spec.SecretKeySpec
			First parameter was not properly generated as preparedKeyMaterial
			at statement: specialinvoke $r4.<javax.crypto.spec.SecretKeySpec: void <init>(byte[],java.lang.String)>($r2, varReplacer5516)

		ConstraintError violating CrySL rule for javax.crypto.Cipher (on Object #de8654d0ab3e1190722e133192850030cbfcac78f3c8486e60921783439f1d84)
			First parameter (with value "RC4") should be any of {AES, PBEWithHmacSHA224AndAES_128, PBEWithHmacSHA256AndAES_128, PBEWithHmacSHA384AndAES_128, PBEWithHmacSHA512AndAES_128, PBEWithHmacSHA224AndAES_256, PBEWithHmacSHA256AndAES_256, PBEWithHmacSHA384AndAES_256, PBEWithHmacSHA512AndAES_256}
			at statement: $r1 = staticinvoke <javax.crypto.Cipher: javax.crypto.Cipher getInstance(java.lang.String)>(varReplacer5517)

		RequiredPredicateError violating CrySL rule for javax.crypto.Cipher
			Second parameter was not properly generated as generatedKey
			at statement: virtualinvoke $r1.<javax.crypto.Cipher: void init(int,java.security.Key)>($b2, $r4)

		ConstraintError violating CrySL rule for javax.crypto.spec.SecretKeySpec (on Object #62bec19756c6db45bdd8ee1e4e4ae2405b05f6bcdca93859bb65d7874490f15d)
			Second parameter (with value "RC4") should be any of {AES, HmacSHA256, HmacSHA384, HmacSHA512}
			at statement: specialinvoke $r4.<javax.crypto.spec.SecretKeySpec: void <init>(byte[],java.lang.String)>($r2, varReplacer5516)


	 in Method: void update(byte[],int,int,byte[],int)
		TypestateError violating CrySL rule for javax.crypto.Cipher (on Object #de8654d0ab3e1190722e133192850030cbfcac78f3c8486e60921783439f1d84)
			Unexpected call to method update on object of type javax.crypto.Cipher. Expect a call to one of the following methods init
			at statement: virtualinvoke $r3.<javax.crypto.Cipher: int update(byte[],int,int,byte[],int)>($r1, $i0, $i1, $r2, $i2)


Findings in Java Class: com.jcraft.jsch.KeyPairPKCS8

	 in Method: boolean decrypt(byte[])
		IncompleteOperationError violating CrySL rule for javax.crypto.Cipher (on Object #de8654d0ab3e1190722e133192850030cbfcac78f3c8486e60921783439f1d84)
			Operation on object of type javax.crypto.Cipher object not completed. Expected call to init
			at statement: interfaceinvoke $r16.<com.jcraft.jsch.Cipher: void update(byte[],int,int,byte[],int)>($r8, varReplacer5708, $i0, $r6, varReplacer5708)


Findings in Java Class: com.jcraft.jsch.Session

	 in Method: boolean checkCipher(java.lang.String)
		IncompleteOperationError violating CrySL rule for javax.crypto.Cipher (on Object #de8654d0ab3e1190722e133192850030cbfcac78f3c8486e60921783439f1d84)
			Operation on object of type javax.crypto.Cipher object not completed. Expected call to javax.crypto.Cipher: void init(int,java.security.cert.Certificate,java.security.SecureRandom), javax.crypto.Cipher: void init(int,java.security.Key), javax.crypto.Cipher: void init(int,java.security.Key,java.security.AlgorithmParameters), javax.crypto.Cipher: void init(int,java.security.Key,java.security.SecureRandom), javax.crypto.Cipher: void init(int,java.security.Key,java.security.spec.AlgorithmParameterSpec), javax.crypto.Cipher: void init(int,java.security.Key,java.security.spec.AlgorithmParameterSpec,java.security.SecureRandom), javax.crypto.Cipher: void init(int,java.security.cert.Certificate), javax.crypto.Cipher: void init(int,java.security.Key,java.security.AlgorithmParameters,java.security.SecureRandom)
			at statement: interfaceinvoke $r4.<com.jcraft.jsch.Cipher: void init(int,byte[],byte[])>(varReplacer3228, $r5, $r6)


	 in Method: boolean checkKex(com.jcraft.jsch.Session,java.lang.String)
		IncompleteOperationError violating CrySL rule for java.security.KeyPairGenerator (on Object #f2b23e2b7b91d9190bbf460edb49f3f40470d8517357e1c2a4c6d9d7baa835d2)
			Operation on object of type java.security.KeyPairGenerator object not completed. Expected call to initialize
			at statement: virtualinvoke $r5.<com.jcraft.jsch.KeyExchange: void init(com.jcraft.jsch.Session,byte[],byte[],byte[],byte[])>($r1, varReplacer5635, varReplacer5635, varReplacer5635, varReplacer5635)

		IncompleteOperationError violating CrySL rule for javax.crypto.KeyAgreement (on Object #bae242c5e9cfdb9a209a67dff5eb6f77892dc109bb5c613ac550006b809d9f4b)
			Operation on object of type javax.crypto.KeyAgreement object not completed. Expected call to doPhase
			at statement: virtualinvoke $r5.<com.jcraft.jsch.KeyExchange: void init(com.jcraft.jsch.Session,byte[],byte[],byte[],byte[])>($r1, varReplacer5635, varReplacer5635, varReplacer5635, varReplacer5635)

		IncompleteOperationError violating CrySL rule for java.security.MessageDigest (on Object #5b2bc13b75203ee20e1d43e83ab519a31bc6bc3adde085a5448ad7455b27d09b)
			Operation on object of type java.security.MessageDigest object not completed. Expected call to digest, update
			at statement: virtualinvoke $r5.<com.jcraft.jsch.KeyExchange: void init(com.jcraft.jsch.Session,byte[],byte[],byte[],byte[])>($r1, varReplacer5635, varReplacer5635, varReplacer5635, varReplacer5635)

		IncompleteOperationError violating CrySL rule for java.security.MessageDigest (on Object #acdc462962f8c0c4e7a8755bb64fe9b3e81d30c21f2717cf9faef0ff44837dc2)
			Operation on object of type java.security.MessageDigest object not completed. Expected call to digest, update
			at statement: virtualinvoke $r5.<com.jcraft.jsch.KeyExchange: void init(com.jcraft.jsch.Session,byte[],byte[],byte[],byte[])>($r1, varReplacer5635, varReplacer5635, varReplacer5635, varReplacer5635)

		IncompleteOperationError violating CrySL rule for java.security.MessageDigest (on Object #c4114257ef432c56cc788e45ea9d869f39eb6bcb9d6572a40b7752cdb5614368)
			Operation on object of type java.security.MessageDigest object not completed. Expected call to digest, update
			at statement: virtualinvoke $r5.<com.jcraft.jsch.KeyExchange: void init(com.jcraft.jsch.Session,byte[],byte[],byte[],byte[])>($r1, varReplacer5635, varReplacer5635, varReplacer5635, varReplacer5635)

		IncompleteOperationError violating CrySL rule for java.security.MessageDigest (on Object #d43e2ef298ec62746325e3e940743e28bae364891c70d0c8e1cc96211aa559ac)
			Operation on object of type java.security.MessageDigest object not completed. Expected call to digest, update
			at statement: virtualinvoke $r5.<com.jcraft.jsch.KeyExchange: void init(com.jcraft.jsch.Session,byte[],byte[],byte[],byte[])>($r1, varReplacer5635, varReplacer5635, varReplacer5635, varReplacer5635)

		IncompleteOperationError violating CrySL rule for java.security.MessageDigest (on Object #7aa76abbc216a056ee0b07faef30008506f984f35c407f117b63b708fd7277a3)
			Operation on object of type java.security.MessageDigest object not completed. Expected call to digest, update
			at statement: virtualinvoke $r5.<com.jcraft.jsch.KeyExchange: void init(com.jcraft.jsch.Session,byte[],byte[],byte[],byte[])>($r1, varReplacer5635, varReplacer5635, varReplacer5635, varReplacer5635)

		IncompleteOperationError violating CrySL rule for javax.crypto.KeyAgreement (on Object #be9c9ed9beeeaeb7bc4d5fe2c51eb305844b7604da2307b5b431635ab3633ae8)
			Operation on object of type javax.crypto.KeyAgreement object not completed. Expected call to javax.crypto.KeyAgreement: void init(java.security.Key,java.security.spec.AlgorithmParameterSpec,java.security.SecureRandom), doPhase, javax.crypto.KeyAgreement: void init(java.security.Key,java.security.spec.AlgorithmParameterSpec), javax.crypto.KeyAgreement: void init(java.security.Key,java.security.SecureRandom), javax.crypto.KeyAgreement: void init(java.security.Key)
			at statement: virtualinvoke $r5.<com.jcraft.jsch.KeyExchange: void init(com.jcraft.jsch.Session,byte[],byte[],byte[],byte[])>($r1, varReplacer5635, varReplacer5635, varReplacer5635, varReplacer5635)


	 in Method: void run()
		IncompleteOperationError violating CrySL rule for javax.crypto.KeyAgreement (on Object #be9c9ed9beeeaeb7bc4d5fe2c51eb305844b7604da2307b5b431635ab3633ae8)
			Operation on object of type javax.crypto.KeyAgreement object not completed. Expected call to init, doPhase
			at statement: $i2 = virtualinvoke $r9.<com.jcraft.jsch.KeyExchange: int getState()>()

		IncompleteOperationError violating CrySL rule for javax.crypto.KeyAgreement (on Object #be9c9ed9beeeaeb7bc4d5fe2c51eb305844b7604da2307b5b431635ab3633ae8)
			Operation on object of type javax.crypto.KeyAgreement object not completed. Expected call to init, doPhase
			at statement: $r9 = null

		IncompleteOperationError violating CrySL rule for javax.crypto.KeyAgreement (on Object #be9c9ed9beeeaeb7bc4d5fe2c51eb305844b7604da2307b5b431635ab3633ae8)
			Operation on object of type javax.crypto.KeyAgreement object not completed. Expected call to init, doPhase
			at statement: $z0 = virtualinvoke $r9.<com.jcraft.jsch.KeyExchange: boolean next(com.jcraft.jsch.Buffer)>($r11)

		IncompleteOperationError violating CrySL rule for java.security.MessageDigest (on Object #5b2bc13b75203ee20e1d43e83ab519a31bc6bc3adde085a5448ad7455b27d09b)
			Operation on object of type java.security.MessageDigest object not completed. Expected call to digest, update
			at statement: $i2 = virtualinvoke $r9.<com.jcraft.jsch.KeyExchange: int getState()>()

		IncompleteOperationError violating CrySL rule for java.security.MessageDigest (on Object #acdc462962f8c0c4e7a8755bb64fe9b3e81d30c21f2717cf9faef0ff44837dc2)
			Operation on object of type java.security.MessageDigest object not completed. Expected call to digest, update
			at statement: $i2 = virtualinvoke $r9.<com.jcraft.jsch.KeyExchange: int getState()>()

		IncompleteOperationError violating CrySL rule for java.security.MessageDigest (on Object #c4114257ef432c56cc788e45ea9d869f39eb6bcb9d6572a40b7752cdb5614368)
			Operation on object of type java.security.MessageDigest object not completed. Expected call to digest, update
			at statement: $i2 = virtualinvoke $r9.<com.jcraft.jsch.KeyExchange: int getState()>()

		IncompleteOperationError violating CrySL rule for java.security.MessageDigest (on Object #d43e2ef298ec62746325e3e940743e28bae364891c70d0c8e1cc96211aa559ac)
			Operation on object of type java.security.MessageDigest object not completed. Expected call to digest, update
			at statement: $i2 = virtualinvoke $r9.<com.jcraft.jsch.KeyExchange: int getState()>()

		IncompleteOperationError violating CrySL rule for java.security.MessageDigest (on Object #7aa76abbc216a056ee0b07faef30008506f984f35c407f117b63b708fd7277a3)
			Operation on object of type java.security.MessageDigest object not completed. Expected call to digest, update
			at statement: $i2 = virtualinvoke $r9.<com.jcraft.jsch.KeyExchange: int getState()>()

		IncompleteOperationError violating CrySL rule for javax.crypto.KeyAgreement (on Object #be9c9ed9beeeaeb7bc4d5fe2c51eb305844b7604da2307b5b431635ab3633ae8)
			Operation on object of type javax.crypto.KeyAgreement object not completed. Expected call to init, doPhase
			at statement: $r9 = specialinvoke r0.<com.jcraft.jsch.Session: com.jcraft.jsch.KeyExchange receive_kexinit(com.jcraft.jsch.Buffer)>($r11)

		IncompleteOperationError violating CrySL rule for javax.crypto.KeyAgreement (on Object #bae242c5e9cfdb9a209a67dff5eb6f77892dc109bb5c613ac550006b809d9f4b)
			Operation on object of type javax.crypto.KeyAgreement object not completed. Expected call to doPhase
			at statement: $r9 = specialinvoke r0.<com.jcraft.jsch.Session: com.jcraft.jsch.KeyExchange receive_kexinit(com.jcraft.jsch.Buffer)>($r11)

		IncompleteOperationError violating CrySL rule for javax.crypto.KeyAgreement (on Object #bae242c5e9cfdb9a209a67dff5eb6f77892dc109bb5c613ac550006b809d9f4b)
			Operation on object of type javax.crypto.KeyAgreement object not completed. Expected call to doPhase
			at statement: $i2 = virtualinvoke $r9.<com.jcraft.jsch.KeyExchange: int getState()>()

		IncompleteOperationError violating CrySL rule for java.security.MessageDigest (on Object #5b2bc13b75203ee20e1d43e83ab519a31bc6bc3adde085a5448ad7455b27d09b)
			Operation on object of type java.security.MessageDigest object not completed. Expected call to digest, update
			at statement: $r9 = specialinvoke r0.<com.jcraft.jsch.Session: com.jcraft.jsch.KeyExchange receive_kexinit(com.jcraft.jsch.Buffer)>($r11)

		IncompleteOperationError violating CrySL rule for java.security.MessageDigest (on Object #acdc462962f8c0c4e7a8755bb64fe9b3e81d30c21f2717cf9faef0ff44837dc2)
			Operation on object of type java.security.MessageDigest object not completed. Expected call to digest, update
			at statement: $r9 = specialinvoke r0.<com.jcraft.jsch.Session: com.jcraft.jsch.KeyExchange receive_kexinit(com.jcraft.jsch.Buffer)>($r11)

		IncompleteOperationError violating CrySL rule for java.security.MessageDigest (on Object #c4114257ef432c56cc788e45ea9d869f39eb6bcb9d6572a40b7752cdb5614368)
			Operation on object of type java.security.MessageDigest object not completed. Expected call to digest, update
			at statement: $r9 = specialinvoke r0.<com.jcraft.jsch.Session: com.jcraft.jsch.KeyExchange receive_kexinit(com.jcraft.jsch.Buffer)>($r11)

		IncompleteOperationError violating CrySL rule for java.security.MessageDigest (on Object #d43e2ef298ec62746325e3e940743e28bae364891c70d0c8e1cc96211aa559ac)
			Operation on object of type java.security.MessageDigest object not completed. Expected call to digest, update
			at statement: $r9 = specialinvoke r0.<com.jcraft.jsch.Session: com.jcraft.jsch.KeyExchange receive_kexinit(com.jcraft.jsch.Buffer)>($r11)

		IncompleteOperationError violating CrySL rule for java.security.MessageDigest (on Object #7aa76abbc216a056ee0b07faef30008506f984f35c407f117b63b708fd7277a3)
			Operation on object of type java.security.MessageDigest object not completed. Expected call to digest, update
			at statement: $r9 = specialinvoke r0.<com.jcraft.jsch.Session: com.jcraft.jsch.KeyExchange receive_kexinit(com.jcraft.jsch.Buffer)>($r11)

		IncompleteOperationError violating CrySL rule for java.security.KeyPairGenerator (on Object #f2b23e2b7b91d9190bbf460edb49f3f40470d8517357e1c2a4c6d9d7baa835d2)
			Operation on object of type java.security.KeyPairGenerator object not completed. Expected call to initialize
			at statement: $r9 = null

		IncompleteOperationError violating CrySL rule for javax.crypto.KeyAgreement (on Object #bae242c5e9cfdb9a209a67dff5eb6f77892dc109bb5c613ac550006b809d9f4b)
			Operation on object of type javax.crypto.KeyAgreement object not completed. Expected call to doPhase
			at statement: $r9 = null

		IncompleteOperationError violating CrySL rule for java.security.KeyPairGenerator (on Object #f2b23e2b7b91d9190bbf460edb49f3f40470d8517357e1c2a4c6d9d7baa835d2)
			Operation on object of type java.security.KeyPairGenerator object not completed. Expected call to initialize
			at statement: $z0 = virtualinvoke $r9.<com.jcraft.jsch.KeyExchange: boolean next(com.jcraft.jsch.Buffer)>($r11)

		IncompleteOperationError violating CrySL rule for java.security.KeyPairGenerator (on Object #f2b23e2b7b91d9190bbf460edb49f3f40470d8517357e1c2a4c6d9d7baa835d2)
			Operation on object of type java.security.KeyPairGenerator object not completed. Expected call to initialize
			at statement: $i2 = virtualinvoke $r9.<com.jcraft.jsch.KeyExchange: int getState()>()

		IncompleteOperationError violating CrySL rule for java.security.MessageDigest (on Object #5b2bc13b75203ee20e1d43e83ab519a31bc6bc3adde085a5448ad7455b27d09b)
			Operation on object of type java.security.MessageDigest object not completed. Expected call to digest, update
			at statement: $r9 = null

		IncompleteOperationError violating CrySL rule for java.security.MessageDigest (on Object #acdc462962f8c0c4e7a8755bb64fe9b3e81d30c21f2717cf9faef0ff44837dc2)
			Operation on object of type java.security.MessageDigest object not completed. Expected call to digest, update
			at statement: $r9 = null

		IncompleteOperationError violating CrySL rule for java.security.MessageDigest (on Object #c4114257ef432c56cc788e45ea9d869f39eb6bcb9d6572a40b7752cdb5614368)
			Operation on object of type java.security.MessageDigest object not completed. Expected call to digest, update
			at statement: $r9 = null

		IncompleteOperationError violating CrySL rule for java.security.MessageDigest (on Object #d43e2ef298ec62746325e3e940743e28bae364891c70d0c8e1cc96211aa559ac)
			Operation on object of type java.security.MessageDigest object not completed. Expected call to digest, update
			at statement: $r9 = null

		IncompleteOperationError violating CrySL rule for java.security.MessageDigest (on Object #7aa76abbc216a056ee0b07faef30008506f984f35c407f117b63b708fd7277a3)
			Operation on object of type java.security.MessageDigest object not completed. Expected call to digest, update
			at statement: $r9 = null

		IncompleteOperationError violating CrySL rule for java.security.KeyPairGenerator (on Object #f2b23e2b7b91d9190bbf460edb49f3f40470d8517357e1c2a4c6d9d7baa835d2)
			Operation on object of type java.security.KeyPairGenerator object not completed. Expected call to initialize
			at statement: $r9 = specialinvoke r0.<com.jcraft.jsch.Session: com.jcraft.jsch.KeyExchange receive_kexinit(com.jcraft.jsch.Buffer)>($r11)

		IncompleteOperationError violating CrySL rule for java.security.MessageDigest (on Object #5b2bc13b75203ee20e1d43e83ab519a31bc6bc3adde085a5448ad7455b27d09b)
			Operation on object of type java.security.MessageDigest object not completed. Expected call to digest, update
			at statement: $z0 = virtualinvoke $r9.<com.jcraft.jsch.KeyExchange: boolean next(com.jcraft.jsch.Buffer)>($r11)

		IncompleteOperationError violating CrySL rule for java.security.MessageDigest (on Object #acdc462962f8c0c4e7a8755bb64fe9b3e81d30c21f2717cf9faef0ff44837dc2)
			Operation on object of type java.security.MessageDigest object not completed. Expected call to digest, update
			at statement: $z0 = virtualinvoke $r9.<com.jcraft.jsch.KeyExchange: boolean next(com.jcraft.jsch.Buffer)>($r11)

		IncompleteOperationError violating CrySL rule for java.security.MessageDigest (on Object #c4114257ef432c56cc788e45ea9d869f39eb6bcb9d6572a40b7752cdb5614368)
			Operation on object of type java.security.MessageDigest object not completed. Expected call to digest, update
			at statement: $z0 = virtualinvoke $r9.<com.jcraft.jsch.KeyExchange: boolean next(com.jcraft.jsch.Buffer)>($r11)

		IncompleteOperationError violating CrySL rule for java.security.MessageDigest (on Object #d43e2ef298ec62746325e3e940743e28bae364891c70d0c8e1cc96211aa559ac)
			Operation on object of type java.security.MessageDigest object not completed. Expected call to digest, update
			at statement: $z0 = virtualinvoke $r9.<com.jcraft.jsch.KeyExchange: boolean next(com.jcraft.jsch.Buffer)>($r11)

		IncompleteOperationError violating CrySL rule for java.security.MessageDigest (on Object #7aa76abbc216a056ee0b07faef30008506f984f35c407f117b63b708fd7277a3)
			Operation on object of type java.security.MessageDigest object not completed. Expected call to digest, update
			at statement: $z0 = virtualinvoke $r9.<com.jcraft.jsch.KeyExchange: boolean next(com.jcraft.jsch.Buffer)>($r11)

		IncompleteOperationError violating CrySL rule for javax.crypto.KeyAgreement (on Object #bae242c5e9cfdb9a209a67dff5eb6f77892dc109bb5c613ac550006b809d9f4b)
			Operation on object of type javax.crypto.KeyAgreement object not completed. Expected call to doPhase
			at statement: $z0 = virtualinvoke $r9.<com.jcraft.jsch.KeyExchange: boolean next(com.jcraft.jsch.Buffer)>($r11)


	 in Method: java.lang.String[] checkSignatures(java.lang.String)
		IncompleteOperationError violating CrySL rule for java.security.Signature (on Object #403b4b61ec994206a533857fa6d14e0c340923dceb64e5ae0d5df52355215217)
			Operation on object of type java.security.Signature object not completed. Expected call to initSign, initVerify
			at statement: interfaceinvoke $r10.<com.jcraft.jsch.Signature: void init()>()

		IncompleteOperationError violating CrySL rule for java.security.Signature (on Object #c9bf01c5f2a90e52c456946aadb35336b722a2660d1011078fdde657e74c1e52)
			Operation on object of type java.security.Signature object not completed. Expected call to initSign, initVerify
			at statement: interfaceinvoke $r10.<com.jcraft.jsch.Signature: void init()>()

		IncompleteOperationError violating CrySL rule for java.security.Signature (on Object #cb0ee37e84c3d02781f4b91c91d942d003e0c85b0169687472a2fb9ff9724174)
			Operation on object of type java.security.Signature object not completed. Expected call to initSign, initVerify
			at statement: interfaceinvoke $r10.<com.jcraft.jsch.Signature: void init()>()


	 in Method: void updateKeys(com.jcraft.jsch.KeyExchange)
		IncompleteOperationError violating CrySL rule for javax.crypto.Mac (on Object #422e23cb539ae7ef293a31df2ba07e8d387b671157f7383e4f3273c3329a894e)
			Operation on object of type javax.crypto.Mac object not completed. Expected call to javax.crypto.Mac: void init(java.security.Key,java.security.spec.AlgorithmParameterSpec), javax.crypto.Mac: void init(java.security.Key)
			at statement: interfaceinvoke $r15.<com.jcraft.jsch.MAC: void init(byte[])>($r2)


Findings in Java Class: com.jcraft.jsch.jce.TripleDESCBC

	 in Method: void init(int,byte[],byte[])
		ConstraintError violating CrySL rule for javax.crypto.SecretKeyFactory (on Object #a06198781fc634c447f7119a06b78912a29a122f1d287073c5c307f431cbdff8)
			First parameter (with value "DESede") should be any of {PBKDF2WithHmacSHA512, PBKDF2WithHmacSHA384, PBKDF2WithHmacSHA256, PBKDF2WithHmacSHA224, PBEWithHmacSHA512AndAES_128, PBEWithHmacSHA384AndAES_128, PBEWithHmacSHA384AndAES_128, PBEWithHmacSHA224AndAES_128, PBEWithHmacSHA256AndAES_128, PBEWithHmacSHA224AndAES_256, PBEWithHmacSHA256AndAES_256, PBEWithHmacSHA384AndAES_256, PBEWithHmacSHA512AndAES_256}
			at statement: $r8 = staticinvoke <javax.crypto.SecretKeyFactory: javax.crypto.SecretKeyFactory getInstance(java.lang.String)>(varReplacer5549)

		RequiredPredicateError violating CrySL rule for javax.crypto.spec.IvParameterSpec
			First parameter was not properly generated as randomized
			at statement: specialinvoke $r10.<javax.crypto.spec.IvParameterSpec: void <init>(byte[])>($r2)

		RequiredPredicateError violating CrySL rule for javax.crypto.SecretKeyFactory
			First parameter was not properly generated as speccedKey
			at statement: $r9 = virtualinvoke $r8.<javax.crypto.SecretKeyFactory: javax.crypto.SecretKey generateSecret(java.security.spec.KeySpec)>($r7)


Findings in Java Class: com.jcraft.jsch.jce.TripleDESCTR

	 in Method: void init(int,byte[],byte[])
		RequiredPredicateError violating CrySL rule for javax.crypto.Cipher
			Second parameter was not properly generated as generatedKey
			at statement: virtualinvoke $r6.<javax.crypto.Cipher: void init(int,java.security.Key,java.security.spec.AlgorithmParameterSpec)>($b2, $r9, $r10)

		RequiredPredicateError violating CrySL rule for javax.crypto.spec.IvParameterSpec
			First parameter was not properly generated as randomized
			at statement: specialinvoke $r10.<javax.crypto.spec.IvParameterSpec: void <init>(byte[])>($r2)

		ConstraintError violating CrySL rule for javax.crypto.SecretKeyFactory (on Object #79b0b26bbaa4ee48b52f1c8d6027bbfecd03d2e80822b6e7a0be3c28e1e7b33a)
			First parameter (with value "DESede") should be any of {PBKDF2WithHmacSHA512, PBKDF2WithHmacSHA384, PBKDF2WithHmacSHA256, PBKDF2WithHmacSHA224, PBEWithHmacSHA512AndAES_128, PBEWithHmacSHA384AndAES_128, PBEWithHmacSHA384AndAES_128, PBEWithHmacSHA224AndAES_128, PBEWithHmacSHA256AndAES_128, PBEWithHmacSHA224AndAES_256, PBEWithHmacSHA256AndAES_256, PBEWithHmacSHA384AndAES_256, PBEWithHmacSHA512AndAES_256}
			at statement: $r8 = staticinvoke <javax.crypto.SecretKeyFactory: javax.crypto.SecretKeyFactory getInstance(java.lang.String)>(varReplacer5552)

		RequiredPredicateError violating CrySL rule for javax.crypto.SecretKeyFactory
			First parameter was not properly generated as speccedKey
			at statement: $r9 = virtualinvoke $r8.<javax.crypto.SecretKeyFactory: javax.crypto.SecretKey generateSecret(java.security.spec.KeySpec)>($r7)

		RequiredPredicateError violating CrySL rule for javax.crypto.Cipher
			Third parameter was not properly generated as preparedOAEP
			at statement: virtualinvoke $r6.<javax.crypto.Cipher: void init(int,java.security.Key,java.security.spec.AlgorithmParameterSpec)>($b2, $r9, $r10)

		RequiredPredicateError violating CrySL rule for javax.crypto.Cipher
			Third parameter was not properly generated as preparedGCM
			at statement: virtualinvoke $r6.<javax.crypto.Cipher: void init(int,java.security.Key,java.security.spec.AlgorithmParameterSpec)>($b2, $r9, $r10)


Findings in Java Class: com.jcraft.jsch.jce.ARCFOUR256

	 in Method: void init(int,byte[],byte[])
		ConstraintError violating CrySL rule for javax.crypto.spec.SecretKeySpec (on Object #c534b8ffb36b6fe406dda892bd101d5cddda58416f8c797894a2d00db9401dc1)
			Second parameter (with value "RC4") should be any of {AES, HmacSHA256, HmacSHA384, HmacSHA512}
			at statement: specialinvoke $r4.<javax.crypto.spec.SecretKeySpec: void <init>(byte[],java.lang.String)>($r2, varReplacer5571)

		ConstraintError violating CrySL rule for javax.crypto.Cipher (on Object #70c3c4ec09302b245556280ba2dcf0ad5e9a5509a85bb3d2c91bc49d4b4b8f98)
			First parameter (with value "RC4") should be any of {AES, PBEWithHmacSHA224AndAES_128, PBEWithHmacSHA256AndAES_128, PBEWithHmacSHA384AndAES_128, PBEWithHmacSHA512AndAES_128, PBEWithHmacSHA224AndAES_256, PBEWithHmacSHA256AndAES_256, PBEWithHmacSHA384AndAES_256, PBEWithHmacSHA512AndAES_256}
			at statement: $r1 = staticinvoke <javax.crypto.Cipher: javax.crypto.Cipher getInstance(java.lang.String)>(varReplacer5573)

		RequiredPredicateError violating CrySL rule for javax.crypto.spec.SecretKeySpec
			First parameter was not properly generated as preparedKeyMaterial
			at statement: specialinvoke $r4.<javax.crypto.spec.SecretKeySpec: void <init>(byte[],java.lang.String)>($r2, varReplacer5571)

		RequiredPredicateError violating CrySL rule for javax.crypto.Cipher
			Second parameter was not properly generated as generatedKey
			at statement: virtualinvoke $r1.<javax.crypto.Cipher: void init(int,java.security.Key)>($b3, $r4)


Findings in Java Class: com.jcraft.jsch.jce.ARCFOUR128

	 in Method: void init(int,byte[],byte[])
		ConstraintError violating CrySL rule for javax.crypto.Cipher (on Object #3d163333c8612c30ebd076e95c6e31ab32a9d2d10532faefb233db0cd8c9e239)
			First parameter (with value "RC4") should be any of {AES, RSA, PBEWithHmacSHA224AndAES_128, PBEWithHmacSHA256AndAES_128, PBEWithHmacSHA384AndAES_128, PBEWithHmacSHA512AndAES_128, PBEWithHmacSHA224AndAES_256, PBEWithHmacSHA256AndAES_256, PBEWithHmacSHA384AndAES_256, PBEWithHmacSHA512AndAES_256}
			at statement: $r1 = staticinvoke <javax.crypto.Cipher: javax.crypto.Cipher getInstance(java.lang.String)>(varReplacer5581)

		TypestateError violating CrySL rule for javax.crypto.Cipher (on Object #3d163333c8612c30ebd076e95c6e31ab32a9d2d10532faefb233db0cd8c9e239)
			Unexpected call to method update on object of type javax.crypto.Cipher. Expect a call to one of the following methods init
			at statement: virtualinvoke $r1.<javax.crypto.Cipher: int update(byte[],int,int,byte[],int)>($r2, varReplacer5578, varReplacer5579, $r2, varReplacer5578)

		ConstraintError violating CrySL rule for javax.crypto.spec.SecretKeySpec (on Object #e5e47ceffb1583727f11566e2a2977e46a2077522e41321acd5455e3812aeff0)
			Second parameter (with value "RC4") should be any of {AES, HmacSHA256, HmacSHA384, HmacSHA512}
			at statement: specialinvoke $r4.<javax.crypto.spec.SecretKeySpec: void <init>(byte[],java.lang.String)>($r2, varReplacer5577)

		RequiredPredicateError violating CrySL rule for javax.crypto.spec.SecretKeySpec
			First parameter was not properly generated as preparedKeyMaterial
			at statement: specialinvoke $r4.<javax.crypto.spec.SecretKeySpec: void <init>(byte[],java.lang.String)>($r2, varReplacer5577)


Findings in Java Class: com.jcraft.jsch.jce.SHA384

	 in Method: byte[] digest()
		TypestateError violating CrySL rule for java.security.MessageDigest (on Object #5b2bc13b75203ee20e1d43e83ab519a31bc6bc3adde085a5448ad7455b27d09b)
			Unexpected call to method <java.security.MessageDigest: byte[] digest()> on object of type java.security.MessageDigest. Expect a call to one of the following methods java.security.MessageDigest: void update(byte[],int,int),java.security.MessageDigest: void update(java.nio.ByteBuffer),java.security.MessageDigest: byte[] digest(byte[]),java.security.MessageDigest: void update(byte),java.security.MessageDigest: void update(byte[])
			at statement: $r1 = virtualinvoke $r2.<java.security.MessageDigest: byte[] digest()>()


Findings in Java Class: com.jcraft.jsch.KeyPair$ASN1

	 in Method: void <init>(com.jcraft.jsch.KeyPair,byte[],int,int)
		IncompleteOperationError violating CrySL rule for java.security.MessageDigest (on Object #5b2bc13b75203ee20e1d43e83ab519a31bc6bc3adde085a5448ad7455b27d09b)
			Operation on object of type java.security.MessageDigest object not completed. Expected call to digest, update
			at statement: specialinvoke $r3.<com.jcraft.jsch.KeyPair$ASN1Exception: void <init>(com.jcraft.jsch.KeyPair)>($r1)

		IncompleteOperationError violating CrySL rule for java.security.MessageDigest (on Object #acdc462962f8c0c4e7a8755bb64fe9b3e81d30c21f2717cf9faef0ff44837dc2)
			Operation on object of type java.security.MessageDigest object not completed. Expected call to digest, update
			at statement: specialinvoke $r3.<com.jcraft.jsch.KeyPair$ASN1Exception: void <init>(com.jcraft.jsch.KeyPair)>($r1)

		IncompleteOperationError violating CrySL rule for java.security.MessageDigest (on Object #c4114257ef432c56cc788e45ea9d869f39eb6bcb9d6572a40b7752cdb5614368)
			Operation on object of type java.security.MessageDigest object not completed. Expected call to digest, update
			at statement: specialinvoke $r3.<com.jcraft.jsch.KeyPair$ASN1Exception: void <init>(com.jcraft.jsch.KeyPair)>($r1)

		IncompleteOperationError violating CrySL rule for java.security.MessageDigest (on Object #d43e2ef298ec62746325e3e940743e28bae364891c70d0c8e1cc96211aa559ac)
			Operation on object of type java.security.MessageDigest object not completed. Expected call to digest, update
			at statement: specialinvoke $r3.<com.jcraft.jsch.KeyPair$ASN1Exception: void <init>(com.jcraft.jsch.KeyPair)>($r1)

		IncompleteOperationError violating CrySL rule for java.security.MessageDigest (on Object #7aa76abbc216a056ee0b07faef30008506f984f35c407f117b63b708fd7277a3)
			Operation on object of type java.security.MessageDigest object not completed. Expected call to digest, update
			at statement: specialinvoke $r3.<com.jcraft.jsch.KeyPair$ASN1Exception: void <init>(com.jcraft.jsch.KeyPair)>($r1)


Findings in Java Class: com.jcraft.jsch.IdentityFile

	 in Method: boolean setPassphrase(byte[])
		IncompleteOperationError violating CrySL rule for java.security.MessageDigest (on Object #5b2bc13b75203ee20e1d43e83ab519a31bc6bc3adde085a5448ad7455b27d09b)
			Operation on object of type java.security.MessageDigest object not completed. Expected call to digest, update
			at statement: $z0 = virtualinvoke $r1.<com.jcraft.jsch.KeyPair: boolean decrypt(byte[])>($r2)

		IncompleteOperationError violating CrySL rule for java.security.MessageDigest (on Object #acdc462962f8c0c4e7a8755bb64fe9b3e81d30c21f2717cf9faef0ff44837dc2)
			Operation on object of type java.security.MessageDigest object not completed. Expected call to digest, update
			at statement: $z0 = virtualinvoke $r1.<com.jcraft.jsch.KeyPair: boolean decrypt(byte[])>($r2)

		IncompleteOperationError violating CrySL rule for java.security.MessageDigest (on Object #c4114257ef432c56cc788e45ea9d869f39eb6bcb9d6572a40b7752cdb5614368)
			Operation on object of type java.security.MessageDigest object not completed. Expected call to digest, update
			at statement: $z0 = virtualinvoke $r1.<com.jcraft.jsch.KeyPair: boolean decrypt(byte[])>($r2)

		IncompleteOperationError violating CrySL rule for java.security.MessageDigest (on Object #d43e2ef298ec62746325e3e940743e28bae364891c70d0c8e1cc96211aa559ac)
			Operation on object of type java.security.MessageDigest object not completed. Expected call to digest, update
			at statement: $z0 = virtualinvoke $r1.<com.jcraft.jsch.KeyPair: boolean decrypt(byte[])>($r2)

		IncompleteOperationError violating CrySL rule for java.security.MessageDigest (on Object #7aa76abbc216a056ee0b07faef30008506f984f35c407f117b63b708fd7277a3)
			Operation on object of type java.security.MessageDigest object not completed. Expected call to digest, update
			at statement: $z0 = virtualinvoke $r1.<com.jcraft.jsch.KeyPair: boolean decrypt(byte[])>($r2)


Findings in Java Class: com.jcraft.jsch.jce.MD5

	 in Method: void init()
		TypestateError violating CrySL rule for java.security.MessageDigest (on Object #acdc462962f8c0c4e7a8755bb64fe9b3e81d30c21f2717cf9faef0ff44837dc2)
			Unexpected call to method getInstance on object of type java.security.MessageDigest. Expect a call to one of the following methods digest,update
			at statement: $r2 = staticinvoke <java.security.MessageDigest: java.security.MessageDigest getInstance(java.lang.String)>(varReplacer5641)

		ConstraintError violating CrySL rule for java.security.MessageDigest (on Object #acdc462962f8c0c4e7a8755bb64fe9b3e81d30c21f2717cf9faef0ff44837dc2)
			First parameter (with value "MD5") should be any of {SHA-256, SHA-384, SHA-512}
			at statement: $r2 = staticinvoke <java.security.MessageDigest: java.security.MessageDigest getInstance(java.lang.String)>(varReplacer5641)


	 in Method: byte[] digest()
		TypestateError violating CrySL rule for java.security.MessageDigest (on Object #acdc462962f8c0c4e7a8755bb64fe9b3e81d30c21f2717cf9faef0ff44837dc2)
			Unexpected call to method <java.security.MessageDigest: byte[] digest()> on object of type java.security.MessageDigest. Expect a call to one of the following methods java.security.MessageDigest: void update(byte[],int,int),java.security.MessageDigest: void update(java.nio.ByteBuffer),java.security.MessageDigest: byte[] digest(byte[]),java.security.MessageDigest: void update(byte),java.security.MessageDigest: void update(byte[])
			at statement: $r1 = virtualinvoke $r2.<java.security.MessageDigest: byte[] digest()>()


Findings in Java Class: com.jcraft.jsch.jce.SHA512

	 in Method: byte[] digest()
		TypestateError violating CrySL rule for java.security.MessageDigest (on Object #c4114257ef432c56cc788e45ea9d869f39eb6bcb9d6572a40b7752cdb5614368)
			Unexpected call to method <java.security.MessageDigest: byte[] digest()> on object of type java.security.MessageDigest. Expect a call to one of the following methods java.security.MessageDigest: void update(byte[],int,int),java.security.MessageDigest: void update(java.nio.ByteBuffer),java.security.MessageDigest: byte[] digest(byte[]),java.security.MessageDigest: void update(byte),java.security.MessageDigest: void update(byte[])
			at statement: $r1 = virtualinvoke $r2.<java.security.MessageDigest: byte[] digest()>()


Findings in Java Class: com.jcraft.jsch.jce.SHA1

	 in Method: void init()
		ConstraintError violating CrySL rule for java.security.MessageDigest (on Object #d43e2ef298ec62746325e3e940743e28bae364891c70d0c8e1cc96211aa559ac)
			First parameter (with value "SHA-1") should be any of {SHA-256, SHA-384, SHA-512}
			at statement: $r2 = staticinvoke <java.security.MessageDigest: java.security.MessageDigest getInstance(java.lang.String)>(varReplacer5643)


	 in Method: byte[] digest()
		TypestateError violating CrySL rule for java.security.MessageDigest (on Object #d43e2ef298ec62746325e3e940743e28bae364891c70d0c8e1cc96211aa559ac)
			Unexpected call to method <java.security.MessageDigest: byte[] digest()> on object of type java.security.MessageDigest. Expect a call to one of the following methods java.security.MessageDigest: void update(byte[],int,int),java.security.MessageDigest: void update(java.nio.ByteBuffer),java.security.MessageDigest: byte[] digest(byte[]),java.security.MessageDigest: void update(byte),java.security.MessageDigest: void update(byte[])
			at statement: $r1 = virtualinvoke $r2.<java.security.MessageDigest: byte[] digest()>()


Findings in Java Class: com.jcraft.jsch.jce.SHA256

	 in Method: byte[] digest()
		TypestateError violating CrySL rule for java.security.MessageDigest (on Object #7aa76abbc216a056ee0b07faef30008506f984f35c407f117b63b708fd7277a3)
			Unexpected call to method <java.security.MessageDigest: byte[] digest()> on object of type java.security.MessageDigest. Expect a call to one of the following methods java.security.MessageDigest: void update(byte[],int,int),java.security.MessageDigest: void update(java.nio.ByteBuffer),java.security.MessageDigest: byte[] digest(byte[]),java.security.MessageDigest: void update(byte),java.security.MessageDigest: void update(byte[])
			at statement: $r1 = virtualinvoke $r2.<java.security.MessageDigest: byte[] digest()>()


Findings in Java Class: com.jcraft.jsch.jce.DH

	 in Method: byte[] getE()
		TypestateError violating CrySL rule for java.security.KeyPairGenerator (on Object #f2b23e2b7b91d9190bbf460edb49f3f40470d8517357e1c2a4c6d9d7baa835d2)
			Unexpected call to method initialize on object of type java.security.KeyPairGenerator.
			at statement: virtualinvoke $r4.<java.security.KeyPairGenerator: void initialize(java.security.spec.AlgorithmParameterSpec)>($r2)

		TypestateError violating CrySL rule for javax.crypto.KeyAgreement (on Object #be9c9ed9beeeaeb7bc4d5fe2c51eb305844b7604da2307b5b431635ab3633ae8)
			Unexpected call to method init on object of type javax.crypto.KeyAgreement. Expect a call to one of the following methods doPhase
			at statement: virtualinvoke $r6.<javax.crypto.KeyAgreement: void init(java.security.Key)>($r7)


	 in Method: byte[] getK()
		RequiredPredicateError violating CrySL rule for javax.crypto.KeyAgreement
			First parameter was not properly generated as generatedPubkey
			at statement: virtualinvoke $r7.<javax.crypto.KeyAgreement: java.security.Key doPhase(java.security.Key,boolean)>($r6, varReplacer3134)

		RequiredPredicateError violating CrySL rule for java.security.KeyFactory
			First parameter was not properly generated as speccedKey
			at statement: $r6 = virtualinvoke $r3.<java.security.KeyFactory: java.security.PublicKey generatePublic(java.security.spec.KeySpec)>($r4)

		TypestateError violating CrySL rule for javax.crypto.KeyAgreement (on Object #be9c9ed9beeeaeb7bc4d5fe2c51eb305844b7604da2307b5b431635ab3633ae8)
			Unexpected call to method doPhase on object of type javax.crypto.KeyAgreement. Expect a call to one of the following methods init
			at statement: virtualinvoke $r7.<javax.crypto.KeyAgreement: java.security.Key doPhase(java.security.Key,boolean)>($r6, varReplacer3134)


Findings in Java Class: com.jcraft.jsch.DHGEX

	 in Method: int check2048(java.lang.Class,int)
		IncompleteOperationError violating CrySL rule for javax.crypto.KeyAgreement (on Object #be9c9ed9beeeaeb7bc4d5fe2c51eb305844b7604da2307b5b431635ab3633ae8)
			Operation on object of type javax.crypto.KeyAgreement object not completed. Expected call to init, doPhase
			at statement: interfaceinvoke $r4.<com.jcraft.jsch.DH: byte[] getE()>()

		IncompleteOperationError violating CrySL rule for java.security.KeyPairGenerator (on Object #f2b23e2b7b91d9190bbf460edb49f3f40470d8517357e1c2a4c6d9d7baa835d2)
			Operation on object of type java.security.KeyPairGenerator object not completed. Expected call to initialize
			at statement: interfaceinvoke $r4.<com.jcraft.jsch.DH: byte[] getE()>()


Findings in Java Class: com.jcraft.jsch.jce.ECDHN

	 in Method: byte[] getSecret(byte[],byte[])
		TypestateError violating CrySL rule for javax.crypto.KeyAgreement (on Object #bae242c5e9cfdb9a209a67dff5eb6f77892dc109bb5c613ac550006b809d9f4b)
			Unexpected call to method doPhase on object of type javax.crypto.KeyAgreement.
			at statement: virtualinvoke $r11.<javax.crypto.KeyAgreement: java.security.Key doPhase(java.security.Key,boolean)>($r10, varReplacer3173)

		RequiredPredicateError violating CrySL rule for javax.crypto.KeyAgreement
			First parameter was not properly generated as generatedPubkey
			at statement: virtualinvoke $r11.<javax.crypto.KeyAgreement: java.security.Key doPhase(java.security.Key,boolean)>($r10, varReplacer3173)

		RequiredPredicateError violating CrySL rule for java.security.KeyFactory
			First parameter was not properly generated as speccedKey
			at statement: $r10 = virtualinvoke $r5.<java.security.KeyFactory: java.security.PublicKey generatePublic(java.security.spec.KeySpec)>($r7)


Findings in Java Class: com.jcraft.jsch.jce.SignatureRSA

	 in Method: void init()
		ConstraintError violating CrySL rule for java.security.Signature (on Object #403b4b61ec994206a533857fa6d14e0c340923dceb64e5ae0d5df52355215217)
			First parameter (with value "SHA1withRSA") should be any of {SHA256withRSA, SHA256withECDSA, SHA256withDSA, SHA384withRSA, SHA512withRSA, SHA384withECDSA, SHA512withECDSA}
			at statement: $r1 = staticinvoke <java.security.Signature: java.security.Signature getInstance(java.lang.String)>(varReplacer5658)


	 in Method: void setPrvKey(byte[],byte[])
		RequiredPredicateError violating CrySL rule for java.security.Signature
			First parameter was not properly generated as generatedPrivkey
			at statement: virtualinvoke $r8.<java.security.Signature: void initSign(java.security.PrivateKey)>($r3)


	 in Method: void setPubKey(byte[],byte[])
		RequiredPredicateError violating CrySL rule for java.security.Signature
			First parameter was not properly generated as generatedPubkey
			at statement: virtualinvoke $r8.<java.security.Signature: void initVerify(java.security.PublicKey)>($r3)

		RequiredPredicateError violating CrySL rule for java.security.KeyFactory
			First parameter was not properly generated as speccedKey
			at statement: $r3 = virtualinvoke $r7.<java.security.KeyFactory: java.security.PublicKey generatePublic(java.security.spec.KeySpec)>($r1)


Findings in Java Class: com.jcraft.jsch.jce.SignatureDSA

	 in Method: void init()
		ConstraintError violating CrySL rule for java.security.Signature (on Object #c9bf01c5f2a90e52c456946aadb35336b722a2660d1011078fdde657e74c1e52)
			First parameter (with value "SHA1withDSA") should be any of {SHA256withRSA, SHA256withECDSA, SHA256withDSA, SHA384withRSA, SHA512withRSA, SHA384withECDSA, SHA512withECDSA}
			at statement: $r1 = staticinvoke <java.security.Signature: java.security.Signature getInstance(java.lang.String)>(varReplacer5663)


	 in Method: void setPubKey(byte[],byte[],byte[],byte[])
		RequiredPredicateError violating CrySL rule for java.security.KeyFactory
			First parameter was not properly generated as speccedKey
			at statement: $r4 = virtualinvoke $r11.<java.security.KeyFactory: java.security.PublicKey generatePublic(java.security.spec.KeySpec)>($r2)

		RequiredPredicateError violating CrySL rule for java.security.Signature
			First parameter was not properly generated as generatedPubkey
			at statement: virtualinvoke $r12.<java.security.Signature: void initVerify(java.security.PublicKey)>($r4)


	 in Method: void setPrvKey(byte[],byte[],byte[],byte[])
		RequiredPredicateError violating CrySL rule for java.security.Signature
			First parameter was not properly generated as generatedPrivkey
			at statement: virtualinvoke $r12.<java.security.Signature: void initSign(java.security.PrivateKey)>($r4)


Findings in Java Class: com.jcraft.jsch.jce.SignatureECDSAN

	 in Method: void setPubKey(byte[],byte[])
		ConstraintError violating CrySL rule for java.security.AlgorithmParameters (on Object #8d27d33c13d8b8a2bc1b7399a4d17ac1e300718e1921e6cde377f48397ea9c63)
			First parameter (with value "EC") should be any of {AES, DiffieHellman, DH, OAEP, PBEWithHmacSHA224AndAES_128, PBEWithHmacSHA256AndAES_128, PBEWithHmacSHA384AndAES_128, PBEWithHmacSHA512AndAES_128, PBEWithHmacSHA224AndAES_256, PBEWithHmacSHA256AndAES_256, PBEWithHmacSHA384AndAES_256, PBEWithHmacSHA512AndAES_256}
			at statement: $r4 = staticinvoke <java.security.AlgorithmParameters: java.security.AlgorithmParameters getInstance(java.lang.String)>(varReplacer5677)

		RequiredPredicateError violating CrySL rule for java.security.Signature
			First parameter was not properly generated as generatedPubkey
			at statement: virtualinvoke $r14.<java.security.Signature: void initVerify(java.security.PublicKey)>($r13)

		RequiredPredicateError violating CrySL rule for java.security.KeyFactory
			First parameter was not properly generated as speccedKey
			at statement: $r13 = virtualinvoke $r11.<java.security.KeyFactory: java.security.PublicKey generatePublic(java.security.spec.KeySpec)>($r12)


	 in Method: void setPrvKey(byte[])
		RequiredPredicateError violating CrySL rule for java.security.Signature
			First parameter was not properly generated as generatedPrivkey
			at statement: virtualinvoke $r11.<java.security.Signature: void initSign(java.security.PrivateKey)>($r10)

		ConstraintError violating CrySL rule for java.security.AlgorithmParameters (on Object #46c6e5c4ddb38e0f66a0b7ce41fab468463278e8731a696e81dec58130516883)
			First parameter (with value "EC") should be any of {AES, DiffieHellman, DH, OAEP, PBEWithHmacSHA224AndAES_128, PBEWithHmacSHA256AndAES_128, PBEWithHmacSHA384AndAES_128, PBEWithHmacSHA512AndAES_128, PBEWithHmacSHA224AndAES_256, PBEWithHmacSHA256AndAES_256, PBEWithHmacSHA384AndAES_256, PBEWithHmacSHA512AndAES_256}
			at statement: $r3 = staticinvoke <java.security.AlgorithmParameters: java.security.AlgorithmParameters getInstance(java.lang.String)>(varReplacer7561)


Findings in Java Class: com.jcraft.jsch.jce.PBKDF

	 in Method: byte[] getKey(byte[],byte[],int,int)
		HardCodedError violating CrySL rule for javax.crypto.spec.PBEKeySpec (on Object #206acd077242d37aec8925357d185958c1d6b17c83c84b5f5dcdab365cd95e)
			First parameter should never be hardcoded.
			at statement: specialinvoke $r6.<javax.crypto.spec.PBEKeySpec: void <init>(char[],byte[],int,int)>($r5, $r4, $i0, $i1)

		ConstraintError violating CrySL rule for javax.crypto.SecretKeyFactory (on Object #d92efcbb1e75ad6294eedaa89215a3c11a5a3ee47c323f106fdfc6c22ca841bb)
			First parameter (with value "PBKDF2WithHmacSHA1") should be any of {PBKDF2WithHmacSHA512, PBKDF2WithHmacSHA384, PBKDF2WithHmacSHA256, PBKDF2WithHmacSHA224, PBEWithHmacSHA512AndAES_128, PBEWithHmacSHA384AndAES_128, PBEWithHmacSHA384AndAES_128, PBEWithHmacSHA224AndAES_128, PBEWithHmacSHA256AndAES_128, PBEWithHmacSHA224AndAES_256, PBEWithHmacSHA256AndAES_256, PBEWithHmacSHA384AndAES_256, PBEWithHmacSHA512AndAES_256}
			at statement: $r7 = staticinvoke <javax.crypto.SecretKeyFactory: javax.crypto.SecretKeyFactory getInstance(java.lang.String)>(varReplacer7555)

		IncompleteOperationError violating CrySL rule for javax.crypto.spec.PBEKeySpec (on Object #206acd077242d37aec8925357d185958c1d6b17c83c84b5f5dcdab365cd95e)
			Operation on object of type javax.crypto.spec.PBEKeySpec object not completed. Expected call to clearPassword
			at statement: $r8 = virtualinvoke $r7.<javax.crypto.SecretKeyFactory: javax.crypto.SecretKey generateSecret(java.security.spec.KeySpec)>($r6)

		RequiredPredicateError violating CrySL rule for javax.crypto.spec.PBEKeySpec
			Second parameter was not properly generated as randomized
			at statement: specialinvoke $r6.<javax.crypto.spec.PBEKeySpec: void <init>(char[],byte[],int,int)>($r5, $r4, $i0, $i1)

		RequiredPredicateError violating CrySL rule for javax.crypto.SecretKeyFactory
			First parameter was not properly generated as speccedKey
			at statement: $r8 = virtualinvoke $r7.<javax.crypto.SecretKeyFactory: javax.crypto.SecretKey generateSecret(java.security.spec.KeySpec)>($r6)


Findings in Java Class: com.jcraft.jsch.jce.HMAC

	 in Method: void init(byte[])
		RequiredPredicateError violating CrySL rule for javax.crypto.spec.SecretKeySpec
			First parameter was not properly generated as preparedKeyMaterial
			at statement: specialinvoke $r4.<javax.crypto.spec.SecretKeySpec: void <init>(byte[],java.lang.String)>($r2, $r5)


Findings in Java Class: com.jcraft.jsch.jce.AES192CTR

	 in Method: void init(int,byte[],byte[])
		RequiredPredicateError violating CrySL rule for javax.crypto.spec.IvParameterSpec
			First parameter was not properly generated as randomized
			at statement: specialinvoke $r8.<javax.crypto.spec.IvParameterSpec: void <init>(byte[])>($r2)

		RequiredPredicateError violating CrySL rule for javax.crypto.spec.SecretKeySpec
			First parameter was not properly generated as preparedKeyMaterial
			at statement: specialinvoke $r4.<javax.crypto.spec.SecretKeySpec: void <init>(byte[],java.lang.String)>($r1, varReplacer5530)


Findings in Java Class: com.jcraft.jsch.jce.AES128CTR

	 in Method: void init(int,byte[],byte[])
		RequiredPredicateError violating CrySL rule for javax.crypto.spec.SecretKeySpec
			First parameter was not properly generated as preparedKeyMaterial
			at statement: specialinvoke $r4.<javax.crypto.spec.SecretKeySpec: void <init>(byte[],java.lang.String)>($r1, varReplacer5521)

		RequiredPredicateError violating CrySL rule for javax.crypto.spec.IvParameterSpec
			First parameter was not properly generated as randomized
			at statement: specialinvoke $r8.<javax.crypto.spec.IvParameterSpec: void <init>(byte[])>($r2)


Findings in Java Class: com.jcraft.jsch.jce.AES128CBC

	 in Method: void init(int,byte[],byte[])
		RequiredPredicateError violating CrySL rule for javax.crypto.spec.IvParameterSpec
			First parameter was not properly generated as randomized
			at statement: specialinvoke $r8.<javax.crypto.spec.IvParameterSpec: void <init>(byte[])>($r2)

		RequiredPredicateError violating CrySL rule for javax.crypto.spec.SecretKeySpec
			First parameter was not properly generated as preparedKeyMaterial
			at statement: specialinvoke $r4.<javax.crypto.spec.SecretKeySpec: void <init>(byte[],java.lang.String)>($r1, varReplacer5495)


Findings in Java Class: com.jcraft.jsch.jce.AES256CTR

	 in Method: void init(int,byte[],byte[])
		RequiredPredicateError violating CrySL rule for javax.crypto.spec.SecretKeySpec
			First parameter was not properly generated as preparedKeyMaterial
			at statement: specialinvoke $r4.<javax.crypto.spec.SecretKeySpec: void <init>(byte[],java.lang.String)>($r1, varReplacer5512)

		RequiredPredicateError violating CrySL rule for javax.crypto.spec.IvParameterSpec
			First parameter was not properly generated as randomized
			at statement: specialinvoke $r8.<javax.crypto.spec.IvParameterSpec: void <init>(byte[])>($r2)


Findings in Java Class: com.jcraft.jsch.jce.AES256CBC

	 in Method: void init(int,byte[],byte[])
		RequiredPredicateError violating CrySL rule for javax.crypto.spec.IvParameterSpec
			First parameter was not properly generated as randomized
			at statement: specialinvoke $r8.<javax.crypto.spec.IvParameterSpec: void <init>(byte[])>($r2)

		RequiredPredicateError violating CrySL rule for javax.crypto.Cipher
			Third parameter was not properly generated as preparedOAEP
			at statement: virtualinvoke $r7.<javax.crypto.Cipher: void init(int,java.security.Key,java.security.spec.AlgorithmParameterSpec)>($b2, $r4, $r8)

		RequiredPredicateError violating CrySL rule for javax.crypto.spec.SecretKeySpec
			First parameter was not properly generated as preparedKeyMaterial
			at statement: specialinvoke $r4.<javax.crypto.spec.SecretKeySpec: void <init>(byte[],java.lang.String)>($r1, varReplacer5538)

		RequiredPredicateError violating CrySL rule for javax.crypto.Cipher
			Second parameter was not properly generated as generatedKey
			at statement: virtualinvoke $r7.<javax.crypto.Cipher: void init(int,java.security.Key,java.security.spec.AlgorithmParameterSpec)>($b2, $r4, $r8)

		RequiredPredicateError violating CrySL rule for javax.crypto.Cipher
			Third parameter was not properly generated as preparedGCM
			at statement: virtualinvoke $r7.<javax.crypto.Cipher: void init(int,java.security.Key,java.security.spec.AlgorithmParameterSpec)>($b2, $r4, $r8)


Findings in Java Class: com.jcraft.jsch.jce.AES192CBC

	 in Method: void init(int,byte[],byte[])
		RequiredPredicateError violating CrySL rule for javax.crypto.spec.IvParameterSpec
			First parameter was not properly generated as randomized
			at statement: specialinvoke $r8.<javax.crypto.spec.IvParameterSpec: void <init>(byte[])>($r2)

		RequiredPredicateError violating CrySL rule for javax.crypto.spec.SecretKeySpec
			First parameter was not properly generated as preparedKeyMaterial
			at statement: specialinvoke $r4.<javax.crypto.spec.SecretKeySpec: void <init>(byte[],java.lang.String)>($r1, varReplacer5564)


======================= CryptoAnalysis Summary ==========================
	Number of CrySL rules: 49
	Number of Objects Analyzed: 111

	CryptoAnalysis found the following violations. For details see description above.
	TypestateError: 12
	ConstraintError: 16
	RequiredPredicateError: 45
	IncompleteOperationError: 59
	HardCodedError: 1
=====================================================================
