0    [main] WARN  pes.access.impl.DeclaredTypeFactory  - --- xtext.common.types ---------------------------------------------------
1    [main] WARN  pes.access.impl.DeclaredTypeFactory  - ASM library is too old. Falling back to java.lang.reflect API.
1    [main] WARN  pes.access.impl.DeclaredTypeFactory  - Please note that no information about compile time constants is available.
1    [main] WARN  pes.access.impl.DeclaredTypeFactory  - It's recommended to use org.objectweb.asm 9.1.0 or better (Maven group id: org.ow2.asm).
1    [main] WARN  pes.access.impl.DeclaredTypeFactory  - --------------------------------------------------------------------------
Ruleset: 
	java.security.cert.TrustAnchor
	javax.crypto.spec.GCMParameterSpec
	javax.xml.crypto.dsig.spec.HMACParameterSpec
	java.security.KeyPair
	java.security.DigestOutputStream
	javax.net.ssl.KeyStoreBuilderParameters
	javax.crypto.spec.OAEPParameterSpec
	javax.net.ssl.SSLContext
	javax.crypto.spec.DHGenParameterSpec
	javax.crypto.CipherOutputStream
	java.security.Key
	javax.crypto.SecretKeyFactory
	java.security.cert.PKIXBuilderParameters
	java.security.KeyFactory
	javax.crypto.spec.PBEKeySpec
	java.security.spec.DSAGenParameterSpec
	java.security.KeyPairGenerator
	javax.crypto.CipherInputStream
	javax.net.ssl.CertPathTrustManagerParameters
	java.security.cert.CertificateFactory
	java.security.SecureRandom
	java.security.spec.MGF1ParameterSpec
	javax.net.ssl.SSLEngine
	javax.crypto.spec.DHParameterSpec
	java.security.spec.DSAParameterSpec
	java.security.spec.ECParameterSpec
	java.security.spec.RSAKeyGenParameterSpec
	javax.crypto.spec.IvParameterSpec
	javax.crypto.Cipher
	javax.crypto.spec.PBEParameterSpec
	java.security.AlgorithmParameterGenerator
	java.security.spec.X509EncodedKeySpec
	javax.net.ssl.TrustManagerFactory
	java.security.DigestInputStream
	void
	javax.net.ssl.KeyManagerFactory
	java.security.cert.PKIXParameters
	java.net.PasswordAuthentication
	java.security.AlgorithmParameters
	javax.crypto.KeyAgreement
	javax.crypto.spec.SecretKeySpec
	javax.net.ssl.SSLParameters
	java.security.MessageDigest
	javax.crypto.SecretKey
	javax.crypto.KeyGenerator
	java.security.KeyStore
	javax.crypto.Mac
	java.security.spec.ECGenParameterSpec
	java.security.Signature

Analyzed Objects: 
	Object:
		Variable: $r3
		Type: byte[]
		Statement: $r3 = virtualinvoke $r4.<java.security.MessageDigest: byte[] digest(byte[])>($r3)
		Method: <org.mozilla.javascript.tools.shell.Main: byte[] getDigest(java.lang.Object)>
		SHA-256: 8111502de4599a5f2e2873af90bfc06b5c7b639ef0f085cce7581d5a6e44a17c
		Secure: false
	Object:
		Variable: $r10
		Type: byte[]
		Statement: $r10 = virtualinvoke $r3.<java.security.MessageDigest: byte[] digest(byte[])>($r10)
		Method: <com.google.android.exoplayer2.source.rtsp.RtspAuthenticationInfo: java.lang.String getDigestAuthorizationHeaderValue(com.google.android.exoplayer2.source.rtsp.RtspMessageUtil$RtspAuthUserInfo,android.net.Uri,int)>
		SHA-256: 3afc78fee4b01922ba6feabb7a1f1b7addc3effc4c0ef5bca6a2938564e90984
		Secure: false
	Object:
		Variable: $r10
		Type: javax.crypto.spec.IvParameterSpec
		Statement: specialinvoke $r10.<javax.crypto.spec.IvParameterSpec: void <init>(byte[])>($r7)
		Method: <com.google.android.exoplayer2.upstream.cache.CachedContentIndex$LegacyStorage: void writeFile(java.util.HashMap)>
		SHA-256: 3cb4f6e0634d9adbf1c78f0f473ac722e5863a92578288c79d261d48a43f5c2e
		Secure: false
	Object:
		Variable: $r3
		Type: java.security.MessageDigest
		Statement: $r3 = staticinvoke <java.security.MessageDigest: java.security.MessageDigest getInstance(java.lang.String)>(varReplacer39536)
		Method: <com.google.android.exoplayer2.source.rtsp.RtspAuthenticationInfo: java.lang.String getDigestAuthorizationHeaderValue(com.google.android.exoplayer2.source.rtsp.RtspMessageUtil$RtspAuthUserInfo,android.net.Uri,int)>
		SHA-256: 33090b7184de974ea796b7706d9d81d66901a3b7e477b3c29e3429822b0d81d2
		Secure: false
	Object:
		Variable: $r5
		Type: byte[]
		Statement: $r5 = virtualinvoke $r3.<java.security.MessageDigest: byte[] digest()>()
		Method: <us.shandian.giga.util.Utility: java.lang.String checksum(org.schabi.newpipe.streams.io.StoredFileHelper,java.lang.String)>
		SHA-256: ebb7be9f92e594f8f0a5d6aa7707c8826c58a752116c0af8f19bac147d15f1b
		Secure: true
	Object:
		Variable: $r4
		Type: javax.net.ssl.SSLContext
		Statement: $r4 = staticinvoke <javax.net.ssl.SSLContext: javax.net.ssl.SSLContext getInstance(java.lang.String)>(varReplacer11513)
		Method: <okhttp3.internal.platform.Platform: javax.net.ssl.SSLContext getSSLContext()>
		SHA-256: eebb5a2a1094af46c6e8ba585d07ca95dad561f4badf511a0a5206ceb6a2acb6
		Secure: false
	Object:
		Variable: $r3
		Type: javax.crypto.spec.SecretKeySpec
		Statement: specialinvoke $r3.<javax.crypto.spec.SecretKeySpec: void <init>(byte[],java.lang.String)>($r4, varReplacer27830)
		Method: <com.google.android.exoplayer2.source.hls.Aes128DataSource: long open(com.google.android.exoplayer2.upstream.DataSpec)>
		SHA-256: 94f3532244a9224a311fa5541d8a83fe6a8e2faf0c71d568ef5191e302081e5a
		Secure: false
	Object:
		Variable: $r14
		Type: javax.crypto.CipherOutputStream
		Statement: specialinvoke $r14.<javax.crypto.CipherOutputStream: void <init>(java.io.OutputStream,javax.crypto.Cipher)>($r5, $r11)
		Method: <com.google.android.exoplayer2.upstream.cache.CachedContentIndex$LegacyStorage: void writeFile(java.util.HashMap)>
		SHA-256: 919c51f2bd19b9457d5bf9c2c9405d711ebbdabf4e0bbd308cef071c75ff011b
		Secure: false
	Object:
		Variable: $r3
		Type: byte[]
		Statement: $r3 = virtualinvoke $r2.<java.security.MessageDigest: byte[] digest(byte[])>($r3)
		Method: <okio.ByteString: okio.ByteString digest(java.lang.String)>
		SHA-256: a79a1700ae9d8d44f13ea218f751e7024f8f1222b1b2ae17cdbab7b56d352181
		Secure: false
	Object:
		Variable: $r2
		Type: javax.crypto.Cipher
		Statement: $r2 = staticinvoke <javax.crypto.Cipher: javax.crypto.Cipher getInstance(java.lang.String)>(varReplacer34970)
		Method: <com.google.android.exoplayer2.upstream.crypto.AesFlushingCipher: void <init>(int,byte[],long,long)>
		SHA-256: a01bdab18d00601e7d9d79016b816e5ff54d71fea6f971feb61e31838c6240fb
		Secure: false
	Object:
		Variable: $r20
		Type: javax.crypto.CipherInputStream
		Statement: specialinvoke $r20.<javax.crypto.CipherInputStream: void <init>(java.io.InputStream,javax.crypto.Cipher)>($r11, $r14)
		Method: <com.google.android.exoplayer2.upstream.cache.CachedContentIndex$LegacyStorage: boolean readFile(java.util.HashMap,android.util.SparseArray)>
		SHA-256: 11475a025e41e25a0676f36d6f683f7f0992b68493547e3fe8eb17ae2bb7c8fe
		Secure: false
	Object:
		Variable: $r3
		Type: javax.net.ssl.SSLContext
		Statement: $r3 = staticinvoke <javax.net.ssl.SSLContext: javax.net.ssl.SSLContext getInstance(java.lang.String,java.security.Provider)>(varReplacer11519, $r2)
		Method: <okhttp3.internal.platform.ConscryptPlatform: javax.net.ssl.SSLContext getSSLContext()>
		SHA-256: d9d5ea53bdf21368a159884f35e74e2ed1d25157e7684227ed1f63cd5d2e4b1
		Secure: false
	Object:
		Variable: $r1
		Type: javax.net.ssl.SSLContext
		Statement: $r1 = staticinvoke <javax.net.ssl.SSLContext: javax.net.ssl.SSLContext getInstance(java.lang.String)>(varReplacer3361)
		Method: <org.schabi.newpipe.util.TLSSocketFactoryCompat: void <init>()>
		SHA-256: 54ad8dcbe494cf6cbd99c73a662a3b6891fb8452a6d414deb1fdc196e07fa698
		Secure: false
	Object:
		Variable: $r3
		Type: javax.net.ssl.SSLContext
		Statement: $r3 = staticinvoke <javax.net.ssl.SSLContext: javax.net.ssl.SSLContext getInstance(java.lang.String)>(varReplacer11516)
		Method: <okhttp3.internal.platform.AndroidPlatform: javax.net.ssl.SSLContext getSSLContext()>
		SHA-256: d5413a5f6cbb08bc2177033cad683073c527914aa3aee7cc468f279301c3af0
		Secure: false
	Object:
		Variable: varReplacer27830
		Type: java.lang.String
		Statement: specialinvoke $r3.<javax.crypto.spec.SecretKeySpec: void <init>(byte[],java.lang.String)>($r4, varReplacer27830)
		Method: <com.google.android.exoplayer2.source.hls.Aes128DataSource: long open(com.google.android.exoplayer2.upstream.DataSpec)>
		SHA-256: 7e735dd530b3ceca5219c7252dfe48ebe7f2dd8cf84f8cb18878a149de6034c7
		Secure: false
	Object:
		Variable: $r1
		Type: javax.crypto.Cipher
		Statement: $r1 = staticinvoke <javax.crypto.Cipher: javax.crypto.Cipher getInstance(java.lang.String,java.lang.String)>(varReplacer57371, varReplacer57372)
		Method: <com.google.android.exoplayer2.upstream.cache.CachedContentIndex: javax.crypto.Cipher getCipher()>
		SHA-256: fe60606225294f5685764575b4232685144c448f2ead6df2ea186d421c54136b
		Secure: true
	Object:
		Variable: varReplacer57369
		Type: java.lang.String
		Statement: specialinvoke $r5.<javax.crypto.spec.SecretKeySpec: void <init>(byte[],java.lang.String)>($r3, varReplacer57369)
		Method: <com.google.android.exoplayer2.upstream.cache.CachedContentIndex$LegacyStorage: void <init>(java.io.File,byte[],boolean)>
		SHA-256: 255b9d8630f781c4f4f59ddbe0a81eb8f16064ae95eada5b912f1a9eaba6af3b
		Secure: false
	Object:
		Variable: $r1
		Type: javax.crypto.Cipher
		Statement: $r1 = staticinvoke <javax.crypto.Cipher: javax.crypto.Cipher getInstance(java.lang.String)>(varReplacer57370)
		Method: <com.google.android.exoplayer2.upstream.cache.CachedContentIndex: javax.crypto.Cipher getCipher()>
		SHA-256: fd9af45e03292badd22f2f7febb749c837cf783cdf4b44140719f1f554349eb
		Secure: true
	Object:
		Variable: $r5
		Type: java.security.cert.CertificateFactory
		Statement: $r5 = staticinvoke <java.security.cert.CertificateFactory: java.security.cert.CertificateFactory getInstance(java.lang.String)>(varReplacer64020)
		Method: <okhttp3.Cache$Entry: java.util.List readCertificateList(okio.BufferedSource)>
		SHA-256: 98e068ad696e57be7c805e185e1cab6346d837f601a6904ac5f26f5c00d4437f
		Secure: false
	Object:
		Variable: $r5
		Type: javax.crypto.spec.SecretKeySpec
		Statement: specialinvoke $r5.<javax.crypto.spec.SecretKeySpec: void <init>(byte[],java.lang.String)>($r3, varReplacer57369)
		Method: <com.google.android.exoplayer2.upstream.cache.CachedContentIndex$LegacyStorage: void <init>(java.io.File,byte[],boolean)>
		SHA-256: 1c1d2aeb522cfb86b774b5cb4059270242c4dbb0786bd4dfd9b44c93534269d3
		Secure: false
	Object:
		Variable: $r1
		Type: javax.net.ssl.TrustManagerFactory
		Statement: $r1 = staticinvoke <javax.net.ssl.TrustManagerFactory: javax.net.ssl.TrustManagerFactory getInstance(java.lang.String)>($r0)
		Method: <okhttp3.internal.Util: javax.net.ssl.X509TrustManager platformTrustManager()>
		SHA-256: a8764d384e0e6acd4407dba0e4c2025660362892494036c03c4b52a40e75c66b
		Secure: false
	Object:
		Variable: $r3
		Type: javax.net.ssl.TrustManager[]
		Statement: $r3 = virtualinvoke $r2.<javax.net.ssl.TrustManagerFactory: javax.net.ssl.TrustManager[] getTrustManagers()>()
		Method: <org.schabi.newpipe.DownloaderImpl: void enableModernTLS(okhttp3.OkHttpClient$Builder)>
		SHA-256: 38ac3faf2aa4cfb9d719d7527603d2b4481063c3583c7dac6d7e307aba74f85b
		Secure: false
	Object:
		Variable: $r7
		Type: javax.crypto.spec.IvParameterSpec
		Statement: specialinvoke $r7.<javax.crypto.spec.IvParameterSpec: void <init>(byte[])>($r1)
		Method: <com.google.android.exoplayer2.upstream.crypto.AesFlushingCipher: void <init>(int,byte[],long,long)>
		SHA-256: d9f9b6685ddf3461eb2ea2eff23ffe28902e5309125e8841c7ce2eb950fff47a
		Secure: false
	Object:
		Variable: $r10
		Type: byte[]
		Statement: $r10 = virtualinvoke $r3.<java.security.MessageDigest: byte[] digest(byte[])>($r10)
		Method: <com.google.android.exoplayer2.source.rtsp.RtspAuthenticationInfo: java.lang.String getDigestAuthorizationHeaderValue(com.google.android.exoplayer2.source.rtsp.RtspMessageUtil$RtspAuthUserInfo,android.net.Uri,int)>
		SHA-256: 3afc78fee4b01922ba6feabb7a1f1b7addc3effc4c0ef5bca6a2938564e90984
		Secure: false
	Object:
		Variable: $r10
		Type: byte[]
		Statement: $r10 = virtualinvoke $r3.<java.security.MessageDigest: byte[] digest(byte[])>($r10)
		Method: <com.google.android.exoplayer2.source.rtsp.RtspAuthenticationInfo: java.lang.String getDigestAuthorizationHeaderValue(com.google.android.exoplayer2.source.rtsp.RtspMessageUtil$RtspAuthUserInfo,android.net.Uri,int)>
		SHA-256: 3afc78fee4b01922ba6feabb7a1f1b7addc3effc4c0ef5bca6a2938564e90984
		Secure: false
	Object:
		Variable: $r3
		Type: javax.net.ssl.SSLContext
		Statement: $r3 = staticinvoke <javax.net.ssl.SSLContext: javax.net.ssl.SSLContext getInstance(java.lang.String,java.security.Provider)>(varReplacer11518, $r2)
		Method: <okhttp3.internal.platform.ConscryptPlatform: javax.net.ssl.SSLContext getSSLContext()>
		SHA-256: 8a64d2fd8f85f113cc9bd0481e9a110f6352e92b0aa178d55650f02afb543ddd
		Secure: false
	Object:
		Variable: $r11
		Type: java.security.MessageDigest
		Statement: $r11 = staticinvoke <java.security.MessageDigest: java.security.MessageDigest getInstance(java.lang.String)>(varReplacer60753)
		Method: <org.schabi.newpipe.CheckForNewAppVersion: java.lang.String getCertificateSHA1Fingerprint(android.app.Application)>
		SHA-256: 194b5bab754dffb88cdc2a4214e2094dcbbfaf446ca43f343684f4c602418d20
		Secure: false
	Object:
		Variable: $r2
		Type: java.security.SecureRandom
		Statement: specialinvoke $r2.<java.security.SecureRandom: void <init>()>()
		Method: <com.google.android.exoplayer2.upstream.cache.SimpleCache: long createUid(java.io.File)>
		SHA-256: 99c672eefa4689a445952b16fc572f3658b4c117a83684d8406fcdb6e6246872
		Secure: true
	Object:
		Variable: $r4
		Type: java.security.SecureRandom
		Statement: specialinvoke $r4.<java.security.SecureRandom: void <init>()>()
		Method: <com.google.android.exoplayer2.upstream.cache.CachedContentIndex$LegacyStorage: void <init>(java.io.File,byte[],boolean)>
		SHA-256: 51d9093f0265ea53703203239f4df4236c61b116cfc03d4a9a2695920b4411d4
		Secure: true
	Object:
		Variable: $r4
		Type: javax.net.ssl.SSLContext
		Statement: $r4 = staticinvoke <javax.net.ssl.SSLContext: javax.net.ssl.SSLContext getInstance(java.lang.String)>(varReplacer11511)
		Method: <okhttp3.internal.platform.Platform: javax.net.ssl.SSLContext getSSLContext()>
		SHA-256: 9068b36aafa0e125206b9eedcadde630e0cdb391c835da87f9173068ecbb8ff2
		Secure: false
	Object:
		Variable: $r8
		Type: java.security.cert.CertificateFactory
		Statement: $r8 = staticinvoke <java.security.cert.CertificateFactory: java.security.cert.CertificateFactory getInstance(java.lang.String)>(varReplacer60762)
		Method: <org.schabi.newpipe.CheckForNewAppVersion: java.lang.String getCertificateSHA1Fingerprint(android.app.Application)>
		SHA-256: 6d39dd987a149cba7cf3ef7f84fa111de05e58595728e1e29fa9cae0ee6762e5
		Secure: false
	Object:
		Variable: $r2
		Type: javax.net.ssl.TrustManager[]
		Statement: $r2 = virtualinvoke $r1.<javax.net.ssl.TrustManagerFactory: javax.net.ssl.TrustManager[] getTrustManagers()>()
		Method: <okhttp3.internal.Util: javax.net.ssl.X509TrustManager platformTrustManager()>
		SHA-256: dea0af93b06734ae35228a014521e6e031131dd2b357359826afa61f9a6de1b
		Secure: false
	Object:
		Variable: $r16
		Type: javax.crypto.spec.IvParameterSpec
		Statement: specialinvoke $r16.<javax.crypto.spec.IvParameterSpec: void <init>(byte[])>($r15)
		Method: <com.google.android.exoplayer2.upstream.cache.CachedContentIndex$LegacyStorage: boolean readFile(java.util.HashMap,android.util.SparseArray)>
		SHA-256: 5c8390126ebcbb5ddbf76db4602dc5d8f36a732b2def33cdbb420dbb221f041b
		Secure: false
	Object:
		Variable: $r2
		Type: java.security.MessageDigest
		Statement: $r2 = staticinvoke <java.security.MessageDigest: java.security.MessageDigest getInstance(java.lang.String)>($r1)
		Method: <okio.ByteString: okio.ByteString digest(java.lang.String)>
		SHA-256: b336d574501b28a5bd90db22472c23a68acb0c1b99c4f14746fdc2a23c69a24e
		Secure: false
	Object:
		Variable: $r3
		Type: javax.net.ssl.SSLContext
		Statement: $r3 = staticinvoke <javax.net.ssl.SSLContext: javax.net.ssl.SSLContext getInstance(java.lang.String)>(varReplacer11515)
		Method: <okhttp3.internal.platform.AndroidPlatform: javax.net.ssl.SSLContext getSSLContext()>
		SHA-256: 97ad209ae40f8d5f1e5d1815a693c41869fd36366815673c9bdddd22f9a84293
		Secure: false
	Object:
		Variable: $r8
		Type: javax.crypto.CipherInputStream
		Statement: specialinvoke $r8.<javax.crypto.CipherInputStream: void <init>(java.io.InputStream,javax.crypto.Cipher)>($r6, $r1)
		Method: <com.google.android.exoplayer2.source.hls.Aes128DataSource: long open(com.google.android.exoplayer2.upstream.DataSpec)>
		SHA-256: e899dee01d55d270e79a5441cb05f39cda46030c1ce70bb65798863cf7de103a
		Secure: false
	Object:
		Variable: $r5
		Type: java.lang.String
		Statement: specialinvoke $r4.<javax.crypto.spec.SecretKeySpec: void <init>(byte[],java.lang.String)>($r1, $r5)
		Method: <com.google.android.exoplayer2.upstream.crypto.AesFlushingCipher: void <init>(int,byte[],long,long)>
		SHA-256: 8b962118ea3c603585afd0c9cb8eebc7393b428bc7f8f570f875d4bc8d807d0e
		Secure: false
	Object:
		Variable: $r3
		Type: java.security.MessageDigest
		Statement: $r3 = staticinvoke <java.security.MessageDigest: java.security.MessageDigest getInstance(java.lang.String)>($r2)
		Method: <us.shandian.giga.util.Utility: java.lang.String checksum(org.schabi.newpipe.streams.io.StoredFileHelper,java.lang.String)>
		SHA-256: e033144f07d771effbb746f637caa66b2d374a0df2fc29aab0c84b8a396e0628
		Secure: true
	Object:
		Variable: $r2
		Type: javax.net.ssl.TrustManagerFactory
		Statement: $r2 = staticinvoke <javax.net.ssl.TrustManagerFactory: javax.net.ssl.TrustManagerFactory getInstance(java.lang.String)>($r1)
		Method: <org.schabi.newpipe.DownloaderImpl: void enableModernTLS(okhttp3.OkHttpClient$Builder)>
		SHA-256: d243820bf385f9546c09b3968c75b45c01b3a319a68e5b45030802f4344e3850
		Secure: false
	Object:
		Variable: $r4
		Type: java.security.MessageDigest
		Statement: $r4 = staticinvoke <java.security.MessageDigest: java.security.MessageDigest getInstance(java.lang.String)>(varReplacer21597)
		Method: <org.mozilla.javascript.tools.shell.Main: byte[] getDigest(java.lang.Object)>
		SHA-256: a2a04f66807790c99bd13ceaa3262486c11514fe418f9bc58190a4d7cb164e97
		Secure: false
	Object:
		Variable: $r5
		Type: javax.crypto.spec.IvParameterSpec
		Statement: specialinvoke $r5.<javax.crypto.spec.IvParameterSpec: void <init>(byte[])>($r4)
		Method: <com.google.android.exoplayer2.source.hls.Aes128DataSource: long open(com.google.android.exoplayer2.upstream.DataSpec)>
		SHA-256: 74efd2ca2013e34a93725a12b2428b082241b229a3b9c59222ec28d5225e0d5
		Secure: false
	Object:
		Variable: $r4
		Type: javax.crypto.spec.SecretKeySpec
		Statement: specialinvoke $r4.<javax.crypto.spec.SecretKeySpec: void <init>(byte[],java.lang.String)>($r1, $r5)
		Method: <com.google.android.exoplayer2.upstream.crypto.AesFlushingCipher: void <init>(int,byte[],long,long)>
		SHA-256: 904cc563415265daa258bb0005f4d8ce0eefc5d2a51ed39954b73bdc6cc251cb
		Secure: false
	Object:
		Variable: $r1
		Type: javax.crypto.Cipher
		Statement: $r1 = staticinvoke <javax.crypto.Cipher: javax.crypto.Cipher getInstance(java.lang.String)>(varReplacer35009)
		Method: <com.google.android.exoplayer2.source.hls.Aes128DataSource: javax.crypto.Cipher getCipherInstance()>
		SHA-256: e8b04e83023ed9fbfca513f7149c791e082856b53f6f62cc5838ffad61953353
		Secure: false
	Object:
		Variable: $r6
		Type: byte[]
		Statement: $r6 = virtualinvoke $r11.<java.security.MessageDigest: byte[] digest(byte[])>($r6)
		Method: <org.schabi.newpipe.CheckForNewAppVersion: java.lang.String getCertificateSHA1Fingerprint(android.app.Application)>
		SHA-256: 14ce73b571e9f62bbc993152c5a247e287b7ccaa1375e10be9552d5e0d67eedc
		Secure: false

Findings in Java Class: org.schabi.newpipe.util.TLSSocketFactoryCompat

	 in Method: void <init>()
		ConstraintError violating CrySL rule for javax.net.ssl.SSLContext (on Object #54ad8dcbe494cf6cbd99c73a662a3b6891fb8452a6d414deb1fdc196e07fa698)
			First parameter (with value "TLS") should be any of {TLSv1.2, TLSv1.3}
			at statement: $r1 = staticinvoke <javax.net.ssl.SSLContext: javax.net.ssl.SSLContext getInstance(java.lang.String)>(varReplacer3361)

		RequiredPredicateError violating CrySL rule for javax.net.ssl.SSLContext
			First parameter was not properly generated as generatedKeyManagers
			at statement: virtualinvoke $r1.<javax.net.ssl.SSLContext: void init(javax.net.ssl.KeyManager[],javax.net.ssl.TrustManager[],java.security.SecureRandom)>(varReplacer3358, varReplacer3358, varReplacer3358)

		RequiredPredicateError violating CrySL rule for javax.net.ssl.SSLContext
			Third parameter was not properly generated as randomized
			at statement: virtualinvoke $r1.<javax.net.ssl.SSLContext: void init(javax.net.ssl.KeyManager[],javax.net.ssl.TrustManager[],java.security.SecureRandom)>(varReplacer3358, varReplacer3358, varReplacer3358)

		RequiredPredicateError violating CrySL rule for javax.net.ssl.SSLContext
			Second parameter was not properly generated as generatedTrustManagers
			at statement: virtualinvoke $r1.<javax.net.ssl.SSLContext: void init(javax.net.ssl.KeyManager[],javax.net.ssl.TrustManager[],java.security.SecureRandom)>(varReplacer3358, varReplacer3358, varReplacer3358)


Findings in Java Class: us.shandian.giga.util.Utility

	 in Method: java.lang.String checksum(org.schabi.newpipe.streams.io.StoredFileHelper,java.lang.String)
		TypestateError violating CrySL rule for java.security.MessageDigest (on Object #e033144f07d771effbb746f637caa66b2d374a0df2fc29aab0c84b8a396e0628)
			Unexpected call to method <java.security.MessageDigest: byte[] digest()> on object of type java.security.MessageDigest. Expect a call to one of the following methods java.security.MessageDigest: void update(byte[],int,int),java.security.MessageDigest: void update(java.nio.ByteBuffer),java.security.MessageDigest: byte[] digest(byte[]),java.security.MessageDigest: void update(byte),java.security.MessageDigest: void update(byte[])
			at statement: $r5 = virtualinvoke $r3.<java.security.MessageDigest: byte[] digest()>()


Findings in Java Class: okhttp3.internal.platform.Platform

	 in Method: javax.net.ssl.SSLContext getSSLContext()
		ConstraintError violating CrySL rule for javax.net.ssl.SSLContext (on Object #eebb5a2a1094af46c6e8ba585d07ca95dad561f4badf511a0a5206ceb6a2acb6)
			First parameter (with value "TLS") should be any of {TLSv1.2, TLSv1.3}
			at statement: $r4 = staticinvoke <javax.net.ssl.SSLContext: javax.net.ssl.SSLContext getInstance(java.lang.String)>(varReplacer11513)


Findings in Java Class: okhttp3.internal.platform.AndroidPlatform

	 in Method: javax.net.ssl.SSLContext getSSLContext()
		ConstraintError violating CrySL rule for javax.net.ssl.SSLContext (on Object #97ad209ae40f8d5f1e5d1815a693c41869fd36366815673c9bdddd22f9a84293)
			First parameter (with value "TLS") should be any of {TLSv1.2, TLSv1.3}
			at statement: $r3 = staticinvoke <javax.net.ssl.SSLContext: javax.net.ssl.SSLContext getInstance(java.lang.String)>(varReplacer11515)


Findings in Java Class: okhttp3.internal.platform.ConscryptPlatform

	 in Method: javax.net.ssl.SSLContext getSSLContext()
		ConstraintError violating CrySL rule for javax.net.ssl.SSLContext (on Object #8a64d2fd8f85f113cc9bd0481e9a110f6352e92b0aa178d55650f02afb543ddd)
			First parameter (with value "TLS") should be any of {TLSv1.2, TLSv1.3}
			at statement: $r3 = staticinvoke <javax.net.ssl.SSLContext: javax.net.ssl.SSLContext getInstance(java.lang.String,java.security.Provider)>(varReplacer11518, $r2)


Findings in Java Class: org.mozilla.javascript.tools.shell.Main

	 in Method: byte[] getDigest(java.lang.Object)
		ConstraintError violating CrySL rule for java.security.MessageDigest (on Object #a2a04f66807790c99bd13ceaa3262486c11514fe418f9bc58190a4d7cb164e97)
			First parameter (with value "MD5") should be any of {SHA-256, SHA-384, SHA-512}
			at statement: $r4 = staticinvoke <java.security.MessageDigest: java.security.MessageDigest getInstance(java.lang.String)>(varReplacer21597)


Findings in Java Class: com.google.android.exoplayer2.upstream.crypto.AesCipherDataSource

	 in Method: long open(com.google.android.exoplayer2.upstream.DataSpec)
		IncompleteOperationError violating CrySL rule for javax.crypto.CipherInputStream (on Object #e899dee01d55d270e79a5441cb05f39cda46030c1ce70bb65798863cf7de103a)
			Operation on object of type javax.crypto.CipherInputStream object not completed. Expected call to read
			at statement: $l0 = interfaceinvoke $r3.<com.google.android.exoplayer2.upstream.DataSource: long open(com.google.android.exoplayer2.upstream.DataSpec)>($r1)


Findings in Java Class: com.google.android.exoplayer2.upstream.DataSourceInputStream

	 in Method: void checkOpened()
		IncompleteOperationError violating CrySL rule for javax.crypto.CipherInputStream (on Object #e899dee01d55d270e79a5441cb05f39cda46030c1ce70bb65798863cf7de103a)
			Operation on object of type javax.crypto.CipherInputStream object not completed. Expected call to read
			at statement: interfaceinvoke $r2.<com.google.android.exoplayer2.upstream.DataSource: long open(com.google.android.exoplayer2.upstream.DataSpec)>($r1)

		IncompleteOperationError violating CrySL rule for javax.crypto.Cipher (on Object #a01bdab18d00601e7d9d79016b816e5ff54d71fea6f971feb61e31838c6240fb)
			Operation on object of type javax.crypto.Cipher object not completed. Expected call to init
			at statement: interfaceinvoke $r2.<com.google.android.exoplayer2.upstream.DataSource: long open(com.google.android.exoplayer2.upstream.DataSpec)>($r1)


Findings in Java Class: com.google.android.exoplayer2.upstream.TeeDataSource

	 in Method: long open(com.google.android.exoplayer2.upstream.DataSpec)
		IncompleteOperationError violating CrySL rule for javax.crypto.Cipher (on Object #a01bdab18d00601e7d9d79016b816e5ff54d71fea6f971feb61e31838c6240fb)
			Operation on object of type javax.crypto.Cipher object not completed. Expected call to init
			at statement: interfaceinvoke $r3.<com.google.android.exoplayer2.upstream.DataSink: void open(com.google.android.exoplayer2.upstream.DataSpec)>($r1)


Findings in Java Class: com.google.android.exoplayer2.source.hls.Aes128DataSource

	 in Method: javax.crypto.Cipher getCipherInstance()
		ConstraintError violating CrySL rule for javax.crypto.Cipher (on Object #e8b04e83023ed9fbfca513f7149c791e082856b53f6f62cc5838ffad61953353)
			First parameter (with value "AES/CBC/PKCS7Padding") should be any of AES/CBC/{PKCS5Padding, ISO10126Padding}
			at statement: $r1 = staticinvoke <javax.crypto.Cipher: javax.crypto.Cipher getInstance(java.lang.String)>(varReplacer35009)


	 in Method: long open(com.google.android.exoplayer2.upstream.DataSpec)
		RequiredPredicateError violating CrySL rule for javax.crypto.spec.SecretKeySpec
			First parameter was not properly generated as preparedKeyMaterial
			at statement: specialinvoke $r3.<javax.crypto.spec.SecretKeySpec: void <init>(byte[],java.lang.String)>($r4, varReplacer27830)

		RequiredPredicateError violating CrySL rule for javax.crypto.Cipher
			Second parameter was not properly generated as generatedKey
			at statement: virtualinvoke $r1.<javax.crypto.Cipher: void init(int,java.security.Key,java.security.spec.AlgorithmParameterSpec)>(varReplacer27832, $r3, $r5)

		RequiredPredicateError violating CrySL rule for javax.crypto.spec.IvParameterSpec
			First parameter was not properly generated as randomized
			at statement: specialinvoke $r5.<javax.crypto.spec.IvParameterSpec: void <init>(byte[])>($r4)


Findings in Java Class: com.google.android.exoplayer2.upstream.cache.CachedContentIndex$LegacyStorage

	 in Method: boolean readFile(java.util.HashMap,android.util.SparseArray)
		IncompleteOperationError violating CrySL rule for javax.crypto.CipherInputStream (on Object #11475a025e41e25a0676f36d6f683f7f0992b68493547e3fe8eb17ae2bb7c8fe)
			Operation on object of type javax.crypto.CipherInputStream object not completed. Expected call to read
			at statement: specialinvoke $r10.<java.io.DataInputStream: void <init>(java.io.InputStream)>($r20)

		RequiredPredicateError violating CrySL rule for javax.crypto.spec.IvParameterSpec
			First parameter was not properly generated as randomized
			at statement: specialinvoke $r16.<javax.crypto.spec.IvParameterSpec: void <init>(byte[])>($r15)


	 in Method: void writeFile(java.util.HashMap)
		IncompleteOperationError violating CrySL rule for javax.crypto.CipherOutputStream (on Object #919c51f2bd19b9457d5bf9c2c9405d711ebbdabf4e0bbd308cef071c75ff011b)
			Operation on object of type javax.crypto.CipherOutputStream object not completed. Expected call to write
			at statement: specialinvoke $r2.<java.io.DataOutputStream: void <init>(java.io.OutputStream)>($r14)

		RequiredPredicateError violating CrySL rule for javax.crypto.spec.IvParameterSpec
			First parameter was not properly generated as randomized
			at statement: specialinvoke $r10.<javax.crypto.spec.IvParameterSpec: void <init>(byte[])>($r7)


	 in Method: void <init>(java.io.File,byte[],boolean)
		RequiredPredicateError violating CrySL rule for javax.crypto.spec.SecretKeySpec
			First parameter was not properly generated as preparedKeyMaterial
			at statement: specialinvoke $r5.<javax.crypto.spec.SecretKeySpec: void <init>(byte[],java.lang.String)>($r3, varReplacer57369)


Findings in Java Class: com.google.android.exoplayer2.source.rtsp.RtspAuthenticationInfo

	 in Method: java.lang.String getDigestAuthorizationHeaderValue(com.google.android.exoplayer2.source.rtsp.RtspMessageUtil$RtspAuthUserInfo,android.net.Uri,int)
		ConstraintError violating CrySL rule for java.security.MessageDigest (on Object #33090b7184de974ea796b7706d9d81d66901a3b7e477b3c29e3429822b0d81d2)
			First parameter (with value "MD5") should be any of {SHA-256, SHA-384, SHA-512}
			at statement: $r3 = staticinvoke <java.security.MessageDigest: java.security.MessageDigest getInstance(java.lang.String)>(varReplacer39536)


Findings in Java Class: org.schabi.newpipe.CheckForNewAppVersion

	 in Method: java.lang.String getCertificateSHA1Fingerprint(android.app.Application)
		IncompleteOperationError violating CrySL rule for java.security.cert.CertificateFactory (on Object #6d39dd987a149cba7cf3ef7f84fa111de05e58595728e1e29fa9cae0ee6762e5)
			Operation on object of type java.security.cert.CertificateFactory object not completed. Expected call to generateCRL
			at statement: $r9 = virtualinvoke $r8.<java.security.cert.CertificateFactory: java.security.cert.Certificate generateCertificate(java.io.InputStream)>($r7)

		ConstraintError violating CrySL rule for java.security.MessageDigest (on Object #194b5bab754dffb88cdc2a4214e2094dcbbfaf446ca43f343684f4c602418d20)
			First parameter (with value "SHA1") should be any of {SHA-256, SHA-384, SHA-512}
			at statement: $r11 = staticinvoke <java.security.MessageDigest: java.security.MessageDigest getInstance(java.lang.String)>(varReplacer60753)


Findings in Java Class: okhttp3.Cache$Entry

	 in Method: java.util.List readCertificateList(okio.BufferedSource)
		IncompleteOperationError violating CrySL rule for java.security.cert.CertificateFactory (on Object #98e068ad696e57be7c805e185e1cab6346d837f601a6904ac5f26f5c00d4437f)
			Operation on object of type java.security.cert.CertificateFactory object not completed. Expected call to generateCertificate, generateCertPath, generateCRL
			at statement: $r5 = staticinvoke <java.security.cert.CertificateFactory: java.security.cert.CertificateFactory getInstance(java.lang.String)>(varReplacer64020)

		TypestateError violating CrySL rule for java.security.cert.CertificateFactory (on Object #98e068ad696e57be7c805e185e1cab6346d837f601a6904ac5f26f5c00d4437f)
			Unexpected call to method generateCertificate on object of type java.security.cert.CertificateFactory. Expect a call to one of the following methods generateCRL
			at statement: $r9 = virtualinvoke $r5.<java.security.cert.CertificateFactory: java.security.cert.Certificate generateCertificate(java.io.InputStream)>($r8)

		IncompleteOperationError violating CrySL rule for java.security.cert.CertificateFactory (on Object #98e068ad696e57be7c805e185e1cab6346d837f601a6904ac5f26f5c00d4437f)
			Operation on object of type java.security.cert.CertificateFactory object not completed. Expected call to generateCertPath, generateCRL, java.security.cert.CertificateFactory: java.security.cert.Certificate generateCertificate(java.io.InputStream)
			at statement: $r9 = virtualinvoke $r5.<java.security.cert.CertificateFactory: java.security.cert.Certificate generateCertificate(java.io.InputStream)>($r8)


Findings in Java Class: okio.ByteString

	 in Method: okio.ByteString digest(java.lang.String)
		ConstraintError violating CrySL rule for java.security.MessageDigest (on Object #b336d574501b28a5bd90db22472c23a68acb0c1b99c4f14746fdc2a23c69a24e)
			First parameter (with value "SHA-1") should be any of {SHA-256, SHA-384, SHA-512}
			at statement: $r2 = staticinvoke <java.security.MessageDigest: java.security.MessageDigest getInstance(java.lang.String)>($r1)

		ConstraintError violating CrySL rule for java.security.MessageDigest (on Object #b336d574501b28a5bd90db22472c23a68acb0c1b99c4f14746fdc2a23c69a24e)
			First parameter (with value "MD5") should be any of {SHA-256, SHA-384, SHA-512}
			at statement: $r2 = staticinvoke <java.security.MessageDigest: java.security.MessageDigest getInstance(java.lang.String)>($r1)


Findings in Java Class: okhttp3.OkHttpClient

	 in Method: javax.net.ssl.SSLSocketFactory newSslSocketFactory(javax.net.ssl.X509TrustManager)
		RequiredPredicateError violating CrySL rule for javax.net.ssl.SSLContext
			Second parameter was not properly generated as generatedTrustManagers
			at statement: virtualinvoke $r2.<javax.net.ssl.SSLContext: void init(javax.net.ssl.KeyManager[],javax.net.ssl.TrustManager[],java.security.SecureRandom)>(varReplacer3706, $r7, varReplacer3706)

		RequiredPredicateError violating CrySL rule for javax.net.ssl.SSLContext
			Third parameter was not properly generated as randomized
			at statement: virtualinvoke $r2.<javax.net.ssl.SSLContext: void init(javax.net.ssl.KeyManager[],javax.net.ssl.TrustManager[],java.security.SecureRandom)>(varReplacer3706, $r7, varReplacer3706)

		RequiredPredicateError violating CrySL rule for javax.net.ssl.SSLContext
			First parameter was not properly generated as generatedKeyManagers
			at statement: virtualinvoke $r2.<javax.net.ssl.SSLContext: void init(javax.net.ssl.KeyManager[],javax.net.ssl.TrustManager[],java.security.SecureRandom)>(varReplacer3706, $r7, varReplacer3706)


Findings in Java Class: okhttp3.internal.Util

	 in Method: javax.net.ssl.X509TrustManager platformTrustManager()
		RequiredPredicateError violating CrySL rule for javax.net.ssl.TrustManagerFactory
			First parameter was not properly generated as generatedKeyStore
			at statement: virtualinvoke $r1.<javax.net.ssl.TrustManagerFactory: void init(java.security.KeyStore)>(varReplacer3711)


Findings in Java Class: com.google.android.exoplayer2.upstream.crypto.AesFlushingCipher

	 in Method: void <init>(int,byte[],long,long)
		RequiredPredicateError violating CrySL rule for javax.crypto.spec.SecretKeySpec
			First parameter was not properly generated as preparedKeyMaterial
			at statement: specialinvoke $r4.<javax.crypto.spec.SecretKeySpec: void <init>(byte[],java.lang.String)>($r1, $r5)

		RequiredPredicateError violating CrySL rule for javax.crypto.spec.IvParameterSpec
			First parameter was not properly generated as randomized
			at statement: specialinvoke $r7.<javax.crypto.spec.IvParameterSpec: void <init>(byte[])>($r1)


Findings in Java Class: org.schabi.newpipe.DownloaderImpl

	 in Method: void enableModernTLS(okhttp3.OkHttpClient$Builder)
		RequiredPredicateError violating CrySL rule for javax.net.ssl.TrustManagerFactory
			First parameter was not properly generated as generatedKeyStore
			at statement: virtualinvoke $r2.<javax.net.ssl.TrustManagerFactory: void init(java.security.KeyStore)>(varReplacer3631)


======================= CryptoAnalysis Summary ==========================
	Number of CrySL rules: 49
	Number of Objects Analyzed: 44

	CryptoAnalysis found the following violations. For details see description above.
	IncompleteOperationError: 9
	RequiredPredicateError: 16
	TypestateError: 2
	ConstraintError: 10
=====================================================================
