0    [main] WARN  pes.access.impl.DeclaredTypeFactory  - --- xtext.common.types ---------------------------------------------------
1    [main] WARN  pes.access.impl.DeclaredTypeFactory  - ASM library is too old. Falling back to java.lang.reflect API.
1    [main] WARN  pes.access.impl.DeclaredTypeFactory  - Please note that no information about compile time constants is available.
1    [main] WARN  pes.access.impl.DeclaredTypeFactory  - It's recommended to use org.objectweb.asm 9.1.0 or better (Maven group id: org.ow2.asm).
1    [main] WARN  pes.access.impl.DeclaredTypeFactory  - --------------------------------------------------------------------------
Ruleset: 
	java.security.cert.TrustAnchor
	javax.crypto.spec.GCMParameterSpec
	javax.xml.crypto.dsig.spec.HMACParameterSpec
	java.security.KeyPair
	java.security.DigestOutputStream
	javax.net.ssl.KeyStoreBuilderParameters
	javax.crypto.spec.OAEPParameterSpec
	javax.net.ssl.SSLContext
	javax.crypto.spec.DHGenParameterSpec
	javax.crypto.CipherOutputStream
	java.security.Key
	javax.crypto.SecretKeyFactory
	java.security.cert.PKIXBuilderParameters
	java.security.KeyFactory
	javax.crypto.spec.PBEKeySpec
	java.security.spec.DSAGenParameterSpec
	java.security.KeyPairGenerator
	javax.crypto.CipherInputStream
	javax.net.ssl.CertPathTrustManagerParameters
	java.security.cert.CertificateFactory
	java.security.SecureRandom
	java.security.spec.MGF1ParameterSpec
	javax.net.ssl.SSLEngine
	javax.crypto.spec.DHParameterSpec
	java.security.spec.DSAParameterSpec
	java.security.spec.ECParameterSpec
	java.security.spec.RSAKeyGenParameterSpec
	javax.crypto.spec.IvParameterSpec
	javax.crypto.Cipher
	javax.crypto.spec.PBEParameterSpec
	java.security.AlgorithmParameterGenerator
	java.security.spec.X509EncodedKeySpec
	javax.net.ssl.TrustManagerFactory
	java.security.DigestInputStream
	void
	javax.net.ssl.KeyManagerFactory
	java.security.cert.PKIXParameters
	java.net.PasswordAuthentication
	java.security.AlgorithmParameters
	javax.crypto.KeyAgreement
	javax.crypto.spec.SecretKeySpec
	javax.net.ssl.SSLParameters
	java.security.MessageDigest
	javax.crypto.SecretKey
	javax.crypto.KeyGenerator
	java.security.KeyStore
	javax.crypto.Mac
	java.security.spec.ECGenParameterSpec
	java.security.Signature

Analyzed Objects: 
	Object:
		Variable: $r9
		Type: java.security.MessageDigest
		Statement: $r9 = staticinvoke <java.security.MessageDigest: java.security.MessageDigest getInstance(java.lang.String)>($r1)
		Method: <com.koushikdutta.async.util.FileCache: java.security.MessageDigest findAlternativeMessageDigest()>
		SHA-256: 45964e6578434049656becd5c914251f16d5fec07f61ec15c8178153fe816097
		Secure: true
	Object:
		Variable: $r2
		Type: java.security.MessageDigest
		Statement: $r2 = staticinvoke <java.security.MessageDigest: java.security.MessageDigest getInstance(java.lang.String)>($r1)
		Method: <com.koushikdutta.async.util.FileCache: void <clinit>()>
		SHA-256: 466239e075e2ffac9a44a8a59087b745a9e24215991ade90ef4baa5d3412c45b
		Secure: true
	Object:
		Variable: $r2
		Type: java.security.MessageDigest
		Statement: $r2 = staticinvoke <java.security.MessageDigest: java.security.MessageDigest getInstance(java.lang.String)>(varReplacer4079)
		Method: <com.koushikdutta.async.http.WebSocketImpl: java.lang.String SHA1(java.lang.String)>
		SHA-256: 6e2826abedfb0944b7ca53d0884650e3743e8e0233ce6df5a92c6181a307db34
		Secure: false
	Object:
		Variable: $r2
		Type: byte[]
		Statement: $r2 = virtualinvoke $r7.<java.security.MessageDigest: byte[] digest(byte[])>($r2)
		Method: <com.koushikdutta.async.http.spdy.ByteString: java.lang.String toString()>
		SHA-256: 52fb1c75040b379806bed5a18fb989bc0ed5921d3f3d22be26b3e0a1bf56da01
		Secure: false
	Object:
		Variable: $r3
		Type: byte[]
		Statement: $r3 = virtualinvoke $r2.<java.security.MessageDigest: byte[] digest()>()
		Method: <com.koushikdutta.async.http.WebSocketImpl: java.lang.String SHA1(java.lang.String)>
		SHA-256: 52ad5c0a2fd912f55f5086f601c29a364a0adb0371f67b8c5ecd41c758b8a315
		Secure: false
	Object:
		Variable: $r7
		Type: javax.net.ssl.TrustManager[]
		Statement: $r7 = virtualinvoke $r9.<javax.net.ssl.TrustManagerFactory: javax.net.ssl.TrustManager[] getTrustManagers()>()
		Method: <com.koushikdutta.async.AsyncSSLSocketWrapper: void handleHandshakeStatus(javax.net.ssl.SSLEngineResult$HandshakeStatus)>
		SHA-256: dd11e2fd703c31f634e0472ba476eecf8aab8924cd8cd5528a8202645a54f09f
		Secure: false
	Object:
		Variable: $r0
		Type: javax.net.ssl.SSLContext
		Statement: $r0 = staticinvoke <javax.net.ssl.SSLContext: javax.net.ssl.SSLContext getInstance(java.lang.String)>(varReplacer2543)
		Method: <com.koushikdutta.async.AsyncSSLSocketWrapper: void <clinit>()>
		SHA-256: b62365417ea88ebf2a76004030aa282d8fc5ffbe4261b2ed39311daf003d8747
		Secure: false
	Object:
		Variable: $r0
		Type: javax.net.ssl.SSLContext
		Statement: $r0 = staticinvoke <javax.net.ssl.SSLContext: javax.net.ssl.SSLContext getInstance(java.lang.String)>(varReplacer2542)
		Method: <com.koushikdutta.async.AsyncSSLSocketWrapper: void <clinit>()>
		SHA-256: 9ef816fb4f4d46974daf636c71f0730cc8f79fddb7d62b0b69fb1f25cd271348
		Secure: false
	Object:
		Variable: $r9
		Type: javax.net.ssl.TrustManagerFactory
		Statement: $r9 = staticinvoke <javax.net.ssl.TrustManagerFactory: javax.net.ssl.TrustManagerFactory getInstance(java.lang.String)>($r8)
		Method: <com.koushikdutta.async.AsyncSSLSocketWrapper: void handleHandshakeStatus(javax.net.ssl.SSLEngineResult$HandshakeStatus)>
		SHA-256: b72117830b199d31917db8340e0d69a9fcd7413ee24e6970a1dc62ea1bb683cf
		Secure: false
	Object:
		Variable: $r7
		Type: java.security.MessageDigest
		Statement: $r7 = staticinvoke <java.security.MessageDigest: java.security.MessageDigest getInstance(java.lang.String)>(varReplacer1937)
		Method: <com.koushikdutta.async.http.spdy.ByteString: java.lang.String toString()>
		SHA-256: 1d758fcd359cc378da761ad21cf35da653f1c84d6a0aac9c862d55528aded83e
		Secure: false

Findings in Java Class: com.koushikdutta.async.http.spdy.ByteString

	 in Method: java.lang.String toString()
		ConstraintError violating CrySL rule for java.security.MessageDigest (on Object #1d758fcd359cc378da761ad21cf35da653f1c84d6a0aac9c862d55528aded83e)
			First parameter (with value "MD5") should be any of {SHA-256, SHA-384, SHA-512}
			at statement: $r7 = staticinvoke <java.security.MessageDigest: java.security.MessageDigest getInstance(java.lang.String)>(varReplacer1937)


Findings in Java Class: com.koushikdutta.async.AsyncSSLSocketWrapper

	 in Method: void <clinit>()
		ConstraintError violating CrySL rule for javax.net.ssl.SSLContext (on Object #9ef816fb4f4d46974daf636c71f0730cc8f79fddb7d62b0b69fb1f25cd271348)
			First parameter (with value "TLS") should be any of {TLSv1.2, TLSv1.3}
			at statement: $r0 = staticinvoke <javax.net.ssl.SSLContext: javax.net.ssl.SSLContext getInstance(java.lang.String)>(varReplacer2542)

		ConstraintError violating CrySL rule for javax.net.ssl.SSLContext (on Object #b62365417ea88ebf2a76004030aa282d8fc5ffbe4261b2ed39311daf003d8747)
			First parameter (with value "Default") should be any of {TLSv1.2, TLSv1.3}
			at statement: $r0 = staticinvoke <javax.net.ssl.SSLContext: javax.net.ssl.SSLContext getInstance(java.lang.String)>(varReplacer2543)


	 in Method: void handleHandshakeStatus(javax.net.ssl.SSLEngineResult$HandshakeStatus)
		RequiredPredicateError violating CrySL rule for javax.net.ssl.TrustManagerFactory
			First parameter was not properly generated as generatedKeyStore
			at statement: virtualinvoke $r9.<javax.net.ssl.TrustManagerFactory: void init(java.security.KeyStore)>(varReplacer4259)


Findings in Java Class: dummyMainClass

	 in Method: void dummyMainMethod(java.lang.String[])
		IncompleteOperationError violating CrySL rule for javax.net.ssl.SSLContext (on Object #b62365417ea88ebf2a76004030aa282d8fc5ffbe4261b2ed39311daf003d8747)
			Operation on object of type javax.net.ssl.SSLContext object not completed. Expected call to init
			at statement: return


Findings in Java Class: com.koushikdutta.async.http.WebSocketImpl

	 in Method: java.lang.String SHA1(java.lang.String)
		ConstraintError violating CrySL rule for java.security.MessageDigest (on Object #6e2826abedfb0944b7ca53d0884650e3743e8e0233ce6df5a92c6181a307db34)
			First parameter (with value "SHA-1") should be any of {SHA-256, SHA-384, SHA-512}
			at statement: $r2 = staticinvoke <java.security.MessageDigest: java.security.MessageDigest getInstance(java.lang.String)>(varReplacer4079)


Findings in Java Class: com.koushikdutta.async.util.FileCache

	 in Method: java.security.MessageDigest findAlternativeMessageDigest()
		IncompleteOperationError violating CrySL rule for java.security.MessageDigest (on Object #45964e6578434049656becd5c914251f16d5fec07f61ec15c8178153fe816097)
			Operation on object of type java.security.MessageDigest object not completed. Expected call to digest, update
			at statement: $r9 = staticinvoke <java.security.MessageDigest: java.security.MessageDigest getInstance(java.lang.String)>($r1)


	 in Method: void <clinit>()
		IncompleteOperationError violating CrySL rule for java.security.MessageDigest (on Object #45964e6578434049656becd5c914251f16d5fec07f61ec15c8178153fe816097)
			Operation on object of type java.security.MessageDigest object not completed. Expected call to digest, update
			at statement: $r2 = <com.koushikdutta.async.util.FileCache: java.security.MessageDigest messageDigest>


======================= CryptoAnalysis Summary ==========================
	Number of CrySL rules: 49
	Number of Objects Analyzed: 10

	CryptoAnalysis found the following violations. For details see description above.
	ConstraintError: 4
	RequiredPredicateError: 1
	IncompleteOperationError: 3
=====================================================================
