0    [main] WARN  pes.access.impl.DeclaredTypeFactory  - --- xtext.common.types ---------------------------------------------------
1    [main] WARN  pes.access.impl.DeclaredTypeFactory  - ASM library is too old. Falling back to java.lang.reflect API.
1    [main] WARN  pes.access.impl.DeclaredTypeFactory  - Please note that no information about compile time constants is available.
1    [main] WARN  pes.access.impl.DeclaredTypeFactory  - It's recommended to use org.objectweb.asm 9.1.0 or better (Maven group id: org.ow2.asm).
1    [main] WARN  pes.access.impl.DeclaredTypeFactory  - --------------------------------------------------------------------------
Ruleset: 
	java.security.cert.TrustAnchor
	javax.crypto.spec.GCMParameterSpec
	javax.xml.crypto.dsig.spec.HMACParameterSpec
	java.security.KeyPair
	java.security.DigestOutputStream
	javax.net.ssl.KeyStoreBuilderParameters
	javax.crypto.spec.OAEPParameterSpec
	javax.net.ssl.SSLContext
	javax.crypto.spec.DHGenParameterSpec
	javax.crypto.CipherOutputStream
	java.security.Key
	javax.crypto.SecretKeyFactory
	java.security.cert.PKIXBuilderParameters
	java.security.KeyFactory
	javax.crypto.spec.PBEKeySpec
	java.security.spec.DSAGenParameterSpec
	java.security.KeyPairGenerator
	javax.crypto.CipherInputStream
	javax.net.ssl.CertPathTrustManagerParameters
	java.security.cert.CertificateFactory
	java.security.SecureRandom
	java.security.spec.MGF1ParameterSpec
	javax.net.ssl.SSLEngine
	javax.crypto.spec.DHParameterSpec
	java.security.spec.DSAParameterSpec
	java.security.spec.ECParameterSpec
	java.security.spec.RSAKeyGenParameterSpec
	javax.crypto.spec.IvParameterSpec
	javax.crypto.Cipher
	javax.crypto.spec.PBEParameterSpec
	java.security.AlgorithmParameterGenerator
	java.security.spec.X509EncodedKeySpec
	javax.net.ssl.TrustManagerFactory
	java.security.DigestInputStream
	void
	javax.net.ssl.KeyManagerFactory
	java.security.cert.PKIXParameters
	java.net.PasswordAuthentication
	java.security.AlgorithmParameters
	javax.crypto.KeyAgreement
	javax.crypto.spec.SecretKeySpec
	javax.net.ssl.SSLParameters
	java.security.MessageDigest
	javax.crypto.SecretKey
	javax.crypto.KeyGenerator
	java.security.KeyStore
	javax.crypto.Mac
	java.security.spec.ECGenParameterSpec
	java.security.Signature

Analyzed Objects: 
	Object:
		Variable: $r6
		Type: javax.crypto.Cipher
		Statement: $r6 = staticinvoke <javax.crypto.Cipher: javax.crypto.Cipher getInstance(java.lang.String)>(varReplacer29482)
		Method: <cz.msebera.android.httpclient.impl.auth.NTLMEngineImpl: byte[] lmResponse(byte[],byte[])>
		SHA-256: 353d953e05ed3881e2f5e00d00e31e773250447c2060955ec40d611dd084f41d
		Secure: false
	Object:
		Variable: $r5
		Type: java.lang.Object[]
		Statement: $r5 = virtualinvoke $r4.<javax.net.ssl.TrustManagerFactory: javax.net.ssl.TrustManager[] getTrustManagers()>()
		Method: <cz.msebera.android.httpclient.conn.ssl.SSLContextBuilder: cz.msebera.android.httpclient.conn.ssl.SSLContextBuilder loadTrustMaterial(java.security.KeyStore,cz.msebera.android.httpclient.conn.ssl.TrustStrategy)>
		SHA-256: 463afec0c7ddab6a12b8064143e3df4e5bd10ed7f73a790eada526f82ead8f13
		Secure: true
	Object:
		Variable: $r24
		Type: byte[]
		Statement: $r24 = virtualinvoke $r25.<java.security.MessageDigest: byte[] digest(byte[])>($r24)
		Method: <cz.msebera.android.httpclient.impl.auth.DigestScheme: cz.msebera.android.httpclient.Header createDigestHeader(cz.msebera.android.httpclient.auth.Credentials,cz.msebera.android.httpclient.HttpRequest)>
		SHA-256: d6819f5a090592a9c309f7dee8c1d3060c928c197153632cc3c4595ac59ae53a
		Secure: false
	Object:
		Variable: $r0
		Type: java.security.MessageDigest
		Statement: $r0 = staticinvoke <java.security.MessageDigest: java.security.MessageDigest getInstance(java.lang.String)>(varReplacer29418)
		Method: <cz.msebera.android.httpclient.impl.auth.NTLMEngineImpl: java.security.MessageDigest getMD5()>
		SHA-256: 1ee356218238f56036765d51987ccabac522ef9db88005690257dc3656a67154
		Secure: false
	Object:
		Variable: $r2
		Type: javax.crypto.spec.SecretKeySpec
		Statement: specialinvoke $r2.<javax.crypto.spec.SecretKeySpec: void <init>(byte[],java.lang.String)>($r1, varReplacer29479)
		Method: <cz.msebera.android.httpclient.impl.auth.NTLMEngineImpl: java.security.Key createDESKey(byte[],int)>
		SHA-256: 191909f74b12d1770928ed87d8fd508a668907f1e7e052830f83b94fbc8f07b0
		Secure: false
	Object:
		Variable: $r3
		Type: byte[]
		Statement: $r3 = virtualinvoke $r2.<java.security.MessageDigest: byte[] digest()>()
		Method: <cz.msebera.android.httpclient.impl.auth.NTLMEngineImpl$HMACMD5: void <init>(byte[])>
		SHA-256: d5cf1f8de9a5f17cad5006e43f64e63b02f8f56706a9e139ea0baeb6f7532b60
		Secure: false
	Object:
		Variable: $r2
		Type: byte[]
		Statement: virtualinvoke $r1.<java.security.SecureRandom: void nextBytes(byte[])>($r2)
		Method: <cz.msebera.android.httpclient.impl.auth.DigestScheme: java.lang.String createCnonce()>
		SHA-256: bbd35c0b9cc04d0eef73b2ad76dd3b0c8a90eec8bc1cf0e85b5f6d07c31b38bf
		Secure: true
	Object:
		Variable: $r3
		Type: javax.crypto.Cipher
		Statement: $r3 = staticinvoke <javax.crypto.Cipher: javax.crypto.Cipher getInstance(java.lang.String)>(varReplacer29063)
		Method: <cz.msebera.android.httpclient.impl.auth.NTLMEngineImpl: byte[] RC4(byte[],byte[])>
		SHA-256: 5cad41072136ecacf3b941d90983e9e3bc6eaa9154540c08a659be3502262e01
		Secure: false
	Object:
		Variable: $r24
		Type: byte[]
		Statement: $r24 = virtualinvoke $r25.<java.security.MessageDigest: byte[] digest(byte[])>($r24)
		Method: <cz.msebera.android.httpclient.impl.auth.DigestScheme: cz.msebera.android.httpclient.Header createDigestHeader(cz.msebera.android.httpclient.auth.Credentials,cz.msebera.android.httpclient.HttpRequest)>
		SHA-256: d6819f5a090592a9c309f7dee8c1d3060c928c197153632cc3c4595ac59ae53a
		Secure: false
	Object:
		Variable: $r5
		Type: javax.crypto.Cipher
		Statement: $r5 = staticinvoke <javax.crypto.Cipher: javax.crypto.Cipher getInstance(java.lang.String)>(varReplacer29448)
		Method: <cz.msebera.android.httpclient.impl.auth.NTLMEngineImpl$CipherGen: byte[] getLanManagerSessionKey()>
		SHA-256: 54baa2757616d99ece584d79440e86a20b675f8bdbd120ed33ac16644a66abd
		Secure: false
	Object:
		Variable: varReplacer29479
		Type: java.lang.String
		Statement: specialinvoke $r2.<javax.crypto.spec.SecretKeySpec: void <init>(byte[],java.lang.String)>($r1, varReplacer29479)
		Method: <cz.msebera.android.httpclient.impl.auth.NTLMEngineImpl: java.security.Key createDESKey(byte[],int)>
		SHA-256: be0bfa6a736bab993d42b682fcc7ec5df2f88065235f8c647c5597bab4a78820
		Secure: false
	Object:
		Variable: $r24
		Type: byte[]
		Statement: $r24 = virtualinvoke $r16.<java.security.MessageDigest: byte[] digest(byte[])>($r24)
		Method: <cz.msebera.android.httpclient.impl.auth.DigestScheme: cz.msebera.android.httpclient.Header createDigestHeader(cz.msebera.android.httpclient.auth.Credentials,cz.msebera.android.httpclient.HttpRequest)>
		SHA-256: d36648b94075615d212b0236bc5cdfc92309766fe7b341b21d50caf50b71db90
		Secure: false
	Object:
		Variable: $r1
		Type: byte[]
		Statement: $r1 = virtualinvoke $r2.<java.security.MessageDigest: byte[] digest(byte[])>($r3)
		Method: <cz.msebera.android.httpclient.impl.auth.NTLMEngineImpl$HMACMD5: byte[] getOutput()>
		SHA-256: 3bcbf4d912455255294e9bee4d91f33f3fa55dd4a67dc970c48252366cf97c1f
		Secure: false
	Object:
		Variable: $r1
		Type: byte[]
		Statement: $r1 = virtualinvoke $r3.<java.security.MessageDigest: byte[] digest()>()
		Method: <cz.msebera.android.httpclient.impl.auth.NTLMEngineImpl: byte[] ntlm2SessionResponse(byte[],byte[],byte[])>
		SHA-256: 87142a8c4369ab14d23fa8690b807f0d900b1807831c8c0f8e6b4de4b8735e3b
		Secure: false
	Object:
		Variable: $r1
		Type: java.security.KeyStore
		Statement: $r1 = staticinvoke <java.security.KeyStore: java.security.KeyStore getInstance(java.lang.String)>($r0)
		Method: <com.loopj.android.http.MySSLSocketFactory: java.security.KeyStore getKeystore()>
		SHA-256: dcef7a7bfef72014085a819893da3ed2ca9574467701dd493dd2b162153c050d
		Secure: true
	Object:
		Variable: $r1
		Type: byte[]
		Statement: $r1 = virtualinvoke $r2.<java.security.MessageDigest: byte[] digest()>()
		Method: <cz.msebera.android.httpclient.impl.auth.HttpEntityDigester: void close()>
		SHA-256: 6e2f49082bf8a753b36c08d597efa7282d12c9a9b9a86cb704dfeec77e918e7c
		Secure: false
	Object:
		Variable: $r1
		Type: javax.net.ssl.SSLContext
		Statement: $r1 = staticinvoke <javax.net.ssl.SSLContext: javax.net.ssl.SSLContext getInstance(java.lang.String)>(varReplacer5653)
		Method: <com.loopj.android.http.MySSLSocketFactory: void <init>(java.security.KeyStore)>
		SHA-256: c4cda25a83d3a1c9dd85d071c45868445bbef4f525baeba86006ec7cab5be11c
		Secure: false
	Object:
		Variable: $r5
		Type: byte[]
		Statement: $r1 = virtualinvoke $r4.<java.security.MessageDigest: byte[] digest(byte[])>($r5)
		Method: <cz.msebera.android.httpclient.impl.auth.NTLMEngineImpl$Type3Message: byte[] addGssMicAvsToTargetInfo(byte[],java.security.cert.Certificate)>
		SHA-256: 7f633aab27c580a5c0fc6c5d05050debe1a3f35a224ea39fdf4f1240ed29d56
		Secure: false
	Object:
		Variable: $r4
		Type: java.security.MessageDigest
		Statement: $r4 = staticinvoke <java.security.MessageDigest: java.security.MessageDigest getInstance(java.lang.String)>($r3)
		Method: <cz.msebera.android.httpclient.impl.auth.DigestScheme: java.security.MessageDigest createMessageDigest(java.lang.String)>
		SHA-256: bafd683999767fa653a59f6561b5fb73a4ec80f20b87a366e3f277c0d9c77bd
		Secure: false
	Object:
		Variable: varReplacer29064
		Type: java.lang.String
		Statement: specialinvoke $r0.<javax.crypto.spec.SecretKeySpec: void <init>(byte[],java.lang.String)>($r2, varReplacer29064)
		Method: <cz.msebera.android.httpclient.impl.auth.NTLMEngineImpl: byte[] RC4(byte[],byte[])>
		SHA-256: 7af123d4dd6b1bdd0029a1c010dfc8cf34e9d21e5f45dfed4661ffb7fb2652ae
		Secure: false
	Object:
		Variable: $r0
		Type: javax.net.ssl.SSLContext
		Statement: $r0 = staticinvoke <javax.net.ssl.SSLContext: javax.net.ssl.SSLContext getInstance(java.lang.String)>(varReplacer2438)
		Method: <cz.msebera.android.httpclient.conn.ssl.SSLContexts: javax.net.ssl.SSLContext createDefault()>
		SHA-256: 482d8a4f70ae5afa58f9c4f30a40b2f7915d8567e2f7c398728195736886b78f
		Secure: false
	Object:
		Variable: $r1
		Type: byte[]
		Statement: $r1 = virtualinvoke $r4.<java.security.MessageDigest: byte[] digest(byte[])>($r1)
		Method: <cz.msebera.android.httpclient.impl.auth.NTLMEngineImpl$Type3Message: byte[] addGssMicAvsToTargetInfo(byte[],java.security.cert.Certificate)>
		SHA-256: 680c47ea8368fb5330a6512f392b4c24181a0f8e9f968ac96396d96fdc643e03
		Secure: true
	Object:
		Variable: $r3
		Type: java.security.SecureRandom
		Statement: $r3 = staticinvoke <java.security.SecureRandom: java.security.SecureRandom getInstance(java.lang.String)>(varReplacer26038)
		Method: <cz.msebera.android.httpclient.impl.auth.NTLMEngineImpl: void <clinit>()>
		SHA-256: 1a8b07aa61758ffbd6e9d45ef56671ced6d4f8726be313b7c95523233bcdd93a
		Secure: true
	Object:
		Variable: $r4
		Type: java.security.MessageDigest
		Statement: $r4 = staticinvoke <java.security.MessageDigest: java.security.MessageDigest getInstance(java.lang.String)>(varReplacer29427)
		Method: <cz.msebera.android.httpclient.impl.auth.NTLMEngineImpl$Type3Message: byte[] addGssMicAvsToTargetInfo(byte[],java.security.cert.Certificate)>
		SHA-256: bb13ff0216e9bf469cff4ad0ea04627d812cbfdc56e50bd01e619291a440f9d8
		Secure: true
	Object:
		Variable: $r1
		Type: java.security.SecureRandom
		Statement: specialinvoke $r1.<java.security.SecureRandom: void <init>()>()
		Method: <cz.msebera.android.httpclient.impl.auth.DigestScheme: java.lang.String createCnonce()>
		SHA-256: 51809b40f955da1fb4b3dcfeefebf59f1dd607b449e09656926351c68b1d5de6
		Secure: true
	Object:
		Variable: $r4
		Type: javax.net.ssl.TrustManagerFactory
		Statement: $r4 = staticinvoke <javax.net.ssl.TrustManagerFactory: javax.net.ssl.TrustManagerFactory getInstance(java.lang.String)>($r3)
		Method: <cz.msebera.android.httpclient.conn.ssl.SSLContextBuilder: cz.msebera.android.httpclient.conn.ssl.SSLContextBuilder loadTrustMaterial(java.security.KeyStore,cz.msebera.android.httpclient.conn.ssl.TrustStrategy)>
		SHA-256: b77e133780e27b7a4719f62065fe00ca2e6ad2d6c10325dee63b7da3f72090e
		Secure: true
	Object:
		Variable: $r7
		Type: java.net.PasswordAuthentication
		Statement: specialinvoke $r7.<java.net.PasswordAuthentication: void <init>(java.lang.String,char[])>($r4, $r8)
		Method: <cz.msebera.android.httpclient.impl.client.SystemDefaultCredentialsProvider: java.net.PasswordAuthentication getProxyCredentials(java.lang.String,cz.msebera.android.httpclient.auth.AuthScope)>
		SHA-256: 54269faa48899bf6e1a1c59e5fe7efd8baaaeb98c5de10c15ef29445a85aa752
		Secure: false
	Object:
		Variable: $r3
		Type: byte[]
		Statement: $r3 = virtualinvoke $r2.<java.security.MessageDigest: byte[] digest()>()
		Method: <cz.msebera.android.httpclient.impl.auth.NTLMEngineImpl$HMACMD5: byte[] getOutput()>
		SHA-256: 8dda2f10cd4911a51ea6f84d756034bbd2b170b00e8eb73d84894dc35d4275e0
		Secure: false
	Object:
		Variable: $r7
		Type: javax.crypto.Cipher
		Statement: $r7 = staticinvoke <javax.crypto.Cipher: javax.crypto.Cipher getInstance(java.lang.String)>(varReplacer29917)
		Method: <cz.msebera.android.httpclient.impl.auth.NTLMEngineImpl: byte[] lmHash(java.lang.String)>
		SHA-256: bb6db2c54fdd4f0a0ed31c8aa9822d351594217d21e92a154aac92ccbca932ce
		Secure: false
	Object:
		Variable: $r2
		Type: javax.net.ssl.SSLContext
		Statement: $r2 = staticinvoke <javax.net.ssl.SSLContext: javax.net.ssl.SSLContext getInstance(java.lang.String)>($r1)
		Method: <cz.msebera.android.httpclient.conn.ssl.SSLContextBuilder: javax.net.ssl.SSLContext build()>
		SHA-256: 1f15fdcda9b923b07ad2fb0fff591155d212c798860f8dee84a8c357e9a78696
		Secure: false
	Object:
		Variable: $r1
		Type: byte[]
		Statement: $r1 = virtualinvoke $r4.<java.security.MessageDigest: byte[] digest(byte[])>($r5)
		Method: <cz.msebera.android.httpclient.impl.auth.NTLMEngineImpl$Type3Message: byte[] addGssMicAvsToTargetInfo(byte[],java.security.cert.Certificate)>
		SHA-256: a96b5c4940720f614ff024bce557b32cb3bf119f3666a750be2184fd24f8a784
		Secure: false
	Object:
		Variable: $r24
		Type: byte[]
		Statement: $r24 = virtualinvoke $r25.<java.security.MessageDigest: byte[] digest(byte[])>($r24)
		Method: <cz.msebera.android.httpclient.impl.auth.DigestScheme: cz.msebera.android.httpclient.Header createDigestHeader(cz.msebera.android.httpclient.auth.Credentials,cz.msebera.android.httpclient.HttpRequest)>
		SHA-256: d6819f5a090592a9c309f7dee8c1d3060c928c197153632cc3c4595ac59ae53a
		Secure: false
	Object:
		Variable: $r0
		Type: javax.crypto.spec.SecretKeySpec
		Statement: specialinvoke $r0.<javax.crypto.spec.SecretKeySpec: void <init>(byte[],java.lang.String)>($r2, varReplacer29064)
		Method: <cz.msebera.android.httpclient.impl.auth.NTLMEngineImpl: byte[] RC4(byte[],byte[])>
		SHA-256: 1bb5dff34bb4b7433ae9327531e7e093d5302314de44b974c39845a76f285c5d
		Secure: false
	Object:
		Variable: $r5
		Type: javax.crypto.Cipher
		Statement: $r5 = staticinvoke <javax.crypto.Cipher: javax.crypto.Cipher getInstance(java.lang.String)>(varReplacer29449)
		Method: <cz.msebera.android.httpclient.impl.auth.NTLMEngineImpl$CipherGen: byte[] getLanManagerSessionKey()>
		SHA-256: 20b6f500a494f0e27e62afb1a1b5185bf158126367a76fff42a5c26e97b36607
		Secure: false
	Object:
		Variable: $r3
		Type: byte[]
		Statement: $r1 = virtualinvoke $r2.<java.security.MessageDigest: byte[] digest(byte[])>($r3)
		Method: <cz.msebera.android.httpclient.impl.auth.NTLMEngineImpl$HMACMD5: byte[] getOutput()>
		SHA-256: f6730166425cdde60c0ca0f7f01862a2b9705ad5b213be5cd1a19bc89976254d
		Secure: false

Findings in Java Class: cz.msebera.android.httpclient.conn.ssl.SSLContexts

	 in Method: javax.net.ssl.SSLContext createDefault()
		RequiredPredicateError violating CrySL rule for javax.net.ssl.SSLContext
			First parameter was not properly generated as generatedKeyManagers
			at statement: virtualinvoke $r0.<javax.net.ssl.SSLContext: void init(javax.net.ssl.KeyManager[],javax.net.ssl.TrustManager[],java.security.SecureRandom)>(varReplacer2435, varReplacer2435, varReplacer2435)

		ConstraintError violating CrySL rule for javax.net.ssl.SSLContext (on Object #482d8a4f70ae5afa58f9c4f30a40b2f7915d8567e2f7c398728195736886b78f)
			First parameter (with value "TLS") should be any of {TLSv1.2, TLSv1.3}
			at statement: $r0 = staticinvoke <javax.net.ssl.SSLContext: javax.net.ssl.SSLContext getInstance(java.lang.String)>(varReplacer2438)

		RequiredPredicateError violating CrySL rule for javax.net.ssl.SSLContext
			Third parameter was not properly generated as randomized
			at statement: virtualinvoke $r0.<javax.net.ssl.SSLContext: void init(javax.net.ssl.KeyManager[],javax.net.ssl.TrustManager[],java.security.SecureRandom)>(varReplacer2435, varReplacer2435, varReplacer2435)

		RequiredPredicateError violating CrySL rule for javax.net.ssl.SSLContext
			Second parameter was not properly generated as generatedTrustManagers
			at statement: virtualinvoke $r0.<javax.net.ssl.SSLContext: void init(javax.net.ssl.KeyManager[],javax.net.ssl.TrustManager[],java.security.SecureRandom)>(varReplacer2435, varReplacer2435, varReplacer2435)


Findings in Java Class: com.loopj.android.http.MySSLSocketFactory

	 in Method: void <init>(java.security.KeyStore)
		RequiredPredicateError violating CrySL rule for javax.net.ssl.SSLContext
			Second parameter was not properly generated as generatedTrustManagers
			at statement: virtualinvoke $r1.<javax.net.ssl.SSLContext: void init(javax.net.ssl.KeyManager[],javax.net.ssl.TrustManager[],java.security.SecureRandom)>(varReplacer5651, $r5, varReplacer5651)

		ConstraintError violating CrySL rule for javax.net.ssl.SSLContext (on Object #c4cda25a83d3a1c9dd85d071c45868445bbef4f525baeba86006ec7cab5be11c)
			First parameter (with value "TLS") should be any of {TLSv1.2, TLSv1.3}
			at statement: $r1 = staticinvoke <javax.net.ssl.SSLContext: javax.net.ssl.SSLContext getInstance(java.lang.String)>(varReplacer5653)

		RequiredPredicateError violating CrySL rule for javax.net.ssl.SSLContext
			Third parameter was not properly generated as randomized
			at statement: virtualinvoke $r1.<javax.net.ssl.SSLContext: void init(javax.net.ssl.KeyManager[],javax.net.ssl.TrustManager[],java.security.SecureRandom)>(varReplacer5651, $r5, varReplacer5651)

		RequiredPredicateError violating CrySL rule for javax.net.ssl.SSLContext
			First parameter was not properly generated as generatedKeyManagers
			at statement: virtualinvoke $r1.<javax.net.ssl.SSLContext: void init(javax.net.ssl.KeyManager[],javax.net.ssl.TrustManager[],java.security.SecureRandom)>(varReplacer5651, $r5, varReplacer5651)


Findings in Java Class: cz.msebera.android.httpclient.conn.ssl.SSLContextBuilder

	 in Method: javax.net.ssl.SSLContext build()
		ConstraintError violating CrySL rule for javax.net.ssl.SSLContext (on Object #1f15fdcda9b923b07ad2fb0fff591155d212c798860f8dee84a8c357e9a78696)
			First parameter (with value "TLS") should be any of {TLSv1.2, TLSv1.3}
			at statement: $r2 = staticinvoke <javax.net.ssl.SSLContext: javax.net.ssl.SSLContext getInstance(java.lang.String)>($r1)

		RequiredPredicateError violating CrySL rule for javax.net.ssl.SSLContext
			Third parameter was not properly generated as randomized
			at statement: virtualinvoke $r2.<javax.net.ssl.SSLContext: void init(javax.net.ssl.KeyManager[],javax.net.ssl.TrustManager[],java.security.SecureRandom)>($r5, $r4, $r7)

		RequiredPredicateError violating CrySL rule for javax.net.ssl.SSLContext
			First parameter was not properly generated as generatedKeyManagers
			at statement: virtualinvoke $r2.<javax.net.ssl.SSLContext: void init(javax.net.ssl.KeyManager[],javax.net.ssl.TrustManager[],java.security.SecureRandom)>($r5, $r4, $r7)

		RequiredPredicateError violating CrySL rule for javax.net.ssl.SSLContext
			Second parameter was not properly generated as generatedTrustManagers
			at statement: virtualinvoke $r2.<javax.net.ssl.SSLContext: void init(javax.net.ssl.KeyManager[],javax.net.ssl.TrustManager[],java.security.SecureRandom)>($r5, $r4, $r7)


Findings in Java Class: cz.msebera.android.httpclient.impl.client.SystemDefaultCredentialsProvider

	 in Method: java.net.PasswordAuthentication getProxyCredentials(java.lang.String,cz.msebera.android.httpclient.auth.AuthScope)
		NeverTypeOfError violating CrySL rule for java.net.PasswordAuthentication (on Object #54269faa48899bf6e1a1c59e5fe7efd8baaaeb98c5de10c15ef29445a85aa752)
			Second parameter should never be of type java.lang.String.
			at statement: specialinvoke $r7.<java.net.PasswordAuthentication: void <init>(java.lang.String,char[])>($r4, $r8)

		HardCodedError violating CrySL rule for java.net.PasswordAuthentication (on Object #54269faa48899bf6e1a1c59e5fe7efd8baaaeb98c5de10c15ef29445a85aa752)
			Second parameter should never be hardcoded.
			at statement: specialinvoke $r7.<java.net.PasswordAuthentication: void <init>(java.lang.String,char[])>($r4, $r8)

		NeverTypeOfError violating CrySL rule for java.net.PasswordAuthentication (on Object #54269faa48899bf6e1a1c59e5fe7efd8baaaeb98c5de10c15ef29445a85aa752)
			Second parameter should never be of type java.lang.String.
			at statement: specialinvoke $r7.<java.net.PasswordAuthentication: void <init>(java.lang.String,char[])>($r4, $r8)

		HardCodedError violating CrySL rule for java.net.PasswordAuthentication (on Object #54269faa48899bf6e1a1c59e5fe7efd8baaaeb98c5de10c15ef29445a85aa752)
			Second parameter should never be hardcoded.
			at statement: specialinvoke $r7.<java.net.PasswordAuthentication: void <init>(java.lang.String,char[])>($r4, $r8)


Findings in Java Class: cz.msebera.android.httpclient.impl.auth.DigestScheme

	 in Method: java.security.MessageDigest createMessageDigest(java.lang.String)
		ConstraintError violating CrySL rule for java.security.MessageDigest (on Object #bafd683999767fa653a59f6561b5fb73a4ec80f20b87a366e3f277c0d9c77bd)
			First parameter (with value "MD5") should be any of {SHA-256, SHA-384, SHA-512}
			at statement: $r4 = staticinvoke <java.security.MessageDigest: java.security.MessageDigest getInstance(java.lang.String)>($r3)


Findings in Java Class: cz.msebera.android.httpclient.impl.auth.HttpEntityDigester

	 in Method: void write(byte[],int,int)
		ConstraintError violating CrySL rule for java.security.MessageDigest (on Object #bafd683999767fa653a59f6561b5fb73a4ec80f20b87a366e3f277c0d9c77bd)
			Third parameter (with value 0)Variable preLenmust be  greater than 0
			at statement: virtualinvoke $r2.<java.security.MessageDigest: void update(byte[],int,int)>($r1, $i1, $i0)


	 in Method: void close()
		TypestateError violating CrySL rule for java.security.MessageDigest (on Object #bafd683999767fa653a59f6561b5fb73a4ec80f20b87a366e3f277c0d9c77bd)
			Unexpected call to method <java.security.MessageDigest: byte[] digest()> on object of type java.security.MessageDigest. Expect a call to one of the following methods java.security.MessageDigest: void update(byte[],int,int),java.security.MessageDigest: void update(java.nio.ByteBuffer),java.security.MessageDigest: byte[] digest(byte[]),java.security.MessageDigest: void update(byte[]),java.security.MessageDigest: void update(byte)
			at statement: $r1 = virtualinvoke $r2.<java.security.MessageDigest: byte[] digest()>()


Findings in Java Class: com.loopj.android.http.Base64OutputStream

	 in Method: void internalWrite(byte[],int,int,boolean)
		IncompleteOperationError violating CrySL rule for java.security.MessageDigest (on Object #bafd683999767fa653a59f6561b5fb73a4ec80f20b87a366e3f277c0d9c77bd)
			Operation on object of type java.security.MessageDigest object not completed. Expected call to digest
			at statement: $r3 = specialinvoke r0.<com.loopj.android.http.Base64OutputStream: byte[] embiggen(byte[],int)>($r3, $i2)


	 in Method: void close()
		IncompleteOperationError violating CrySL rule for java.security.MessageDigest (on Object #bafd683999767fa653a59f6561b5fb73a4ec80f20b87a366e3f277c0d9c77bd)
			Operation on object of type java.security.MessageDigest object not completed. Expected call to digest
			at statement: specialinvoke r0.<com.loopj.android.http.Base64OutputStream: void internalWrite(byte[],int,int,boolean)>($r1, varReplacer11882, varReplacer11882, varReplacer11884)


Findings in Java Class: com.loopj.android.http.JsonStreamerEntity

	 in Method: void writeTo(java.io.OutputStream)
		IncompleteOperationError violating CrySL rule for java.security.MessageDigest (on Object #bafd683999767fa653a59f6561b5fb73a4ec80f20b87a366e3f277c0d9c77bd)
			Operation on object of type java.security.MessageDigest object not completed. Expected call to digest
			at statement: virtualinvoke $r20.<java.io.OutputStream: void write(int)>(varReplacer14214)


Findings in Java Class: cz.msebera.android.httpclient.impl.auth.NTLMEngineImpl

	 in Method: byte[] RC4(byte[],byte[])
		RequiredPredicateError violating CrySL rule for javax.crypto.Cipher
			Second parameter was not properly generated as generatedKey
			at statement: virtualinvoke $r3.<javax.crypto.Cipher: void init(int,java.security.Key)>(varReplacer29062, $r0)

		TypestateError violating CrySL rule for javax.crypto.Cipher (on Object #5cad41072136ecacf3b941d90983e9e3bc6eaa9154540c08a659be3502262e01)
			Unexpected call to method doFinal on object of type javax.crypto.Cipher. Expect a call to one of the following methods init,updateAAD
			at statement: $r1 = virtualinvoke $r3.<javax.crypto.Cipher: byte[] doFinal(byte[])>($r1)

		ConstraintError violating CrySL rule for javax.crypto.spec.SecretKeySpec (on Object #1bb5dff34bb4b7433ae9327531e7e093d5302314de44b974c39845a76f285c5d)
			Second parameter (with value "RC4") should be any of {AES, HmacSHA256, HmacSHA384, HmacSHA512}
			at statement: specialinvoke $r0.<javax.crypto.spec.SecretKeySpec: void <init>(byte[],java.lang.String)>($r2, varReplacer29064)

		NeverTypeOfError violating CrySL rule for javax.crypto.spec.SecretKeySpec (on Object #1bb5dff34bb4b7433ae9327531e7e093d5302314de44b974c39845a76f285c5d)
			First parameter should never be of type java.lang.String.
			at statement: specialinvoke $r0.<javax.crypto.spec.SecretKeySpec: void <init>(byte[],java.lang.String)>($r2, varReplacer29064)

		RequiredPredicateError violating CrySL rule for javax.crypto.spec.SecretKeySpec
			First parameter was not properly generated as preparedKeyMaterial
			at statement: specialinvoke $r0.<javax.crypto.spec.SecretKeySpec: void <init>(byte[],java.lang.String)>($r2, varReplacer29064)

		NeverTypeOfError violating CrySL rule for javax.crypto.spec.SecretKeySpec (on Object #1bb5dff34bb4b7433ae9327531e7e093d5302314de44b974c39845a76f285c5d)
			First parameter should never be of type java.lang.String.
			at statement: specialinvoke $r0.<javax.crypto.spec.SecretKeySpec: void <init>(byte[],java.lang.String)>($r2, varReplacer29064)

		NeverTypeOfError violating CrySL rule for javax.crypto.spec.SecretKeySpec (on Object #1bb5dff34bb4b7433ae9327531e7e093d5302314de44b974c39845a76f285c5d)
			First parameter should never be of type java.lang.String.
			at statement: specialinvoke $r0.<javax.crypto.spec.SecretKeySpec: void <init>(byte[],java.lang.String)>($r2, varReplacer29064)

		NeverTypeOfError violating CrySL rule for javax.crypto.spec.SecretKeySpec (on Object #1bb5dff34bb4b7433ae9327531e7e093d5302314de44b974c39845a76f285c5d)
			First parameter should never be of type java.lang.String.
			at statement: specialinvoke $r0.<javax.crypto.spec.SecretKeySpec: void <init>(byte[],java.lang.String)>($r2, varReplacer29064)

		ConstraintError violating CrySL rule for javax.crypto.Cipher (on Object #5cad41072136ecacf3b941d90983e9e3bc6eaa9154540c08a659be3502262e01)
			First parameter (with value "RC4") should be any of {AES, PBEWithHmacSHA224AndAES_128, PBEWithHmacSHA256AndAES_128, PBEWithHmacSHA384AndAES_128, PBEWithHmacSHA512AndAES_128, PBEWithHmacSHA224AndAES_256, PBEWithHmacSHA256AndAES_256, PBEWithHmacSHA384AndAES_256, PBEWithHmacSHA512AndAES_256}
			at statement: $r3 = staticinvoke <javax.crypto.Cipher: javax.crypto.Cipher getInstance(java.lang.String)>(varReplacer29063)


	 in Method: java.security.MessageDigest getMD5()
		ConstraintError violating CrySL rule for java.security.MessageDigest (on Object #1ee356218238f56036765d51987ccabac522ef9db88005690257dc3656a67154)
			First parameter (with value "MD5") should be any of {SHA-256, SHA-384, SHA-512}
			at statement: $r0 = staticinvoke <java.security.MessageDigest: java.security.MessageDigest getInstance(java.lang.String)>(varReplacer29418)


	 in Method: java.security.Key createDESKey(byte[],int)
		ConstraintError violating CrySL rule for javax.crypto.spec.SecretKeySpec (on Object #191909f74b12d1770928ed87d8fd508a668907f1e7e052830f83b94fbc8f07b0)
			Second parameter (with value "DES") should be any of {AES, HmacSHA256, HmacSHA384, HmacSHA512}
			at statement: specialinvoke $r2.<javax.crypto.spec.SecretKeySpec: void <init>(byte[],java.lang.String)>($r1, varReplacer29479)

		RequiredPredicateError violating CrySL rule for javax.crypto.spec.SecretKeySpec
			First parameter was not properly generated as preparedKeyMaterial
			at statement: specialinvoke $r2.<javax.crypto.spec.SecretKeySpec: void <init>(byte[],java.lang.String)>($r1, varReplacer29479)


	 in Method: byte[] lmResponse(byte[],byte[])
		ConstraintError violating CrySL rule for javax.crypto.Cipher (on Object #353d953e05ed3881e2f5e00d00e31e773250447c2060955ec40d611dd084f41d)
			First parameter (with value "DES/ECB/NoPadding") should be any of {AES, PBEWithHmacSHA224AndAES_128, PBEWithHmacSHA256AndAES_128, PBEWithHmacSHA384AndAES_128, PBEWithHmacSHA512AndAES_128, PBEWithHmacSHA224AndAES_256, PBEWithHmacSHA256AndAES_256, PBEWithHmacSHA384AndAES_256, PBEWithHmacSHA512AndAES_256}
			at statement: $r6 = staticinvoke <javax.crypto.Cipher: javax.crypto.Cipher getInstance(java.lang.String)>(varReplacer29482)

		RequiredPredicateError violating CrySL rule for javax.crypto.Cipher
			Second parameter was not properly generated as generatedKey
			at statement: virtualinvoke $r6.<javax.crypto.Cipher: void init(int,java.security.Key)>(varReplacer29492, $r4)

		TypestateError violating CrySL rule for javax.crypto.Cipher (on Object #353d953e05ed3881e2f5e00d00e31e773250447c2060955ec40d611dd084f41d)
			Unexpected call to method doFinal on object of type javax.crypto.Cipher. Expect a call to one of the following methods init,updateAAD
			at statement: $r0 = virtualinvoke $r6.<javax.crypto.Cipher: byte[] doFinal(byte[])>($r1)


	 in Method: byte[] lmHash(java.lang.String)
		RequiredPredicateError violating CrySL rule for javax.crypto.Cipher
			Second parameter was not properly generated as generatedKey
			at statement: virtualinvoke $r7.<javax.crypto.Cipher: void init(int,java.security.Key)>(varReplacer29904, $r5)

		TypestateError violating CrySL rule for javax.crypto.Cipher (on Object #bb6db2c54fdd4f0a0ed31c8aa9822d351594217d21e92a154aac92ccbca932ce)
			Unexpected call to method doFinal on object of type javax.crypto.Cipher. Expect a call to one of the following methods init,updateAAD
			at statement: $r3 = virtualinvoke $r7.<javax.crypto.Cipher: byte[] doFinal(byte[])>($r4)

		ConstraintError violating CrySL rule for javax.crypto.Cipher (on Object #bb6db2c54fdd4f0a0ed31c8aa9822d351594217d21e92a154aac92ccbca932ce)
			First parameter (with value "DES/ECB/NoPadding") should be any of {AES, PBEWithHmacSHA224AndAES_128, PBEWithHmacSHA256AndAES_128, PBEWithHmacSHA384AndAES_128, PBEWithHmacSHA512AndAES_128, PBEWithHmacSHA224AndAES_256, PBEWithHmacSHA256AndAES_256, PBEWithHmacSHA384AndAES_256, PBEWithHmacSHA512AndAES_256}
			at statement: $r7 = staticinvoke <javax.crypto.Cipher: javax.crypto.Cipher getInstance(java.lang.String)>(varReplacer29917)


Findings in Java Class: cz.msebera.android.httpclient.impl.auth.NTLMEngineImpl$CipherGen

	 in Method: byte[] getLanManagerSessionKey()
		ConstraintError violating CrySL rule for javax.crypto.Cipher (on Object #54baa2757616d99ece584d79440e86a20b675f8bdbd120ed33ac16644a66abd)
			First parameter (with value "DES/ECB/NoPadding") should be any of {AES, PBEWithHmacSHA224AndAES_128, PBEWithHmacSHA256AndAES_128, PBEWithHmacSHA384AndAES_128, PBEWithHmacSHA512AndAES_128, PBEWithHmacSHA224AndAES_256, PBEWithHmacSHA256AndAES_256, PBEWithHmacSHA384AndAES_256, PBEWithHmacSHA512AndAES_256}
			at statement: $r5 = staticinvoke <javax.crypto.Cipher: javax.crypto.Cipher getInstance(java.lang.String)>(varReplacer29448)

		RequiredPredicateError violating CrySL rule for javax.crypto.Cipher
			Second parameter was not properly generated as generatedKey
			at statement: virtualinvoke $r5.<javax.crypto.Cipher: void init(int,java.security.Key)>(varReplacer29441, $r4)

		TypestateError violating CrySL rule for javax.crypto.Cipher (on Object #54baa2757616d99ece584d79440e86a20b675f8bdbd120ed33ac16644a66abd)
			Unexpected call to method doFinal on object of type javax.crypto.Cipher. Expect a call to one of the following methods init,updateAAD
			at statement: $r2 = virtualinvoke $r5.<javax.crypto.Cipher: byte[] doFinal(byte[])>($r2)

		TypestateError violating CrySL rule for javax.crypto.Cipher (on Object #20b6f500a494f0e27e62afb1a1b5185bf158126367a76fff42a5c26e97b36607)
			Unexpected call to method doFinal on object of type javax.crypto.Cipher. Expect a call to one of the following methods init,updateAAD
			at statement: $r1 = virtualinvoke $r5.<javax.crypto.Cipher: byte[] doFinal(byte[])>($r2)


======================= CryptoAnalysis Summary ==========================
	Number of CrySL rules: 49
	Number of Objects Analyzed: 35

	CryptoAnalysis found the following violations. For details see description above.
	HardCodedError: 2
	TypestateError: 6
	ConstraintError: 12
	RequiredPredicateError: 15
	IncompleteOperationError: 3
	NeverTypeOfError: 6
=====================================================================
