0    [main] WARN  pes.access.impl.DeclaredTypeFactory  - --- xtext.common.types ---------------------------------------------------
1    [main] WARN  pes.access.impl.DeclaredTypeFactory  - ASM library is too old. Falling back to java.lang.reflect API.
1    [main] WARN  pes.access.impl.DeclaredTypeFactory  - Please note that no information about compile time constants is available.
1    [main] WARN  pes.access.impl.DeclaredTypeFactory  - It's recommended to use org.objectweb.asm 9.1.0 or better (Maven group id: org.ow2.asm).
1    [main] WARN  pes.access.impl.DeclaredTypeFactory  - --------------------------------------------------------------------------
Ruleset: 
	java.security.cert.TrustAnchor
	javax.crypto.spec.GCMParameterSpec
	javax.xml.crypto.dsig.spec.HMACParameterSpec
	java.security.KeyPair
	java.security.DigestOutputStream
	javax.net.ssl.KeyStoreBuilderParameters
	javax.crypto.spec.OAEPParameterSpec
	javax.net.ssl.SSLContext
	javax.crypto.spec.DHGenParameterSpec
	javax.crypto.CipherOutputStream
	java.security.Key
	javax.crypto.SecretKeyFactory
	java.security.cert.PKIXBuilderParameters
	java.security.KeyFactory
	javax.crypto.spec.PBEKeySpec
	java.security.spec.DSAGenParameterSpec
	java.security.KeyPairGenerator
	javax.crypto.CipherInputStream
	javax.net.ssl.CertPathTrustManagerParameters
	java.security.cert.CertificateFactory
	java.security.SecureRandom
	java.security.spec.MGF1ParameterSpec
	javax.net.ssl.SSLEngine
	javax.crypto.spec.DHParameterSpec
	java.security.spec.DSAParameterSpec
	java.security.spec.ECParameterSpec
	java.security.spec.RSAKeyGenParameterSpec
	javax.crypto.spec.IvParameterSpec
	javax.crypto.Cipher
	javax.crypto.spec.PBEParameterSpec
	java.security.AlgorithmParameterGenerator
	java.security.spec.X509EncodedKeySpec
	javax.net.ssl.TrustManagerFactory
	java.security.DigestInputStream
	void
	javax.net.ssl.KeyManagerFactory
	java.security.cert.PKIXParameters
	java.net.PasswordAuthentication
	java.security.AlgorithmParameters
	javax.crypto.KeyAgreement
	javax.crypto.spec.SecretKeySpec
	javax.net.ssl.SSLParameters
	java.security.MessageDigest
	javax.crypto.SecretKey
	javax.crypto.KeyGenerator
	java.security.KeyStore
	javax.crypto.Mac
	java.security.spec.ECGenParameterSpec
	java.security.Signature

Analyzed Objects: 
	Object:
		Variable: $r3
		Type: byte[]
		Statement: $r3 = virtualinvoke $r2.<java.security.MessageDigest: byte[] digest(byte[])>($r3)
		Method: <okio.ByteString: okio.ByteString digest(java.lang.String)>
		SHA-256: a79a1700ae9d8d44f13ea218f751e7024f8f1222b1b2ae17cdbab7b56d352181
		Secure: false
	Object:
		Variable: $r12
		Type: javax.crypto.CipherOutputStream
		Statement: specialinvoke $r12.<javax.crypto.CipherOutputStream: void <init>(java.io.OutputStream,javax.crypto.Cipher)>($r5, $r10)
		Method: <com.google.android.exoplayer2.upstream.cache.CachedContentIndex$LegacyStorage: void writeFile(java.util.HashMap)>
		SHA-256: d25fda46376f2e332f56ea026ae45706bde4c3a80699c95ac5175b26870d5614
		Secure: false
	Object:
		Variable: varReplacer16718
		Type: java.lang.String
		Statement: specialinvoke $r3.<javax.crypto.spec.SecretKeySpec: void <init>(byte[],java.lang.String)>($r4, varReplacer16718)
		Method: <com.google.android.exoplayer2.source.hls.Aes128DataSource: long open(com.google.android.exoplayer2.upstream.DataSpec)>
		SHA-256: b054d6f65aedf026e13d886e0618be983966fddeaed34cb3f6301884415c5a1a
		Secure: false
	Object:
		Variable: $r5
		Type: byte[]
		Statement: $r5 = virtualinvoke $r3.<java.security.MessageDigest: byte[] digest()>()
		Method: <us.shandian.giga.util.Utility: java.lang.String checksum(us.shandian.giga.io.StoredFileHelper,java.lang.String)>
		SHA-256: 44ad52f3e9eaf58c9cfbdeceb794dbb108412eaf1a4a2371a5ab75e0312e043c
		Secure: false
	Object:
		Variable: $r5
		Type: javax.crypto.spec.IvParameterSpec
		Statement: specialinvoke $r5.<javax.crypto.spec.IvParameterSpec: void <init>(byte[])>($r4)
		Method: <com.google.android.exoplayer2.source.hls.Aes128DataSource: long open(com.google.android.exoplayer2.upstream.DataSpec)>
		SHA-256: 74efd2ca2013e34a93725a12b2428b082241b229a3b9c59222ec28d5225e0d5
		Secure: false
	Object:
		Variable: $r4
		Type: java.security.MessageDigest
		Statement: $r4 = staticinvoke <java.security.MessageDigest: java.security.MessageDigest getInstance(java.lang.String)>(varReplacer19310)
		Method: <org.mozilla.javascript.tools.shell.Main: byte[] getDigest(java.lang.Object)>
		SHA-256: 828b649ea361185188279352c0eb10bb07933bc3667746feef354e57fc6c538c
		Secure: false
	Object:
		Variable: $r3
		Type: javax.net.ssl.SSLContext
		Statement: $r3 = staticinvoke <javax.net.ssl.SSLContext: javax.net.ssl.SSLContext getInstance(java.lang.String,java.security.Provider)>(varReplacer24585, $r2)
		Method: <okhttp3.internal.platform.ConscryptPlatform: javax.net.ssl.SSLContext getSSLContext()>
		SHA-256: ff893199d78917ccb7ba4c4885b397a87ca3e733275268d03ec769b3d5c374fd
		Secure: false
	Object:
		Variable: $r3
		Type: java.security.MessageDigest
		Statement: $r3 = staticinvoke <java.security.MessageDigest: java.security.MessageDigest getInstance(java.lang.String)>($r2)
		Method: <us.shandian.giga.util.Utility: java.lang.String checksum(us.shandian.giga.io.StoredFileHelper,java.lang.String)>
		SHA-256: e033144f07d771effbb746f637caa66b2d374a0df2fc29aab0c84b8a396e0628
		Secure: false
	Object:
		Variable: $r4
		Type: javax.crypto.spec.SecretKeySpec
		Statement: specialinvoke $r4.<javax.crypto.spec.SecretKeySpec: void <init>(byte[],java.lang.String)>($r1, $r5)
		Method: <com.google.android.exoplayer2.upstream.crypto.AesFlushingCipher: void <init>(int,byte[],long,long)>
		SHA-256: 904cc563415265daa258bb0005f4d8ce0eefc5d2a51ed39954b73bdc6cc251cb
		Secure: false
	Object:
		Variable: $r3
		Type: javax.crypto.spec.SecretKeySpec
		Statement: specialinvoke $r3.<javax.crypto.spec.SecretKeySpec: void <init>(byte[],java.lang.String)>($r4, varReplacer16718)
		Method: <com.google.android.exoplayer2.source.hls.Aes128DataSource: long open(com.google.android.exoplayer2.upstream.DataSpec)>
		SHA-256: 9b34240186f6f29baaf81de9e3aee0421f8281ec82e21fa3c1710ae165fa1ea2
		Secure: false
	Object:
		Variable: $r1
		Type: javax.crypto.Cipher
		Statement: $r1 = staticinvoke <javax.crypto.Cipher: javax.crypto.Cipher getInstance(java.lang.String,java.lang.String)>(varReplacer57274, varReplacer57275)
		Method: <com.google.android.exoplayer2.upstream.cache.CachedContentIndex: javax.crypto.Cipher getCipher()>
		SHA-256: 272b0bdb51d9fa6925655db075191886d63315d0f6bfe8d9418b5200caf0ebbe
		Secure: true
	Object:
		Variable: $r8
		Type: java.security.cert.CertificateFactory
		Statement: $r8 = staticinvoke <java.security.cert.CertificateFactory: java.security.cert.CertificateFactory getInstance(java.lang.String)>(varReplacer284)
		Method: <org.schabi.newpipelegacy.CheckForNewAppVersion: java.lang.String getCertificateSHA1Fingerprint(android.app.Application)>
		SHA-256: 71352c4fb6013722306e3ea3bb2778a6d08e098a7e17e6efd70a9a7febe3692f
		Secure: false
	Object:
		Variable: $r7
		Type: javax.crypto.spec.IvParameterSpec
		Statement: specialinvoke $r7.<javax.crypto.spec.IvParameterSpec: void <init>(byte[])>($r1)
		Method: <com.google.android.exoplayer2.upstream.crypto.AesFlushingCipher: void <init>(int,byte[],long,long)>
		SHA-256: d9f9b6685ddf3461eb2ea2eff23ffe28902e5309125e8841c7ce2eb950fff47a
		Secure: false
	Object:
		Variable: $r5
		Type: javax.crypto.spec.SecretKeySpec
		Statement: specialinvoke $r5.<javax.crypto.spec.SecretKeySpec: void <init>(byte[],java.lang.String)>($r3, varReplacer57273)
		Method: <com.google.android.exoplayer2.upstream.cache.CachedContentIndex$LegacyStorage: void <init>(java.io.File,byte[],boolean)>
		SHA-256: 944c6583aa66c95d98a7e3053dd7a99b08448bf3e25f6474cad27aac5d0d2a2
		Secure: false
	Object:
		Variable: $r11
		Type: java.security.MessageDigest
		Statement: $r11 = staticinvoke <java.security.MessageDigest: java.security.MessageDigest getInstance(java.lang.String)>(varReplacer297)
		Method: <org.schabi.newpipelegacy.CheckForNewAppVersion: java.lang.String getCertificateSHA1Fingerprint(android.app.Application)>
		SHA-256: 8c2f0d3387fc9b69f94fe76bb3d4efa73782993f1db75f7c13df5315e0ea7d8b
		Secure: false
	Object:
		Variable: $r2
		Type: java.security.SecureRandom
		Statement: specialinvoke $r2.<java.security.SecureRandom: void <init>()>()
		Method: <com.google.android.exoplayer2.upstream.cache.SimpleCache: long createUid(java.io.File)>
		SHA-256: 99c672eefa4689a445952b16fc572f3658b4c117a83684d8406fcdb6e6246872
		Secure: true
	Object:
		Variable: $r3
		Type: javax.net.ssl.SSLContext
		Statement: $r3 = staticinvoke <javax.net.ssl.SSLContext: javax.net.ssl.SSLContext getInstance(java.lang.String,java.security.Provider)>(varReplacer24584, $r2)
		Method: <okhttp3.internal.platform.ConscryptPlatform: javax.net.ssl.SSLContext getSSLContext()>
		SHA-256: b8c627009617be91ecf62b2aa7e6ba985c6f5865cec6dc0507e43b00d0e27378
		Secure: false
	Object:
		Variable: $r2
		Type: javax.net.ssl.TrustManagerFactory
		Statement: $r2 = staticinvoke <javax.net.ssl.TrustManagerFactory: javax.net.ssl.TrustManagerFactory getInstance(java.lang.String)>($r1)
		Method: <org.schabi.newpipelegacy.DownloaderImpl: void enableModernTLS(okhttp3.OkHttpClient$Builder)>
		SHA-256: d243820bf385f9546c09b3968c75b45c01b3a319a68e5b45030802f4344e3850
		Secure: false
	Object:
		Variable: $r1
		Type: javax.net.ssl.TrustManagerFactory
		Statement: $r1 = staticinvoke <javax.net.ssl.TrustManagerFactory: javax.net.ssl.TrustManagerFactory getInstance(java.lang.String)>($r0)
		Method: <okhttp3.internal.Util: javax.net.ssl.X509TrustManager platformTrustManager()>
		SHA-256: a8764d384e0e6acd4407dba0e4c2025660362892494036c03c4b52a40e75c66b
		Secure: false
	Object:
		Variable: $r1
		Type: javax.crypto.Cipher
		Statement: $r1 = staticinvoke <javax.crypto.Cipher: javax.crypto.Cipher getInstance(java.lang.String)>(varReplacer57276)
		Method: <com.google.android.exoplayer2.upstream.cache.CachedContentIndex: javax.crypto.Cipher getCipher()>
		SHA-256: 91f0cc07408e9a292fa7b85aac67cd52221c56fdeece671765f9ba3913880ce5
		Secure: true
	Object:
		Variable: $r3
		Type: byte[]
		Statement: $r3 = virtualinvoke $r4.<java.security.MessageDigest: byte[] digest(byte[])>($r3)
		Method: <org.mozilla.javascript.tools.shell.Main: byte[] getDigest(java.lang.Object)>
		SHA-256: 8111502de4599a5f2e2873af90bfc06b5c7b639ef0f085cce7581d5a6e44a17c
		Secure: false
	Object:
		Variable: varReplacer57273
		Type: java.lang.String
		Statement: specialinvoke $r5.<javax.crypto.spec.SecretKeySpec: void <init>(byte[],java.lang.String)>($r3, varReplacer57273)
		Method: <com.google.android.exoplayer2.upstream.cache.CachedContentIndex$LegacyStorage: void <init>(java.io.File,byte[],boolean)>
		SHA-256: 73ac9e844aaac21f50f44594a0a0793faed07afab64110455c6786728245995f
		Secure: false
	Object:
		Variable: $r3
		Type: javax.net.ssl.SSLContext
		Statement: $r3 = staticinvoke <javax.net.ssl.SSLContext: javax.net.ssl.SSLContext getInstance(java.lang.String)>(varReplacer24582)
		Method: <okhttp3.internal.platform.AndroidPlatform: javax.net.ssl.SSLContext getSSLContext()>
		SHA-256: 21fef87b2580ec5e573912d47ade2591c569d0074fd3a51a0aa03b23ae92cf0
		Secure: false
	Object:
		Variable: $r4
		Type: javax.net.ssl.SSLContext
		Statement: $r4 = staticinvoke <javax.net.ssl.SSLContext: javax.net.ssl.SSLContext getInstance(java.lang.String)>(varReplacer24579)
		Method: <okhttp3.internal.platform.Platform: javax.net.ssl.SSLContext getSSLContext()>
		SHA-256: 9dcef8e78c280f629c14b4483a7099676db33c01c915155d62f0d085894e828d
		Secure: false
	Object:
		Variable: $r9
		Type: javax.crypto.spec.IvParameterSpec
		Statement: specialinvoke $r9.<javax.crypto.spec.IvParameterSpec: void <init>(byte[])>($r7)
		Method: <com.google.android.exoplayer2.upstream.cache.CachedContentIndex$LegacyStorage: void writeFile(java.util.HashMap)>
		SHA-256: 2c509f54f169000fda7a2d594f0a37a51d8a71318d9074548051a677d33a5aaa
		Secure: false
	Object:
		Variable: $r1
		Type: javax.crypto.Cipher
		Statement: $r1 = staticinvoke <javax.crypto.Cipher: javax.crypto.Cipher getInstance(java.lang.String)>(varReplacer23622)
		Method: <com.google.android.exoplayer2.source.hls.Aes128DataSource: javax.crypto.Cipher getCipherInstance()>
		SHA-256: dc998f32a0c92afeeee65cd68c1c8b1fa1a7c2e3cd81dbb8e3728aed3be3e1a
		Secure: false
	Object:
		Variable: $r18
		Type: javax.crypto.CipherInputStream
		Statement: specialinvoke $r18.<javax.crypto.CipherInputStream: void <init>(java.io.InputStream,javax.crypto.Cipher)>($r11, $r14)
		Method: <com.google.android.exoplayer2.upstream.cache.CachedContentIndex$LegacyStorage: boolean readFile(java.util.HashMap,android.util.SparseArray)>
		SHA-256: 6b30d6219e1be8a5e0a9a049ef7eb5d6780a49f6a7b22f8ed8fe44856ade655b
		Secure: false
	Object:
		Variable: $r3
		Type: javax.net.ssl.TrustManager[]
		Statement: $r3 = virtualinvoke $r2.<javax.net.ssl.TrustManagerFactory: javax.net.ssl.TrustManager[] getTrustManagers()>()
		Method: <org.schabi.newpipelegacy.DownloaderImpl: void enableModernTLS(okhttp3.OkHttpClient$Builder)>
		SHA-256: 38ac3faf2aa4cfb9d719d7527603d2b4481063c3583c7dac6d7e307aba74f85b
		Secure: false
	Object:
		Variable: $r3
		Type: javax.net.ssl.SSLContext
		Statement: $r3 = staticinvoke <javax.net.ssl.SSLContext: javax.net.ssl.SSLContext getInstance(java.lang.String)>(varReplacer24581)
		Method: <okhttp3.internal.platform.AndroidPlatform: javax.net.ssl.SSLContext getSSLContext()>
		SHA-256: 145747e331785ff41cd2cca4a2bba63ca547e2a59dece7f86019961fc451f6cf
		Secure: false
	Object:
		Variable: $r2
		Type: javax.crypto.Cipher
		Statement: $r2 = staticinvoke <javax.crypto.Cipher: javax.crypto.Cipher getInstance(java.lang.String)>(varReplacer23593)
		Method: <com.google.android.exoplayer2.upstream.crypto.AesFlushingCipher: void <init>(int,byte[],long,long)>
		SHA-256: df4109145577d354234d3ed0d7d555dfa8414b44ccc92a3701d05649b56368ed
		Secure: false
	Object:
		Variable: $r1
		Type: javax.net.ssl.SSLContext
		Statement: $r1 = staticinvoke <javax.net.ssl.SSLContext: javax.net.ssl.SSLContext getInstance(java.lang.String)>(varReplacer2973)
		Method: <org.schabi.newpipelegacy.util.TLSSocketFactoryCompat: void <init>()>
		SHA-256: c51a10b4cbf88352bd3b0678776724759994b27bf0d2ad4d2c640041c6f66125
		Secure: false
	Object:
		Variable: $r2
		Type: java.security.MessageDigest
		Statement: $r2 = staticinvoke <java.security.MessageDigest: java.security.MessageDigest getInstance(java.lang.String)>($r1)
		Method: <okio.ByteString: okio.ByteString digest(java.lang.String)>
		SHA-256: b336d574501b28a5bd90db22472c23a68acb0c1b99c4f14746fdc2a23c69a24e
		Secure: false
	Object:
		Variable: $r5
		Type: java.lang.String
		Statement: specialinvoke $r4.<javax.crypto.spec.SecretKeySpec: void <init>(byte[],java.lang.String)>($r1, $r5)
		Method: <com.google.android.exoplayer2.upstream.crypto.AesFlushingCipher: void <init>(int,byte[],long,long)>
		SHA-256: 8b962118ea3c603585afd0c9cb8eebc7393b428bc7f8f570f875d4bc8d807d0e
		Secure: false
	Object:
		Variable: $r4
		Type: javax.net.ssl.SSLContext
		Statement: $r4 = staticinvoke <javax.net.ssl.SSLContext: javax.net.ssl.SSLContext getInstance(java.lang.String)>(varReplacer24578)
		Method: <okhttp3.internal.platform.Platform: javax.net.ssl.SSLContext getSSLContext()>
		SHA-256: 1a1c919b2119bef09aaca996699afacc26dcfff1ec16bda2d2293cca5b08c0ef
		Secure: false
	Object:
		Variable: $r8
		Type: javax.crypto.CipherInputStream
		Statement: specialinvoke $r8.<javax.crypto.CipherInputStream: void <init>(java.io.InputStream,javax.crypto.Cipher)>($r6, $r1)
		Method: <com.google.android.exoplayer2.source.hls.Aes128DataSource: long open(com.google.android.exoplayer2.upstream.DataSpec)>
		SHA-256: e899dee01d55d270e79a5441cb05f39cda46030c1ce70bb65798863cf7de103a
		Secure: false
	Object:
		Variable: $r16
		Type: javax.crypto.spec.IvParameterSpec
		Statement: specialinvoke $r16.<javax.crypto.spec.IvParameterSpec: void <init>(byte[])>($r15)
		Method: <com.google.android.exoplayer2.upstream.cache.CachedContentIndex$LegacyStorage: boolean readFile(java.util.HashMap,android.util.SparseArray)>
		SHA-256: 5c8390126ebcbb5ddbf76db4602dc5d8f36a732b2def33cdbb420dbb221f041b
		Secure: false
	Object:
		Variable: $r6
		Type: byte[]
		Statement: $r6 = virtualinvoke $r11.<java.security.MessageDigest: byte[] digest(byte[])>($r6)
		Method: <org.schabi.newpipelegacy.CheckForNewAppVersion: java.lang.String getCertificateSHA1Fingerprint(android.app.Application)>
		SHA-256: 14ce73b571e9f62bbc993152c5a247e287b7ccaa1375e10be9552d5e0d67eedc
		Secure: false
	Object:
		Variable: $r2
		Type: javax.net.ssl.TrustManager[]
		Statement: $r2 = virtualinvoke $r1.<javax.net.ssl.TrustManagerFactory: javax.net.ssl.TrustManager[] getTrustManagers()>()
		Method: <okhttp3.internal.Util: javax.net.ssl.X509TrustManager platformTrustManager()>
		SHA-256: dea0af93b06734ae35228a014521e6e031131dd2b357359826afa61f9a6de1b
		Secure: false

Findings in Java Class: org.schabi.newpipelegacy.CheckForNewAppVersion

	 in Method: java.lang.String getCertificateSHA1Fingerprint(android.app.Application)
		ConstraintError violating CrySL rule for java.security.MessageDigest (on Object #8c2f0d3387fc9b69f94fe76bb3d4efa73782993f1db75f7c13df5315e0ea7d8b)
			First parameter (with value "SHA1") should be any of {SHA-256, SHA-384, SHA-512}
			at statement: $r11 = staticinvoke <java.security.MessageDigest: java.security.MessageDigest getInstance(java.lang.String)>(varReplacer297)

		IncompleteOperationError violating CrySL rule for java.security.cert.CertificateFactory (on Object #71352c4fb6013722306e3ea3bb2778a6d08e098a7e17e6efd70a9a7febe3692f)
			Operation on object of type java.security.cert.CertificateFactory object not completed. Expected call to generateCRL
			at statement: $r9 = virtualinvoke $r8.<java.security.cert.CertificateFactory: java.security.cert.Certificate generateCertificate(java.io.InputStream)>($r7)


Findings in Java Class: us.shandian.giga.util.Utility

	 in Method: java.lang.String checksum(us.shandian.giga.io.StoredFileHelper,java.lang.String)
		TypestateError violating CrySL rule for java.security.MessageDigest (on Object #e033144f07d771effbb746f637caa66b2d374a0df2fc29aab0c84b8a396e0628)
			Unexpected call to method <java.security.MessageDigest: byte[] digest()> on object of type java.security.MessageDigest. Expect a call to one of the following methods java.security.MessageDigest: void update(byte[],int,int),java.security.MessageDigest: void update(java.nio.ByteBuffer),java.security.MessageDigest: byte[] digest(byte[]),java.security.MessageDigest: void update(byte[]),java.security.MessageDigest: void update(byte)
			at statement: $r5 = virtualinvoke $r3.<java.security.MessageDigest: byte[] digest()>()

		ConstraintError violating CrySL rule for java.security.MessageDigest (on Object #e033144f07d771effbb746f637caa66b2d374a0df2fc29aab0c84b8a396e0628)
			Third parameter (with value 0)Variable preLenmust be  greater than 0
			at statement: virtualinvoke $r3.<java.security.MessageDigest: void update(byte[],int,int)>($r5, varReplacer2112, $i1)


Findings in Java Class: org.schabi.newpipelegacy.util.TLSSocketFactoryCompat

	 in Method: void <init>()
		RequiredPredicateError violating CrySL rule for javax.net.ssl.SSLContext
			Second parameter was not properly generated as generatedTrustManagers
			at statement: virtualinvoke $r1.<javax.net.ssl.SSLContext: void init(javax.net.ssl.KeyManager[],javax.net.ssl.TrustManager[],java.security.SecureRandom)>(varReplacer2974, varReplacer2974, varReplacer2974)

		ConstraintError violating CrySL rule for javax.net.ssl.SSLContext (on Object #c51a10b4cbf88352bd3b0678776724759994b27bf0d2ad4d2c640041c6f66125)
			First parameter (with value "TLS") should be any of {TLSv1.2, TLSv1.3}
			at statement: $r1 = staticinvoke <javax.net.ssl.SSLContext: javax.net.ssl.SSLContext getInstance(java.lang.String)>(varReplacer2973)

		RequiredPredicateError violating CrySL rule for javax.net.ssl.SSLContext
			Third parameter was not properly generated as randomized
			at statement: virtualinvoke $r1.<javax.net.ssl.SSLContext: void init(javax.net.ssl.KeyManager[],javax.net.ssl.TrustManager[],java.security.SecureRandom)>(varReplacer2974, varReplacer2974, varReplacer2974)

		RequiredPredicateError violating CrySL rule for javax.net.ssl.SSLContext
			First parameter was not properly generated as generatedKeyManagers
			at statement: virtualinvoke $r1.<javax.net.ssl.SSLContext: void init(javax.net.ssl.KeyManager[],javax.net.ssl.TrustManager[],java.security.SecureRandom)>(varReplacer2974, varReplacer2974, varReplacer2974)


Findings in Java Class: com.google.android.exoplayer2.source.hls.Aes128DataSource

	 in Method: int read(byte[],int,int)
		ConstraintError violating CrySL rule for javax.crypto.CipherInputStream (on Object #e899dee01d55d270e79a5441cb05f39cda46030c1ce70bb65798863cf7de103a)
			Second parameter (with value -1)Variable offsetmust be  at least 0
			at statement: $i0 = virtualinvoke $r2.<javax.crypto.CipherInputStream: int read(byte[],int,int)>($r1, $i0, $i1)


	 in Method: javax.crypto.Cipher getCipherInstance()
		ConstraintError violating CrySL rule for javax.crypto.Cipher (on Object #dc998f32a0c92afeeee65cd68c1c8b1fa1a7c2e3cd81dbb8e3728aed3be3e1a)
			First parameter (with value "AES/CBC/PKCS7Padding") should be any of AES/CBC/{PKCS5Padding, ISO10126Padding}
			at statement: $r1 = staticinvoke <javax.crypto.Cipher: javax.crypto.Cipher getInstance(java.lang.String)>(varReplacer23622)


	 in Method: long open(com.google.android.exoplayer2.upstream.DataSpec)
		RequiredPredicateError violating CrySL rule for javax.crypto.spec.SecretKeySpec
			First parameter was not properly generated as preparedKeyMaterial
			at statement: specialinvoke $r3.<javax.crypto.spec.SecretKeySpec: void <init>(byte[],java.lang.String)>($r4, varReplacer16718)

		RequiredPredicateError violating CrySL rule for javax.crypto.Cipher
			Second parameter was not properly generated as generatedKey
			at statement: virtualinvoke $r1.<javax.crypto.Cipher: void init(int,java.security.Key,java.security.spec.AlgorithmParameterSpec)>(varReplacer16717, $r3, $r5)

		RequiredPredicateError violating CrySL rule for javax.crypto.spec.IvParameterSpec
			First parameter was not properly generated as randomized
			at statement: specialinvoke $r5.<javax.crypto.spec.IvParameterSpec: void <init>(byte[])>($r4)


Findings in Java Class: com.google.android.exoplayer2.source.hls.HlsMediaChunk

	 in Method: void maybeLoadInitData()
		IncompleteOperationError violating CrySL rule for javax.crypto.CipherInputStream (on Object #e899dee01d55d270e79a5441cb05f39cda46030c1ce70bb65798863cf7de103a)
			Operation on object of type javax.crypto.CipherInputStream object not completed. Expected call to read
			at statement: specialinvoke r0.<com.google.android.exoplayer2.source.hls.HlsMediaChunk: void feedDataToExtractor(com.google.android.exoplayer2.upstream.DataSource,com.google.android.exoplayer2.upstream.DataSpec,boolean)>($r2, $r1, $z0)

		IncompleteOperationError violating CrySL rule for javax.crypto.Cipher (on Object #df4109145577d354234d3ed0d7d555dfa8414b44ccc92a3701d05649b56368ed)
			Operation on object of type javax.crypto.Cipher object not completed. Expected call to init, getInstance
			at statement: specialinvoke r0.<com.google.android.exoplayer2.source.hls.HlsMediaChunk: void feedDataToExtractor(com.google.android.exoplayer2.upstream.DataSource,com.google.android.exoplayer2.upstream.DataSpec,boolean)>($r2, $r1, $z0)


	 in Method: void loadMedia()
		IncompleteOperationError violating CrySL rule for javax.crypto.Cipher (on Object #df4109145577d354234d3ed0d7d555dfa8414b44ccc92a3701d05649b56368ed)
			Operation on object of type javax.crypto.Cipher object not completed. Expected call to init, getInstance
			at statement: specialinvoke r0.<com.google.android.exoplayer2.source.hls.HlsMediaChunk: void feedDataToExtractor(com.google.android.exoplayer2.upstream.DataSource,com.google.android.exoplayer2.upstream.DataSpec,boolean)>($r2, $r3, $z0)

		IncompleteOperationError violating CrySL rule for javax.crypto.CipherInputStream (on Object #e899dee01d55d270e79a5441cb05f39cda46030c1ce70bb65798863cf7de103a)
			Operation on object of type javax.crypto.CipherInputStream object not completed. Expected call to read
			at statement: specialinvoke r0.<com.google.android.exoplayer2.source.hls.HlsMediaChunk: void feedDataToExtractor(com.google.android.exoplayer2.upstream.DataSource,com.google.android.exoplayer2.upstream.DataSpec,boolean)>($r2, $r3, $z0)


Findings in Java Class: com.google.android.exoplayer2.upstream.cache.CacheDataSource

	 in Method: void close()
		IncompleteOperationError violating CrySL rule for javax.crypto.CipherInputStream (on Object #e899dee01d55d270e79a5441cb05f39cda46030c1ce70bb65798863cf7de103a)
			Operation on object of type javax.crypto.CipherInputStream object not completed. Expected call to read
			at statement: specialinvoke r0.<com.google.android.exoplayer2.upstream.cache.CacheDataSource: void handleBeforeThrow(java.lang.Throwable)>($r2)

		IncompleteOperationError violating CrySL rule for javax.crypto.Cipher (on Object #df4109145577d354234d3ed0d7d555dfa8414b44ccc92a3701d05649b56368ed)
			Operation on object of type javax.crypto.Cipher object not completed. Expected call to init, getInstance
			at statement: specialinvoke r0.<com.google.android.exoplayer2.upstream.cache.CacheDataSource: void handleBeforeThrow(java.lang.Throwable)>($r2)


	 in Method: int read(byte[],int,int)
		IncompleteOperationError violating CrySL rule for javax.crypto.Cipher (on Object #df4109145577d354234d3ed0d7d555dfa8414b44ccc92a3701d05649b56368ed)
			Operation on object of type javax.crypto.Cipher object not completed. Expected call to init, getInstance
			at statement: specialinvoke r0.<com.google.android.exoplayer2.upstream.cache.CacheDataSource: void handleBeforeThrow(java.lang.Throwable)>($r3)

		IncompleteOperationError violating CrySL rule for javax.crypto.Cipher (on Object #df4109145577d354234d3ed0d7d555dfa8414b44ccc92a3701d05649b56368ed)
			Operation on object of type javax.crypto.Cipher object not completed. Expected call to init, getInstance
			at statement: specialinvoke r0.<com.google.android.exoplayer2.upstream.cache.CacheDataSource: void handleBeforeThrow(java.lang.Throwable)>($r4)


	 in Method: long open(com.google.android.exoplayer2.upstream.DataSpec)
		IncompleteOperationError violating CrySL rule for javax.crypto.Cipher (on Object #df4109145577d354234d3ed0d7d555dfa8414b44ccc92a3701d05649b56368ed)
			Operation on object of type javax.crypto.Cipher object not completed. Expected call to init, getInstance
			at statement: $i0 = specialinvoke r0.<com.google.android.exoplayer2.upstream.cache.CacheDataSource: int shouldIgnoreCacheForRequest(com.google.android.exoplayer2.upstream.DataSpec)>($r1)

		IncompleteOperationError violating CrySL rule for javax.crypto.Cipher (on Object #df4109145577d354234d3ed0d7d555dfa8414b44ccc92a3701d05649b56368ed)
			Operation on object of type javax.crypto.Cipher object not completed. Expected call to init, getInstance
			at statement: specialinvoke r0.<com.google.android.exoplayer2.upstream.cache.CacheDataSource: void handleBeforeThrow(java.lang.Throwable)>($r10)

		IncompleteOperationError violating CrySL rule for javax.crypto.Cipher (on Object #df4109145577d354234d3ed0d7d555dfa8414b44ccc92a3701d05649b56368ed)
			Operation on object of type javax.crypto.Cipher object not completed. Expected call to init, getInstance
			at statement: specialinvoke r0.<com.google.android.exoplayer2.upstream.cache.CacheDataSource: void notifyCacheIgnored(int)>($i0)


Findings in Java Class: com.google.android.exoplayer2.upstream.AssetDataSource

	 in Method: void close()
		IncompleteOperationError violating CrySL rule for javax.crypto.Cipher (on Object #df4109145577d354234d3ed0d7d555dfa8414b44ccc92a3701d05649b56368ed)
			Operation on object of type javax.crypto.Cipher object not completed. Expected call to init, getInstance
			at statement: virtualinvoke r0.<com.google.android.exoplayer2.upstream.BaseDataSource: void transferEnded()>()

		IncompleteOperationError violating CrySL rule for javax.crypto.CipherInputStream (on Object #e899dee01d55d270e79a5441cb05f39cda46030c1ce70bb65798863cf7de103a)
			Operation on object of type javax.crypto.CipherInputStream object not completed. Expected call to read
			at statement: virtualinvoke r0.<com.google.android.exoplayer2.upstream.BaseDataSource: void transferEnded()>()


	 in Method: long open(com.google.android.exoplayer2.upstream.DataSpec)
		IncompleteOperationError violating CrySL rule for javax.crypto.Cipher (on Object #df4109145577d354234d3ed0d7d555dfa8414b44ccc92a3701d05649b56368ed)
			Operation on object of type javax.crypto.Cipher object not completed. Expected call to init, getInstance
			at statement: virtualinvoke r0.<com.google.android.exoplayer2.upstream.BaseDataSource: void transferInitializing(com.google.android.exoplayer2.upstream.DataSpec)>($r1)


Findings in Java Class: com.google.android.exoplayer2.extractor.DefaultExtractorInput

	 in Method: int readFromDataSource(byte[],int,int,int,boolean)
		IncompleteOperationError violating CrySL rule for javax.crypto.Cipher (on Object #df4109145577d354234d3ed0d7d555dfa8414b44ccc92a3701d05649b56368ed)
			Operation on object of type javax.crypto.Cipher object not completed. Expected call to init, getInstance
			at statement: $i0 = interfaceinvoke $r2.<com.google.android.exoplayer2.upstream.DataSource: int read(byte[],int,int)>($r1, $i0, $i1)

		IncompleteOperationError violating CrySL rule for javax.crypto.CipherInputStream (on Object #e899dee01d55d270e79a5441cb05f39cda46030c1ce70bb65798863cf7de103a)
			Operation on object of type javax.crypto.CipherInputStream object not completed. Expected call to java.io.InputStream: int read(byte[],int,int), javax.crypto.CipherInputStream: int read(), java.io.InputStream: int read(byte[]), java.io.FilterInputStream: int read(byte[],int,int), javax.crypto.CipherInputStream: int read(byte[]), java.io.InputStream: int read(), java.io.FilterInputStream: int read(byte[]), java.io.FilterInputStream: int read(), javax.crypto.CipherInputStream: int read(byte[],int,int)
			at statement: $i0 = interfaceinvoke $r2.<com.google.android.exoplayer2.upstream.DataSource: int read(byte[],int,int)>($r1, $i0, $i1)


Findings in Java Class: com.google.android.exoplayer2.upstream.PriorityDataSource

	 in Method: long open(com.google.android.exoplayer2.upstream.DataSpec)
		IncompleteOperationError violating CrySL rule for javax.crypto.CipherInputStream (on Object #e899dee01d55d270e79a5441cb05f39cda46030c1ce70bb65798863cf7de103a)
			Operation on object of type javax.crypto.CipherInputStream object not completed. Expected call to read
			at statement: $l1 = interfaceinvoke $r3.<com.google.android.exoplayer2.upstream.DataSource: long open(com.google.android.exoplayer2.upstream.DataSpec)>($r1)


Findings in Java Class: com.google.android.exoplayer2.upstream.FileDataSource

	 in Method: void close()
		IncompleteOperationError violating CrySL rule for javax.crypto.CipherInputStream (on Object #e899dee01d55d270e79a5441cb05f39cda46030c1ce70bb65798863cf7de103a)
			Operation on object of type javax.crypto.CipherInputStream object not completed. Expected call to read
			at statement: virtualinvoke r0.<com.google.android.exoplayer2.upstream.BaseDataSource: void transferEnded()>()

		IncompleteOperationError violating CrySL rule for javax.crypto.Cipher (on Object #df4109145577d354234d3ed0d7d555dfa8414b44ccc92a3701d05649b56368ed)
			Operation on object of type javax.crypto.Cipher object not completed. Expected call to init, getInstance
			at statement: virtualinvoke r0.<com.google.android.exoplayer2.upstream.BaseDataSource: void transferEnded()>()


	 in Method: long open(com.google.android.exoplayer2.upstream.DataSpec)
		IncompleteOperationError violating CrySL rule for javax.crypto.Cipher (on Object #df4109145577d354234d3ed0d7d555dfa8414b44ccc92a3701d05649b56368ed)
			Operation on object of type javax.crypto.Cipher object not completed. Expected call to init, getInstance
			at statement: virtualinvoke r0.<com.google.android.exoplayer2.upstream.BaseDataSource: void transferInitializing(com.google.android.exoplayer2.upstream.DataSpec)>($r1)


Findings in Java Class: com.google.android.exoplayer2.upstream.ContentDataSource

	 in Method: void close()
		IncompleteOperationError violating CrySL rule for javax.crypto.CipherInputStream (on Object #e899dee01d55d270e79a5441cb05f39cda46030c1ce70bb65798863cf7de103a)
			Operation on object of type javax.crypto.CipherInputStream object not completed. Expected call to read
			at statement: virtualinvoke r0.<com.google.android.exoplayer2.upstream.BaseDataSource: void transferEnded()>()

		IncompleteOperationError violating CrySL rule for javax.crypto.CipherInputStream (on Object #e899dee01d55d270e79a5441cb05f39cda46030c1ce70bb65798863cf7de103a)
			Operation on object of type javax.crypto.CipherInputStream object not completed. Expected call to read
			at statement: virtualinvoke r0.<com.google.android.exoplayer2.upstream.BaseDataSource: void transferEnded()>()

		IncompleteOperationError violating CrySL rule for javax.crypto.CipherInputStream (on Object #e899dee01d55d270e79a5441cb05f39cda46030c1ce70bb65798863cf7de103a)
			Operation on object of type javax.crypto.CipherInputStream object not completed. Expected call to read
			at statement: virtualinvoke r0.<com.google.android.exoplayer2.upstream.BaseDataSource: void transferEnded()>()

		IncompleteOperationError violating CrySL rule for javax.crypto.Cipher (on Object #df4109145577d354234d3ed0d7d555dfa8414b44ccc92a3701d05649b56368ed)
			Operation on object of type javax.crypto.Cipher object not completed. Expected call to init, getInstance
			at statement: virtualinvoke r0.<com.google.android.exoplayer2.upstream.BaseDataSource: void transferEnded()>()

		IncompleteOperationError violating CrySL rule for javax.crypto.Cipher (on Object #df4109145577d354234d3ed0d7d555dfa8414b44ccc92a3701d05649b56368ed)
			Operation on object of type javax.crypto.Cipher object not completed. Expected call to init, getInstance
			at statement: virtualinvoke r0.<com.google.android.exoplayer2.upstream.BaseDataSource: void transferEnded()>()

		IncompleteOperationError violating CrySL rule for javax.crypto.Cipher (on Object #df4109145577d354234d3ed0d7d555dfa8414b44ccc92a3701d05649b56368ed)
			Operation on object of type javax.crypto.Cipher object not completed. Expected call to init, getInstance
			at statement: virtualinvoke r0.<com.google.android.exoplayer2.upstream.BaseDataSource: void transferEnded()>()


	 in Method: long open(com.google.android.exoplayer2.upstream.DataSpec)
		IncompleteOperationError violating CrySL rule for javax.crypto.Cipher (on Object #df4109145577d354234d3ed0d7d555dfa8414b44ccc92a3701d05649b56368ed)
			Operation on object of type javax.crypto.Cipher object not completed. Expected call to init, getInstance
			at statement: virtualinvoke r0.<com.google.android.exoplayer2.upstream.BaseDataSource: void transferInitializing(com.google.android.exoplayer2.upstream.DataSpec)>($r1)


Findings in Java Class: com.google.android.exoplayer2.upstream.RawResourceDataSource

	 in Method: void close()
		IncompleteOperationError violating CrySL rule for javax.crypto.CipherInputStream (on Object #e899dee01d55d270e79a5441cb05f39cda46030c1ce70bb65798863cf7de103a)
			Operation on object of type javax.crypto.CipherInputStream object not completed. Expected call to read
			at statement: virtualinvoke r0.<com.google.android.exoplayer2.upstream.BaseDataSource: void transferEnded()>()

		IncompleteOperationError violating CrySL rule for javax.crypto.CipherInputStream (on Object #e899dee01d55d270e79a5441cb05f39cda46030c1ce70bb65798863cf7de103a)
			Operation on object of type javax.crypto.CipherInputStream object not completed. Expected call to read
			at statement: virtualinvoke r0.<com.google.android.exoplayer2.upstream.BaseDataSource: void transferEnded()>()

		IncompleteOperationError violating CrySL rule for javax.crypto.CipherInputStream (on Object #e899dee01d55d270e79a5441cb05f39cda46030c1ce70bb65798863cf7de103a)
			Operation on object of type javax.crypto.CipherInputStream object not completed. Expected call to read
			at statement: virtualinvoke r0.<com.google.android.exoplayer2.upstream.BaseDataSource: void transferEnded()>()

		IncompleteOperationError violating CrySL rule for javax.crypto.Cipher (on Object #df4109145577d354234d3ed0d7d555dfa8414b44ccc92a3701d05649b56368ed)
			Operation on object of type javax.crypto.Cipher object not completed. Expected call to init, getInstance
			at statement: virtualinvoke r0.<com.google.android.exoplayer2.upstream.BaseDataSource: void transferEnded()>()

		IncompleteOperationError violating CrySL rule for javax.crypto.Cipher (on Object #df4109145577d354234d3ed0d7d555dfa8414b44ccc92a3701d05649b56368ed)
			Operation on object of type javax.crypto.Cipher object not completed. Expected call to init, getInstance
			at statement: virtualinvoke r0.<com.google.android.exoplayer2.upstream.BaseDataSource: void transferEnded()>()

		IncompleteOperationError violating CrySL rule for javax.crypto.Cipher (on Object #df4109145577d354234d3ed0d7d555dfa8414b44ccc92a3701d05649b56368ed)
			Operation on object of type javax.crypto.Cipher object not completed. Expected call to init, getInstance
			at statement: virtualinvoke r0.<com.google.android.exoplayer2.upstream.BaseDataSource: void transferEnded()>()


	 in Method: long open(com.google.android.exoplayer2.upstream.DataSpec)
		IncompleteOperationError violating CrySL rule for javax.crypto.Cipher (on Object #df4109145577d354234d3ed0d7d555dfa8414b44ccc92a3701d05649b56368ed)
			Operation on object of type javax.crypto.Cipher object not completed. Expected call to init, getInstance
			at statement: virtualinvoke r0.<com.google.android.exoplayer2.upstream.BaseDataSource: void transferInitializing(com.google.android.exoplayer2.upstream.DataSpec)>($r2)


Findings in Java Class: com.google.android.exoplayer2.upstream.DefaultHttpDataSource

	 in Method: void close()
		IncompleteOperationError violating CrySL rule for javax.crypto.CipherInputStream (on Object #e899dee01d55d270e79a5441cb05f39cda46030c1ce70bb65798863cf7de103a)
			Operation on object of type javax.crypto.CipherInputStream object not completed. Expected call to read
			at statement: specialinvoke r0.<com.google.android.exoplayer2.upstream.DefaultHttpDataSource: void closeConnectionQuietly()>()

		IncompleteOperationError violating CrySL rule for javax.crypto.Cipher (on Object #df4109145577d354234d3ed0d7d555dfa8414b44ccc92a3701d05649b56368ed)
			Operation on object of type javax.crypto.Cipher object not completed. Expected call to init, getInstance
			at statement: virtualinvoke r0.<com.google.android.exoplayer2.upstream.BaseDataSource: void transferEnded()>()

		IncompleteOperationError violating CrySL rule for javax.crypto.CipherInputStream (on Object #e899dee01d55d270e79a5441cb05f39cda46030c1ce70bb65798863cf7de103a)
			Operation on object of type javax.crypto.CipherInputStream object not completed. Expected call to read
			at statement: virtualinvoke r0.<com.google.android.exoplayer2.upstream.BaseDataSource: void transferEnded()>()

		IncompleteOperationError violating CrySL rule for javax.crypto.Cipher (on Object #df4109145577d354234d3ed0d7d555dfa8414b44ccc92a3701d05649b56368ed)
			Operation on object of type javax.crypto.Cipher object not completed. Expected call to init, getInstance
			at statement: specialinvoke r0.<com.google.android.exoplayer2.upstream.DefaultHttpDataSource: void closeConnectionQuietly()>()


	 in Method: void skipInternal()
		IncompleteOperationError violating CrySL rule for javax.crypto.Cipher (on Object #df4109145577d354234d3ed0d7d555dfa8414b44ccc92a3701d05649b56368ed)
			Operation on object of type javax.crypto.Cipher object not completed. Expected call to init, getInstance
			at statement: virtualinvoke r0.<com.google.android.exoplayer2.upstream.BaseDataSource: void bytesTransferred(int)>($i3)


	 in Method: long open(com.google.android.exoplayer2.upstream.DataSpec)
		IncompleteOperationError violating CrySL rule for javax.crypto.Cipher (on Object #df4109145577d354234d3ed0d7d555dfa8414b44ccc92a3701d05649b56368ed)
			Operation on object of type javax.crypto.Cipher object not completed. Expected call to init, getInstance
			at statement: specialinvoke r0.<com.google.android.exoplayer2.upstream.DefaultHttpDataSource: void closeConnectionQuietly()>()

		IncompleteOperationError violating CrySL rule for javax.crypto.Cipher (on Object #df4109145577d354234d3ed0d7d555dfa8414b44ccc92a3701d05649b56368ed)
			Operation on object of type javax.crypto.Cipher object not completed. Expected call to init, getInstance
			at statement: specialinvoke r0.<com.google.android.exoplayer2.upstream.DefaultHttpDataSource: void closeConnectionQuietly()>()

		IncompleteOperationError violating CrySL rule for javax.crypto.Cipher (on Object #df4109145577d354234d3ed0d7d555dfa8414b44ccc92a3701d05649b56368ed)
			Operation on object of type javax.crypto.Cipher object not completed. Expected call to init, getInstance
			at statement: specialinvoke r0.<com.google.android.exoplayer2.upstream.DefaultHttpDataSource: void closeConnectionQuietly()>()

		IncompleteOperationError violating CrySL rule for javax.crypto.Cipher (on Object #df4109145577d354234d3ed0d7d555dfa8414b44ccc92a3701d05649b56368ed)
			Operation on object of type javax.crypto.Cipher object not completed. Expected call to init, getInstance
			at statement: specialinvoke r0.<com.google.android.exoplayer2.upstream.DefaultHttpDataSource: void closeConnectionQuietly()>()


	 in Method: java.net.HttpURLConnection makeConnection(com.google.android.exoplayer2.upstream.DataSpec)
		IncompleteOperationError violating CrySL rule for javax.crypto.Cipher (on Object #df4109145577d354234d3ed0d7d555dfa8414b44ccc92a3701d05649b56368ed)
			Operation on object of type javax.crypto.Cipher object not completed. Expected call to init, getInstance
			at statement: $r8 = specialinvoke r0.<com.google.android.exoplayer2.upstream.DefaultHttpDataSource: java.net.HttpURLConnection makeConnection(java.net.URL,int,byte[],long,long,boolean,boolean,java.util.Map)>($r3, $i2, $r6, $l3, $l4, $z0, varReplacer23599, $r7)


Findings in Java Class: org.mozilla.javascript.tools.shell.Main

	 in Method: byte[] getDigest(java.lang.Object)
		ConstraintError violating CrySL rule for java.security.MessageDigest (on Object #828b649ea361185188279352c0eb10bb07933bc3667746feef354e57fc6c538c)
			First parameter (with value "MD5") should be any of {SHA-256, SHA-384, SHA-512}
			at statement: $r4 = staticinvoke <java.security.MessageDigest: java.security.MessageDigest getInstance(java.lang.String)>(varReplacer19310)


Findings in Java Class: com.google.android.exoplayer2.upstream.crypto.AesFlushingCipher

	 in Method: int nonFlushingUpdate(byte[],int,int,byte[],int)
		ConstraintError violating CrySL rule for javax.crypto.Cipher (on Object #df4109145577d354234d3ed0d7d555dfa8414b44ccc92a3701d05649b56368ed)
			Fiveth parameter (with value -1)Variable preCipherTextOffsetmust be  at least 0
			at statement: $i2 = virtualinvoke $r2.<javax.crypto.Cipher: int update(byte[],int,int,byte[],int)>($r3, $i2, $i0, $r1, $i1)

		ConstraintError violating CrySL rule for javax.crypto.Cipher (on Object #df4109145577d354234d3ed0d7d555dfa8414b44ccc92a3701d05649b56368ed)
			Second parameter (with value -1)Variable prePlainTextOffsetmust be  at least 0
			at statement: $i2 = virtualinvoke $r2.<javax.crypto.Cipher: int update(byte[],int,int,byte[],int)>($r3, $i2, $i0, $r1, $i1)


	 in Method: void <init>(int,byte[],long,long)
		RequiredPredicateError violating CrySL rule for javax.crypto.spec.SecretKeySpec
			First parameter was not properly generated as preparedKeyMaterial
			at statement: specialinvoke $r4.<javax.crypto.spec.SecretKeySpec: void <init>(byte[],java.lang.String)>($r1, $r5)

		RequiredPredicateError violating CrySL rule for javax.crypto.Cipher
			Second parameter was not properly generated as generatedKey
			at statement: virtualinvoke $r2.<javax.crypto.Cipher: void init(int,java.security.Key,java.security.spec.AlgorithmParameterSpec)>($i1, $r4, $r7)

		RequiredPredicateError violating CrySL rule for javax.crypto.spec.IvParameterSpec
			First parameter was not properly generated as randomized
			at statement: specialinvoke $r7.<javax.crypto.spec.IvParameterSpec: void <init>(byte[])>($r1)


Findings in Java Class: com.google.android.exoplayer2.extractor.wav.WavExtractor

	 in Method: int read(com.google.android.exoplayer2.extractor.ExtractorInput,com.google.android.exoplayer2.extractor.PositionHolder)
		IncompleteOperationError violating CrySL rule for javax.crypto.Cipher (on Object #df4109145577d354234d3ed0d7d555dfa8414b44ccc92a3701d05649b56368ed)
			Operation on object of type javax.crypto.Cipher object not completed. Expected call to init, getInstance
			at statement: $r4 = staticinvoke <com.google.android.exoplayer2.extractor.wav.WavHeaderReader: com.google.android.exoplayer2.extractor.wav.WavHeader peek(com.google.android.exoplayer2.extractor.ExtractorInput)>($r1)


Findings in Java Class: com.google.android.exoplayer2.extractor.amr.AmrExtractor

	 in Method: int read(com.google.android.exoplayer2.extractor.ExtractorInput,com.google.android.exoplayer2.extractor.PositionHolder)
		IncompleteOperationError violating CrySL rule for javax.crypto.Cipher (on Object #df4109145577d354234d3ed0d7d555dfa8414b44ccc92a3701d05649b56368ed)
			Operation on object of type javax.crypto.Cipher object not completed. Expected call to init, getInstance
			at statement: $z0 = specialinvoke r0.<com.google.android.exoplayer2.extractor.amr.AmrExtractor: boolean readAmrHeader(com.google.android.exoplayer2.extractor.ExtractorInput)>($r1)


	 in Method: int peekNextSampleSize(com.google.android.exoplayer2.extractor.ExtractorInput)
		IncompleteOperationError violating CrySL rule for javax.crypto.Cipher (on Object #df4109145577d354234d3ed0d7d555dfa8414b44ccc92a3701d05649b56368ed)
			Operation on object of type javax.crypto.Cipher object not completed. Expected call to init, getInstance
			at statement: interfaceinvoke $r1.<com.google.android.exoplayer2.extractor.ExtractorInput: void peekFully(byte[],int,int)>($r2, varReplacer35955, varReplacer35956)


Findings in Java Class: com.google.android.exoplayer2.extractor.mp4.FragmentedMp4Extractor

	 in Method: boolean readAtomHeader(com.google.android.exoplayer2.extractor.ExtractorInput)
		IncompleteOperationError violating CrySL rule for javax.crypto.Cipher (on Object #df4109145577d354234d3ed0d7d555dfa8414b44ccc92a3701d05649b56368ed)
			Operation on object of type javax.crypto.Cipher object not completed. Expected call to init, getInstance
			at statement: $l3 = interfaceinvoke $r1.<com.google.android.exoplayer2.extractor.ExtractorInput: long getLength()>()

		IncompleteOperationError violating CrySL rule for javax.crypto.Cipher (on Object #df4109145577d354234d3ed0d7d555dfa8414b44ccc92a3701d05649b56368ed)
			Operation on object of type javax.crypto.Cipher object not completed. Expected call to init, getInstance
			at statement: $l1 = interfaceinvoke $r1.<com.google.android.exoplayer2.extractor.ExtractorInput: long getPosition()>()

		IncompleteOperationError violating CrySL rule for javax.crypto.Cipher (on Object #df4109145577d354234d3ed0d7d555dfa8414b44ccc92a3701d05649b56368ed)
			Operation on object of type javax.crypto.Cipher object not completed. Expected call to init, getInstance
			at statement: $l3 = interfaceinvoke $r1.<com.google.android.exoplayer2.extractor.ExtractorInput: long getPosition()>()

		IncompleteOperationError violating CrySL rule for javax.crypto.Cipher (on Object #df4109145577d354234d3ed0d7d555dfa8414b44ccc92a3701d05649b56368ed)
			Operation on object of type javax.crypto.Cipher object not completed. Expected call to init, getInstance
			at statement: $z0 = interfaceinvoke $r1.<com.google.android.exoplayer2.extractor.ExtractorInput: boolean readFully(byte[],int,int,boolean)>($r3, varReplacer29822, varReplacer29823, varReplacer29824)

		IncompleteOperationError violating CrySL rule for javax.crypto.Cipher (on Object #df4109145577d354234d3ed0d7d555dfa8414b44ccc92a3701d05649b56368ed)
			Operation on object of type javax.crypto.Cipher object not completed. Expected call to init, getInstance
			at statement: interfaceinvoke $r1.<com.google.android.exoplayer2.extractor.ExtractorInput: void readFully(byte[],int,int)>($r3, varReplacer29819, varReplacer29819)


	 in Method: void readEncryptionData(com.google.android.exoplayer2.extractor.ExtractorInput)
		IncompleteOperationError violating CrySL rule for javax.crypto.Cipher (on Object #df4109145577d354234d3ed0d7d555dfa8414b44ccc92a3701d05649b56368ed)
			Operation on object of type javax.crypto.Cipher object not completed. Expected call to init, getInstance
			at statement: $l4 = interfaceinvoke $r1.<com.google.android.exoplayer2.extractor.ExtractorInput: long getPosition()>()


	 in Method: boolean readSample(com.google.android.exoplayer2.extractor.ExtractorInput)
		IncompleteOperationError violating CrySL rule for javax.crypto.Cipher (on Object #df4109145577d354234d3ed0d7d555dfa8414b44ccc92a3701d05649b56368ed)
			Operation on object of type javax.crypto.Cipher object not completed. Expected call to init, getInstance
			at statement: $l2 = interfaceinvoke $r1.<com.google.android.exoplayer2.extractor.ExtractorInput: long getPosition()>()

		IncompleteOperationError violating CrySL rule for javax.crypto.Cipher (on Object #df4109145577d354234d3ed0d7d555dfa8414b44ccc92a3701d05649b56368ed)
			Operation on object of type javax.crypto.Cipher object not completed. Expected call to init, getInstance
			at statement: interfaceinvoke $r1.<com.google.android.exoplayer2.extractor.ExtractorInput: void readFully(byte[],int,int)>($r15, $i4, $i3)


Findings in Java Class: com.google.android.exoplayer2.offline.ProgressiveDownloader

	 in Method: void download(com.google.android.exoplayer2.offline.Downloader$ProgressListener)
		IncompleteOperationError violating CrySL rule for javax.crypto.Cipher (on Object #df4109145577d354234d3ed0d7d555dfa8414b44ccc92a3701d05649b56368ed)
			Operation on object of type javax.crypto.Cipher object not completed. Expected call to init, getInstance
			at statement: staticinvoke <com.google.android.exoplayer2.upstream.cache.CacheUtil: void cache(com.google.android.exoplayer2.upstream.DataSpec,com.google.android.exoplayer2.upstream.cache.Cache,com.google.android.exoplayer2.upstream.cache.CacheKeyFactory,com.google.android.exoplayer2.upstream.cache.CacheDataSource,byte[],com.google.android.exoplayer2.util.PriorityTaskManager,int,com.google.android.exoplayer2.upstream.cache.CacheUtil$ProgressListener,java.util.concurrent.atomic.AtomicBoolean,boolean)>($r1, $r2, $r3, $r4, $r5, $r6, varReplacer10707, $r9, $r7, varReplacer10708)


Findings in Java Class: com.google.android.exoplayer2.offline.SegmentDownloader

	 in Method: void download(com.google.android.exoplayer2.offline.Downloader$ProgressListener)
		IncompleteOperationError violating CrySL rule for javax.crypto.Cipher (on Object #df4109145577d354234d3ed0d7d555dfa8414b44ccc92a3701d05649b56368ed)
			Operation on object of type javax.crypto.Cipher object not completed. Expected call to init, getInstance
			at statement: $r11 = virtualinvoke r0.<com.google.android.exoplayer2.offline.SegmentDownloader: java.util.List getSegments(com.google.android.exoplayer2.upstream.DataSource,com.google.android.exoplayer2.offline.FilterableManifest,boolean)>($r5, $r8, varReplacer10702)

		IncompleteOperationError violating CrySL rule for javax.crypto.Cipher (on Object #df4109145577d354234d3ed0d7d555dfa8414b44ccc92a3701d05649b56368ed)
			Operation on object of type javax.crypto.Cipher object not completed. Expected call to init, getInstance
			at statement: staticinvoke <com.google.android.exoplayer2.upstream.cache.CacheUtil: void cache(com.google.android.exoplayer2.upstream.DataSpec,com.google.android.exoplayer2.upstream.cache.Cache,com.google.android.exoplayer2.upstream.cache.CacheKeyFactory,com.google.android.exoplayer2.upstream.cache.CacheDataSource,byte[],com.google.android.exoplayer2.util.PriorityTaskManager,int,com.google.android.exoplayer2.upstream.cache.CacheUtil$ProgressListener,java.util.concurrent.atomic.AtomicBoolean,boolean)>($r6, $r3, $r13, $r5, $r17, $r4, varReplacer10703, $r16, $r2, varReplacer10704)


Findings in Java Class: com.google.android.exoplayer2.extractor.mp4.Mp4Extractor

	 in Method: boolean readAtomHeader(com.google.android.exoplayer2.extractor.ExtractorInput)
		IncompleteOperationError violating CrySL rule for javax.crypto.Cipher (on Object #df4109145577d354234d3ed0d7d555dfa8414b44ccc92a3701d05649b56368ed)
			Operation on object of type javax.crypto.Cipher object not completed. Expected call to init, getInstance
			at statement: $z0 = interfaceinvoke $r1.<com.google.android.exoplayer2.extractor.ExtractorInput: boolean readFully(byte[],int,int,boolean)>($r3, varReplacer29878, varReplacer29879, varReplacer29880)

		IncompleteOperationError violating CrySL rule for javax.crypto.Cipher (on Object #df4109145577d354234d3ed0d7d555dfa8414b44ccc92a3701d05649b56368ed)
			Operation on object of type javax.crypto.Cipher object not completed. Expected call to init, getInstance
			at statement: $l3 = interfaceinvoke $r1.<com.google.android.exoplayer2.extractor.ExtractorInput: long getLength()>()

		IncompleteOperationError violating CrySL rule for javax.crypto.Cipher (on Object #df4109145577d354234d3ed0d7d555dfa8414b44ccc92a3701d05649b56368ed)
			Operation on object of type javax.crypto.Cipher object not completed. Expected call to init, getInstance
			at statement: interfaceinvoke $r1.<com.google.android.exoplayer2.extractor.ExtractorInput: void readFully(byte[],int,int)>($r3, varReplacer29881, varReplacer29881)

		IncompleteOperationError violating CrySL rule for javax.crypto.Cipher (on Object #df4109145577d354234d3ed0d7d555dfa8414b44ccc92a3701d05649b56368ed)
			Operation on object of type javax.crypto.Cipher object not completed. Expected call to init, getInstance
			at statement: $l3 = interfaceinvoke $r1.<com.google.android.exoplayer2.extractor.ExtractorInput: long getPosition()>()


	 in Method: int read(com.google.android.exoplayer2.extractor.ExtractorInput,com.google.android.exoplayer2.extractor.PositionHolder)
		IncompleteOperationError violating CrySL rule for javax.crypto.Cipher (on Object #df4109145577d354234d3ed0d7d555dfa8414b44ccc92a3701d05649b56368ed)
			Operation on object of type javax.crypto.Cipher object not completed. Expected call to init, getInstance
			at statement: $z0 = specialinvoke r0.<com.google.android.exoplayer2.extractor.mp4.Mp4Extractor: boolean readAtomHeader(com.google.android.exoplayer2.extractor.ExtractorInput)>($r2)

		IncompleteOperationError violating CrySL rule for javax.crypto.Cipher (on Object #df4109145577d354234d3ed0d7d555dfa8414b44ccc92a3701d05649b56368ed)
			Operation on object of type javax.crypto.Cipher object not completed. Expected call to init, getInstance
			at statement: $z0 = specialinvoke r0.<com.google.android.exoplayer2.extractor.mp4.Mp4Extractor: boolean readAtomPayload(com.google.android.exoplayer2.extractor.ExtractorInput,com.google.android.exoplayer2.extractor.PositionHolder)>($r2, $r1)


	 in Method: int readSample(com.google.android.exoplayer2.extractor.ExtractorInput,com.google.android.exoplayer2.extractor.PositionHolder)
		IncompleteOperationError violating CrySL rule for javax.crypto.Cipher (on Object #df4109145577d354234d3ed0d7d555dfa8414b44ccc92a3701d05649b56368ed)
			Operation on object of type javax.crypto.Cipher object not completed. Expected call to init, getInstance
			at statement: interfaceinvoke $r1.<com.google.android.exoplayer2.extractor.ExtractorInput: void readFully(byte[],int,int)>($r11, $i7, $i4)


Findings in Java Class: com.google.android.exoplayer2.source.chunk.InitializationChunk

	 in Method: void load()
		IncompleteOperationError violating CrySL rule for javax.crypto.Cipher (on Object #df4109145577d354234d3ed0d7d555dfa8414b44ccc92a3701d05649b56368ed)
			Operation on object of type javax.crypto.Cipher object not completed. Expected call to init, getInstance
			at statement: $l1 = interfaceinvoke $r4.<com.google.android.exoplayer2.extractor.ExtractorInput: long getPosition()>()


Findings in Java Class: com.google.android.exoplayer2.extractor.mkv.VarintReader

	 in Method: long readUnsignedVarint(com.google.android.exoplayer2.extractor.ExtractorInput,boolean,boolean,int)
		IncompleteOperationError violating CrySL rule for javax.crypto.Cipher (on Object #df4109145577d354234d3ed0d7d555dfa8414b44ccc92a3701d05649b56368ed)
			Operation on object of type javax.crypto.Cipher object not completed. Expected call to init, getInstance
			at statement: $z1 = interfaceinvoke $r1.<com.google.android.exoplayer2.extractor.ExtractorInput: boolean readFully(byte[],int,int,boolean)>($r2, varReplacer35464, varReplacer35465, $z1)


Findings in Java Class: com.google.android.exoplayer2.extractor.flv.FlvExtractor

	 in Method: int read(com.google.android.exoplayer2.extractor.ExtractorInput,com.google.android.exoplayer2.extractor.PositionHolder)
		IncompleteOperationError violating CrySL rule for javax.crypto.Cipher (on Object #df4109145577d354234d3ed0d7d555dfa8414b44ccc92a3701d05649b56368ed)
			Operation on object of type javax.crypto.Cipher object not completed. Expected call to init, getInstance
			at statement: $z0 = specialinvoke r0.<com.google.android.exoplayer2.extractor.flv.FlvExtractor: boolean readTagHeader(com.google.android.exoplayer2.extractor.ExtractorInput)>($r1)

		IncompleteOperationError violating CrySL rule for javax.crypto.Cipher (on Object #df4109145577d354234d3ed0d7d555dfa8414b44ccc92a3701d05649b56368ed)
			Operation on object of type javax.crypto.Cipher object not completed. Expected call to init, getInstance
			at statement: specialinvoke r0.<com.google.android.exoplayer2.extractor.flv.FlvExtractor: void skipToTagHeader(com.google.android.exoplayer2.extractor.ExtractorInput)>($r1)

		IncompleteOperationError violating CrySL rule for javax.crypto.Cipher (on Object #df4109145577d354234d3ed0d7d555dfa8414b44ccc92a3701d05649b56368ed)
			Operation on object of type javax.crypto.Cipher object not completed. Expected call to init, getInstance
			at statement: $z0 = specialinvoke r0.<com.google.android.exoplayer2.extractor.flv.FlvExtractor: boolean readTagData(com.google.android.exoplayer2.extractor.ExtractorInput)>($r1)

		IncompleteOperationError violating CrySL rule for javax.crypto.Cipher (on Object #df4109145577d354234d3ed0d7d555dfa8414b44ccc92a3701d05649b56368ed)
			Operation on object of type javax.crypto.Cipher object not completed. Expected call to init, getInstance
			at statement: $z0 = specialinvoke r0.<com.google.android.exoplayer2.extractor.flv.FlvExtractor: boolean readFlvHeader(com.google.android.exoplayer2.extractor.ExtractorInput)>($r1)


Findings in Java Class: com.google.android.exoplayer2.source.chunk.ContainerMediaChunk

	 in Method: void load()
		IncompleteOperationError violating CrySL rule for javax.crypto.Cipher (on Object #df4109145577d354234d3ed0d7d555dfa8414b44ccc92a3701d05649b56368ed)
			Operation on object of type javax.crypto.Cipher object not completed. Expected call to init, getInstance
			at statement: $l0 = interfaceinvoke $r5.<com.google.android.exoplayer2.extractor.ExtractorInput: long getPosition()>()


Findings in Java Class: com.google.android.exoplayer2.extractor.FlacFrameReader

	 in Method: long getFirstSampleNumber(com.google.android.exoplayer2.extractor.ExtractorInput,com.google.android.exoplayer2.util.FlacStreamMetadata)
		IncompleteOperationError violating CrySL rule for javax.crypto.Cipher (on Object #df4109145577d354234d3ed0d7d555dfa8414b44ccc92a3701d05649b56368ed)
			Operation on object of type javax.crypto.Cipher object not completed. Expected call to init, getInstance
			at statement: interfaceinvoke $r2.<com.google.android.exoplayer2.extractor.ExtractorInput: void resetPeekPosition()>()


Findings in Java Class: com.google.android.exoplayer2.source.ProgressiveMediaPeriod$ExtractorHolder

	 in Method: com.google.android.exoplayer2.extractor.Extractor selectExtractor(com.google.android.exoplayer2.extractor.ExtractorInput,com.google.android.exoplayer2.extractor.ExtractorOutput,android.net.Uri)
		IncompleteOperationError violating CrySL rule for javax.crypto.Cipher (on Object #df4109145577d354234d3ed0d7d555dfa8414b44ccc92a3701d05649b56368ed)
			Operation on object of type javax.crypto.Cipher object not completed. Expected call to init, getInstance
			at statement: interfaceinvoke $r3.<com.google.android.exoplayer2.extractor.ExtractorInput: void resetPeekPosition()>()

		IncompleteOperationError violating CrySL rule for javax.crypto.Cipher (on Object #df4109145577d354234d3ed0d7d555dfa8414b44ccc92a3701d05649b56368ed)
			Operation on object of type javax.crypto.Cipher object not completed. Expected call to init, getInstance
			at statement: interfaceinvoke $r3.<com.google.android.exoplayer2.extractor.ExtractorInput: void resetPeekPosition()>()


Findings in Java Class: com.google.android.exoplayer2.extractor.FlacMetadataReader

	 in Method: void readStreamMarker(com.google.android.exoplayer2.extractor.ExtractorInput)
		IncompleteOperationError violating CrySL rule for javax.crypto.Cipher (on Object #df4109145577d354234d3ed0d7d555dfa8414b44ccc92a3701d05649b56368ed)
			Operation on object of type javax.crypto.Cipher object not completed. Expected call to init, getInstance
			at statement: interfaceinvoke $r0.<com.google.android.exoplayer2.extractor.ExtractorInput: void readFully(byte[],int,int)>($r2, varReplacer29763, varReplacer29764)


	 in Method: int getFrameStartMarker(com.google.android.exoplayer2.extractor.ExtractorInput)
		IncompleteOperationError violating CrySL rule for javax.crypto.Cipher (on Object #df4109145577d354234d3ed0d7d555dfa8414b44ccc92a3701d05649b56368ed)
			Operation on object of type javax.crypto.Cipher object not completed. Expected call to init, getInstance
			at statement: interfaceinvoke $r0.<com.google.android.exoplayer2.extractor.ExtractorInput: void resetPeekPosition()>()


	 in Method: boolean readMetadataBlock(com.google.android.exoplayer2.extractor.ExtractorInput,com.google.android.exoplayer2.extractor.FlacMetadataReader$FlacStreamMetadataHolder)
		IncompleteOperationError violating CrySL rule for javax.crypto.Cipher (on Object #df4109145577d354234d3ed0d7d555dfa8414b44ccc92a3701d05649b56368ed)
			Operation on object of type javax.crypto.Cipher object not completed. Expected call to init, getInstance
			at statement: interfaceinvoke $r1.<com.google.android.exoplayer2.extractor.ExtractorInput: void peekFully(byte[],int,int)>($r3, varReplacer29758, varReplacer29759)


Findings in Java Class: com.google.android.exoplayer2.source.hls.DefaultHlsExtractorFactory

	 in Method: boolean sniffQuietly(com.google.android.exoplayer2.extractor.Extractor,com.google.android.exoplayer2.extractor.ExtractorInput)
		IncompleteOperationError violating CrySL rule for javax.crypto.Cipher (on Object #df4109145577d354234d3ed0d7d555dfa8414b44ccc92a3701d05649b56368ed)
			Operation on object of type javax.crypto.Cipher object not completed. Expected call to init, getInstance
			at statement: interfaceinvoke $r0.<com.google.android.exoplayer2.extractor.ExtractorInput: void resetPeekPosition()>()


Findings in Java Class: com.google.android.exoplayer2.upstream.DataSourceInputStream

	 in Method: void checkOpened()
		IncompleteOperationError violating CrySL rule for javax.crypto.Cipher (on Object #df4109145577d354234d3ed0d7d555dfa8414b44ccc92a3701d05649b56368ed)
			Operation on object of type javax.crypto.Cipher object not completed. Expected call to init, getInstance
			at statement: interfaceinvoke $r2.<com.google.android.exoplayer2.upstream.DataSource: long open(com.google.android.exoplayer2.upstream.DataSpec)>($r1)


	 in Method: int read(byte[],int,int)
		IncompleteOperationError violating CrySL rule for javax.crypto.Cipher (on Object #df4109145577d354234d3ed0d7d555dfa8414b44ccc92a3701d05649b56368ed)
			Operation on object of type javax.crypto.Cipher object not completed. Expected call to init, getInstance
			at statement: $i1 = interfaceinvoke $r2.<com.google.android.exoplayer2.upstream.DataSource: int read(byte[],int,int)>($r1, $i1, $i0)


Findings in Java Class: com.google.android.exoplayer2.extractor.mkv.DefaultEbmlReader

	 in Method: boolean read(com.google.android.exoplayer2.extractor.ExtractorInput)
		IncompleteOperationError violating CrySL rule for javax.crypto.Cipher (on Object #df4109145577d354234d3ed0d7d555dfa8414b44ccc92a3701d05649b56368ed)
			Operation on object of type javax.crypto.Cipher object not completed. Expected call to init, getInstance
			at statement: $l0 = virtualinvoke $r6.<com.google.android.exoplayer2.extractor.mkv.VarintReader: long readUnsignedVarint(com.google.android.exoplayer2.extractor.ExtractorInput,boolean,boolean,int)>($r1, varReplacer29309, varReplacer29310, varReplacer29311)

		IncompleteOperationError violating CrySL rule for javax.crypto.Cipher (on Object #df4109145577d354234d3ed0d7d555dfa8414b44ccc92a3701d05649b56368ed)
			Operation on object of type javax.crypto.Cipher object not completed. Expected call to init, getInstance
			at statement: $l0 = virtualinvoke $r6.<com.google.android.exoplayer2.extractor.mkv.VarintReader: long readUnsignedVarint(com.google.android.exoplayer2.extractor.ExtractorInput,boolean,boolean,int)>($r1, varReplacer29313, varReplacer29314, varReplacer29315)

		IncompleteOperationError violating CrySL rule for javax.crypto.Cipher (on Object #df4109145577d354234d3ed0d7d555dfa8414b44ccc92a3701d05649b56368ed)
			Operation on object of type javax.crypto.Cipher object not completed. Expected call to init, getInstance
			at statement: $l1 = specialinvoke r0.<com.google.android.exoplayer2.extractor.mkv.DefaultEbmlReader: long maybeResyncToNextLevel1Element(com.google.android.exoplayer2.extractor.ExtractorInput)>($r1)

		IncompleteOperationError violating CrySL rule for javax.crypto.Cipher (on Object #df4109145577d354234d3ed0d7d555dfa8414b44ccc92a3701d05649b56368ed)
			Operation on object of type javax.crypto.Cipher object not completed. Expected call to init, getInstance
			at statement: interfaceinvoke $r1.<com.google.android.exoplayer2.extractor.ExtractorInput: void skipFully(int)>($i3)

		IncompleteOperationError violating CrySL rule for javax.crypto.Cipher (on Object #df4109145577d354234d3ed0d7d555dfa8414b44ccc92a3701d05649b56368ed)
			Operation on object of type javax.crypto.Cipher object not completed. Expected call to init, getInstance
			at statement: $l0 = interfaceinvoke $r1.<com.google.android.exoplayer2.extractor.ExtractorInput: long getPosition()>()


Findings in Java Class: com.google.android.exoplayer2.upstream.cache.CacheUtil

	 in Method: void cache(com.google.android.exoplayer2.upstream.DataSpec,com.google.android.exoplayer2.upstream.cache.Cache,com.google.android.exoplayer2.upstream.cache.CacheKeyFactory,com.google.android.exoplayer2.upstream.cache.CacheDataSource,byte[],com.google.android.exoplayer2.util.PriorityTaskManager,int,com.google.android.exoplayer2.upstream.cache.CacheUtil$ProgressListener,java.util.concurrent.atomic.AtomicBoolean,boolean)
		IncompleteOperationError violating CrySL rule for javax.crypto.Cipher (on Object #df4109145577d354234d3ed0d7d555dfa8414b44ccc92a3701d05649b56368ed)
			Operation on object of type javax.crypto.Cipher object not completed. Expected call to init, getInstance
			at statement: $l5 = staticinvoke <com.google.android.exoplayer2.upstream.cache.CacheUtil: long readAndDiscard(com.google.android.exoplayer2.upstream.DataSpec,long,long,com.google.android.exoplayer2.upstream.DataSource,byte[],com.google.android.exoplayer2.util.PriorityTaskManager,int,com.google.android.exoplayer2.upstream.cache.CacheUtil$ProgressNotifier,boolean,java.util.concurrent.atomic.AtomicBoolean)>($r0, $l2, $l5, $r3, $r4, $r5, $i0, $r8, $z2, $r7)


	 in Method: long readAndDiscard(com.google.android.exoplayer2.upstream.DataSpec,long,long,com.google.android.exoplayer2.upstream.DataSource,byte[],com.google.android.exoplayer2.util.PriorityTaskManager,int,com.google.android.exoplayer2.upstream.cache.CacheUtil$ProgressNotifier,boolean,java.util.concurrent.atomic.AtomicBoolean)
		IncompleteOperationError violating CrySL rule for javax.crypto.Cipher (on Object #df4109145577d354234d3ed0d7d555dfa8414b44ccc92a3701d05649b56368ed)
			Operation on object of type javax.crypto.Cipher object not completed. Expected call to init, getInstance
			at statement: staticinvoke <com.google.android.exoplayer2.util.Util: void closeQuietly(com.google.android.exoplayer2.upstream.DataSource)>($r1)


Findings in Java Class: com.google.android.exoplayer2.extractor.wav.WavHeaderReader

	 in Method: android.util.Pair skipToData(com.google.android.exoplayer2.extractor.ExtractorInput)
		IncompleteOperationError violating CrySL rule for javax.crypto.Cipher (on Object #df4109145577d354234d3ed0d7d555dfa8414b44ccc92a3701d05649b56368ed)
			Operation on object of type javax.crypto.Cipher object not completed. Expected call to init, getInstance
			at statement: $r2 = staticinvoke <com.google.android.exoplayer2.extractor.wav.WavHeaderReader$ChunkHeader: com.google.android.exoplayer2.extractor.wav.WavHeaderReader$ChunkHeader peek(com.google.android.exoplayer2.extractor.ExtractorInput,com.google.android.exoplayer2.util.ParsableByteArray)>($r0, $r1)

		IncompleteOperationError violating CrySL rule for javax.crypto.Cipher (on Object #df4109145577d354234d3ed0d7d555dfa8414b44ccc92a3701d05649b56368ed)
			Operation on object of type javax.crypto.Cipher object not completed. Expected call to init, getInstance
			at statement: $r2 = staticinvoke <com.google.android.exoplayer2.extractor.wav.WavHeaderReader$ChunkHeader: com.google.android.exoplayer2.extractor.wav.WavHeaderReader$ChunkHeader peek(com.google.android.exoplayer2.extractor.ExtractorInput,com.google.android.exoplayer2.util.ParsableByteArray)>($r0, $r1)


Findings in Java Class: com.google.android.exoplayer2.extractor.DummyTrackOutput

	 in Method: int sampleData(com.google.android.exoplayer2.extractor.ExtractorInput,int,boolean)
		IncompleteOperationError violating CrySL rule for javax.crypto.Cipher (on Object #df4109145577d354234d3ed0d7d555dfa8414b44ccc92a3701d05649b56368ed)
			Operation on object of type javax.crypto.Cipher object not completed. Expected call to init, getInstance
			at statement: $i0 = interfaceinvoke $r1.<com.google.android.exoplayer2.extractor.ExtractorInput: int skip(int)>($i0)


Findings in Java Class: com.google.android.exoplayer2.extractor.ts.AdtsExtractor

	 in Method: void calculateAverageFrameSize(com.google.android.exoplayer2.extractor.ExtractorInput)
		IncompleteOperationError violating CrySL rule for javax.crypto.Cipher (on Object #df4109145577d354234d3ed0d7d555dfa8414b44ccc92a3701d05649b56368ed)
			Operation on object of type javax.crypto.Cipher object not completed. Expected call to init, getInstance
			at statement: $z0 = interfaceinvoke $r2.<com.google.android.exoplayer2.extractor.ExtractorInput: boolean peekFully(byte[],int,int,boolean)>($r4, varReplacer29644, varReplacer29645, varReplacer29646)


Findings in Java Class: com.google.android.exoplayer2.extractor.ogg.OggPageHeader

	 in Method: boolean populate(com.google.android.exoplayer2.extractor.ExtractorInput,boolean)
		IncompleteOperationError violating CrySL rule for javax.crypto.Cipher (on Object #df4109145577d354234d3ed0d7d555dfa8414b44ccc92a3701d05649b56368ed)
			Operation on object of type javax.crypto.Cipher object not completed. Expected call to init, getInstance
			at statement: $l0 = interfaceinvoke $r1.<com.google.android.exoplayer2.extractor.ExtractorInput: long getLength()>()

		IncompleteOperationError violating CrySL rule for javax.crypto.Cipher (on Object #df4109145577d354234d3ed0d7d555dfa8414b44ccc92a3701d05649b56368ed)
			Operation on object of type javax.crypto.Cipher object not completed. Expected call to init, getInstance
			at statement: $l3 = interfaceinvoke $r1.<com.google.android.exoplayer2.extractor.ExtractorInput: long getPeekPosition()>()

		IncompleteOperationError violating CrySL rule for javax.crypto.Cipher (on Object #df4109145577d354234d3ed0d7d555dfa8414b44ccc92a3701d05649b56368ed)
			Operation on object of type javax.crypto.Cipher object not completed. Expected call to init, getInstance
			at statement: $z1 = interfaceinvoke $r1.<com.google.android.exoplayer2.extractor.ExtractorInput: boolean peekFully(byte[],int,int,boolean)>($r3, varReplacer35965, varReplacer35966, varReplacer35967)


Findings in Java Class: com.google.android.exoplayer2.extractor.rawcc.RawCcExtractor

	 in Method: int read(com.google.android.exoplayer2.extractor.ExtractorInput,com.google.android.exoplayer2.extractor.PositionHolder)
		IncompleteOperationError violating CrySL rule for javax.crypto.Cipher (on Object #df4109145577d354234d3ed0d7d555dfa8414b44ccc92a3701d05649b56368ed)
			Operation on object of type javax.crypto.Cipher object not completed. Expected call to init, getInstance
			at statement: $z0 = specialinvoke r0.<com.google.android.exoplayer2.extractor.rawcc.RawCcExtractor: boolean parseTimestampAndSampleCount(com.google.android.exoplayer2.extractor.ExtractorInput)>($r1)

		IncompleteOperationError violating CrySL rule for javax.crypto.Cipher (on Object #df4109145577d354234d3ed0d7d555dfa8414b44ccc92a3701d05649b56368ed)
			Operation on object of type javax.crypto.Cipher object not completed. Expected call to init, getInstance
			at statement: $z0 = specialinvoke r0.<com.google.android.exoplayer2.extractor.rawcc.RawCcExtractor: boolean parseHeader(com.google.android.exoplayer2.extractor.ExtractorInput)>($r1)


	 in Method: boolean parseHeader(com.google.android.exoplayer2.extractor.ExtractorInput)
		IncompleteOperationError violating CrySL rule for javax.crypto.Cipher (on Object #df4109145577d354234d3ed0d7d555dfa8414b44ccc92a3701d05649b56368ed)
			Operation on object of type javax.crypto.Cipher object not completed. Expected call to init, getInstance
			at statement: $z0 = interfaceinvoke $r1.<com.google.android.exoplayer2.extractor.ExtractorInput: boolean readFully(byte[],int,int,boolean)>($r3, varReplacer29407, varReplacer29408, varReplacer29409)


Findings in Java Class: com.google.android.exoplayer2.extractor.ogg.DefaultOggSeeker

	 in Method: void skipToNextPage(com.google.android.exoplayer2.extractor.ExtractorInput)
		IncompleteOperationError violating CrySL rule for javax.crypto.Cipher (on Object #df4109145577d354234d3ed0d7d555dfa8414b44ccc92a3701d05649b56368ed)
			Operation on object of type javax.crypto.Cipher object not completed. Expected call to init, getInstance
			at statement: $z0 = specialinvoke r0.<com.google.android.exoplayer2.extractor.ogg.DefaultOggSeeker: boolean skipToNextPage(com.google.android.exoplayer2.extractor.ExtractorInput,long)>($r1, $l0)


	 in Method: long getNextSeekPosition(com.google.android.exoplayer2.extractor.ExtractorInput)
		IncompleteOperationError violating CrySL rule for javax.crypto.Cipher (on Object #df4109145577d354234d3ed0d7d555dfa8414b44ccc92a3701d05649b56368ed)
			Operation on object of type javax.crypto.Cipher object not completed. Expected call to init, getInstance
			at statement: $z0 = specialinvoke r0.<com.google.android.exoplayer2.extractor.ogg.DefaultOggSeeker: boolean skipToNextPage(com.google.android.exoplayer2.extractor.ExtractorInput,long)>($r1, $l1)


Findings in Java Class: com.google.android.exoplayer2.source.ProgressiveMediaPeriod$ExtractingLoadable

	 in Method: void load()
		IncompleteOperationError violating CrySL rule for javax.crypto.Cipher (on Object #df4109145577d354234d3ed0d7d555dfa8414b44ccc92a3701d05649b56368ed)
			Operation on object of type javax.crypto.Cipher object not completed. Expected call to init, getInstance
			at statement: $r16 = virtualinvoke $r14.<com.google.android.exoplayer2.source.ProgressiveMediaPeriod$ExtractorHolder: com.google.android.exoplayer2.extractor.Extractor selectExtractor(com.google.android.exoplayer2.extractor.ExtractorInput,com.google.android.exoplayer2.extractor.ExtractorOutput,android.net.Uri)>($r1, $r15, $r6)

		IncompleteOperationError violating CrySL rule for javax.crypto.Cipher (on Object #df4109145577d354234d3ed0d7d555dfa8414b44ccc92a3701d05649b56368ed)
			Operation on object of type javax.crypto.Cipher object not completed. Expected call to init, getInstance
			at statement: $l2 = interfaceinvoke $r1.<com.google.android.exoplayer2.extractor.ExtractorInput: long getPosition()>()

		IncompleteOperationError violating CrySL rule for javax.crypto.Cipher (on Object #df4109145577d354234d3ed0d7d555dfa8414b44ccc92a3701d05649b56368ed)
			Operation on object of type javax.crypto.Cipher object not completed. Expected call to init, getInstance
			at statement: $l0 = interfaceinvoke $r1.<com.google.android.exoplayer2.extractor.ExtractorInput: long getPosition()>()

		IncompleteOperationError violating CrySL rule for javax.crypto.Cipher (on Object #df4109145577d354234d3ed0d7d555dfa8414b44ccc92a3701d05649b56368ed)
			Operation on object of type javax.crypto.Cipher object not completed. Expected call to init, getInstance
			at statement: $l2 = interfaceinvoke $r1.<com.google.android.exoplayer2.extractor.ExtractorInput: long getPosition()>()


Findings in Java Class: com.google.android.exoplayer2.extractor.ogg.OggExtractor

	 in Method: int read(com.google.android.exoplayer2.extractor.ExtractorInput,com.google.android.exoplayer2.extractor.PositionHolder)
		IncompleteOperationError violating CrySL rule for javax.crypto.Cipher (on Object #df4109145577d354234d3ed0d7d555dfa8414b44ccc92a3701d05649b56368ed)
			Operation on object of type javax.crypto.Cipher object not completed. Expected call to init, getInstance
			at statement: $z0 = specialinvoke r0.<com.google.android.exoplayer2.extractor.ogg.OggExtractor: boolean sniffInternal(com.google.android.exoplayer2.extractor.ExtractorInput)>($r2)


Findings in Java Class: com.google.android.exoplayer2.extractor.mp3.Mp3Extractor

	 in Method: boolean synchronize(com.google.android.exoplayer2.extractor.ExtractorInput,boolean)
		IncompleteOperationError violating CrySL rule for javax.crypto.Cipher (on Object #df4109145577d354234d3ed0d7d555dfa8414b44ccc92a3701d05649b56368ed)
			Operation on object of type javax.crypto.Cipher object not completed. Expected call to init, getInstance
			at statement: $z1 = specialinvoke r0.<com.google.android.exoplayer2.extractor.mp3.Mp3Extractor: boolean peekEndOfStreamOrHeader(com.google.android.exoplayer2.extractor.ExtractorInput)>($r1)


Findings in Java Class: com.google.android.exoplayer2.extractor.mkv.MatroskaExtractor

	 in Method: int writeSampleData(com.google.android.exoplayer2.extractor.ExtractorInput,com.google.android.exoplayer2.extractor.mkv.MatroskaExtractor$Track,int)
		IncompleteOperationError violating CrySL rule for javax.crypto.Cipher (on Object #df4109145577d354234d3ed0d7d555dfa8414b44ccc92a3701d05649b56368ed)
			Operation on object of type javax.crypto.Cipher object not completed. Expected call to init, getInstance
			at statement: interfaceinvoke $r1.<com.google.android.exoplayer2.extractor.ExtractorInput: void readFully(byte[],int,int)>($r5, varReplacer47374, varReplacer47375)


	 in Method: void binaryElement(int,int,com.google.android.exoplayer2.extractor.ExtractorInput)
		IncompleteOperationError violating CrySL rule for javax.crypto.Cipher (on Object #df4109145577d354234d3ed0d7d555dfa8414b44ccc92a3701d05649b56368ed)
			Operation on object of type javax.crypto.Cipher object not completed. Expected call to init, getInstance
			at statement: specialinvoke r0.<com.google.android.exoplayer2.extractor.mkv.MatroskaExtractor: void readScratch(com.google.android.exoplayer2.extractor.ExtractorInput,int)>($r1, $i3)

		IncompleteOperationError violating CrySL rule for javax.crypto.Cipher (on Object #df4109145577d354234d3ed0d7d555dfa8414b44ccc92a3701d05649b56368ed)
			Operation on object of type javax.crypto.Cipher object not completed. Expected call to init, getInstance
			at statement: specialinvoke r0.<com.google.android.exoplayer2.extractor.mkv.MatroskaExtractor: void readScratch(com.google.android.exoplayer2.extractor.ExtractorInput,int)>($r1, $i3)

		IncompleteOperationError violating CrySL rule for javax.crypto.Cipher (on Object #df4109145577d354234d3ed0d7d555dfa8414b44ccc92a3701d05649b56368ed)
			Operation on object of type javax.crypto.Cipher object not completed. Expected call to init, getInstance
			at statement: specialinvoke r0.<com.google.android.exoplayer2.extractor.mkv.MatroskaExtractor: void readScratch(com.google.android.exoplayer2.extractor.ExtractorInput,int)>($r1, varReplacer41070)


Findings in Java Class: com.google.android.exoplayer2.source.SampleDataQueue

	 in Method: int sampleData(com.google.android.exoplayer2.extractor.ExtractorInput,int,boolean)
		IncompleteOperationError violating CrySL rule for javax.crypto.Cipher (on Object #df4109145577d354234d3ed0d7d555dfa8414b44ccc92a3701d05649b56368ed)
			Operation on object of type javax.crypto.Cipher object not completed. Expected call to init, getInstance
			at statement: $i1 = interfaceinvoke $r1.<com.google.android.exoplayer2.extractor.ExtractorInput: int read(byte[],int,int)>($r4, $i2, $i1)


Findings in Java Class: com.google.android.exoplayer2.upstream.ByteArrayDataSource

	 in Method: long open(com.google.android.exoplayer2.upstream.DataSpec)
		IncompleteOperationError violating CrySL rule for javax.crypto.Cipher (on Object #df4109145577d354234d3ed0d7d555dfa8414b44ccc92a3701d05649b56368ed)
			Operation on object of type javax.crypto.Cipher object not completed. Expected call to init, getInstance
			at statement: virtualinvoke r0.<com.google.android.exoplayer2.upstream.BaseDataSource: void transferInitializing(com.google.android.exoplayer2.upstream.DataSpec)>($r3)


Findings in Java Class: com.google.android.exoplayer2.upstream.DataSchemeDataSource

	 in Method: long open(com.google.android.exoplayer2.upstream.DataSpec)
		IncompleteOperationError violating CrySL rule for javax.crypto.Cipher (on Object #df4109145577d354234d3ed0d7d555dfa8414b44ccc92a3701d05649b56368ed)
			Operation on object of type javax.crypto.Cipher object not completed. Expected call to init, getInstance
			at statement: virtualinvoke r0.<com.google.android.exoplayer2.upstream.BaseDataSource: void transferInitializing(com.google.android.exoplayer2.upstream.DataSpec)>($r1)


Findings in Java Class: com.google.android.exoplayer2.source.chunk.SingleSampleMediaChunk

	 in Method: void load()
		IncompleteOperationError violating CrySL rule for javax.crypto.Cipher (on Object #df4109145577d354234d3ed0d7d555dfa8414b44ccc92a3701d05649b56368ed)
			Operation on object of type javax.crypto.Cipher object not completed. Expected call to init, getInstance
			at statement: $i0 = interfaceinvoke $r3.<com.google.android.exoplayer2.extractor.TrackOutput: int sampleData(com.google.android.exoplayer2.extractor.ExtractorInput,int,boolean)>($r6, varReplacer16232, varReplacer16233)

		IncompleteOperationError violating CrySL rule for javax.crypto.Cipher (on Object #df4109145577d354234d3ed0d7d555dfa8414b44ccc92a3701d05649b56368ed)
			Operation on object of type javax.crypto.Cipher object not completed. Expected call to init, getInstance
			at statement: specialinvoke $r6.<com.google.android.exoplayer2.extractor.DefaultExtractorInput: void <init>(com.google.android.exoplayer2.upstream.DataSource,long,long)>($r1, $l2, $l3)


Findings in Java Class: com.google.android.exoplayer2.extractor.BinarySearchSeeker

	 in Method: int handlePendingSeek(com.google.android.exoplayer2.extractor.ExtractorInput,com.google.android.exoplayer2.extractor.PositionHolder)
		IncompleteOperationError violating CrySL rule for javax.crypto.Cipher (on Object #df4109145577d354234d3ed0d7d555dfa8414b44ccc92a3701d05649b56368ed)
			Operation on object of type javax.crypto.Cipher object not completed. Expected call to init, getInstance
			at statement: $r6 = interfaceinvoke $r3.<com.google.android.exoplayer2.extractor.BinarySearchSeeker$TimestampSeeker: com.google.android.exoplayer2.extractor.BinarySearchSeeker$TimestampSearchResult searchForTimestamp(com.google.android.exoplayer2.extractor.ExtractorInput,long)>($r1, $l1)


Findings in Java Class: com.google.android.exoplayer2.source.hls.HlsSampleStreamWrapper$EmsgUnwrappingTrackOutput

	 in Method: int sampleData(com.google.android.exoplayer2.extractor.ExtractorInput,int,boolean)
		IncompleteOperationError violating CrySL rule for javax.crypto.Cipher (on Object #df4109145577d354234d3ed0d7d555dfa8414b44ccc92a3701d05649b56368ed)
			Operation on object of type javax.crypto.Cipher object not completed. Expected call to init, getInstance
			at statement: $i1 = interfaceinvoke $r1.<com.google.android.exoplayer2.extractor.ExtractorInput: int read(byte[],int,int)>($r2, $i0, $i1)


Findings in Java Class: okhttp3.internal.platform.Platform

	 in Method: javax.net.ssl.SSLContext getSSLContext()
		ConstraintError violating CrySL rule for javax.net.ssl.SSLContext (on Object #9dcef8e78c280f629c14b4483a7099676db33c01c915155d62f0d085894e828d)
			First parameter (with value "TLS") should be any of {TLSv1.2, TLSv1.3}
			at statement: $r4 = staticinvoke <javax.net.ssl.SSLContext: javax.net.ssl.SSLContext getInstance(java.lang.String)>(varReplacer24579)


Findings in Java Class: okhttp3.internal.platform.AndroidPlatform

	 in Method: javax.net.ssl.SSLContext getSSLContext()
		ConstraintError violating CrySL rule for javax.net.ssl.SSLContext (on Object #145747e331785ff41cd2cca4a2bba63ca547e2a59dece7f86019961fc451f6cf)
			First parameter (with value "TLS") should be any of {TLSv1.2, TLSv1.3}
			at statement: $r3 = staticinvoke <javax.net.ssl.SSLContext: javax.net.ssl.SSLContext getInstance(java.lang.String)>(varReplacer24581)


Findings in Java Class: okhttp3.internal.platform.ConscryptPlatform

	 in Method: javax.net.ssl.SSLContext getSSLContext()
		ConstraintError violating CrySL rule for javax.net.ssl.SSLContext (on Object #b8c627009617be91ecf62b2aa7e6ba985c6f5865cec6dc0507e43b00d0e27378)
			First parameter (with value "TLS") should be any of {TLSv1.2, TLSv1.3}
			at statement: $r3 = staticinvoke <javax.net.ssl.SSLContext: javax.net.ssl.SSLContext getInstance(java.lang.String,java.security.Provider)>(varReplacer24584, $r2)


Findings in Java Class: com.google.android.exoplayer2.upstream.cache.CachedContentIndex$LegacyStorage

	 in Method: boolean readFile(java.util.HashMap,android.util.SparseArray)
		IncompleteOperationError violating CrySL rule for javax.crypto.CipherInputStream (on Object #6b30d6219e1be8a5e0a9a049ef7eb5d6780a49f6a7b22f8ed8fe44856ade655b)
			Operation on object of type javax.crypto.CipherInputStream object not completed. Expected call to read
			at statement: specialinvoke $r10.<java.io.DataInputStream: void <init>(java.io.InputStream)>($r18)

		RequiredPredicateError violating CrySL rule for javax.crypto.spec.IvParameterSpec
			First parameter was not properly generated as randomized
			at statement: specialinvoke $r16.<javax.crypto.spec.IvParameterSpec: void <init>(byte[])>($r15)


	 in Method: void writeFile(java.util.HashMap)
		IncompleteOperationError violating CrySL rule for javax.crypto.CipherOutputStream (on Object #d25fda46376f2e332f56ea026ae45706bde4c3a80699c95ac5175b26870d5614)
			Operation on object of type javax.crypto.CipherOutputStream object not completed. Expected call to write
			at statement: specialinvoke $r2.<java.io.DataOutputStream: void <init>(java.io.OutputStream)>($r12)

		RequiredPredicateError violating CrySL rule for javax.crypto.spec.IvParameterSpec
			First parameter was not properly generated as randomized
			at statement: specialinvoke $r9.<javax.crypto.spec.IvParameterSpec: void <init>(byte[])>($r7)


	 in Method: void <init>(java.io.File,byte[],boolean)
		RequiredPredicateError violating CrySL rule for javax.crypto.spec.SecretKeySpec
			First parameter was not properly generated as preparedKeyMaterial
			at statement: specialinvoke $r5.<javax.crypto.spec.SecretKeySpec: void <init>(byte[],java.lang.String)>($r3, varReplacer57273)


Findings in Java Class: okio.ByteString

	 in Method: okio.ByteString digest(java.lang.String)
		ConstraintError violating CrySL rule for java.security.MessageDigest (on Object #b336d574501b28a5bd90db22472c23a68acb0c1b99c4f14746fdc2a23c69a24e)
			First parameter (with value "SHA-1") should be any of {SHA-256, SHA-384, SHA-512}
			at statement: $r2 = staticinvoke <java.security.MessageDigest: java.security.MessageDigest getInstance(java.lang.String)>($r1)


Findings in Java Class: okhttp3.OkHttpClient

	 in Method: javax.net.ssl.SSLSocketFactory newSslSocketFactory(javax.net.ssl.X509TrustManager)
		RequiredPredicateError violating CrySL rule for javax.net.ssl.SSLContext
			Second parameter was not properly generated as generatedTrustManagers
			at statement: virtualinvoke $r2.<javax.net.ssl.SSLContext: void init(javax.net.ssl.KeyManager[],javax.net.ssl.TrustManager[],java.security.SecureRandom)>(varReplacer17634, $r7, varReplacer17634)

		RequiredPredicateError violating CrySL rule for javax.net.ssl.SSLContext
			Third parameter was not properly generated as randomized
			at statement: virtualinvoke $r2.<javax.net.ssl.SSLContext: void init(javax.net.ssl.KeyManager[],javax.net.ssl.TrustManager[],java.security.SecureRandom)>(varReplacer17634, $r7, varReplacer17634)

		RequiredPredicateError violating CrySL rule for javax.net.ssl.SSLContext
			First parameter was not properly generated as generatedKeyManagers
			at statement: virtualinvoke $r2.<javax.net.ssl.SSLContext: void init(javax.net.ssl.KeyManager[],javax.net.ssl.TrustManager[],java.security.SecureRandom)>(varReplacer17634, $r7, varReplacer17634)


Findings in Java Class: org.schabi.newpipelegacy.DownloaderImpl

	 in Method: void enableModernTLS(okhttp3.OkHttpClient$Builder)
		RequiredPredicateError violating CrySL rule for javax.net.ssl.TrustManagerFactory
			First parameter was not properly generated as generatedKeyStore
			at statement: virtualinvoke $r2.<javax.net.ssl.TrustManagerFactory: void init(java.security.KeyStore)>(varReplacer3151)


Findings in Java Class: okhttp3.internal.Util

	 in Method: javax.net.ssl.X509TrustManager platformTrustManager()
		RequiredPredicateError violating CrySL rule for javax.net.ssl.TrustManagerFactory
			First parameter was not properly generated as generatedKeyStore
			at statement: virtualinvoke $r1.<javax.net.ssl.TrustManagerFactory: void init(java.security.KeyStore)>(varReplacer17639)


======================= CryptoAnalysis Summary ==========================
	Number of CrySL rules: 49
	Number of Objects Analyzed: 38

	CryptoAnalysis found the following violations. For details see description above.
	RequiredPredicateError: 17
	IncompleteOperationError: 120
	ConstraintError: 12
	TypestateError: 1
=====================================================================
