0    [main] WARN  pes.access.impl.DeclaredTypeFactory  - --- xtext.common.types ---------------------------------------------------
1    [main] WARN  pes.access.impl.DeclaredTypeFactory  - ASM library is too old. Falling back to java.lang.reflect API.
1    [main] WARN  pes.access.impl.DeclaredTypeFactory  - Please note that no information about compile time constants is available.
1    [main] WARN  pes.access.impl.DeclaredTypeFactory  - It's recommended to use org.objectweb.asm 9.1.0 or better (Maven group id: org.ow2.asm).
1    [main] WARN  pes.access.impl.DeclaredTypeFactory  - --------------------------------------------------------------------------
Ruleset: 
	java.security.cert.TrustAnchor
	javax.crypto.spec.GCMParameterSpec
	javax.xml.crypto.dsig.spec.HMACParameterSpec
	java.security.KeyPair
	java.security.DigestOutputStream
	javax.net.ssl.KeyStoreBuilderParameters
	javax.crypto.spec.OAEPParameterSpec
	javax.net.ssl.SSLContext
	javax.crypto.spec.DHGenParameterSpec
	javax.crypto.CipherOutputStream
	java.security.Key
	javax.crypto.SecretKeyFactory
	java.security.cert.PKIXBuilderParameters
	java.security.KeyFactory
	javax.crypto.spec.PBEKeySpec
	java.security.spec.DSAGenParameterSpec
	java.security.KeyPairGenerator
	javax.crypto.CipherInputStream
	javax.net.ssl.CertPathTrustManagerParameters
	java.security.cert.CertificateFactory
	java.security.SecureRandom
	java.security.spec.MGF1ParameterSpec
	javax.net.ssl.SSLEngine
	javax.crypto.spec.DHParameterSpec
	java.security.spec.DSAParameterSpec
	java.security.spec.ECParameterSpec
	java.security.spec.RSAKeyGenParameterSpec
	javax.crypto.spec.IvParameterSpec
	javax.crypto.Cipher
	javax.crypto.spec.PBEParameterSpec
	java.security.AlgorithmParameterGenerator
	java.security.spec.X509EncodedKeySpec
	javax.net.ssl.TrustManagerFactory
	java.security.DigestInputStream
	void
	javax.net.ssl.KeyManagerFactory
	java.security.cert.PKIXParameters
	java.net.PasswordAuthentication
	java.security.AlgorithmParameters
	javax.crypto.KeyAgreement
	javax.crypto.spec.SecretKeySpec
	javax.net.ssl.SSLParameters
	java.security.MessageDigest
	javax.crypto.SecretKey
	javax.crypto.KeyGenerator
	java.security.KeyStore
	javax.crypto.Mac
	java.security.spec.ECGenParameterSpec
	java.security.Signature

Analyzed Objects: 
	Object:
		Variable: $r5
		Type: javax.net.ssl.SSLContext
		Statement: $r5 = staticinvoke <javax.net.ssl.SSLContext: javax.net.ssl.SSLContext getInstance(java.lang.String)>(varReplacer5489)
		Method: <a.e: javax.net.ssl.HttpsURLConnection a(java.lang.String,java.lang.String,java.lang.String)>
		SHA-256: 8bdc6b0c6c6c24b834f07f818bfa75b2dfb01dd24aa856bf73971731ea765cdf
		Secure: false
	Object:
		Variable: $r2
		Type: java.security.MessageDigest
		Statement: $r2 = staticinvoke <java.security.MessageDigest: java.security.MessageDigest getInstance(java.lang.String)>(varReplacer16778)
		Method: <com.facebook.stetho.websocket.WebSocketHandler: java.lang.String generateServerKey(java.lang.String)>
		SHA-256: 2d4fcbf79fa4ee3e3d73ae3bcdaf23187207ad90a152084efbfcb98e000cb03a
		Secure: false
	Object:
		Variable: $r0
		Type: java.security.SecureRandom
		Statement: specialinvoke $r0.<java.security.SecureRandom: void <init>()>()
		Method: <l.ba: void <clinit>()>
		SHA-256: 4136253a3cb826fbf4c2ad348803c43b896069739daff615783c3a6bbe453ae7
		Secure: true
	Object:
		Variable: $r3
		Type: byte[]
		Statement: $r3 = virtualinvoke $r2.<java.security.MessageDigest: byte[] digest()>()
		Method: <com.facebook.stetho.websocket.WebSocketHandler: java.lang.String generateServerKey(java.lang.String)>
		SHA-256: 3a839c53a2e73deca07bbaf6104910cef5aa9fd6a0877ab2fecd0b969b6bc376
		Secure: false
	Object:
		Variable: $r17
		Type: java.security.SecureRandom
		Statement: specialinvoke $r17.<java.security.SecureRandom: void <init>()>()
		Method: <a.e: javax.net.ssl.HttpsURLConnection a(java.lang.String,java.lang.String,java.lang.String)>
		SHA-256: edcc2873ed351ba92534a107b0493750a116335145c29a25d4071d95f85f9a5a
		Secure: true

Findings in Java Class: a.e

	 in Method: javax.net.ssl.HttpsURLConnection a(java.lang.String,java.lang.String,java.lang.String)
		ConstraintError violating CrySL rule for javax.net.ssl.SSLContext (on Object #8bdc6b0c6c6c24b834f07f818bfa75b2dfb01dd24aa856bf73971731ea765cdf)
			First parameter (with value "SSL") should be any of {TLSv1.2, TLSv1.3}
			at statement: $r5 = staticinvoke <javax.net.ssl.SSLContext: javax.net.ssl.SSLContext getInstance(java.lang.String)>(varReplacer5489)

		RequiredPredicateError violating CrySL rule for javax.net.ssl.SSLContext
			Third parameter was not properly generated as randomized
			at statement: virtualinvoke $r5.<javax.net.ssl.SSLContext: void init(javax.net.ssl.KeyManager[],javax.net.ssl.TrustManager[],java.security.SecureRandom)>(varReplacer5487, $r21, $r6)

		RequiredPredicateError violating CrySL rule for javax.net.ssl.SSLContext
			First parameter was not properly generated as generatedKeyManagers
			at statement: virtualinvoke $r5.<javax.net.ssl.SSLContext: void init(javax.net.ssl.KeyManager[],javax.net.ssl.TrustManager[],java.security.SecureRandom)>(varReplacer5487, $r21, $r6)

		RequiredPredicateError violating CrySL rule for javax.net.ssl.SSLContext
			Second parameter was not properly generated as generatedTrustManagers
			at statement: virtualinvoke $r5.<javax.net.ssl.SSLContext: void init(javax.net.ssl.KeyManager[],javax.net.ssl.TrustManager[],java.security.SecureRandom)>(varReplacer5487, $r21, $r6)


Findings in Java Class: com.facebook.stetho.websocket.WebSocketHandler

	 in Method: java.lang.String generateServerKey(java.lang.String)
		ConstraintError violating CrySL rule for java.security.MessageDigest (on Object #2d4fcbf79fa4ee3e3d73ae3bcdaf23187207ad90a152084efbfcb98e000cb03a)
			First parameter (with value "SHA-1") should be any of {SHA-256, SHA-384, SHA-512}
			at statement: $r2 = staticinvoke <java.security.MessageDigest: java.security.MessageDigest getInstance(java.lang.String)>(varReplacer16778)


======================= CryptoAnalysis Summary ==========================
	Number of CrySL rules: 49
	Number of Objects Analyzed: 5

	CryptoAnalysis found the following violations. For details see description above.
	ConstraintError: 2
	RequiredPredicateError: 3
=====================================================================
