0    [main] WARN  pes.access.impl.DeclaredTypeFactory  - --- xtext.common.types ---------------------------------------------------
1    [main] WARN  pes.access.impl.DeclaredTypeFactory  - ASM library is too old. Falling back to java.lang.reflect API.
1    [main] WARN  pes.access.impl.DeclaredTypeFactory  - Please note that no information about compile time constants is available.
1    [main] WARN  pes.access.impl.DeclaredTypeFactory  - It's recommended to use org.objectweb.asm 9.1.0 or better (Maven group id: org.ow2.asm).
1    [main] WARN  pes.access.impl.DeclaredTypeFactory  - --------------------------------------------------------------------------
Ruleset: 
	java.security.cert.TrustAnchor
	javax.crypto.spec.GCMParameterSpec
	javax.xml.crypto.dsig.spec.HMACParameterSpec
	java.security.KeyPair
	java.security.DigestOutputStream
	javax.net.ssl.KeyStoreBuilderParameters
	javax.crypto.spec.OAEPParameterSpec
	javax.net.ssl.SSLContext
	javax.crypto.spec.DHGenParameterSpec
	javax.crypto.CipherOutputStream
	java.security.Key
	javax.crypto.SecretKeyFactory
	java.security.cert.PKIXBuilderParameters
	java.security.KeyFactory
	javax.crypto.spec.PBEKeySpec
	java.security.spec.DSAGenParameterSpec
	java.security.KeyPairGenerator
	javax.crypto.CipherInputStream
	javax.net.ssl.CertPathTrustManagerParameters
	java.security.cert.CertificateFactory
	java.security.SecureRandom
	java.security.spec.MGF1ParameterSpec
	javax.net.ssl.SSLEngine
	javax.crypto.spec.DHParameterSpec
	java.security.spec.DSAParameterSpec
	java.security.spec.ECParameterSpec
	java.security.spec.RSAKeyGenParameterSpec
	javax.crypto.spec.IvParameterSpec
	javax.crypto.Cipher
	javax.crypto.spec.PBEParameterSpec
	java.security.AlgorithmParameterGenerator
	java.security.spec.X509EncodedKeySpec
	javax.net.ssl.TrustManagerFactory
	java.security.DigestInputStream
	void
	javax.net.ssl.KeyManagerFactory
	java.security.cert.PKIXParameters
	java.net.PasswordAuthentication
	java.security.AlgorithmParameters
	javax.crypto.KeyAgreement
	javax.crypto.spec.SecretKeySpec
	javax.net.ssl.SSLParameters
	java.security.MessageDigest
	javax.crypto.SecretKey
	javax.crypto.KeyGenerator
	java.security.KeyStore
	javax.crypto.Mac
	java.security.spec.ECGenParameterSpec
	java.security.Signature

Analyzed Objects: 
	Object:
		Variable: $r11
		Type: java.security.KeyStore
		Statement: $r11 = staticinvoke <java.security.KeyStore: java.security.KeyStore getInstance(java.lang.String)>($r10)
		Method: <org.woheller69.weather.http.VolleyHttpRequest: javax.net.ssl.SSLSocketFactory getSocketFactory()>
		SHA-256: 89413179649476b8c82fffd2df65a2f2ddc1eaef55b9c9536587bf918bcdba1
		Secure: true
	Object:
		Variable: $r13
		Type: javax.net.ssl.SSLContext
		Statement: $r13 = staticinvoke <javax.net.ssl.SSLContext: javax.net.ssl.SSLContext getInstance(java.lang.String)>(varReplacer10615)
		Method: <org.woheller69.weather.http.VolleyHttpRequest: javax.net.ssl.SSLSocketFactory getSocketFactory()>
		SHA-256: 3be08ddec97e4c179d96aae858a3811fb1e3e64646dafbf4594530f121486a2d
		Secure: false
	Object:
		Variable: $r1
		Type: java.security.cert.CertificateFactory
		Statement: $r1 = staticinvoke <java.security.cert.CertificateFactory: java.security.cert.CertificateFactory getInstance(java.lang.String)>(varReplacer10616)
		Method: <org.woheller69.weather.http.VolleyHttpRequest: javax.net.ssl.SSLSocketFactory getSocketFactory()>
		SHA-256: 4daa492048b9f22db73fc518a2b12d309f600fdbdf21c4288894443d281c2f10
		Secure: false
	Object:
		Variable: $r14
		Type: javax.net.ssl.TrustManager[]
		Statement: $r14 = virtualinvoke $r12.<javax.net.ssl.TrustManagerFactory: javax.net.ssl.TrustManager[] getTrustManagers()>()
		Method: <org.woheller69.weather.http.VolleyHttpRequest: javax.net.ssl.SSLSocketFactory getSocketFactory()>
		SHA-256: 2383c7ebeb14513ceba59b44dbc85fda487681255a8e92034994df7cab77a629
		Secure: true
	Object:
		Variable: $r12
		Type: javax.net.ssl.TrustManagerFactory
		Statement: $r12 = staticinvoke <javax.net.ssl.TrustManagerFactory: javax.net.ssl.TrustManagerFactory getInstance(java.lang.String)>($r10)
		Method: <org.woheller69.weather.http.VolleyHttpRequest: javax.net.ssl.SSLSocketFactory getSocketFactory()>
		SHA-256: 345ac4bd99179e1c48a55354317b8665a75680dea8fe6245a3bfeb74a18f3e42
		Secure: true

Findings in Java Class: org.woheller69.weather.http.VolleyHttpRequest

	 in Method: javax.net.ssl.SSLSocketFactory getSocketFactory()
		ConstraintError violating CrySL rule for javax.net.ssl.SSLContext (on Object #3be08ddec97e4c179d96aae858a3811fb1e3e64646dafbf4594530f121486a2d)
			First parameter (with value "TLS") should be any of {TLSv1.2, TLSv1.3}
			at statement: $r13 = staticinvoke <javax.net.ssl.SSLContext: javax.net.ssl.SSLContext getInstance(java.lang.String)>(varReplacer10615)

		RequiredPredicateError violating CrySL rule for javax.net.ssl.SSLContext
			Third parameter was not properly generated as randomized
			at statement: virtualinvoke $r13.<javax.net.ssl.SSLContext: void init(javax.net.ssl.KeyManager[],javax.net.ssl.TrustManager[],java.security.SecureRandom)>(varReplacer10624, $r14, varReplacer10624)

		RequiredPredicateError violating CrySL rule for javax.net.ssl.SSLContext
			First parameter was not properly generated as generatedKeyManagers
			at statement: virtualinvoke $r13.<javax.net.ssl.SSLContext: void init(javax.net.ssl.KeyManager[],javax.net.ssl.TrustManager[],java.security.SecureRandom)>(varReplacer10624, $r14, varReplacer10624)

		IncompleteOperationError violating CrySL rule for java.security.cert.CertificateFactory (on Object #4daa492048b9f22db73fc518a2b12d309f600fdbdf21c4288894443d281c2f10)
			Operation on object of type java.security.cert.CertificateFactory object not completed. Expected call to generateCRL
			at statement: $r6 = virtualinvoke $r1.<java.security.cert.CertificateFactory: java.security.cert.Certificate generateCertificate(java.io.InputStream)>($r2)


======================= CryptoAnalysis Summary ==========================
	Number of CrySL rules: 49
	Number of Objects Analyzed: 5

	CryptoAnalysis found the following violations. For details see description above.
	IncompleteOperationError: 1
	RequiredPredicateError: 2
	ConstraintError: 1
=====================================================================
