1    [main] WARN  pes.access.impl.DeclaredTypeFactory  - --- xtext.common.types ---------------------------------------------------
1    [main] WARN  pes.access.impl.DeclaredTypeFactory  - ASM library is too old. Falling back to java.lang.reflect API.
1    [main] WARN  pes.access.impl.DeclaredTypeFactory  - Please note that no information about compile time constants is available.
1    [main] WARN  pes.access.impl.DeclaredTypeFactory  - It's recommended to use org.objectweb.asm 9.1.0 or better (Maven group id: org.ow2.asm).
1    [main] WARN  pes.access.impl.DeclaredTypeFactory  - --------------------------------------------------------------------------
Ruleset: 
	java.security.cert.TrustAnchor
	javax.crypto.spec.GCMParameterSpec
	javax.xml.crypto.dsig.spec.HMACParameterSpec
	java.security.KeyPair
	java.security.DigestOutputStream
	javax.net.ssl.KeyStoreBuilderParameters
	javax.crypto.spec.OAEPParameterSpec
	javax.net.ssl.SSLContext
	javax.crypto.spec.DHGenParameterSpec
	javax.crypto.CipherOutputStream
	java.security.Key
	javax.crypto.SecretKeyFactory
	java.security.cert.PKIXBuilderParameters
	java.security.KeyFactory
	javax.crypto.spec.PBEKeySpec
	java.security.spec.DSAGenParameterSpec
	java.security.KeyPairGenerator
	javax.crypto.CipherInputStream
	javax.net.ssl.CertPathTrustManagerParameters
	java.security.cert.CertificateFactory
	java.security.SecureRandom
	java.security.spec.MGF1ParameterSpec
	javax.net.ssl.SSLEngine
	javax.crypto.spec.DHParameterSpec
	java.security.spec.DSAParameterSpec
	java.security.spec.ECParameterSpec
	java.security.spec.RSAKeyGenParameterSpec
	javax.crypto.spec.IvParameterSpec
	javax.crypto.Cipher
	javax.crypto.spec.PBEParameterSpec
	java.security.AlgorithmParameterGenerator
	java.security.spec.X509EncodedKeySpec
	javax.net.ssl.TrustManagerFactory
	java.security.DigestInputStream
	void
	javax.net.ssl.KeyManagerFactory
	java.security.cert.PKIXParameters
	java.net.PasswordAuthentication
	java.security.AlgorithmParameters
	javax.crypto.KeyAgreement
	javax.crypto.spec.SecretKeySpec
	javax.net.ssl.SSLParameters
	java.security.MessageDigest
	javax.crypto.SecretKey
	javax.crypto.KeyGenerator
	java.security.KeyStore
	javax.crypto.Mac
	java.security.spec.ECGenParameterSpec
	java.security.Signature

Analyzed Objects: 
	Object:
		Variable: $r2
		Type: java.security.MessageDigest
		Statement: $r2 = staticinvoke <java.security.MessageDigest: java.security.MessageDigest getInstance(java.lang.String)>(varReplacer499)
		Method: <org.emdev.utils.StringUtils: java.lang.String md5(java.lang.String)>
		SHA-256: fc44986783c08960c6b782e33ec760088a47829dd5bbc4e667297918e80812d1
		Secure: false
	Object:
		Variable: $r4
		Type: java.security.MessageDigest
		Statement: $r4 = staticinvoke <java.security.MessageDigest: java.security.MessageDigest getInstance(java.lang.String)>(varReplacer15316)
		Method: <jcifs.smb.NtlmPasswordAuthentication: byte[] getNTLM2Response(byte[],byte[],byte[])>
		SHA-256: 4e9b418e384c9e5871d0879bfb1b0f5c6ad6fee2a018b84e9567597b5510e592
		Secure: false
	Object:
		Variable: $r6
		Type: byte[]
		Statement: $r6 = virtualinvoke $r9.<jcifs.util.HMACT64: byte[] digest()>()
		Method: <jcifs.ntlmssp.Type3Message: void <init>(jcifs.ntlmssp.Type2Message,java.lang.String,java.lang.String,java.lang.String,java.lang.String,int)>
		SHA-256: 48fc7701b468152a9456d356028adcb212b5dcfac2465f520268f42964a3debe
		Secure: false
	Object:
		Variable: $r6
		Type: byte[]
		Statement: $r6 = virtualinvoke $r9.<jcifs.util.HMACT64: byte[] digest()>()
		Method: <jcifs.ntlmssp.Type3Message: void <init>(jcifs.ntlmssp.Type2Message,java.lang.String,java.lang.String,java.lang.String,java.lang.String,int)>
		SHA-256: 48fc7701b468152a9456d356028adcb212b5dcfac2465f520268f42964a3debe
		Secure: false
	Object:
		Variable: $r2
		Type: byte[]
		Statement: $r2 = virtualinvoke $r4.<java.security.MessageDigest: byte[] digest()>()
		Method: <jcifs.smb.NtlmPasswordAuthentication: byte[] getNTLM2Response(byte[],byte[],byte[])>
		SHA-256: d89c0045c808f272f3667359787703d1a9a4f337857a23cfaec0499ede4072f1
		Secure: false
	Object:
		Variable: $r5
		Type: byte[]
		Statement: $r5 = virtualinvoke $r7.<jcifs.util.HMACT64: byte[] digest()>()
		Method: <jcifs.smb.NtlmPasswordAuthentication: void getUserSessionKey(byte[],byte[],int)>
		SHA-256: b344dbdbd3b61352669a379c157d3a3b6497866f18792a1a77497b1f67da85cd
		Secure: false
	Object:
		Variable: $r2
		Type: byte[]
		Statement: virtualinvoke $r8.<jcifs.util.HMACT64: int digest(byte[],int,int)>($r2, $i0, varReplacer15354)
		Method: <jcifs.smb.NtlmPasswordAuthentication: void getUserSessionKey(byte[],byte[],int)>
		SHA-256: 61d5c3707e477fef2f0454115ca6d4e156b7d315d653c0c4dc01eb0d387ac333
		Secure: false
	Object:
		Variable: $r7
		Type: byte[]
		Statement: $r7 = virtualinvoke $r8.<jcifs.util.HMACT64: byte[] digest()>()
		Method: <jcifs.smb.NtlmPasswordAuthentication: byte[] getLMv2Response(java.lang.String,java.lang.String,java.lang.String,byte[],byte[])>
		SHA-256: df6bb392ca312ff58fd08a9b150f134fa1e6bc1efcfb7595c6a3f1a122bdd8b2
		Secure: false
	Object:
		Variable: $r2
		Type: byte[]
		Statement: $r2 = virtualinvoke $r1.<jcifs.util.HMACT64: byte[] digest()>()
		Method: <jcifs.smb.NtlmPasswordAuthentication: byte[] computeResponse(byte[],byte[],byte[],int,int)>
		SHA-256: e41a2e004e0d81c8190e1ca6ea9903b77bf4735b288e073d44a54b98375d8eae
		Secure: false
	Object:
		Variable: $r1
		Type: java.security.SecureRandom
		Statement: specialinvoke $r1.<java.security.SecureRandom: void <init>()>()
		Method: <jcifs.ntlmssp.Type3Message: void <clinit>()>
		SHA-256: ea66df43108a66d083defd29a7fd6037bdfda920806e4d82e6634f82e7e7ce7c
		Secure: true
	Object:
		Variable: $r1
		Type: java.security.MessageDigest
		Statement: $r1 = staticinvoke <java.security.MessageDigest: java.security.MessageDigest getInstance(java.lang.String)>(varReplacer13642)
		Method: <jcifs.smb.SigningDigest: void <init>(byte[],boolean)>
		SHA-256: aa2d3da26d3206c907f01f195c842ccb75029db3f5f0a453af1bb5afaa9f9d82
		Secure: false
	Object:
		Variable: $r3
		Type: byte[]
		Statement: $r3 = virtualinvoke $r2.<java.security.MessageDigest: byte[] digest()>()
		Method: <org.emdev.utils.StringUtils: java.lang.String md5(java.lang.String)>
		SHA-256: 8fd11f28bf56ef200ee20dec6722d7cbcb926c1686e038d533564b3db530a33b
		Secure: false
	Object:
		Variable: $r5
		Type: byte[]
		Statement: virtualinvoke $r9.<jcifs.util.HMACT64: int digest(byte[],int,int)>($r5, varReplacer13506, varReplacer13507)
		Method: <jcifs.smb.NtlmPasswordAuthentication: byte[] getLMv2Response(java.lang.String,java.lang.String,java.lang.String,byte[],byte[])>
		SHA-256: df5adb8c234ef986fa43d1f107bdee54598b42a1e89f8d721b328199d679895
		Secure: false
	Object:
		Variable: $r3
		Type: java.security.MessageDigest
		Statement: $r3 = staticinvoke <java.security.MessageDigest: java.security.MessageDigest getInstance(java.lang.String)>(varReplacer15208)
		Method: <jcifs.util.HMACT64: void <init>(byte[])>
		SHA-256: f086a69466c2b0d1656c79124b572c629e28dcda6f2bdee2753aeae827bf865d
		Secure: false
	Object:
		Variable: $r1
		Type: byte[]
		Statement: $r1 = virtualinvoke $r7.<jcifs.util.HMACT64: byte[] digest()>()
		Method: <jcifs.smb.NtlmPasswordAuthentication: void getUserSessionKey(byte[],byte[],int)>
		SHA-256: cfc4810feef73ae3f85c978c90d55e16d29cb774e4ff0b33a2885318f092a940
		Secure: false

Findings in Java Class: org.emdev.utils.StringUtils

	 in Method: java.lang.String md5(java.lang.String)
		ConstraintError violating CrySL rule for java.security.MessageDigest (on Object #fc44986783c08960c6b782e33ec760088a47829dd5bbc4e667297918e80812d1)
			First parameter (with value "MD5") should be any of {SHA-256, SHA-384, SHA-512}
			at statement: $r2 = staticinvoke <java.security.MessageDigest: java.security.MessageDigest getInstance(java.lang.String)>(varReplacer499)


Findings in Java Class: jcifs.smb.SigningDigest

	 in Method: void <init>(byte[],boolean)
		ConstraintError violating CrySL rule for java.security.MessageDigest (on Object #aa2d3da26d3206c907f01f195c842ccb75029db3f5f0a453af1bb5afaa9f9d82)
			First parameter (with value "MD5") should be any of {SHA-256, SHA-384, SHA-512}
			at statement: $r1 = staticinvoke <java.security.MessageDigest: java.security.MessageDigest getInstance(java.lang.String)>(varReplacer13642)


Findings in Java Class: jcifs.smb.SmbSession

	 in Method: void sessionSetup(jcifs.smb.ServerMessageBlock,jcifs.smb.ServerMessageBlock)
		IncompleteOperationError violating CrySL rule for java.security.MessageDigest (on Object #aa2d3da26d3206c907f01f195c842ccb75029db3f5f0a453af1bb5afaa9f9d82)
			Operation on object of type java.security.MessageDigest object not completed. Expected call to digest, update
			at statement: specialinvoke $r35.<jcifs.smb.SigningDigest: void <init>(byte[],boolean)>($r6, varReplacer11810)

		IncompleteOperationError violating CrySL rule for java.security.MessageDigest (on Object #aa2d3da26d3206c907f01f195c842ccb75029db3f5f0a453af1bb5afaa9f9d82)
			Operation on object of type java.security.MessageDigest object not completed. Expected call to digest, update
			at statement: specialinvoke $r35.<jcifs.smb.SigningDigest: void <init>(byte[],boolean)>($r16, varReplacer11806)


Findings in Java Class: jcifs.util.HMACT64

	 in Method: void <init>(byte[])
		ConstraintError violating CrySL rule for java.security.MessageDigest (on Object #f086a69466c2b0d1656c79124b572c629e28dcda6f2bdee2753aeae827bf865d)
			First parameter (with value "MD5") should be any of {SHA-256, SHA-384, SHA-512}
			at statement: $r3 = staticinvoke <java.security.MessageDigest: java.security.MessageDigest getInstance(java.lang.String)>(varReplacer15208)


Findings in Java Class: jcifs.smb.NtlmPasswordAuthentication

	 in Method: byte[] nTOWFv2(java.lang.String,java.lang.String,java.lang.String)
		IncompleteOperationError violating CrySL rule for java.security.MessageDigest (on Object #f086a69466c2b0d1656c79124b572c629e28dcda6f2bdee2753aeae827bf865d)
			Operation on object of type java.security.MessageDigest object not completed. Expected call to digest
			at statement: specialinvoke $r8.<jcifs.util.HMACT64: void <init>(byte[])>($r4)


	 in Method: byte[] getNTLM2Response(byte[],byte[],byte[])
		ConstraintError violating CrySL rule for java.security.MessageDigest (on Object #4e9b418e384c9e5871d0879bfb1b0f5c6ad6fee2a018b84e9567597b5510e592)
			First parameter (with value "MD5") should be any of {SHA-256, SHA-384, SHA-512}
			at statement: $r4 = staticinvoke <java.security.MessageDigest: java.security.MessageDigest getInstance(java.lang.String)>(varReplacer15316)


======================= CryptoAnalysis Summary ==========================
	Number of CrySL rules: 49
	Number of Objects Analyzed: 15

	CryptoAnalysis found the following violations. For details see description above.
	ConstraintError: 4
	IncompleteOperationError: 3
=====================================================================
