0    [main] WARN  pes.access.impl.DeclaredTypeFactory  - --- xtext.common.types ---------------------------------------------------
0    [main] WARN  pes.access.impl.DeclaredTypeFactory  - ASM library is too old. Falling back to java.lang.reflect API.
0    [main] WARN  pes.access.impl.DeclaredTypeFactory  - Please note that no information about compile time constants is available.
0    [main] WARN  pes.access.impl.DeclaredTypeFactory  - It's recommended to use org.objectweb.asm 9.1.0 or better (Maven group id: org.ow2.asm).
0    [main] WARN  pes.access.impl.DeclaredTypeFactory  - --------------------------------------------------------------------------
Ruleset: 
	java.security.cert.TrustAnchor
	javax.crypto.spec.GCMParameterSpec
	javax.xml.crypto.dsig.spec.HMACParameterSpec
	java.security.KeyPair
	java.security.DigestOutputStream
	javax.net.ssl.KeyStoreBuilderParameters
	javax.crypto.spec.OAEPParameterSpec
	javax.net.ssl.SSLContext
	javax.crypto.spec.DHGenParameterSpec
	javax.crypto.CipherOutputStream
	java.security.Key
	javax.crypto.SecretKeyFactory
	java.security.cert.PKIXBuilderParameters
	java.security.KeyFactory
	javax.crypto.spec.PBEKeySpec
	java.security.spec.DSAGenParameterSpec
	java.security.KeyPairGenerator
	javax.crypto.CipherInputStream
	javax.net.ssl.CertPathTrustManagerParameters
	java.security.cert.CertificateFactory
	java.security.SecureRandom
	java.security.spec.MGF1ParameterSpec
	javax.net.ssl.SSLEngine
	javax.crypto.spec.DHParameterSpec
	java.security.spec.DSAParameterSpec
	java.security.spec.ECParameterSpec
	java.security.spec.RSAKeyGenParameterSpec
	javax.crypto.spec.IvParameterSpec
	javax.crypto.Cipher
	javax.crypto.spec.PBEParameterSpec
	java.security.AlgorithmParameterGenerator
	java.security.spec.X509EncodedKeySpec
	javax.net.ssl.TrustManagerFactory
	java.security.DigestInputStream
	void
	javax.net.ssl.KeyManagerFactory
	java.security.cert.PKIXParameters
	java.net.PasswordAuthentication
	java.security.AlgorithmParameters
	javax.crypto.KeyAgreement
	javax.crypto.spec.SecretKeySpec
	javax.net.ssl.SSLParameters
	java.security.MessageDigest
	javax.crypto.SecretKey
	javax.crypto.KeyGenerator
	java.security.KeyStore
	javax.crypto.Mac
	java.security.spec.ECGenParameterSpec
	java.security.Signature

Analyzed Objects: 
	Object:
		Variable: $r1
		Type: javax.net.ssl.SSLContext
		Statement: $r1 = staticinvoke <javax.net.ssl.SSLContext: javax.net.ssl.SSLContext getInstance(java.lang.String,java.security.Provider)>(varReplacer23424, $r2)
		Method: <okhttp3.internal.platform.OpenJSSEPlatform: javax.net.ssl.SSLContext newSSLContext()>
		SHA-256: f08c0330ad97c3971d92829633763116fefc9d319086cc1d38cc75c49201a15f
		Secure: false
	Object:
		Variable: $r3
		Type: javax.net.ssl.TrustManager[]
		Statement: $r3 = virtualinvoke $r2.<javax.net.ssl.TrustManagerFactory: javax.net.ssl.TrustManager[] getTrustManagers()>()
		Method: <okhttp3.internal.platform.Platform: javax.net.ssl.X509TrustManager platformTrustManager()>
		SHA-256: c3dcfb07eabeaead2afa7b41e33d56187e303e14a7184c21b7bac99836f2c278
		Secure: false
	Object:
		Variable: $r6
		Type: java.security.cert.CertificateFactory
		Statement: $r6 = staticinvoke <java.security.cert.CertificateFactory: java.security.cert.CertificateFactory getInstance(java.lang.String)>(varReplacer26570)
		Method: <okhttp3.Cache$Entry: java.util.List readCertificateList(okio.BufferedSource)>
		SHA-256: 2e567c2494ceeb88fd0bfd0bbe179a43eba7815a3f2d1438bb8f249a82d05c19
		Secure: false
	Object:
		Variable: $r1
		Type: java.security.MessageDigest
		Statement: $r1 = staticinvoke <java.security.MessageDigest: java.security.MessageDigest getInstance(java.lang.String)>($r2)
		Method: <com.google.common.hash.MessageDigestHashFunction: java.security.MessageDigest getMessageDigest(java.lang.String)>
		SHA-256: f4e887286d0504cb5722b1da9a4eac06d6ea434977af7216dbf1f6217c285838
		Secure: true
	Object:
		Variable: $r4
		Type: javax.net.ssl.TrustManager[]
		Statement: $r4 = virtualinvoke $r3.<javax.net.ssl.TrustManagerFactory: javax.net.ssl.TrustManager[] getTrustManagers()>()
		Method: <okhttp3.internal.platform.OpenJSSEPlatform: javax.net.ssl.X509TrustManager platformTrustManager()>
		SHA-256: a729cfd5669df603070b7ba7d05b524b10a048ab1da974a5ccb1df973521b7d3
		Secure: false
	Object:
		Variable: $r3
		Type: java.security.MessageDigest
		Statement: $r3 = staticinvoke <java.security.MessageDigest: java.security.MessageDigest getInstance(java.lang.String)>($r1)
		Method: <okio.ByteString: okio.ByteString digest$jvm(java.lang.String)>
		SHA-256: 4fff7c5d15f021d956e87c05e0dc87688a11eec9c61bcdc27645605a965776c9
		Secure: false
	Object:
		Variable: $r2
		Type: byte[]
		Statement: $r2 = virtualinvoke $r1.<java.security.MessageDigest: byte[] digest()>()
		Method: <com.google.common.hash.MessageDigestHashFunction$MessageDigestHasher: com.google.common.hash.HashCode hash()>
		SHA-256: 498aa274b0e0dc658a96e5b82797c2ef859caa8cc0a4a03329fbcf0be8023051
		Secure: true
	Object:
		Variable: $r1
		Type: javax.net.ssl.SSLContext
		Statement: $r1 = staticinvoke <javax.net.ssl.SSLContext: javax.net.ssl.SSLContext getInstance(java.lang.String,java.security.Provider)>(varReplacer23422, $r2)
		Method: <okhttp3.internal.platform.ConscryptPlatform: javax.net.ssl.SSLContext newSSLContext()>
		SHA-256: 7718ea5f7c17f6d11d99ab5099f9f15954ac2c372f1608c84566166a1e2dc2a0
		Secure: false
	Object:
		Variable: $r2
		Type: java.security.MessageDigest
		Statement: $r2 = staticinvoke <java.security.MessageDigest: java.security.MessageDigest getInstance(java.lang.String)>($r1)
		Method: <okio.SegmentedByteString: okio.ByteString digest$jvm(java.lang.String)>
		SHA-256: ea9bd02bb32dbb2be26eca134efdb9d94c1e5921cb9abf4599d98facf22c83d6
		Secure: false
	Object:
		Variable: $r0
		Type: javax.crypto.Mac
		Statement: $r0 = staticinvoke <javax.crypto.Mac: javax.crypto.Mac getInstance(java.lang.String)>($r1)
		Method: <com.google.common.hash.MacHashFunction: javax.crypto.Mac getMac(java.lang.String,java.security.Key)>
		SHA-256: 6dfe92fb5526abc60bb706d9a02bc7267374c73eb4cfabeec75ce74a35a0603d
		Secure: false
	Object:
		Variable: $r2
		Type: javax.net.ssl.TrustManagerFactory
		Statement: $r2 = staticinvoke <javax.net.ssl.TrustManagerFactory: javax.net.ssl.TrustManagerFactory getInstance(java.lang.String)>($r1)
		Method: <okhttp3.internal.platform.Platform: javax.net.ssl.X509TrustManager platformTrustManager()>
		SHA-256: 5fb6984969c8c0f60ee84399ef18a49aa63648c889757c4080685ad119ecd903
		Secure: false
	Object:
		Variable: $r6
		Type: byte[]
		Statement: $r6 = virtualinvoke $r2.<java.security.MessageDigest: byte[] digest()>()
		Method: <okio.SegmentedByteString: okio.ByteString digest$jvm(java.lang.String)>
		SHA-256: 14f15a41dd8b92f7a4458441f9908c3bd2e90bddb540afe032aa88ebd3fdc6dd
		Secure: false
	Object:
		Variable: $r2
		Type: byte[]
		Statement: $r2 = virtualinvoke $r1.<java.security.MessageDigest: byte[] digest()>()
		Method: <com.google.common.hash.MessageDigestHashFunction$MessageDigestHasher: com.google.common.hash.HashCode hash()>
		SHA-256: 498aa274b0e0dc658a96e5b82797c2ef859caa8cc0a4a03329fbcf0be8023051
		Secure: true
	Object:
		Variable: $r4
		Type: byte[]
		Statement: $r4 = virtualinvoke $r3.<java.security.MessageDigest: byte[] digest(byte[])>($r4)
		Method: <okio.ByteString: okio.ByteString digest$jvm(java.lang.String)>
		SHA-256: 8ce052ed6c630e0078d05e19ab4bff46430fe8453e4fc121d3b9ee58a22dc10e
		Secure: false
	Object:
		Variable: $r1
		Type: javax.net.ssl.SSLContext
		Statement: $r1 = staticinvoke <javax.net.ssl.SSLContext: javax.net.ssl.SSLContext getInstance(java.lang.String)>(varReplacer23421)
		Method: <okhttp3.internal.platform.Platform: javax.net.ssl.SSLContext newSSLContext()>
		SHA-256: 2e409622cd00307a4847bc8eb95926233ce40a4fb1a1eac23c9e14c9528af9d3
		Secure: false
	Object:
		Variable: $r3
		Type: javax.net.ssl.TrustManagerFactory
		Statement: $r3 = staticinvoke <javax.net.ssl.TrustManagerFactory: javax.net.ssl.TrustManagerFactory getInstance(java.lang.String,java.security.Provider)>($r1, $r2)
		Method: <okhttp3.internal.platform.OpenJSSEPlatform: javax.net.ssl.X509TrustManager platformTrustManager()>
		SHA-256: 1027fce20723454b26980f38c5edb26bcec19bffa5b6443c75459b577c51d460
		Secure: false
	Object:
		Variable: $r2
		Type: byte[]
		Statement: $r2 = virtualinvoke $r1.<javax.crypto.Mac: byte[] doFinal()>()
		Method: <com.google.common.hash.MacHashFunction$MacHasher: com.google.common.hash.HashCode hash()>
		SHA-256: a89d37061ba0dac61e1b08aaf3eb3497c39726681770418d4469691a8e1f6dbc
		Secure: false

Findings in Java Class: okio.ByteString

	 in Method: okio.ByteString digest$jvm(java.lang.String)
		ConstraintError violating CrySL rule for java.security.MessageDigest (on Object #4fff7c5d15f021d956e87c05e0dc87688a11eec9c61bcdc27645605a965776c9)
			First parameter (with value "MD5") should be any of {SHA-256, SHA-384, SHA-512}
			at statement: $r3 = staticinvoke <java.security.MessageDigest: java.security.MessageDigest getInstance(java.lang.String)>($r1)

		ConstraintError violating CrySL rule for java.security.MessageDigest (on Object #4fff7c5d15f021d956e87c05e0dc87688a11eec9c61bcdc27645605a965776c9)
			First parameter (with value "SHA-1") should be any of {SHA-256, SHA-384, SHA-512}
			at statement: $r3 = staticinvoke <java.security.MessageDigest: java.security.MessageDigest getInstance(java.lang.String)>($r1)


Findings in Java Class: okio.SegmentedByteString

	 in Method: okio.ByteString digest$jvm(java.lang.String)
		ConstraintError violating CrySL rule for java.security.MessageDigest (on Object #ea9bd02bb32dbb2be26eca134efdb9d94c1e5921cb9abf4599d98facf22c83d6)
			First parameter (with value "SHA-1") should be any of {SHA-256, SHA-384, SHA-512}
			at statement: $r2 = staticinvoke <java.security.MessageDigest: java.security.MessageDigest getInstance(java.lang.String)>($r1)

		ConstraintError violating CrySL rule for java.security.MessageDigest (on Object #ea9bd02bb32dbb2be26eca134efdb9d94c1e5921cb9abf4599d98facf22c83d6)
			First parameter (with value "MD5") should be any of {SHA-256, SHA-384, SHA-512}
			at statement: $r2 = staticinvoke <java.security.MessageDigest: java.security.MessageDigest getInstance(java.lang.String)>($r1)

		TypestateError violating CrySL rule for java.security.MessageDigest (on Object #ea9bd02bb32dbb2be26eca134efdb9d94c1e5921cb9abf4599d98facf22c83d6)
			Unexpected call to method <java.security.MessageDigest: byte[] digest()> on object of type java.security.MessageDigest. Expect a call to one of the following methods java.security.MessageDigest: void update(byte[],int,int),java.security.MessageDigest: void update(java.nio.ByteBuffer),java.security.MessageDigest: byte[] digest(byte[]),java.security.MessageDigest: void update(byte[]),java.security.MessageDigest: void update(byte)
			at statement: $r6 = virtualinvoke $r2.<java.security.MessageDigest: byte[] digest()>()


Findings in Java Class: com.google.common.hash.MessageDigestHashFunction$MessageDigestHasher

	 in Method: com.google.common.hash.HashCode hash()
		TypestateError violating CrySL rule for java.security.MessageDigest (on Object #f4e887286d0504cb5722b1da9a4eac06d6ea434977af7216dbf1f6217c285838)
			Unexpected call to method <java.security.MessageDigest: byte[] digest()> on object of type java.security.MessageDigest. Expect a call to one of the following methods java.security.MessageDigest: void update(byte[],int,int),java.security.MessageDigest: void update(java.nio.ByteBuffer),java.security.MessageDigest: byte[] digest(byte[]),java.security.MessageDigest: void update(byte[]),java.security.MessageDigest: void update(byte)
			at statement: $r2 = virtualinvoke $r1.<java.security.MessageDigest: byte[] digest()>()

		TypestateError violating CrySL rule for java.security.MessageDigest (on Object #f4e887286d0504cb5722b1da9a4eac06d6ea434977af7216dbf1f6217c285838)
			Unexpected call to method <java.security.MessageDigest: byte[] digest()> on object of type java.security.MessageDigest. Expect a call to one of the following methods java.security.MessageDigest: void update(byte[],int,int),java.security.MessageDigest: void update(java.nio.ByteBuffer),java.security.MessageDigest: byte[] digest(byte[]),java.security.MessageDigest: void update(byte[]),java.security.MessageDigest: void update(byte)
			at statement: $r2 = virtualinvoke $r1.<java.security.MessageDigest: byte[] digest()>()


Findings in Java Class: com.google.common.hash.AbstractHashFunction

	 in Method: com.google.common.hash.HashCode hashObject(java.lang.Object,com.google.common.hash.Funnel)
		IncompleteOperationError violating CrySL rule for javax.crypto.Mac (on Object #6dfe92fb5526abc60bb706d9a02bc7267374c73eb4cfabeec75ce74a35a0603d)
			Operation on object of type javax.crypto.Mac object not completed. Expected call to update, doFinal
			at statement: $r4 = interfaceinvoke $r3.<com.google.common.hash.Hasher: com.google.common.hash.HashCode hash()>()

		IncompleteOperationError violating CrySL rule for java.security.MessageDigest (on Object #f4e887286d0504cb5722b1da9a4eac06d6ea434977af7216dbf1f6217c285838)
			Operation on object of type java.security.MessageDigest object not completed. Expected call to digest, update
			at statement: $r4 = interfaceinvoke $r3.<com.google.common.hash.Hasher: com.google.common.hash.HashCode hash()>()


Findings in Java Class: com.google.common.hash.AbstractCompositeHashFunction

	 in Method: com.google.common.hash.Hasher newHasher()
		IncompleteOperationError violating CrySL rule for javax.crypto.Mac (on Object #6dfe92fb5526abc60bb706d9a02bc7267374c73eb4cfabeec75ce74a35a0603d)
			Operation on object of type javax.crypto.Mac object not completed. Expected call to update, doFinal
			at statement: $r4 = specialinvoke r0.<com.google.common.hash.AbstractCompositeHashFunction: com.google.common.hash.Hasher fromHashers(com.google.common.hash.Hasher[])>($r2)

		IncompleteOperationError violating CrySL rule for java.security.MessageDigest (on Object #f4e887286d0504cb5722b1da9a4eac06d6ea434977af7216dbf1f6217c285838)
			Operation on object of type java.security.MessageDigest object not completed. Expected call to digest, update
			at statement: $r4 = specialinvoke r0.<com.google.common.hash.AbstractCompositeHashFunction: com.google.common.hash.Hasher fromHashers(com.google.common.hash.Hasher[])>($r2)


Findings in Java Class: com.google.common.hash.MacHashFunction$MacHasher

	 in Method: com.google.common.hash.HashCode hash()
		TypestateError violating CrySL rule for javax.crypto.Mac (on Object #6dfe92fb5526abc60bb706d9a02bc7267374c73eb4cfabeec75ce74a35a0603d)
			Unexpected call to method <javax.crypto.Mac: byte[] doFinal()> on object of type javax.crypto.Mac. Expect a call to one of the following methods javax.crypto.Mac: void update(byte[]),javax.crypto.Mac: byte[] doFinal(byte[]),javax.crypto.Mac: void update(java.nio.ByteBuffer),javax.crypto.Mac: void update(byte),javax.crypto.Mac: void update(byte[],int,int)
			at statement: $r2 = virtualinvoke $r1.<javax.crypto.Mac: byte[] doFinal()>()


Findings in Java Class: okhttp3.internal.platform.Platform

	 in Method: javax.net.ssl.SSLContext newSSLContext()
		ConstraintError violating CrySL rule for javax.net.ssl.SSLContext (on Object #2e409622cd00307a4847bc8eb95926233ce40a4fb1a1eac23c9e14c9528af9d3)
			First parameter (with value "TLS") should be any of {TLSv1.2, TLSv1.3}
			at statement: $r1 = staticinvoke <javax.net.ssl.SSLContext: javax.net.ssl.SSLContext getInstance(java.lang.String)>(varReplacer23421)


	 in Method: javax.net.ssl.X509TrustManager platformTrustManager()
		RequiredPredicateError violating CrySL rule for javax.net.ssl.TrustManagerFactory
			First parameter was not properly generated as generatedKeyStore
			at statement: virtualinvoke $r2.<javax.net.ssl.TrustManagerFactory: void init(java.security.KeyStore)>(varReplacer21008)


Findings in Java Class: okhttp3.internal.platform.ConscryptPlatform

	 in Method: javax.net.ssl.SSLContext newSSLContext()
		ConstraintError violating CrySL rule for javax.net.ssl.SSLContext (on Object #7718ea5f7c17f6d11d99ab5099f9f15954ac2c372f1608c84566166a1e2dc2a0)
			First parameter (with value "TLS") should be any of {TLSv1.2, TLSv1.3}
			at statement: $r1 = staticinvoke <javax.net.ssl.SSLContext: javax.net.ssl.SSLContext getInstance(java.lang.String,java.security.Provider)>(varReplacer23422, $r2)


Findings in Java Class: okhttp3.Cache$Entry

	 in Method: java.util.List readCertificateList(okio.BufferedSource)
		IncompleteOperationError violating CrySL rule for java.security.cert.CertificateFactory (on Object #2e567c2494ceeb88fd0bfd0bbe179a43eba7815a3f2d1438bb8f249a82d05c19)
			Operation on object of type java.security.cert.CertificateFactory object not completed. Expected call to generateCertPath, generateCertificate, generateCRL
			at statement: $r6 = staticinvoke <java.security.cert.CertificateFactory: java.security.cert.CertificateFactory getInstance(java.lang.String)>(varReplacer26570)

		TypestateError violating CrySL rule for java.security.cert.CertificateFactory (on Object #2e567c2494ceeb88fd0bfd0bbe179a43eba7815a3f2d1438bb8f249a82d05c19)
			Unexpected call to method generateCertificate on object of type java.security.cert.CertificateFactory. Expect a call to one of the following methods generateCRL
			at statement: $r11 = virtualinvoke $r6.<java.security.cert.CertificateFactory: java.security.cert.Certificate generateCertificate(java.io.InputStream)>($r10)

		IncompleteOperationError violating CrySL rule for java.security.cert.CertificateFactory (on Object #2e567c2494ceeb88fd0bfd0bbe179a43eba7815a3f2d1438bb8f249a82d05c19)
			Operation on object of type java.security.cert.CertificateFactory object not completed. Expected call to generateCertPath, generateCRL, java.security.cert.CertificateFactory: java.security.cert.Certificate generateCertificate(java.io.InputStream)
			at statement: $r11 = virtualinvoke $r6.<java.security.cert.CertificateFactory: java.security.cert.Certificate generateCertificate(java.io.InputStream)>($r10)


Findings in Java Class: okhttp3.OkHttpClient$Companion

	 in Method: javax.net.ssl.SSLSocketFactory newSslSocketFactory(javax.net.ssl.X509TrustManager)
		RequiredPredicateError violating CrySL rule for javax.net.ssl.SSLContext
			Second parameter was not properly generated as generatedTrustManagers
			at statement: virtualinvoke $r4.<javax.net.ssl.SSLContext: void init(javax.net.ssl.KeyManager[],javax.net.ssl.TrustManager[],java.security.SecureRandom)>(varReplacer21020, $r5, varReplacer21020)

		RequiredPredicateError violating CrySL rule for javax.net.ssl.SSLContext
			First parameter was not properly generated as generatedKeyManagers
			at statement: virtualinvoke $r4.<javax.net.ssl.SSLContext: void init(javax.net.ssl.KeyManager[],javax.net.ssl.TrustManager[],java.security.SecureRandom)>(varReplacer21020, $r5, varReplacer21020)

		RequiredPredicateError violating CrySL rule for javax.net.ssl.SSLContext
			Third parameter was not properly generated as randomized
			at statement: virtualinvoke $r4.<javax.net.ssl.SSLContext: void init(javax.net.ssl.KeyManager[],javax.net.ssl.TrustManager[],java.security.SecureRandom)>(varReplacer21020, $r5, varReplacer21020)


Findings in Java Class: com.google.common.hash.MacHashFunction

	 in Method: javax.crypto.Mac getMac(java.lang.String,java.security.Key)
		RequiredPredicateError violating CrySL rule for javax.crypto.Mac
			First parameter was not properly generated as generatedKey
			at statement: virtualinvoke $r0.<javax.crypto.Mac: void init(java.security.Key)>($r2)


Findings in Java Class: okhttp3.internal.platform.OpenJSSEPlatform

	 in Method: javax.net.ssl.X509TrustManager platformTrustManager()
		RequiredPredicateError violating CrySL rule for javax.net.ssl.TrustManagerFactory
			First parameter was not properly generated as generatedKeyStore
			at statement: virtualinvoke $r3.<javax.net.ssl.TrustManagerFactory: void init(java.security.KeyStore)>(varReplacer21010)


======================= CryptoAnalysis Summary ==========================
	Number of CrySL rules: 49
	Number of Objects Analyzed: 17

	CryptoAnalysis found the following violations. For details see description above.
	IncompleteOperationError: 6
	TypestateError: 5
	RequiredPredicateError: 6
	ConstraintError: 6
=====================================================================
