0    [main] WARN  pes.access.impl.DeclaredTypeFactory  - --- xtext.common.types ---------------------------------------------------
2    [main] WARN  pes.access.impl.DeclaredTypeFactory  - ASM library is too old. Falling back to java.lang.reflect API.
2    [main] WARN  pes.access.impl.DeclaredTypeFactory  - Please note that no information about compile time constants is available.
2    [main] WARN  pes.access.impl.DeclaredTypeFactory  - It's recommended to use org.objectweb.asm 9.1.0 or better (Maven group id: org.ow2.asm).
2    [main] WARN  pes.access.impl.DeclaredTypeFactory  - --------------------------------------------------------------------------
Ruleset: 
	java.security.cert.TrustAnchor
	javax.crypto.spec.GCMParameterSpec
	javax.xml.crypto.dsig.spec.HMACParameterSpec
	java.security.KeyPair
	java.security.DigestOutputStream
	javax.net.ssl.KeyStoreBuilderParameters
	javax.crypto.spec.OAEPParameterSpec
	javax.net.ssl.SSLContext
	javax.crypto.spec.DHGenParameterSpec
	javax.crypto.CipherOutputStream
	java.security.Key
	javax.crypto.SecretKeyFactory
	java.security.cert.PKIXBuilderParameters
	java.security.KeyFactory
	javax.crypto.spec.PBEKeySpec
	java.security.spec.DSAGenParameterSpec
	java.security.KeyPairGenerator
	javax.crypto.CipherInputStream
	javax.net.ssl.CertPathTrustManagerParameters
	java.security.cert.CertificateFactory
	java.security.SecureRandom
	java.security.spec.MGF1ParameterSpec
	javax.net.ssl.SSLEngine
	javax.crypto.spec.DHParameterSpec
	java.security.spec.DSAParameterSpec
	java.security.spec.ECParameterSpec
	java.security.spec.RSAKeyGenParameterSpec
	javax.crypto.spec.IvParameterSpec
	javax.crypto.Cipher
	javax.crypto.spec.PBEParameterSpec
	java.security.AlgorithmParameterGenerator
	java.security.spec.X509EncodedKeySpec
	javax.net.ssl.TrustManagerFactory
	java.security.DigestInputStream
	void
	javax.net.ssl.KeyManagerFactory
	java.security.cert.PKIXParameters
	java.net.PasswordAuthentication
	java.security.AlgorithmParameters
	javax.crypto.KeyAgreement
	javax.crypto.spec.SecretKeySpec
	javax.net.ssl.SSLParameters
	java.security.MessageDigest
	javax.crypto.SecretKey
	javax.crypto.KeyGenerator
	java.security.KeyStore
	javax.crypto.Mac
	java.security.spec.ECGenParameterSpec
	java.security.Signature

Analyzed Objects: 
	Object:
		Variable: $r6
		Type: byte[]
		Statement: $r6 = virtualinvoke $r4.<java.security.MessageDigest: byte[] digest(byte[])>($r6)
		Method: <org.eclipse.jetty.client.security.DigestAuthentication: java.lang.String newCnonce(org.eclipse.jetty.client.HttpExchange,org.eclipse.jetty.client.security.Realm,java.util.Map)>
		SHA-256: 75b9d9becbc3dd2f1d400ff82bd201c696a1a94c996ef1962862761c64cf4114
		Secure: false
	Object:
		Variable: $r4
		Type: java.security.cert.CertificateFactory
		Statement: $r4 = staticinvoke <java.security.cert.CertificateFactory: java.security.cert.CertificateFactory getInstance(java.lang.String)>(varReplacer8444)
		Method: <org.eclipse.jetty.util.security.CertificateUtils: java.util.Collection loadCRL(java.lang.String)>
		SHA-256: 86ff26240486d482a390e8a3d5e6b317fee2fd68c1f2e8c5c6f41dae1dfe19b0
		Secure: false
	Object:
		Variable: $r9
		Type: byte[]
		Statement: $r9 = virtualinvoke $r5.<java.security.MessageDigest: byte[] digest()>()
		Method: <org.eclipse.jetty.client.security.DigestAuthentication: java.lang.String newResponse(java.lang.String,org.eclipse.jetty.client.HttpExchange,org.eclipse.jetty.client.security.Realm,java.util.Map)>
		SHA-256: 91b1a30b88b9c5530eee739f8ac49cfeca10a06dc3cadc5213b760545bd41045
		Secure: false
	Object:
		Variable: $r9
		Type: javax.net.ssl.CertPathTrustManagerParameters
		Statement: specialinvoke $r9.<javax.net.ssl.CertPathTrustManagerParameters: void <init>(java.security.cert.CertPathParameters)>($r4)
		Method: <org.eclipse.jetty.util.ssl.SslContextFactory: javax.net.ssl.TrustManager[] getTrustManagers(java.security.KeyStore,java.util.Collection)>
		SHA-256: c35258edf08d1d663d5a370a3faeb11522857755ba531cc7021a29691607c47
		Secure: false
	Object:
		Variable: $r8
		Type: javax.net.ssl.TrustManagerFactory
		Statement: $r8 = staticinvoke <javax.net.ssl.TrustManagerFactory: javax.net.ssl.TrustManagerFactory getInstance(java.lang.String)>($r3)
		Method: <org.eclipse.jetty.util.ssl.SslContextFactory: javax.net.ssl.TrustManager[] getTrustManagers(java.security.KeyStore,java.util.Collection)>
		SHA-256: 9c804c0b4803f8a94e59001bbe90c094994ae10399b1413da67714a012ddf203
		Secure: false
	Object:
		Variable: $r7
		Type: byte[]
		Statement: $r7 = virtualinvoke $r5.<java.security.MessageDigest: byte[] digest()>()
		Method: <org.eclipse.jetty.client.security.DigestAuthentication: java.lang.String newResponse(java.lang.String,org.eclipse.jetty.client.HttpExchange,org.eclipse.jetty.client.security.Realm,java.util.Map)>
		SHA-256: 313a0c266e45a86b5dc5080fdf25c8c524e20cdd3d1d0b56d300e7e0c7996b4a
		Secure: false
	Object:
		Variable: $r1
		Type: javax.net.ssl.SSLContext
		Statement: $r1 = staticinvoke <javax.net.ssl.SSLContext: javax.net.ssl.SSLContext getInstance(java.lang.String)>($r5)
		Method: <org.eclipse.jetty.util.ssl.SslContextFactory: void doStart()>
		SHA-256: 3344b686090ce6bd10a0cd6ad4554cb11fe526b6f9219e5b33737f5108743b5f
		Secure: true
	Object:
		Variable: $r5
		Type: java.security.cert.CertificateFactory
		Statement: $r5 = staticinvoke <java.security.cert.CertificateFactory: java.security.cert.CertificateFactory getInstance(java.lang.String)>(varReplacer7348)
		Method: <org.eclipse.jetty.server.ssl.SslCertificates: java.security.cert.X509Certificate[] getCertChain(javax.net.ssl.SSLSession)>
		SHA-256: 7faaac7c81ed18367fd970382a3fda99978657829e201ebd2434cf0eb38cedaa
		Secure: false
	Object:
		Variable: $r6
		Type: byte[]
		Statement: $r6 = virtualinvoke $r4.<java.security.MessageDigest: byte[] digest()>()
		Method: <org.eclipse.jetty.security.authentication.DigestAuthenticator$Digest: boolean check(java.lang.Object)>
		SHA-256: d5f5a7a9ea69143e5509e8c324c5acfe668631e43e7f2084811cc9240e96d1d8
		Secure: false
	Object:
		Variable: $r9
		Type: java.security.KeyStore
		Statement: $r9 = staticinvoke <java.security.KeyStore: java.security.KeyStore getInstance(java.lang.String,java.lang.String)>($r0, $r1)
		Method: <org.eclipse.jetty.util.security.CertificateUtils: java.security.KeyStore getKeyStore(java.io.InputStream,java.lang.String,java.lang.String,java.lang.String,java.lang.String)>
		SHA-256: f37c29025a192792c87dbda553d3497426cf94920d5059cc79b2b08916802cd7
		Secure: false
	Object:
		Variable: $r4
		Type: java.security.MessageDigest
		Statement: $r4 = staticinvoke <java.security.MessageDigest: java.security.MessageDigest getInstance(java.lang.String)>(varReplacer18361)
		Method: <org.eclipse.jetty.security.authentication.DigestAuthenticator$Digest: boolean check(java.lang.Object)>
		SHA-256: 793b96f2cdad05d24ac37b7e95c3a9ea4fb926fded327cf14f5aa3d250a8a649
		Secure: false
	Object:
		Variable: $r10
		Type: javax.net.ssl.TrustManager[]
		Statement: $r10 = virtualinvoke $r8.<javax.net.ssl.TrustManagerFactory: javax.net.ssl.TrustManager[] getTrustManagers()>()
		Method: <org.eclipse.jetty.util.ssl.SslContextFactory: javax.net.ssl.TrustManager[] getTrustManagers(java.security.KeyStore,java.util.Collection)>
		SHA-256: bda6682f9855f1798f6ab26f475757bab959e404f0e5c16aa147e9e09907420c
		Secure: false
	Object:
		Variable: $r4
		Type: java.security.MessageDigest
		Statement: $r4 = staticinvoke <java.security.MessageDigest: java.security.MessageDigest getInstance(java.lang.String)>(varReplacer10604)
		Method: <org.eclipse.jetty.client.security.DigestAuthentication: java.lang.String newCnonce(org.eclipse.jetty.client.HttpExchange,org.eclipse.jetty.client.security.Realm,java.util.Map)>
		SHA-256: c201f96ca9b7c563be447c3fffa6dec70c47e094d67d285a2233047f7648ed55
		Secure: false
	Object:
		Variable: $r1
		Type: javax.net.ssl.SSLEngine
		Statement: virtualinvoke $r1.<javax.net.ssl.SSLEngine: void setEnabledCipherSuites(java.lang.String[])>($r2)
		Method: <org.eclipse.jetty.util.ssl.SslContextFactory: void customize(javax.net.ssl.SSLEngine)>
		SHA-256: 3db855a164a3e61c20e1472a6b39844bb720f7b4e6e5ffa20e203e2782bedcfb
		Secure: true
	Object:
		Variable: $r1
		Type: java.security.SecureRandom
		Statement: specialinvoke $r1.<java.security.SecureRandom: void <init>()>()
		Method: <org.eclipse.jetty.security.authentication.DigestAuthenticator: void <init>()>
		SHA-256: 95059cf4222e57e85834dbd0d3e457f82f076a0e500943c289c606c3707feaf0
		Secure: true
	Object:
		Variable: $r8
		Type: javax.net.ssl.TrustManagerFactory
		Statement: $r8 = staticinvoke <javax.net.ssl.TrustManagerFactory: javax.net.ssl.TrustManagerFactory getInstance(java.lang.String)>($r3)
		Method: <org.eclipse.jetty.util.ssl.SslContextFactory: javax.net.ssl.TrustManager[] getTrustManagers(java.security.KeyStore,java.util.Collection)>
		SHA-256: 9c804c0b4803f8a94e59001bbe90c094994ae10399b1413da67714a012ddf203
		Secure: false
	Object:
		Variable: $r1
		Type: javax.net.ssl.SSLContext
		Statement: $r1 = staticinvoke <javax.net.ssl.SSLContext: javax.net.ssl.SSLContext getInstance(java.lang.String,java.lang.String)>($r5, $r9)
		Method: <org.eclipse.jetty.util.ssl.SslContextFactory: void doStart()>
		SHA-256: 6c24bf4e6da52b2683ebeb524e81330ebdde8e740115b119a24a15c25097c239
		Secure: true
	Object:
		Variable: $r2
		Type: java.security.SecureRandom
		Statement: specialinvoke $r2.<java.security.SecureRandom: void <init>()>()
		Method: <org.eclipse.jetty.server.session.AbstractSessionIdManager: void initRandom()>
		SHA-256: edd44b93896dfe00450928d17f69d9a90bcac2b55f70116c617c1facc82cac06
		Secure: true
	Object:
		Variable: $r12
		Type: java.security.MessageDigest
		Statement: $r12 = staticinvoke <java.security.MessageDigest: java.security.MessageDigest getInstance(java.lang.String)>(varReplacer18384)
		Method: <org.eclipse.jetty.util.security.Credential$MD5: boolean check(java.lang.Object)>
		SHA-256: 135a195d0ad70ece0599390326c7f0898b7817be864b0636915a3b6d8e301c3d
		Secure: false
	Object:
		Variable: $r3
		Type: java.security.SecureRandom
		Statement: $r3 = staticinvoke <java.security.SecureRandom: java.security.SecureRandom getInstance(java.lang.String)>($r5)
		Method: <org.eclipse.jetty.util.ssl.SslContextFactory: void doStart()>
		SHA-256: fe977b0a16bded9d091ed63d54c935dd33980919b0b80611f1152e2a51f49e00
		Secure: true
	Object:
		Variable: $r1
		Type: javax.net.ssl.SSLContext
		Statement: $r1 = staticinvoke <javax.net.ssl.SSLContext: javax.net.ssl.SSLContext getInstance(java.lang.String)>($r5)
		Method: <org.eclipse.jetty.util.ssl.SslContextFactory: void doStart()>
		SHA-256: 3344b686090ce6bd10a0cd6ad4554cb11fe526b6f9219e5b33737f5108743b5f
		Secure: false
	Object:
		Variable: $r9
		Type: java.security.KeyStore
		Statement: $r9 = staticinvoke <java.security.KeyStore: java.security.KeyStore getInstance(java.lang.String)>($r0)
		Method: <org.eclipse.jetty.util.security.CertificateUtils: java.security.KeyStore getKeyStore(java.io.InputStream,java.lang.String,java.lang.String,java.lang.String,java.lang.String)>
		SHA-256: 2de84421c238dd35df94e8ba5819458453d277fc3a3d63a58c3d1191116d1eb3
		Secure: false
	Object:
		Variable: $r3
		Type: java.security.SecureRandom
		Statement: $r3 = staticinvoke <java.security.SecureRandom: java.security.SecureRandom getInstance(java.lang.String)>($r5)
		Method: <org.eclipse.jetty.util.ssl.SslContextFactory: void doStart()>
		SHA-256: fe977b0a16bded9d091ed63d54c935dd33980919b0b80611f1152e2a51f49e00
		Secure: true
	Object:
		Variable: $r4
		Type: java.security.cert.PKIXBuilderParameters
		Statement: specialinvoke $r4.<java.security.cert.PKIXBuilderParameters: void <init>(java.security.KeyStore,java.security.cert.CertSelector)>($r1, $r5)
		Method: <org.eclipse.jetty.util.ssl.SslContextFactory: javax.net.ssl.TrustManager[] getTrustManagers(java.security.KeyStore,java.util.Collection)>
		SHA-256: 61d7ae6c8198ba19dfb7d5e2e173ae934eceaee3098f3304877291093921f44e
		Secure: false
	Object:
		Variable: $r6
		Type: byte[]
		Statement: $r6 = virtualinvoke $r4.<java.security.MessageDigest: byte[] digest()>()
		Method: <org.eclipse.jetty.security.authentication.DigestAuthenticator$Digest: boolean check(java.lang.Object)>
		SHA-256: d5f5a7a9ea69143e5509e8c324c5acfe668631e43e7f2084811cc9240e96d1d8
		Secure: false
	Object:
		Variable: $r7
		Type: byte[]
		Statement: $r7 = virtualinvoke $r5.<java.security.MessageDigest: byte[] digest()>()
		Method: <org.eclipse.jetty.client.security.DigestAuthentication: java.lang.String newResponse(java.lang.String,org.eclipse.jetty.client.HttpExchange,org.eclipse.jetty.client.security.Realm,java.util.Map)>
		SHA-256: 313a0c266e45a86b5dc5080fdf25c8c524e20cdd3d1d0b56d300e7e0c7996b4a
		Secure: false
	Object:
		Variable: $r6
		Type: byte[]
		Statement: $r6 = virtualinvoke $r4.<java.security.MessageDigest: byte[] digest()>()
		Method: <org.eclipse.jetty.security.authentication.DigestAuthenticator$Digest: boolean check(java.lang.Object)>
		SHA-256: d5f5a7a9ea69143e5509e8c324c5acfe668631e43e7f2084811cc9240e96d1d8
		Secure: false
	Object:
		Variable: $r6
		Type: java.lang.Object[]
		Statement: $r6 = virtualinvoke $r4.<javax.net.ssl.KeyManagerFactory: javax.net.ssl.KeyManager[] getKeyManagers()>()
		Method: <org.eclipse.jetty.util.ssl.SslContextFactory: javax.net.ssl.KeyManager[] getKeyManagers(java.security.KeyStore)>
		SHA-256: de2989dacfafabef4bfc8d209c479dacbfd7b2706eeec81843ca5e60059a3e9d
		Secure: false
	Object:
		Variable: $r5
		Type: java.security.MessageDigest
		Statement: $r5 = staticinvoke <java.security.MessageDigest: java.security.MessageDigest getInstance(java.lang.String)>(varReplacer10625)
		Method: <org.eclipse.jetty.client.security.DigestAuthentication: java.lang.String newResponse(java.lang.String,org.eclipse.jetty.client.HttpExchange,org.eclipse.jetty.client.security.Realm,java.util.Map)>
		SHA-256: 7d68da8f0f368b9733f4664efd9bbc3902b0223ebf89aa889e36c6476c1c40eb
		Secure: false
	Object:
		Variable: $r1
		Type: javax.net.ssl.SSLContext
		Statement: $r1 = staticinvoke <javax.net.ssl.SSLContext: javax.net.ssl.SSLContext getInstance(java.lang.String,java.lang.String)>($r5, $r9)
		Method: <org.eclipse.jetty.util.ssl.SslContextFactory: void doStart()>
		SHA-256: 6c24bf4e6da52b2683ebeb524e81330ebdde8e740115b119a24a15c25097c239
		Secure: false
	Object:
		Variable: $r10
		Type: javax.net.ssl.TrustManager[]
		Statement: $r10 = virtualinvoke $r8.<javax.net.ssl.TrustManagerFactory: javax.net.ssl.TrustManager[] getTrustManagers()>()
		Method: <org.eclipse.jetty.util.ssl.SslContextFactory: javax.net.ssl.TrustManager[] getTrustManagers(java.security.KeyStore,java.util.Collection)>
		SHA-256: bda6682f9855f1798f6ab26f475757bab959e404f0e5c16aa147e9e09907420c
		Secure: false
	Object:
		Variable: $r4
		Type: javax.net.ssl.KeyManagerFactory
		Statement: $r4 = staticinvoke <javax.net.ssl.KeyManagerFactory: javax.net.ssl.KeyManagerFactory getInstance(java.lang.String)>($r3)
		Method: <org.eclipse.jetty.util.ssl.SslContextFactory: javax.net.ssl.KeyManager[] getKeyManagers(java.security.KeyStore)>
		SHA-256: c3dab8329dc120e657299892c7d112d947fad6c6c22e38cf1394f4fd5bc3eaa7
		Secure: false
	Object:
		Variable: $r23
		Type: java.security.cert.PKIXBuilderParameters
		Statement: specialinvoke $r23.<java.security.cert.PKIXBuilderParameters: void <init>(java.security.KeyStore,java.security.cert.CertSelector)>($r8, $r5)
		Method: <org.eclipse.jetty.util.security.CertificateValidator: void validate(java.security.cert.Certificate[])>
		SHA-256: eea1feffe670638e96a5776aeb9f435313541c1246355da7d24e4b3be943dac2
		Secure: false

Findings in Java Class: org.eclipse.jetty.server.ssl.SslCertificates

	 in Method: java.security.cert.X509Certificate[] getCertChain(javax.net.ssl.SSLSession)
		IncompleteOperationError violating CrySL rule for java.security.cert.CertificateFactory (on Object #7faaac7c81ed18367fd970382a3fda99978657829e201ebd2434cf0eb38cedaa)
			Operation on object of type java.security.cert.CertificateFactory object not completed. Expected call to generateCertPath, generateCRL, java.security.cert.CertificateFactory: java.security.cert.Certificate generateCertificate(java.io.InputStream)
			at statement: $r8 = virtualinvoke $r5.<java.security.cert.CertificateFactory: java.security.cert.Certificate generateCertificate(java.io.InputStream)>($r0)

		IncompleteOperationError violating CrySL rule for java.security.cert.CertificateFactory (on Object #7faaac7c81ed18367fd970382a3fda99978657829e201ebd2434cf0eb38cedaa)
			Operation on object of type java.security.cert.CertificateFactory object not completed. Expected call to generateCertPath, generateCertificate, generateCRL
			at statement: $r5 = staticinvoke <java.security.cert.CertificateFactory: java.security.cert.CertificateFactory getInstance(java.lang.String)>(varReplacer7348)

		TypestateError violating CrySL rule for java.security.cert.CertificateFactory (on Object #7faaac7c81ed18367fd970382a3fda99978657829e201ebd2434cf0eb38cedaa)
			Unexpected call to method generateCertificate on object of type java.security.cert.CertificateFactory. Expect a call to one of the following methods generateCRL
			at statement: $r8 = virtualinvoke $r5.<java.security.cert.CertificateFactory: java.security.cert.Certificate generateCertificate(java.io.InputStream)>($r0)


Findings in Java Class: org.eclipse.jetty.util.ssl.SslContextFactory

	 in Method: javax.net.ssl.KeyManager[] getKeyManagers(java.security.KeyStore)
		NeverTypeOfError violating CrySL rule for javax.net.ssl.KeyManagerFactory (on Object #c3dab8329dc120e657299892c7d112d947fad6c6c22e38cf1394f4fd5bc3eaa7)
			Second parameter should never be of type java.lang.String.
			at statement: virtualinvoke $r4.<javax.net.ssl.KeyManagerFactory: void init(java.security.KeyStore,char[])>($r1, $r2)

		HardCodedError violating CrySL rule for javax.net.ssl.KeyManagerFactory (on Object #c3dab8329dc120e657299892c7d112d947fad6c6c22e38cf1394f4fd5bc3eaa7)
			Second parameter should never be hardcoded.
			at statement: virtualinvoke $r4.<javax.net.ssl.KeyManagerFactory: void init(java.security.KeyStore,char[])>($r1, $r2)

		RequiredPredicateError violating CrySL rule for javax.net.ssl.KeyManagerFactory
			First parameter was not properly generated as generatedKeyStore
			at statement: virtualinvoke $r4.<javax.net.ssl.KeyManagerFactory: void init(java.security.KeyStore,char[])>($r1, $r2)


	 in Method: void doStart()
		RequiredPredicateError violating CrySL rule for javax.net.ssl.SSLContext
			First parameter was not properly generated as generatedKeyManagers
			at statement: virtualinvoke $r1.<javax.net.ssl.SSLContext: void init(javax.net.ssl.KeyManager[],javax.net.ssl.TrustManager[],java.security.SecureRandom)>($r20, $r8, $r3)

		RequiredPredicateError violating CrySL rule for javax.net.ssl.SSLContext
			Second parameter was not properly generated as generatedTrustManagers
			at statement: virtualinvoke $r1.<javax.net.ssl.SSLContext: void init(javax.net.ssl.KeyManager[],javax.net.ssl.TrustManager[],java.security.SecureRandom)>($r20, $r8, $r3)


	 in Method: javax.net.ssl.TrustManager[] getTrustManagers(java.security.KeyStore,java.util.Collection)
		RequiredPredicateError violating CrySL rule for javax.net.ssl.TrustManagerFactory
			First parameter was not properly generated as generatedManagerFactoryParameters
			at statement: virtualinvoke $r8.<javax.net.ssl.TrustManagerFactory: void init(javax.net.ssl.ManagerFactoryParameters)>($r9)

		RequiredPredicateError violating CrySL rule for javax.net.ssl.CertPathTrustManagerParameters
			First parameter was not properly generated as generatedCertPathParameters
			at statement: specialinvoke $r9.<javax.net.ssl.CertPathTrustManagerParameters: void <init>(java.security.cert.CertPathParameters)>($r4)

		RequiredPredicateError violating CrySL rule for javax.net.ssl.TrustManagerFactory
			First parameter was not properly generated as generatedKeyStore
			at statement: virtualinvoke $r8.<javax.net.ssl.TrustManagerFactory: void init(java.security.KeyStore)>($r1)

		RequiredPredicateError violating CrySL rule for java.security.cert.PKIXBuilderParameters
			First parameter was not properly generated as generatedKeyStore
			at statement: specialinvoke $r4.<java.security.cert.PKIXBuilderParameters: void <init>(java.security.KeyStore,java.security.cert.CertSelector)>($r1, $r5)


Findings in Java Class: org.eclipse.jetty.util.security.CertificateUtils

	 in Method: java.util.Collection loadCRL(java.lang.String)
		IncompleteOperationError violating CrySL rule for java.security.cert.CertificateFactory (on Object #86ff26240486d482a390e8a3d5e6b317fee2fd68c1f2e8c5c6f41dae1dfe19b0)
			Operation on object of type java.security.cert.CertificateFactory object not completed. Expected call to generateCertPath, generateCertificate
			at statement: $r5 = virtualinvoke $r4.<java.security.cert.CertificateFactory: java.util.Collection generateCRLs(java.io.InputStream)>($r2)


	 in Method: java.security.KeyStore getKeyStore(java.io.InputStream,java.lang.String,java.lang.String,java.lang.String,java.lang.String)
		NeverTypeOfError violating CrySL rule for java.security.KeyStore (on Object #2de84421c238dd35df94e8ba5819458453d277fc3a3d63a58c3d1191116d1eb3)
			Second parameter should never be of type java.lang.String.
			at statement: virtualinvoke $r9.<java.security.KeyStore: void load(java.io.InputStream,char[])>($r3, $r5)

		HardCodedError violating CrySL rule for java.security.KeyStore (on Object #2de84421c238dd35df94e8ba5819458453d277fc3a3d63a58c3d1191116d1eb3)
			Second parameter should never be hardcoded.
			at statement: virtualinvoke $r9.<java.security.KeyStore: void load(java.io.InputStream,char[])>($r3, $r5)


Findings in Java Class: org.eclipse.jetty.client.security.DigestAuthentication

	 in Method: java.lang.String newCnonce(org.eclipse.jetty.client.HttpExchange,org.eclipse.jetty.client.security.Realm,java.util.Map)
		ConstraintError violating CrySL rule for java.security.MessageDigest (on Object #c201f96ca9b7c563be447c3fffa6dec70c47e094d67d285a2233047f7648ed55)
			First parameter (with value "MD5") should be any of {SHA-256, SHA-384, SHA-512}
			at statement: $r4 = staticinvoke <java.security.MessageDigest: java.security.MessageDigest getInstance(java.lang.String)>(varReplacer10604)


	 in Method: java.lang.String newResponse(java.lang.String,org.eclipse.jetty.client.HttpExchange,org.eclipse.jetty.client.security.Realm,java.util.Map)
		ConstraintError violating CrySL rule for java.security.MessageDigest (on Object #7d68da8f0f368b9733f4664efd9bbc3902b0223ebf89aa889e36c6476c1c40eb)
			First parameter (with value "MD5") should be any of {SHA-256, SHA-384, SHA-512}
			at statement: $r5 = staticinvoke <java.security.MessageDigest: java.security.MessageDigest getInstance(java.lang.String)>(varReplacer10625)


Findings in Java Class: org.eclipse.jetty.security.authentication.DigestAuthenticator$Digest

	 in Method: boolean check(java.lang.Object)
		ConstraintError violating CrySL rule for java.security.MessageDigest (on Object #793b96f2cdad05d24ac37b7e95c3a9ea4fb926fded327cf14f5aa3d250a8a649)
			First parameter (with value "MD5") should be any of {SHA-256, SHA-384, SHA-512}
			at statement: $r4 = staticinvoke <java.security.MessageDigest: java.security.MessageDigest getInstance(java.lang.String)>(varReplacer18361)


Findings in Java Class: org.eclipse.jetty.util.security.Credential$MD5

	 in Method: boolean check(java.lang.Object)
		ConstraintError violating CrySL rule for java.security.MessageDigest (on Object #135a195d0ad70ece0599390326c7f0898b7817be864b0636915a3b6d8e301c3d)
			First parameter (with value "MD5") should be any of {SHA-256, SHA-384, SHA-512}
			at statement: $r12 = staticinvoke <java.security.MessageDigest: java.security.MessageDigest getInstance(java.lang.String)>(varReplacer18384)


Findings in Java Class: org.eclipse.jetty.util.security.CertificateValidator

	 in Method: void validate(java.security.cert.Certificate[])
		RequiredPredicateError violating CrySL rule for java.security.cert.PKIXBuilderParameters
			First parameter was not properly generated as generatedKeyStore
			at statement: specialinvoke $r23.<java.security.cert.PKIXBuilderParameters: void <init>(java.security.KeyStore,java.security.cert.CertSelector)>($r8, $r5)


======================= CryptoAnalysis Summary ==========================
	Number of CrySL rules: 49
	Number of Objects Analyzed: 33

	CryptoAnalysis found the following violations. For details see description above.
	ConstraintError: 4
	RequiredPredicateError: 8
	TypestateError: 1
	NeverTypeOfError: 2
	HardCodedError: 2
	IncompleteOperationError: 3
=====================================================================
