0    [main] WARN  pes.access.impl.DeclaredTypeFactory  - --- xtext.common.types ---------------------------------------------------
1    [main] WARN  pes.access.impl.DeclaredTypeFactory  - ASM library is too old. Falling back to java.lang.reflect API.
1    [main] WARN  pes.access.impl.DeclaredTypeFactory  - Please note that no information about compile time constants is available.
1    [main] WARN  pes.access.impl.DeclaredTypeFactory  - It's recommended to use org.objectweb.asm 9.1.0 or better (Maven group id: org.ow2.asm).
1    [main] WARN  pes.access.impl.DeclaredTypeFactory  - --------------------------------------------------------------------------
Ruleset: 
	java.security.cert.TrustAnchor
	javax.crypto.spec.GCMParameterSpec
	javax.xml.crypto.dsig.spec.HMACParameterSpec
	java.security.KeyPair
	java.security.DigestOutputStream
	javax.net.ssl.KeyStoreBuilderParameters
	javax.crypto.spec.OAEPParameterSpec
	javax.net.ssl.SSLContext
	javax.crypto.spec.DHGenParameterSpec
	javax.crypto.CipherOutputStream
	java.security.Key
	javax.crypto.SecretKeyFactory
	java.security.cert.PKIXBuilderParameters
	java.security.KeyFactory
	javax.crypto.spec.PBEKeySpec
	java.security.spec.DSAGenParameterSpec
	java.security.KeyPairGenerator
	javax.crypto.CipherInputStream
	javax.net.ssl.CertPathTrustManagerParameters
	java.security.cert.CertificateFactory
	java.security.SecureRandom
	java.security.spec.MGF1ParameterSpec
	javax.net.ssl.SSLEngine
	javax.crypto.spec.DHParameterSpec
	java.security.spec.DSAParameterSpec
	java.security.spec.ECParameterSpec
	java.security.spec.RSAKeyGenParameterSpec
	javax.crypto.spec.IvParameterSpec
	javax.crypto.Cipher
	javax.crypto.spec.PBEParameterSpec
	java.security.AlgorithmParameterGenerator
	java.security.spec.X509EncodedKeySpec
	javax.net.ssl.TrustManagerFactory
	java.security.DigestInputStream
	void
	javax.net.ssl.KeyManagerFactory
	java.security.cert.PKIXParameters
	java.net.PasswordAuthentication
	java.security.AlgorithmParameters
	javax.crypto.KeyAgreement
	javax.crypto.spec.SecretKeySpec
	javax.net.ssl.SSLParameters
	java.security.MessageDigest
	javax.crypto.SecretKey
	javax.crypto.KeyGenerator
	java.security.KeyStore
	javax.crypto.Mac
	java.security.spec.ECGenParameterSpec
	java.security.Signature

Analyzed Objects: 
	Object:
		Variable: $r6
		Type: javax.net.ssl.SSLContext
		Statement: $r6 = staticinvoke <javax.net.ssl.SSLContext: javax.net.ssl.SSLContext getInstance(java.lang.String)>(varReplacer291)
		Method: <com.owncloud.android.lib.common.network.NetworkUtils: com.owncloud.android.lib.common.network.AdvancedSslSocketFactory getAdvancedSslSocketFactory(android.content.Context)>
		SHA-256: ae01fe2f21fd32d85a3211ac44279babfc35c4829e1085384dc2c05b8fd7ee5
		Secure: false
	Object:
		Variable: $r4
		Type: byte[]
		Statement: $r4 = virtualinvoke $r2.<java.security.MessageDigest: byte[] digest(byte[])>($r4)
		Method: <org.apache.commons.httpclient.auth.DigestScheme: java.lang.String createCnonce()>
		SHA-256: 1bf33944324c9900e87ea789c8601d6df8e3c7baaa566883f515ecbf30d5681d
		Secure: false
	Object:
		Variable: $r16
		Type: byte[]
		Statement: $r16 = virtualinvoke $r15.<java.security.MessageDigest: byte[] digest(byte[])>($r16)
		Method: <org.apache.commons.httpclient.auth.DigestScheme: java.lang.String createDigest(java.lang.String,java.lang.String)>
		SHA-256: 7debf2dbb1a500a0671e817daa0e87311d9033f2c339dd4a9805a71ad7fb9cc7
		Secure: false
	Object:
		Variable: $r3
		Type: javax.crypto.spec.SecretKeySpec
		Statement: specialinvoke $r3.<javax.crypto.spec.SecretKeySpec: void <init>(byte[],java.lang.String)>($r1, varReplacer13063)
		Method: <org.apache.commons.httpclient.auth.NTLM: javax.crypto.Cipher getCipher(byte[])>
		SHA-256: 81834cd6ce539c755b03a4f6564382648487304b6f28cf56b395732b7551d023
		Secure: false
	Object:
		Variable: $r6
		Type: javax.net.ssl.SSLContext
		Statement: $r6 = staticinvoke <javax.net.ssl.SSLContext: javax.net.ssl.SSLContext getInstance(java.lang.String)>(varReplacer292)
		Method: <com.owncloud.android.lib.common.network.NetworkUtils: com.owncloud.android.lib.common.network.AdvancedSslSocketFactory getAdvancedSslSocketFactory(android.content.Context)>
		SHA-256: cc1792e4f8eaa275683f4861bc45eaf7df69cbb982077db19a142f9df29b6a28
		Secure: false
	Object:
		Variable: $r3
		Type: javax.net.ssl.TrustManagerFactory
		Statement: $r3 = staticinvoke <javax.net.ssl.TrustManagerFactory: javax.net.ssl.TrustManagerFactory getInstance(java.lang.String)>($r2)
		Method: <com.owncloud.android.lib.common.network.AdvancedX509TrustManager: void <init>(java.security.KeyStore)>
		SHA-256: a956404915db1504609037e24079a5f5ef25bd3592ee70dfe4816fbb2862aa8
		Secure: false
	Object:
		Variable: $r15
		Type: java.security.MessageDigest
		Statement: $r15 = staticinvoke <java.security.MessageDigest: java.security.MessageDigest getInstance(java.lang.String)>(varReplacer11914)
		Method: <org.apache.commons.httpclient.auth.DigestScheme: java.lang.String createDigest(java.lang.String,java.lang.String)>
		SHA-256: 48f5189964628136dba0879a584f6329136f3a6c88e12bb6a1d8737230970d0
		Secure: false
	Object:
		Variable: $r3
		Type: java.security.KeyStore
		Statement: $r3 = staticinvoke <java.security.KeyStore: java.security.KeyStore getInstance(java.lang.String)>($r4)
		Method: <com.owncloud.android.lib.common.network.NetworkUtils: java.security.KeyStore getKnownServersStore(android.content.Context)>
		SHA-256: 38d37c031670c62244ddb26d1c121db8fc0d51c2867c6964e5828ed16808fd25
		Secure: true
	Object:
		Variable: $r2
		Type: java.security.MessageDigest
		Statement: $r2 = staticinvoke <java.security.MessageDigest: java.security.MessageDigest getInstance(java.lang.String)>(varReplacer12195)
		Method: <org.apache.commons.httpclient.auth.DigestScheme: java.lang.String createCnonce()>
		SHA-256: de2231ba0ce9601151c0801f949043e1f09e1b1e0de0c8bbf28dc91dabb3d407
		Secure: false
	Object:
		Variable: $r2
		Type: javax.crypto.Cipher
		Statement: $r2 = staticinvoke <javax.crypto.Cipher: javax.crypto.Cipher getInstance(java.lang.String)>(varReplacer13058)
		Method: <org.apache.commons.httpclient.auth.NTLM: javax.crypto.Cipher getCipher(byte[])>
		SHA-256: 9b3bed704cbb4fbe960a848d74322ec768a86adac899a141731d84a67fc0faf3
		Secure: false
	Object:
		Variable: $r16
		Type: byte[]
		Statement: $r16 = virtualinvoke $r15.<java.security.MessageDigest: byte[] digest(byte[])>($r16)
		Method: <org.apache.commons.httpclient.auth.DigestScheme: java.lang.String createDigest(java.lang.String,java.lang.String)>
		SHA-256: 7debf2dbb1a500a0671e817daa0e87311d9033f2c339dd4a9805a71ad7fb9cc7
		Secure: false
	Object:
		Variable: varReplacer13063
		Type: java.lang.String
		Statement: specialinvoke $r3.<javax.crypto.spec.SecretKeySpec: void <init>(byte[],java.lang.String)>($r1, varReplacer13063)
		Method: <org.apache.commons.httpclient.auth.NTLM: javax.crypto.Cipher getCipher(byte[])>
		SHA-256: e917f8dc685e7a666ffd28d6bf15f475ea811bf7481ebaec6931c166b0b299e9
		Secure: false
	Object:
		Variable: $r16
		Type: byte[]
		Statement: $r16 = virtualinvoke $r15.<java.security.MessageDigest: byte[] digest(byte[])>($r16)
		Method: <org.apache.commons.httpclient.auth.DigestScheme: java.lang.String createDigest(java.lang.String,java.lang.String)>
		SHA-256: 7debf2dbb1a500a0671e817daa0e87311d9033f2c339dd4a9805a71ad7fb9cc7
		Secure: false
	Object:
		Variable: $r16
		Type: byte[]
		Statement: $r16 = virtualinvoke $r15.<java.security.MessageDigest: byte[] digest(byte[])>($r16)
		Method: <org.apache.commons.httpclient.auth.DigestScheme: java.lang.String createDigest(java.lang.String,java.lang.String)>
		SHA-256: 7debf2dbb1a500a0671e817daa0e87311d9033f2c339dd4a9805a71ad7fb9cc7
		Secure: false
	Object:
		Variable: $r2
		Type: javax.net.ssl.TrustManager[]
		Statement: $r2 = virtualinvoke $r1.<javax.net.ssl.TrustManagerFactory: javax.net.ssl.TrustManager[] getTrustManagers()>()
		Method: <com.owncloud.android.lib.common.network.AdvancedX509TrustManager: javax.net.ssl.X509TrustManager findX509TrustManager(javax.net.ssl.TrustManagerFactory)>
		SHA-256: 42ac841c5e4e072c5c2bd47ccba1b8955e8bb45f6d36c558734b721129dcdd9a
		Secure: false

Findings in Java Class: com.owncloud.android.lib.common.network.NetworkUtils

	 in Method: com.owncloud.android.lib.common.network.AdvancedSslSocketFactory getAdvancedSslSocketFactory(android.content.Context)
		RequiredPredicateError violating CrySL rule for javax.net.ssl.SSLContext
			Second parameter was not properly generated as generatedTrustManagers
			at statement: virtualinvoke $r6.<javax.net.ssl.SSLContext: void init(javax.net.ssl.KeyManager[],javax.net.ssl.TrustManager[],java.security.SecureRandom)>(varReplacer293, $r12, varReplacer293)

		ConstraintError violating CrySL rule for javax.net.ssl.SSLContext (on Object #ae01fe2f21fd32d85a3211ac44279babfc35c4829e1085384dc2c05b8fd7ee5)
			First parameter (with value "TLSv1") should be any of {TLSv1.2, TLSv1.3}
			at statement: $r6 = staticinvoke <javax.net.ssl.SSLContext: javax.net.ssl.SSLContext getInstance(java.lang.String)>(varReplacer291)

		RequiredPredicateError violating CrySL rule for javax.net.ssl.SSLContext
			First parameter was not properly generated as generatedKeyManagers
			at statement: virtualinvoke $r6.<javax.net.ssl.SSLContext: void init(javax.net.ssl.KeyManager[],javax.net.ssl.TrustManager[],java.security.SecureRandom)>(varReplacer293, $r12, varReplacer293)

		RequiredPredicateError violating CrySL rule for javax.net.ssl.SSLContext
			Third parameter was not properly generated as randomized
			at statement: virtualinvoke $r6.<javax.net.ssl.SSLContext: void init(javax.net.ssl.KeyManager[],javax.net.ssl.TrustManager[],java.security.SecureRandom)>(varReplacer293, $r12, varReplacer293)


Findings in Java Class: org.apache.commons.httpclient.auth.DigestScheme

	 in Method: java.lang.String createDigest(java.lang.String,java.lang.String)
		ConstraintError violating CrySL rule for java.security.MessageDigest (on Object #48f5189964628136dba0879a584f6329136f3a6c88e12bb6a1d8737230970d0)
			First parameter (with value "MD5") should be any of {SHA-256, SHA-384, SHA-512}
			at statement: $r15 = staticinvoke <java.security.MessageDigest: java.security.MessageDigest getInstance(java.lang.String)>(varReplacer11914)


	 in Method: java.lang.String createCnonce()
		ConstraintError violating CrySL rule for java.security.MessageDigest (on Object #de2231ba0ce9601151c0801f949043e1f09e1b1e0de0c8bbf28dc91dabb3d407)
			First parameter (with value "MD5") should be any of {SHA-256, SHA-384, SHA-512}
			at statement: $r2 = staticinvoke <java.security.MessageDigest: java.security.MessageDigest getInstance(java.lang.String)>(varReplacer12195)


Findings in Java Class: org.apache.commons.httpclient.auth.NTLM

	 in Method: javax.crypto.Cipher getCipher(byte[])
		RequiredPredicateError violating CrySL rule for javax.crypto.spec.SecretKeySpec
			First parameter was not properly generated as preparedKeyMaterial
			at statement: specialinvoke $r3.<javax.crypto.spec.SecretKeySpec: void <init>(byte[],java.lang.String)>($r1, varReplacer13063)

		ConstraintError violating CrySL rule for javax.crypto.Cipher (on Object #9b3bed704cbb4fbe960a848d74322ec768a86adac899a141731d84a67fc0faf3)
			First parameter (with value "DES/ECB/NoPadding") should be any of {AES, PBEWithHmacSHA224AndAES_128, PBEWithHmacSHA256AndAES_128, PBEWithHmacSHA384AndAES_128, PBEWithHmacSHA512AndAES_128, PBEWithHmacSHA224AndAES_256, PBEWithHmacSHA256AndAES_256, PBEWithHmacSHA384AndAES_256, PBEWithHmacSHA512AndAES_256}
			at statement: $r2 = staticinvoke <javax.crypto.Cipher: javax.crypto.Cipher getInstance(java.lang.String)>(varReplacer13058)

		ConstraintError violating CrySL rule for javax.crypto.spec.SecretKeySpec (on Object #81834cd6ce539c755b03a4f6564382648487304b6f28cf56b395732b7551d023)
			Second parameter (with value "DES") should be any of {AES, HmacSHA256, HmacSHA384, HmacSHA512}
			at statement: specialinvoke $r3.<javax.crypto.spec.SecretKeySpec: void <init>(byte[],java.lang.String)>($r1, varReplacer13063)

		RequiredPredicateError violating CrySL rule for javax.crypto.Cipher
			Second parameter was not properly generated as generatedKey
			at statement: virtualinvoke $r2.<javax.crypto.Cipher: void init(int,java.security.Key)>(varReplacer13059, $r3)


	 in Method: byte[] encrypt(byte[],byte[])
		TypestateError violating CrySL rule for javax.crypto.Cipher (on Object #9b3bed704cbb4fbe960a848d74322ec768a86adac899a141731d84a67fc0faf3)
			Unexpected call to method doFinal on object of type javax.crypto.Cipher. Expect a call to one of the following methods init,updateAAD
			at statement: $r1 = virtualinvoke $r3.<javax.crypto.Cipher: byte[] doFinal(byte[])>($r2)


Findings in Java Class: com.owncloud.android.lib.common.network.AdvancedX509TrustManager

	 in Method: void <init>(java.security.KeyStore)
		RequiredPredicateError violating CrySL rule for javax.net.ssl.TrustManagerFactory
			First parameter was not properly generated as generatedKeyStore
			at statement: virtualinvoke $r3.<javax.net.ssl.TrustManagerFactory: void init(java.security.KeyStore)>(varReplacer1099)


======================= CryptoAnalysis Summary ==========================
	Number of CrySL rules: 49
	Number of Objects Analyzed: 15

	CryptoAnalysis found the following violations. For details see description above.
	ConstraintError: 5
	RequiredPredicateError: 6
	TypestateError: 1
=====================================================================
