0    [main] WARN  pes.access.impl.DeclaredTypeFactory  - --- xtext.common.types ---------------------------------------------------
0    [main] WARN  pes.access.impl.DeclaredTypeFactory  - ASM library is too old. Falling back to java.lang.reflect API.
0    [main] WARN  pes.access.impl.DeclaredTypeFactory  - Please note that no information about compile time constants is available.
0    [main] WARN  pes.access.impl.DeclaredTypeFactory  - It's recommended to use org.objectweb.asm 9.1.0 or better (Maven group id: org.ow2.asm).
0    [main] WARN  pes.access.impl.DeclaredTypeFactory  - --------------------------------------------------------------------------
Ruleset: 
	java.security.cert.TrustAnchor
	javax.crypto.spec.GCMParameterSpec
	javax.xml.crypto.dsig.spec.HMACParameterSpec
	java.security.KeyPair
	java.security.DigestOutputStream
	javax.net.ssl.KeyStoreBuilderParameters
	javax.crypto.spec.OAEPParameterSpec
	javax.net.ssl.SSLContext
	javax.crypto.spec.DHGenParameterSpec
	javax.crypto.CipherOutputStream
	java.security.Key
	javax.crypto.SecretKeyFactory
	java.security.cert.PKIXBuilderParameters
	java.security.KeyFactory
	javax.crypto.spec.PBEKeySpec
	java.security.spec.DSAGenParameterSpec
	java.security.KeyPairGenerator
	javax.crypto.CipherInputStream
	javax.net.ssl.CertPathTrustManagerParameters
	java.security.cert.CertificateFactory
	java.security.SecureRandom
	java.security.spec.MGF1ParameterSpec
	javax.net.ssl.SSLEngine
	javax.crypto.spec.DHParameterSpec
	java.security.spec.DSAParameterSpec
	java.security.spec.ECParameterSpec
	java.security.spec.RSAKeyGenParameterSpec
	javax.crypto.spec.IvParameterSpec
	javax.crypto.Cipher
	javax.crypto.spec.PBEParameterSpec
	java.security.AlgorithmParameterGenerator
	java.security.spec.X509EncodedKeySpec
	javax.net.ssl.TrustManagerFactory
	java.security.DigestInputStream
	void
	javax.net.ssl.KeyManagerFactory
	java.security.cert.PKIXParameters
	java.net.PasswordAuthentication
	java.security.AlgorithmParameters
	javax.crypto.KeyAgreement
	javax.crypto.spec.SecretKeySpec
	javax.net.ssl.SSLParameters
	java.security.MessageDigest
	javax.crypto.SecretKey
	javax.crypto.KeyGenerator
	java.security.KeyStore
	javax.crypto.Mac
	java.security.spec.ECGenParameterSpec
	java.security.Signature

Analyzed Objects: 
	Object:
		Variable: $r13
		Type: javax.crypto.spec.IvParameterSpec
		Statement: specialinvoke $r13.<javax.crypto.spec.IvParameterSpec: void <init>(byte[])>($r12)
		Method: <com.google.android.exoplayer2.upstream.cache.CachedContentIndex: boolean readFile()>
		SHA-256: a6bb44e469f795c17b8da53fb45e576d580af82cd5abcd930f4e627dfb9e39ce
		Secure: false
	Object:
		Variable: $r6
		Type: java.lang.String
		Statement: specialinvoke $r4.<javax.crypto.spec.SecretKeySpec: void <init>(byte[],java.lang.String)>($r2, $r6)
		Method: <com.google.android.exoplayer2.upstream.crypto.AesFlushingCipher: void <init>(int,byte[],long,long)>
		SHA-256: 32f1dc319e90e74407084112cd58f45beb111581697b43d6867254adae1f872
		Secure: false
	Object:
		Variable: $r11
		Type: javax.crypto.CipherOutputStream
		Statement: specialinvoke $r11.<javax.crypto.CipherOutputStream: void <init>(java.io.OutputStream,javax.crypto.Cipher)>($r3, $r8)
		Method: <com.google.android.exoplayer2.upstream.cache.CachedContentIndex: void writeFile()>
		SHA-256: d7613a9144ef79339b5b95fe19aff64129d70ca506d660c65d1dfc7f9ad0e1c8
		Secure: false
	Object:
		Variable: $r2
		Type: java.security.MessageDigest
		Statement: $r2 = staticinvoke <java.security.MessageDigest: java.security.MessageDigest getInstance(java.lang.String)>($r1)
		Method: <okio.ByteString: okio.ByteString digest(java.lang.String)>
		SHA-256: b336d574501b28a5bd90db22472c23a68acb0c1b99c4f14746fdc2a23c69a24e
		Secure: false
	Object:
		Variable: $r1
		Type: byte[]
		Statement: $r1 = virtualinvoke $r2.<java.security.MessageDigest: byte[] digest()>()
		Method: <org.saiditnet.redreader.common.General: java.lang.String sha1(byte[])>
		SHA-256: 2c02573ae3cf5d63188cd45fd9203ed18045c6652f0f3c79a2e95e5ae52e49a3
		Secure: false
	Object:
		Variable: $r2
		Type: javax.net.ssl.TrustManagerFactory
		Statement: $r2 = staticinvoke <javax.net.ssl.TrustManagerFactory: javax.net.ssl.TrustManagerFactory getInstance(java.lang.String)>($r1)
		Method: <okhttp3.OkHttpClient: javax.net.ssl.X509TrustManager systemDefaultTrustManager()>
		SHA-256: 61965954da2703450175e336d331a8bc311810e943eebaeca9d739b64a0fdc1
		Secure: false
	Object:
		Variable: $r15
		Type: javax.crypto.CipherInputStream
		Statement: specialinvoke $r15.<javax.crypto.CipherInputStream: void <init>(java.io.InputStream,javax.crypto.Cipher)>($r7, $r11)
		Method: <com.google.android.exoplayer2.upstream.cache.CachedContentIndex: boolean readFile()>
		SHA-256: d42fc4ed9d6fdd9175b1603dcdc287af3ac37d060ad047fd1c7ac36427de5206
		Secure: false
	Object:
		Variable: $r2
		Type: javax.net.ssl.SSLContext
		Statement: $r2 = staticinvoke <javax.net.ssl.SSLContext: javax.net.ssl.SSLContext getInstance(java.lang.String)>(varReplacer13883)
		Method: <okhttp3.OkHttpClient: javax.net.ssl.SSLSocketFactory systemDefaultSslSocketFactory(javax.net.ssl.X509TrustManager)>
		SHA-256: ac727762a1016a43d62698a895864592b33184782bbb8cc5ef587599760b5917
		Secure: false
	Object:
		Variable: $r8
		Type: javax.crypto.spec.IvParameterSpec
		Statement: specialinvoke $r8.<javax.crypto.spec.IvParameterSpec: void <init>(byte[])>($r2)
		Method: <com.google.android.exoplayer2.upstream.crypto.AesFlushingCipher: void <init>(int,byte[],long,long)>
		SHA-256: 89e66808fdd4d44950f8f05d6392a01fd0c8f1f822f8047e1a281f8bc53e1592
		Secure: false
	Object:
		Variable: $r4
		Type: javax.crypto.spec.SecretKeySpec
		Statement: specialinvoke $r4.<javax.crypto.spec.SecretKeySpec: void <init>(byte[],java.lang.String)>($r2, $r6)
		Method: <com.google.android.exoplayer2.upstream.crypto.AesFlushingCipher: void <init>(int,byte[],long,long)>
		SHA-256: 3c0b77155d98a0bf05a492f60a6a12b9f6ce9089eaada21848ca2724b7d57bb0
		Secure: false
	Object:
		Variable: $r2
		Type: java.security.MessageDigest
		Statement: $r2 = staticinvoke <java.security.MessageDigest: java.security.MessageDigest getInstance(java.lang.String)>(varReplacer14128)
		Method: <org.saiditnet.redreader.common.General: java.lang.String sha1(byte[])>
		SHA-256: 5efcdff2577cd06d8f6b508279980be7f9610ea8c6d2b9ddc417d466747a7b66
		Secure: false
	Object:
		Variable: $r3
		Type: javax.net.ssl.TrustManager[]
		Statement: $r3 = virtualinvoke $r2.<javax.net.ssl.TrustManagerFactory: javax.net.ssl.TrustManager[] getTrustManagers()>()
		Method: <okhttp3.OkHttpClient: javax.net.ssl.X509TrustManager systemDefaultTrustManager()>
		SHA-256: 4704c3ea9d50e304ebaa64f80abc0358b23fd9e2c75b25360e6595ec058a5c98
		Secure: false
	Object:
		Variable: $r3
		Type: byte[]
		Statement: $r3 = virtualinvoke $r2.<java.security.MessageDigest: byte[] digest(byte[])>($r3)
		Method: <okio.ByteString: okio.ByteString digest(java.lang.String)>
		SHA-256: a79a1700ae9d8d44f13ea218f751e7024f8f1222b1b2ae17cdbab7b56d352181
		Secure: false
	Object:
		Variable: $r5
		Type: java.security.cert.CertificateFactory
		Statement: $r5 = staticinvoke <java.security.cert.CertificateFactory: java.security.cert.CertificateFactory getInstance(java.lang.String)>(varReplacer32032)
		Method: <okhttp3.Cache$Entry: java.util.List readCertificateList(okio.BufferedSource)>
		SHA-256: 746cd08221e279b5376897a0135364543b570a08c4129e9e4155f7f6593e2f31
		Secure: false
	Object:
		Variable: $r1
		Type: javax.crypto.Cipher
		Statement: $r1 = staticinvoke <javax.crypto.Cipher: javax.crypto.Cipher getInstance(java.lang.String)>(varReplacer17227)
		Method: <com.google.android.exoplayer2.upstream.crypto.AesFlushingCipher: void <init>(int,byte[],long,long)>
		SHA-256: b9271b17d37b04040bf7c85aa93671fa07642bdd9f6a4239aa060fecbf420c29
		Secure: false
	Object:
		Variable: $r7
		Type: javax.crypto.spec.IvParameterSpec
		Statement: specialinvoke $r7.<javax.crypto.spec.IvParameterSpec: void <init>(byte[])>($r5)
		Method: <com.google.android.exoplayer2.upstream.cache.CachedContentIndex: void writeFile()>
		SHA-256: e69bd9743e285afb3ba0e8f91fff4fbc2d2a0a72cdf7ff76708f202dde0a689c
		Secure: false

Findings in Java Class: okhttp3.OkHttpClient

	 in Method: javax.net.ssl.SSLSocketFactory systemDefaultSslSocketFactory(javax.net.ssl.X509TrustManager)
		ConstraintError violating CrySL rule for javax.net.ssl.SSLContext (on Object #ac727762a1016a43d62698a895864592b33184782bbb8cc5ef587599760b5917)
			First parameter (with value "TLS") should be any of {TLSv1.2, TLSv1.3}
			at statement: $r2 = staticinvoke <javax.net.ssl.SSLContext: javax.net.ssl.SSLContext getInstance(java.lang.String)>(varReplacer13883)

		RequiredPredicateError violating CrySL rule for javax.net.ssl.SSLContext
			Second parameter was not properly generated as generatedTrustManagers
			at statement: virtualinvoke $r2.<javax.net.ssl.SSLContext: void init(javax.net.ssl.KeyManager[],javax.net.ssl.TrustManager[],java.security.SecureRandom)>(varReplacer13881, $r7, varReplacer13881)

		RequiredPredicateError violating CrySL rule for javax.net.ssl.SSLContext
			First parameter was not properly generated as generatedKeyManagers
			at statement: virtualinvoke $r2.<javax.net.ssl.SSLContext: void init(javax.net.ssl.KeyManager[],javax.net.ssl.TrustManager[],java.security.SecureRandom)>(varReplacer13881, $r7, varReplacer13881)

		RequiredPredicateError violating CrySL rule for javax.net.ssl.SSLContext
			Third parameter was not properly generated as randomized
			at statement: virtualinvoke $r2.<javax.net.ssl.SSLContext: void init(javax.net.ssl.KeyManager[],javax.net.ssl.TrustManager[],java.security.SecureRandom)>(varReplacer13881, $r7, varReplacer13881)


	 in Method: javax.net.ssl.X509TrustManager systemDefaultTrustManager()
		RequiredPredicateError violating CrySL rule for javax.net.ssl.TrustManagerFactory
			First parameter was not properly generated as generatedKeyStore
			at statement: virtualinvoke $r2.<javax.net.ssl.TrustManagerFactory: void init(java.security.KeyStore)>(varReplacer13878)


Findings in Java Class: org.saiditnet.redreader.common.General

	 in Method: java.lang.String sha1(byte[])
		ConstraintError violating CrySL rule for java.security.MessageDigest (on Object #5efcdff2577cd06d8f6b508279980be7f9610ea8c6d2b9ddc417d466747a7b66)
			First parameter (with value "SHA-1") should be any of {SHA-256, SHA-384, SHA-512}
			at statement: $r2 = staticinvoke <java.security.MessageDigest: java.security.MessageDigest getInstance(java.lang.String)>(varReplacer14128)


Findings in Java Class: com.google.android.exoplayer2.upstream.cache.CacheDataSource

	 in Method: int read(byte[],int,int)
		IncompleteOperationError violating CrySL rule for javax.crypto.Cipher (on Object #b9271b17d37b04040bf7c85aa93671fa07642bdd9f6a4239aa060fecbf420c29)
			Operation on object of type javax.crypto.Cipher object not completed. Expected call to init
			at statement: specialinvoke r0.<com.google.android.exoplayer2.upstream.cache.CacheDataSource: void handleBeforeThrow(java.io.IOException)>($r4)


	 in Method: void close()
		IncompleteOperationError violating CrySL rule for javax.crypto.Cipher (on Object #b9271b17d37b04040bf7c85aa93671fa07642bdd9f6a4239aa060fecbf420c29)
			Operation on object of type javax.crypto.Cipher object not completed. Expected call to init
			at statement: specialinvoke r0.<com.google.android.exoplayer2.upstream.cache.CacheDataSource: void handleBeforeThrow(java.io.IOException)>($r2)


	 in Method: long open(com.google.android.exoplayer2.upstream.DataSpec)
		IncompleteOperationError violating CrySL rule for javax.crypto.Cipher (on Object #b9271b17d37b04040bf7c85aa93671fa07642bdd9f6a4239aa060fecbf420c29)
			Operation on object of type javax.crypto.Cipher object not completed. Expected call to init
			at statement: specialinvoke r0.<com.google.android.exoplayer2.upstream.cache.CacheDataSource: void notifyCacheIgnored(int)>($i0)

		IncompleteOperationError violating CrySL rule for javax.crypto.Cipher (on Object #b9271b17d37b04040bf7c85aa93671fa07642bdd9f6a4239aa060fecbf420c29)
			Operation on object of type javax.crypto.Cipher object not completed. Expected call to init
			at statement: specialinvoke r0.<com.google.android.exoplayer2.upstream.cache.CacheDataSource: void handleBeforeThrow(java.io.IOException)>($r9)

		IncompleteOperationError violating CrySL rule for javax.crypto.Cipher (on Object #b9271b17d37b04040bf7c85aa93671fa07642bdd9f6a4239aa060fecbf420c29)
			Operation on object of type javax.crypto.Cipher object not completed. Expected call to init
			at statement: $i0 = specialinvoke r0.<com.google.android.exoplayer2.upstream.cache.CacheDataSource: int shouldIgnoreCacheForRequest(com.google.android.exoplayer2.upstream.DataSpec)>($r1)


Findings in Java Class: com.google.android.exoplayer2.upstream.DefaultHttpDataSource

	 in Method: void close()
		IncompleteOperationError violating CrySL rule for javax.crypto.Cipher (on Object #b9271b17d37b04040bf7c85aa93671fa07642bdd9f6a4239aa060fecbf420c29)
			Operation on object of type javax.crypto.Cipher object not completed. Expected call to init
			at statement: specialinvoke r0.<com.google.android.exoplayer2.upstream.DefaultHttpDataSource: void closeConnectionQuietly()>()

		IncompleteOperationError violating CrySL rule for javax.crypto.Cipher (on Object #b9271b17d37b04040bf7c85aa93671fa07642bdd9f6a4239aa060fecbf420c29)
			Operation on object of type javax.crypto.Cipher object not completed. Expected call to init
			at statement: virtualinvoke r0.<com.google.android.exoplayer2.upstream.DefaultHttpDataSource: void transferEnded()>()


	 in Method: java.net.HttpURLConnection makeConnection(com.google.android.exoplayer2.upstream.DataSpec)
		IncompleteOperationError violating CrySL rule for javax.crypto.Cipher (on Object #b9271b17d37b04040bf7c85aa93671fa07642bdd9f6a4239aa060fecbf420c29)
			Operation on object of type javax.crypto.Cipher object not completed. Expected call to init
			at statement: $r6 = specialinvoke r0.<com.google.android.exoplayer2.upstream.DefaultHttpDataSource: java.net.HttpURLConnection makeConnection(java.net.URL,int,byte[],long,long,boolean,boolean)>($r2, $i2, $r5, $l0, $l3, $z0, varReplacer17231)


	 in Method: void skipInternal()
		IncompleteOperationError violating CrySL rule for javax.crypto.Cipher (on Object #b9271b17d37b04040bf7c85aa93671fa07642bdd9f6a4239aa060fecbf420c29)
			Operation on object of type javax.crypto.Cipher object not completed. Expected call to init
			at statement: virtualinvoke r0.<com.google.android.exoplayer2.upstream.DefaultHttpDataSource: void bytesTransferred(int)>($i3)


	 in Method: long open(com.google.android.exoplayer2.upstream.DataSpec)
		IncompleteOperationError violating CrySL rule for javax.crypto.Cipher (on Object #b9271b17d37b04040bf7c85aa93671fa07642bdd9f6a4239aa060fecbf420c29)
			Operation on object of type javax.crypto.Cipher object not completed. Expected call to init
			at statement: specialinvoke r0.<com.google.android.exoplayer2.upstream.DefaultHttpDataSource: void closeConnectionQuietly()>()

		IncompleteOperationError violating CrySL rule for javax.crypto.Cipher (on Object #b9271b17d37b04040bf7c85aa93671fa07642bdd9f6a4239aa060fecbf420c29)
			Operation on object of type javax.crypto.Cipher object not completed. Expected call to init
			at statement: specialinvoke r0.<com.google.android.exoplayer2.upstream.DefaultHttpDataSource: void closeConnectionQuietly()>()

		IncompleteOperationError violating CrySL rule for javax.crypto.Cipher (on Object #b9271b17d37b04040bf7c85aa93671fa07642bdd9f6a4239aa060fecbf420c29)
			Operation on object of type javax.crypto.Cipher object not completed. Expected call to init
			at statement: specialinvoke r0.<com.google.android.exoplayer2.upstream.DefaultHttpDataSource: void closeConnectionQuietly()>()

		IncompleteOperationError violating CrySL rule for javax.crypto.Cipher (on Object #b9271b17d37b04040bf7c85aa93671fa07642bdd9f6a4239aa060fecbf420c29)
			Operation on object of type javax.crypto.Cipher object not completed. Expected call to init
			at statement: specialinvoke r0.<com.google.android.exoplayer2.upstream.DefaultHttpDataSource: void closeConnectionQuietly()>()


Findings in Java Class: com.google.android.exoplayer2.upstream.RawResourceDataSource

	 in Method: void close()
		IncompleteOperationError violating CrySL rule for javax.crypto.Cipher (on Object #b9271b17d37b04040bf7c85aa93671fa07642bdd9f6a4239aa060fecbf420c29)
			Operation on object of type javax.crypto.Cipher object not completed. Expected call to init
			at statement: virtualinvoke r0.<com.google.android.exoplayer2.upstream.RawResourceDataSource: void transferEnded()>()

		IncompleteOperationError violating CrySL rule for javax.crypto.Cipher (on Object #b9271b17d37b04040bf7c85aa93671fa07642bdd9f6a4239aa060fecbf420c29)
			Operation on object of type javax.crypto.Cipher object not completed. Expected call to init
			at statement: virtualinvoke r0.<com.google.android.exoplayer2.upstream.RawResourceDataSource: void transferEnded()>()

		IncompleteOperationError violating CrySL rule for javax.crypto.Cipher (on Object #b9271b17d37b04040bf7c85aa93671fa07642bdd9f6a4239aa060fecbf420c29)
			Operation on object of type javax.crypto.Cipher object not completed. Expected call to init
			at statement: virtualinvoke r0.<com.google.android.exoplayer2.upstream.RawResourceDataSource: void transferEnded()>()


	 in Method: long open(com.google.android.exoplayer2.upstream.DataSpec)
		IncompleteOperationError violating CrySL rule for javax.crypto.Cipher (on Object #b9271b17d37b04040bf7c85aa93671fa07642bdd9f6a4239aa060fecbf420c29)
			Operation on object of type javax.crypto.Cipher object not completed. Expected call to init
			at statement: virtualinvoke r0.<com.google.android.exoplayer2.upstream.RawResourceDataSource: void transferInitializing(com.google.android.exoplayer2.upstream.DataSpec)>($r2)


Findings in Java Class: com.google.android.exoplayer2.upstream.FileDataSource

	 in Method: long open(com.google.android.exoplayer2.upstream.DataSpec)
		IncompleteOperationError violating CrySL rule for javax.crypto.Cipher (on Object #b9271b17d37b04040bf7c85aa93671fa07642bdd9f6a4239aa060fecbf420c29)
			Operation on object of type javax.crypto.Cipher object not completed. Expected call to init
			at statement: virtualinvoke r0.<com.google.android.exoplayer2.upstream.FileDataSource: void transferInitializing(com.google.android.exoplayer2.upstream.DataSpec)>($r1)


	 in Method: void close()
		IncompleteOperationError violating CrySL rule for javax.crypto.Cipher (on Object #b9271b17d37b04040bf7c85aa93671fa07642bdd9f6a4239aa060fecbf420c29)
			Operation on object of type javax.crypto.Cipher object not completed. Expected call to init
			at statement: virtualinvoke r0.<com.google.android.exoplayer2.upstream.FileDataSource: void transferEnded()>()


Findings in Java Class: com.google.android.exoplayer2.offline.ProgressiveDownloader

	 in Method: void download()
		IncompleteOperationError violating CrySL rule for javax.crypto.Cipher (on Object #b9271b17d37b04040bf7c85aa93671fa07642bdd9f6a4239aa060fecbf420c29)
			Operation on object of type javax.crypto.Cipher object not completed. Expected call to init
			at statement: staticinvoke <com.google.android.exoplayer2.upstream.cache.CacheUtil: void cache(com.google.android.exoplayer2.upstream.DataSpec,com.google.android.exoplayer2.upstream.cache.Cache,com.google.android.exoplayer2.upstream.cache.CacheDataSource,byte[],com.google.android.exoplayer2.util.PriorityTaskManager,int,com.google.android.exoplayer2.upstream.cache.CacheUtil$CachingCounters,java.util.concurrent.atomic.AtomicBoolean,boolean)>($r7, $r1, $r2, $r3, $r4, varReplacer8678, $r5, $r6, varReplacer8679)


Findings in Java Class: com.google.android.exoplayer2.upstream.cache.CacheUtil

	 in Method: long readAndDiscard(com.google.android.exoplayer2.upstream.DataSpec,long,long,com.google.android.exoplayer2.upstream.DataSource,byte[],com.google.android.exoplayer2.util.PriorityTaskManager,int,com.google.android.exoplayer2.upstream.cache.CacheUtil$CachingCounters,java.util.concurrent.atomic.AtomicBoolean)
		IncompleteOperationError violating CrySL rule for javax.crypto.Cipher (on Object #b9271b17d37b04040bf7c85aa93671fa07642bdd9f6a4239aa060fecbf420c29)
			Operation on object of type javax.crypto.Cipher object not completed. Expected call to init
			at statement: staticinvoke <com.google.android.exoplayer2.util.Util: void closeQuietly(com.google.android.exoplayer2.upstream.DataSource)>($r1)


	 in Method: void cache(com.google.android.exoplayer2.upstream.DataSpec,com.google.android.exoplayer2.upstream.cache.Cache,com.google.android.exoplayer2.upstream.cache.CacheDataSource,byte[],com.google.android.exoplayer2.util.PriorityTaskManager,int,com.google.android.exoplayer2.upstream.cache.CacheUtil$CachingCounters,java.util.concurrent.atomic.AtomicBoolean,boolean)
		IncompleteOperationError violating CrySL rule for javax.crypto.Cipher (on Object #b9271b17d37b04040bf7c85aa93671fa07642bdd9f6a4239aa060fecbf420c29)
			Operation on object of type javax.crypto.Cipher object not completed. Expected call to init
			at statement: $l6 = staticinvoke <com.google.android.exoplayer2.upstream.cache.CacheUtil: long readAndDiscard(com.google.android.exoplayer2.upstream.DataSpec,long,long,com.google.android.exoplayer2.upstream.DataSource,byte[],com.google.android.exoplayer2.util.PriorityTaskManager,int,com.google.android.exoplayer2.upstream.cache.CacheUtil$CachingCounters,java.util.concurrent.atomic.AtomicBoolean)>($r0, $l1, $l5, $r2, $r3, $r4, $i0, $r5, $r6)


Findings in Java Class: com.google.android.exoplayer2.upstream.ContentDataSource

	 in Method: void close()
		IncompleteOperationError violating CrySL rule for javax.crypto.Cipher (on Object #b9271b17d37b04040bf7c85aa93671fa07642bdd9f6a4239aa060fecbf420c29)
			Operation on object of type javax.crypto.Cipher object not completed. Expected call to init
			at statement: virtualinvoke r0.<com.google.android.exoplayer2.upstream.ContentDataSource: void transferEnded()>()

		IncompleteOperationError violating CrySL rule for javax.crypto.Cipher (on Object #b9271b17d37b04040bf7c85aa93671fa07642bdd9f6a4239aa060fecbf420c29)
			Operation on object of type javax.crypto.Cipher object not completed. Expected call to init
			at statement: virtualinvoke r0.<com.google.android.exoplayer2.upstream.ContentDataSource: void transferEnded()>()

		IncompleteOperationError violating CrySL rule for javax.crypto.Cipher (on Object #b9271b17d37b04040bf7c85aa93671fa07642bdd9f6a4239aa060fecbf420c29)
			Operation on object of type javax.crypto.Cipher object not completed. Expected call to init
			at statement: virtualinvoke r0.<com.google.android.exoplayer2.upstream.ContentDataSource: void transferEnded()>()


	 in Method: long open(com.google.android.exoplayer2.upstream.DataSpec)
		IncompleteOperationError violating CrySL rule for javax.crypto.Cipher (on Object #b9271b17d37b04040bf7c85aa93671fa07642bdd9f6a4239aa060fecbf420c29)
			Operation on object of type javax.crypto.Cipher object not completed. Expected call to init
			at statement: virtualinvoke r0.<com.google.android.exoplayer2.upstream.ContentDataSource: void transferInitializing(com.google.android.exoplayer2.upstream.DataSpec)>($r1)


Findings in Java Class: com.google.android.exoplayer2.upstream.ByteArrayDataSource

	 in Method: long open(com.google.android.exoplayer2.upstream.DataSpec)
		IncompleteOperationError violating CrySL rule for javax.crypto.Cipher (on Object #b9271b17d37b04040bf7c85aa93671fa07642bdd9f6a4239aa060fecbf420c29)
			Operation on object of type javax.crypto.Cipher object not completed. Expected call to init
			at statement: virtualinvoke r0.<com.google.android.exoplayer2.upstream.ByteArrayDataSource: void transferInitializing(com.google.android.exoplayer2.upstream.DataSpec)>($r2)


Findings in Java Class: com.google.android.exoplayer2.upstream.AssetDataSource

	 in Method: void close()
		IncompleteOperationError violating CrySL rule for javax.crypto.Cipher (on Object #b9271b17d37b04040bf7c85aa93671fa07642bdd9f6a4239aa060fecbf420c29)
			Operation on object of type javax.crypto.Cipher object not completed. Expected call to init
			at statement: virtualinvoke r0.<com.google.android.exoplayer2.upstream.AssetDataSource: void transferEnded()>()


	 in Method: long open(com.google.android.exoplayer2.upstream.DataSpec)
		IncompleteOperationError violating CrySL rule for javax.crypto.Cipher (on Object #b9271b17d37b04040bf7c85aa93671fa07642bdd9f6a4239aa060fecbf420c29)
			Operation on object of type javax.crypto.Cipher object not completed. Expected call to init
			at statement: virtualinvoke r0.<com.google.android.exoplayer2.upstream.AssetDataSource: void transferInitializing(com.google.android.exoplayer2.upstream.DataSpec)>($r1)


Findings in Java Class: com.google.android.exoplayer2.upstream.DataSchemeDataSource

	 in Method: long open(com.google.android.exoplayer2.upstream.DataSpec)
		IncompleteOperationError violating CrySL rule for javax.crypto.Cipher (on Object #b9271b17d37b04040bf7c85aa93671fa07642bdd9f6a4239aa060fecbf420c29)
			Operation on object of type javax.crypto.Cipher object not completed. Expected call to init
			at statement: virtualinvoke r0.<com.google.android.exoplayer2.upstream.DataSchemeDataSource: void transferInitializing(com.google.android.exoplayer2.upstream.DataSpec)>($r1)


Findings in Java Class: com.google.android.exoplayer2.upstream.DataSourceInputStream

	 in Method: void checkOpened()
		IncompleteOperationError violating CrySL rule for javax.crypto.Cipher (on Object #b9271b17d37b04040bf7c85aa93671fa07642bdd9f6a4239aa060fecbf420c29)
			Operation on object of type javax.crypto.Cipher object not completed. Expected call to init
			at statement: interfaceinvoke $r2.<com.google.android.exoplayer2.upstream.DataSource: long open(com.google.android.exoplayer2.upstream.DataSpec)>($r1)


Findings in Java Class: com.google.android.exoplayer2.upstream.crypto.AesFlushingCipher

	 in Method: void <init>(int,byte[],long,long)
		RequiredPredicateError violating CrySL rule for javax.crypto.spec.SecretKeySpec
			First parameter was not properly generated as preparedKeyMaterial
			at statement: specialinvoke $r4.<javax.crypto.spec.SecretKeySpec: void <init>(byte[],java.lang.String)>($r2, $r6)

		IncompleteOperationError violating CrySL rule for javax.crypto.Cipher (on Object #b9271b17d37b04040bf7c85aa93671fa07642bdd9f6a4239aa060fecbf420c29)
			Operation on object of type javax.crypto.Cipher object not completed. Expected call to init
			at statement: $r6 = virtualinvoke $r5.<javax.crypto.Cipher: java.lang.String getAlgorithm()>()

		RequiredPredicateError violating CrySL rule for javax.crypto.spec.IvParameterSpec
			First parameter was not properly generated as randomized
			at statement: specialinvoke $r8.<javax.crypto.spec.IvParameterSpec: void <init>(byte[])>($r2)


Findings in Java Class: com.google.android.exoplayer2.upstream.cache.CachedContentIndex

	 in Method: boolean readFile()
		RequiredPredicateError violating CrySL rule for javax.crypto.spec.IvParameterSpec
			First parameter was not properly generated as randomized
			at statement: specialinvoke $r13.<javax.crypto.spec.IvParameterSpec: void <init>(byte[])>($r12)

		IncompleteOperationError violating CrySL rule for javax.crypto.CipherInputStream (on Object #d42fc4ed9d6fdd9175b1603dcdc287af3ac37d060ad047fd1c7ac36427de5206)
			Operation on object of type javax.crypto.CipherInputStream object not completed. Expected call to read
			at statement: specialinvoke $r14.<java.io.DataInputStream: void <init>(java.io.InputStream)>($r15)


	 in Method: void writeFile()
		RequiredPredicateError violating CrySL rule for javax.crypto.spec.IvParameterSpec
			First parameter was not properly generated as randomized
			at statement: specialinvoke $r7.<javax.crypto.spec.IvParameterSpec: void <init>(byte[])>($r5)

		IncompleteOperationError violating CrySL rule for javax.crypto.CipherOutputStream (on Object #d7613a9144ef79339b5b95fe19aff64129d70ca506d660c65d1dfc7f9ad0e1c8)
			Operation on object of type javax.crypto.CipherOutputStream object not completed. Expected call to write
			at statement: specialinvoke $r10.<java.io.DataOutputStream: void <init>(java.io.OutputStream)>($r11)


Findings in Java Class: okio.ByteString

	 in Method: okio.ByteString digest(java.lang.String)
		ConstraintError violating CrySL rule for java.security.MessageDigest (on Object #b336d574501b28a5bd90db22472c23a68acb0c1b99c4f14746fdc2a23c69a24e)
			First parameter (with value "SHA-1") should be any of {SHA-256, SHA-384, SHA-512}
			at statement: $r2 = staticinvoke <java.security.MessageDigest: java.security.MessageDigest getInstance(java.lang.String)>($r1)

		ConstraintError violating CrySL rule for java.security.MessageDigest (on Object #b336d574501b28a5bd90db22472c23a68acb0c1b99c4f14746fdc2a23c69a24e)
			First parameter (with value "MD5") should be any of {SHA-256, SHA-384, SHA-512}
			at statement: $r2 = staticinvoke <java.security.MessageDigest: java.security.MessageDigest getInstance(java.lang.String)>($r1)


Findings in Java Class: okhttp3.Cache$Entry

	 in Method: java.util.List readCertificateList(okio.BufferedSource)
		IncompleteOperationError violating CrySL rule for java.security.cert.CertificateFactory (on Object #746cd08221e279b5376897a0135364543b570a08c4129e9e4155f7f6593e2f31)
			Operation on object of type java.security.cert.CertificateFactory object not completed. Expected call to generateCertPath, generateCertificate, generateCRL
			at statement: $r5 = staticinvoke <java.security.cert.CertificateFactory: java.security.cert.CertificateFactory getInstance(java.lang.String)>(varReplacer32032)

		TypestateError violating CrySL rule for java.security.cert.CertificateFactory (on Object #746cd08221e279b5376897a0135364543b570a08c4129e9e4155f7f6593e2f31)
			Unexpected call to method generateCertificate on object of type java.security.cert.CertificateFactory. Expect a call to one of the following methods generateCRL
			at statement: $r9 = virtualinvoke $r5.<java.security.cert.CertificateFactory: java.security.cert.Certificate generateCertificate(java.io.InputStream)>($r8)

		IncompleteOperationError violating CrySL rule for java.security.cert.CertificateFactory (on Object #746cd08221e279b5376897a0135364543b570a08c4129e9e4155f7f6593e2f31)
			Operation on object of type java.security.cert.CertificateFactory object not completed. Expected call to generateCertPath, generateCRL, java.security.cert.CertificateFactory: java.security.cert.Certificate generateCertificate(java.io.InputStream)
			at statement: $r9 = virtualinvoke $r5.<java.security.cert.CertificateFactory: java.security.cert.Certificate generateCertificate(java.io.InputStream)>($r8)


======================= CryptoAnalysis Summary ==========================
	Number of CrySL rules: 49
	Number of Objects Analyzed: 16

	CryptoAnalysis found the following violations. For details see description above.
	RequiredPredicateError: 8
	ConstraintError: 4
	IncompleteOperationError: 36
	TypestateError: 1
=====================================================================
