0    [main] WARN  pes.access.impl.DeclaredTypeFactory  - --- xtext.common.types ---------------------------------------------------
1    [main] WARN  pes.access.impl.DeclaredTypeFactory  - ASM library is too old. Falling back to java.lang.reflect API.
1    [main] WARN  pes.access.impl.DeclaredTypeFactory  - Please note that no information about compile time constants is available.
1    [main] WARN  pes.access.impl.DeclaredTypeFactory  - It's recommended to use org.objectweb.asm 9.1.0 or better (Maven group id: org.ow2.asm).
1    [main] WARN  pes.access.impl.DeclaredTypeFactory  - --------------------------------------------------------------------------
Ruleset: 
	java.security.cert.TrustAnchor
	javax.crypto.spec.GCMParameterSpec
	javax.xml.crypto.dsig.spec.HMACParameterSpec
	java.security.KeyPair
	java.security.DigestOutputStream
	javax.net.ssl.KeyStoreBuilderParameters
	javax.crypto.spec.OAEPParameterSpec
	javax.net.ssl.SSLContext
	javax.crypto.spec.DHGenParameterSpec
	javax.crypto.CipherOutputStream
	java.security.Key
	javax.crypto.SecretKeyFactory
	java.security.cert.PKIXBuilderParameters
	java.security.KeyFactory
	javax.crypto.spec.PBEKeySpec
	java.security.spec.DSAGenParameterSpec
	java.security.KeyPairGenerator
	javax.crypto.CipherInputStream
	javax.net.ssl.CertPathTrustManagerParameters
	java.security.cert.CertificateFactory
	java.security.SecureRandom
	java.security.spec.MGF1ParameterSpec
	javax.net.ssl.SSLEngine
	javax.crypto.spec.DHParameterSpec
	java.security.spec.DSAParameterSpec
	java.security.spec.ECParameterSpec
	java.security.spec.RSAKeyGenParameterSpec
	javax.crypto.spec.IvParameterSpec
	javax.crypto.Cipher
	javax.crypto.spec.PBEParameterSpec
	java.security.AlgorithmParameterGenerator
	java.security.spec.X509EncodedKeySpec
	javax.net.ssl.TrustManagerFactory
	java.security.DigestInputStream
	void
	javax.net.ssl.KeyManagerFactory
	java.security.cert.PKIXParameters
	java.net.PasswordAuthentication
	java.security.AlgorithmParameters
	javax.crypto.KeyAgreement
	javax.crypto.spec.SecretKeySpec
	javax.net.ssl.SSLParameters
	java.security.MessageDigest
	javax.crypto.SecretKey
	javax.crypto.KeyGenerator
	java.security.KeyStore
	javax.crypto.Mac
	java.security.spec.ECGenParameterSpec
	java.security.Signature

Analyzed Objects: 
	Object:
		Variable: $r6
		Type: java.security.MessageDigest
		Statement: $r6 = staticinvoke <java.security.MessageDigest: java.security.MessageDigest getInstance(java.lang.String)>(varReplacer8876)
		Method: <com.tonyodev.fetch2core.FetchCoreUtils: java.lang.String getFileMd5String(java.lang.String)>
		SHA-256: 2dac55322ad6f069c0e993e8f07de7f975cb1a91b2911b71b1fd6944bd84b214
		Secure: false
	Object:
		Variable: $r7
		Type: java.security.DigestInputStream
		Statement: specialinvoke $r7.<java.security.DigestInputStream: void <init>(java.io.InputStream,java.security.MessageDigest)>($r9, $r6)
		Method: <com.tonyodev.fetch2core.FetchCoreUtils: java.lang.String getFileMd5String(java.lang.String)>
		SHA-256: e1646eaf8fb918b57a226b40db87d9e50cbe687a133ad45bd78a139d584f8b2d
		Secure: false
	Object:
		Variable: $r3
		Type: javax.net.ssl.SSLContext
		Statement: $r3 = staticinvoke <javax.net.ssl.SSLContext: javax.net.ssl.SSLContext getInstance(java.lang.String,java.security.Provider)>(varReplacer7955, $r2)
		Method: <okhttp3.internal.platform.ConscryptPlatform: javax.net.ssl.SSLContext getSSLContext()>
		SHA-256: 81c2daf2aa98647e9d65e6cb59a917cfa65aaf62c362187837a57ff933403f74
		Secure: false
	Object:
		Variable: $r4
		Type: javax.net.ssl.SSLContext
		Statement: $r4 = staticinvoke <javax.net.ssl.SSLContext: javax.net.ssl.SSLContext getInstance(java.lang.String)>(varReplacer7950)
		Method: <okhttp3.internal.platform.Platform: javax.net.ssl.SSLContext getSSLContext()>
		SHA-256: 37511f4bed174f783b6d8c7ce1a82c6a386b07c2b28148c34833c113761ad748
		Secure: false
	Object:
		Variable: $r4
		Type: javax.net.ssl.SSLContext
		Statement: $r4 = staticinvoke <javax.net.ssl.SSLContext: javax.net.ssl.SSLContext getInstance(java.lang.String)>(varReplacer7951)
		Method: <okhttp3.internal.platform.Platform: javax.net.ssl.SSLContext getSSLContext()>
		SHA-256: 7dcfca98a1ce864415666936d2e4ad325d61e23c4fe2d0811cb5f8bb7c42a6e2
		Secure: false
	Object:
		Variable: $r2
		Type: javax.net.ssl.TrustManager[]
		Statement: $r2 = virtualinvoke $r1.<javax.net.ssl.TrustManagerFactory: javax.net.ssl.TrustManager[] getTrustManagers()>()
		Method: <okhttp3.internal.Util: javax.net.ssl.X509TrustManager platformTrustManager()>
		SHA-256: dea0af93b06734ae35228a014521e6e031131dd2b357359826afa61f9a6de1b
		Secure: false
	Object:
		Variable: $r2
		Type: java.security.MessageDigest
		Statement: $r2 = staticinvoke <java.security.MessageDigest: java.security.MessageDigest getInstance(java.lang.String)>($r1)
		Method: <okio.ByteString: okio.ByteString digest(java.lang.String)>
		SHA-256: b336d574501b28a5bd90db22472c23a68acb0c1b99c4f14746fdc2a23c69a24e
		Secure: false
	Object:
		Variable: $r3
		Type: javax.net.ssl.SSLContext
		Statement: $r3 = staticinvoke <javax.net.ssl.SSLContext: javax.net.ssl.SSLContext getInstance(java.lang.String,java.security.Provider)>(varReplacer7953, $r2)
		Method: <okhttp3.internal.platform.ConscryptPlatform: javax.net.ssl.SSLContext getSSLContext()>
		SHA-256: 66bb336482beabd311f64d8655a16993f20855510ffdf71f25682bac02963ddd
		Secure: false
	Object:
		Variable: $r1
		Type: javax.net.ssl.TrustManagerFactory
		Statement: $r1 = staticinvoke <javax.net.ssl.TrustManagerFactory: javax.net.ssl.TrustManagerFactory getInstance(java.lang.String)>($r0)
		Method: <okhttp3.internal.Util: javax.net.ssl.X509TrustManager platformTrustManager()>
		SHA-256: a8764d384e0e6acd4407dba0e4c2025660362892494036c03c4b52a40e75c66b
		Secure: false
	Object:
		Variable: $r5
		Type: java.security.cert.CertificateFactory
		Statement: $r5 = staticinvoke <java.security.cert.CertificateFactory: java.security.cert.CertificateFactory getInstance(java.lang.String)>(varReplacer23869)
		Method: <okhttp3.Cache$Entry: java.util.List readCertificateList(okio.BufferedSource)>
		SHA-256: 3cdac5427fd3d4c53409ce2a0fcd794033f27e35b35eca8bec3030b005099d33
		Secure: false
	Object:
		Variable: $r3
		Type: javax.net.ssl.SSLContext
		Statement: $r3 = staticinvoke <javax.net.ssl.SSLContext: javax.net.ssl.SSLContext getInstance(java.lang.String)>(varReplacer7956)
		Method: <okhttp3.internal.platform.AndroidPlatform: javax.net.ssl.SSLContext getSSLContext()>
		SHA-256: ce2363611a9f446bda2a7a368f638762dff7eda4223b59e72e625f2300fa8e58
		Secure: false
	Object:
		Variable: $r1
		Type: java.security.MessageDigest
		Statement: $r1 = staticinvoke <java.security.MessageDigest: java.security.MessageDigest getInstance(java.lang.String)>(varReplacer20259)
		Method: <com.bumptech.glide.load.engine.cache.SafeKeyGenerator$1: com.bumptech.glide.load.engine.cache.SafeKeyGenerator$PoolableDigestContainer create()>
		SHA-256: f2c3f58143c8f54c4a0b3feaa42be11e252aaca376bdf837ad7e3eba1454768a
		Secure: true
	Object:
		Variable: $r3
		Type: javax.net.ssl.SSLContext
		Statement: $r3 = staticinvoke <javax.net.ssl.SSLContext: javax.net.ssl.SSLContext getInstance(java.lang.String)>(varReplacer7957)
		Method: <okhttp3.internal.platform.AndroidPlatform: javax.net.ssl.SSLContext getSSLContext()>
		SHA-256: a0d047d37da458dfe0a5438dc6870d1195ca1ddc43ff0418e7464d43ed232c8f
		Secure: false
	Object:
		Variable: $r3
		Type: byte[]
		Statement: $r3 = virtualinvoke $r2.<java.security.MessageDigest: byte[] digest(byte[])>($r3)
		Method: <okio.ByteString: okio.ByteString digest(java.lang.String)>
		SHA-256: a79a1700ae9d8d44f13ea218f751e7024f8f1222b1b2ae17cdbab7b56d352181
		Secure: false

Findings in Java Class: okhttp3.internal.platform.Platform

	 in Method: javax.net.ssl.SSLContext getSSLContext()
		ConstraintError violating CrySL rule for javax.net.ssl.SSLContext (on Object #7dcfca98a1ce864415666936d2e4ad325d61e23c4fe2d0811cb5f8bb7c42a6e2)
			First parameter (with value "TLS") should be any of {TLSv1.2, TLSv1.3}
			at statement: $r4 = staticinvoke <javax.net.ssl.SSLContext: javax.net.ssl.SSLContext getInstance(java.lang.String)>(varReplacer7951)


Findings in Java Class: okhttp3.internal.platform.ConscryptPlatform

	 in Method: javax.net.ssl.SSLContext getSSLContext()
		ConstraintError violating CrySL rule for javax.net.ssl.SSLContext (on Object #66bb336482beabd311f64d8655a16993f20855510ffdf71f25682bac02963ddd)
			First parameter (with value "TLS") should be any of {TLSv1.2, TLSv1.3}
			at statement: $r3 = staticinvoke <javax.net.ssl.SSLContext: javax.net.ssl.SSLContext getInstance(java.lang.String,java.security.Provider)>(varReplacer7953, $r2)


Findings in Java Class: okhttp3.internal.platform.AndroidPlatform

	 in Method: javax.net.ssl.SSLContext getSSLContext()
		ConstraintError violating CrySL rule for javax.net.ssl.SSLContext (on Object #a0d047d37da458dfe0a5438dc6870d1195ca1ddc43ff0418e7464d43ed232c8f)
			First parameter (with value "TLS") should be any of {TLSv1.2, TLSv1.3}
			at statement: $r3 = staticinvoke <javax.net.ssl.SSLContext: javax.net.ssl.SSLContext getInstance(java.lang.String)>(varReplacer7957)


Findings in Java Class: kotlin.io.CloseableKt

	 in Method: void closeFinally(java.io.Closeable,java.lang.Throwable)
		TypestateError violating CrySL rule for java.security.DigestInputStream (on Object #e1646eaf8fb918b57a226b40db87d9e50cbe687a133ad45bd78a139d584f8b2d)
			Unexpected call to method close on object of type java.security.DigestInputStream. Expect a call to one of the following methods read
			at statement: interfaceinvoke $r1.<java.io.Closeable: void close()>()

		TypestateError violating CrySL rule for java.security.DigestInputStream (on Object #e1646eaf8fb918b57a226b40db87d9e50cbe687a133ad45bd78a139d584f8b2d)
			Unexpected call to method close on object of type java.security.DigestInputStream. Expect a call to one of the following methods read
			at statement: interfaceinvoke $r1.<java.io.Closeable: void close()>()


Findings in Java Class: okio.InflaterSource

	 in Method: boolean refill()
		IncompleteOperationError violating CrySL rule for java.security.DigestInputStream (on Object #e1646eaf8fb918b57a226b40db87d9e50cbe687a133ad45bd78a139d584f8b2d)
			Operation on object of type java.security.DigestInputStream object not completed. Expected call to read
			at statement: specialinvoke r0.<okio.InflaterSource: void releaseInflatedBytes()>()


	 in Method: long read(okio.Buffer,long)
		IncompleteOperationError violating CrySL rule for java.security.DigestInputStream (on Object #e1646eaf8fb918b57a226b40db87d9e50cbe687a133ad45bd78a139d584f8b2d)
			Operation on object of type java.security.DigestInputStream object not completed. Expected call to read
			at statement: $z0 = virtualinvoke r0.<okio.InflaterSource: boolean refill()>()


Findings in Java Class: com.bumptech.glide.disklrucache.DiskLruCache

	 in Method: boolean remove(java.lang.String)
		IncompleteOperationError violating CrySL rule for java.security.DigestInputStream (on Object #e1646eaf8fb918b57a226b40db87d9e50cbe687a133ad45bd78a139d584f8b2d)
			Operation on object of type java.security.DigestInputStream object not completed. Expected call to read
			at statement: specialinvoke r0.<com.bumptech.glide.disklrucache.DiskLruCache: void checkNotClosed()>()


Findings in Java Class: okhttp3.internal.http1.Http1Codec$AbstractSource

	 in Method: long read(okio.Buffer,long)
		IncompleteOperationError violating CrySL rule for java.security.DigestInputStream (on Object #e1646eaf8fb918b57a226b40db87d9e50cbe687a133ad45bd78a139d584f8b2d)
			Operation on object of type java.security.DigestInputStream object not completed. Expected call to read
			at statement: virtualinvoke r0.<okhttp3.internal.http1.Http1Codec$AbstractSource: void endOfInput(boolean,java.io.IOException)>(varReplacer6325, $r5)


Findings in Java Class: okio.GzipSource

	 in Method: void consumeHeader()
		IncompleteOperationError violating CrySL rule for java.security.DigestInputStream (on Object #e1646eaf8fb918b57a226b40db87d9e50cbe687a133ad45bd78a139d584f8b2d)
			Operation on object of type java.security.DigestInputStream object not completed. Expected call to read
			at statement: specialinvoke r0.<okio.GzipSource: void checkEqual(java.lang.String,int,int)>(varReplacer6475, varReplacer6476, $s2)

		IncompleteOperationError violating CrySL rule for java.security.DigestInputStream (on Object #e1646eaf8fb918b57a226b40db87d9e50cbe687a133ad45bd78a139d584f8b2d)
			Operation on object of type java.security.DigestInputStream object not completed. Expected call to read
			at statement: specialinvoke r0.<okio.GzipSource: void updateCrc(okio.Buffer,long,long)>($r2, varReplacer6485, $l3)

		IncompleteOperationError violating CrySL rule for java.security.DigestInputStream (on Object #e1646eaf8fb918b57a226b40db87d9e50cbe687a133ad45bd78a139d584f8b2d)
			Operation on object of type java.security.DigestInputStream object not completed. Expected call to read
			at statement: specialinvoke r0.<okio.GzipSource: void updateCrc(okio.Buffer,long,long)>($r2, varReplacer6477, varReplacer6478)

		IncompleteOperationError violating CrySL rule for java.security.DigestInputStream (on Object #e1646eaf8fb918b57a226b40db87d9e50cbe687a133ad45bd78a139d584f8b2d)
			Operation on object of type java.security.DigestInputStream object not completed. Expected call to read
			at statement: specialinvoke r0.<okio.GzipSource: void updateCrc(okio.Buffer,long,long)>($r2, varReplacer6472, $l5)


	 in Method: long read(okio.Buffer,long)
		IncompleteOperationError violating CrySL rule for java.security.DigestInputStream (on Object #e1646eaf8fb918b57a226b40db87d9e50cbe687a133ad45bd78a139d584f8b2d)
			Operation on object of type java.security.DigestInputStream object not completed. Expected call to read
			at statement: specialinvoke r0.<okio.GzipSource: void consumeTrailer()>()


Findings in Java Class: okhttp3.internal.http2.Http2Codec$StreamFinishingSource

	 in Method: long read(okio.Buffer,long)
		IncompleteOperationError violating CrySL rule for java.security.DigestInputStream (on Object #e1646eaf8fb918b57a226b40db87d9e50cbe687a133ad45bd78a139d584f8b2d)
			Operation on object of type java.security.DigestInputStream object not completed. Expected call to read
			at statement: specialinvoke r0.<okhttp3.internal.http2.Http2Codec$StreamFinishingSource: void endOfInput(java.io.IOException)>($r4)


Findings in Java Class: okhttp3.internal.http2.Http2Connection

	 in Method: void close(okhttp3.internal.http2.ErrorCode,okhttp3.internal.http2.ErrorCode)
		IncompleteOperationError violating CrySL rule for java.security.DigestInputStream (on Object #e1646eaf8fb918b57a226b40db87d9e50cbe687a133ad45bd78a139d584f8b2d)
			Operation on object of type java.security.DigestInputStream object not completed. Expected call to read
			at statement: virtualinvoke r0.<okhttp3.internal.http2.Http2Connection: void shutdown(okhttp3.internal.http2.ErrorCode)>($r1)


Findings in Java Class: okhttp3.internal.http1.Http1Codec$ChunkedSource

	 in Method: long read(okio.Buffer,long)
		IncompleteOperationError violating CrySL rule for java.security.DigestInputStream (on Object #e1646eaf8fb918b57a226b40db87d9e50cbe687a133ad45bd78a139d584f8b2d)
			Operation on object of type java.security.DigestInputStream object not completed. Expected call to read
			at statement: virtualinvoke r0.<okhttp3.internal.http1.Http1Codec$ChunkedSource: void endOfInput(boolean,java.io.IOException)>(varReplacer3383, $r2)


Findings in Java Class: okhttp3.internal.http1.Http1Codec$FixedLengthSource

	 in Method: long read(okio.Buffer,long)
		IncompleteOperationError violating CrySL rule for java.security.DigestInputStream (on Object #e1646eaf8fb918b57a226b40db87d9e50cbe687a133ad45bd78a139d584f8b2d)
			Operation on object of type java.security.DigestInputStream object not completed. Expected call to read
			at statement: virtualinvoke r0.<okhttp3.internal.http1.Http1Codec$FixedLengthSource: void endOfInput(boolean,java.io.IOException)>(varReplacer3400, $r2)


Findings in Java Class: com.tonyodev.fetch2core.FetchCoreUtils

	 in Method: java.lang.String getFileMd5String(java.lang.String)
		ConstraintError violating CrySL rule for java.security.MessageDigest (on Object #2dac55322ad6f069c0e993e8f07de7f975cb1a91b2911b71b1fd6944bd84b214)
			First parameter (with value "MD5") should be any of {SHA-256, SHA-384, SHA-512}
			at statement: $r6 = staticinvoke <java.security.MessageDigest: java.security.MessageDigest getInstance(java.lang.String)>(varReplacer8876)

		IncompleteOperationError violating CrySL rule for java.security.DigestInputStream (on Object #e1646eaf8fb918b57a226b40db87d9e50cbe687a133ad45bd78a139d584f8b2d)
			Operation on object of type java.security.DigestInputStream object not completed. Expected call to read
			at statement: staticinvoke <kotlin.io.CloseableKt: void closeFinally(java.io.Closeable,java.lang.Throwable)>($r10, varReplacer8875)

		TypestateError violating CrySL rule for java.security.MessageDigest (on Object #2dac55322ad6f069c0e993e8f07de7f975cb1a91b2911b71b1fd6944bd84b214)
			Unexpected call to method <java.security.MessageDigest: byte[] digest()> on object of type java.security.MessageDigest. Expect a call to one of the following methods java.security.MessageDigest: void update(byte[],int,int),java.security.MessageDigest: void update(java.nio.ByteBuffer),java.security.MessageDigest: byte[] digest(byte[]),java.security.MessageDigest: void update(byte),java.security.MessageDigest: void update(byte[])
			at statement: $r5 = virtualinvoke $r6.<java.security.MessageDigest: byte[] digest()>()


Findings in Java Class: okhttp3.internal.Util

	 in Method: boolean skipAll(okio.Source,int,java.util.concurrent.TimeUnit)
		IncompleteOperationError violating CrySL rule for java.security.DigestInputStream (on Object #e1646eaf8fb918b57a226b40db87d9e50cbe687a133ad45bd78a139d584f8b2d)
			Operation on object of type java.security.DigestInputStream object not completed. Expected call to read
			at statement: $r3 = interfaceinvoke $r1.<okio.Source: okio.Timeout timeout()>()

		IncompleteOperationError violating CrySL rule for java.security.DigestInputStream (on Object #e1646eaf8fb918b57a226b40db87d9e50cbe687a133ad45bd78a139d584f8b2d)
			Operation on object of type java.security.DigestInputStream object not completed. Expected call to read
			at statement: $r3 = interfaceinvoke $r1.<okio.Source: okio.Timeout timeout()>()


	 in Method: javax.net.ssl.X509TrustManager platformTrustManager()
		RequiredPredicateError violating CrySL rule for javax.net.ssl.TrustManagerFactory
			First parameter was not properly generated as generatedKeyStore
			at statement: virtualinvoke $r1.<javax.net.ssl.TrustManagerFactory: void init(java.security.KeyStore)>(varReplacer5036)


Findings in Java Class: okio.ByteString

	 in Method: okio.ByteString digest(java.lang.String)
		ConstraintError violating CrySL rule for java.security.MessageDigest (on Object #b336d574501b28a5bd90db22472c23a68acb0c1b99c4f14746fdc2a23c69a24e)
			First parameter (with value "SHA-1") should be any of {SHA-256, SHA-384, SHA-512}
			at statement: $r2 = staticinvoke <java.security.MessageDigest: java.security.MessageDigest getInstance(java.lang.String)>($r1)

		ConstraintError violating CrySL rule for java.security.MessageDigest (on Object #b336d574501b28a5bd90db22472c23a68acb0c1b99c4f14746fdc2a23c69a24e)
			First parameter (with value "MD5") should be any of {SHA-256, SHA-384, SHA-512}
			at statement: $r2 = staticinvoke <java.security.MessageDigest: java.security.MessageDigest getInstance(java.lang.String)>($r1)


Findings in Java Class: okhttp3.Cache$Entry

	 in Method: java.util.List readCertificateList(okio.BufferedSource)
		IncompleteOperationError violating CrySL rule for java.security.cert.CertificateFactory (on Object #3cdac5427fd3d4c53409ce2a0fcd794033f27e35b35eca8bec3030b005099d33)
			Operation on object of type java.security.cert.CertificateFactory object not completed. Expected call to generateCertPath, generateCertificate, generateCRL
			at statement: $r5 = staticinvoke <java.security.cert.CertificateFactory: java.security.cert.CertificateFactory getInstance(java.lang.String)>(varReplacer23869)

		TypestateError violating CrySL rule for java.security.cert.CertificateFactory (on Object #3cdac5427fd3d4c53409ce2a0fcd794033f27e35b35eca8bec3030b005099d33)
			Unexpected call to method generateCertificate on object of type java.security.cert.CertificateFactory. Expect a call to one of the following methods generateCRL
			at statement: $r9 = virtualinvoke $r5.<java.security.cert.CertificateFactory: java.security.cert.Certificate generateCertificate(java.io.InputStream)>($r8)

		IncompleteOperationError violating CrySL rule for java.security.cert.CertificateFactory (on Object #3cdac5427fd3d4c53409ce2a0fcd794033f27e35b35eca8bec3030b005099d33)
			Operation on object of type java.security.cert.CertificateFactory object not completed. Expected call to generateCertPath, generateCRL, java.security.cert.CertificateFactory: java.security.cert.Certificate generateCertificate(java.io.InputStream)
			at statement: $r9 = virtualinvoke $r5.<java.security.cert.CertificateFactory: java.security.cert.Certificate generateCertificate(java.io.InputStream)>($r8)


Findings in Java Class: okhttp3.OkHttpClient

	 in Method: javax.net.ssl.SSLSocketFactory newSslSocketFactory(javax.net.ssl.X509TrustManager)
		RequiredPredicateError violating CrySL rule for javax.net.ssl.SSLContext
			Second parameter was not properly generated as generatedTrustManagers
			at statement: virtualinvoke $r2.<javax.net.ssl.SSLContext: void init(javax.net.ssl.KeyManager[],javax.net.ssl.TrustManager[],java.security.SecureRandom)>(varReplacer5032, $r7, varReplacer5032)

		RequiredPredicateError violating CrySL rule for javax.net.ssl.SSLContext
			Third parameter was not properly generated as randomized
			at statement: virtualinvoke $r2.<javax.net.ssl.SSLContext: void init(javax.net.ssl.KeyManager[],javax.net.ssl.TrustManager[],java.security.SecureRandom)>(varReplacer5032, $r7, varReplacer5032)

		RequiredPredicateError violating CrySL rule for javax.net.ssl.SSLContext
			First parameter was not properly generated as generatedKeyManagers
			at statement: virtualinvoke $r2.<javax.net.ssl.SSLContext: void init(javax.net.ssl.KeyManager[],javax.net.ssl.TrustManager[],java.security.SecureRandom)>(varReplacer5032, $r7, varReplacer5032)


======================= CryptoAnalysis Summary ==========================
	Number of CrySL rules: 49
	Number of Objects Analyzed: 14

	CryptoAnalysis found the following violations. For details see description above.
	IncompleteOperationError: 18
	RequiredPredicateError: 4
	ConstraintError: 6
	TypestateError: 4
=====================================================================
