0    [main] WARN  pes.access.impl.DeclaredTypeFactory  - --- xtext.common.types ---------------------------------------------------
0    [main] WARN  pes.access.impl.DeclaredTypeFactory  - ASM library is too old. Falling back to java.lang.reflect API.
0    [main] WARN  pes.access.impl.DeclaredTypeFactory  - Please note that no information about compile time constants is available.
0    [main] WARN  pes.access.impl.DeclaredTypeFactory  - It's recommended to use org.objectweb.asm 9.1.0 or better (Maven group id: org.ow2.asm).
0    [main] WARN  pes.access.impl.DeclaredTypeFactory  - --------------------------------------------------------------------------
Ruleset: 
	java.security.cert.TrustAnchor
	javax.crypto.spec.GCMParameterSpec
	javax.xml.crypto.dsig.spec.HMACParameterSpec
	java.security.KeyPair
	java.security.DigestOutputStream
	javax.net.ssl.KeyStoreBuilderParameters
	javax.crypto.spec.OAEPParameterSpec
	javax.net.ssl.SSLContext
	javax.crypto.spec.DHGenParameterSpec
	javax.crypto.CipherOutputStream
	java.security.Key
	javax.crypto.SecretKeyFactory
	java.security.cert.PKIXBuilderParameters
	java.security.KeyFactory
	javax.crypto.spec.PBEKeySpec
	java.security.spec.DSAGenParameterSpec
	java.security.KeyPairGenerator
	javax.crypto.CipherInputStream
	javax.net.ssl.CertPathTrustManagerParameters
	java.security.cert.CertificateFactory
	java.security.SecureRandom
	java.security.spec.MGF1ParameterSpec
	javax.net.ssl.SSLEngine
	javax.crypto.spec.DHParameterSpec
	java.security.spec.DSAParameterSpec
	java.security.spec.ECParameterSpec
	java.security.spec.RSAKeyGenParameterSpec
	javax.crypto.spec.IvParameterSpec
	javax.crypto.Cipher
	javax.crypto.spec.PBEParameterSpec
	java.security.AlgorithmParameterGenerator
	java.security.spec.X509EncodedKeySpec
	javax.net.ssl.TrustManagerFactory
	java.security.DigestInputStream
	void
	javax.net.ssl.KeyManagerFactory
	java.security.cert.PKIXParameters
	java.net.PasswordAuthentication
	java.security.AlgorithmParameters
	javax.crypto.KeyAgreement
	javax.crypto.spec.SecretKeySpec
	javax.net.ssl.SSLParameters
	java.security.MessageDigest
	javax.crypto.SecretKey
	javax.crypto.KeyGenerator
	java.security.KeyStore
	javax.crypto.Mac
	java.security.spec.ECGenParameterSpec
	java.security.Signature

Analyzed Objects: 
	Object:
		Variable: $r3
		Type: javax.net.ssl.SSLContext
		Statement: $r3 = staticinvoke <javax.net.ssl.SSLContext: javax.net.ssl.SSLContext getInstance(java.lang.String,java.security.Provider)>(varReplacer12674, $r2)
		Method: <okhttp3.internal.platform.ConscryptPlatform: javax.net.ssl.SSLContext k()>
		SHA-256: dd15ca2dac49d71e8d595cc3f29b57889e653118d3231a14c5ffe9fcd1319844
		Secure: false
	Object:
		Variable: $r3
		Type: javax.net.ssl.SSLContext
		Statement: $r3 = staticinvoke <javax.net.ssl.SSLContext: javax.net.ssl.SSLContext getInstance(java.lang.String,java.security.Provider)>(varReplacer12676, $r2)
		Method: <okhttp3.internal.platform.ConscryptPlatform: javax.net.ssl.SSLContext k()>
		SHA-256: c155f10f571025602639b9c71d3e50eaf894b1a3b928fe52b0d168019942fb24
		Secure: false
	Object:
		Variable: $r2
		Type: javax.net.ssl.TrustManager[]
		Statement: $r2 = virtualinvoke $r1.<javax.net.ssl.TrustManagerFactory: javax.net.ssl.TrustManager[] getTrustManagers()>()
		Method: <okhttp3.internal.Util: javax.net.ssl.X509TrustManager B()>
		SHA-256: b9357b287d947266ff0ee6d0ca6657532a183839f3fb469b21317795b8057cc4
		Secure: false
	Object:
		Variable: $r1
		Type: byte[]
		Statement: $r1 = virtualinvoke $r2.<java.security.MessageDigest: byte[] digest()>()
		Method: <okio.internal.HashFunctionKt$newHashFunction$1: byte[] a()>
		SHA-256: a5904c900166f1371e69cfb5f85a2024691e4c53149bbcb6aabce192c0e9cd9c
		Secure: false
	Object:
		Variable: $r2
		Type: byte[]
		Statement: $r2 = virtualinvoke $r1.<javax.crypto.Mac: byte[] doFinal(byte[])>($r2)
		Method: <net.lingala.zip4j.crypto.PBKDF2.MacBasedPRF: byte[] a(byte[])>
		SHA-256: 3f9e547c3da4248df4f9af0bb25aef3168a6347dfa3490c97a3752d74aa01862
		Secure: false
	Object:
		Variable: $r1
		Type: java.security.MessageDigest
		Statement: $r1 = staticinvoke <java.security.MessageDigest: java.security.MessageDigest getInstance(java.lang.String)>($r2)
		Method: <okio.internal.HashFunctionKt$newHashFunction$1: void <init>(java.lang.String)>
		SHA-256: fb20828268f9af11f84a173397314af78807c8f30fa598e3eb0515374b28cb82
		Secure: false
	Object:
		Variable: $i2
		Type: int
		Statement: $i2 = virtualinvoke $r1.<java.security.SecureRandom: int nextInt(int)>(varReplacer26876)
		Method: <net.lingala.zip4j.crypto.StandardEncrypter: byte[] d(int)>
		SHA-256: 9f320c056db62dad03f00f858a47663ca85134ccb76b552451418930ac2d36a0
		Secure: true
	Object:
		Variable: $r3
		Type: javax.crypto.Mac
		Statement: $r3 = staticinvoke <javax.crypto.Mac: javax.crypto.Mac getInstance(java.lang.String)>($r2)
		Method: <net.lingala.zip4j.crypto.PBKDF2.MacBasedPRF: void <init>(java.lang.String)>
		SHA-256: fe86d6df4f79d1062ebbc1599317d6572713990c2d231593223a215eef0fe89e
		Secure: false
	Object:
		Variable: $r4
		Type: javax.net.ssl.SSLContext
		Statement: $r4 = staticinvoke <javax.net.ssl.SSLContext: javax.net.ssl.SSLContext getInstance(java.lang.String)>(varReplacer12672)
		Method: <okhttp3.internal.platform.Platform: javax.net.ssl.SSLContext k()>
		SHA-256: 15eef5a2efc5a28db2046e9f2f514048b6c09a98046a78874f46e2820f5747b3
		Secure: false
	Object:
		Variable: $r3
		Type: javax.net.ssl.SSLContext
		Statement: $r3 = staticinvoke <javax.net.ssl.SSLContext: javax.net.ssl.SSLContext getInstance(java.lang.String)>(varReplacer12679)
		Method: <okhttp3.internal.platform.AndroidPlatform: javax.net.ssl.SSLContext k()>
		SHA-256: f06282d5bc018a6d0d3cc22457f1fbd96cd40646b0433829da520e45a2319878
		Secure: false
	Object:
		Variable: $r1
		Type: javax.net.ssl.TrustManagerFactory
		Statement: $r1 = staticinvoke <javax.net.ssl.TrustManagerFactory: javax.net.ssl.TrustManagerFactory getInstance(java.lang.String)>($r0)
		Method: <okhttp3.internal.Util: javax.net.ssl.X509TrustManager B()>
		SHA-256: fc336a7607176475a883f6ec245b71dcbba33def3799f533d1efe962b4acdd79
		Secure: false
	Object:
		Variable: $r3
		Type: java.security.SecureRandom
		Statement: specialinvoke $r3.<java.security.SecureRandom: void <init>()>()
		Method: <net.lingala.zip4j.crypto.AESEncrypter: void <init>(char[],net.lingala.zip4j.model.enums.AesKeyStrength)>
		SHA-256: 8c3e20028e341789af0d8034e796017bac8527097697a9864ed11b0bcd06dbe
		Secure: true
	Object:
		Variable: $r2
		Type: java.lang.String
		Statement: specialinvoke $r1.<javax.crypto.spec.SecretKeySpec: void <init>(byte[],java.lang.String)>($r3, $r2)
		Method: <net.lingala.zip4j.crypto.PBKDF2.MacBasedPRF: void c(byte[])>
		SHA-256: 33147dda48aafc3450572a2384db6c683185d877a6e3c85061d53667d7254387
		Secure: false
	Object:
		Variable: $r1
		Type: byte[]
		Statement: $r1 = virtualinvoke $r2.<javax.crypto.Mac: byte[] doFinal()>()
		Method: <net.lingala.zip4j.crypto.PBKDF2.MacBasedPRF: byte[] d()>
		SHA-256: ec0425fa1762132409566a3db6dbf26d4e12a83a4503487f91b2ae634bd02c85
		Secure: false
	Object:
		Variable: $r4
		Type: javax.net.ssl.SSLContext
		Statement: $r4 = staticinvoke <javax.net.ssl.SSLContext: javax.net.ssl.SSLContext getInstance(java.lang.String)>(varReplacer12673)
		Method: <okhttp3.internal.platform.Platform: javax.net.ssl.SSLContext k()>
		SHA-256: 72c1967219058953bf949f077890224636cce447631021e19a7e0bd776dfcac
		Secure: false
	Object:
		Variable: $r1
		Type: javax.crypto.spec.SecretKeySpec
		Statement: specialinvoke $r1.<javax.crypto.spec.SecretKeySpec: void <init>(byte[],java.lang.String)>($r3, $r2)
		Method: <net.lingala.zip4j.crypto.PBKDF2.MacBasedPRF: void c(byte[])>
		SHA-256: 25d5837e7a633e0505627ecf74e34e61c940fe81067f3eb889d9caa73f856cbf
		Secure: false
	Object:
		Variable: $r1
		Type: java.security.SecureRandom
		Statement: specialinvoke $r1.<java.security.SecureRandom: void <init>()>()
		Method: <net.lingala.zip4j.crypto.StandardEncrypter: byte[] d(int)>
		SHA-256: 7f1bcb8506a3c40b3f486b2107565d63bc5b54df7c842b462d71f43f898ec2d6
		Secure: true
	Object:
		Variable: $r3
		Type: javax.net.ssl.SSLContext
		Statement: $r3 = staticinvoke <javax.net.ssl.SSLContext: javax.net.ssl.SSLContext getInstance(java.lang.String)>(varReplacer12677)
		Method: <okhttp3.internal.platform.AndroidPlatform: javax.net.ssl.SSLContext k()>
		SHA-256: 4e4813cad6d803c7dc30b0d13bf95833c87632e52aaa5b4f0b30955ce2ce60d
		Secure: false

Findings in Java Class: okhttp3.internal.platform.Platform

	 in Method: javax.net.ssl.SSLContext k()
		ConstraintError violating CrySL rule for javax.net.ssl.SSLContext (on Object #72c1967219058953bf949f077890224636cce447631021e19a7e0bd776dfcac)
			First parameter (with value "TLS") should be any of {TLSv1.2, TLSv1.3}
			at statement: $r4 = staticinvoke <javax.net.ssl.SSLContext: javax.net.ssl.SSLContext getInstance(java.lang.String)>(varReplacer12673)


Findings in Java Class: okhttp3.internal.platform.ConscryptPlatform

	 in Method: javax.net.ssl.SSLContext k()
		ConstraintError violating CrySL rule for javax.net.ssl.SSLContext (on Object #dd15ca2dac49d71e8d595cc3f29b57889e653118d3231a14c5ffe9fcd1319844)
			First parameter (with value "TLS") should be any of {TLSv1.2, TLSv1.3}
			at statement: $r3 = staticinvoke <javax.net.ssl.SSLContext: javax.net.ssl.SSLContext getInstance(java.lang.String,java.security.Provider)>(varReplacer12674, $r2)


Findings in Java Class: okhttp3.internal.platform.AndroidPlatform

	 in Method: javax.net.ssl.SSLContext k()
		ConstraintError violating CrySL rule for javax.net.ssl.SSLContext (on Object #4e4813cad6d803c7dc30b0d13bf95833c87632e52aaa5b4f0b30955ce2ce60d)
			First parameter (with value "TLS") should be any of {TLSv1.2, TLSv1.3}
			at statement: $r3 = staticinvoke <javax.net.ssl.SSLContext: javax.net.ssl.SSLContext getInstance(java.lang.String)>(varReplacer12677)


Findings in Java Class: okio.internal.HashFunctionKt$newHashFunction$1

	 in Method: void <init>(java.lang.String)
		ConstraintError violating CrySL rule for java.security.MessageDigest (on Object #fb20828268f9af11f84a173397314af78807c8f30fa598e3eb0515374b28cb82)
			First parameter (with value "SHA-1") should be any of {SHA-256, SHA-384, SHA-512}
			at statement: $r1 = staticinvoke <java.security.MessageDigest: java.security.MessageDigest getInstance(java.lang.String)>($r2)


	 in Method: byte[] a()
		TypestateError violating CrySL rule for java.security.MessageDigest (on Object #fb20828268f9af11f84a173397314af78807c8f30fa598e3eb0515374b28cb82)
			Unexpected call to method <java.security.MessageDigest: byte[] digest()> on object of type java.security.MessageDigest. Expect a call to one of the following methods java.security.MessageDigest: void update(byte[],int,int),java.security.MessageDigest: void update(java.nio.ByteBuffer),java.security.MessageDigest: byte[] digest(byte[]),java.security.MessageDigest: void update(byte[]),java.security.MessageDigest: void update(byte)
			at statement: $r1 = virtualinvoke $r2.<java.security.MessageDigest: byte[] digest()>()


Findings in Java Class: net.lingala.zip4j.crypto.PBKDF2.MacBasedPRF

	 in Method: void <init>(java.lang.String)
		ConstraintError violating CrySL rule for javax.crypto.Mac (on Object #fe86d6df4f79d1062ebbc1599317d6572713990c2d231593223a215eef0fe89e)
			First parameter (with value "HmacSHA1") should be any of {HmacSHA256, HmacSHA384, HmacSHA512, HmacPBESHA1, PBEWithHmacSHA1, PBEWithHmacSHA224, PBEWithHmacSHA256, PBEWithHmacSHA384, PBEWithHmacSHA512}
			at statement: $r3 = staticinvoke <javax.crypto.Mac: javax.crypto.Mac getInstance(java.lang.String)>($r2)


	 in Method: byte[] d()
		TypestateError violating CrySL rule for javax.crypto.Mac (on Object #fe86d6df4f79d1062ebbc1599317d6572713990c2d231593223a215eef0fe89e)
			Unexpected call to method <javax.crypto.Mac: byte[] doFinal()> on object of type javax.crypto.Mac. Expect a call to one of the following methods javax.crypto.Mac: void update(byte[]),javax.crypto.Mac: byte[] doFinal(byte[]),javax.crypto.Mac: void update(java.nio.ByteBuffer),javax.crypto.Mac: void update(byte),javax.crypto.Mac: void update(byte[],int,int)
			at statement: $r1 = virtualinvoke $r2.<javax.crypto.Mac: byte[] doFinal()>()


	 in Method: byte[] a(byte[])
		TypestateError violating CrySL rule for javax.crypto.Mac (on Object #fe86d6df4f79d1062ebbc1599317d6572713990c2d231593223a215eef0fe89e)
			Unexpected call to method doFinal on object of type javax.crypto.Mac.
			at statement: $r2 = virtualinvoke $r1.<javax.crypto.Mac: byte[] doFinal(byte[])>($r2)


	 in Method: void e(byte[],int,int)
		TypestateError violating CrySL rule for javax.crypto.Mac (on Object #fe86d6df4f79d1062ebbc1599317d6572713990c2d231593223a215eef0fe89e)
			Unexpected call to method update on object of type javax.crypto.Mac.
			at statement: virtualinvoke $r1.<javax.crypto.Mac: void update(byte[],int,int)>($r2, $i1, $i0)


	 in Method: void c(byte[])
		ConstraintError violating CrySL rule for javax.crypto.spec.SecretKeySpec (on Object #25d5837e7a633e0505627ecf74e34e61c940fe81067f3eb889d9caa73f856cbf)
			Second parameter (with value "HmacSHA1") should be any of {AES, HmacSHA256, HmacSHA384, HmacSHA512}
			at statement: specialinvoke $r1.<javax.crypto.spec.SecretKeySpec: void <init>(byte[],java.lang.String)>($r3, $r2)

		RequiredPredicateError violating CrySL rule for javax.crypto.spec.SecretKeySpec
			First parameter was not properly generated as preparedKeyMaterial
			at statement: specialinvoke $r1.<javax.crypto.spec.SecretKeySpec: void <init>(byte[],java.lang.String)>($r3, $r2)

		RequiredPredicateError violating CrySL rule for javax.crypto.Mac
			First parameter was not properly generated as generatedKey
			at statement: virtualinvoke $r4.<javax.crypto.Mac: void init(java.security.Key)>($r1)


Findings in Java Class: net.lingala.zip4j.io.outputstream.ZipOutputStream

	 in Method: void D(net.lingala.zip4j.model.ZipParameters)
		IncompleteOperationError violating CrySL rule for javax.crypto.Mac (on Object #fe86d6df4f79d1062ebbc1599317d6572713990c2d231593223a215eef0fe89e)
			Operation on object of type javax.crypto.Mac object not completed. Expected call to update, doFinal
			at statement: $z0 = specialinvoke r0.<net.lingala.zip4j.io.outputstream.ZipOutputStream: boolean u(java.lang.String)>($r4)


Findings in Java Class: net.lingala.zip4j.tasks.AbstractExtractFileTask

	 in Method: void l(net.lingala.zip4j.io.inputstream.ZipInputStream,net.lingala.zip4j.model.FileHeader,java.lang.String,java.lang.String,net.lingala.zip4j.progress.ProgressMonitor)
		IncompleteOperationError violating CrySL rule for javax.crypto.Mac (on Object #fe86d6df4f79d1062ebbc1599317d6572713990c2d231593223a215eef0fe89e)
			Operation on object of type javax.crypto.Mac object not completed. Expected call to update, doFinal
			at statement: specialinvoke r0.<net.lingala.zip4j.tasks.AbstractExtractFileTask: void r(net.lingala.zip4j.io.inputstream.ZipInputStream,net.lingala.zip4j.model.FileHeader)>($r2, $r3)


	 in Method: byte[] p(net.lingala.zip4j.io.inputstream.ZipInputStream,net.lingala.zip4j.model.FileHeader,net.lingala.zip4j.progress.ProgressMonitor)
		IncompleteOperationError violating CrySL rule for javax.crypto.Mac (on Object #fe86d6df4f79d1062ebbc1599317d6572713990c2d231593223a215eef0fe89e)
			Operation on object of type javax.crypto.Mac object not completed. Expected call to update, doFinal
			at statement: $i2 = virtualinvoke $r2.<net.lingala.zip4j.io.inputstream.ZipInputStream: int read(byte[])>($r4)


	 in Method: void r(net.lingala.zip4j.io.inputstream.ZipInputStream,net.lingala.zip4j.model.FileHeader)
		IncompleteOperationError violating CrySL rule for javax.crypto.Mac (on Object #fe86d6df4f79d1062ebbc1599317d6572713990c2d231593223a215eef0fe89e)
			Operation on object of type javax.crypto.Mac object not completed. Expected call to update, doFinal
			at statement: $r4 = virtualinvoke $r1.<net.lingala.zip4j.io.inputstream.ZipInputStream: net.lingala.zip4j.model.LocalFileHeader m(net.lingala.zip4j.model.FileHeader)>($r2)


	 in Method: void j(net.lingala.zip4j.io.inputstream.ZipInputStream,net.lingala.zip4j.model.FileHeader,java.io.File,net.lingala.zip4j.progress.ProgressMonitor)
		IncompleteOperationError violating CrySL rule for javax.crypto.Mac (on Object #fe86d6df4f79d1062ebbc1599317d6572713990c2d231593223a215eef0fe89e)
			Operation on object of type javax.crypto.Mac object not completed. Expected call to update, doFinal
			at statement: $r8 = specialinvoke r0.<net.lingala.zip4j.tasks.AbstractExtractFileTask: byte[] p(net.lingala.zip4j.io.inputstream.ZipInputStream,net.lingala.zip4j.model.FileHeader,net.lingala.zip4j.progress.ProgressMonitor)>($r5, $r6, $r7)


Findings in Java Class: net.lingala.zip4j.tasks.AbstractAddFileToZipTask

	 in Method: void j(java.util.List,net.lingala.zip4j.progress.ProgressMonitor,net.lingala.zip4j.model.ZipParameters,java.nio.charset.Charset)
		IncompleteOperationError violating CrySL rule for javax.crypto.Mac (on Object #fe86d6df4f79d1062ebbc1599317d6572713990c2d231593223a215eef0fe89e)
			Operation on object of type javax.crypto.Mac object not completed. Expected call to update, doFinal
			at statement: virtualinvoke $r11.<net.lingala.zip4j.io.outputstream.ZipOutputStream: void close()>()

		IncompleteOperationError violating CrySL rule for javax.crypto.Mac (on Object #fe86d6df4f79d1062ebbc1599317d6572713990c2d231593223a215eef0fe89e)
			Operation on object of type javax.crypto.Mac object not completed. Expected call to update, doFinal
			at statement: specialinvoke r0.<net.lingala.zip4j.tasks.AbstractAddFileToZipTask: void l(java.io.File,net.lingala.zip4j.io.outputstream.ZipOutputStream,net.lingala.zip4j.model.ZipParameters,net.lingala.zip4j.io.outputstream.SplitOutputStream)>($r10, $r11, $r14, $r3)

		IncompleteOperationError violating CrySL rule for javax.crypto.Mac (on Object #fe86d6df4f79d1062ebbc1599317d6572713990c2d231593223a215eef0fe89e)
			Operation on object of type javax.crypto.Mac object not completed. Expected call to update, doFinal
			at statement: $r11 = virtualinvoke r0.<net.lingala.zip4j.tasks.AbstractAddFileToZipTask: net.lingala.zip4j.io.outputstream.ZipOutputStream q(net.lingala.zip4j.io.outputstream.SplitOutputStream,java.nio.charset.Charset)>($r3, $r7)

		IncompleteOperationError violating CrySL rule for javax.crypto.Mac (on Object #fe86d6df4f79d1062ebbc1599317d6572713990c2d231593223a215eef0fe89e)
			Operation on object of type javax.crypto.Mac object not completed. Expected call to update, doFinal
			at statement: specialinvoke r0.<net.lingala.zip4j.tasks.AbstractAddFileToZipTask: void i(java.io.File,net.lingala.zip4j.io.outputstream.ZipOutputStream,net.lingala.zip4j.model.ZipParameters,net.lingala.zip4j.io.outputstream.SplitOutputStream,net.lingala.zip4j.progress.ProgressMonitor)>($r10, $r11, $r14, $r3, $r1)


Findings in Java Class: net.lingala.zip4j.io.inputstream.ZipInputStream

	 in Method: void N(net.lingala.zip4j.model.LocalFileHeader)
		IncompleteOperationError violating CrySL rule for javax.crypto.Mac (on Object #fe86d6df4f79d1062ebbc1599317d6572713990c2d231593223a215eef0fe89e)
			Operation on object of type javax.crypto.Mac object not completed. Expected call to update, doFinal
			at statement: $z0 = specialinvoke r0.<net.lingala.zip4j.io.inputstream.ZipInputStream: boolean B(java.lang.String)>($r2)


	 in Method: void M()
		IncompleteOperationError violating CrySL rule for javax.crypto.Mac (on Object #fe86d6df4f79d1062ebbc1599317d6572713990c2d231593223a215eef0fe89e)
			Operation on object of type javax.crypto.Mac object not completed. Expected call to update, doFinal
			at statement: $z0 = specialinvoke r0.<net.lingala.zip4j.io.inputstream.ZipInputStream: boolean w(net.lingala.zip4j.model.LocalFileHeader)>($r1)


	 in Method: int read(byte[],int,int)
		IncompleteOperationError violating CrySL rule for javax.crypto.Mac (on Object #fe86d6df4f79d1062ebbc1599317d6572713990c2d231593223a215eef0fe89e)
			Operation on object of type javax.crypto.Mac object not completed. Expected call to update, doFinal
			at statement: $z0 = specialinvoke r0.<net.lingala.zip4j.io.inputstream.ZipInputStream: boolean w(net.lingala.zip4j.model.LocalFileHeader)>($r2)


Findings in Java Class: net.lingala.zip4j.tasks.ExtractAllFilesTask

	 in Method: void t(net.lingala.zip4j.tasks.ExtractAllFilesTask$ExtractAllFilesTaskParameters,net.lingala.zip4j.progress.ProgressMonitor)
		IncompleteOperationError violating CrySL rule for javax.crypto.Mac (on Object #fe86d6df4f79d1062ebbc1599317d6572713990c2d231593223a215eef0fe89e)
			Operation on object of type javax.crypto.Mac object not completed. Expected call to update, doFinal
			at statement: virtualinvoke r0.<net.lingala.zip4j.tasks.AbstractExtractFileTask: void l(net.lingala.zip4j.io.inputstream.ZipInputStream,net.lingala.zip4j.model.FileHeader,java.lang.String,java.lang.String,net.lingala.zip4j.progress.ProgressMonitor)>($r5, $r11, $r12, varReplacer19020, $r3)

		IncompleteOperationError violating CrySL rule for javax.crypto.Mac (on Object #fe86d6df4f79d1062ebbc1599317d6572713990c2d231593223a215eef0fe89e)
			Operation on object of type javax.crypto.Mac object not completed. Expected call to update, doFinal
			at statement: $r5 = specialinvoke r0.<net.lingala.zip4j.tasks.ExtractAllFilesTask: net.lingala.zip4j.io.inputstream.ZipInputStream v(java.nio.charset.Charset)>($r4)

		IncompleteOperationError violating CrySL rule for javax.crypto.Mac (on Object #fe86d6df4f79d1062ebbc1599317d6572713990c2d231593223a215eef0fe89e)
			Operation on object of type javax.crypto.Mac object not completed. Expected call to update, doFinal
			at statement: virtualinvoke $r5.<net.lingala.zip4j.io.inputstream.ZipInputStream: void close()>()


Findings in Java Class: net.lingala.zip4j.crypto.AesCipherUtil

	 in Method: byte[] a(byte[],char[],net.lingala.zip4j.model.enums.AesKeyStrength)
		IncompleteOperationError violating CrySL rule for javax.crypto.Mac (on Object #fe86d6df4f79d1062ebbc1599317d6572713990c2d231593223a215eef0fe89e)
			Operation on object of type javax.crypto.Mac object not completed. Expected call to update, doFinal
			at statement: $r0 = virtualinvoke $r4.<net.lingala.zip4j.crypto.PBKDF2.PBKDF2Engine: byte[] f(char[],int)>($r1, $i2)


Findings in Java Class: net.lingala.zip4j.io.inputstream.InflaterInputStream

	 in Method: void i()
		IncompleteOperationError violating CrySL rule for javax.crypto.Mac (on Object #fe86d6df4f79d1062ebbc1599317d6572713990c2d231593223a215eef0fe89e)
			Operation on object of type javax.crypto.Mac object not completed. Expected call to update, doFinal
			at statement: $i0 = specialinvoke r0.<net.lingala.zip4j.io.inputstream.DecompressedInputStream: int read(byte[],int,int)>($r1, varReplacer15794, $i0)


Findings in Java Class: okhttp3.OkHttpClient

	 in Method: javax.net.ssl.SSLSocketFactory s(javax.net.ssl.X509TrustManager)
		RequiredPredicateError violating CrySL rule for javax.net.ssl.SSLContext
			Third parameter was not properly generated as randomized
			at statement: virtualinvoke $r2.<javax.net.ssl.SSLContext: void init(javax.net.ssl.KeyManager[],javax.net.ssl.TrustManager[],java.security.SecureRandom)>(varReplacer8420, $r7, varReplacer8420)

		RequiredPredicateError violating CrySL rule for javax.net.ssl.SSLContext
			First parameter was not properly generated as generatedKeyManagers
			at statement: virtualinvoke $r2.<javax.net.ssl.SSLContext: void init(javax.net.ssl.KeyManager[],javax.net.ssl.TrustManager[],java.security.SecureRandom)>(varReplacer8420, $r7, varReplacer8420)

		RequiredPredicateError violating CrySL rule for javax.net.ssl.SSLContext
			Second parameter was not properly generated as generatedTrustManagers
			at statement: virtualinvoke $r2.<javax.net.ssl.SSLContext: void init(javax.net.ssl.KeyManager[],javax.net.ssl.TrustManager[],java.security.SecureRandom)>(varReplacer8420, $r7, varReplacer8420)


Findings in Java Class: okhttp3.internal.Util

	 in Method: javax.net.ssl.X509TrustManager B()
		RequiredPredicateError violating CrySL rule for javax.net.ssl.TrustManagerFactory
			First parameter was not properly generated as generatedKeyStore
			at statement: virtualinvoke $r1.<javax.net.ssl.TrustManagerFactory: void init(java.security.KeyStore)>(varReplacer8423)


======================= CryptoAnalysis Summary ==========================
	Number of CrySL rules: 49
	Number of Objects Analyzed: 18

	CryptoAnalysis found the following violations. For details see description above.
	RequiredPredicateError: 6
	ConstraintError: 6
	TypestateError: 4
	IncompleteOperationError: 17
=====================================================================
