0    [main] WARN  pes.access.impl.DeclaredTypeFactory  - --- xtext.common.types ---------------------------------------------------
1    [main] WARN  pes.access.impl.DeclaredTypeFactory  - ASM library is too old. Falling back to java.lang.reflect API.
1    [main] WARN  pes.access.impl.DeclaredTypeFactory  - Please note that no information about compile time constants is available.
1    [main] WARN  pes.access.impl.DeclaredTypeFactory  - It's recommended to use org.objectweb.asm 9.1.0 or better (Maven group id: org.ow2.asm).
1    [main] WARN  pes.access.impl.DeclaredTypeFactory  - --------------------------------------------------------------------------
Ruleset: 
	java.security.cert.TrustAnchor
	javax.crypto.spec.GCMParameterSpec
	javax.xml.crypto.dsig.spec.HMACParameterSpec
	java.security.KeyPair
	java.security.DigestOutputStream
	javax.net.ssl.KeyStoreBuilderParameters
	javax.crypto.spec.OAEPParameterSpec
	javax.net.ssl.SSLContext
	javax.crypto.spec.DHGenParameterSpec
	javax.crypto.CipherOutputStream
	java.security.Key
	javax.crypto.SecretKeyFactory
	java.security.cert.PKIXBuilderParameters
	java.security.KeyFactory
	javax.crypto.spec.PBEKeySpec
	java.security.spec.DSAGenParameterSpec
	java.security.KeyPairGenerator
	javax.crypto.CipherInputStream
	javax.net.ssl.CertPathTrustManagerParameters
	java.security.cert.CertificateFactory
	java.security.SecureRandom
	java.security.spec.MGF1ParameterSpec
	javax.net.ssl.SSLEngine
	javax.crypto.spec.DHParameterSpec
	java.security.spec.DSAParameterSpec
	java.security.spec.ECParameterSpec
	java.security.spec.RSAKeyGenParameterSpec
	javax.crypto.spec.IvParameterSpec
	javax.crypto.Cipher
	javax.crypto.spec.PBEParameterSpec
	java.security.AlgorithmParameterGenerator
	java.security.spec.X509EncodedKeySpec
	javax.net.ssl.TrustManagerFactory
	java.security.DigestInputStream
	void
	javax.net.ssl.KeyManagerFactory
	java.security.cert.PKIXParameters
	java.net.PasswordAuthentication
	java.security.AlgorithmParameters
	javax.crypto.KeyAgreement
	javax.crypto.spec.SecretKeySpec
	javax.net.ssl.SSLParameters
	java.security.MessageDigest
	javax.crypto.SecretKey
	javax.crypto.KeyGenerator
	java.security.KeyStore
	javax.crypto.Mac
	java.security.spec.ECGenParameterSpec
	java.security.Signature

Analyzed Objects: 
	Object:
		Variable: $r3
		Type: javax.net.ssl.SSLContext
		Statement: $r3 = staticinvoke <javax.net.ssl.SSLContext: javax.net.ssl.SSLContext getInstance(java.lang.String)>(varReplacer18973)
		Method: <com.squareup.okhttp.OkHttpClient: javax.net.ssl.SSLSocketFactory getDefaultSSLSocketFactory()>
		SHA-256: 808bb7de6788a41dfca99c2afd167539c58f613cd8fb8e629a41175dd37d4d23
		Secure: false
	Object:
		Variable: $r5
		Type: java.security.cert.CertificateFactory
		Statement: $r5 = staticinvoke <java.security.cert.CertificateFactory: java.security.cert.CertificateFactory getInstance(java.lang.String)>(varReplacer23611)
		Method: <com.squareup.okhttp.Cache$Entry: java.util.List readCertificateList(okio.BufferedSource)>
		SHA-256: 1ae7858db9753fbf3145a0a8ec701865435964f59e357ab5943b7506df586691
		Secure: false
	Object:
		Variable: $r3
		Type: byte[]
		Statement: $r3 = virtualinvoke $r2.<java.security.MessageDigest: byte[] digest(byte[])>($r3)
		Method: <okio.ByteString: okio.ByteString digest(java.lang.String)>
		SHA-256: a79a1700ae9d8d44f13ea218f751e7024f8f1222b1b2ae17cdbab7b56d352181
		Secure: false
	Object:
		Variable: $r2
		Type: byte[]
		Statement: $r2 = virtualinvoke $r1.<java.security.MessageDigest: byte[] digest(byte[])>($r2)
		Method: <com.squareup.okhttp.internal.Util: java.lang.String md5Hex(java.lang.String)>
		SHA-256: ff685f32e7a7f750cd456b35d0be518bacf6cdd5ba40802666534e9df3ec3217
		Secure: false
	Object:
		Variable: $r1
		Type: java.security.MessageDigest
		Statement: $r1 = staticinvoke <java.security.MessageDigest: java.security.MessageDigest getInstance(java.lang.String)>(varReplacer24344)
		Method: <com.squareup.okhttp.internal.Util: okio.ByteString sha1(okio.ByteString)>
		SHA-256: f9d12ad0e42f046738a3fa89d0a8c8689025acde912404c21b4ffc85acdff1cf
		Secure: false
	Object:
		Variable: $r9
		Type: byte[]
		Statement: $r9 = virtualinvoke $r7.<java.security.MessageDigest: byte[] digest()>()
		Method: <okio.Buffer: java.lang.String toString()>
		SHA-256: fb004f05b5388edcc7c3df84964af3a7d6e354e96694836f8caba5bdeca881c5
		Secure: false
	Object:
		Variable: $r1
		Type: java.security.MessageDigest
		Statement: $r1 = staticinvoke <java.security.MessageDigest: java.security.MessageDigest getInstance(java.lang.String)>(varReplacer22769)
		Method: <com.squareup.okhttp.internal.Util: java.lang.String md5Hex(java.lang.String)>
		SHA-256: fa5378c1f83c26fd59661bf1dc8e50ac2d953e60c4cdaa2dce555b7b5102ef53
		Secure: false
	Object:
		Variable: $r1
		Type: java.security.SecureRandom
		Statement: specialinvoke $r1.<java.security.SecureRandom: void <init>()>()
		Method: <org.xbmc.kore.ui.sections.localfile.HttpApp: java.lang.String generateToken()>
		SHA-256: 3e12021f3f089a01f0c4106aa2b6a5d5575f265a71c1838f3770c01616009621
		Secure: true
	Object:
		Variable: $i1
		Type: int
		Statement: $i1 = virtualinvoke $r1.<java.security.SecureRandom: int nextInt(int)>(varReplacer6151)
		Method: <org.xbmc.kore.ui.sections.localfile.HttpApp: java.lang.String generateToken()>
		SHA-256: 5b58819f5b5f6b81b7c71269f6f0f79e8e346bc2d72ab89e1ecf5f4d6b774df7
		Secure: true
	Object:
		Variable: $r7
		Type: java.security.MessageDigest
		Statement: $r7 = staticinvoke <java.security.MessageDigest: java.security.MessageDigest getInstance(java.lang.String)>(varReplacer10653)
		Method: <okio.Buffer: java.lang.String toString()>
		SHA-256: a09c395284794554723284a26282643ce15e7021168e5ad1ba4a82e725d62647
		Secure: false
	Object:
		Variable: $r2
		Type: java.security.MessageDigest
		Statement: $r2 = staticinvoke <java.security.MessageDigest: java.security.MessageDigest getInstance(java.lang.String)>($r1)
		Method: <okio.ByteString: okio.ByteString digest(java.lang.String)>
		SHA-256: b336d574501b28a5bd90db22472c23a68acb0c1b99c4f14746fdc2a23c69a24e
		Secure: false
	Object:
		Variable: $r2
		Type: byte[]
		Statement: $r2 = virtualinvoke $r1.<java.security.MessageDigest: byte[] digest(byte[])>($r2)
		Method: <com.squareup.okhttp.internal.Util: okio.ByteString sha1(okio.ByteString)>
		SHA-256: 533790f741ccce52b37b13a1f5b15685cf6be9dbae4d3ca5f2ae063c0b550248
		Secure: false

Findings in Java Class: okio.Buffer

	 in Method: java.lang.String toString()
		ConstraintError violating CrySL rule for java.security.MessageDigest (on Object #a09c395284794554723284a26282643ce15e7021168e5ad1ba4a82e725d62647)
			First parameter (with value "MD5") should be any of {SHA-256, SHA-384, SHA-512}
			at statement: $r7 = staticinvoke <java.security.MessageDigest: java.security.MessageDigest getInstance(java.lang.String)>(varReplacer10653)


Findings in Java Class: okio.ByteString

	 in Method: okio.ByteString digest(java.lang.String)
		ConstraintError violating CrySL rule for java.security.MessageDigest (on Object #b336d574501b28a5bd90db22472c23a68acb0c1b99c4f14746fdc2a23c69a24e)
			First parameter (with value "MD5") should be any of {SHA-256, SHA-384, SHA-512}
			at statement: $r2 = staticinvoke <java.security.MessageDigest: java.security.MessageDigest getInstance(java.lang.String)>($r1)


Findings in Java Class: com.squareup.okhttp.OkHttpClient

	 in Method: javax.net.ssl.SSLSocketFactory getDefaultSSLSocketFactory()
		RequiredPredicateError violating CrySL rule for javax.net.ssl.SSLContext
			First parameter was not properly generated as generatedKeyManagers
			at statement: virtualinvoke $r3.<javax.net.ssl.SSLContext: void init(javax.net.ssl.KeyManager[],javax.net.ssl.TrustManager[],java.security.SecureRandom)>(varReplacer18970, varReplacer18970, varReplacer18970)

		ConstraintError violating CrySL rule for javax.net.ssl.SSLContext (on Object #808bb7de6788a41dfca99c2afd167539c58f613cd8fb8e629a41175dd37d4d23)
			First parameter (with value "TLS") should be any of {TLSv1.2, TLSv1.3}
			at statement: $r3 = staticinvoke <javax.net.ssl.SSLContext: javax.net.ssl.SSLContext getInstance(java.lang.String)>(varReplacer18973)

		RequiredPredicateError violating CrySL rule for javax.net.ssl.SSLContext
			Third parameter was not properly generated as randomized
			at statement: virtualinvoke $r3.<javax.net.ssl.SSLContext: void init(javax.net.ssl.KeyManager[],javax.net.ssl.TrustManager[],java.security.SecureRandom)>(varReplacer18970, varReplacer18970, varReplacer18970)

		RequiredPredicateError violating CrySL rule for javax.net.ssl.SSLContext
			Second parameter was not properly generated as generatedTrustManagers
			at statement: virtualinvoke $r3.<javax.net.ssl.SSLContext: void init(javax.net.ssl.KeyManager[],javax.net.ssl.TrustManager[],java.security.SecureRandom)>(varReplacer18970, varReplacer18970, varReplacer18970)


Findings in Java Class: com.squareup.okhttp.internal.Util

	 in Method: java.lang.String md5Hex(java.lang.String)
		ConstraintError violating CrySL rule for java.security.MessageDigest (on Object #fa5378c1f83c26fd59661bf1dc8e50ac2d953e60c4cdaa2dce555b7b5102ef53)
			First parameter (with value "MD5") should be any of {SHA-256, SHA-384, SHA-512}
			at statement: $r1 = staticinvoke <java.security.MessageDigest: java.security.MessageDigest getInstance(java.lang.String)>(varReplacer22769)


	 in Method: okio.ByteString sha1(okio.ByteString)
		ConstraintError violating CrySL rule for java.security.MessageDigest (on Object #f9d12ad0e42f046738a3fa89d0a8c8689025acde912404c21b4ffc85acdff1cf)
			First parameter (with value "SHA-1") should be any of {SHA-256, SHA-384, SHA-512}
			at statement: $r1 = staticinvoke <java.security.MessageDigest: java.security.MessageDigest getInstance(java.lang.String)>(varReplacer24344)


Findings in Java Class: com.squareup.okhttp.Cache$Entry

	 in Method: java.util.List readCertificateList(okio.BufferedSource)
		IncompleteOperationError violating CrySL rule for java.security.cert.CertificateFactory (on Object #1ae7858db9753fbf3145a0a8ec701865435964f59e357ab5943b7506df586691)
			Operation on object of type java.security.cert.CertificateFactory object not completed. Expected call to generateCertPath, generateCertificate, generateCRL
			at statement: $r5 = staticinvoke <java.security.cert.CertificateFactory: java.security.cert.CertificateFactory getInstance(java.lang.String)>(varReplacer23611)

		TypestateError violating CrySL rule for java.security.cert.CertificateFactory (on Object #1ae7858db9753fbf3145a0a8ec701865435964f59e357ab5943b7506df586691)
			Unexpected call to method generateCertificate on object of type java.security.cert.CertificateFactory. Expect a call to one of the following methods generateCRL
			at statement: $r9 = virtualinvoke $r5.<java.security.cert.CertificateFactory: java.security.cert.Certificate generateCertificate(java.io.InputStream)>($r8)

		IncompleteOperationError violating CrySL rule for java.security.cert.CertificateFactory (on Object #1ae7858db9753fbf3145a0a8ec701865435964f59e357ab5943b7506df586691)
			Operation on object of type java.security.cert.CertificateFactory object not completed. Expected call to generateCertPath, generateCRL, java.security.cert.CertificateFactory: java.security.cert.Certificate generateCertificate(java.io.InputStream)
			at statement: $r9 = virtualinvoke $r5.<java.security.cert.CertificateFactory: java.security.cert.Certificate generateCertificate(java.io.InputStream)>($r8)


======================= CryptoAnalysis Summary ==========================
	Number of CrySL rules: 49
	Number of Objects Analyzed: 12

	CryptoAnalysis found the following violations. For details see description above.
	ConstraintError: 5
	RequiredPredicateError: 3
	IncompleteOperationError: 2
	TypestateError: 1
=====================================================================
