0    [main] WARN  pes.access.impl.DeclaredTypeFactory  - --- xtext.common.types ---------------------------------------------------
1    [main] WARN  pes.access.impl.DeclaredTypeFactory  - ASM library is too old. Falling back to java.lang.reflect API.
1    [main] WARN  pes.access.impl.DeclaredTypeFactory  - Please note that no information about compile time constants is available.
1    [main] WARN  pes.access.impl.DeclaredTypeFactory  - It's recommended to use org.objectweb.asm 9.1.0 or better (Maven group id: org.ow2.asm).
1    [main] WARN  pes.access.impl.DeclaredTypeFactory  - --------------------------------------------------------------------------
Ruleset: 
	java.security.cert.TrustAnchor
	javax.crypto.spec.GCMParameterSpec
	javax.xml.crypto.dsig.spec.HMACParameterSpec
	java.security.KeyPair
	java.security.DigestOutputStream
	javax.net.ssl.KeyStoreBuilderParameters
	javax.crypto.spec.OAEPParameterSpec
	javax.net.ssl.SSLContext
	javax.crypto.spec.DHGenParameterSpec
	javax.crypto.CipherOutputStream
	java.security.Key
	javax.crypto.SecretKeyFactory
	java.security.cert.PKIXBuilderParameters
	java.security.KeyFactory
	javax.crypto.spec.PBEKeySpec
	java.security.spec.DSAGenParameterSpec
	java.security.KeyPairGenerator
	javax.crypto.CipherInputStream
	javax.net.ssl.CertPathTrustManagerParameters
	java.security.cert.CertificateFactory
	java.security.SecureRandom
	java.security.spec.MGF1ParameterSpec
	javax.net.ssl.SSLEngine
	javax.crypto.spec.DHParameterSpec
	java.security.spec.DSAParameterSpec
	java.security.spec.ECParameterSpec
	java.security.spec.RSAKeyGenParameterSpec
	javax.crypto.spec.IvParameterSpec
	javax.crypto.Cipher
	javax.crypto.spec.PBEParameterSpec
	java.security.AlgorithmParameterGenerator
	java.security.spec.X509EncodedKeySpec
	javax.net.ssl.TrustManagerFactory
	java.security.DigestInputStream
	void
	javax.net.ssl.KeyManagerFactory
	java.security.cert.PKIXParameters
	java.net.PasswordAuthentication
	java.security.AlgorithmParameters
	javax.crypto.KeyAgreement
	javax.crypto.spec.SecretKeySpec
	javax.net.ssl.SSLParameters
	java.security.MessageDigest
	javax.crypto.SecretKey
	javax.crypto.KeyGenerator
	java.security.KeyStore
	javax.crypto.Mac
	java.security.spec.ECGenParameterSpec
	java.security.Signature

Analyzed Objects: 
	Object:
		Variable: $r6
		Type: javax.crypto.Mac
		Statement: $r6 = staticinvoke <javax.crypto.Mac: javax.crypto.Mac getInstance(java.lang.String)>($r5)
		Method: <org.secuso.privacyfriendlypasswordgenerator.generator.PBKDF2: byte[] shaHMAC(java.lang.String,byte[],byte[])>
		SHA-256: 83df23929fb1ecd0c29a7c076c410cb3566dd92acadc8464a8c94ff16396fff4
		Secure: false
	Object:
		Variable: $r10
		Type: javax.crypto.spec.SecretKeySpec
		Statement: specialinvoke $r10.<javax.crypto.spec.SecretKeySpec: void <init>(byte[],java.lang.String)>($r4, $r3)
		Method: <org.secuso.privacyfriendlypasswordgenerator.generator.PBKDF2: byte[] shaHMAC(java.lang.String,byte[],byte[])>
		SHA-256: 48e62b0bc683d13034ced31832cdac4dc2ce74c6a1ad12711295b3d2d3dc7dc7
		Secure: false
	Object:
		Variable: $r3
		Type: java.lang.String
		Statement: specialinvoke $r10.<javax.crypto.spec.SecretKeySpec: void <init>(byte[],java.lang.String)>($r4, $r3)
		Method: <org.secuso.privacyfriendlypasswordgenerator.generator.PBKDF2: byte[] shaHMAC(java.lang.String,byte[],byte[])>
		SHA-256: 427835879b50e161fc8f583353e2598c7e6f5bc018afd03d8eca0843df99ca0
		Secure: false
	Object:
		Variable: $r4
		Type: byte[]
		Statement: $r4 = virtualinvoke $r6.<javax.crypto.Mac: byte[] doFinal(byte[])>($r0)
		Method: <org.secuso.privacyfriendlypasswordgenerator.generator.PBKDF2: byte[] shaHMAC(java.lang.String,byte[],byte[])>
		SHA-256: 20dc32f30f5f450a9d3adba13f5d9adb5a4c0b1903ffcdffaa12d2da5b3688c
		Secure: false
	Object:
		Variable: $r0
		Type: byte[]
		Statement: $r4 = virtualinvoke $r6.<javax.crypto.Mac: byte[] doFinal(byte[])>($r0)
		Method: <org.secuso.privacyfriendlypasswordgenerator.generator.PBKDF2: byte[] shaHMAC(java.lang.String,byte[],byte[])>
		SHA-256: 760a1ab2d58d190df338b3459c8a32bdae87bd1dbb73a823257007a6ff600521
		Secure: false

Findings in Java Class: org.secuso.privacyfriendlypasswordgenerator.generator.PBKDF2

	 in Method: byte[] shaHMAC(java.lang.String,byte[],byte[])
		RequiredPredicateError violating CrySL rule for javax.crypto.spec.SecretKeySpec
			First parameter was not properly generated as preparedKeyMaterial
			at statement: specialinvoke $r10.<javax.crypto.spec.SecretKeySpec: void <init>(byte[],java.lang.String)>($r4, $r3)

		RequiredPredicateError violating CrySL rule for javax.crypto.Mac
			First parameter was not properly generated as generatedKey
			at statement: virtualinvoke $r6.<javax.crypto.Mac: void init(java.security.Key)>($r1)


======================= CryptoAnalysis Summary ==========================
	Number of CrySL rules: 49
	Number of Objects Analyzed: 5

	CryptoAnalysis found the following violations. For details see description above.
	RequiredPredicateError: 2
=====================================================================
