0    [main] WARN  pes.access.impl.DeclaredTypeFactory  - --- xtext.common.types ---------------------------------------------------
0    [main] WARN  pes.access.impl.DeclaredTypeFactory  - ASM library is too old. Falling back to java.lang.reflect API.
0    [main] WARN  pes.access.impl.DeclaredTypeFactory  - Please note that no information about compile time constants is available.
1    [main] WARN  pes.access.impl.DeclaredTypeFactory  - It's recommended to use org.objectweb.asm 9.1.0 or better (Maven group id: org.ow2.asm).
1    [main] WARN  pes.access.impl.DeclaredTypeFactory  - --------------------------------------------------------------------------
Ruleset: 
	java.security.cert.TrustAnchor
	javax.crypto.spec.GCMParameterSpec
	javax.xml.crypto.dsig.spec.HMACParameterSpec
	java.security.KeyPair
	java.security.DigestOutputStream
	javax.net.ssl.KeyStoreBuilderParameters
	javax.crypto.spec.OAEPParameterSpec
	javax.net.ssl.SSLContext
	javax.crypto.spec.DHGenParameterSpec
	javax.crypto.CipherOutputStream
	java.security.Key
	javax.crypto.SecretKeyFactory
	java.security.cert.PKIXBuilderParameters
	java.security.KeyFactory
	javax.crypto.spec.PBEKeySpec
	java.security.spec.DSAGenParameterSpec
	java.security.KeyPairGenerator
	javax.crypto.CipherInputStream
	javax.net.ssl.CertPathTrustManagerParameters
	java.security.cert.CertificateFactory
	java.security.SecureRandom
	java.security.spec.MGF1ParameterSpec
	javax.net.ssl.SSLEngine
	javax.crypto.spec.DHParameterSpec
	java.security.spec.DSAParameterSpec
	java.security.spec.ECParameterSpec
	java.security.spec.RSAKeyGenParameterSpec
	javax.crypto.spec.IvParameterSpec
	javax.crypto.Cipher
	javax.crypto.spec.PBEParameterSpec
	java.security.AlgorithmParameterGenerator
	java.security.spec.X509EncodedKeySpec
	javax.net.ssl.TrustManagerFactory
	java.security.DigestInputStream
	void
	javax.net.ssl.KeyManagerFactory
	java.security.cert.PKIXParameters
	java.net.PasswordAuthentication
	java.security.AlgorithmParameters
	javax.crypto.KeyAgreement
	javax.crypto.spec.SecretKeySpec
	javax.net.ssl.SSLParameters
	java.security.MessageDigest
	javax.crypto.SecretKey
	javax.crypto.KeyGenerator
	java.security.KeyStore
	javax.crypto.Mac
	java.security.spec.ECGenParameterSpec
	java.security.Signature

Analyzed Objects: 
	Object:
		Variable: $r7
		Type: java.security.KeyPairGenerator
		Statement: $r7 = staticinvoke <java.security.KeyPairGenerator: java.security.KeyPairGenerator getInstance(java.lang.String,java.lang.String)>(varReplacer435, varReplacer436)
		Method: <org.secuso.privacyfriendlysketching.activities.KeyGenActivity$keyGenClass: java.lang.Long doInBackground(java.net.URL[])>
		SHA-256: 8dc59fcd27416654d3748c04a115d462d121f52d80ff5d262c70490241bd433
		Secure: false
	Object:
		Variable: $r5
		Type: java.security.KeyStore
		Statement: $r5 = staticinvoke <java.security.KeyStore: java.security.KeyStore getInstance(java.lang.String)>(varReplacer31)
		Method: <org.secuso.privacyfriendlysketching.helpers.EncryptionHelper: char[] loadPassPhrase(android.content.Context)>
		SHA-256: 9dedf2c3dfe8bae0011c13475bcb9b227e24657035ce45666184df27e440ff26
		Secure: false
	Object:
		Variable: $r4
		Type: java.security.KeyStore
		Statement: $r4 = staticinvoke <java.security.KeyStore: java.security.KeyStore getInstance(java.lang.String)>(varReplacer451)
		Method: <org.secuso.privacyfriendlysketching.helpers.EncryptionHelper: void savePassPhrase(android.content.Context,byte[])>
		SHA-256: d92eab6474eb331429f5764eb69c39bbe61721c4e76f2eb86408cd14b5b650e
		Secure: false
	Object:
		Variable: $r9
		Type: javax.crypto.Cipher
		Statement: $r9 = staticinvoke <javax.crypto.Cipher: javax.crypto.Cipher getInstance(java.lang.String)>(varReplacer38)
		Method: <org.secuso.privacyfriendlysketching.helpers.EncryptionHelper: char[] loadPassPhrase(android.content.Context)>
		SHA-256: b081f809bb27e3d2ee4c0fa0229fcba1030c652250e3042aea26d9322d65267a
		Secure: false
	Object:
		Variable: $r21
		Type: javax.crypto.CipherOutputStream
		Statement: specialinvoke $r21.<javax.crypto.CipherOutputStream: void <init>(java.io.OutputStream,javax.crypto.Cipher)>($r10, $r9)
		Method: <org.secuso.privacyfriendlysketching.helpers.EncryptionHelper: char[] loadPassPhrase(android.content.Context)>
		SHA-256: 523c8dc06de00dd11ccc61e0d969d3c66b09e124de09fb6cd2ca8d021ef77939
		Secure: false
	Object:
		Variable: $r3
		Type: byte[]
		Statement: $r3 = virtualinvoke $r30.<java.security.SecureRandom: byte[] generateSeed(int)>(varReplacer444)
		Method: <org.secuso.privacyfriendlysketching.activities.KeyGenActivity$keyGenClass: java.lang.Long doInBackground(java.net.URL[])>
		SHA-256: de50f5d2e475c0a49f1b006c0913ea7b7fb6cb3a9580cb09c385eeeeb5b0df3e
		Secure: true
	Object:
		Variable: $r30
		Type: java.security.SecureRandom
		Statement: specialinvoke $r30.<java.security.SecureRandom: void <init>()>()
		Method: <org.secuso.privacyfriendlysketching.activities.KeyGenActivity$keyGenClass: java.lang.Long doInBackground(java.net.URL[])>
		SHA-256: a69fd338fbc22a224e955b052da0cdb1731a6aa078f270e6e3c661faa36180a4
		Secure: true
	Object:
		Variable: $r23
		Type: javax.crypto.CipherOutputStream
		Statement: specialinvoke $r23.<javax.crypto.CipherOutputStream: void <init>(java.io.OutputStream,javax.crypto.Cipher)>($r10, $r9)
		Method: <org.secuso.privacyfriendlysketching.helpers.EncryptionHelper: void savePassPhrase(android.content.Context,byte[])>
		SHA-256: ccbe213da096ae77d9db54939ba2422e8e610559f2f3ac7ef2a8c210f189259c
		Secure: false
	Object:
		Variable: $r9
		Type: javax.crypto.Cipher
		Statement: $r9 = staticinvoke <javax.crypto.Cipher: javax.crypto.Cipher getInstance(java.lang.String)>(varReplacer450)
		Method: <org.secuso.privacyfriendlysketching.helpers.EncryptionHelper: void savePassPhrase(android.content.Context,byte[])>
		SHA-256: a0b9cfdb68069da1c14e4625182c908c4c62c4714ee28f7709f7dad1ba4a4751
		Secure: false

Findings in Java Class: org.secuso.privacyfriendlysketching.helpers.EncryptionHelper

	 in Method: char[] loadPassPhrase(android.content.Context)
		ConstraintError violating CrySL rule for java.security.KeyStore (on Object #9dedf2c3dfe8bae0011c13475bcb9b227e24657035ce45666184df27e440ff26)
			First parameter (with value "AndroidKeyStore") should be any of {JCEKS, JKS, DKS, PKCS11, PKCS12}
			at statement: $r5 = staticinvoke <java.security.KeyStore: java.security.KeyStore getInstance(java.lang.String)>(varReplacer31)

		RequiredPredicateError violating CrySL rule for javax.crypto.Cipher
			Second parameter was not properly generated as generatedKey
			at statement: virtualinvoke $r9.<javax.crypto.Cipher: void init(int,java.security.Key)>(varReplacer40, $r8)

		IncompleteOperationError violating CrySL rule for java.security.KeyStore (on Object #9dedf2c3dfe8bae0011c13475bcb9b227e24657035ce45666184df27e440ff26)
			Operation on object of type java.security.KeyStore object not completed. Expected call to getKey
			at statement: $r6 = virtualinvoke $r5.<java.security.KeyStore: java.security.KeyStore$Entry getEntry(java.lang.String,java.security.KeyStore$ProtectionParameter)>($r1, varReplacer30)

		IncompleteOperationError violating CrySL rule for javax.crypto.CipherOutputStream (on Object #523c8dc06de00dd11ccc61e0d969d3c66b09e124de09fb6cd2ca8d021ef77939)
			Operation on object of type javax.crypto.CipherOutputStream object not completed. Expected call to write
			at statement: specialinvoke $r21.<javax.crypto.CipherOutputStream: void <init>(java.io.OutputStream,javax.crypto.Cipher)>($r10, $r9)


	 in Method: void savePassPhrase(android.content.Context,byte[])
		IncompleteOperationError violating CrySL rule for javax.crypto.CipherOutputStream (on Object #ccbe213da096ae77d9db54939ba2422e8e610559f2f3ac7ef2a8c210f189259c)
			Operation on object of type javax.crypto.CipherOutputStream object not completed. Expected call to write
			at statement: specialinvoke $r23.<javax.crypto.CipherOutputStream: void <init>(java.io.OutputStream,javax.crypto.Cipher)>($r10, $r9)

		ConstraintError violating CrySL rule for java.security.KeyStore (on Object #d92eab6474eb331429f5764eb69c39bbe61721c4e76f2eb86408cd14b5b650e)
			First parameter (with value "AndroidKeyStore") should be any of {JCEKS, JKS, DKS, PKCS11, PKCS12}
			at statement: $r4 = staticinvoke <java.security.KeyStore: java.security.KeyStore getInstance(java.lang.String)>(varReplacer451)

		RequiredPredicateError violating CrySL rule for javax.crypto.Cipher
			Second parameter was not properly generated as generatedKey
			at statement: virtualinvoke $r9.<javax.crypto.Cipher: void init(int,java.security.Key)>(varReplacer447, $r8)

		IncompleteOperationError violating CrySL rule for java.security.KeyStore (on Object #d92eab6474eb331429f5764eb69c39bbe61721c4e76f2eb86408cd14b5b650e)
			Operation on object of type java.security.KeyStore object not completed. Expected call to getKey
			at statement: $r5 = virtualinvoke $r4.<java.security.KeyStore: java.security.KeyStore$Entry getEntry(java.lang.String,java.security.KeyStore$ProtectionParameter)>($r2, varReplacer448)


Findings in Java Class: org.secuso.privacyfriendlysketching.activities.KeyGenActivity$keyGenClass

	 in Method: java.lang.Long doInBackground(java.net.URL[])
		RequiredPredicateError violating CrySL rule for java.security.KeyPairGenerator
			First parameter was not properly generated as preparedRSA
			at statement: virtualinvoke $r7.<java.security.KeyPairGenerator: void initialize(java.security.spec.AlgorithmParameterSpec)>($r17)


======================= CryptoAnalysis Summary ==========================
	Number of CrySL rules: 49
	Number of Objects Analyzed: 9

	CryptoAnalysis found the following violations. For details see description above.
	ConstraintError: 2
	RequiredPredicateError: 3
	IncompleteOperationError: 4
=====================================================================
