0    [main] WARN  pes.access.impl.DeclaredTypeFactory  - --- xtext.common.types ---------------------------------------------------
1    [main] WARN  pes.access.impl.DeclaredTypeFactory  - ASM library is too old. Falling back to java.lang.reflect API.
1    [main] WARN  pes.access.impl.DeclaredTypeFactory  - Please note that no information about compile time constants is available.
1    [main] WARN  pes.access.impl.DeclaredTypeFactory  - It's recommended to use org.objectweb.asm 9.1.0 or better (Maven group id: org.ow2.asm).
1    [main] WARN  pes.access.impl.DeclaredTypeFactory  - --------------------------------------------------------------------------
Ruleset: 
	java.security.cert.TrustAnchor
	javax.crypto.spec.GCMParameterSpec
	javax.xml.crypto.dsig.spec.HMACParameterSpec
	java.security.KeyPair
	java.security.DigestOutputStream
	javax.net.ssl.KeyStoreBuilderParameters
	javax.crypto.spec.OAEPParameterSpec
	javax.net.ssl.SSLContext
	javax.crypto.spec.DHGenParameterSpec
	javax.crypto.CipherOutputStream
	java.security.Key
	javax.crypto.SecretKeyFactory
	java.security.cert.PKIXBuilderParameters
	java.security.KeyFactory
	javax.crypto.spec.PBEKeySpec
	java.security.spec.DSAGenParameterSpec
	java.security.KeyPairGenerator
	javax.crypto.CipherInputStream
	javax.net.ssl.CertPathTrustManagerParameters
	java.security.cert.CertificateFactory
	java.security.SecureRandom
	java.security.spec.MGF1ParameterSpec
	javax.net.ssl.SSLEngine
	javax.crypto.spec.DHParameterSpec
	java.security.spec.DSAParameterSpec
	java.security.spec.ECParameterSpec
	java.security.spec.RSAKeyGenParameterSpec
	javax.crypto.spec.IvParameterSpec
	javax.crypto.Cipher
	javax.crypto.spec.PBEParameterSpec
	java.security.AlgorithmParameterGenerator
	java.security.spec.X509EncodedKeySpec
	javax.net.ssl.TrustManagerFactory
	java.security.DigestInputStream
	void
	javax.net.ssl.KeyManagerFactory
	java.security.cert.PKIXParameters
	java.net.PasswordAuthentication
	java.security.AlgorithmParameters
	javax.crypto.KeyAgreement
	javax.crypto.spec.SecretKeySpec
	javax.net.ssl.SSLParameters
	java.security.MessageDigest
	javax.crypto.SecretKey
	javax.crypto.KeyGenerator
	java.security.KeyStore
	javax.crypto.Mac
	java.security.spec.ECGenParameterSpec
	java.security.Signature

Analyzed Objects: 
	Object:
		Variable: $r5
		Type: java.security.KeyStore
		Statement: $r5 = staticinvoke <java.security.KeyStore: java.security.KeyStore getInstance(java.lang.String)>($r4)
		Method: <org.acra.security.BaseKeyStoreFactory: java.security.KeyStore create(android.content.Context)>
		SHA-256: 22a183d5116504e02ad96ba67561ecf0f83bf3a7f2bfba4ad5fe01efac8fa773
		Secure: true
	Object:
		Variable: $r2
		Type: javax.net.ssl.TrustManagerFactory
		Statement: $r2 = staticinvoke <javax.net.ssl.TrustManagerFactory: javax.net.ssl.TrustManagerFactory getInstance(java.lang.String)>($r1)
		Method: <okhttp3.internal.platform.ConscryptPlatform: javax.net.ssl.X509TrustManager platformTrustManager()>
		SHA-256: 316cbc86e080130334eaabd60025d96084375d0058312a103cd3255ba6f0aeb
		Secure: false
	Object:
		Variable: $r2
		Type: java.security.MessageDigest
		Statement: $r2 = staticinvoke <java.security.MessageDigest: java.security.MessageDigest getInstance(java.lang.String)>(varReplacer33192)
		Method: <info.guardianproject.netcipher.proxy.SignatureUtils: java.lang.String getSignatureHash(android.content.Context,java.lang.String)>
		SHA-256: c52b0b7b23471d14b4bd796600aba937d311626a777d379cd3a40a547fd3d512
		Secure: true
	Object:
		Variable: $r8
		Type: javax.net.ssl.TrustManager[]
		Statement: $r8 = virtualinvoke $r3.<javax.net.ssl.TrustManagerFactory: javax.net.ssl.TrustManager[] getTrustManagers()>()
		Method: <org.acra.http.BaseHttpRequest: void configureHttps(javax.net.ssl.HttpsURLConnection)>
		SHA-256: 7fe50f318a54e8590b56be3679c51a498cf5f948a363c0469b49cfabcf7f955c
		Secure: true
	Object:
		Variable: $r3
		Type: java.security.MessageDigest
		Statement: $r3 = staticinvoke <java.security.MessageDigest: java.security.MessageDigest getInstance(java.lang.String)>(varReplacer23311)
		Method: <org.midorinext.android.adblock.util.hash.FileHashKt: java.lang.String computeMD5(java.io.InputStream)>
		SHA-256: 65c826399b75d9bdad7fdd00f79bcb807c101bcf713b339b75985d99591617e1
		Secure: false
	Object:
		Variable: $r6
		Type: byte[]
		Statement: $r6 = virtualinvoke $r2.<java.security.MessageDigest: byte[] digest()>()
		Method: <okio.SegmentedByteString: okio.ByteString digest$okio(java.lang.String)>
		SHA-256: b189e83daa1cae39dacb5d56f8d20e560b21d5b6f8f0c6a35bc1a551d3d1c123
		Secure: false
	Object:
		Variable: $r1
		Type: java.security.MessageDigest
		Statement: $r1 = staticinvoke <java.security.MessageDigest: java.security.MessageDigest getInstance(java.lang.String)>(varReplacer34843)
		Method: <com.huxq17.download.utils.MD5Util: java.lang.String getMD5ByStr(java.lang.String)>
		SHA-256: c082aedd47bacad1ef5f2e270be5c3ad420a1143e32c413fe84d7010de9e95b8
		Secure: false
	Object:
		Variable: $r7
		Type: byte[]
		Statement: $r7 = virtualinvoke $r2.<java.security.MessageDigest: byte[] digest(byte[])>($r7)
		Method: <info.guardianproject.netcipher.proxy.SignatureUtils: java.lang.String getSignatureHash(android.content.Context,java.lang.String)>
		SHA-256: b268f284ef37a82aee439abcbeee5e86b4de27575c338b6fffd214d8eecdf20a
		Secure: true
	Object:
		Variable: $r9
		Type: java.security.cert.CertificateFactory
		Statement: $r9 = staticinvoke <java.security.cert.CertificateFactory: java.security.cert.CertificateFactory getInstance(java.lang.String)>($r4)
		Method: <org.acra.security.BaseKeyStoreFactory: java.security.KeyStore create(android.content.Context)>
		SHA-256: 6354b454ea0efe5008579fe336bf54e0cb7951f0d65e24c27930d87a53ea0e7
		Secure: false
	Object:
		Variable: $r4
		Type: javax.net.ssl.TrustManager[]
		Statement: $r4 = virtualinvoke $r3.<javax.net.ssl.TrustManagerFactory: javax.net.ssl.TrustManager[] getTrustManagers()>()
		Method: <okhttp3.internal.platform.OpenJSSEPlatform: javax.net.ssl.X509TrustManager platformTrustManager()>
		SHA-256: a729cfd5669df603070b7ba7d05b524b10a048ab1da974a5ccb1df973521b7d3
		Secure: false
	Object:
		Variable: $r3
		Type: javax.net.ssl.TrustManagerFactory
		Statement: $r3 = staticinvoke <javax.net.ssl.TrustManagerFactory: javax.net.ssl.TrustManagerFactory getInstance(java.lang.String)>($r2)
		Method: <org.acra.http.BaseHttpRequest: void configureHttps(javax.net.ssl.HttpsURLConnection)>
		SHA-256: 5317ec52cedeb59ce09103096b73de1396b6dab7b7e041f4d3f8653cefd6c32e
		Secure: true
	Object:
		Variable: $r3
		Type: javax.net.ssl.TrustManager[]
		Statement: $r3 = virtualinvoke $r2.<javax.net.ssl.TrustManagerFactory: javax.net.ssl.TrustManager[] getTrustManagers()>()
		Method: <okhttp3.internal.platform.Platform: javax.net.ssl.X509TrustManager platformTrustManager()>
		SHA-256: c3dcfb07eabeaead2afa7b41e33d56187e303e14a7184c21b7bac99836f2c278
		Secure: false
	Object:
		Variable: $r6
		Type: java.security.cert.CertificateFactory
		Statement: $r6 = staticinvoke <java.security.cert.CertificateFactory: java.security.cert.CertificateFactory getInstance(java.lang.String)>(varReplacer37119)
		Method: <okhttp3.Cache$Entry: java.util.List readCertificateList(okio.BufferedSource)>
		SHA-256: f6cb2af87b6af6ed95e7bd8da10721facf37c664ab05d5b05b9e7d345058a093
		Secure: false
	Object:
		Variable: $r2
		Type: javax.net.ssl.TrustManager[]
		Statement: $r2 = virtualinvoke $r1.<javax.net.ssl.TrustManagerFactory: javax.net.ssl.TrustManager[] getTrustManagers()>()
		Method: <okhttp3.internal.platform.BouncyCastlePlatform: javax.net.ssl.X509TrustManager platformTrustManager()>
		SHA-256: 84f17b7e3930c76e2b174d27b9668ee8d3209ae5512e2c539d541e6ef4265515
		Secure: false
	Object:
		Variable: $r1
		Type: javax.net.ssl.TrustManagerFactory
		Statement: $r1 = staticinvoke <javax.net.ssl.TrustManagerFactory: javax.net.ssl.TrustManagerFactory getInstance(java.lang.String,java.lang.String)>(varReplacer8410, varReplacer8411)
		Method: <okhttp3.internal.platform.BouncyCastlePlatform: javax.net.ssl.X509TrustManager platformTrustManager()>
		SHA-256: 1547ed3a227a9578dfbbf842d97d78673b612dbb850eee49fb747a65292fe82e
		Secure: false
	Object:
		Variable: $r4
		Type: byte[]
		Statement: $r4 = virtualinvoke $r3.<java.security.MessageDigest: byte[] digest(byte[])>($r4)
		Method: <okio.ByteString: okio.ByteString digest$okio(java.lang.String)>
		SHA-256: d4bf5cc88c644b9a20ac4aef1746c1f0c9ae862102406e7436b8866c875859ff
		Secure: false
	Object:
		Variable: $r1
		Type: javax.net.ssl.SSLContext
		Statement: $r1 = staticinvoke <javax.net.ssl.SSLContext: javax.net.ssl.SSLContext getInstance(java.lang.String,java.security.Provider)>(varReplacer16648, $r2)
		Method: <okhttp3.internal.platform.ConscryptPlatform: javax.net.ssl.SSLContext newSSLContext()>
		SHA-256: 78b88a8372769543839dc7f1cb632e6f18e2928286dbdde96086d1a1628ddb0f
		Secure: false
	Object:
		Variable: $r1
		Type: javax.net.ssl.SSLContext
		Statement: $r1 = staticinvoke <javax.net.ssl.SSLContext: javax.net.ssl.SSLContext getInstance(java.lang.String,java.security.Provider)>(varReplacer16650, $r2)
		Method: <okhttp3.internal.platform.BouncyCastlePlatform: javax.net.ssl.SSLContext newSSLContext()>
		SHA-256: e595ef01fa2b5e1913ef21e24824713f4ceaba1a99de15366ff82d85146259f0
		Secure: false
	Object:
		Variable: $r2
		Type: byte[]
		Statement: $r2 = virtualinvoke $r1.<java.security.MessageDigest: byte[] digest()>()
		Method: <com.huxq17.download.utils.MD5Util: java.lang.String getMD5ByStr(java.lang.String)>
		SHA-256: 8633a752c0cdbacdf02bc73aeb0e3372def343fc9db19ad4667dc646653fcb6f
		Secure: false
	Object:
		Variable: $r1
		Type: javax.net.ssl.SSLContext
		Statement: $r1 = staticinvoke <javax.net.ssl.SSLContext: javax.net.ssl.SSLContext getInstance(java.lang.String,java.security.Provider)>(varReplacer16645, $r2)
		Method: <okhttp3.internal.platform.OpenJSSEPlatform: javax.net.ssl.SSLContext newSSLContext()>
		SHA-256: 2b8b89a8ad8c8466f65915fa6834368695cfb04dbdac51476e4ea003b8c1cd5f
		Secure: false
	Object:
		Variable: $r3
		Type: java.security.MessageDigest
		Statement: $r3 = staticinvoke <java.security.MessageDigest: java.security.MessageDigest getInstance(java.lang.String)>($r1)
		Method: <okio.ByteString: okio.ByteString digest$okio(java.lang.String)>
		SHA-256: ae39b036c5eeeba58d380660f68e23806935f12d2f5c9cefe65440425aa34f4a
		Secure: false
	Object:
		Variable: $r2
		Type: java.security.MessageDigest
		Statement: $r2 = staticinvoke <java.security.MessageDigest: java.security.MessageDigest getInstance(java.lang.String)>($r1)
		Method: <okio.SegmentedByteString: okio.ByteString digest$okio(java.lang.String)>
		SHA-256: 6c960e488f21ae2f1d37981b7f790ff5823030d9f242d798118968e0f93ba357
		Secure: false
	Object:
		Variable: $r3
		Type: javax.net.ssl.TrustManager[]
		Statement: $r3 = virtualinvoke $r2.<javax.net.ssl.TrustManagerFactory: javax.net.ssl.TrustManager[] getTrustManagers()>()
		Method: <okhttp3.internal.platform.ConscryptPlatform: javax.net.ssl.X509TrustManager platformTrustManager()>
		SHA-256: 15a76129680a3cd57380001c355c828c5afc3ba9ce32fff65b352ff3390bbd6
		Secure: false
	Object:
		Variable: $r1
		Type: javax.net.ssl.SSLContext
		Statement: $r1 = staticinvoke <javax.net.ssl.SSLContext: javax.net.ssl.SSLContext getInstance(java.lang.String)>(varReplacer16643)
		Method: <okhttp3.internal.platform.Platform: javax.net.ssl.SSLContext newSSLContext()>
		SHA-256: f0c86c715ac0c0208d2e37e13c73788ad11845b79b02247f83ca1ac5d0b611ac
		Secure: false
	Object:
		Variable: $r2
		Type: byte[]
		Statement: $r2 = virtualinvoke $r3.<java.security.MessageDigest: byte[] digest()>()
		Method: <org.midorinext.android.adblock.util.hash.FileHashKt: java.lang.String computeMD5(java.io.InputStream)>
		SHA-256: be9c4548e200119099a8a8634072f818ec730bb4684299918477692d38849b75
		Secure: false
	Object:
		Variable: $r2
		Type: javax.net.ssl.TrustManagerFactory
		Statement: $r2 = staticinvoke <javax.net.ssl.TrustManagerFactory: javax.net.ssl.TrustManagerFactory getInstance(java.lang.String)>($r1)
		Method: <okhttp3.internal.platform.Platform: javax.net.ssl.X509TrustManager platformTrustManager()>
		SHA-256: 5fb6984969c8c0f60ee84399ef18a49aa63648c889757c4080685ad119ecd903
		Secure: false
	Object:
		Variable: $r3
		Type: javax.net.ssl.TrustManagerFactory
		Statement: $r3 = staticinvoke <javax.net.ssl.TrustManagerFactory: javax.net.ssl.TrustManagerFactory getInstance(java.lang.String,java.security.Provider)>($r1, $r2)
		Method: <okhttp3.internal.platform.OpenJSSEPlatform: javax.net.ssl.X509TrustManager platformTrustManager()>
		SHA-256: 1027fce20723454b26980f38c5edb26bcec19bffa5b6443c75459b577c51d460
		Secure: false
	Object:
		Variable: $r7
		Type: javax.net.ssl.SSLContext
		Statement: $r7 = staticinvoke <javax.net.ssl.SSLContext: javax.net.ssl.SSLContext getInstance(java.lang.String)>(varReplacer45991)
		Method: <org.acra.http.BaseHttpRequest: void configureHttps(javax.net.ssl.HttpsURLConnection)>
		SHA-256: be6368029114fcb4ebea9426f2b11cd82a447b5e4eb268dc8c00fe6be19646d9
		Secure: false

Findings in Java Class: okhttp3.internal.platform.Platform

	 in Method: javax.net.ssl.SSLContext newSSLContext()
		ConstraintError violating CrySL rule for javax.net.ssl.SSLContext (on Object #f0c86c715ac0c0208d2e37e13c73788ad11845b79b02247f83ca1ac5d0b611ac)
			First parameter (with value "TLS") should be any of {TLSv1.2, TLSv1.3}
			at statement: $r1 = staticinvoke <javax.net.ssl.SSLContext: javax.net.ssl.SSLContext getInstance(java.lang.String)>(varReplacer16643)


	 in Method: javax.net.ssl.SSLSocketFactory newSslSocketFactory(javax.net.ssl.X509TrustManager)
		RequiredPredicateError violating CrySL rule for javax.net.ssl.SSLContext
			Second parameter was not properly generated as generatedTrustManagers
			at statement: virtualinvoke $r2.<javax.net.ssl.SSLContext: void init(javax.net.ssl.KeyManager[],javax.net.ssl.TrustManager[],java.security.SecureRandom)>(varReplacer8415, $r3, varReplacer8415)

		RequiredPredicateError violating CrySL rule for javax.net.ssl.SSLContext
			First parameter was not properly generated as generatedKeyManagers
			at statement: virtualinvoke $r2.<javax.net.ssl.SSLContext: void init(javax.net.ssl.KeyManager[],javax.net.ssl.TrustManager[],java.security.SecureRandom)>(varReplacer8415, $r3, varReplacer8415)

		RequiredPredicateError violating CrySL rule for javax.net.ssl.SSLContext
			Third parameter was not properly generated as randomized
			at statement: virtualinvoke $r2.<javax.net.ssl.SSLContext: void init(javax.net.ssl.KeyManager[],javax.net.ssl.TrustManager[],java.security.SecureRandom)>(varReplacer8415, $r3, varReplacer8415)


	 in Method: javax.net.ssl.X509TrustManager platformTrustManager()
		RequiredPredicateError violating CrySL rule for javax.net.ssl.TrustManagerFactory
			First parameter was not properly generated as generatedKeyStore
			at statement: virtualinvoke $r2.<javax.net.ssl.TrustManagerFactory: void init(java.security.KeyStore)>(varReplacer8394)


Findings in Java Class: okhttp3.internal.platform.ConscryptPlatform

	 in Method: javax.net.ssl.SSLContext newSSLContext()
		ConstraintError violating CrySL rule for javax.net.ssl.SSLContext (on Object #78b88a8372769543839dc7f1cb632e6f18e2928286dbdde96086d1a1628ddb0f)
			First parameter (with value "TLS") should be any of {TLSv1.2, TLSv1.3}
			at statement: $r1 = staticinvoke <javax.net.ssl.SSLContext: javax.net.ssl.SSLContext getInstance(java.lang.String,java.security.Provider)>(varReplacer16648, $r2)


	 in Method: javax.net.ssl.X509TrustManager platformTrustManager()
		RequiredPredicateError violating CrySL rule for javax.net.ssl.TrustManagerFactory
			First parameter was not properly generated as generatedKeyStore
			at statement: virtualinvoke $r2.<javax.net.ssl.TrustManagerFactory: void init(java.security.KeyStore)>(varReplacer8404)


	 in Method: javax.net.ssl.SSLSocketFactory newSslSocketFactory(javax.net.ssl.X509TrustManager)
		RequiredPredicateError violating CrySL rule for javax.net.ssl.SSLContext
			Third parameter was not properly generated as randomized
			at statement: virtualinvoke $r2.<javax.net.ssl.SSLContext: void init(javax.net.ssl.KeyManager[],javax.net.ssl.TrustManager[],java.security.SecureRandom)>(varReplacer8420, $r3, varReplacer8420)

		RequiredPredicateError violating CrySL rule for javax.net.ssl.SSLContext
			Second parameter was not properly generated as generatedTrustManagers
			at statement: virtualinvoke $r2.<javax.net.ssl.SSLContext: void init(javax.net.ssl.KeyManager[],javax.net.ssl.TrustManager[],java.security.SecureRandom)>(varReplacer8420, $r3, varReplacer8420)


Findings in Java Class: okhttp3.internal.platform.BouncyCastlePlatform

	 in Method: javax.net.ssl.SSLContext newSSLContext()
		ConstraintError violating CrySL rule for javax.net.ssl.SSLContext (on Object #e595ef01fa2b5e1913ef21e24824713f4ceaba1a99de15366ff82d85146259f0)
			First parameter (with value "TLS") should be any of {TLSv1.2, TLSv1.3}
			at statement: $r1 = staticinvoke <javax.net.ssl.SSLContext: javax.net.ssl.SSLContext getInstance(java.lang.String,java.security.Provider)>(varReplacer16650, $r2)


	 in Method: javax.net.ssl.X509TrustManager platformTrustManager()
		RequiredPredicateError violating CrySL rule for javax.net.ssl.TrustManagerFactory
			First parameter was not properly generated as generatedKeyStore
			at statement: virtualinvoke $r1.<javax.net.ssl.TrustManagerFactory: void init(java.security.KeyStore)>(varReplacer8409)


Findings in Java Class: org.midorinext.android.adblock.util.hash.FileHashKt

	 in Method: java.lang.String computeMD5(java.io.InputStream)
		ConstraintError violating CrySL rule for java.security.MessageDigest (on Object #65c826399b75d9bdad7fdd00f79bcb807c101bcf713b339b75985d99591617e1)
			First parameter (with value "MD5") should be any of {SHA-256, SHA-384, SHA-512}
			at statement: $r3 = staticinvoke <java.security.MessageDigest: java.security.MessageDigest getInstance(java.lang.String)>(varReplacer23311)

		TypestateError violating CrySL rule for java.security.MessageDigest (on Object #65c826399b75d9bdad7fdd00f79bcb807c101bcf713b339b75985d99591617e1)
			Unexpected call to method <java.security.MessageDigest: byte[] digest()> on object of type java.security.MessageDigest. Expect a call to one of the following methods java.security.MessageDigest: void update(byte[],int,int),java.security.MessageDigest: void update(java.nio.ByteBuffer),java.security.MessageDigest: byte[] digest(byte[]),java.security.MessageDigest: void update(byte[]),java.security.MessageDigest: void update(byte)
			at statement: $r2 = virtualinvoke $r3.<java.security.MessageDigest: byte[] digest()>()

		ConstraintError violating CrySL rule for java.security.MessageDigest (on Object #65c826399b75d9bdad7fdd00f79bcb807c101bcf713b339b75985d99591617e1)
			Third parameter (with value 0)Variable preLenmust be  greater than 0
			at statement: virtualinvoke $r3.<java.security.MessageDigest: void update(byte[],int,int)>($r2, varReplacer23312, $i2)


Findings in Java Class: okio.ByteString

	 in Method: okio.ByteString digest$okio(java.lang.String)
		ConstraintError violating CrySL rule for java.security.MessageDigest (on Object #ae39b036c5eeeba58d380660f68e23806935f12d2f5c9cefe65440425aa34f4a)
			First parameter (with value "MD5") should be any of {SHA-256, SHA-384, SHA-512}
			at statement: $r3 = staticinvoke <java.security.MessageDigest: java.security.MessageDigest getInstance(java.lang.String)>($r1)

		ConstraintError violating CrySL rule for java.security.MessageDigest (on Object #ae39b036c5eeeba58d380660f68e23806935f12d2f5c9cefe65440425aa34f4a)
			First parameter (with value "SHA-1") should be any of {SHA-256, SHA-384, SHA-512}
			at statement: $r3 = staticinvoke <java.security.MessageDigest: java.security.MessageDigest getInstance(java.lang.String)>($r1)


Findings in Java Class: okio.SegmentedByteString

	 in Method: okio.ByteString digest$okio(java.lang.String)
		ConstraintError violating CrySL rule for java.security.MessageDigest (on Object #6c960e488f21ae2f1d37981b7f790ff5823030d9f242d798118968e0f93ba357)
			First parameter (with value "MD5") should be any of {SHA-256, SHA-384, SHA-512}
			at statement: $r2 = staticinvoke <java.security.MessageDigest: java.security.MessageDigest getInstance(java.lang.String)>($r1)

		TypestateError violating CrySL rule for java.security.MessageDigest (on Object #6c960e488f21ae2f1d37981b7f790ff5823030d9f242d798118968e0f93ba357)
			Unexpected call to method <java.security.MessageDigest: byte[] digest()> on object of type java.security.MessageDigest. Expect a call to one of the following methods java.security.MessageDigest: void update(byte[],int,int),java.security.MessageDigest: void update(java.nio.ByteBuffer),java.security.MessageDigest: byte[] digest(byte[]),java.security.MessageDigest: void update(byte[]),java.security.MessageDigest: void update(byte)
			at statement: $r6 = virtualinvoke $r2.<java.security.MessageDigest: byte[] digest()>()

		ConstraintError violating CrySL rule for java.security.MessageDigest (on Object #6c960e488f21ae2f1d37981b7f790ff5823030d9f242d798118968e0f93ba357)
			First parameter (with value "SHA-1") should be any of {SHA-256, SHA-384, SHA-512}
			at statement: $r2 = staticinvoke <java.security.MessageDigest: java.security.MessageDigest getInstance(java.lang.String)>($r1)


Findings in Java Class: com.huxq17.download.utils.MD5Util

	 in Method: java.lang.String getMD5ByStr(java.lang.String)
		ConstraintError violating CrySL rule for java.security.MessageDigest (on Object #c082aedd47bacad1ef5f2e270be5c3ad420a1143e32c413fe84d7010de9e95b8)
			First parameter (with value "MD5") should be any of {SHA-256, SHA-384, SHA-512}
			at statement: $r1 = staticinvoke <java.security.MessageDigest: java.security.MessageDigest getInstance(java.lang.String)>(varReplacer34843)


Findings in Java Class: okhttp3.Cache$Entry

	 in Method: java.util.List readCertificateList(okio.BufferedSource)
		IncompleteOperationError violating CrySL rule for java.security.cert.CertificateFactory (on Object #f6cb2af87b6af6ed95e7bd8da10721facf37c664ab05d5b05b9e7d345058a093)
			Operation on object of type java.security.cert.CertificateFactory object not completed. Expected call to generateCertPath, generateCertificate, generateCRL
			at statement: $r6 = staticinvoke <java.security.cert.CertificateFactory: java.security.cert.CertificateFactory getInstance(java.lang.String)>(varReplacer37119)

		TypestateError violating CrySL rule for java.security.cert.CertificateFactory (on Object #f6cb2af87b6af6ed95e7bd8da10721facf37c664ab05d5b05b9e7d345058a093)
			Unexpected call to method generateCertificate on object of type java.security.cert.CertificateFactory. Expect a call to one of the following methods generateCRL
			at statement: $r11 = virtualinvoke $r6.<java.security.cert.CertificateFactory: java.security.cert.Certificate generateCertificate(java.io.InputStream)>($r10)

		IncompleteOperationError violating CrySL rule for java.security.cert.CertificateFactory (on Object #f6cb2af87b6af6ed95e7bd8da10721facf37c664ab05d5b05b9e7d345058a093)
			Operation on object of type java.security.cert.CertificateFactory object not completed. Expected call to generateCertPath, generateCRL, java.security.cert.CertificateFactory: java.security.cert.Certificate generateCertificate(java.io.InputStream)
			at statement: $r11 = virtualinvoke $r6.<java.security.cert.CertificateFactory: java.security.cert.Certificate generateCertificate(java.io.InputStream)>($r10)


Findings in Java Class: org.acra.http.BaseHttpRequest

	 in Method: void configureHttps(javax.net.ssl.HttpsURLConnection)
		IncompleteOperationError violating CrySL rule for java.security.KeyStore (on Object #22a183d5116504e02ad96ba67561ecf0f83bf3a7f2bfba4ad5fe01efac8fa773)
			Operation on object of type java.security.KeyStore object not completed. Expected call to load
			at statement: virtualinvoke $r3.<javax.net.ssl.TrustManagerFactory: void init(java.security.KeyStore)>($r6)

		RequiredPredicateError violating CrySL rule for javax.net.ssl.SSLContext
			Third parameter was not properly generated as randomized
			at statement: virtualinvoke $r7.<javax.net.ssl.SSLContext: void init(javax.net.ssl.KeyManager[],javax.net.ssl.TrustManager[],java.security.SecureRandom)>(varReplacer45989, $r8, varReplacer45989)

		RequiredPredicateError violating CrySL rule for javax.net.ssl.SSLContext
			First parameter was not properly generated as generatedKeyManagers
			at statement: virtualinvoke $r7.<javax.net.ssl.SSLContext: void init(javax.net.ssl.KeyManager[],javax.net.ssl.TrustManager[],java.security.SecureRandom)>(varReplacer45989, $r8, varReplacer45989)

		ConstraintError violating CrySL rule for javax.net.ssl.SSLContext (on Object #be6368029114fcb4ebea9426f2b11cd82a447b5e4eb268dc8c00fe6be19646d9)
			First parameter (with value "TLS") should be any of {TLSv1.2, TLSv1.3}
			at statement: $r7 = staticinvoke <javax.net.ssl.SSLContext: javax.net.ssl.SSLContext getInstance(java.lang.String)>(varReplacer45991)


Findings in Java Class: org.acra.security.BaseKeyStoreFactory

	 in Method: java.security.KeyStore create(android.content.Context)
		IncompleteOperationError violating CrySL rule for java.security.cert.CertificateFactory (on Object #6354b454ea0efe5008579fe336bf54e0cb7951f0d65e24c27930d87a53ea0e7)
			Operation on object of type java.security.cert.CertificateFactory object not completed. Expected call to generateCRL
			at statement: $r10 = virtualinvoke $r9.<java.security.cert.CertificateFactory: java.security.cert.Certificate generateCertificate(java.io.InputStream)>($r1)


Findings in Java Class: okhttp3.internal.platform.OpenJSSEPlatform

	 in Method: javax.net.ssl.X509TrustManager platformTrustManager()
		RequiredPredicateError violating CrySL rule for javax.net.ssl.TrustManagerFactory
			First parameter was not properly generated as generatedKeyStore
			at statement: virtualinvoke $r3.<javax.net.ssl.TrustManagerFactory: void init(java.security.KeyStore)>(varReplacer8401)


======================= CryptoAnalysis Summary ==========================
	Number of CrySL rules: 49
	Number of Objects Analyzed: 28

	CryptoAnalysis found the following violations. For details see description above.
	ConstraintError: 11
	RequiredPredicateError: 11
	IncompleteOperationError: 4
	TypestateError: 3
=====================================================================
