0    [main] WARN  pes.access.impl.DeclaredTypeFactory  - --- xtext.common.types ---------------------------------------------------
1    [main] WARN  pes.access.impl.DeclaredTypeFactory  - ASM library is too old. Falling back to java.lang.reflect API.
1    [main] WARN  pes.access.impl.DeclaredTypeFactory  - Please note that no information about compile time constants is available.
1    [main] WARN  pes.access.impl.DeclaredTypeFactory  - It's recommended to use org.objectweb.asm 9.1.0 or better (Maven group id: org.ow2.asm).
1    [main] WARN  pes.access.impl.DeclaredTypeFactory  - --------------------------------------------------------------------------
Ruleset: 
	java.security.cert.TrustAnchor
	javax.crypto.spec.GCMParameterSpec
	javax.xml.crypto.dsig.spec.HMACParameterSpec
	java.security.KeyPair
	java.security.DigestOutputStream
	javax.net.ssl.KeyStoreBuilderParameters
	javax.crypto.spec.OAEPParameterSpec
	javax.net.ssl.SSLContext
	javax.crypto.spec.DHGenParameterSpec
	javax.crypto.CipherOutputStream
	java.security.Key
	javax.crypto.SecretKeyFactory
	java.security.cert.PKIXBuilderParameters
	java.security.KeyFactory
	javax.crypto.spec.PBEKeySpec
	java.security.spec.DSAGenParameterSpec
	java.security.KeyPairGenerator
	javax.crypto.CipherInputStream
	javax.net.ssl.CertPathTrustManagerParameters
	java.security.cert.CertificateFactory
	java.security.SecureRandom
	java.security.spec.MGF1ParameterSpec
	javax.net.ssl.SSLEngine
	javax.crypto.spec.DHParameterSpec
	java.security.spec.DSAParameterSpec
	java.security.spec.ECParameterSpec
	java.security.spec.RSAKeyGenParameterSpec
	javax.crypto.spec.IvParameterSpec
	javax.crypto.Cipher
	javax.crypto.spec.PBEParameterSpec
	java.security.AlgorithmParameterGenerator
	java.security.spec.X509EncodedKeySpec
	javax.net.ssl.TrustManagerFactory
	java.security.DigestInputStream
	void
	javax.net.ssl.KeyManagerFactory
	java.security.cert.PKIXParameters
	java.net.PasswordAuthentication
	java.security.AlgorithmParameters
	javax.crypto.KeyAgreement
	javax.crypto.spec.SecretKeySpec
	javax.net.ssl.SSLParameters
	java.security.MessageDigest
	javax.crypto.SecretKey
	javax.crypto.KeyGenerator
	java.security.KeyStore
	javax.crypto.Mac
	java.security.spec.ECGenParameterSpec
	java.security.Signature

Analyzed Objects: 
	Object:
		Variable: $r2
		Type: byte[]
		Statement: $r2 = virtualinvoke $r5.<javax.crypto.Cipher: byte[] doFinal(byte[],int,int)>($r2, varReplacer2881, $i0)
		Method: <c.c.b.a.v.a.b: byte[] c(byte[],byte[])>
		SHA-256: 32e8a4f3930228e4b49feb52fa3558d02e29ddb58e12d4af5893c1f13af96004
		Secure: false
	Object:
		Variable: $r9
		Type: javax.crypto.spec.IvParameterSpec
		Statement: specialinvoke $r9.<javax.crypto.spec.IvParameterSpec: void <init>(byte[])>($r7)
		Method: <c.c.b.a.a0.b: byte[] b(byte[],byte[])>
		SHA-256: 54a406e68c5e5d26afa57cf55e2bd2381045257286f42e94150d14fa3b855852
		Secure: false
	Object:
		Variable: $r1
		Type: byte[]
		Statement: virtualinvoke $r0.<java.security.SecureRandom: void nextBytes(byte[])>($r1)
		Method: <c.c.b.a.i: int e()>
		SHA-256: a577a5119016950e71a1074e887bdfaaf49bec470469d771a0ced5454aa9b1b4
		Secure: true
	Object:
		Variable: $r6
		Type: javax.crypto.spec.IvParameterSpec
		Statement: specialinvoke $r6.<javax.crypto.spec.IvParameterSpec: void <init>(byte[],int,int)>($r0, $i0, $i1)
		Method: <c.c.b.a.a0.c: java.security.spec.AlgorithmParameterSpec c(byte[],int,int)>
		SHA-256: f296041a48920b08dd157261c57ffba2865c2ceec378071f34608682d8e089c8
		Secure: false
	Object:
		Variable: $r2
		Type: javax.crypto.spec.GCMParameterSpec
		Statement: specialinvoke $r2.<javax.crypto.spec.GCMParameterSpec: void <init>(int,byte[],int,int)>(varReplacer1560, $r1, $i1, $i0)
		Method: <c.c.b.a.t.m.a: java.security.spec.AlgorithmParameterSpec c(byte[],int,int)>
		SHA-256: 29bf08fc513bbac008b258cf56f05b86b7ec0d6b31b03a816e1a28c85632d193
		Secure: false
	Object:
		Variable: $r10
		Type: javax.crypto.spec.IvParameterSpec
		Statement: specialinvoke $r10.<javax.crypto.spec.IvParameterSpec: void <init>(byte[])>($r7)
		Method: <c.c.b.a.a0.d: byte[] b(byte[],byte[])>
		SHA-256: e6b736376d5c63a48c71b7f0cc70e54f269e5fe5ee81c5152995dd6ab948794c
		Secure: false
	Object:
		Variable: $r8
		Type: javax.crypto.KeyGenerator
		Statement: $r8 = staticinvoke <javax.crypto.KeyGenerator: javax.crypto.KeyGenerator getInstance(java.lang.String,java.lang.String)>(varReplacer5286, varReplacer5287)
		Method: <c.c.b.a.v.a.c: void c(java.lang.String)>
		SHA-256: e9b203c00acbfe356f46edc562b58073955afb812aaa7369b5c84f1dfcfb8d91
		Secure: true
	Object:
		Variable: varReplacer10604
		Type: java.lang.String
		Statement: specialinvoke $r2.<javax.crypto.spec.SecretKeySpec: void <init>(byte[],java.lang.String)>($r1, varReplacer10604)
		Method: <c.c.b.a.t.m.a: void <init>(byte[])>
		SHA-256: 557fbf0e30f79f13c0ce7a4a88c9a1d0850f01263b7a8a99da820d5186ce0856
		Secure: false
	Object:
		Variable: $r8
		Type: java.security.KeyStore
		Statement: $r8 = staticinvoke <java.security.KeyStore: java.security.KeyStore getInstance(java.lang.String)>(varReplacer2341)
		Method: <b.q.a.b$a: b.q.a.b a()>
		SHA-256: d5d40b6a50fd0b6019a2fcd0532b201e20e5e3410e9cd0964b4279f875bda725
		Secure: false
	Object:
		Variable: $r3
		Type: javax.crypto.Mac
		Statement: $r3 = staticinvoke <javax.crypto.Mac: javax.crypto.Mac getInstance(java.lang.String,java.security.Provider)>($r2, $r1)
		Method: <c.c.b.a.a0.l$b: java.lang.Object a(java.lang.String,java.security.Provider)>
		SHA-256: ac9ba5f9672ed43a09eee4f4935a5cfff2a8c6f951dbf33c603ca1820a60f05c
		Secure: false
	Object:
		Variable: $r10
		Type: javax.crypto.spec.IvParameterSpec
		Statement: specialinvoke $r10.<javax.crypto.spec.IvParameterSpec: void <init>(byte[])>($r4)
		Method: <c.c.b.a.a0.b: byte[] a(byte[],byte[])>
		SHA-256: ca733fbff339bede4703e56b81ed9174c168a0f859dae759148c367160322f13
		Secure: false
	Object:
		Variable: $r8
		Type: javax.crypto.spec.IvParameterSpec
		Statement: specialinvoke $r8.<javax.crypto.spec.IvParameterSpec: void <init>(byte[])>($r7)
		Method: <c.c.b.a.a0.a: void c(byte[],int,int,byte[],int,byte[],boolean)>
		SHA-256: 2e0d879cd6fa651bddf222dcd69161229ac1642012b9372a1361c3b7ad1efe60
		Secure: false
	Object:
		Variable: $r4
		Type: java.security.KeyStore
		Statement: $r4 = staticinvoke <java.security.KeyStore: java.security.KeyStore getInstance(java.lang.String)>(varReplacer8050)
		Method: <c.c.b.a.v.a.c: boolean d(java.lang.String)>
		SHA-256: d54eb1d715bf193f758da8431ee9490c6517e295df6e1108612f5ac282b3e2e2
		Secure: false
	Object:
		Variable: $r3
		Type: javax.crypto.Cipher
		Statement: $r3 = staticinvoke <javax.crypto.Cipher: javax.crypto.Cipher getInstance(java.lang.String)>($r2)
		Method: <c.c.b.a.a0.l$a: java.lang.Object a(java.lang.String,java.security.Provider)>
		SHA-256: adba45cc74b0e3b0ab95bf652bc0f83f244618653909a4422cc4ab5edfa72736
		Secure: false
	Object:
		Variable: $r7
		Type: java.security.KeyStore
		Statement: $r7 = staticinvoke <java.security.KeyStore: java.security.KeyStore getInstance(java.lang.String)>(varReplacer5281)
		Method: <c.c.b.a.v.a.c: void c(java.lang.String)>
		SHA-256: b6b473e92ae7ee849d224409543264ee863ff84e78f216b039e670ee67731fa1
		Secure: false
	Object:
		Variable: varReplacer3313
		Type: java.lang.String
		Statement: specialinvoke $r8.<javax.crypto.spec.SecretKeySpec: void <init>(byte[],java.lang.String)>($r9, varReplacer3313)
		Method: <c.c.b.a.a0.d: byte[] b(byte[],byte[])>
		SHA-256: 6256d46000ca660c612c525ea8548cba2d290c2ea11157ab9be9f4189b6e116b
		Secure: false
	Object:
		Variable: $r3
		Type: java.security.Key
		Statement: $r3 = virtualinvoke $r2.<java.security.KeyStore: java.security.Key getKey(java.lang.String,char[])>($r1, varReplacer9824)
		Method: <c.c.b.a.v.a.b: void <init>(java.lang.String,java.security.KeyStore)>
		SHA-256: 82ddeff950cda6481d805e1234e3bed792731bbd448e583d07fb8b749c05b5f9
		Secure: false
	Object:
		Variable: $r7
		Type: java.security.KeyStore
		Statement: $r7 = staticinvoke <java.security.KeyStore: java.security.KeyStore getInstance(java.lang.String)>(varReplacer6201)
		Method: <b.q.a.b: java.lang.String toString()>
		SHA-256: c7cfcc911cc33e0ac481e7f22757f91b9144b2d1f252ac9b8a1c67a10a04e312
		Secure: false
	Object:
		Variable: $r4
		Type: javax.crypto.Cipher
		Statement: $r4 = staticinvoke <javax.crypto.Cipher: javax.crypto.Cipher getInstance(java.lang.String)>(varReplacer3296)
		Method: <c.c.b.a.v.a.b: byte[] d(byte[],byte[])>
		SHA-256: 1db14396f3889488574ffe39780618536ac61f684abebc66a1c948660ea9b6f8
		Secure: false
	Object:
		Variable: varReplacer10609
		Type: java.lang.String
		Statement: specialinvoke $r2.<javax.crypto.spec.SecretKeySpec: void <init>(byte[],java.lang.String)>($r1, varReplacer10609)
		Method: <c.c.b.a.a0.a: void <init>(byte[],int)>
		SHA-256: 7bbd987ddfb3236ac47812cb1a95560974f60f0e5accdea84fffe6e4c4839414
		Secure: false
	Object:
		Variable: varReplacer10605
		Type: java.lang.String
		Statement: specialinvoke $r2.<javax.crypto.spec.SecretKeySpec: void <init>(byte[],java.lang.String)>($r1, varReplacer10605)
		Method: <c.c.b.a.a0.c: void <init>(byte[])>
		SHA-256: da1f96f55d35797ee3f73348748ba0269ad7ec6d9821663d49f79ecbf190cb06
		Secure: false
	Object:
		Variable: $r1
		Type: java.security.KeyStore
		Statement: $r1 = staticinvoke <java.security.KeyStore: java.security.KeyStore getInstance(java.lang.String)>(varReplacer8066)
		Method: <c.c.b.a.v.a.c$a: void <init>()>
		SHA-256: 138a03cd57a95cbe78e66afaa9530fd669b474a1e073054b2a47d3e9163e806c
		Secure: false
	Object:
		Variable: $r3
		Type: byte[]
		Statement: virtualinvoke $r4.<javax.crypto.Cipher: int doFinal(byte[],int,int,byte[],int)>($r1, varReplacer3301, $i0, $r3, varReplacer3302)
		Method: <c.c.b.a.v.a.b: byte[] d(byte[],byte[])>
		SHA-256: 45e09e402bec937ded90a9a2dcaf68528297717643591155539035b19542f90e
		Secure: false
	Object:
		Variable: $r2
		Type: javax.crypto.spec.SecretKeySpec
		Statement: specialinvoke $r2.<javax.crypto.spec.SecretKeySpec: void <init>(byte[],java.lang.String)>($r1, varReplacer10609)
		Method: <c.c.b.a.a0.a: void <init>(byte[],int)>
		SHA-256: 3ac10e48696b88d590d05d37ebae8ecd24d6fbb6e349af25cafd58d90be57fe5
		Secure: false
	Object:
		Variable: $r3
		Type: javax.crypto.Mac
		Statement: $r3 = staticinvoke <javax.crypto.Mac: javax.crypto.Mac getInstance(java.lang.String)>($r2)
		Method: <c.c.b.a.a0.l$b: java.lang.Object a(java.lang.String,java.security.Provider)>
		SHA-256: 44e39627a201b862226d234744bcfbf4f66805006f092678c034410d647f6093
		Secure: false
	Object:
		Variable: $r9
		Type: javax.crypto.KeyGenerator
		Statement: $r9 = staticinvoke <javax.crypto.KeyGenerator: javax.crypto.KeyGenerator getInstance(java.lang.String,java.lang.String)>(varReplacer2332, varReplacer2333)
		Method: <b.q.a.b$a: b.q.a.b a()>
		SHA-256: 5127c7d355f282b2c1ca3b539cd319daedcd8c4db39e1f16d07c046fddd48c9
		Secure: true
	Object:
		Variable: $r2
		Type: java.security.Key
		Statement: $r4 = interfaceinvoke $r2.<java.security.Key: byte[] getEncoded()>()
		Method: <c.c.b.a.a0.p: void <init>(java.lang.String,java.security.Key)>
		SHA-256: fb445da84a226a5e8064d20b8d4bf2411e15d32c29157316e868cd766d06c9fc
		Secure: true
	Object:
		Variable: $r7
		Type: javax.crypto.spec.GCMParameterSpec
		Statement: specialinvoke $r7.<javax.crypto.spec.GCMParameterSpec: void <init>(int,byte[],int,int)>(varReplacer1559, $r0, $i0, $i1)
		Method: <c.c.b.a.a0.c: java.security.spec.AlgorithmParameterSpec c(byte[],int,int)>
		SHA-256: fbf5d39211db13098bf86547ce3be8116dc57f773e205a5b5e749dabc9e0e2dd
		Secure: false
	Object:
		Variable: $r3
		Type: javax.crypto.spec.IvParameterSpec
		Statement: specialinvoke $r3.<javax.crypto.spec.IvParameterSpec: void <init>(byte[],int,int)>($r1, $i1, $i0)
		Method: <c.c.b.a.t.m.a: java.security.spec.AlgorithmParameterSpec c(byte[],int,int)>
		SHA-256: 6b325b9177ed6e8f086c7409ae87c603b02f0623f2948564e27566e39d3326e3
		Secure: false
	Object:
		Variable: $r3
		Type: javax.crypto.spec.SecretKeySpec
		Statement: specialinvoke $r3.<javax.crypto.spec.SecretKeySpec: void <init>(byte[],java.lang.String)>($r1, varReplacer10611)
		Method: <c.c.b.a.a0.b: void <init>(byte[],int)>
		SHA-256: 9b4d71d0918bc2259072cfc08cfc587e0baee2c67339c0324cc768c8cc8a214d
		Secure: false
	Object:
		Variable: $r2
		Type: javax.crypto.spec.SecretKeySpec
		Statement: specialinvoke $r2.<javax.crypto.spec.SecretKeySpec: void <init>(byte[],java.lang.String)>($r1, varReplacer10604)
		Method: <c.c.b.a.t.m.a: void <init>(byte[])>
		SHA-256: e599c1749059a3f638ee07bd714c80071c65026c219684c4da65a6b576c70b5
		Secure: false
	Object:
		Variable: $r4
		Type: byte[]
		Statement: $r4 = interfaceinvoke $r2.<java.security.Key: byte[] getEncoded()>()
		Method: <c.c.b.a.a0.p: void <init>(java.lang.String,java.security.Key)>
		SHA-256: 6bd32db623478f71ebed3708fb769a0ae7ab06a46d6bf3c17d39608121fa349a
		Secure: true
	Object:
		Variable: varReplacer10611
		Type: java.lang.String
		Statement: specialinvoke $r3.<javax.crypto.spec.SecretKeySpec: void <init>(byte[],java.lang.String)>($r1, varReplacer10611)
		Method: <c.c.b.a.a0.b: void <init>(byte[],int)>
		SHA-256: 3706c46e415655863533f12cbcc4ed98f9cdca3fc66b98cdcb6ce1b392766c45
		Secure: false
	Object:
		Variable: $r10
		Type: javax.crypto.spec.IvParameterSpec
		Statement: specialinvoke $r10.<javax.crypto.spec.IvParameterSpec: void <init>(byte[])>($r7)
		Method: <c.c.b.a.a0.d: byte[] a(byte[],byte[])>
		SHA-256: 5aca104b39535034b02e52b11abf1507cff421e4fa35d104288b7ab261451c71
		Secure: false
	Object:
		Variable: varReplacer1744
		Type: java.lang.String
		Statement: specialinvoke $r8.<javax.crypto.spec.SecretKeySpec: void <init>(byte[],java.lang.String)>($r9, varReplacer1744)
		Method: <c.c.b.a.a0.d: byte[] a(byte[],byte[])>
		SHA-256: 30f7c412abc65853d552c2436b7d992bf4917870d4f6ac4cbdf7b6302040071b
		Secure: false
	Object:
		Variable: $r3
		Type: javax.crypto.Cipher
		Statement: $r3 = staticinvoke <javax.crypto.Cipher: javax.crypto.Cipher getInstance(java.lang.String,java.security.Provider)>($r2, $r1)
		Method: <c.c.b.a.a0.l$a: java.lang.Object a(java.lang.String,java.security.Provider)>
		SHA-256: c23a6fcf5ef71915a2a79a56aabb5c0b4aff98d105945afbd43bdafe02a869e3
		Secure: false
	Object:
		Variable: varReplacer10616
		Type: java.lang.String
		Statement: specialinvoke $r2.<javax.crypto.spec.SecretKeySpec: void <init>(byte[],java.lang.String)>($r1, varReplacer10616)
		Method: <c.c.b.a.a0.o: void <init>(byte[])>
		SHA-256: 98547bdd7365556371384880f1bbc584d79474dac182e13db441750e0d5210f3
		Secure: false
	Object:
		Variable: $r2
		Type: javax.crypto.spec.SecretKeySpec
		Statement: specialinvoke $r2.<javax.crypto.spec.SecretKeySpec: void <init>(byte[],java.lang.String)>($r1, varReplacer10616)
		Method: <c.c.b.a.a0.o: void <init>(byte[])>
		SHA-256: a4cce6e2cd19c5159525db88e88da29389bf904357933bfe37301c3f59880bae
		Secure: false
	Object:
		Variable: $r2
		Type: javax.crypto.spec.SecretKeySpec
		Statement: specialinvoke $r2.<javax.crypto.spec.SecretKeySpec: void <init>(byte[],java.lang.String)>($r1, varReplacer10605)
		Method: <c.c.b.a.a0.c: void <init>(byte[])>
		SHA-256: 3b9ee1f977521f9c1fcda035bab52b79ed05acf86d22438bcea7850234354eb3
		Secure: false
	Object:
		Variable: $r8
		Type: javax.crypto.spec.SecretKeySpec
		Statement: specialinvoke $r8.<javax.crypto.spec.SecretKeySpec: void <init>(byte[],java.lang.String)>($r9, varReplacer3313)
		Method: <c.c.b.a.a0.d: byte[] b(byte[],byte[])>
		SHA-256: ea94c9ebdbca7522399d8bde6127ae80c9f87cc5af2f3aa9775768821340a639
		Secure: false
	Object:
		Variable: $r8
		Type: javax.crypto.spec.SecretKeySpec
		Statement: specialinvoke $r8.<javax.crypto.spec.SecretKeySpec: void <init>(byte[],java.lang.String)>($r9, varReplacer1744)
		Method: <c.c.b.a.a0.d: byte[] a(byte[],byte[])>
		SHA-256: f032f9eb90de79f0f137dc862c6246c414adda418b8a5ca7ae72d657a10fb58c
		Secure: false
	Object:
		Variable: $r4
		Type: javax.crypto.spec.GCMParameterSpec
		Statement: specialinvoke $r4.<javax.crypto.spec.GCMParameterSpec: void <init>(int,byte[],int,int)>(varReplacer2882, $r2, varReplacer2883, varReplacer2884)
		Method: <c.c.b.a.v.a.b: byte[] c(byte[],byte[])>
		SHA-256: 1b47067e8fb29fbc19d025e97afcd79521b9e3f140eb7629e1f4cfe879c9ac67
		Secure: false
	Object:
		Variable: $r1
		Type: byte[]
		Statement: virtualinvoke $r4.<javax.crypto.Cipher: int doFinal(byte[],int,int,byte[],int)>($r1, varReplacer3301, $i0, $r3, varReplacer3302)
		Method: <c.c.b.a.v.a.b: byte[] d(byte[],byte[])>
		SHA-256: e6bee442965a167061e518ab52b6a79ef854c924e909d34b62c2d226a7841698
		Secure: false
	Object:
		Variable: varReplacer8636
		Type: java.lang.String
		Statement: specialinvoke $r1.<javax.crypto.spec.SecretKeySpec: void <init>(byte[],java.lang.String)>($r7, varReplacer8636)
		Method: <c.c.b.a.w.b$a: java.lang.Object a(java.lang.Object)>
		SHA-256: 7389854667f9960253ff114dd0f456e98a11db55bbc6bced4c58f78483666c59
		Secure: false
	Object:
		Variable: $r5
		Type: javax.crypto.Cipher
		Statement: $r5 = staticinvoke <javax.crypto.Cipher: javax.crypto.Cipher getInstance(java.lang.String)>(varReplacer2885)
		Method: <c.c.b.a.v.a.b: byte[] c(byte[],byte[])>
		SHA-256: ded661a118e505a90a939c27367d6edd9422a45c138fb75786b04fafee2bcf99
		Secure: false
	Object:
		Variable: $r1
		Type: javax.crypto.spec.SecretKeySpec
		Statement: specialinvoke $r1.<javax.crypto.spec.SecretKeySpec: void <init>(byte[],java.lang.String)>($r7, varReplacer8636)
		Method: <c.c.b.a.w.b$a: java.lang.Object a(java.lang.Object)>
		SHA-256: c8ae4fd37fff10c898430974f2f44198f0b63caba2b63f3137498e7ff4944d41
		Secure: false
	Object:
		Variable: $r0
		Type: java.security.SecureRandom
		Statement: specialinvoke $r0.<java.security.SecureRandom: void <init>()>()
		Method: <c.c.b.a.i: int e()>
		SHA-256: 453198fee903f2db0f4afb5ff95cecf3c593493a8a696f757d806f3b180e2926
		Secure: true

Findings in Java Class: b.q.a.b$a

	 in Method: b.q.a.b a()
		ConstraintError violating CrySL rule for java.security.KeyStore (on Object #d5d40b6a50fd0b6019a2fcd0532b201e20e5e3410e9cd0964b4279f875bda725)
			First parameter (with value "AndroidKeyStore") should be any of {JCEKS, JKS, DKS, PKCS11, PKCS12}
			at statement: $r8 = staticinvoke <java.security.KeyStore: java.security.KeyStore getInstance(java.lang.String)>(varReplacer2341)


Findings in Java Class: c.c.b.a.v.a.c

	 in Method: void c(java.lang.String)
		ConstraintError violating CrySL rule for java.security.KeyStore (on Object #b6b473e92ae7ee849d224409543264ee863ff84e78f216b039e670ee67731fa1)
			First parameter (with value "AndroidKeyStore") should be any of {JCEKS, JKS, DKS, PKCS11, PKCS12}
			at statement: $r7 = staticinvoke <java.security.KeyStore: java.security.KeyStore getInstance(java.lang.String)>(varReplacer5281)


	 in Method: boolean d(java.lang.String)
		ConstraintError violating CrySL rule for java.security.KeyStore (on Object #d54eb1d715bf193f758da8431ee9490c6517e295df6e1108612f5ac282b3e2e2)
			First parameter (with value "AndroidKeyStore") should be any of {JCEKS, JKS, DKS, PKCS11, PKCS12}
			at statement: $r4 = staticinvoke <java.security.KeyStore: java.security.KeyStore getInstance(java.lang.String)>(varReplacer8050)


Findings in Java Class: b.q.a.b

	 in Method: java.lang.String toString()
		ConstraintError violating CrySL rule for java.security.KeyStore (on Object #c7cfcc911cc33e0ac481e7f22757f91b9144b2d1f252ac9b8a1c67a10a04e312)
			First parameter (with value "AndroidKeyStore") should be any of {JCEKS, JKS, DKS, PKCS11, PKCS12}
			at statement: $r7 = staticinvoke <java.security.KeyStore: java.security.KeyStore getInstance(java.lang.String)>(varReplacer6201)


Findings in Java Class: c.c.b.a.a0.l$b

	 in Method: java.lang.Object a(java.lang.String,java.security.Provider)
		ConstraintError violating CrySL rule for javax.crypto.Mac (on Object #ac9ba5f9672ed43a09eee4f4935a5cfff2a8c6f951dbf33c603ca1820a60f05c)
			First parameter (with value "AES/CTR/NoPadding") should be any of {HmacSHA256, HmacSHA384, HmacSHA512, HmacPBESHA1, PBEWithHmacSHA1, PBEWithHmacSHA224, PBEWithHmacSHA256, PBEWithHmacSHA384, PBEWithHmacSHA512}
			at statement: $r3 = staticinvoke <javax.crypto.Mac: javax.crypto.Mac getInstance(java.lang.String,java.security.Provider)>($r2, $r1)

		ConstraintError violating CrySL rule for javax.crypto.Mac (on Object #ac9ba5f9672ed43a09eee4f4935a5cfff2a8c6f951dbf33c603ca1820a60f05c)
			First parameter (with value "AES/ECB/NoPadding") should be any of {HmacSHA256, HmacSHA384, HmacSHA512, HmacPBESHA1, PBEWithHmacSHA1, PBEWithHmacSHA224, PBEWithHmacSHA256, PBEWithHmacSHA384, PBEWithHmacSHA512}
			at statement: $r3 = staticinvoke <javax.crypto.Mac: javax.crypto.Mac getInstance(java.lang.String,java.security.Provider)>($r2, $r1)

		ConstraintError violating CrySL rule for javax.crypto.Mac (on Object #44e39627a201b862226d234744bcfbf4f66805006f092678c034410d647f6093)
			First parameter (with value "AES/ECB/NoPadding") should be any of {HmacSHA256, HmacSHA384, HmacSHA512, HmacPBESHA1, PBEWithHmacSHA1, PBEWithHmacSHA224, PBEWithHmacSHA256, PBEWithHmacSHA384, PBEWithHmacSHA512}
			at statement: $r3 = staticinvoke <javax.crypto.Mac: javax.crypto.Mac getInstance(java.lang.String)>($r2)

		ConstraintError violating CrySL rule for javax.crypto.Mac (on Object #44e39627a201b862226d234744bcfbf4f66805006f092678c034410d647f6093)
			First parameter (with value "AES/CTR/NoPadding") should be any of {HmacSHA256, HmacSHA384, HmacSHA512, HmacPBESHA1, PBEWithHmacSHA1, PBEWithHmacSHA224, PBEWithHmacSHA256, PBEWithHmacSHA384, PBEWithHmacSHA512}
			at statement: $r3 = staticinvoke <javax.crypto.Mac: javax.crypto.Mac getInstance(java.lang.String)>($r2)


Findings in Java Class: c.c.b.a.a0.o

	 in Method: byte[] a(byte[],int)
		TypestateError violating CrySL rule for javax.crypto.Cipher (on Object #c23a6fcf5ef71915a2a79a56aabb5c0b4aff98d105945afbd43bdafe02a869e3)
			Unexpected call to method doFinal on object of type javax.crypto.Cipher. Expect a call to one of the following methods init,updateAAD
			at statement: $r1 = virtualinvoke $r4.<javax.crypto.Cipher: byte[] doFinal(byte[])>($r1)

		TypestateError violating CrySL rule for javax.crypto.Cipher (on Object #c23a6fcf5ef71915a2a79a56aabb5c0b4aff98d105945afbd43bdafe02a869e3)
			Unexpected call to method doFinal on object of type javax.crypto.Cipher. Expect a call to one of the following methods init,updateAAD
			at statement: $r7 = virtualinvoke $r4.<javax.crypto.Cipher: byte[] doFinal(byte[])>($r7)

		TypestateError violating CrySL rule for javax.crypto.Cipher (on Object #adba45cc74b0e3b0ab95bf652bc0f83f244618653909a4422cc4ab5edfa72736)
			Unexpected call to method doFinal on object of type javax.crypto.Cipher. Expect a call to one of the following methods init,updateAAD
			at statement: $r1 = virtualinvoke $r4.<javax.crypto.Cipher: byte[] doFinal(byte[])>($r1)

		TypestateError violating CrySL rule for javax.crypto.Cipher (on Object #adba45cc74b0e3b0ab95bf652bc0f83f244618653909a4422cc4ab5edfa72736)
			Unexpected call to method doFinal on object of type javax.crypto.Cipher. Expect a call to one of the following methods init,updateAAD
			at statement: $r7 = virtualinvoke $r4.<javax.crypto.Cipher: byte[] doFinal(byte[])>($r7)

		IncompleteOperationError violating CrySL rule for javax.crypto.Mac (on Object #44e39627a201b862226d234744bcfbf4f66805006f092678c034410d647f6093)
			Operation on object of type javax.crypto.Mac object not completed. Expected call to init
			at statement: $r1 = virtualinvoke $r4.<javax.crypto.Cipher: byte[] doFinal(byte[])>($r1)

		IncompleteOperationError violating CrySL rule for javax.crypto.Mac (on Object #ac9ba5f9672ed43a09eee4f4935a5cfff2a8c6f951dbf33c603ca1820a60f05c)
			Operation on object of type javax.crypto.Mac object not completed. Expected call to init
			at statement: $r1 = virtualinvoke $r4.<javax.crypto.Cipher: byte[] doFinal(byte[])>($r1)


	 in Method: void <init>(byte[])
		IncompleteOperationError violating CrySL rule for javax.crypto.Mac (on Object #44e39627a201b862226d234744bcfbf4f66805006f092678c034410d647f6093)
			Operation on object of type javax.crypto.Mac object not completed. Expected call to init
			at statement: $r1 = virtualinvoke $r5.<javax.crypto.Cipher: byte[] doFinal(byte[])>($r1)

		IncompleteOperationError violating CrySL rule for javax.crypto.Mac (on Object #ac9ba5f9672ed43a09eee4f4935a5cfff2a8c6f951dbf33c603ca1820a60f05c)
			Operation on object of type javax.crypto.Mac object not completed. Expected call to init
			at statement: $r1 = virtualinvoke $r5.<javax.crypto.Cipher: byte[] doFinal(byte[])>($r1)

		TypestateError violating CrySL rule for javax.crypto.Cipher (on Object #c23a6fcf5ef71915a2a79a56aabb5c0b4aff98d105945afbd43bdafe02a869e3)
			Unexpected call to method doFinal on object of type javax.crypto.Cipher. Expect a call to one of the following methods init,updateAAD
			at statement: $r1 = virtualinvoke $r5.<javax.crypto.Cipher: byte[] doFinal(byte[])>($r1)

		TypestateError violating CrySL rule for javax.crypto.Cipher (on Object #adba45cc74b0e3b0ab95bf652bc0f83f244618653909a4422cc4ab5edfa72736)
			Unexpected call to method doFinal on object of type javax.crypto.Cipher. Expect a call to one of the following methods init,updateAAD
			at statement: $r1 = virtualinvoke $r5.<javax.crypto.Cipher: byte[] doFinal(byte[])>($r1)

		RequiredPredicateError violating CrySL rule for javax.crypto.spec.SecretKeySpec
			First parameter was not properly generated as preparedKeyMaterial
			at statement: specialinvoke $r2.<javax.crypto.spec.SecretKeySpec: void <init>(byte[],java.lang.String)>($r1, varReplacer10616)


Findings in Java Class: c.c.b.a.a0.d

	 in Method: byte[] b(byte[],byte[])
		RequiredPredicateError violating CrySL rule for javax.crypto.spec.SecretKeySpec
			First parameter was not properly generated as preparedKeyMaterial
			at statement: specialinvoke $r8.<javax.crypto.spec.SecretKeySpec: void <init>(byte[],java.lang.String)>($r9, varReplacer3313)

		IncompleteOperationError violating CrySL rule for javax.crypto.Mac (on Object #44e39627a201b862226d234744bcfbf4f66805006f092678c034410d647f6093)
			Operation on object of type javax.crypto.Mac object not completed. Expected call to init
			at statement: $r9 = virtualinvoke $r5.<javax.crypto.Cipher: byte[] doFinal(byte[])>($r7)

		IncompleteOperationError violating CrySL rule for javax.crypto.Mac (on Object #ac9ba5f9672ed43a09eee4f4935a5cfff2a8c6f951dbf33c603ca1820a60f05c)
			Operation on object of type javax.crypto.Mac object not completed. Expected call to init
			at statement: $r9 = virtualinvoke $r5.<javax.crypto.Cipher: byte[] doFinal(byte[])>($r7)

		RequiredPredicateError violating CrySL rule for javax.crypto.Cipher
			Second parameter was not properly generated as generatedKey
			at statement: virtualinvoke $r5.<javax.crypto.Cipher: void init(int,java.security.Key,java.security.spec.AlgorithmParameterSpec)>(varReplacer3311, $r8, $r10)

		TypestateError violating CrySL rule for javax.crypto.Cipher (on Object #c23a6fcf5ef71915a2a79a56aabb5c0b4aff98d105945afbd43bdafe02a869e3)
			Unexpected call to method doFinal on object of type javax.crypto.Cipher. Expect a call to one of the following methods init,updateAAD
			at statement: $r9 = virtualinvoke $r5.<javax.crypto.Cipher: byte[] doFinal(byte[])>($r7)

		TypestateError violating CrySL rule for javax.crypto.Cipher (on Object #adba45cc74b0e3b0ab95bf652bc0f83f244618653909a4422cc4ab5edfa72736)
			Unexpected call to method doFinal on object of type javax.crypto.Cipher. Expect a call to one of the following methods init,updateAAD
			at statement: $r9 = virtualinvoke $r5.<javax.crypto.Cipher: byte[] doFinal(byte[])>($r7)

		RequiredPredicateError violating CrySL rule for javax.crypto.spec.IvParameterSpec
			First parameter was not properly generated as randomized
			at statement: specialinvoke $r10.<javax.crypto.spec.IvParameterSpec: void <init>(byte[])>($r7)


	 in Method: byte[] a(byte[],byte[])
		IncompleteOperationError violating CrySL rule for javax.crypto.Mac (on Object #44e39627a201b862226d234744bcfbf4f66805006f092678c034410d647f6093)
			Operation on object of type javax.crypto.Mac object not completed. Expected call to init
			at statement: $r1 = virtualinvoke $r5.<javax.crypto.Cipher: byte[] doFinal(byte[])>($r1)

		IncompleteOperationError violating CrySL rule for javax.crypto.Mac (on Object #ac9ba5f9672ed43a09eee4f4935a5cfff2a8c6f951dbf33c603ca1820a60f05c)
			Operation on object of type javax.crypto.Mac object not completed. Expected call to init
			at statement: $r1 = virtualinvoke $r5.<javax.crypto.Cipher: byte[] doFinal(byte[])>($r1)

		TypestateError violating CrySL rule for javax.crypto.Cipher (on Object #c23a6fcf5ef71915a2a79a56aabb5c0b4aff98d105945afbd43bdafe02a869e3)
			Unexpected call to method doFinal on object of type javax.crypto.Cipher. Expect a call to one of the following methods init,updateAAD
			at statement: $r1 = virtualinvoke $r5.<javax.crypto.Cipher: byte[] doFinal(byte[])>($r1)

		TypestateError violating CrySL rule for javax.crypto.Cipher (on Object #adba45cc74b0e3b0ab95bf652bc0f83f244618653909a4422cc4ab5edfa72736)
			Unexpected call to method doFinal on object of type javax.crypto.Cipher. Expect a call to one of the following methods init,updateAAD
			at statement: $r1 = virtualinvoke $r5.<javax.crypto.Cipher: byte[] doFinal(byte[])>($r1)

		RequiredPredicateError violating CrySL rule for javax.crypto.spec.IvParameterSpec
			First parameter was not properly generated as randomized
			at statement: specialinvoke $r10.<javax.crypto.spec.IvParameterSpec: void <init>(byte[])>($r7)

		RequiredPredicateError violating CrySL rule for javax.crypto.spec.SecretKeySpec
			First parameter was not properly generated as preparedKeyMaterial
			at statement: specialinvoke $r8.<javax.crypto.spec.SecretKeySpec: void <init>(byte[],java.lang.String)>($r9, varReplacer1744)


Findings in Java Class: c.c.b.a.a0.l$a

	 in Method: java.lang.Object a(java.lang.String,java.security.Provider)
		ConstraintError violating CrySL rule for javax.crypto.Cipher (on Object #c23a6fcf5ef71915a2a79a56aabb5c0b4aff98d105945afbd43bdafe02a869e3)
			First parameter (with value "AES/ECB/NoPadding") should be any of AES/{CBC, GCM, PCBC, CTR, CTS, CFB, OFB}
			at statement: $r3 = staticinvoke <javax.crypto.Cipher: javax.crypto.Cipher getInstance(java.lang.String,java.security.Provider)>($r2, $r1)

		ConstraintError violating CrySL rule for javax.crypto.Cipher (on Object #adba45cc74b0e3b0ab95bf652bc0f83f244618653909a4422cc4ab5edfa72736)
			First parameter (with value "AES/ECB/NoPadding") should be any of AES/{CBC, GCM, PCBC, CTR, CTS, CFB, OFB}
			at statement: $r3 = staticinvoke <javax.crypto.Cipher: javax.crypto.Cipher getInstance(java.lang.String)>($r2)


Findings in Java Class: c.c.b.a.v.a.c$a

	 in Method: void <init>()
		ConstraintError violating CrySL rule for java.security.KeyStore (on Object #138a03cd57a95cbe78e66afaa9530fd669b474a1e073054b2a47d3e9163e806c)
			First parameter (with value "AndroidKeyStore") should be any of {JCEKS, JKS, DKS, PKCS11, PKCS12}
			at statement: $r1 = staticinvoke <java.security.KeyStore: java.security.KeyStore getInstance(java.lang.String)>(varReplacer8066)


Findings in Java Class: c.c.b.a.w.b$a

	 in Method: java.lang.Object a(java.lang.Object)
		RequiredPredicateError violating CrySL rule for javax.crypto.spec.SecretKeySpec
			First parameter was not properly generated as preparedKeyMaterial
			at statement: specialinvoke $r1.<javax.crypto.spec.SecretKeySpec: void <init>(byte[],java.lang.String)>($r7, varReplacer8636)

		ConstraintError violating CrySL rule for javax.crypto.spec.SecretKeySpec (on Object #c8ae4fd37fff10c898430974f2f44198f0b63caba2b63f3137498e7ff4944d41)
			Second parameter (with value "HMAC") should be any of {AES, HmacSHA256, HmacSHA384, HmacSHA512}
			at statement: specialinvoke $r1.<javax.crypto.spec.SecretKeySpec: void <init>(byte[],java.lang.String)>($r7, varReplacer8636)


Findings in Java Class: c.c.b.a.a0.b

	 in Method: byte[] b(byte[],byte[])
		RequiredPredicateError violating CrySL rule for javax.crypto.spec.IvParameterSpec
			First parameter was not properly generated as randomized
			at statement: specialinvoke $r9.<javax.crypto.spec.IvParameterSpec: void <init>(byte[])>($r7)


	 in Method: byte[] a(byte[],byte[])
		RequiredPredicateError violating CrySL rule for javax.crypto.spec.IvParameterSpec
			First parameter was not properly generated as randomized
			at statement: specialinvoke $r10.<javax.crypto.spec.IvParameterSpec: void <init>(byte[])>($r4)


	 in Method: void <init>(byte[],int)
		RequiredPredicateError violating CrySL rule for javax.crypto.spec.SecretKeySpec
			First parameter was not properly generated as preparedKeyMaterial
			at statement: specialinvoke $r3.<javax.crypto.spec.SecretKeySpec: void <init>(byte[],java.lang.String)>($r1, varReplacer10611)


Findings in Java Class: c.c.b.a.a0.c

	 in Method: java.security.spec.AlgorithmParameterSpec c(byte[],int,int)
		RequiredPredicateError violating CrySL rule for javax.crypto.spec.IvParameterSpec
			First parameter was not properly generated as randomized
			at statement: specialinvoke $r6.<javax.crypto.spec.IvParameterSpec: void <init>(byte[],int,int)>($r0, $i0, $i1)

		RequiredPredicateError violating CrySL rule for javax.crypto.spec.GCMParameterSpec
			Second parameter was not properly generated as randomized
			at statement: specialinvoke $r7.<javax.crypto.spec.GCMParameterSpec: void <init>(int,byte[],int,int)>(varReplacer1559, $r0, $i0, $i1)


	 in Method: void <init>(byte[])
		RequiredPredicateError violating CrySL rule for javax.crypto.spec.SecretKeySpec
			First parameter was not properly generated as preparedKeyMaterial
			at statement: specialinvoke $r2.<javax.crypto.spec.SecretKeySpec: void <init>(byte[],java.lang.String)>($r1, varReplacer10605)


Findings in Java Class: c.c.b.a.t.m.a

	 in Method: java.security.spec.AlgorithmParameterSpec c(byte[],int,int)
		RequiredPredicateError violating CrySL rule for javax.crypto.spec.GCMParameterSpec
			Second parameter was not properly generated as randomized
			at statement: specialinvoke $r2.<javax.crypto.spec.GCMParameterSpec: void <init>(int,byte[],int,int)>(varReplacer1560, $r1, $i1, $i0)

		RequiredPredicateError violating CrySL rule for javax.crypto.spec.IvParameterSpec
			First parameter was not properly generated as randomized
			at statement: specialinvoke $r3.<javax.crypto.spec.IvParameterSpec: void <init>(byte[],int,int)>($r1, $i1, $i0)


	 in Method: void <init>(byte[])
		RequiredPredicateError violating CrySL rule for javax.crypto.spec.SecretKeySpec
			First parameter was not properly generated as preparedKeyMaterial
			at statement: specialinvoke $r2.<javax.crypto.spec.SecretKeySpec: void <init>(byte[],java.lang.String)>($r1, varReplacer10604)


Findings in Java Class: c.c.b.a.a0.a

	 in Method: void c(byte[],int,int,byte[],int,byte[],boolean)
		RequiredPredicateError violating CrySL rule for javax.crypto.spec.IvParameterSpec
			First parameter was not properly generated as randomized
			at statement: specialinvoke $r8.<javax.crypto.spec.IvParameterSpec: void <init>(byte[])>($r7)


	 in Method: void <init>(byte[],int)
		RequiredPredicateError violating CrySL rule for javax.crypto.spec.SecretKeySpec
			First parameter was not properly generated as preparedKeyMaterial
			at statement: specialinvoke $r2.<javax.crypto.spec.SecretKeySpec: void <init>(byte[],java.lang.String)>($r1, varReplacer10609)


Findings in Java Class: c.c.b.a.v.a.b

	 in Method: byte[] d(byte[],byte[])
		RequiredPredicateError violating CrySL rule for javax.crypto.Cipher
			Second parameter was not properly generated as generatedKey
			at statement: virtualinvoke $r4.<javax.crypto.Cipher: void init(int,java.security.Key)>(varReplacer3297, $r5)


	 in Method: byte[] c(byte[],byte[])
		RequiredPredicateError violating CrySL rule for javax.crypto.Cipher
			Third parameter was not properly generated as preparedGCM
			at statement: virtualinvoke $r5.<javax.crypto.Cipher: void init(int,java.security.Key,java.security.spec.AlgorithmParameterSpec)>(varReplacer2880, $r1, $r4)

		RequiredPredicateError violating CrySL rule for javax.crypto.Cipher
			Second parameter was not properly generated as generatedKey
			at statement: virtualinvoke $r5.<javax.crypto.Cipher: void init(int,java.security.Key,java.security.spec.AlgorithmParameterSpec)>(varReplacer2880, $r1, $r4)

		RequiredPredicateError violating CrySL rule for javax.crypto.spec.GCMParameterSpec
			Second parameter was not properly generated as randomized
			at statement: specialinvoke $r4.<javax.crypto.spec.GCMParameterSpec: void <init>(int,byte[],int,int)>(varReplacer2882, $r2, varReplacer2883, varReplacer2884)


======================= CryptoAnalysis Summary ==========================
	Number of CrySL rules: 49
	Number of Objects Analyzed: 47

	CryptoAnalysis found the following violations. For details see description above.
	IncompleteOperationError: 8
	ConstraintError: 12
	TypestateError: 10
	RequiredPredicateError: 22
=====================================================================
