1    [main] WARN  pes.access.impl.DeclaredTypeFactory  - --- xtext.common.types ---------------------------------------------------
1    [main] WARN  pes.access.impl.DeclaredTypeFactory  - ASM library is too old. Falling back to java.lang.reflect API.
1    [main] WARN  pes.access.impl.DeclaredTypeFactory  - Please note that no information about compile time constants is available.
1    [main] WARN  pes.access.impl.DeclaredTypeFactory  - It's recommended to use org.objectweb.asm 9.1.0 or better (Maven group id: org.ow2.asm).
1    [main] WARN  pes.access.impl.DeclaredTypeFactory  - --------------------------------------------------------------------------
Ruleset: 
	java.security.cert.TrustAnchor
	javax.crypto.spec.GCMParameterSpec
	javax.xml.crypto.dsig.spec.HMACParameterSpec
	java.security.KeyPair
	java.security.DigestOutputStream
	javax.net.ssl.KeyStoreBuilderParameters
	javax.crypto.spec.OAEPParameterSpec
	javax.net.ssl.SSLContext
	javax.crypto.spec.DHGenParameterSpec
	javax.crypto.CipherOutputStream
	java.security.Key
	javax.crypto.SecretKeyFactory
	java.security.cert.PKIXBuilderParameters
	java.security.KeyFactory
	javax.crypto.spec.PBEKeySpec
	java.security.spec.DSAGenParameterSpec
	java.security.KeyPairGenerator
	javax.crypto.CipherInputStream
	javax.net.ssl.CertPathTrustManagerParameters
	java.security.cert.CertificateFactory
	java.security.SecureRandom
	java.security.spec.MGF1ParameterSpec
	javax.net.ssl.SSLEngine
	javax.crypto.spec.DHParameterSpec
	java.security.spec.DSAParameterSpec
	java.security.spec.ECParameterSpec
	java.security.spec.RSAKeyGenParameterSpec
	javax.crypto.spec.IvParameterSpec
	javax.crypto.Cipher
	javax.crypto.spec.PBEParameterSpec
	java.security.AlgorithmParameterGenerator
	java.security.spec.X509EncodedKeySpec
	javax.net.ssl.TrustManagerFactory
	java.security.DigestInputStream
	void
	javax.net.ssl.KeyManagerFactory
	java.security.cert.PKIXParameters
	java.net.PasswordAuthentication
	java.security.AlgorithmParameters
	javax.crypto.KeyAgreement
	javax.crypto.spec.SecretKeySpec
	javax.net.ssl.SSLParameters
	java.security.MessageDigest
	javax.crypto.SecretKey
	javax.crypto.KeyGenerator
	java.security.KeyStore
	javax.crypto.Mac
	java.security.spec.ECGenParameterSpec
	java.security.Signature

Analyzed Objects: 
	Object:
		Variable: $r4
		Type: javax.net.ssl.TrustManager[]
		Statement: $r4 = virtualinvoke $r3.<javax.net.ssl.TrustManagerFactory: javax.net.ssl.TrustManager[] getTrustManagers()>()
		Method: <okhttp3.internal.platform.OpenJSSEPlatform: javax.net.ssl.X509TrustManager platformTrustManager()>
		SHA-256: a729cfd5669df603070b7ba7d05b524b10a048ab1da974a5ccb1df973521b7d3
		Secure: false
	Object:
		Variable: $r4
		Type: java.security.MessageDigest
		Statement: $r4 = staticinvoke <java.security.MessageDigest: java.security.MessageDigest getInstance(java.lang.String)>(varReplacer15581)
		Method: <net.sf.sevenzipjbinding.SevenZip: boolean hashMatched(java.io.File,java.lang.String)>
		SHA-256: 7a1522a9205ccab00454778d57e01ad0e98953db7144397addfe019a4968a00
		Secure: false
	Object:
		Variable: $r1
		Type: javax.net.ssl.SSLContext
		Statement: $r1 = staticinvoke <javax.net.ssl.SSLContext: javax.net.ssl.SSLContext getInstance(java.lang.String,java.security.Provider)>(varReplacer23868, $r2)
		Method: <okhttp3.internal.platform.ConscryptPlatform: javax.net.ssl.SSLContext newSSLContext()>
		SHA-256: 1b8cbc8e64df4a382a5d05565582a93c51d511cf2c58f4138130573a06d9e035
		Secure: false
	Object:
		Variable: $r1
		Type: java.security.MessageDigest
		Statement: $r1 = staticinvoke <java.security.MessageDigest: java.security.MessageDigest getInstance(java.lang.String)>(varReplacer39296)
		Method: <com.bumptech.glide.load.engine.cache.SafeKeyGenerator$1: com.bumptech.glide.load.engine.cache.SafeKeyGenerator$PoolableDigestContainer create()>
		SHA-256: 81acca4bc05bbb39a24ed9591e89261f9f3db9cacfe026461dc11e16a8628498
		Secure: true
	Object:
		Variable: $r2
		Type: javax.net.ssl.TrustManagerFactory
		Statement: $r2 = staticinvoke <javax.net.ssl.TrustManagerFactory: javax.net.ssl.TrustManagerFactory getInstance(java.lang.String)>($r1)
		Method: <okhttp3.internal.platform.Platform: javax.net.ssl.X509TrustManager platformTrustManager()>
		SHA-256: 5fb6984969c8c0f60ee84399ef18a49aa63648c889757c4080685ad119ecd903
		Secure: false
	Object:
		Variable: $r7
		Type: java.security.cert.CertificateFactory
		Statement: $r7 = staticinvoke <java.security.cert.CertificateFactory: java.security.cert.CertificateFactory getInstance(java.lang.String)>(varReplacer40519)
		Method: <okhttp3.Cache$Entry: java.util.List readCertificateList(okio.BufferedSource)>
		SHA-256: ca7da4a2ef6cdfbad2239a981780061926ad97e3a09aa319dba070145c0a1889
		Secure: false
	Object:
		Variable: $r3
		Type: byte[]
		Statement: $r3 = virtualinvoke $r2.<java.security.MessageDigest: byte[] digest()>()
		Method: <okio.ByteString: okio.ByteString digest$okio(java.lang.String)>
		SHA-256: 9f3ba3dd35bfd88a8457060cd59e6e65af87cbea3e5170b1e5d11a5dc2171423
		Secure: false
	Object:
		Variable: $r3
		Type: javax.net.ssl.TrustManagerFactory
		Statement: $r3 = staticinvoke <javax.net.ssl.TrustManagerFactory: javax.net.ssl.TrustManagerFactory getInstance(java.lang.String,java.security.Provider)>($r1, $r2)
		Method: <okhttp3.internal.platform.OpenJSSEPlatform: javax.net.ssl.X509TrustManager platformTrustManager()>
		SHA-256: 1027fce20723454b26980f38c5edb26bcec19bffa5b6443c75459b577c51d460
		Secure: false
	Object:
		Variable: $r1
		Type: javax.net.ssl.TrustManagerFactory
		Statement: $r1 = staticinvoke <javax.net.ssl.TrustManagerFactory: javax.net.ssl.TrustManagerFactory getInstance(java.lang.String,java.lang.String)>(varReplacer16915, varReplacer16916)
		Method: <okhttp3.internal.platform.BouncyCastlePlatform: javax.net.ssl.X509TrustManager platformTrustManager()>
		SHA-256: 870a7a5ef729cfe7eb8919762c180b7cd00238c5a04d8afd9bc13247a9c8361a
		Secure: false
	Object:
		Variable: $r3
		Type: javax.net.ssl.TrustManager[]
		Statement: $r3 = virtualinvoke $r2.<javax.net.ssl.TrustManagerFactory: javax.net.ssl.TrustManager[] getTrustManagers()>()
		Method: <okhttp3.internal.platform.Platform: javax.net.ssl.X509TrustManager platformTrustManager()>
		SHA-256: c3dcfb07eabeaead2afa7b41e33d56187e303e14a7184c21b7bac99836f2c278
		Secure: false
	Object:
		Variable: $r3
		Type: javax.net.ssl.TrustManager[]
		Statement: $r3 = virtualinvoke $r2.<javax.net.ssl.TrustManagerFactory: javax.net.ssl.TrustManager[] getTrustManagers()>()
		Method: <okhttp3.internal.platform.ConscryptPlatform: javax.net.ssl.X509TrustManager platformTrustManager()>
		SHA-256: 15a76129680a3cd57380001c355c828c5afc3ba9ce32fff65b352ff3390bbd6
		Secure: false
	Object:
		Variable: $r1
		Type: javax.net.ssl.SSLContext
		Statement: $r1 = staticinvoke <javax.net.ssl.SSLContext: javax.net.ssl.SSLContext getInstance(java.lang.String,java.security.Provider)>(varReplacer23875, $r2)
		Method: <okhttp3.internal.platform.BouncyCastlePlatform: javax.net.ssl.SSLContext newSSLContext()>
		SHA-256: 6a9023040aae04ac3ce2586837f0fbf9d99c5b58c999addfa78e3d0832983355
		Secure: false
	Object:
		Variable: $r2
		Type: javax.net.ssl.TrustManager[]
		Statement: $r2 = virtualinvoke $r1.<javax.net.ssl.TrustManagerFactory: javax.net.ssl.TrustManager[] getTrustManagers()>()
		Method: <okhttp3.internal.platform.BouncyCastlePlatform: javax.net.ssl.X509TrustManager platformTrustManager()>
		SHA-256: 84f17b7e3930c76e2b174d27b9668ee8d3209ae5512e2c539d541e6ef4265515
		Secure: false
	Object:
		Variable: $r2
		Type: javax.net.ssl.TrustManagerFactory
		Statement: $r2 = staticinvoke <javax.net.ssl.TrustManagerFactory: javax.net.ssl.TrustManagerFactory getInstance(java.lang.String)>($r1)
		Method: <okhttp3.internal.platform.ConscryptPlatform: javax.net.ssl.X509TrustManager platformTrustManager()>
		SHA-256: 316cbc86e080130334eaabd60025d96084375d0058312a103cd3255ba6f0aeb
		Secure: false
	Object:
		Variable: $r2
		Type: java.security.MessageDigest
		Statement: $r2 = staticinvoke <java.security.MessageDigest: java.security.MessageDigest getInstance(java.lang.String)>($r1)
		Method: <okio.SegmentedByteString: okio.ByteString digest$okio(java.lang.String)>
		SHA-256: 6c960e488f21ae2f1d37981b7f790ff5823030d9f242d798118968e0f93ba357
		Secure: false
	Object:
		Variable: $r1
		Type: javax.net.ssl.SSLContext
		Statement: $r1 = staticinvoke <javax.net.ssl.SSLContext: javax.net.ssl.SSLContext getInstance(java.lang.String,java.security.Provider)>(varReplacer23872, $r2)
		Method: <okhttp3.internal.platform.OpenJSSEPlatform: javax.net.ssl.SSLContext newSSLContext()>
		SHA-256: 3c817aabe592457331ded8f899255aa2ccac0f5c1526a55b0da19fdb351e41b4
		Secure: false
	Object:
		Variable: $r5
		Type: byte[]
		Statement: $r5 = virtualinvoke $r2.<java.security.MessageDigest: byte[] digest()>()
		Method: <okio.SegmentedByteString: okio.ByteString digest$okio(java.lang.String)>
		SHA-256: 9d21c3f9e3f612ea7264d21dc14a8967f32993fff60292ad252f8676282c7571
		Secure: false
	Object:
		Variable: $r2
		Type: java.security.MessageDigest
		Statement: $r2 = staticinvoke <java.security.MessageDigest: java.security.MessageDigest getInstance(java.lang.String)>($r1)
		Method: <okio.ByteString: okio.ByteString digest$okio(java.lang.String)>
		SHA-256: ea0840b94e95f767ea25aa35611d3fdb379cdb84c49be399c4ff7525b48fb7fc
		Secure: false
	Object:
		Variable: $r6
		Type: byte[]
		Statement: $r6 = virtualinvoke $r4.<java.security.MessageDigest: byte[] digest()>()
		Method: <net.sf.sevenzipjbinding.SevenZip: boolean hashMatched(java.io.File,java.lang.String)>
		SHA-256: 32d2ba433c62de363dc28d81590ca2b1d41436739cfdd1592eb069e5498e6011
		Secure: false
	Object:
		Variable: $r1
		Type: javax.net.ssl.SSLContext
		Statement: $r1 = staticinvoke <javax.net.ssl.SSLContext: javax.net.ssl.SSLContext getInstance(java.lang.String)>(varReplacer23871)
		Method: <okhttp3.internal.platform.Platform: javax.net.ssl.SSLContext newSSLContext()>
		SHA-256: 86bb9c19815684be65e9f2c58a61b1dcd8d7156d68bfa6cb5c5437a7611b6f49
		Secure: false

Findings in Java Class: net.sf.sevenzipjbinding.SevenZip

	 in Method: boolean hashMatched(java.io.File,java.lang.String)
		ConstraintError violating CrySL rule for java.security.MessageDigest (on Object #7a1522a9205ccab00454778d57e01ad0e98953db7144397addfe019a4968a00)
			First parameter (with value "SHA1") should be any of {SHA-256, SHA-384, SHA-512}
			at statement: $r4 = staticinvoke <java.security.MessageDigest: java.security.MessageDigest getInstance(java.lang.String)>(varReplacer15581)

		TypestateError violating CrySL rule for java.security.MessageDigest (on Object #7a1522a9205ccab00454778d57e01ad0e98953db7144397addfe019a4968a00)
			Unexpected call to method <java.security.MessageDigest: byte[] digest()> on object of type java.security.MessageDigest. Expect a call to one of the following methods java.security.MessageDigest: void update(byte[],int,int),java.security.MessageDigest: void update(java.nio.ByteBuffer),java.security.MessageDigest: byte[] digest(byte[]),java.security.MessageDigest: void update(byte),java.security.MessageDigest: void update(byte[])
			at statement: $r6 = virtualinvoke $r4.<java.security.MessageDigest: byte[] digest()>()


Findings in Java Class: okhttp3.internal.platform.ConscryptPlatform

	 in Method: javax.net.ssl.SSLContext newSSLContext()
		ConstraintError violating CrySL rule for javax.net.ssl.SSLContext (on Object #1b8cbc8e64df4a382a5d05565582a93c51d511cf2c58f4138130573a06d9e035)
			First parameter (with value "TLS") should be any of {TLSv1.2, TLSv1.3}
			at statement: $r1 = staticinvoke <javax.net.ssl.SSLContext: javax.net.ssl.SSLContext getInstance(java.lang.String,java.security.Provider)>(varReplacer23868, $r2)


	 in Method: javax.net.ssl.SSLSocketFactory newSslSocketFactory(javax.net.ssl.X509TrustManager)
		RequiredPredicateError violating CrySL rule for javax.net.ssl.SSLContext
			Third parameter was not properly generated as randomized
			at statement: virtualinvoke $r2.<javax.net.ssl.SSLContext: void init(javax.net.ssl.KeyManager[],javax.net.ssl.TrustManager[],java.security.SecureRandom)>(varReplacer16921, $r5, varReplacer16921)


	 in Method: javax.net.ssl.X509TrustManager platformTrustManager()
		RequiredPredicateError violating CrySL rule for javax.net.ssl.TrustManagerFactory
			First parameter was not properly generated as generatedKeyStore
			at statement: virtualinvoke $r2.<javax.net.ssl.TrustManagerFactory: void init(java.security.KeyStore)>(varReplacer16901)


Findings in Java Class: okhttp3.internal.platform.Platform

	 in Method: javax.net.ssl.SSLContext newSSLContext()
		ConstraintError violating CrySL rule for javax.net.ssl.SSLContext (on Object #86bb9c19815684be65e9f2c58a61b1dcd8d7156d68bfa6cb5c5437a7611b6f49)
			First parameter (with value "TLS") should be any of {TLSv1.2, TLSv1.3}
			at statement: $r1 = staticinvoke <javax.net.ssl.SSLContext: javax.net.ssl.SSLContext getInstance(java.lang.String)>(varReplacer23871)


	 in Method: javax.net.ssl.SSLSocketFactory newSslSocketFactory(javax.net.ssl.X509TrustManager)
		RequiredPredicateError violating CrySL rule for javax.net.ssl.SSLContext
			Second parameter was not properly generated as generatedTrustManagers
			at statement: virtualinvoke $r2.<javax.net.ssl.SSLContext: void init(javax.net.ssl.KeyManager[],javax.net.ssl.TrustManager[],java.security.SecureRandom)>(varReplacer16925, $r10, varReplacer16925)

		RequiredPredicateError violating CrySL rule for javax.net.ssl.SSLContext
			First parameter was not properly generated as generatedKeyManagers
			at statement: virtualinvoke $r2.<javax.net.ssl.SSLContext: void init(javax.net.ssl.KeyManager[],javax.net.ssl.TrustManager[],java.security.SecureRandom)>(varReplacer16925, $r10, varReplacer16925)

		RequiredPredicateError violating CrySL rule for javax.net.ssl.SSLContext
			Third parameter was not properly generated as randomized
			at statement: virtualinvoke $r2.<javax.net.ssl.SSLContext: void init(javax.net.ssl.KeyManager[],javax.net.ssl.TrustManager[],java.security.SecureRandom)>(varReplacer16925, $r10, varReplacer16925)


	 in Method: javax.net.ssl.X509TrustManager platformTrustManager()
		RequiredPredicateError violating CrySL rule for javax.net.ssl.TrustManagerFactory
			First parameter was not properly generated as generatedKeyStore
			at statement: virtualinvoke $r2.<javax.net.ssl.TrustManagerFactory: void init(java.security.KeyStore)>(varReplacer16905)


Findings in Java Class: okhttp3.internal.platform.BouncyCastlePlatform

	 in Method: javax.net.ssl.SSLContext newSSLContext()
		ConstraintError violating CrySL rule for javax.net.ssl.SSLContext (on Object #6a9023040aae04ac3ce2586837f0fbf9d99c5b58c999addfa78e3d0832983355)
			First parameter (with value "TLS") should be any of {TLSv1.2, TLSv1.3}
			at statement: $r1 = staticinvoke <javax.net.ssl.SSLContext: javax.net.ssl.SSLContext getInstance(java.lang.String,java.security.Provider)>(varReplacer23875, $r2)


	 in Method: javax.net.ssl.X509TrustManager platformTrustManager()
		RequiredPredicateError violating CrySL rule for javax.net.ssl.TrustManagerFactory
			First parameter was not properly generated as generatedKeyStore
			at statement: virtualinvoke $r1.<javax.net.ssl.TrustManagerFactory: void init(java.security.KeyStore)>(varReplacer16914)


Findings in Java Class: okhttp3.Cache$Entry

	 in Method: java.util.List readCertificateList(okio.BufferedSource)
		IncompleteOperationError violating CrySL rule for java.security.cert.CertificateFactory (on Object #ca7da4a2ef6cdfbad2239a981780061926ad97e3a09aa319dba070145c0a1889)
			Operation on object of type java.security.cert.CertificateFactory object not completed. Expected call to generateCertPath, generateCertificate, generateCRL
			at statement: $r7 = staticinvoke <java.security.cert.CertificateFactory: java.security.cert.CertificateFactory getInstance(java.lang.String)>(varReplacer40519)

		TypestateError violating CrySL rule for java.security.cert.CertificateFactory (on Object #ca7da4a2ef6cdfbad2239a981780061926ad97e3a09aa319dba070145c0a1889)
			Unexpected call to method generateCertificate on object of type java.security.cert.CertificateFactory. Expect a call to one of the following methods generateCRL
			at statement: $r11 = virtualinvoke $r7.<java.security.cert.CertificateFactory: java.security.cert.Certificate generateCertificate(java.io.InputStream)>($r10)

		IncompleteOperationError violating CrySL rule for java.security.cert.CertificateFactory (on Object #ca7da4a2ef6cdfbad2239a981780061926ad97e3a09aa319dba070145c0a1889)
			Operation on object of type java.security.cert.CertificateFactory object not completed. Expected call to generateCertPath, generateCRL, java.security.cert.CertificateFactory: java.security.cert.Certificate generateCertificate(java.io.InputStream)
			at statement: $r11 = virtualinvoke $r7.<java.security.cert.CertificateFactory: java.security.cert.Certificate generateCertificate(java.io.InputStream)>($r10)


Findings in Java Class: okio.ByteString

	 in Method: okio.ByteString digest$okio(java.lang.String)
		ConstraintError violating CrySL rule for java.security.MessageDigest (on Object #ea0840b94e95f767ea25aa35611d3fdb379cdb84c49be399c4ff7525b48fb7fc)
			First parameter (with value "MD5") should be any of {SHA-256, SHA-384, SHA-512}
			at statement: $r2 = staticinvoke <java.security.MessageDigest: java.security.MessageDigest getInstance(java.lang.String)>($r1)

		ConstraintError violating CrySL rule for java.security.MessageDigest (on Object #ea0840b94e95f767ea25aa35611d3fdb379cdb84c49be399c4ff7525b48fb7fc)
			First parameter (with value "SHA-1") should be any of {SHA-256, SHA-384, SHA-512}
			at statement: $r2 = staticinvoke <java.security.MessageDigest: java.security.MessageDigest getInstance(java.lang.String)>($r1)


Findings in Java Class: okio.SegmentedByteString

	 in Method: okio.ByteString digest$okio(java.lang.String)
		ConstraintError violating CrySL rule for java.security.MessageDigest (on Object #6c960e488f21ae2f1d37981b7f790ff5823030d9f242d798118968e0f93ba357)
			First parameter (with value "MD5") should be any of {SHA-256, SHA-384, SHA-512}
			at statement: $r2 = staticinvoke <java.security.MessageDigest: java.security.MessageDigest getInstance(java.lang.String)>($r1)

		TypestateError violating CrySL rule for java.security.MessageDigest (on Object #6c960e488f21ae2f1d37981b7f790ff5823030d9f242d798118968e0f93ba357)
			Unexpected call to method <java.security.MessageDigest: byte[] digest()> on object of type java.security.MessageDigest. Expect a call to one of the following methods java.security.MessageDigest: void update(byte[],int,int),java.security.MessageDigest: void update(java.nio.ByteBuffer),java.security.MessageDigest: byte[] digest(byte[]),java.security.MessageDigest: void update(byte),java.security.MessageDigest: void update(byte[])
			at statement: $r5 = virtualinvoke $r2.<java.security.MessageDigest: byte[] digest()>()

		ConstraintError violating CrySL rule for java.security.MessageDigest (on Object #6c960e488f21ae2f1d37981b7f790ff5823030d9f242d798118968e0f93ba357)
			First parameter (with value "SHA-1") should be any of {SHA-256, SHA-384, SHA-512}
			at statement: $r2 = staticinvoke <java.security.MessageDigest: java.security.MessageDigest getInstance(java.lang.String)>($r1)


Findings in Java Class: okhttp3.internal.platform.OpenJSSEPlatform

	 in Method: javax.net.ssl.X509TrustManager platformTrustManager()
		RequiredPredicateError violating CrySL rule for javax.net.ssl.TrustManagerFactory
			First parameter was not properly generated as generatedKeyStore
			at statement: virtualinvoke $r3.<javax.net.ssl.TrustManagerFactory: void init(java.security.KeyStore)>(varReplacer16909)


======================= CryptoAnalysis Summary ==========================
	Number of CrySL rules: 49
	Number of Objects Analyzed: 20

	CryptoAnalysis found the following violations. For details see description above.
	RequiredPredicateError: 8
	TypestateError: 3
	IncompleteOperationError: 2
	ConstraintError: 8
=====================================================================
