0    [main] WARN  pes.access.impl.DeclaredTypeFactory  - --- xtext.common.types ---------------------------------------------------
1    [main] WARN  pes.access.impl.DeclaredTypeFactory  - ASM library is too old. Falling back to java.lang.reflect API.
1    [main] WARN  pes.access.impl.DeclaredTypeFactory  - Please note that no information about compile time constants is available.
1    [main] WARN  pes.access.impl.DeclaredTypeFactory  - It's recommended to use org.objectweb.asm 9.1.0 or better (Maven group id: org.ow2.asm).
1    [main] WARN  pes.access.impl.DeclaredTypeFactory  - --------------------------------------------------------------------------
Ruleset: 
	java.security.cert.TrustAnchor
	javax.crypto.spec.GCMParameterSpec
	javax.xml.crypto.dsig.spec.HMACParameterSpec
	java.security.KeyPair
	java.security.DigestOutputStream
	javax.net.ssl.KeyStoreBuilderParameters
	javax.crypto.spec.OAEPParameterSpec
	javax.net.ssl.SSLContext
	javax.crypto.spec.DHGenParameterSpec
	javax.crypto.CipherOutputStream
	java.security.Key
	javax.crypto.SecretKeyFactory
	java.security.cert.PKIXBuilderParameters
	java.security.KeyFactory
	javax.crypto.spec.PBEKeySpec
	java.security.spec.DSAGenParameterSpec
	java.security.KeyPairGenerator
	javax.crypto.CipherInputStream
	javax.net.ssl.CertPathTrustManagerParameters
	java.security.cert.CertificateFactory
	java.security.SecureRandom
	java.security.spec.MGF1ParameterSpec
	javax.net.ssl.SSLEngine
	javax.crypto.spec.DHParameterSpec
	java.security.spec.DSAParameterSpec
	java.security.spec.ECParameterSpec
	java.security.spec.RSAKeyGenParameterSpec
	javax.crypto.spec.IvParameterSpec
	javax.crypto.Cipher
	javax.crypto.spec.PBEParameterSpec
	java.security.AlgorithmParameterGenerator
	java.security.spec.X509EncodedKeySpec
	javax.net.ssl.TrustManagerFactory
	java.security.DigestInputStream
	void
	javax.net.ssl.KeyManagerFactory
	java.security.cert.PKIXParameters
	java.net.PasswordAuthentication
	java.security.AlgorithmParameters
	javax.crypto.KeyAgreement
	javax.crypto.spec.SecretKeySpec
	javax.net.ssl.SSLParameters
	java.security.MessageDigest
	javax.crypto.SecretKey
	javax.crypto.KeyGenerator
	java.security.KeyStore
	javax.crypto.Mac
	java.security.spec.ECGenParameterSpec
	java.security.Signature

Analyzed Objects: 
	Object:
		Variable: $r6
		Type: java.security.KeyStore
		Statement: $r6 = staticinvoke <java.security.KeyStore: java.security.KeyStore getInstance(java.lang.String)>($r5)
		Method: <org.tomdroid.sync.web.MySSLSocketFactory: org.apache.http.impl.client.DefaultHttpClient getNewHttpClient()>
		SHA-256: 5fa1976a0b71942c58f390b5d7a750662641c452581bc8a9b7dfca6442fbf576
		Secure: true
	Object:
		Variable: $r12
		Type: javax.crypto.spec.SecretKeySpec
		Statement: specialinvoke $r12.<javax.crypto.spec.SecretKeySpec: void <init>(byte[],java.lang.String)>($r6, varReplacer2179)
		Method: <oauth.signpost.signature.HmacSha1MessageSigner: java.lang.String sign(oauth.signpost.http.HttpRequest,oauth.signpost.http.HttpParameters)>
		SHA-256: 66c9eb21b8e3ce3d61fdd5b92baf300273a91af8f409da5b38017076f24f251a
		Secure: false
	Object:
		Variable: $r7
		Type: javax.crypto.Mac
		Statement: $r7 = staticinvoke <javax.crypto.Mac: javax.crypto.Mac getInstance(java.lang.String)>(varReplacer2180)
		Method: <oauth.signpost.signature.HmacSha1MessageSigner: java.lang.String sign(oauth.signpost.http.HttpRequest,oauth.signpost.http.HttpParameters)>
		SHA-256: 7bfaa44c2479a556be7cc5a01d0bd98716032670f10590331ed08c926cecfc36
		Secure: false
	Object:
		Variable: $r6
		Type: byte[]
		Statement: $r6 = virtualinvoke $r7.<javax.crypto.Mac: byte[] doFinal(byte[])>($r6)
		Method: <oauth.signpost.signature.HmacSha1MessageSigner: java.lang.String sign(oauth.signpost.http.HttpRequest,oauth.signpost.http.HttpParameters)>
		SHA-256: af588f5518a135c2a7148f74ec340c3a6a36fde9198577f878ff5b071f829122
		Secure: false
	Object:
		Variable: $r2
		Type: javax.net.ssl.SSLContext
		Statement: $r2 = staticinvoke <javax.net.ssl.SSLContext: javax.net.ssl.SSLContext getInstance(java.lang.String)>(varReplacer2049)
		Method: <org.tomdroid.sync.web.MySSLSocketFactory: void <init>(java.security.KeyStore)>
		SHA-256: 2b1085688e0c8991d5aca4aacd9bb2c44b94f7e09a535aee5b6a11da2624e5c0
		Secure: false
	Object:
		Variable: varReplacer2179
		Type: java.lang.String
		Statement: specialinvoke $r12.<javax.crypto.spec.SecretKeySpec: void <init>(byte[],java.lang.String)>($r6, varReplacer2179)
		Method: <oauth.signpost.signature.HmacSha1MessageSigner: java.lang.String sign(oauth.signpost.http.HttpRequest,oauth.signpost.http.HttpParameters)>
		SHA-256: 7dc5311416c340d08bf247f4a6f59a80a5f2ce7ec1a2aaae1476f1b37812e224
		Secure: false

Findings in Java Class: org.tomdroid.sync.web.MySSLSocketFactory

	 in Method: void <init>(java.security.KeyStore)
		RequiredPredicateError violating CrySL rule for javax.net.ssl.SSLContext
			Second parameter was not properly generated as generatedTrustManagers
			at statement: virtualinvoke $r2.<javax.net.ssl.SSLContext: void init(javax.net.ssl.KeyManager[],javax.net.ssl.TrustManager[],java.security.SecureRandom)>(varReplacer2047, $r5, varReplacer2047)

		RequiredPredicateError violating CrySL rule for javax.net.ssl.SSLContext
			Third parameter was not properly generated as randomized
			at statement: virtualinvoke $r2.<javax.net.ssl.SSLContext: void init(javax.net.ssl.KeyManager[],javax.net.ssl.TrustManager[],java.security.SecureRandom)>(varReplacer2047, $r5, varReplacer2047)

		RequiredPredicateError violating CrySL rule for javax.net.ssl.SSLContext
			First parameter was not properly generated as generatedKeyManagers
			at statement: virtualinvoke $r2.<javax.net.ssl.SSLContext: void init(javax.net.ssl.KeyManager[],javax.net.ssl.TrustManager[],java.security.SecureRandom)>(varReplacer2047, $r5, varReplacer2047)

		ConstraintError violating CrySL rule for javax.net.ssl.SSLContext (on Object #2b1085688e0c8991d5aca4aacd9bb2c44b94f7e09a535aee5b6a11da2624e5c0)
			First parameter (with value "TLS") should be any of {TLSv1.2, TLSv1.3}
			at statement: $r2 = staticinvoke <javax.net.ssl.SSLContext: javax.net.ssl.SSLContext getInstance(java.lang.String)>(varReplacer2049)


Findings in Java Class: oauth.signpost.signature.HmacSha1MessageSigner

	 in Method: java.lang.String sign(oauth.signpost.http.HttpRequest,oauth.signpost.http.HttpParameters)
		RequiredPredicateError violating CrySL rule for javax.crypto.spec.SecretKeySpec
			First parameter was not properly generated as preparedKeyMaterial
			at statement: specialinvoke $r12.<javax.crypto.spec.SecretKeySpec: void <init>(byte[],java.lang.String)>($r6, varReplacer2179)

		RequiredPredicateError violating CrySL rule for javax.crypto.Mac
			First parameter was not properly generated as generatedKey
			at statement: virtualinvoke $r7.<javax.crypto.Mac: void init(java.security.Key)>(r3)

		ConstraintError violating CrySL rule for javax.crypto.Mac (on Object #7bfaa44c2479a556be7cc5a01d0bd98716032670f10590331ed08c926cecfc36)
			First parameter (with value "HmacSHA1") should be any of {HmacSHA256, HmacSHA384, HmacSHA512, HmacPBESHA1, PBEWithHmacSHA1, PBEWithHmacSHA224, PBEWithHmacSHA256, PBEWithHmacSHA384, PBEWithHmacSHA512}
			at statement: $r7 = staticinvoke <javax.crypto.Mac: javax.crypto.Mac getInstance(java.lang.String)>(varReplacer2180)

		ConstraintError violating CrySL rule for javax.crypto.spec.SecretKeySpec (on Object #66c9eb21b8e3ce3d61fdd5b92baf300273a91af8f409da5b38017076f24f251a)
			Second parameter (with value "HmacSHA1") should be any of {AES, HmacSHA256, HmacSHA384, HmacSHA512}
			at statement: specialinvoke $r12.<javax.crypto.spec.SecretKeySpec: void <init>(byte[],java.lang.String)>($r6, varReplacer2179)


======================= CryptoAnalysis Summary ==========================
	Number of CrySL rules: 49
	Number of Objects Analyzed: 6

	CryptoAnalysis found the following violations. For details see description above.
	RequiredPredicateError: 5
	ConstraintError: 3
=====================================================================
