0    [main] WARN  pes.access.impl.DeclaredTypeFactory  - --- xtext.common.types ---------------------------------------------------
1    [main] WARN  pes.access.impl.DeclaredTypeFactory  - ASM library is too old. Falling back to java.lang.reflect API.
1    [main] WARN  pes.access.impl.DeclaredTypeFactory  - Please note that no information about compile time constants is available.
1    [main] WARN  pes.access.impl.DeclaredTypeFactory  - It's recommended to use org.objectweb.asm 9.1.0 or better (Maven group id: org.ow2.asm).
1    [main] WARN  pes.access.impl.DeclaredTypeFactory  - --------------------------------------------------------------------------
Ruleset: 
	java.security.cert.TrustAnchor
	javax.crypto.spec.GCMParameterSpec
	javax.xml.crypto.dsig.spec.HMACParameterSpec
	java.security.KeyPair
	java.security.DigestOutputStream
	javax.net.ssl.KeyStoreBuilderParameters
	javax.crypto.spec.OAEPParameterSpec
	javax.net.ssl.SSLContext
	javax.crypto.spec.DHGenParameterSpec
	javax.crypto.CipherOutputStream
	java.security.Key
	javax.crypto.SecretKeyFactory
	java.security.cert.PKIXBuilderParameters
	java.security.KeyFactory
	javax.crypto.spec.PBEKeySpec
	java.security.spec.DSAGenParameterSpec
	java.security.KeyPairGenerator
	javax.crypto.CipherInputStream
	javax.net.ssl.CertPathTrustManagerParameters
	java.security.cert.CertificateFactory
	java.security.SecureRandom
	java.security.spec.MGF1ParameterSpec
	javax.net.ssl.SSLEngine
	javax.crypto.spec.DHParameterSpec
	java.security.spec.DSAParameterSpec
	java.security.spec.ECParameterSpec
	java.security.spec.RSAKeyGenParameterSpec
	javax.crypto.spec.IvParameterSpec
	javax.crypto.Cipher
	javax.crypto.spec.PBEParameterSpec
	java.security.AlgorithmParameterGenerator
	java.security.spec.X509EncodedKeySpec
	javax.net.ssl.TrustManagerFactory
	java.security.DigestInputStream
	void
	javax.net.ssl.KeyManagerFactory
	java.security.cert.PKIXParameters
	java.net.PasswordAuthentication
	java.security.AlgorithmParameters
	javax.crypto.KeyAgreement
	javax.crypto.spec.SecretKeySpec
	javax.net.ssl.SSLParameters
	java.security.MessageDigest
	javax.crypto.SecretKey
	javax.crypto.KeyGenerator
	java.security.KeyStore
	javax.crypto.Mac
	java.security.spec.ECGenParameterSpec
	java.security.Signature

Analyzed Objects: 
	Object:
		Variable: $r0
		Type: java.security.spec.X509EncodedKeySpec
		Statement: specialinvoke $r0.<java.security.spec.X509EncodedKeySpec: void <init>(byte[])>($r2)
		Method: <abi: java.security.PublicKey a(java.lang.String)>
		SHA-256: 1ffdecf159efaa1687367b59105a19b77d0fe50b6d9f4baf6551920b14ed33f5
		Secure: false
	Object:
		Variable: $z0
		Type: boolean
		Statement: $z0 = virtualinvoke $r7.<java.security.Signature: boolean verify(byte[])>($r8)
		Method: <abi: boolean a(java.security.PublicKey,java.lang.String,java.lang.String)>
		SHA-256: 7ee76d856a544a5b0f283abdfeacd8dcfa4e9fdec6e29c5476691be073398c1
		Secure: false
	Object:
		Variable: $r4
		Type: java.security.PublicKey
		Statement: $r4 = virtualinvoke $r3.<java.security.KeyFactory: java.security.PublicKey generatePublic(java.security.spec.KeySpec)>($r0)
		Method: <abi: java.security.PublicKey a(java.lang.String)>
		SHA-256: 4b3d1fc10a66f0ac1c70802cd30021566fa37ffec0f5711aee635bc98a526721
		Secure: false
	Object:
		Variable: $r3
		Type: java.security.KeyFactory
		Statement: $r3 = staticinvoke <java.security.KeyFactory: java.security.KeyFactory getInstance(java.lang.String)>(varReplacer9990)
		Method: <abi: java.security.PublicKey a(java.lang.String)>
		SHA-256: b6d9235706e502f14f4bce27e107016097874c4d1cd12d8841b3758a2032ad1c
		Secure: false
	Object:
		Variable: varReplacer9990
		Type: java.lang.String
		Statement: $r3 = staticinvoke <java.security.KeyFactory: java.security.KeyFactory getInstance(java.lang.String)>(varReplacer9990)
		Method: <abi: java.security.PublicKey a(java.lang.String)>
		SHA-256: de661cce9e0da4d1cef29adfb7e77ab8386cef9dc04692da373f24d483a5d393
		Secure: false
	Object:
		Variable: $r8
		Type: byte[]
		Statement: $z0 = virtualinvoke $r7.<java.security.Signature: boolean verify(byte[])>($r8)
		Method: <abi: boolean a(java.security.PublicKey,java.lang.String,java.lang.String)>
		SHA-256: 7b3216e8165d92053bcee00b92858972544f80701e164b896f60a132d74cf905
		Secure: false
	Object:
		Variable: $r7
		Type: java.security.Signature
		Statement: $r7 = staticinvoke <java.security.Signature: java.security.Signature getInstance(java.lang.String)>(varReplacer9985)
		Method: <abi: boolean a(java.security.PublicKey,java.lang.String,java.lang.String)>
		SHA-256: 8fb381108e81cc0385d0ff8a010e26dc816d830bc19467d7360ed907017f2820
		Secure: false

Findings in Java Class: abi

	 in Method: boolean a(java.security.PublicKey,java.lang.String,java.lang.String)
		RequiredPredicateError violating CrySL rule for java.security.Signature
			First parameter was not properly generated as generatedPubkey
			at statement: virtualinvoke $r7.<java.security.Signature: void initVerify(java.security.PublicKey)>($r6)

		ConstraintError violating CrySL rule for java.security.Signature (on Object #8fb381108e81cc0385d0ff8a010e26dc816d830bc19467d7360ed907017f2820)
			First parameter (with value "SHA1withRSA") should be any of {SHA256withRSA, SHA256withECDSA, SHA256withDSA, SHA384withRSA, SHA512withRSA, SHA384withECDSA, SHA512withECDSA}
			at statement: $r7 = staticinvoke <java.security.Signature: java.security.Signature getInstance(java.lang.String)>(varReplacer9985)


	 in Method: java.security.PublicKey a(java.lang.String)
		RequiredPredicateError violating CrySL rule for java.security.KeyFactory
			First parameter was not properly generated as speccedKey
			at statement: $r4 = virtualinvoke $r3.<java.security.KeyFactory: java.security.PublicKey generatePublic(java.security.spec.KeySpec)>($r0)

		RequiredPredicateError violating CrySL rule for java.security.spec.X509EncodedKeySpec
			First parameter was not properly generated as preparedKeyMaterial
			at statement: specialinvoke $r0.<java.security.spec.X509EncodedKeySpec: void <init>(byte[])>($r2)


======================= CryptoAnalysis Summary ==========================
	Number of CrySL rules: 49
	Number of Objects Analyzed: 7

	CryptoAnalysis found the following violations. For details see description above.
	ConstraintError: 1
	RequiredPredicateError: 3
=====================================================================
