0    [main] WARN  pes.access.impl.DeclaredTypeFactory  - --- xtext.common.types ---------------------------------------------------
0    [main] WARN  pes.access.impl.DeclaredTypeFactory  - ASM library is too old. Falling back to java.lang.reflect API.
0    [main] WARN  pes.access.impl.DeclaredTypeFactory  - Please note that no information about compile time constants is available.
0    [main] WARN  pes.access.impl.DeclaredTypeFactory  - It's recommended to use org.objectweb.asm 9.1.0 or better (Maven group id: org.ow2.asm).
1    [main] WARN  pes.access.impl.DeclaredTypeFactory  - --------------------------------------------------------------------------
Ruleset: 
	java.security.cert.TrustAnchor
	javax.crypto.spec.GCMParameterSpec
	javax.xml.crypto.dsig.spec.HMACParameterSpec
	java.security.KeyPair
	java.security.DigestOutputStream
	javax.net.ssl.KeyStoreBuilderParameters
	javax.crypto.spec.OAEPParameterSpec
	javax.net.ssl.SSLContext
	javax.crypto.spec.DHGenParameterSpec
	javax.crypto.CipherOutputStream
	java.security.Key
	javax.crypto.SecretKeyFactory
	java.security.cert.PKIXBuilderParameters
	java.security.KeyFactory
	javax.crypto.spec.PBEKeySpec
	java.security.spec.DSAGenParameterSpec
	java.security.KeyPairGenerator
	javax.crypto.CipherInputStream
	javax.net.ssl.CertPathTrustManagerParameters
	java.security.cert.CertificateFactory
	java.security.SecureRandom
	java.security.spec.MGF1ParameterSpec
	javax.net.ssl.SSLEngine
	javax.crypto.spec.DHParameterSpec
	java.security.spec.DSAParameterSpec
	java.security.spec.ECParameterSpec
	java.security.spec.RSAKeyGenParameterSpec
	javax.crypto.spec.IvParameterSpec
	javax.crypto.Cipher
	javax.crypto.spec.PBEParameterSpec
	java.security.AlgorithmParameterGenerator
	java.security.spec.X509EncodedKeySpec
	javax.net.ssl.TrustManagerFactory
	java.security.DigestInputStream
	void
	javax.net.ssl.KeyManagerFactory
	java.security.cert.PKIXParameters
	java.net.PasswordAuthentication
	java.security.AlgorithmParameters
	javax.crypto.KeyAgreement
	javax.crypto.spec.SecretKeySpec
	javax.net.ssl.SSLParameters
	java.security.MessageDigest
	javax.crypto.SecretKey
	javax.crypto.KeyGenerator
	java.security.KeyStore
	javax.crypto.Mac
	java.security.spec.ECGenParameterSpec
	java.security.Signature

Analyzed Objects: 
	Object:
		Variable: $r1
		Type: javax.crypto.Cipher
		Statement: $r1 = staticinvoke <javax.crypto.Cipher: javax.crypto.Cipher getInstance(java.lang.String)>(varReplacer13033)
		Method: <k3.a: long j(y3.k)>
		SHA-256: 28832e0c45a3e7bc26faee2c5e038704a9bacc61dadce7610b053764ef0360a1
		Secure: false
	Object:
		Variable: $r3
		Type: javax.crypto.spec.SecretKeySpec
		Statement: specialinvoke $r3.<javax.crypto.spec.SecretKeySpec: void <init>(byte[],java.lang.String)>($r4, varReplacer13031)
		Method: <k3.a: long j(y3.k)>
		SHA-256: ee85c4e435af49ccc869eb0aa20a7b137729c0edf2acec4d30f677596eb2b2b5
		Secure: false
	Object:
		Variable: $r1
		Type: byte[]
		Statement: $r1 = virtualinvoke $r2.<java.security.MessageDigest: byte[] digest()>()
		Method: <r6.r: java.lang.String b(byte[])>
		SHA-256: cb53df2662d9343e9d4ba28f63f2800cd71feca8358bf25d5dc0748272b5eb92
		Secure: false
	Object:
		Variable: $r5
		Type: javax.crypto.spec.IvParameterSpec
		Statement: specialinvoke $r5.<javax.crypto.spec.IvParameterSpec: void <init>(byte[])>($r4)
		Method: <k3.a: long j(y3.k)>
		SHA-256: a4ef474a93e7cba5915fa716abe352bd214ddb8dfaefda139b62abfd0ddc5397
		Secure: false
	Object:
		Variable: varReplacer13031
		Type: java.lang.String
		Statement: specialinvoke $r3.<javax.crypto.spec.SecretKeySpec: void <init>(byte[],java.lang.String)>($r4, varReplacer13031)
		Method: <k3.a: long j(y3.k)>
		SHA-256: c42d0126c9c12e6c3fae87ad42e0f313b39cf725b0374369a2e35168d4d0c885
		Secure: false
	Object:
		Variable: $r2
		Type: java.security.MessageDigest
		Statement: $r2 = staticinvoke <java.security.MessageDigest: java.security.MessageDigest getInstance(java.lang.String)>(varReplacer7030)
		Method: <r6.r: java.lang.String b(byte[])>
		SHA-256: 6890473d2789c0e32ddc7fe52b669dbf01248f76669d5b492904d0664fbfd292
		Secure: false
	Object:
		Variable: $r8
		Type: javax.crypto.CipherInputStream
		Statement: specialinvoke $r8.<javax.crypto.CipherInputStream: void <init>(java.io.InputStream,javax.crypto.Cipher)>($r6, $r1)
		Method: <k3.a: long j(y3.k)>
		SHA-256: bf064df9be5e76b6d9478640146cbcd61e82a9e2f10657809305ff073b3d6bdf
		Secure: true

Findings in Java Class: r6.r

	 in Method: java.lang.String b(byte[])
		ConstraintError violating CrySL rule for java.security.MessageDigest (on Object #6890473d2789c0e32ddc7fe52b669dbf01248f76669d5b492904d0664fbfd292)
			First parameter (with value "SHA256") should be any of {SHA-256, SHA-384, SHA-512}
			at statement: $r2 = staticinvoke <java.security.MessageDigest: java.security.MessageDigest getInstance(java.lang.String)>(varReplacer7030)


Findings in Java Class: k3.a

	 in Method: long j(y3.k)
		RequiredPredicateError violating CrySL rule for javax.crypto.spec.IvParameterSpec
			First parameter was not properly generated as randomized
			at statement: specialinvoke $r5.<javax.crypto.spec.IvParameterSpec: void <init>(byte[])>($r4)

		RequiredPredicateError violating CrySL rule for javax.crypto.Cipher
			Second parameter was not properly generated as generatedKey
			at statement: virtualinvoke $r1.<javax.crypto.Cipher: void init(int,java.security.Key,java.security.spec.AlgorithmParameterSpec)>(varReplacer13034, $r3, $r5)

		RequiredPredicateError violating CrySL rule for javax.crypto.spec.SecretKeySpec
			First parameter was not properly generated as preparedKeyMaterial
			at statement: specialinvoke $r3.<javax.crypto.spec.SecretKeySpec: void <init>(byte[],java.lang.String)>($r4, varReplacer13031)

		ConstraintError violating CrySL rule for javax.crypto.Cipher (on Object #28832e0c45a3e7bc26faee2c5e038704a9bacc61dadce7610b053764ef0360a1)
			First parameter (with value "AES/CBC/PKCS7Padding") should be any of AES/CBC/{PKCS5Padding, ISO10126Padding}
			at statement: $r1 = staticinvoke <javax.crypto.Cipher: javax.crypto.Cipher getInstance(java.lang.String)>(varReplacer13033)


======================= CryptoAnalysis Summary ==========================
	Number of CrySL rules: 49
	Number of Objects Analyzed: 7

	CryptoAnalysis found the following violations. For details see description above.
	ConstraintError: 2
	RequiredPredicateError: 3
=====================================================================
