0    [main] WARN  pes.access.impl.DeclaredTypeFactory  - --- xtext.common.types ---------------------------------------------------
1    [main] WARN  pes.access.impl.DeclaredTypeFactory  - ASM library is too old. Falling back to java.lang.reflect API.
1    [main] WARN  pes.access.impl.DeclaredTypeFactory  - Please note that no information about compile time constants is available.
1    [main] WARN  pes.access.impl.DeclaredTypeFactory  - It's recommended to use org.objectweb.asm 9.1.0 or better (Maven group id: org.ow2.asm).
1    [main] WARN  pes.access.impl.DeclaredTypeFactory  - --------------------------------------------------------------------------
Ruleset: 
	java.security.cert.TrustAnchor
	javax.crypto.spec.GCMParameterSpec
	javax.xml.crypto.dsig.spec.HMACParameterSpec
	java.security.KeyPair
	java.security.DigestOutputStream
	javax.net.ssl.KeyStoreBuilderParameters
	javax.crypto.spec.OAEPParameterSpec
	javax.net.ssl.SSLContext
	javax.crypto.spec.DHGenParameterSpec
	javax.crypto.CipherOutputStream
	java.security.Key
	javax.crypto.SecretKeyFactory
	java.security.cert.PKIXBuilderParameters
	java.security.KeyFactory
	javax.crypto.spec.PBEKeySpec
	java.security.spec.DSAGenParameterSpec
	java.security.KeyPairGenerator
	javax.crypto.CipherInputStream
	javax.net.ssl.CertPathTrustManagerParameters
	java.security.cert.CertificateFactory
	java.security.SecureRandom
	java.security.spec.MGF1ParameterSpec
	javax.net.ssl.SSLEngine
	javax.crypto.spec.DHParameterSpec
	java.security.spec.DSAParameterSpec
	java.security.spec.ECParameterSpec
	java.security.spec.RSAKeyGenParameterSpec
	javax.crypto.spec.IvParameterSpec
	javax.crypto.Cipher
	javax.crypto.spec.PBEParameterSpec
	java.security.AlgorithmParameterGenerator
	java.security.spec.X509EncodedKeySpec
	javax.net.ssl.TrustManagerFactory
	java.security.DigestInputStream
	void
	javax.net.ssl.KeyManagerFactory
	java.security.cert.PKIXParameters
	java.net.PasswordAuthentication
	java.security.AlgorithmParameters
	javax.crypto.KeyAgreement
	javax.crypto.spec.SecretKeySpec
	javax.net.ssl.SSLParameters
	java.security.MessageDigest
	javax.crypto.SecretKey
	javax.crypto.KeyGenerator
	java.security.KeyStore
	javax.crypto.Mac
	java.security.spec.ECGenParameterSpec
	java.security.Signature

Analyzed Objects: 
	Object:
		Variable: $r6
		Type: javax.crypto.KeyGenerator
		Statement: $r6 = staticinvoke <javax.crypto.KeyGenerator: javax.crypto.KeyGenerator getInstance(java.lang.String,java.lang.String)>(varReplacer11290, varReplacer11291)
		Method: <u6.k0: void P()>
		SHA-256: 9fd7aeb329d60ad700ab2b5cdd09ef00a4c083236dca06f13a03a633ffb93cd4
		Secure: true
	Object:
		Variable: $r9
		Type: javax.crypto.Cipher
		Statement: $r9 = staticinvoke <javax.crypto.Cipher: javax.crypto.Cipher getInstance(java.lang.String)>(varReplacer11303)
		Method: <u6.k0: void P()>
		SHA-256: 2eca97f64afab7d1b69b976a1ebc12a392fec52740d4e2349b52838e8933ff18
		Secure: false
	Object:
		Variable: $r8
		Type: javax.crypto.SecretKey
		Statement: $r8 = virtualinvoke $r6.<javax.crypto.KeyGenerator: javax.crypto.SecretKey generateKey()>()
		Method: <u6.k0: void P()>
		SHA-256: 180872e7973d3d890b47b14c70b3ae3dd818a72f268dd199dc1e83194e0cf671
		Secure: true
	Object:
		Variable: $r2
		Type: javax.crypto.KeyGenerator
		Statement: $r2 = staticinvoke <javax.crypto.KeyGenerator: javax.crypto.KeyGenerator getInstance(java.lang.String,java.lang.String)>(varReplacer5622, varReplacer5623)
		Method: <androidx.biometric.s: androidx.biometric.BiometricPrompt$c a()>
		SHA-256: b67fcfd282195f5718648b5e539165e9ef9a4cd61201aca6ea330e353176ecf8
		Secure: true
	Object:
		Variable: $r10
		Type: javax.crypto.spec.GCMParameterSpec
		Statement: specialinvoke $r10.<javax.crypto.spec.GCMParameterSpec: void <init>(int,byte[])>(varReplacer6048, $r4)
		Method: <u6.k0: void L(byte[],byte[],n6.l)>
		SHA-256: 629384fe2f687898e656185253221896306977d41c372a46c60a07be72c1941b
		Secure: false
	Object:
		Variable: $r0
		Type: java.security.KeyStore
		Statement: $r0 = staticinvoke <java.security.KeyStore: java.security.KeyStore getInstance(java.lang.String)>(varReplacer5614)
		Method: <androidx.biometric.s: androidx.biometric.BiometricPrompt$c a()>
		SHA-256: 8b7baa64779021303ed4609a4f1a8c720c37357c6fb0bbf2f7e37b3c45eb6c9b
		Secure: false
	Object:
		Variable: $r1
		Type: java.security.KeyStore
		Statement: $r1 = staticinvoke <java.security.KeyStore: java.security.KeyStore getInstance(java.lang.String)>(varReplacer11293)
		Method: <u6.k0: void P()>
		SHA-256: 70a05c3495e0da819c5ca206974269e827cdc1aa0b423f0edfb8f59faa9e17fd
		Secure: false
	Object:
		Variable: $r4
		Type: java.security.Key
		Statement: $r4 = virtualinvoke $r0.<java.security.KeyStore: java.security.Key getKey(java.lang.String,char[])>(varReplacer5617, varReplacer5618)
		Method: <androidx.biometric.s: androidx.biometric.BiometricPrompt$c a()>
		SHA-256: deee512d70d199688ea17a93d0ec3746d979a466f56ac4d87193203c15097870
		Secure: false
	Object:
		Variable: $r6
		Type: javax.crypto.Cipher
		Statement: $r6 = staticinvoke <javax.crypto.Cipher: javax.crypto.Cipher getInstance(java.lang.String)>(varReplacer5625)
		Method: <androidx.biometric.s: androidx.biometric.BiometricPrompt$c a()>
		SHA-256: f1de78b18c38ee2d4917171008ecefaa7588e6514f5e5e1ac03a1aa95b4a145c
		Secure: false
	Object:
		Variable: $r2
		Type: java.security.Key
		Statement: $r2 = virtualinvoke $r1.<java.security.KeyStore: java.security.Key getKey(java.lang.String,char[])>(varReplacer11288, varReplacer11289)
		Method: <u6.k0: void P()>
		SHA-256: ddf690944b100355b355e1d6c5a61d9cc83d2aaafaa5d4683355fef5da8c1c11
		Secure: false
	Object:
		Variable: $r1
		Type: java.security.MessageDigest
		Statement: $r1 = staticinvoke <java.security.MessageDigest: java.security.MessageDigest getInstance(java.lang.String)>(varReplacer24877)
		Method: <n2.k$a: java.lang.Object a()>
		SHA-256: 7c23bdd9d7ef563b1601fa032aa07fd43aec6eba3e947cac88b06e70533ecf60
		Secure: true

Findings in Java Class: androidx.biometric.s

	 in Method: androidx.biometric.BiometricPrompt$c a()
		ConstraintError violating CrySL rule for javax.crypto.Cipher (on Object #f1de78b18c38ee2d4917171008ecefaa7588e6514f5e5e1ac03a1aa95b4a145c)
			First parameter (with value "AES/CBC/PKCS7Padding") should be any of AES/CBC/{PKCS5Padding, ISO10126Padding}
			at statement: $r6 = staticinvoke <javax.crypto.Cipher: javax.crypto.Cipher getInstance(java.lang.String)>(varReplacer5625)

		RequiredPredicateError violating CrySL rule for javax.crypto.Cipher
			Second parameter was not properly generated as generatedKey
			at statement: virtualinvoke $r6.<javax.crypto.Cipher: void init(int,java.security.Key)>(varReplacer5624, $r5)

		ConstraintError violating CrySL rule for java.security.KeyStore (on Object #8b7baa64779021303ed4609a4f1a8c720c37357c6fb0bbf2f7e37b3c45eb6c9b)
			First parameter (with value "AndroidKeyStore") should be any of {JCEKS, JKS, DKS, PKCS11, PKCS12}
			at statement: $r0 = staticinvoke <java.security.KeyStore: java.security.KeyStore getInstance(java.lang.String)>(varReplacer5614)


Findings in Java Class: u6.k0

	 in Method: void S(byte[],n6.l)
		IncompleteOperationError violating CrySL rule for javax.crypto.Cipher (on Object #2eca97f64afab7d1b69b976a1ebc12a392fec52740d4e2349b52838e8933ff18)
			Operation on object of type javax.crypto.Cipher object not completed. Expected call to init
			at statement: virtualinvoke $r10.<androidx.biometric.BiometricPrompt: void a(androidx.biometric.BiometricPrompt$d,androidx.biometric.BiometricPrompt$c)>($r7, $r11)


	 in Method: void P()
		ConstraintError violating CrySL rule for java.security.KeyStore (on Object #70a05c3495e0da819c5ca206974269e827cdc1aa0b423f0edfb8f59faa9e17fd)
			First parameter (with value "AndroidKeyStore") should be any of {JCEKS, JKS, DKS, PKCS11, PKCS12}
			at statement: $r1 = staticinvoke <java.security.KeyStore: java.security.KeyStore getInstance(java.lang.String)>(varReplacer11293)


	 in Method: void L(byte[],byte[],n6.l)
		RequiredPredicateError violating CrySL rule for javax.crypto.spec.GCMParameterSpec
			Second parameter was not properly generated as randomized
			at statement: specialinvoke $r10.<javax.crypto.spec.GCMParameterSpec: void <init>(int,byte[])>(varReplacer6048, $r4)


Findings in Java Class: l2.z

	 in Method: boolean e()
		IncompleteOperationError violating CrySL rule for java.security.MessageDigest (on Object #7c23bdd9d7ef563b1601fa032aa07fd43aec6eba3e947cac88b06e70533ecf60)
			Operation on object of type java.security.MessageDigest object not completed. Expected call to digest, update
			at statement: $r19 = interfaceinvoke $r13.<com.bumptech.glide.load.data.d: java.lang.Class a()>()

		IncompleteOperationError violating CrySL rule for java.security.MessageDigest (on Object #7c23bdd9d7ef563b1601fa032aa07fd43aec6eba3e947cac88b06e70533ecf60)
			Operation on object of type java.security.MessageDigest object not completed. Expected call to digest, update
			at statement: interfaceinvoke $r13.<com.bumptech.glide.load.data.d: void f(com.bumptech.glide.f,com.bumptech.glide.load.data.d$a)>($r21, $r22)

		IncompleteOperationError violating CrySL rule for java.security.MessageDigest (on Object #7c23bdd9d7ef563b1601fa032aa07fd43aec6eba3e947cac88b06e70533ecf60)
			Operation on object of type java.security.MessageDigest object not completed. Expected call to digest, update
			at statement: interfaceinvoke $r13.<com.bumptech.glide.load.data.d: void f(com.bumptech.glide.f,com.bumptech.glide.load.data.d$a)>($r21, $r22)

		IncompleteOperationError violating CrySL rule for java.security.MessageDigest (on Object #7c23bdd9d7ef563b1601fa032aa07fd43aec6eba3e947cac88b06e70533ecf60)
			Operation on object of type java.security.MessageDigest object not completed. Expected call to digest, update
			at statement: interfaceinvoke $r13.<com.bumptech.glide.load.data.d: void b()>()


Findings in Java Class: q0.e

	 in Method: boolean a(java.lang.Object)
		IncompleteOperationError violating CrySL rule for java.security.MessageDigest (on Object #7c23bdd9d7ef563b1601fa032aa07fd43aec6eba3e947cac88b06e70533ecf60)
			Operation on object of type java.security.MessageDigest object not completed. Expected call to digest, update
			at statement: $z0 = virtualinvoke r0.<q0.e: boolean c(java.lang.Object)>($r1)


Findings in Java Class: l2.v

	 in Method: boolean e()
		IncompleteOperationError violating CrySL rule for java.security.MessageDigest (on Object #7c23bdd9d7ef563b1601fa032aa07fd43aec6eba3e947cac88b06e70533ecf60)
			Operation on object of type java.security.MessageDigest object not completed. Expected call to digest, update
			at statement: $r8 = interfaceinvoke $r34.<com.bumptech.glide.load.data.d: java.lang.Class a()>()

		IncompleteOperationError violating CrySL rule for java.security.MessageDigest (on Object #7c23bdd9d7ef563b1601fa032aa07fd43aec6eba3e947cac88b06e70533ecf60)
			Operation on object of type java.security.MessageDigest object not completed. Expected call to digest, update
			at statement: interfaceinvoke $r34.<com.bumptech.glide.load.data.d: void f(com.bumptech.glide.f,com.bumptech.glide.load.data.d$a)>($r35, r0)


Findings in Java Class: l2.s

	 in Method: l2.u a(com.bumptech.glide.load.data.e,j2.e,int,int,l2.j$a)
		IncompleteOperationError violating CrySL rule for java.security.MessageDigest (on Object #7c23bdd9d7ef563b1601fa032aa07fd43aec6eba3e947cac88b06e70533ecf60)
			Operation on object of type java.security.MessageDigest object not completed. Expected call to digest, update
			at statement: specialinvoke $r13.<java.util.ArrayList: void <init>(java.util.Collection)>($r6)

		IncompleteOperationError violating CrySL rule for java.security.MessageDigest (on Object #7c23bdd9d7ef563b1601fa032aa07fd43aec6eba3e947cac88b06e70533ecf60)
			Operation on object of type java.security.MessageDigest object not completed. Expected call to digest, update
			at statement: interfaceinvoke $r4.<j1.c: boolean a(java.lang.Object)>($r6)


======================= CryptoAnalysis Summary ==========================
	Number of CrySL rules: 49
	Number of Objects Analyzed: 11

	CryptoAnalysis found the following violations. For details see description above.
	ConstraintError: 3
	IncompleteOperationError: 10
	RequiredPredicateError: 2
=====================================================================
