0    [main] WARN  pes.access.impl.DeclaredTypeFactory  - --- xtext.common.types ---------------------------------------------------
0    [main] WARN  pes.access.impl.DeclaredTypeFactory  - ASM library is too old. Falling back to java.lang.reflect API.
0    [main] WARN  pes.access.impl.DeclaredTypeFactory  - Please note that no information about compile time constants is available.
0    [main] WARN  pes.access.impl.DeclaredTypeFactory  - It's recommended to use org.objectweb.asm 9.1.0 or better (Maven group id: org.ow2.asm).
1    [main] WARN  pes.access.impl.DeclaredTypeFactory  - --------------------------------------------------------------------------
Ruleset: 
	java.security.cert.TrustAnchor
	javax.crypto.spec.GCMParameterSpec
	javax.xml.crypto.dsig.spec.HMACParameterSpec
	java.security.KeyPair
	java.security.DigestOutputStream
	javax.net.ssl.KeyStoreBuilderParameters
	javax.crypto.spec.OAEPParameterSpec
	javax.net.ssl.SSLContext
	javax.crypto.spec.DHGenParameterSpec
	javax.crypto.CipherOutputStream
	java.security.Key
	javax.crypto.SecretKeyFactory
	java.security.cert.PKIXBuilderParameters
	java.security.KeyFactory
	javax.crypto.spec.PBEKeySpec
	java.security.spec.DSAGenParameterSpec
	java.security.KeyPairGenerator
	javax.crypto.CipherInputStream
	javax.net.ssl.CertPathTrustManagerParameters
	java.security.cert.CertificateFactory
	java.security.SecureRandom
	java.security.spec.MGF1ParameterSpec
	javax.net.ssl.SSLEngine
	javax.crypto.spec.DHParameterSpec
	java.security.spec.DSAParameterSpec
	java.security.spec.ECParameterSpec
	java.security.spec.RSAKeyGenParameterSpec
	javax.crypto.spec.IvParameterSpec
	javax.crypto.Cipher
	javax.crypto.spec.PBEParameterSpec
	java.security.AlgorithmParameterGenerator
	java.security.spec.X509EncodedKeySpec
	javax.net.ssl.TrustManagerFactory
	java.security.DigestInputStream
	void
	javax.net.ssl.KeyManagerFactory
	java.security.cert.PKIXParameters
	java.net.PasswordAuthentication
	java.security.AlgorithmParameters
	javax.crypto.KeyAgreement
	javax.crypto.spec.SecretKeySpec
	javax.net.ssl.SSLParameters
	java.security.MessageDigest
	javax.crypto.SecretKey
	javax.crypto.KeyGenerator
	java.security.KeyStore
	javax.crypto.Mac
	java.security.spec.ECGenParameterSpec
	java.security.Signature

Analyzed Objects: 
	Object:
		Variable: $r3
		Type: javax.net.ssl.SSLContext
		Statement: $r3 = staticinvoke <javax.net.ssl.SSLContext: javax.net.ssl.SSLContext getInstance(java.lang.String,java.security.Provider)>(varReplacer24933, $r2)
		Method: <okhttp3.internal.platform.ConscryptPlatform: javax.net.ssl.SSLContext getSSLContext()>
		SHA-256: eceb9bbe8c77b7232cc841cfd60604097a2c1e0f06061d3e426495f8bb2e8f08
		Secure: false
	Object:
		Variable: $r5
		Type: java.security.cert.CertificateFactory
		Statement: $r5 = staticinvoke <java.security.cert.CertificateFactory: java.security.cert.CertificateFactory getInstance(java.lang.String)>(varReplacer31152)
		Method: <okhttp3.Cache$Entry: java.util.List readCertificateList(okio.BufferedSource)>
		SHA-256: cbbdd29d664196f4ba5cce2b7e049c025e3e649101b392f8dc609614f541d46f
		Secure: false
	Object:
		Variable: varReplacer15255
		Type: java.lang.String
		Statement: specialinvoke $r7.<javax.crypto.spec.SecretKeySpec: void <init>(byte[],java.lang.String)>($r4, varReplacer15255)
		Method: <org.apache.commons.compress.archivers.sevenz.AES256SHA256Decoder$1: javax.crypto.CipherInputStream init()>
		SHA-256: cd47ea94b0bd38ad83637e7e1d6719206c966b7933571758151c436063f4f2ef
		Secure: false
	Object:
		Variable: $r3
		Type: byte[]
		Statement: $r3 = virtualinvoke $r2.<java.security.MessageDigest: byte[] digest(byte[])>($r3)
		Method: <okio.ByteString: okio.ByteString digest(java.lang.String)>
		SHA-256: a79a1700ae9d8d44f13ea218f751e7024f8f1222b1b2ae17cdbab7b56d352181
		Secure: false
	Object:
		Variable: $r10
		Type: javax.crypto.CipherInputStream
		Statement: specialinvoke $r10.<javax.crypto.CipherInputStream: void <init>(java.io.InputStream,javax.crypto.Cipher)>($r11, $r8)
		Method: <org.apache.commons.compress.archivers.sevenz.AES256SHA256Decoder$1: javax.crypto.CipherInputStream init()>
		SHA-256: c45dba96a483e3e9ebfded9c6fc9988af7c1739a549f04c3576d99624449a7d1
		Secure: false
	Object:
		Variable: $r3
		Type: javax.net.ssl.SSLContext
		Statement: $r3 = staticinvoke <javax.net.ssl.SSLContext: javax.net.ssl.SSLContext getInstance(java.lang.String)>(varReplacer24929)
		Method: <okhttp3.internal.platform.AndroidPlatform: javax.net.ssl.SSLContext getSSLContext()>
		SHA-256: cda8275f249cbf53032a6d0860c9b28d24e04e7b7db81e5631683b2f73cf567e
		Secure: false
	Object:
		Variable: $r7
		Type: javax.crypto.spec.SecretKeySpec
		Statement: specialinvoke $r7.<javax.crypto.spec.SecretKeySpec: void <init>(byte[],java.lang.String)>($r4, varReplacer15255)
		Method: <org.apache.commons.compress.archivers.sevenz.AES256SHA256Decoder$1: javax.crypto.CipherInputStream init()>
		SHA-256: 96dbb7d76a0f5fc39769872d4ac5aa87f6181e27f43f4b613e97c69785c18e16
		Secure: false
	Object:
		Variable: $r1
		Type: javax.net.ssl.TrustManagerFactory
		Statement: $r1 = staticinvoke <javax.net.ssl.TrustManagerFactory: javax.net.ssl.TrustManagerFactory getInstance(java.lang.String)>($r0)
		Method: <okhttp3.internal.Util: javax.net.ssl.X509TrustManager platformTrustManager()>
		SHA-256: a8764d384e0e6acd4407dba0e4c2025660362892494036c03c4b52a40e75c66b
		Secure: false
	Object:
		Variable: $r5
		Type: java.security.MessageDigest
		Statement: $r5 = staticinvoke <java.security.MessageDigest: java.security.MessageDigest getInstance(java.lang.String)>(varReplacer15248)
		Method: <org.apache.commons.compress.archivers.sevenz.AES256SHA256Decoder$1: javax.crypto.CipherInputStream init()>
		SHA-256: 6c95176623f93872c3e680d26c56448dc33d365a4c4621fa81feac386d33794a
		Secure: true
	Object:
		Variable: $r2
		Type: java.security.MessageDigest
		Statement: $r2 = staticinvoke <java.security.MessageDigest: java.security.MessageDigest getInstance(java.lang.String)>($r1)
		Method: <okio.ByteString: okio.ByteString digest(java.lang.String)>
		SHA-256: b336d574501b28a5bd90db22472c23a68acb0c1b99c4f14746fdc2a23c69a24e
		Secure: false
	Object:
		Variable: $r2
		Type: javax.net.ssl.TrustManager[]
		Statement: $r2 = virtualinvoke $r1.<javax.net.ssl.TrustManagerFactory: javax.net.ssl.TrustManager[] getTrustManagers()>()
		Method: <okhttp3.internal.Util: javax.net.ssl.X509TrustManager platformTrustManager()>
		SHA-256: dea0af93b06734ae35228a014521e6e031131dd2b357359826afa61f9a6de1b
		Secure: false
	Object:
		Variable: $r3
		Type: javax.net.ssl.SSLContext
		Statement: $r3 = staticinvoke <javax.net.ssl.SSLContext: javax.net.ssl.SSLContext getInstance(java.lang.String,java.security.Provider)>(varReplacer24934, $r2)
		Method: <okhttp3.internal.platform.ConscryptPlatform: javax.net.ssl.SSLContext getSSLContext()>
		SHA-256: 4f2591e44d0119d822f2073a03433eb1e06bb91a746fac239fa9830b8c7be2fe
		Secure: false
	Object:
		Variable: $r8
		Type: javax.crypto.Cipher
		Statement: $r8 = staticinvoke <javax.crypto.Cipher: javax.crypto.Cipher getInstance(java.lang.String)>(varReplacer15249)
		Method: <org.apache.commons.compress.archivers.sevenz.AES256SHA256Decoder$1: javax.crypto.CipherInputStream init()>
		SHA-256: d9253352acd0f0358a7a8ca58d99d309084cb0a1c06c84fd317519d74e0b9e18
		Secure: false
	Object:
		Variable: $r2
		Type: javax.net.ssl.SSLContext
		Statement: $r2 = staticinvoke <javax.net.ssl.SSLContext: javax.net.ssl.SSLContext getInstance(java.lang.String)>(varReplacer24931)
		Method: <okhttp3.internal.platform.Platform: javax.net.ssl.SSLContext getSSLContext()>
		SHA-256: 708739c70bd591297aaf82e6b29bd62743c51fd2372d2c3b5353925c2678f1c0
		Secure: false
	Object:
		Variable: $r9
		Type: javax.crypto.spec.IvParameterSpec
		Statement: specialinvoke $r9.<javax.crypto.spec.IvParameterSpec: void <init>(byte[])>($r2)
		Method: <org.apache.commons.compress.archivers.sevenz.AES256SHA256Decoder$1: javax.crypto.CipherInputStream init()>
		SHA-256: c17421c9044aaad49761f9cd19147df7d237b870f86c00a4c3f759ad8875e0fe
		Secure: false
	Object:
		Variable: $r3
		Type: javax.net.ssl.SSLContext
		Statement: $r3 = staticinvoke <javax.net.ssl.SSLContext: javax.net.ssl.SSLContext getInstance(java.lang.String)>(varReplacer24930)
		Method: <okhttp3.internal.platform.AndroidPlatform: javax.net.ssl.SSLContext getSSLContext()>
		SHA-256: 674d4016930931b4413b71ecb7dcaccca7c1e5244bccb634e4318b2be32d64f1
		Secure: false
	Object:
		Variable: $r4
		Type: byte[]
		Statement: $r4 = virtualinvoke $r5.<java.security.MessageDigest: byte[] digest()>()
		Method: <org.apache.commons.compress.archivers.sevenz.AES256SHA256Decoder$1: javax.crypto.CipherInputStream init()>
		SHA-256: 671980c38541e5f4635e5df9b14b3f2382c28342263daa27d76a6e21eb43fded
		Secure: true

Findings in Java Class: org.apache.commons.compress.compressors.bzip2.BZip2CompressorInputStream

	 in Method: void getAndMoveToFrontDecode()
		IncompleteOperationError violating CrySL rule for javax.crypto.CipherInputStream (on Object #c45dba96a483e3e9ebfded9c6fc9988af7c1739a549f04c3576d99624449a7d1)
			Operation on object of type javax.crypto.CipherInputStream object not completed. Expected call to close
			at statement: $r9 = r0

		IncompleteOperationError violating CrySL rule for javax.crypto.CipherInputStream (on Object #c45dba96a483e3e9ebfded9c6fc9988af7c1739a549f04c3576d99624449a7d1)
			Operation on object of type javax.crypto.CipherInputStream object not completed. Expected call to close
			at statement: $i5 = specialinvoke r0.<org.apache.commons.compress.compressors.bzip2.BZip2CompressorInputStream: int getAndMoveToFrontDecode0(int)>(varReplacer26778)


	 in Method: void initBlock()
		IncompleteOperationError violating CrySL rule for javax.crypto.CipherInputStream (on Object #c45dba96a483e3e9ebfded9c6fc9988af7c1739a549f04c3576d99624449a7d1)
			Operation on object of type javax.crypto.CipherInputStream object not completed. Expected call to close
			at statement: $z0 = specialinvoke r0.<org.apache.commons.compress.compressors.bzip2.BZip2CompressorInputStream: boolean complete()>()


	 in Method: boolean init(boolean)
		IncompleteOperationError violating CrySL rule for javax.crypto.CipherInputStream (on Object #c45dba96a483e3e9ebfded9c6fc9988af7c1739a549f04c3576d99624449a7d1)
			Operation on object of type javax.crypto.CipherInputStream object not completed. Expected call to close
			at statement: $i0 = specialinvoke r0.<org.apache.commons.compress.compressors.bzip2.BZip2CompressorInputStream: int readNextByte(org.apache.commons.compress.utils.BitInputStream)>($r1)

		IncompleteOperationError violating CrySL rule for javax.crypto.CipherInputStream (on Object #c45dba96a483e3e9ebfded9c6fc9988af7c1739a549f04c3576d99624449a7d1)
			Operation on object of type javax.crypto.CipherInputStream object not completed. Expected call to close
			at statement: $i2 = specialinvoke r0.<org.apache.commons.compress.compressors.bzip2.BZip2CompressorInputStream: int readNextByte(org.apache.commons.compress.utils.BitInputStream)>($r1)


Findings in Java Class: org.apache.commons.compress.archivers.tar.TarArchiveInputStream

	 in Method: int read(byte[],int,int)
		IncompleteOperationError violating CrySL rule for javax.crypto.CipherInputStream (on Object #c45dba96a483e3e9ebfded9c6fc9988af7c1739a549f04c3576d99624449a7d1)
			Operation on object of type javax.crypto.CipherInputStream object not completed. Expected call to close
			at statement: $i5 = virtualinvoke r0.<org.apache.commons.compress.archivers.tar.TarArchiveInputStream: int available()>()

		IncompleteOperationError violating CrySL rule for javax.crypto.CipherInputStream (on Object #c45dba96a483e3e9ebfded9c6fc9988af7c1739a549f04c3576d99624449a7d1)
			Operation on object of type javax.crypto.CipherInputStream object not completed. Expected call to close
			at statement: $z0 = specialinvoke r0.<org.apache.commons.compress.archivers.tar.TarArchiveInputStream: boolean isDirectory()>()


Findings in Java Class: org.apache.commons.compress.archivers.zip.ZipArchiveInputStream

	 in Method: int read(byte[],int,int)
		IncompleteOperationError violating CrySL rule for javax.crypto.CipherInputStream (on Object #c45dba96a483e3e9ebfded9c6fc9988af7c1739a549f04c3576d99624449a7d1)
			Operation on object of type javax.crypto.CipherInputStream object not completed. Expected call to close
			at statement: $z0 = specialinvoke r0.<org.apache.commons.compress.archivers.zip.ZipArchiveInputStream: boolean supportsDataDescriptorFor(org.apache.commons.compress.archivers.zip.ZipArchiveEntry)>($r3)


	 in Method: void readFully(byte[])
		IncompleteOperationError violating CrySL rule for javax.crypto.CipherInputStream (on Object #c45dba96a483e3e9ebfded9c6fc9988af7c1739a549f04c3576d99624449a7d1)
			Operation on object of type javax.crypto.CipherInputStream object not completed. Expected call to close
			at statement: virtualinvoke r0.<org.apache.commons.compress.archivers.zip.ZipArchiveInputStream: void count(int)>($i0)


	 in Method: int readDeflated(byte[],int,int)
		IncompleteOperationError violating CrySL rule for javax.crypto.CipherInputStream (on Object #c45dba96a483e3e9ebfded9c6fc9988af7c1739a549f04c3576d99624449a7d1)
			Operation on object of type javax.crypto.CipherInputStream object not completed. Expected call to close
			at statement: $i0 = specialinvoke r0.<org.apache.commons.compress.archivers.zip.ZipArchiveInputStream: int readFromInflater(byte[],int,int)>($r1, $i0, $i1)


	 in Method: void readStoredEntry()
		IncompleteOperationError violating CrySL rule for javax.crypto.CipherInputStream (on Object #c45dba96a483e3e9ebfded9c6fc9988af7c1739a549f04c3576d99624449a7d1)
			Operation on object of type javax.crypto.CipherInputStream object not completed. Expected call to close
			at statement: $z1 = specialinvoke r0.<org.apache.commons.compress.archivers.zip.ZipArchiveInputStream: boolean bufferContainsSignature(java.io.ByteArrayOutputStream,int,int,int)>($r1, $i1, $i2, $b0)

		IncompleteOperationError violating CrySL rule for javax.crypto.CipherInputStream (on Object #c45dba96a483e3e9ebfded9c6fc9988af7c1739a549f04c3576d99624449a7d1)
			Operation on object of type javax.crypto.CipherInputStream object not completed. Expected call to close
			at statement: $i1 = specialinvoke r0.<org.apache.commons.compress.archivers.zip.ZipArchiveInputStream: int cacheBytesRead(java.io.ByteArrayOutputStream,int,int,int)>($r1, $i1, $i2, $b0)


Findings in Java Class: org.apache.commons.compress.archivers.cpio.CpioArchiveInputStream

	 in Method: java.lang.String readCString(int)
		IncompleteOperationError violating CrySL rule for javax.crypto.CipherInputStream (on Object #c45dba96a483e3e9ebfded9c6fc9988af7c1739a549f04c3576d99624449a7d1)
			Operation on object of type javax.crypto.CipherInputStream object not completed. Expected call to java.io.InputStream: int read(byte[],int,int), javax.crypto.CipherInputStream: int read(), java.io.InputStream: int read(byte[]), java.io.FilterInputStream: int read(byte[],int,int), javax.crypto.CipherInputStream: int read(byte[]), java.io.InputStream: int read(), java.io.FilterInputStream: int read(byte[]), java.io.FilterInputStream: int read(), javax.crypto.CipherInputStream: int read(byte[],int,int)
			at statement: virtualinvoke $r3.<java.io.InputStream: int read()>()


	 in Method: int read(byte[],int,int)
		IncompleteOperationError violating CrySL rule for javax.crypto.CipherInputStream (on Object #c45dba96a483e3e9ebfded9c6fc9988af7c1739a549f04c3576d99624449a7d1)
			Operation on object of type javax.crypto.CipherInputStream object not completed. Expected call to close
			at statement: specialinvoke r0.<org.apache.commons.compress.archivers.cpio.CpioArchiveInputStream: void ensureOpen()>()

		IncompleteOperationError violating CrySL rule for javax.crypto.CipherInputStream (on Object #c45dba96a483e3e9ebfded9c6fc9988af7c1739a549f04c3576d99624449a7d1)
			Operation on object of type javax.crypto.CipherInputStream object not completed. Expected call to close
			at statement: $l3 = virtualinvoke r0.<org.apache.commons.compress.archivers.cpio.CpioArchiveInputStream: long getBytesRead()>()


	 in Method: int readFully(byte[],int,int)
		IncompleteOperationError violating CrySL rule for javax.crypto.CipherInputStream (on Object #c45dba96a483e3e9ebfded9c6fc9988af7c1739a549f04c3576d99624449a7d1)
			Operation on object of type javax.crypto.CipherInputStream object not completed. Expected call to close
			at statement: virtualinvoke r0.<org.apache.commons.compress.archivers.cpio.CpioArchiveInputStream: void count(int)>($i0)


Findings in Java Class: org.apache.commons.compress.compressors.lz77support.AbstractLZ77CompressorInputStream

	 in Method: void tryToReadLiteral(int)
		IncompleteOperationError violating CrySL rule for javax.crypto.CipherInputStream (on Object #c45dba96a483e3e9ebfded9c6fc9988af7c1739a549f04c3576d99624449a7d1)
			Operation on object of type javax.crypto.CipherInputStream object not completed. Expected call to close
			at statement: virtualinvoke r0.<org.apache.commons.compress.compressors.lz77support.AbstractLZ77CompressorInputStream: void count(int)>($i3)


Findings in Java Class: org.apache.commons.compress.compressors.snappy.SnappyCompressorInputStream

	 in Method: int readLiteralLength(int)
		IncompleteOperationError violating CrySL rule for javax.crypto.CipherInputStream (on Object #c45dba96a483e3e9ebfded9c6fc9988af7c1739a549f04c3576d99624449a7d1)
			Operation on object of type javax.crypto.CipherInputStream object not completed. Expected call to close
			at statement: $i2 = virtualinvoke r0.<org.apache.commons.compress.compressors.snappy.SnappyCompressorInputStream: int readOneByte()>()


	 in Method: void fill()
		IncompleteOperationError violating CrySL rule for javax.crypto.CipherInputStream (on Object #c45dba96a483e3e9ebfded9c6fc9988af7c1739a549f04c3576d99624449a7d1)
			Operation on object of type javax.crypto.CipherInputStream object not completed. Expected call to close
			at statement: $i3 = virtualinvoke r0.<org.apache.commons.compress.compressors.snappy.SnappyCompressorInputStream: int readOneByte()>()

		IncompleteOperationError violating CrySL rule for javax.crypto.CipherInputStream (on Object #c45dba96a483e3e9ebfded9c6fc9988af7c1739a549f04c3576d99624449a7d1)
			Operation on object of type javax.crypto.CipherInputStream object not completed. Expected call to close
			at statement: $i1 = virtualinvoke r0.<org.apache.commons.compress.compressors.snappy.SnappyCompressorInputStream: int readOneByte()>()


Findings in Java Class: org.apache.commons.compress.compressors.gzip.GzipCompressorInputStream

	 in Method: int read(byte[],int,int)
		IncompleteOperationError violating CrySL rule for javax.crypto.CipherInputStream (on Object #c45dba96a483e3e9ebfded9c6fc9988af7c1739a549f04c3576d99624449a7d1)
			Operation on object of type javax.crypto.CipherInputStream object not completed. Expected call to close
			at statement: $z0 = specialinvoke r0.<org.apache.commons.compress.compressors.gzip.GzipCompressorInputStream: boolean init(boolean)>(varReplacer11876)

		IncompleteOperationError violating CrySL rule for javax.crypto.CipherInputStream (on Object #c45dba96a483e3e9ebfded9c6fc9988af7c1739a549f04c3576d99624449a7d1)
			Operation on object of type javax.crypto.CipherInputStream object not completed. Expected call to close
			at statement: virtualinvoke r0.<org.apache.commons.compress.compressors.gzip.GzipCompressorInputStream: void count(int)>($i4)


Findings in Java Class: org.apache.commons.compress.compressors.snappy.FramedSnappyCompressorInputStream

	 in Method: void readStreamIdentifier()
		IncompleteOperationError violating CrySL rule for javax.crypto.CipherInputStream (on Object #c45dba96a483e3e9ebfded9c6fc9988af7c1739a549f04c3576d99624449a7d1)
			Operation on object of type javax.crypto.CipherInputStream object not completed. Expected call to close
			at statement: virtualinvoke r0.<org.apache.commons.compress.compressors.snappy.FramedSnappyCompressorInputStream: void count(int)>($i0)


	 in Method: long readCrc()
		IncompleteOperationError violating CrySL rule for javax.crypto.CipherInputStream (on Object #c45dba96a483e3e9ebfded9c6fc9988af7c1739a549f04c3576d99624449a7d1)
			Operation on object of type javax.crypto.CipherInputStream object not completed. Expected call to close
			at statement: virtualinvoke r0.<org.apache.commons.compress.compressors.snappy.FramedSnappyCompressorInputStream: void count(int)>($i0)


	 in Method: void skipBlock()
		IncompleteOperationError violating CrySL rule for javax.crypto.CipherInputStream (on Object #c45dba96a483e3e9ebfded9c6fc9988af7c1739a549f04c3576d99624449a7d1)
			Operation on object of type javax.crypto.CipherInputStream object not completed. Expected call to close
			at statement: virtualinvoke r0.<org.apache.commons.compress.compressors.snappy.FramedSnappyCompressorInputStream: void count(long)>($l3)


	 in Method: void readNextBlock()
		IncompleteOperationError violating CrySL rule for javax.crypto.CipherInputStream (on Object #c45dba96a483e3e9ebfded9c6fc9988af7c1739a549f04c3576d99624449a7d1)
			Operation on object of type javax.crypto.CipherInputStream object not completed. Expected call to close
			at statement: $i0 = specialinvoke r0.<org.apache.commons.compress.compressors.snappy.FramedSnappyCompressorInputStream: int readOneByte()>()


Findings in Java Class: org.apache.commons.compress.compressors.lz4.BlockLZ4CompressorInputStream

	 in Method: long readSizeBytes()
		IncompleteOperationError violating CrySL rule for javax.crypto.CipherInputStream (on Object #c45dba96a483e3e9ebfded9c6fc9988af7c1739a549f04c3576d99624449a7d1)
			Operation on object of type javax.crypto.CipherInputStream object not completed. Expected call to close
			at statement: $i0 = virtualinvoke r0.<org.apache.commons.compress.compressors.lz4.BlockLZ4CompressorInputStream: int readOneByte()>()


	 in Method: void readSizes()
		IncompleteOperationError violating CrySL rule for javax.crypto.CipherInputStream (on Object #c45dba96a483e3e9ebfded9c6fc9988af7c1739a549f04c3576d99624449a7d1)
			Operation on object of type javax.crypto.CipherInputStream object not completed. Expected call to close
			at statement: $i1 = virtualinvoke r0.<org.apache.commons.compress.compressors.lz4.BlockLZ4CompressorInputStream: int readOneByte()>()


Findings in Java Class: org.apache.commons.compress.archivers.sevenz.AES256SHA256Decoder$1

	 in Method: javax.crypto.CipherInputStream init()
		RequiredPredicateError violating CrySL rule for javax.crypto.Cipher
			Second parameter was not properly generated as generatedKey
			at statement: virtualinvoke $r8.<javax.crypto.Cipher: void init(int,java.security.Key,java.security.spec.AlgorithmParameterSpec)>(varReplacer15244, $r7, $r9)

		TypestateError violating CrySL rule for java.security.MessageDigest (on Object #6c95176623f93872c3e680d26c56448dc33d365a4c4621fa81feac386d33794a)
			Unexpected call to method <java.security.MessageDigest: byte[] digest()> on object of type java.security.MessageDigest. Expect a call to one of the following methods java.security.MessageDigest: void update(byte[],int,int),java.security.MessageDigest: void update(java.nio.ByteBuffer),java.security.MessageDigest: byte[] digest(byte[]),java.security.MessageDigest: void update(byte),java.security.MessageDigest: void update(byte[])
			at statement: $r4 = virtualinvoke $r5.<java.security.MessageDigest: byte[] digest()>()

		RequiredPredicateError violating CrySL rule for javax.crypto.spec.SecretKeySpec
			First parameter was not properly generated as preparedKeyMaterial
			at statement: specialinvoke $r7.<javax.crypto.spec.SecretKeySpec: void <init>(byte[],java.lang.String)>($r4, varReplacer15255)

		NeverTypeOfError violating CrySL rule for javax.crypto.spec.SecretKeySpec (on Object #96dbb7d76a0f5fc39769872d4ac5aa87f6181e27f43f4b613e97c69785c18e16)
			First parameter should never be of type java.lang.String.
			at statement: specialinvoke $r7.<javax.crypto.spec.SecretKeySpec: void <init>(byte[],java.lang.String)>($r4, varReplacer15255)

		RequiredPredicateError violating CrySL rule for javax.crypto.spec.IvParameterSpec
			First parameter was not properly generated as randomized
			at statement: specialinvoke $r9.<javax.crypto.spec.IvParameterSpec: void <init>(byte[])>($r2)

		ConstraintError violating CrySL rule for javax.crypto.Cipher (on Object #d9253352acd0f0358a7a8ca58d99d309084cb0a1c06c84fd317519d74e0b9e18)
			First parameter (with value "AES/CBC/NoPadding") should be any of AES/CBC/{PKCS5Padding, ISO10126Padding}
			at statement: $r8 = staticinvoke <javax.crypto.Cipher: javax.crypto.Cipher getInstance(java.lang.String)>(varReplacer15249)

		NeverTypeOfError violating CrySL rule for javax.crypto.spec.SecretKeySpec (on Object #96dbb7d76a0f5fc39769872d4ac5aa87f6181e27f43f4b613e97c69785c18e16)
			First parameter should never be of type java.lang.String.
			at statement: specialinvoke $r7.<javax.crypto.spec.SecretKeySpec: void <init>(byte[],java.lang.String)>($r4, varReplacer15255)


Findings in Java Class: okhttp3.internal.platform.AndroidPlatform

	 in Method: javax.net.ssl.SSLContext getSSLContext()
		ConstraintError violating CrySL rule for javax.net.ssl.SSLContext (on Object #cda8275f249cbf53032a6d0860c9b28d24e04e7b7db81e5631683b2f73cf567e)
			First parameter (with value "TLS") should be any of {TLSv1.2, TLSv1.3}
			at statement: $r3 = staticinvoke <javax.net.ssl.SSLContext: javax.net.ssl.SSLContext getInstance(java.lang.String)>(varReplacer24929)


Findings in Java Class: okhttp3.internal.platform.Platform

	 in Method: javax.net.ssl.SSLContext getSSLContext()
		ConstraintError violating CrySL rule for javax.net.ssl.SSLContext (on Object #708739c70bd591297aaf82e6b29bd62743c51fd2372d2c3b5353925c2678f1c0)
			First parameter (with value "TLS") should be any of {TLSv1.2, TLSv1.3}
			at statement: $r2 = staticinvoke <javax.net.ssl.SSLContext: javax.net.ssl.SSLContext getInstance(java.lang.String)>(varReplacer24931)


Findings in Java Class: okhttp3.internal.platform.ConscryptPlatform

	 in Method: javax.net.ssl.SSLContext getSSLContext()
		ConstraintError violating CrySL rule for javax.net.ssl.SSLContext (on Object #4f2591e44d0119d822f2073a03433eb1e06bb91a746fac239fa9830b8c7be2fe)
			First parameter (with value "TLS") should be any of {TLSv1.2, TLSv1.3}
			at statement: $r3 = staticinvoke <javax.net.ssl.SSLContext: javax.net.ssl.SSLContext getInstance(java.lang.String,java.security.Provider)>(varReplacer24934, $r2)


Findings in Java Class: okio.ByteString

	 in Method: okio.ByteString digest(java.lang.String)
		ConstraintError violating CrySL rule for java.security.MessageDigest (on Object #b336d574501b28a5bd90db22472c23a68acb0c1b99c4f14746fdc2a23c69a24e)
			First parameter (with value "SHA-1") should be any of {SHA-256, SHA-384, SHA-512}
			at statement: $r2 = staticinvoke <java.security.MessageDigest: java.security.MessageDigest getInstance(java.lang.String)>($r1)

		ConstraintError violating CrySL rule for java.security.MessageDigest (on Object #b336d574501b28a5bd90db22472c23a68acb0c1b99c4f14746fdc2a23c69a24e)
			First parameter (with value "MD5") should be any of {SHA-256, SHA-384, SHA-512}
			at statement: $r2 = staticinvoke <java.security.MessageDigest: java.security.MessageDigest getInstance(java.lang.String)>($r1)


Findings in Java Class: okhttp3.Cache$Entry

	 in Method: java.util.List readCertificateList(okio.BufferedSource)
		IncompleteOperationError violating CrySL rule for java.security.cert.CertificateFactory (on Object #cbbdd29d664196f4ba5cce2b7e049c025e3e649101b392f8dc609614f541d46f)
			Operation on object of type java.security.cert.CertificateFactory object not completed. Expected call to generateCertificate, generateCertPath, generateCRL
			at statement: $r5 = staticinvoke <java.security.cert.CertificateFactory: java.security.cert.CertificateFactory getInstance(java.lang.String)>(varReplacer31152)

		TypestateError violating CrySL rule for java.security.cert.CertificateFactory (on Object #cbbdd29d664196f4ba5cce2b7e049c025e3e649101b392f8dc609614f541d46f)
			Unexpected call to method generateCertificate on object of type java.security.cert.CertificateFactory. Expect a call to one of the following methods generateCRL
			at statement: $r9 = virtualinvoke $r5.<java.security.cert.CertificateFactory: java.security.cert.Certificate generateCertificate(java.io.InputStream)>($r8)

		IncompleteOperationError violating CrySL rule for java.security.cert.CertificateFactory (on Object #cbbdd29d664196f4ba5cce2b7e049c025e3e649101b392f8dc609614f541d46f)
			Operation on object of type java.security.cert.CertificateFactory object not completed. Expected call to generateCertPath, generateCRL, java.security.cert.CertificateFactory: java.security.cert.Certificate generateCertificate(java.io.InputStream)
			at statement: $r9 = virtualinvoke $r5.<java.security.cert.CertificateFactory: java.security.cert.Certificate generateCertificate(java.io.InputStream)>($r8)


Findings in Java Class: okhttp3.OkHttpClient

	 in Method: javax.net.ssl.SSLSocketFactory newSslSocketFactory(javax.net.ssl.X509TrustManager)
		RequiredPredicateError violating CrySL rule for javax.net.ssl.SSLContext
			Second parameter was not properly generated as generatedTrustManagers
			at statement: virtualinvoke $r2.<javax.net.ssl.SSLContext: void init(javax.net.ssl.KeyManager[],javax.net.ssl.TrustManager[],java.security.SecureRandom)>(varReplacer22368, $r7, varReplacer22368)

		RequiredPredicateError violating CrySL rule for javax.net.ssl.SSLContext
			Third parameter was not properly generated as randomized
			at statement: virtualinvoke $r2.<javax.net.ssl.SSLContext: void init(javax.net.ssl.KeyManager[],javax.net.ssl.TrustManager[],java.security.SecureRandom)>(varReplacer22368, $r7, varReplacer22368)

		RequiredPredicateError violating CrySL rule for javax.net.ssl.SSLContext
			First parameter was not properly generated as generatedKeyManagers
			at statement: virtualinvoke $r2.<javax.net.ssl.SSLContext: void init(javax.net.ssl.KeyManager[],javax.net.ssl.TrustManager[],java.security.SecureRandom)>(varReplacer22368, $r7, varReplacer22368)


Findings in Java Class: okhttp3.internal.Util

	 in Method: javax.net.ssl.X509TrustManager platformTrustManager()
		RequiredPredicateError violating CrySL rule for javax.net.ssl.TrustManagerFactory
			First parameter was not properly generated as generatedKeyStore
			at statement: virtualinvoke $r1.<javax.net.ssl.TrustManagerFactory: void init(java.security.KeyStore)>(varReplacer22372)


======================= CryptoAnalysis Summary ==========================
	Number of CrySL rules: 49
	Number of Objects Analyzed: 17

	CryptoAnalysis found the following violations. For details see description above.
	TypestateError: 2
	ConstraintError: 6
	NeverTypeOfError: 2
	IncompleteOperationError: 30
	RequiredPredicateError: 7
=====================================================================
