0    [main] WARN  pes.access.impl.DeclaredTypeFactory  - --- xtext.common.types ---------------------------------------------------
1    [main] WARN  pes.access.impl.DeclaredTypeFactory  - ASM library is too old. Falling back to java.lang.reflect API.
1    [main] WARN  pes.access.impl.DeclaredTypeFactory  - Please note that no information about compile time constants is available.
1    [main] WARN  pes.access.impl.DeclaredTypeFactory  - It's recommended to use org.objectweb.asm 9.1.0 or better (Maven group id: org.ow2.asm).
1    [main] WARN  pes.access.impl.DeclaredTypeFactory  - --------------------------------------------------------------------------
Ruleset: 
	java.security.cert.TrustAnchor
	javax.crypto.spec.GCMParameterSpec
	javax.xml.crypto.dsig.spec.HMACParameterSpec
	java.security.KeyPair
	java.security.DigestOutputStream
	javax.net.ssl.KeyStoreBuilderParameters
	javax.crypto.spec.OAEPParameterSpec
	javax.net.ssl.SSLContext
	javax.crypto.spec.DHGenParameterSpec
	javax.crypto.CipherOutputStream
	java.security.Key
	javax.crypto.SecretKeyFactory
	java.security.cert.PKIXBuilderParameters
	java.security.KeyFactory
	javax.crypto.spec.PBEKeySpec
	java.security.spec.DSAGenParameterSpec
	java.security.KeyPairGenerator
	javax.crypto.CipherInputStream
	javax.net.ssl.CertPathTrustManagerParameters
	java.security.cert.CertificateFactory
	java.security.SecureRandom
	java.security.spec.MGF1ParameterSpec
	javax.net.ssl.SSLEngine
	javax.crypto.spec.DHParameterSpec
	java.security.spec.DSAParameterSpec
	java.security.spec.ECParameterSpec
	java.security.spec.RSAKeyGenParameterSpec
	javax.crypto.spec.IvParameterSpec
	javax.crypto.Cipher
	javax.crypto.spec.PBEParameterSpec
	java.security.AlgorithmParameterGenerator
	java.security.spec.X509EncodedKeySpec
	javax.net.ssl.TrustManagerFactory
	java.security.DigestInputStream
	void
	javax.net.ssl.KeyManagerFactory
	java.security.cert.PKIXParameters
	java.net.PasswordAuthentication
	java.security.AlgorithmParameters
	javax.crypto.KeyAgreement
	javax.crypto.spec.SecretKeySpec
	javax.net.ssl.SSLParameters
	java.security.MessageDigest
	javax.crypto.SecretKey
	javax.crypto.KeyGenerator
	java.security.KeyStore
	javax.crypto.Mac
	java.security.spec.ECGenParameterSpec
	java.security.Signature

Analyzed Objects: 
	Object:
		Variable: $r2
		Type: byte[]
		Statement: $r2 = virtualinvoke $r1.<java.security.MessageDigest: byte[] digest()>()
		Method: <com.google.common.hash.MessageDigestHashFunction$MessageDigestHasher: com.google.common.hash.HashCode hash()>
		SHA-256: b224f5282192a2c7331d78a8bf3747030318d37863a6045610a9b207c94f35af
		Secure: false
	Object:
		Variable: $r2
		Type: byte[]
		Statement: $r2 = virtualinvoke $r1.<java.security.MessageDigest: byte[] digest()>()
		Method: <com.google.common.hash.MessageDigestHashFunction$MessageDigestHasher: com.google.common.hash.HashCode hash()>
		SHA-256: b224f5282192a2c7331d78a8bf3747030318d37863a6045610a9b207c94f35af
		Secure: false
	Object:
		Variable: $r2
		Type: java.security.SecureRandom
		Statement: specialinvoke $r2.<java.security.SecureRandom: void <init>()>()
		Method: <tranquvis.simplesmsremote.Data.GrantModuleSettingsData: java.lang.String generatePassword()>
		SHA-256: 5ada1c3c2a0fa286d2a6738e688b374f9ea66a682c36232e90d30700c68f1130
		Secure: true
	Object:
		Variable: $r1
		Type: java.security.MessageDigest
		Statement: $r1 = staticinvoke <java.security.MessageDigest: java.security.MessageDigest getInstance(java.lang.String)>($r2)
		Method: <com.google.common.hash.MessageDigestHashFunction: java.security.MessageDigest getMessageDigest(java.lang.String)>
		SHA-256: f4e887286d0504cb5722b1da9a4eac06d6ea434977af7216dbf1f6217c285838
		Secure: false
	Object:
		Variable: $i1
		Type: int
		Statement: $i1 = virtualinvoke $r2.<java.security.SecureRandom: int nextInt(int)>(varReplacer627)
		Method: <tranquvis.simplesmsremote.Data.GrantModuleSettingsData: java.lang.String generatePassword()>
		SHA-256: 4b18a4af4de136a101ec02588d4ab7c25346ff8e92ecb37afe33f2fb98cbc586
		Secure: true

Findings in Java Class: com.google.common.hash.MessageDigestHashFunction$MessageDigestHasher

	 in Method: void update(byte[],int,int)
		ConstraintError violating CrySL rule for java.security.MessageDigest (on Object #f4e887286d0504cb5722b1da9a4eac06d6ea434977af7216dbf1f6217c285838)
			Second parameter (with value -1)Variable preOffsetmust be  at least 0
			at statement: virtualinvoke $r2.<java.security.MessageDigest: void update(byte[],int,int)>($r1, $i0, $i1)

		ConstraintError violating CrySL rule for java.security.MessageDigest (on Object #f4e887286d0504cb5722b1da9a4eac06d6ea434977af7216dbf1f6217c285838)
			Third parameter (with value 0)Variable preLenmust be  greater than 0
			at statement: virtualinvoke $r2.<java.security.MessageDigest: void update(byte[],int,int)>($r1, $i0, $i1)


	 in Method: com.google.common.hash.HashCode hash()
		TypestateError violating CrySL rule for java.security.MessageDigest (on Object #f4e887286d0504cb5722b1da9a4eac06d6ea434977af7216dbf1f6217c285838)
			Unexpected call to method <java.security.MessageDigest: byte[] digest()> on object of type java.security.MessageDigest. Expect a call to one of the following methods java.security.MessageDigest: void update(byte[],int,int),java.security.MessageDigest: void update(java.nio.ByteBuffer),java.security.MessageDigest: byte[] digest(byte[]),java.security.MessageDigest: void update(byte[]),java.security.MessageDigest: void update(byte)
			at statement: $r2 = virtualinvoke $r1.<java.security.MessageDigest: byte[] digest()>()

		TypestateError violating CrySL rule for java.security.MessageDigest (on Object #f4e887286d0504cb5722b1da9a4eac06d6ea434977af7216dbf1f6217c285838)
			Unexpected call to method <java.security.MessageDigest: byte[] digest()> on object of type java.security.MessageDigest. Expect a call to one of the following methods java.security.MessageDigest: void update(byte[],int,int),java.security.MessageDigest: void update(java.nio.ByteBuffer),java.security.MessageDigest: byte[] digest(byte[]),java.security.MessageDigest: void update(byte[]),java.security.MessageDigest: void update(byte)
			at statement: $r2 = virtualinvoke $r1.<java.security.MessageDigest: byte[] digest()>()


Findings in Java Class: com.google.common.hash.AbstractCompositeHashFunction

	 in Method: com.google.common.hash.Hasher newHasher()
		IncompleteOperationError violating CrySL rule for java.security.MessageDigest (on Object #f4e887286d0504cb5722b1da9a4eac06d6ea434977af7216dbf1f6217c285838)
			Operation on object of type java.security.MessageDigest object not completed. Expected call to digest, update
			at statement: specialinvoke $r5.<com.google.common.hash.AbstractCompositeHashFunction$1: void <init>(com.google.common.hash.AbstractCompositeHashFunction,com.google.common.hash.Hasher[])>(r0, $r1)


Findings in Java Class: com.google.common.hash.AbstractStreamingHashFunction

	 in Method: com.google.common.hash.HashCode hashObject(java.lang.Object,com.google.common.hash.Funnel)
		IncompleteOperationError violating CrySL rule for java.security.MessageDigest (on Object #f4e887286d0504cb5722b1da9a4eac06d6ea434977af7216dbf1f6217c285838)
			Operation on object of type java.security.MessageDigest object not completed. Expected call to digest, update
			at statement: $r4 = interfaceinvoke $r3.<com.google.common.hash.Hasher: com.google.common.hash.HashCode hash()>()


======================= CryptoAnalysis Summary ==========================
	Number of CrySL rules: 49
	Number of Objects Analyzed: 5

	CryptoAnalysis found the following violations. For details see description above.
	IncompleteOperationError: 2
	TypestateError: 2
	ConstraintError: 2
=====================================================================
