0    [main] WARN  pes.access.impl.DeclaredTypeFactory  - --- xtext.common.types ---------------------------------------------------
0    [main] WARN  pes.access.impl.DeclaredTypeFactory  - ASM library is too old. Falling back to java.lang.reflect API.
0    [main] WARN  pes.access.impl.DeclaredTypeFactory  - Please note that no information about compile time constants is available.
0    [main] WARN  pes.access.impl.DeclaredTypeFactory  - It's recommended to use org.objectweb.asm 9.1.0 or better (Maven group id: org.ow2.asm).
0    [main] WARN  pes.access.impl.DeclaredTypeFactory  - --------------------------------------------------------------------------
Ruleset: 
	java.security.cert.TrustAnchor
	javax.crypto.spec.GCMParameterSpec
	javax.xml.crypto.dsig.spec.HMACParameterSpec
	java.security.KeyPair
	java.security.DigestOutputStream
	javax.net.ssl.KeyStoreBuilderParameters
	javax.crypto.spec.OAEPParameterSpec
	javax.net.ssl.SSLContext
	javax.crypto.spec.DHGenParameterSpec
	javax.crypto.CipherOutputStream
	java.security.Key
	javax.crypto.SecretKeyFactory
	java.security.cert.PKIXBuilderParameters
	java.security.KeyFactory
	javax.crypto.spec.PBEKeySpec
	java.security.spec.DSAGenParameterSpec
	java.security.KeyPairGenerator
	javax.crypto.CipherInputStream
	javax.net.ssl.CertPathTrustManagerParameters
	java.security.cert.CertificateFactory
	java.security.SecureRandom
	java.security.spec.MGF1ParameterSpec
	javax.net.ssl.SSLEngine
	javax.crypto.spec.DHParameterSpec
	java.security.spec.DSAParameterSpec
	java.security.spec.ECParameterSpec
	java.security.spec.RSAKeyGenParameterSpec
	javax.crypto.spec.IvParameterSpec
	javax.crypto.Cipher
	javax.crypto.spec.PBEParameterSpec
	java.security.AlgorithmParameterGenerator
	java.security.spec.X509EncodedKeySpec
	javax.net.ssl.TrustManagerFactory
	java.security.DigestInputStream
	void
	javax.net.ssl.KeyManagerFactory
	java.security.cert.PKIXParameters
	java.net.PasswordAuthentication
	java.security.AlgorithmParameters
	javax.crypto.KeyAgreement
	javax.crypto.spec.SecretKeySpec
	javax.net.ssl.SSLParameters
	java.security.MessageDigest
	javax.crypto.SecretKey
	javax.crypto.KeyGenerator
	java.security.KeyStore
	javax.crypto.Mac
	java.security.spec.ECGenParameterSpec
	java.security.Signature

Analyzed Objects: 
	Object:
		Variable: $r5
		Type: javax.crypto.Mac
		Statement: $r5 = staticinvoke <javax.crypto.Mac: javax.crypto.Mac getInstance(java.lang.String)>(varReplacer13042)
		Method: <uk.co.bitethebullet.android.token.tokens.HotpToken: byte[] hmacSha(byte[],byte[])>
		SHA-256: 6b4c35cd308215d3f9f7e97848305c52f4b5a532d18f047a6d16271f40365d27
		Secure: false
	Object:
		Variable: $r12
		Type: byte[]
		Statement: $r22 = virtualinvoke $r21.<java.security.MessageDigest: byte[] digest(byte[])>($r12)
		Method: <uk.co.bitethebullet.android.token.TokenAdd$6: void onClick(android.view.View)>
		SHA-256: 7d3ec23374f4f43a84246816a865ba3289cc31136c6050b4dce0fe43052e3048
		Secure: false
	Object:
		Variable: $r6
		Type: java.security.MessageDigest
		Statement: $r6 = staticinvoke <java.security.MessageDigest: java.security.MessageDigest getInstance(java.lang.String)>(varReplacer8059)
		Method: <uk.co.bitethebullet.android.token.tokens.HotpToken: java.lang.String generateNewSeed(int)>
		SHA-256: 63e6e6bd02e9ce3a8f4e5a58b0879f59e03314cd1b0430dbc7dccb0c1906dafd
		Secure: false
	Object:
		Variable: varReplacer13041
		Type: java.lang.String
		Statement: specialinvoke $r1.<javax.crypto.spec.SecretKeySpec: void <init>(byte[],java.lang.String)>($r3, varReplacer13041)
		Method: <uk.co.bitethebullet.android.token.tokens.HotpToken: byte[] hmacSha(byte[],byte[])>
		SHA-256: 4efdd976dd73d5fe7d37efaefed7a0595c2d90f28fbbcb82036daf078e76f79d
		Secure: false
	Object:
		Variable: $r21
		Type: java.security.MessageDigest
		Statement: $r21 = staticinvoke <java.security.MessageDigest: java.security.MessageDigest getInstance(java.lang.String)>(varReplacer7989)
		Method: <uk.co.bitethebullet.android.token.TokenAdd$6: void onClick(android.view.View)>
		SHA-256: a6ef0796668599d33071ff5c81139a30f5ab9d3665b80c51c91d93b135fdd2f2
		Secure: false
	Object:
		Variable: $r12
		Type: byte[]
		Statement: $r12 = virtualinvoke $r21.<java.security.MessageDigest: byte[] digest(byte[])>($r12)
		Method: <uk.co.bitethebullet.android.token.TokenAdd$6: void onClick(android.view.View)>
		SHA-256: 6205a3d821bab6ce3abf5ea532dbfe52eff57fb2dee6b55a7f77baa9890849ac
		Secure: false
	Object:
		Variable: $r4
		Type: byte[]
		Statement: $r3 = virtualinvoke $r5.<javax.crypto.Mac: byte[] doFinal(byte[])>($r4)
		Method: <uk.co.bitethebullet.android.token.tokens.HotpToken: byte[] hmacSha(byte[],byte[])>
		SHA-256: a032c343d51247903375d442a38cea348893cb060bc81431fb0b31befeaf3e20
		Secure: false
	Object:
		Variable: $r3
		Type: byte[]
		Statement: $r3 = virtualinvoke $r5.<javax.crypto.Mac: byte[] doFinal(byte[])>($r4)
		Method: <uk.co.bitethebullet.android.token.tokens.HotpToken: byte[] hmacSha(byte[],byte[])>
		SHA-256: 82231fa5adf0ea2649ff7b62b989da4b7716d127197c980670ee53b7a9b731f2
		Secure: false
	Object:
		Variable: $r6
		Type: java.security.MessageDigest
		Statement: $r6 = staticinvoke <java.security.MessageDigest: java.security.MessageDigest getInstance(java.lang.String)>(varReplacer8062)
		Method: <uk.co.bitethebullet.android.token.tokens.HotpToken: java.lang.String generateNewSeed(int)>
		SHA-256: cee49b807f94e80fb432df60f761aebb6c9adb1695d8924d91e604b5c5be9329
		Secure: false
	Object:
		Variable: $r22
		Type: byte[]
		Statement: $r22 = virtualinvoke $r21.<java.security.MessageDigest: byte[] digest(byte[])>($r12)
		Method: <uk.co.bitethebullet.android.token.TokenAdd$6: void onClick(android.view.View)>
		SHA-256: a3cb64a6cf31b8149b9e30c93ee342a024efc67c5d91c2108a3fe6c690bbc185
		Secure: false
	Object:
		Variable: $r5
		Type: byte[]
		Statement: $r5 = virtualinvoke $r6.<java.security.MessageDigest: byte[] digest()>()
		Method: <uk.co.bitethebullet.android.token.tokens.HotpToken: java.lang.String generateNewSeed(int)>
		SHA-256: 5e68c5b0359062991db61822bc55fd4a6b14bb7b0190194251a274ccbdc3f575
		Secure: false
	Object:
		Variable: $r5
		Type: javax.crypto.Mac
		Statement: $r5 = staticinvoke <javax.crypto.Mac: javax.crypto.Mac getInstance(java.lang.String)>(varReplacer13040)
		Method: <uk.co.bitethebullet.android.token.tokens.HotpToken: byte[] hmacSha(byte[],byte[])>
		SHA-256: b011c97a94549dbd576f9aa104717fc4346e4a3f04cd95361497b84366b0c7bb
		Secure: false
	Object:
		Variable: $r1
		Type: javax.crypto.spec.SecretKeySpec
		Statement: specialinvoke $r1.<javax.crypto.spec.SecretKeySpec: void <init>(byte[],java.lang.String)>($r3, varReplacer13041)
		Method: <uk.co.bitethebullet.android.token.tokens.HotpToken: byte[] hmacSha(byte[],byte[])>
		SHA-256: b3fddcd01489d0cf44d9ca1dcf7ada647ef2fef1b01926936bc6160c7404fd5f
		Secure: false

Findings in Java Class: uk.co.bitethebullet.android.token.TokenAdd$6

	 in Method: void onClick(android.view.View)
		ConstraintError violating CrySL rule for java.security.MessageDigest (on Object #a6ef0796668599d33071ff5c81139a30f5ab9d3665b80c51c91d93b135fdd2f2)
			First parameter (with value "SHA1") should be any of {SHA-256, SHA-384, SHA-512}
			at statement: $r21 = staticinvoke <java.security.MessageDigest: java.security.MessageDigest getInstance(java.lang.String)>(varReplacer7989)


Findings in Java Class: uk.co.bitethebullet.android.token.tokens.HotpToken

	 in Method: java.lang.String generateNewSeed(int)
		ConstraintError violating CrySL rule for java.security.MessageDigest (on Object #63e6e6bd02e9ce3a8f4e5a58b0879f59e03314cd1b0430dbc7dccb0c1906dafd)
			First parameter (with value "MD5") should be any of {SHA-256, SHA-384, SHA-512}
			at statement: $r6 = staticinvoke <java.security.MessageDigest: java.security.MessageDigest getInstance(java.lang.String)>(varReplacer8059)

		ConstraintError violating CrySL rule for java.security.MessageDigest (on Object #cee49b807f94e80fb432df60f761aebb6c9adb1695d8924d91e604b5c5be9329)
			First parameter (with value "SHA1") should be any of {SHA-256, SHA-384, SHA-512}
			at statement: $r6 = staticinvoke <java.security.MessageDigest: java.security.MessageDigest getInstance(java.lang.String)>(varReplacer8062)


	 in Method: byte[] hmacSha(byte[],byte[])
		ConstraintError violating CrySL rule for javax.crypto.Mac (on Object #b011c97a94549dbd576f9aa104717fc4346e4a3f04cd95361497b84366b0c7bb)
			First parameter (with value "HMAC-SHA-1") should be any of {HmacSHA256, HmacSHA384, HmacSHA512, HmacPBESHA1, PBEWithHmacSHA1, PBEWithHmacSHA224, PBEWithHmacSHA256, PBEWithHmacSHA384, PBEWithHmacSHA512}
			at statement: $r5 = staticinvoke <javax.crypto.Mac: javax.crypto.Mac getInstance(java.lang.String)>(varReplacer13040)

		ConstraintError violating CrySL rule for javax.crypto.spec.SecretKeySpec (on Object #b3fddcd01489d0cf44d9ca1dcf7ada647ef2fef1b01926936bc6160c7404fd5f)
			Second parameter (with value "RAW") should be any of {AES, HmacSHA256, HmacSHA384, HmacSHA512}
			at statement: specialinvoke $r1.<javax.crypto.spec.SecretKeySpec: void <init>(byte[],java.lang.String)>($r3, varReplacer13041)

		RequiredPredicateError violating CrySL rule for javax.crypto.spec.SecretKeySpec
			First parameter was not properly generated as preparedKeyMaterial
			at statement: specialinvoke $r1.<javax.crypto.spec.SecretKeySpec: void <init>(byte[],java.lang.String)>($r3, varReplacer13041)

		ConstraintError violating CrySL rule for javax.crypto.Mac (on Object #6b4c35cd308215d3f9f7e97848305c52f4b5a532d18f047a6d16271f40365d27)
			First parameter (with value "HmacSHA1") should be any of {HmacSHA256, HmacSHA384, HmacSHA512, HmacPBESHA1, PBEWithHmacSHA1, PBEWithHmacSHA224, PBEWithHmacSHA256, PBEWithHmacSHA384, PBEWithHmacSHA512}
			at statement: $r5 = staticinvoke <javax.crypto.Mac: javax.crypto.Mac getInstance(java.lang.String)>(varReplacer13042)

		RequiredPredicateError violating CrySL rule for javax.crypto.Mac
			First parameter was not properly generated as generatedKey
			at statement: virtualinvoke $r5.<javax.crypto.Mac: void init(java.security.Key)>($r1)


======================= CryptoAnalysis Summary ==========================
	Number of CrySL rules: 49
	Number of Objects Analyzed: 13

	CryptoAnalysis found the following violations. For details see description above.
	ConstraintError: 6
	RequiredPredicateError: 2
=====================================================================
